<?xml version="1.0" encoding="utf-8"?>
<TestRun id="610e01bd-1099-4737-81a6-6949b256285d" name="mario.nzr@WORKSTATION 2019-11-07 10:02:33" runUser="WORKSTATION\mario.nzr" xmlns="http://microsoft.com/schemas/VisualStudio/TeamTest/2010">
  <Times creation="2019-11-07T10:02:33.9124945-03:00" queuing="2019-11-07T10:02:33.9124961-03:00" start="2019-11-07T10:02:19.9514099-03:00" finish="2019-11-07T10:02:34.5825329-03:00" />
  <TestSettings name="default" id="cacd64b5-2a78-4fa2-b959-ed27506b29f9">
    <Deployment runDeploymentRoot="mario.nzr_WORKSTATION_2019-11-07_10_02_33" />
  </TestSettings>
  <Results>
    <UnitTestResult executionId="20a24ff4-dfc6-4b90-bf92-ac90fd65a1b1" testId="dac9dc92-a823-6cea-bf4c-1b3253c3dca3" testName="Nzr.ToolBox.Core.Tests.StringUtilsTest.Remove_WithNullString_ShouldReturnNull" computerName="WORKSTATION" duration="00:00:00.0020000" startTime="2019-11-07T10:02:33.8789973-03:00" endTime="2019-11-07T10:02:33.8789976-03:00" testType="13cdc9d9-ddb5-4fa4-a97d-d965ccfc6d4b" outcome="Passed" testListId="8c84fa94-04c1-424b-9868-57a2d4851a1d" relativeResultsDirectory="20a24ff4-dfc6-4b90-bf92-ac90fd65a1b1" />
    <UnitTestResult executionId="1a85defe-e8e2-4663-b6fb-7f991671953f" testId="2e474251-5f54-ef3f-b13d-35076f43dc38" testName="Nzr.ToolBox.Core.Tests.CollectionUtilsTests.Add_WithNullCollectionSourceAndListAsArgument_ShouldNotAddAllElements" computerName="WORKSTATION" duration="00:00:00.0010000" startTime="2019-11-07T10:02:33.9142680-03:00" endTime="2019-11-07T10:02:33.9142683-03:00" testType="13cdc9d9-ddb5-4fa4-a97d-d965ccfc6d4b" outcome="Passed" testListId="8c84fa94-04c1-424b-9868-57a2d4851a1d" relativeResultsDirectory="1a85defe-e8e2-4663-b6fb-7f991671953f" />
    <UnitTestResult executionId="cab1609c-c923-4c03-b842-35cd3725b01b" testId="dbff4c7a-b8c7-3550-f81a-813f19773541" testName="Nzr.ToolBox.Core.Tests.StringUtilsTest.IsNotBlank_WithBlankString_ShouldReturnFalse" computerName="WORKSTATION" duration="00:00:00.0010000" startTime="2019-11-07T10:02:33.9627143-03:00" endTime="2019-11-07T10:02:33.9627146-03:00" testType="13cdc9d9-ddb5-4fa4-a97d-d965ccfc6d4b" outcome="Passed" testListId="8c84fa94-04c1-424b-9868-57a2d4851a1d" relativeResultsDirectory="cab1609c-c923-4c03-b842-35cd3725b01b" />
    <UnitTestResult executionId="1a95a21e-cd55-4109-ba50-f6b17d7a124f" testId="f17c6f13-62c6-75d6-4586-0ee5d254add5" testName="Nzr.ToolBox.Core.Tests.StringUtilsTest.IsAnyEmpty_WithOneNullStrings_ShouldReturnTrue" computerName="WORKSTATION" duration="00:00:00.0010000" startTime="2019-11-07T10:02:33.9621602-03:00" endTime="2019-11-07T10:02:33.9621606-03:00" testType="13cdc9d9-ddb5-4fa4-a97d-d965ccfc6d4b" outcome="Passed" testListId="8c84fa94-04c1-424b-9868-57a2d4851a1d" relativeResultsDirectory="1a95a21e-cd55-4109-ba50-f6b17d7a124f" />
    <UnitTestResult executionId="0e3744cc-066e-41b0-8055-737c8fbb5f16" testId="7bbc11f3-00e0-acc2-4df2-e8e0d97bb209" testName="Nzr.ToolBox.Core.Tests.CollectionUtilsTests.Get_WithGenericEnumerableWithExistingIndex_ShouldReturnValue" computerName="WORKSTATION" duration="00:00:00.0010000" startTime="2019-11-07T10:02:33.9761431-03:00" endTime="2019-11-07T10:02:33.9761437-03:00" testType="13cdc9d9-ddb5-4fa4-a97d-d965ccfc6d4b" outcome="Passed" testListId="8c84fa94-04c1-424b-9868-57a2d4851a1d" relativeResultsDirectory="0e3744cc-066e-41b0-8055-737c8fbb5f16" />
    <UnitTestResult executionId="6c179428-2345-4746-9b68-fa9b26b67bff" testId="265af543-0d1a-56da-e209-7d56a3acc7da" testName="Nzr.ToolBox.Core.Tests.StringUtilsTest.RemoveStart_WithNull_ShouldReturnNull" computerName="WORKSTATION" duration="00:00:00.0010000" startTime="2019-11-07T10:02:33.9299440-03:00" endTime="2019-11-07T10:02:33.9299442-03:00" testType="13cdc9d9-ddb5-4fa4-a97d-d965ccfc6d4b" outcome="Passed" testListId="8c84fa94-04c1-424b-9868-57a2d4851a1d" relativeResultsDirectory="6c179428-2345-4746-9b68-fa9b26b67bff" />
    <UnitTestResult executionId="8f2db170-724b-460c-89e7-51870f84acab" testId="7f60703b-ccac-d67a-af2c-d0f5218965ff" testName="Nzr.ToolBox.Core.Tests.BooleanUtilsTests.ToBool_WithPositiveString_ShouldReturnTrue(value: &quot;Sim&quot;)" computerName="WORKSTATION" duration="00:00:00.0010000" startTime="2019-11-07T10:02:33.8583388-03:00" endTime="2019-11-07T10:02:33.8583391-03:00" testType="13cdc9d9-ddb5-4fa4-a97d-d965ccfc6d4b" outcome="Passed" testListId="8c84fa94-04c1-424b-9868-57a2d4851a1d" relativeResultsDirectory="8f2db170-724b-460c-89e7-51870f84acab" />
    <UnitTestResult executionId="ef7af44a-ae8e-4c6b-97c4-b1b61b4b020b" testId="6fbbc600-2200-4b3a-d83e-2d0b6029d73a" testName="Nzr.ToolBox.Core.Tests.StringUtilsTest.GetFirstNonEmpty_WithOnlyEmptyString_ShouldReturnNull" computerName="WORKSTATION" duration="00:00:00.0010000" startTime="2019-11-07T10:02:33.9663109-03:00" endTime="2019-11-07T10:02:33.9663111-03:00" testType="13cdc9d9-ddb5-4fa4-a97d-d965ccfc6d4b" outcome="Passed" testListId="8c84fa94-04c1-424b-9868-57a2d4851a1d" relativeResultsDirectory="ef7af44a-ae8e-4c6b-97c4-b1b61b4b020b" />
    <UnitTestResult executionId="e0e50927-5518-4011-a68e-f104678e9bb1" testId="60b85a90-aaf8-7e93-2f6c-9526d81382d3" testName="Nzr.ToolBox.Core.Tests.ObjectUtilsTest.IfNotNull_WithNullValue_ShouldExecuteNullAction" computerName="WORKSTATION" duration="00:00:00.0010000" startTime="2019-11-07T10:02:34.2303294-03:00" endTime="2019-11-07T10:02:34.2303297-03:00" testType="13cdc9d9-ddb5-4fa4-a97d-d965ccfc6d4b" outcome="Passed" testListId="8c84fa94-04c1-424b-9868-57a2d4851a1d" relativeResultsDirectory="e0e50927-5518-4011-a68e-f104678e9bb1" />
    <UnitTestResult executionId="7b0bc70e-0dd0-41c2-9203-cbc139853978" testId="d28a0297-760c-4cec-387e-c15f0b69f3a0" testName="Nzr.ToolBox.Core.Tests.CollectionUtilsTests.IndexOf_WithNullArray_ShouldReturnMinusOne" computerName="WORKSTATION" duration="00:00:00.0010000" startTime="2019-11-07T10:02:33.9626276-03:00" endTime="2019-11-07T10:02:33.9626278-03:00" testType="13cdc9d9-ddb5-4fa4-a97d-d965ccfc6d4b" outcome="Passed" testListId="8c84fa94-04c1-424b-9868-57a2d4851a1d" relativeResultsDirectory="7b0bc70e-0dd0-41c2-9203-cbc139853978" />
    <UnitTestResult executionId="28288e6e-37cb-4ca2-81a6-203260e56e4f" testId="48caecef-a5fa-613e-d718-f1276bb5ba57" testName="Nzr.ToolBox.Core.Tests.BooleanUtilsTests.ToBool_WithPositiveString_ShouldReturnTrue(value: &quot;Ja&quot;)" computerName="WORKSTATION" duration="00:00:00.0010000" startTime="2019-11-07T10:02:33.8585531-03:00" endTime="2019-11-07T10:02:33.8585534-03:00" testType="13cdc9d9-ddb5-4fa4-a97d-d965ccfc6d4b" outcome="Passed" testListId="8c84fa94-04c1-424b-9868-57a2d4851a1d" relativeResultsDirectory="28288e6e-37cb-4ca2-81a6-203260e56e4f" />
    <UnitTestResult executionId="8c8eea42-dfdb-4251-b03f-396f349b2ccf" testId="1d7cc1dd-bfaa-4d32-a622-84b65b12bf5d" testName="Nzr.ToolBox.Core.Tests.RandomUtilsTest.RandomBoolean_ShouldReturnUniqueValues(iterations: 10000, seed: null)" computerName="WORKSTATION" duration="00:00:00.0490000" startTime="2019-11-07T10:02:33.9793450-03:00" endTime="2019-11-07T10:02:33.9793454-03:00" testType="13cdc9d9-ddb5-4fa4-a97d-d965ccfc6d4b" outcome="Passed" testListId="8c84fa94-04c1-424b-9868-57a2d4851a1d" relativeResultsDirectory="8c8eea42-dfdb-4251-b03f-396f349b2ccf" />
    <UnitTestResult executionId="bb3d779f-ae02-44a3-b93f-568dcd9f9bbd" testId="6bf46c1e-b943-b7c7-5a0c-85c17aef903c" testName="Nzr.ToolBox.Core.Tests.ReflectionUtilsTest.GetValue_WithPropertyPathToList_ShouldThrowException" computerName="WORKSTATION" duration="00:00:00.0040000" startTime="2019-11-07T10:02:33.9055911-03:00" endTime="2019-11-07T10:02:33.9055914-03:00" testType="13cdc9d9-ddb5-4fa4-a97d-d965ccfc6d4b" outcome="Passed" testListId="8c84fa94-04c1-424b-9868-57a2d4851a1d" relativeResultsDirectory="bb3d779f-ae02-44a3-b93f-568dcd9f9bbd" />
    <UnitTestResult executionId="a60281ae-357b-4ce0-bc72-9e87e02afc95" testId="3d424701-5226-50f9-524c-4e51fbb2a07f" testName="Nzr.ToolBox.Core.Tests.CollectionUtilsTests.GetKey_WithNullDictionary_ShouldReturnDefault" computerName="WORKSTATION" duration="00:00:00.0010000" startTime="2019-11-07T10:02:33.9380599-03:00" endTime="2019-11-07T10:02:33.9380602-03:00" testType="13cdc9d9-ddb5-4fa4-a97d-d965ccfc6d4b" outcome="Passed" testListId="8c84fa94-04c1-424b-9868-57a2d4851a1d" relativeResultsDirectory="a60281ae-357b-4ce0-bc72-9e87e02afc95" />
    <UnitTestResult executionId="10eeb367-a8b7-4bab-9dc1-f56a1feadd4a" testId="c86af186-3a97-3d11-9fd7-06dc90451dd3" testName="Nzr.ToolBox.Core.Tests.CollectionUtilsTests.IsNotEmpty_WithNull_ShouldReturnFalse" computerName="WORKSTATION" duration="00:00:00.0010000" startTime="2019-11-07T10:02:33.9516641-03:00" endTime="2019-11-07T10:02:33.9516646-03:00" testType="13cdc9d9-ddb5-4fa4-a97d-d965ccfc6d4b" outcome="Passed" testListId="8c84fa94-04c1-424b-9868-57a2d4851a1d" relativeResultsDirectory="10eeb367-a8b7-4bab-9dc1-f56a1feadd4a" />
    <UnitTestResult executionId="a4893554-bf8a-49d3-8df4-196dfd8a2bb1" testId="52dad561-c47f-93be-598b-ab4dd10490eb" testName="Nzr.ToolBox.Core.Tests.CollectionUtilsTests.ContainsAll_WithNullEnumerables_ShouldReturnTrue" computerName="WORKSTATION" duration="00:00:00.0010000" startTime="2019-11-07T10:02:33.8790504-03:00" endTime="2019-11-07T10:02:33.8790507-03:00" testType="13cdc9d9-ddb5-4fa4-a97d-d965ccfc6d4b" outcome="Passed" testListId="8c84fa94-04c1-424b-9868-57a2d4851a1d" relativeResultsDirectory="a4893554-bf8a-49d3-8df4-196dfd8a2bb1" />
    <UnitTestResult executionId="313735ed-b176-4a99-980b-cdcaf215ae6c" testId="fea88c74-eaa4-e751-b2f0-898db2073835" testName="Nzr.ToolBox.Core.Tests.DateTimeUtilsTest.IsSameDay_WithDatesWithoutSameDay_ShouldReturnFalse" computerName="WORKSTATION" duration="00:00:00.0010000" startTime="2019-11-07T10:02:33.8794475-03:00" endTime="2019-11-07T10:02:33.8794478-03:00" testType="13cdc9d9-ddb5-4fa4-a97d-d965ccfc6d4b" outcome="Passed" testListId="8c84fa94-04c1-424b-9868-57a2d4851a1d" relativeResultsDirectory="313735ed-b176-4a99-980b-cdcaf215ae6c" />
    <UnitTestResult executionId="9c27c6df-29ab-45df-910a-cc60181f6cc6" testId="897538ba-11dc-3a08-eecb-d0948a1cd8fe" testName="Nzr.ToolBox.Core.Tests.CollectionUtilsTests.ContainsAll_WithNullSourceEnumerable_ShouldReturnTrue" computerName="WORKSTATION" duration="00:00:00.0020000" startTime="2019-11-07T10:02:33.9212509-03:00" endTime="2019-11-07T10:02:33.9212511-03:00" testType="13cdc9d9-ddb5-4fa4-a97d-d965ccfc6d4b" outcome="Passed" testListId="8c84fa94-04c1-424b-9868-57a2d4851a1d" relativeResultsDirectory="9c27c6df-29ab-45df-910a-cc60181f6cc6" />
    <UnitTestResult executionId="68ec32cf-1c17-479d-ab41-52f0a6d6f2ad" testId="82b6aab1-e835-8e28-1aa8-e6764ddd6ce8" testName="Nzr.ToolBox.Core.Tests.RandomUtilsTest.RandomString_WithNumbersOnly_ShouldReturnNumericString" computerName="WORKSTATION" duration="00:00:00.0010000" startTime="2019-11-07T10:02:33.9853404-03:00" endTime="2019-11-07T10:02:33.9853407-03:00" testType="13cdc9d9-ddb5-4fa4-a97d-d965ccfc6d4b" outcome="Passed" testListId="8c84fa94-04c1-424b-9868-57a2d4851a1d" relativeResultsDirectory="68ec32cf-1c17-479d-ab41-52f0a6d6f2ad" />
    <UnitTestResult executionId="2de88dba-9817-4867-abab-fbc17ce936d9" testId="045fcd17-dfed-1627-66be-e391ac5023f4" testName="Nzr.ToolBox.Core.Tests.StringUtilsTest.Truncate_WithNull_ShouldReturnNull" computerName="WORKSTATION" duration="00:00:00.0020000" startTime="2019-11-07T10:02:33.9088621-03:00" endTime="2019-11-07T10:02:33.9088626-03:00" testType="13cdc9d9-ddb5-4fa4-a97d-d965ccfc6d4b" outcome="Passed" testListId="8c84fa94-04c1-424b-9868-57a2d4851a1d" relativeResultsDirectory="2de88dba-9817-4867-abab-fbc17ce936d9" />
    <UnitTestResult executionId="a12dae8b-2921-4fdd-bc38-8d38a500a004" testId="b950fa42-ed92-dfa2-1b7a-99f41db426b6" testName="Nzr.ToolBox.Core.Tests.StringUtilsTest.IsIsBlank_WithNonBlankString_ShouldReturnTrue" computerName="WORKSTATION" duration="00:00:00.0010000" startTime="2019-11-07T10:02:33.8757922-03:00" endTime="2019-11-07T10:02:33.8757925-03:00" testType="13cdc9d9-ddb5-4fa4-a97d-d965ccfc6d4b" outcome="Passed" testListId="8c84fa94-04c1-424b-9868-57a2d4851a1d" relativeResultsDirectory="a12dae8b-2921-4fdd-bc38-8d38a500a004" />
    <UnitTestResult executionId="07239d74-0aa5-48a0-bd0c-d33e3b90e8ba" testId="22bfdebd-96a0-0b21-9eb3-2ebda1d58ee2" testName="Nzr.ToolBox.Core.Tests.ObjectUtilsTest.FirstNonNull_WithAllNull_ShouldReturnNull" computerName="WORKSTATION" duration="00:00:00.0010000" startTime="2019-11-07T10:02:34.2284979-03:00" endTime="2019-11-07T10:02:34.2284984-03:00" testType="13cdc9d9-ddb5-4fa4-a97d-d965ccfc6d4b" outcome="Passed" testListId="8c84fa94-04c1-424b-9868-57a2d4851a1d" relativeResultsDirectory="07239d74-0aa5-48a0-bd0c-d33e3b90e8ba" />
    <UnitTestResult executionId="06578e5a-d1b4-4aa0-8006-b69e177941c0" testId="14b6413c-e1eb-0334-1dc2-58a621540c17" testName="Nzr.ToolBox.Core.Tests.DateTimeUtilsTest.IsSameDay_WithDatesWithSameDay_ShouldReturnTrue" computerName="WORKSTATION" duration="00:00:00.0060000" startTime="2019-11-07T10:02:33.8755621-03:00" endTime="2019-11-07T10:02:33.8755624-03:00" testType="13cdc9d9-ddb5-4fa4-a97d-d965ccfc6d4b" outcome="Passed" testListId="8c84fa94-04c1-424b-9868-57a2d4851a1d" relativeResultsDirectory="06578e5a-d1b4-4aa0-8006-b69e177941c0" />
    <UnitTestResult executionId="2acc9e01-6be7-4fd8-bd3b-f606f1384e1e" testId="625b6eef-9fde-b5ef-1db7-16257d35bad4" testName="Nzr.ToolBox.Core.Tests.StringUtilsTest.RemoveEnd_WithExistingStrings_ShouldReturnCleanedString" computerName="WORKSTATION" duration="00:00:00.0010000" startTime="2019-11-07T10:02:33.8865277-03:00" endTime="2019-11-07T10:02:33.8865279-03:00" testType="13cdc9d9-ddb5-4fa4-a97d-d965ccfc6d4b" outcome="Passed" testListId="8c84fa94-04c1-424b-9868-57a2d4851a1d" relativeResultsDirectory="2acc9e01-6be7-4fd8-bd3b-f606f1384e1e" />
    <UnitTestResult executionId="4da401a9-6cb9-4260-ad26-2bac055b033f" testId="98b1c38a-5944-2142-0122-daf0761a7b67" testName="Nzr.ToolBox.Core.Tests.CollectionUtilsTests.ContainsAll_WithNullRefEnumerable_ShouldReturnTrue" computerName="WORKSTATION" duration="00:00:00.0020000" startTime="2019-11-07T10:02:33.9291984-03:00" endTime="2019-11-07T10:02:33.9291987-03:00" testType="13cdc9d9-ddb5-4fa4-a97d-d965ccfc6d4b" outcome="Passed" testListId="8c84fa94-04c1-424b-9868-57a2d4851a1d" relativeResultsDirectory="4da401a9-6cb9-4260-ad26-2bac055b033f" />
    <UnitTestResult executionId="c150409e-42e9-4974-8c87-053e404dfd2f" testId="4fc60e12-0185-2c5a-0a5f-4321c6a89099" testName="Nzr.ToolBox.Core.Tests.StringUtilsTest.IsAllEmpty_WithNullOrEmptyStrings_ShouldReturnTrue" computerName="WORKSTATION" duration="00:00:00.0040000" startTime="2019-11-07T10:02:33.9486963-03:00" endTime="2019-11-07T10:02:33.9486966-03:00" testType="13cdc9d9-ddb5-4fa4-a97d-d965ccfc6d4b" outcome="Passed" testListId="8c84fa94-04c1-424b-9868-57a2d4851a1d" relativeResultsDirectory="c150409e-42e9-4974-8c87-053e404dfd2f" />
    <UnitTestResult executionId="bd1e4a95-c173-465f-9afc-075390057153" testId="67ba80d0-ee46-5ac8-0538-37c6daf3607e" testName="Nzr.ToolBox.Core.Tests.BooleanUtilsTests.ToBool_WithNonPositiveString_ShouldReturnFalse(value: &quot;0&quot;)" computerName="WORKSTATION" duration="00:00:00.0010000" startTime="2019-11-07T10:02:33.8858424-03:00" endTime="2019-11-07T10:02:33.8858431-03:00" testType="13cdc9d9-ddb5-4fa4-a97d-d965ccfc6d4b" outcome="Passed" testListId="8c84fa94-04c1-424b-9868-57a2d4851a1d" relativeResultsDirectory="bd1e4a95-c173-465f-9afc-075390057153" />
    <UnitTestResult executionId="b3d7a301-0d93-405b-9eb8-2efbfb40906d" testId="017f2681-1481-dbaa-ea0e-6a10d0c9b02d" testName="Nzr.ToolBox.Core.Tests.StringUtilsTest.GetFirstNonBlank_WithOnlyEmptyString_ShouldReturnNull" computerName="WORKSTATION" duration="00:00:00.0010000" startTime="2019-11-07T10:02:33.9702701-03:00" endTime="2019-11-07T10:02:33.9702703-03:00" testType="13cdc9d9-ddb5-4fa4-a97d-d965ccfc6d4b" outcome="Passed" testListId="8c84fa94-04c1-424b-9868-57a2d4851a1d" relativeResultsDirectory="b3d7a301-0d93-405b-9eb8-2efbfb40906d" />
    <UnitTestResult executionId="494b23ba-e941-4066-89f1-eb2d521eb7b9" testId="39856355-a5fb-aec1-b06d-ff7431c95990" testName="Nzr.ToolBox.Core.Tests.StringUtilsTest.IsNotEmpty_WithNullString_ShouldReturnFalse" computerName="WORKSTATION" duration="00:00:00.0010000" startTime="2019-11-07T10:02:33.8827783-03:00" endTime="2019-11-07T10:02:33.8827785-03:00" testType="13cdc9d9-ddb5-4fa4-a97d-d965ccfc6d4b" outcome="Passed" testListId="8c84fa94-04c1-424b-9868-57a2d4851a1d" relativeResultsDirectory="494b23ba-e941-4066-89f1-eb2d521eb7b9" />
    <UnitTestResult executionId="d3d1799a-3f60-49c8-90e6-dc550a89c516" testId="2fe27f4d-780b-bc6e-57d1-a34e746519d2" testName="Nzr.ToolBox.Core.Tests.NumberUtilsTest.ToBinary_WithDecimalWithoutPrefix_ShouldReturnBinaryNumbersOnly" computerName="WORKSTATION" duration="00:00:00.0190000" startTime="2019-11-07T10:02:33.8131052-03:00" endTime="2019-11-07T10:02:33.8131055-03:00" testType="13cdc9d9-ddb5-4fa4-a97d-d965ccfc6d4b" outcome="Passed" testListId="8c84fa94-04c1-424b-9868-57a2d4851a1d" relativeResultsDirectory="d3d1799a-3f60-49c8-90e6-dc550a89c516" />
    <UnitTestResult executionId="2346b569-446e-40a6-b241-5df2ac2db637" testId="e47e56e9-5385-922b-8aae-4a5f9fc8708e" testName="Nzr.ToolBox.Core.Tests.ObjectUtilsTest.IsAnyNonNull_WithOneNonNull_ShouldReturnTrue" computerName="WORKSTATION" duration="00:00:00.0010000" startTime="2019-11-07T10:02:34.1997993-03:00" endTime="2019-11-07T10:02:34.1997998-03:00" testType="13cdc9d9-ddb5-4fa4-a97d-d965ccfc6d4b" outcome="Passed" testListId="8c84fa94-04c1-424b-9868-57a2d4851a1d" relativeResultsDirectory="2346b569-446e-40a6-b241-5df2ac2db637" />
    <UnitTestResult executionId="6246d19b-e362-4ab8-b0bc-d11353b166eb" testId="c503249d-5537-fc1c-c402-620be402a09c" testName="Nzr.ToolBox.Core.Tests.BooleanUtilsTests.IsAnyTrue_WithOneTrueValue_ShouldReturnTrue" computerName="WORKSTATION" duration="00:00:00.0010000" startTime="2019-11-07T10:02:33.9054008-03:00" endTime="2019-11-07T10:02:33.9054011-03:00" testType="13cdc9d9-ddb5-4fa4-a97d-d965ccfc6d4b" outcome="Passed" testListId="8c84fa94-04c1-424b-9868-57a2d4851a1d" relativeResultsDirectory="6246d19b-e362-4ab8-b0bc-d11353b166eb" />
    <UnitTestResult executionId="8a2b9d09-5d76-45da-b2f5-2cc3d190cb0b" testId="7b7495d8-e0d9-d205-be09-e167ea98fa50" testName="Nzr.ToolBox.Core.Tests.BooleanUtilsTests.IsAllTrue_WithAllTrueValues_ShouldReturnTrue" computerName="WORKSTATION" duration="00:00:00.0010000" startTime="2019-11-07T10:02:33.9017632-03:00" endTime="2019-11-07T10:02:33.9017636-03:00" testType="13cdc9d9-ddb5-4fa4-a97d-d965ccfc6d4b" outcome="Passed" testListId="8c84fa94-04c1-424b-9868-57a2d4851a1d" relativeResultsDirectory="8a2b9d09-5d76-45da-b2f5-2cc3d190cb0b" />
    <UnitTestResult executionId="7ae0af37-da8e-4695-9083-eb5f5d2bd2a5" testId="7437cae0-313c-688c-b0a7-4e994a4fbb85" testName="Nzr.ToolBox.Core.Tests.BooleanUtilsTests.ToBool_WithPositiveString_ShouldReturnTrue(value: &quot;true&quot;)" computerName="WORKSTATION" duration="00:00:00.0010000" startTime="2019-11-07T10:02:33.8586919-03:00" endTime="2019-11-07T10:02:33.8586921-03:00" testType="13cdc9d9-ddb5-4fa4-a97d-d965ccfc6d4b" outcome="Passed" testListId="8c84fa94-04c1-424b-9868-57a2d4851a1d" relativeResultsDirectory="7ae0af37-da8e-4695-9083-eb5f5d2bd2a5" />
    <UnitTestResult executionId="83c5129b-166a-4eb7-9138-b7907b26b75d" testId="8668c16e-2e8c-3717-0d40-dca4b94235b7" testName="Nzr.ToolBox.Core.Tests.StringUtilsTest.RemoveDiacritics_WithString_ShouldReturnStringWihtouDiacritics" computerName="WORKSTATION" duration="00:00:00.0040000" startTime="2019-11-07T10:02:33.9377016-03:00" endTime="2019-11-07T10:02:33.9377019-03:00" testType="13cdc9d9-ddb5-4fa4-a97d-d965ccfc6d4b" outcome="Passed" testListId="8c84fa94-04c1-424b-9868-57a2d4851a1d" relativeResultsDirectory="83c5129b-166a-4eb7-9138-b7907b26b75d" />
    <UnitTestResult executionId="0b107e66-9d73-4304-baec-608efd16c88e" testId="cdc95a43-d3d9-ea09-2bf0-c5d1cc0a2f68" testName="Nzr.ToolBox.Core.Tests.BooleanUtilsTests.IsTrue_WithNullOrFalseValue_ShouldReturnFalse(value: False)" computerName="WORKSTATION" duration="00:00:00.0010000" startTime="2019-11-07T10:02:33.9050499-03:00" endTime="2019-11-07T10:02:33.9050501-03:00" testType="13cdc9d9-ddb5-4fa4-a97d-d965ccfc6d4b" outcome="Passed" testListId="8c84fa94-04c1-424b-9868-57a2d4851a1d" relativeResultsDirectory="0b107e66-9d73-4304-baec-608efd16c88e" />
    <UnitTestResult executionId="010fa830-a03f-4b9f-8073-5017d35d32a6" testId="4d473892-3743-8866-0d73-fc4fe78c5f0e" testName="Nzr.ToolBox.Core.Tests.BooleanUtilsTests.IsAllTrue_WithOneFalseValue_ShouldReturnFalse" computerName="WORKSTATION" duration="00:00:00.0010000" startTime="2019-11-07T10:02:33.8828928-03:00" endTime="2019-11-07T10:02:33.8828930-03:00" testType="13cdc9d9-ddb5-4fa4-a97d-d965ccfc6d4b" outcome="Passed" testListId="8c84fa94-04c1-424b-9868-57a2d4851a1d" relativeResultsDirectory="010fa830-a03f-4b9f-8073-5017d35d32a6" />
    <UnitTestResult executionId="b2bb1dcc-ef31-4edc-b8e4-09a268b98787" testId="c068e1c4-6913-d79e-f58c-fd0cdae20144" testName="Nzr.ToolBox.Core.Tests.StringUtilsTest.ContainsAny_WithStringNotContainingOneOfSubstring_ShouldReturnFalse" computerName="WORKSTATION" duration="00:00:00.0010000" startTime="2019-11-07T10:02:33.8935390-03:00" endTime="2019-11-07T10:02:33.8935393-03:00" testType="13cdc9d9-ddb5-4fa4-a97d-d965ccfc6d4b" outcome="Passed" testListId="8c84fa94-04c1-424b-9868-57a2d4851a1d" relativeResultsDirectory="b2bb1dcc-ef31-4edc-b8e4-09a268b98787" />
    <UnitTestResult executionId="45832b3a-be0d-4638-a323-0569765c811c" testId="f3c32f73-938b-755c-965c-616e71f330bf" testName="Nzr.ToolBox.Core.Tests.ObjectUtilsTest.IsAnyNonNull_WithAllNull_ShouldReturnFalse" computerName="WORKSTATION" duration="00:00:00.0010000" startTime="2019-11-07T10:02:34.2243638-03:00" endTime="2019-11-07T10:02:34.2243642-03:00" testType="13cdc9d9-ddb5-4fa4-a97d-d965ccfc6d4b" outcome="Passed" testListId="8c84fa94-04c1-424b-9868-57a2d4851a1d" relativeResultsDirectory="45832b3a-be0d-4638-a323-0569765c811c" />
    <UnitTestResult executionId="40b0862d-e95d-42d7-957b-1d728c0d1601" testId="70966e50-d79f-4259-d654-7885bec2e3ae" testName="Nzr.ToolBox.Core.Tests.CollectionUtilsTests.ForEach_WithNullEnumerable_ShouldNotExecuteFunction" computerName="WORKSTATION" duration="00:00:00.0020000" startTime="2019-11-07T10:02:33.9147473-03:00" endTime="2019-11-07T10:02:33.9147476-03:00" testType="13cdc9d9-ddb5-4fa4-a97d-d965ccfc6d4b" outcome="Passed" testListId="8c84fa94-04c1-424b-9868-57a2d4851a1d" relativeResultsDirectory="40b0862d-e95d-42d7-957b-1d728c0d1601" />
    <UnitTestResult executionId="b0251b23-395e-4c35-8308-101e2e8c7449" testId="39187814-7948-31bd-4290-daef6ab2e603" testName="Nzr.ToolBox.Core.Tests.CollectionUtilsTests.IndexOf_WithNonExistingItem_ShouldReturnMinusOne" computerName="WORKSTATION" duration="00:00:00.0100000" startTime="2019-11-07T10:02:33.8788824-03:00" endTime="2019-11-07T10:02:33.8788827-03:00" testType="13cdc9d9-ddb5-4fa4-a97d-d965ccfc6d4b" outcome="Passed" testListId="8c84fa94-04c1-424b-9868-57a2d4851a1d" relativeResultsDirectory="b0251b23-395e-4c35-8308-101e2e8c7449" />
    <UnitTestResult executionId="c5947211-cf99-4a01-934b-631f24bddc51" testId="8735994f-5f9e-38e3-dd8d-e45cd5a00faf" testName="Nzr.ToolBox.Core.Tests.CollectionUtilsTests.IsEmpty_WithNonEmpty_ShouldReturnFalse" computerName="WORKSTATION" duration="00:00:00.0010000" startTime="2019-11-07T10:02:33.9092486-03:00" endTime="2019-11-07T10:02:33.9092488-03:00" testType="13cdc9d9-ddb5-4fa4-a97d-d965ccfc6d4b" outcome="Passed" testListId="8c84fa94-04c1-424b-9868-57a2d4851a1d" relativeResultsDirectory="c5947211-cf99-4a01-934b-631f24bddc51" />
    <UnitTestResult executionId="bf0e8bd1-f4b4-45bc-bfa1-05820c63558d" testId="78387f85-e5e6-fa65-b4de-446c8486e80c" testName="Nzr.ToolBox.Core.Tests.StringUtilsTest.RemoveEnd_WithNull_ShouldReturnNull" computerName="WORKSTATION" duration="00:00:00.0030000" startTime="2019-11-07T10:02:33.8717735-03:00" endTime="2019-11-07T10:02:33.8717738-03:00" testType="13cdc9d9-ddb5-4fa4-a97d-d965ccfc6d4b" outcome="Passed" testListId="8c84fa94-04c1-424b-9868-57a2d4851a1d" relativeResultsDirectory="bf0e8bd1-f4b4-45bc-bfa1-05820c63558d" />
    <UnitTestResult executionId="8f7ee7ba-555e-4890-9d1f-f0a5108bf04b" testId="7afb5e69-89d1-7f64-d310-d8ca755d44a5" testName="Nzr.ToolBox.Core.Tests.NumberUtilsTest.Sum_ShouldReturnSummedValues" computerName="WORKSTATION" duration="00:00:00.0070000" startTime="2019-11-07T10:02:33.9213573-03:00" endTime="2019-11-07T10:02:33.9213576-03:00" testType="13cdc9d9-ddb5-4fa4-a97d-d965ccfc6d4b" outcome="Passed" testListId="8c84fa94-04c1-424b-9868-57a2d4851a1d" relativeResultsDirectory="8f7ee7ba-555e-4890-9d1f-f0a5108bf04b" />
    <UnitTestResult executionId="fd5db6f3-52c3-4e15-82bc-6eeffdd4a48c" testId="f037f0e5-645a-5ce7-bffe-ad45531b131d" testName="Nzr.ToolBox.Core.Tests.StringUtilsTest.IsBlank_WithNullString_ShouldReturnTrue" computerName="WORKSTATION" duration="00:00:00.0190000" startTime="2019-11-07T10:02:33.8131576-03:00" endTime="2019-11-07T10:02:33.8131579-03:00" testType="13cdc9d9-ddb5-4fa4-a97d-d965ccfc6d4b" outcome="Passed" testListId="8c84fa94-04c1-424b-9868-57a2d4851a1d" relativeResultsDirectory="fd5db6f3-52c3-4e15-82bc-6eeffdd4a48c" />
    <UnitTestResult executionId="4f2001c6-2a8b-4e50-bd58-5950d5450216" testId="1dfcddc7-2376-1f70-3151-1b7cb4b3c7c1" testName="Nzr.ToolBox.Core.Tests.StringUtilsTest.RemoveStart_WithExistingStringsUsingOrdinalCase_ShouldNotRemoveStarts" computerName="WORKSTATION" duration="00:00:00.0010000" startTime="2019-11-07T10:02:33.8756796-03:00" endTime="2019-11-07T10:02:33.8756799-03:00" testType="13cdc9d9-ddb5-4fa4-a97d-d965ccfc6d4b" outcome="Passed" testListId="8c84fa94-04c1-424b-9868-57a2d4851a1d" relativeResultsDirectory="4f2001c6-2a8b-4e50-bd58-5950d5450216" />
    <UnitTestResult executionId="f68cdb73-c917-4a27-a56c-5e9f70dd9a16" testId="a8aeaf6c-55aa-4255-8afb-adec0e7c74a8" testName="Nzr.ToolBox.Core.Tests.StringUtilsTest.ContainsAny_WithOrdinalIgnoreCaseNullStringWithNullAsSubstrings_ShouldReturnTrue" computerName="WORKSTATION" duration="00:00:00.0020000" startTime="2019-11-07T10:02:33.8824932-03:00" endTime="2019-11-07T10:02:33.8824934-03:00" testType="13cdc9d9-ddb5-4fa4-a97d-d965ccfc6d4b" outcome="Passed" testListId="8c84fa94-04c1-424b-9868-57a2d4851a1d" relativeResultsDirectory="f68cdb73-c917-4a27-a56c-5e9f70dd9a16" />
    <UnitTestResult executionId="99b708aa-0a59-4c35-8271-5f4e2228ed01" testId="2fe5b4ab-f3f5-15bc-6481-7df383a0aa00" testName="Nzr.ToolBox.Core.Tests.CollectionUtilsTests.ContainsAll_WithNullSourceEnumerable_ShouldReturnFalse" computerName="WORKSTATION" duration="00:00:00.0010000" startTime="2019-11-07T10:02:33.9520075-03:00" endTime="2019-11-07T10:02:33.9520079-03:00" testType="13cdc9d9-ddb5-4fa4-a97d-d965ccfc6d4b" outcome="Passed" testListId="8c84fa94-04c1-424b-9868-57a2d4851a1d" relativeResultsDirectory="99b708aa-0a59-4c35-8271-5f4e2228ed01" />
    <UnitTestResult executionId="9e4183b7-472b-483e-9c30-3f9edd129231" testId="fee75939-4381-ef54-486d-351d5845cf43" testName="Nzr.ToolBox.Core.Tests.CollectionUtilsTests.ForEach_WithList_ShouldExecuteAction" computerName="WORKSTATION" duration="00:00:00.0130000" startTime="2019-11-07T10:02:33.9487548-03:00" endTime="2019-11-07T10:02:33.9487551-03:00" testType="13cdc9d9-ddb5-4fa4-a97d-d965ccfc6d4b" outcome="Passed" testListId="8c84fa94-04c1-424b-9868-57a2d4851a1d" relativeResultsDirectory="9e4183b7-472b-483e-9c30-3f9edd129231" />
    <UnitTestResult executionId="c721248c-887a-4318-bcdc-ef53856ad7ea" testId="8851b8ca-4481-2bea-be87-f6ae65909b6d" testName="Nzr.ToolBox.Core.Tests.CollectionUtilsTests.Get_WithEnumerableWithExistingIndex_ShouldReturnValue" computerName="WORKSTATION" duration="00:00:00.0010000" startTime="2019-11-07T10:02:33.9762205-03:00" endTime="2019-11-07T10:02:33.9762206-03:00" testType="13cdc9d9-ddb5-4fa4-a97d-d965ccfc6d4b" outcome="Passed" testListId="8c84fa94-04c1-424b-9868-57a2d4851a1d" relativeResultsDirectory="c721248c-887a-4318-bcdc-ef53856ad7ea" />
    <UnitTestResult executionId="4e9ba0fc-30b3-499a-a066-42a9674c3c9c" testId="f54f88da-7c5b-63a5-454a-c31c248124f8" testName="Nzr.ToolBox.Core.Tests.BooleanUtilsTests.IsTrue_WithNullOrFalseValue_ShouldReturnFalse(value: null)" computerName="WORKSTATION" duration="00:00:00.0010000" startTime="2019-11-07T10:02:33.9051548-03:00" endTime="2019-11-07T10:02:33.9051551-03:00" testType="13cdc9d9-ddb5-4fa4-a97d-d965ccfc6d4b" outcome="Passed" testListId="8c84fa94-04c1-424b-9868-57a2d4851a1d" relativeResultsDirectory="4e9ba0fc-30b3-499a-a066-42a9674c3c9c" />
    <UnitTestResult executionId="6bd18f1b-3dcb-4684-aa35-eac80eaac972" testId="ccc6233d-7912-eee3-5bd9-e05a73d46c3c" testName="Nzr.ToolBox.Core.Tests.StringUtilsTest.IsEmpty_WithBlankString_ShouldReturnFalse" computerName="WORKSTATION" duration="00:00:00.0010000" startTime="2019-11-07T10:02:33.9485851-03:00" endTime="2019-11-07T10:02:33.9485854-03:00" testType="13cdc9d9-ddb5-4fa4-a97d-d965ccfc6d4b" outcome="Passed" testListId="8c84fa94-04c1-424b-9868-57a2d4851a1d" relativeResultsDirectory="6bd18f1b-3dcb-4684-aa35-eac80eaac972" />
    <UnitTestResult executionId="06449a6f-5b4d-4438-bda7-cb737a0d5034" testId="f92e77b4-ee0e-9f1a-2342-b94f560f0dac" testName="Nzr.ToolBox.Core.Tests.RandomUtilsTest.RandomString_WithDefaultOptions_ShouldReturnString" computerName="WORKSTATION" duration="00:00:00.0010000" startTime="2019-11-07T10:02:34.3058401-03:00" endTime="2019-11-07T10:02:34.3058404-03:00" testType="13cdc9d9-ddb5-4fa4-a97d-d965ccfc6d4b" outcome="Passed" testListId="8c84fa94-04c1-424b-9868-57a2d4851a1d" relativeResultsDirectory="06449a6f-5b4d-4438-bda7-cb737a0d5034" />
    <UnitTestResult executionId="52416a83-e195-48d5-8c99-d82a30b64340" testId="7105bf79-1b8a-62bc-ff30-e967b860c8fb" testName="Nzr.ToolBox.Core.Tests.StringUtilsTest.Prefix_WithExistingPrefixAndOverride_ShouldAddPrefix" computerName="WORKSTATION" duration="00:00:00.0010000" startTime="2019-11-07T10:02:33.9658502-03:00" endTime="2019-11-07T10:02:33.9658507-03:00" testType="13cdc9d9-ddb5-4fa4-a97d-d965ccfc6d4b" outcome="Passed" testListId="8c84fa94-04c1-424b-9868-57a2d4851a1d" relativeResultsDirectory="52416a83-e195-48d5-8c99-d82a30b64340" />
    <UnitTestResult executionId="e407f422-4931-4317-a0a4-d4866df1cc38" testId="75d1fee2-de8d-1cd6-eaa6-403797b3cf12" testName="Nzr.ToolBox.Core.Tests.CollectionUtilsTests.Get_WithNullEnumerabl_ShouldReturnNull" computerName="WORKSTATION" duration="00:00:00.0010000" startTime="2019-11-07T10:02:33.9342788-03:00" endTime="2019-11-07T10:02:33.9342791-03:00" testType="13cdc9d9-ddb5-4fa4-a97d-d965ccfc6d4b" outcome="Passed" testListId="8c84fa94-04c1-424b-9868-57a2d4851a1d" relativeResultsDirectory="e407f422-4931-4317-a0a4-d4866df1cc38" />
    <UnitTestResult executionId="d9bd7e99-874f-4385-a055-4dfa53889ee7" testId="cfdd33be-da19-c14d-63fe-484c25830585" testName="Nzr.ToolBox.Core.Tests.CollectionUtilsTests.ForEach_WithGenericList_ShouldExecuteAction" computerName="WORKSTATION" duration="00:00:00.0010000" startTime="2019-11-07T10:02:33.9762793-03:00" endTime="2019-11-07T10:02:33.9762794-03:00" testType="13cdc9d9-ddb5-4fa4-a97d-d965ccfc6d4b" outcome="Passed" testListId="8c84fa94-04c1-424b-9868-57a2d4851a1d" relativeResultsDirectory="d9bd7e99-874f-4385-a055-4dfa53889ee7" />
    <UnitTestResult executionId="df1320a6-60f6-4e84-9fb9-a8dc8ebaceac" testId="2084ff50-0c57-008d-1c5e-051f3c6d2a19" testName="Nzr.ToolBox.Core.Tests.CollectionUtilsTests.GetKey_WithNullValueForKvpAndInput_ShouldReturnKey" computerName="WORKSTATION" duration="00:00:00.0170000" startTime="2019-11-07T10:02:33.9054844-03:00" endTime="2019-11-07T10:02:33.9054847-03:00" testType="13cdc9d9-ddb5-4fa4-a97d-d965ccfc6d4b" outcome="Passed" testListId="8c84fa94-04c1-424b-9868-57a2d4851a1d" relativeResultsDirectory="df1320a6-60f6-4e84-9fb9-a8dc8ebaceac" />
    <UnitTestResult executionId="2790cb47-49bb-49b1-9c40-e049c8ddad1e" testId="2c201a1d-9f85-d5be-eef4-f589b3eee5e9" testName="Nzr.ToolBox.Core.Tests.ObjectUtilsTest.ToDynamic_WithEntity_ShouldReturnDynamic" computerName="WORKSTATION" duration="00:00:00.1600000" startTime="2019-11-07T10:02:34.3901731-03:00" endTime="2019-11-07T10:02:34.3901742-03:00" testType="13cdc9d9-ddb5-4fa4-a97d-d965ccfc6d4b" outcome="Passed" testListId="8c84fa94-04c1-424b-9868-57a2d4851a1d" relativeResultsDirectory="2790cb47-49bb-49b1-9c40-e049c8ddad1e" />
    <UnitTestResult executionId="3001d511-5630-46df-8ba1-1dfacea573a4" testId="105843c0-8d25-e16e-687e-24c0c02b7966" testName="Nzr.ToolBox.Core.Tests.CollectionUtilsTests.IsNotEmpty_WithEmpty_ShouldReturnFalse" computerName="WORKSTATION" duration="00:00:00.0010000" startTime="2019-11-07T10:02:33.9763353-03:00" endTime="2019-11-07T10:02:33.9763354-03:00" testType="13cdc9d9-ddb5-4fa4-a97d-d965ccfc6d4b" outcome="Passed" testListId="8c84fa94-04c1-424b-9868-57a2d4851a1d" relativeResultsDirectory="3001d511-5630-46df-8ba1-1dfacea573a4" />
    <UnitTestResult executionId="e1c591c7-a493-4bfa-b2a4-abf5f38fea0d" testId="9a91ff0d-5561-cbe9-f49d-60edb014a514" testName="Nzr.ToolBox.Core.Tests.StringUtilsTest.ReplaceNonNumeric_WithNull_ShouldReturnNull" computerName="WORKSTATION" duration="00:00:00.0010000" startTime="2019-11-07T10:02:33.9336674-03:00" endTime="2019-11-07T10:02:33.9336677-03:00" testType="13cdc9d9-ddb5-4fa4-a97d-d965ccfc6d4b" outcome="Passed" testListId="8c84fa94-04c1-424b-9868-57a2d4851a1d" relativeResultsDirectory="e1c591c7-a493-4bfa-b2a4-abf5f38fea0d" />
    <UnitTestResult executionId="542969a9-dd94-4057-a210-2ad997a1eb1b" testId="f69da90d-10ac-e902-c8cf-752cc6502d57" testName="Nzr.ToolBox.Core.Tests.BooleanUtilsTests.IsAllFalse_WithOneTrueValue_ShouldReturnFalse" computerName="WORKSTATION" duration="00:00:00.0010000" startTime="2019-11-07T10:02:33.8936483-03:00" endTime="2019-11-07T10:02:33.8936485-03:00" testType="13cdc9d9-ddb5-4fa4-a97d-d965ccfc6d4b" outcome="Passed" testListId="8c84fa94-04c1-424b-9868-57a2d4851a1d" relativeResultsDirectory="542969a9-dd94-4057-a210-2ad997a1eb1b" />
    <UnitTestResult executionId="4c3254ad-d009-495d-8b17-13347b3ed5f1" testId="fbdaa9da-fa50-bdbe-26ce-99c244b40305" testName="Nzr.ToolBox.Core.Tests.StringUtilsTest.Append_WithNullString_ShouldReturnNull" computerName="WORKSTATION" duration="00:00:00.0010000" startTime="2019-11-07T10:02:33.9178863-03:00" endTime="2019-11-07T10:02:33.9178865-03:00" testType="13cdc9d9-ddb5-4fa4-a97d-d965ccfc6d4b" outcome="Passed" testListId="8c84fa94-04c1-424b-9868-57a2d4851a1d" relativeResultsDirectory="4c3254ad-d009-495d-8b17-13347b3ed5f1" />
    <UnitTestResult executionId="afb18066-93cf-48a6-8bf7-2cf90369297a" testId="7e6b2287-0f2b-eed8-29a1-fa6a6b5f85fd" testName="Nzr.ToolBox.Core.Tests.ObjectUtilsTest.RequireNonNull_WithNullWithoutCustomMessage_ShouldThrowExcetpion" computerName="WORKSTATION" duration="00:00:00.0010000" startTime="2019-11-07T10:02:34.2226294-03:00" endTime="2019-11-07T10:02:34.2226300-03:00" testType="13cdc9d9-ddb5-4fa4-a97d-d965ccfc6d4b" outcome="Passed" testListId="8c84fa94-04c1-424b-9868-57a2d4851a1d" relativeResultsDirectory="afb18066-93cf-48a6-8bf7-2cf90369297a" />
    <UnitTestResult executionId="1c984035-6e48-44eb-abd4-8d474b93a0ad" testId="6b882545-0a6d-aed1-f25f-b5bd7a59a2f3" testName="Nzr.ToolBox.Core.Tests.StringUtilsTest.IsAnyBlank_WithNullStrings_ShouldReturnTrue" computerName="WORKSTATION" duration="00:00:00.0010000" startTime="2019-11-07T10:02:33.8938728-03:00" endTime="2019-11-07T10:02:33.8938730-03:00" testType="13cdc9d9-ddb5-4fa4-a97d-d965ccfc6d4b" outcome="Passed" testListId="8c84fa94-04c1-424b-9868-57a2d4851a1d" relativeResultsDirectory="1c984035-6e48-44eb-abd4-8d474b93a0ad" />
    <UnitTestResult executionId="46cfb340-f4cb-422c-824f-942c8dbc728d" testId="742450a8-e573-0feb-532b-212dbe3a2108" testName="Nzr.ToolBox.Core.Tests.BooleanUtilsTests.Describe_WihNullValueAndWitCustomNullString_ShouldReturnCustomString" computerName="WORKSTATION" duration="00:00:00.0010000" startTime="2019-11-07T10:02:33.8902835-03:00" endTime="2019-11-07T10:02:33.8902839-03:00" testType="13cdc9d9-ddb5-4fa4-a97d-d965ccfc6d4b" outcome="Passed" testListId="8c84fa94-04c1-424b-9868-57a2d4851a1d" relativeResultsDirectory="46cfb340-f4cb-422c-824f-942c8dbc728d" />
    <UnitTestResult executionId="4fa61eca-4983-477f-805d-9d8ac4ae8583" testId="19186bcb-3af3-b5ce-1c9e-381f7e643b61" testName="Nzr.ToolBox.Core.Tests.BooleanUtilsTests.ToBool_WithPositiveString_ShouldReturnTrue(value: &quot;Oui&quot;)" computerName="WORKSTATION" duration="00:00:00.0010000" startTime="2019-11-07T10:02:33.8681467-03:00" endTime="2019-11-07T10:02:33.8681470-03:00" testType="13cdc9d9-ddb5-4fa4-a97d-d965ccfc6d4b" outcome="Passed" testListId="8c84fa94-04c1-424b-9868-57a2d4851a1d" relativeResultsDirectory="4fa61eca-4983-477f-805d-9d8ac4ae8583" />
    <UnitTestResult executionId="58df127b-1ee6-4900-bc73-5431ae1e311e" testId="4d537f97-5a8f-3fc0-24c7-b07e074344e7" testName="Nzr.ToolBox.Core.Tests.BooleanUtilsTests.ToBool_WithPositiveString_ShouldReturnTrue(value: &quot;Yes&quot;)" computerName="WORKSTATION" duration="00:00:00.0010000" startTime="2019-11-07T10:02:33.8680328-03:00" endTime="2019-11-07T10:02:33.8680331-03:00" testType="13cdc9d9-ddb5-4fa4-a97d-d965ccfc6d4b" outcome="Passed" testListId="8c84fa94-04c1-424b-9868-57a2d4851a1d" relativeResultsDirectory="58df127b-1ee6-4900-bc73-5431ae1e311e" />
    <UnitTestResult executionId="85724841-9ba9-4706-a50c-7420792fea1b" testId="357dbec3-6c88-60fc-92df-88a3a0d59998" testName="Nzr.ToolBox.Core.Tests.CollectionUtilsTests.ContainsAll_WithNullRefEnumerable_ShouldReturnFalse" computerName="WORKSTATION" duration="00:00:00.0010000" startTime="2019-11-07T10:02:33.9665491-03:00" endTime="2019-11-07T10:02:33.9665493-03:00" testType="13cdc9d9-ddb5-4fa4-a97d-d965ccfc6d4b" outcome="Passed" testListId="8c84fa94-04c1-424b-9868-57a2d4851a1d" relativeResultsDirectory="85724841-9ba9-4706-a50c-7420792fea1b" />
    <UnitTestResult executionId="f626a741-dc72-4da4-a72e-b789bfb8b011" testId="847d8ff3-d803-cf60-f02c-496786a7423f" testName="Nzr.ToolBox.Core.Tests.CollectionUtilsTests.ContainsAny_WithNullRefGenericEnumerable_ShouldReturnFalse" computerName="WORKSTATION" duration="00:00:00.0010000" startTime="2019-11-07T10:02:33.9792628-03:00" endTime="2019-11-07T10:02:33.9792631-03:00" testType="13cdc9d9-ddb5-4fa4-a97d-d965ccfc6d4b" outcome="Passed" testListId="8c84fa94-04c1-424b-9868-57a2d4851a1d" relativeResultsDirectory="f626a741-dc72-4da4-a72e-b789bfb8b011" />
    <UnitTestResult executionId="84cca99a-9252-4138-9c9d-fecd507156eb" testId="efac6178-2331-78d0-58dd-df1f5a698301" testName="Nzr.ToolBox.Core.Tests.RandomUtilsTest.RandomByte_ShouldReturnUniqueValues(iterations: 255, seed: null)" computerName="WORKSTATION" duration="00:00:00.0200000" startTime="2019-11-07T10:02:33.8148334-03:00" endTime="2019-11-07T10:02:33.8148337-03:00" testType="13cdc9d9-ddb5-4fa4-a97d-d965ccfc6d4b" outcome="Passed" testListId="8c84fa94-04c1-424b-9868-57a2d4851a1d" relativeResultsDirectory="84cca99a-9252-4138-9c9d-fecd507156eb" />
    <UnitTestResult executionId="94a892f9-3261-4cc3-a96d-5708ef2d3ff2" testId="86f11f10-11c9-c8c1-f01b-fcc3e3965aaf" testName="Nzr.ToolBox.Core.Tests.CollectionUtilsTests.EmptyIfNull_WithNullEnumerable_ShouldNewEnumerable" computerName="WORKSTATION" duration="00:00:00.0030000" startTime="2019-11-07T10:02:33.9701782-03:00" endTime="2019-11-07T10:02:33.9701785-03:00" testType="13cdc9d9-ddb5-4fa4-a97d-d965ccfc6d4b" outcome="Passed" testListId="8c84fa94-04c1-424b-9868-57a2d4851a1d" relativeResultsDirectory="94a892f9-3261-4cc3-a96d-5708ef2d3ff2" />
    <UnitTestResult executionId="befc3555-53db-44fc-ac24-1cf2f314e720" testId="d6c3c325-4119-8dd1-476b-5d0386c6cccf" testName="Nzr.ToolBox.Core.Tests.StringUtilsTest.DescribeIfNone_WithRegularString_ShouldReturnString" computerName="WORKSTATION" duration="00:00:00.0040000" startTime="2019-11-07T10:02:33.8901006-03:00" endTime="2019-11-07T10:02:33.8901008-03:00" testType="13cdc9d9-ddb5-4fa4-a97d-d965ccfc6d4b" outcome="Passed" testListId="8c84fa94-04c1-424b-9868-57a2d4851a1d" relativeResultsDirectory="befc3555-53db-44fc-ac24-1cf2f314e720" />
    <UnitTestResult executionId="887ea2fe-be2a-4d1d-abf6-26df0f710bc4" testId="dc5791cb-7903-211e-65c9-770b2ab7868e" testName="Nzr.ToolBox.Core.Tests.ObjectUtilsTest.IfNotNull_WithNullValue_ShouldThrowException" computerName="WORKSTATION" duration="00:00:00.0030000" startTime="2019-11-07T10:02:34.2163253-03:00" endTime="2019-11-07T10:02:34.2163259-03:00" testType="13cdc9d9-ddb5-4fa4-a97d-d965ccfc6d4b" outcome="Passed" testListId="8c84fa94-04c1-424b-9868-57a2d4851a1d" relativeResultsDirectory="887ea2fe-be2a-4d1d-abf6-26df0f710bc4" />
    <UnitTestResult executionId="b8fee3a7-fa44-4719-a4f9-4b79300a4b21" testId="aa3a386d-4e0e-5a63-1b9c-2e9bdb13caac" testName="Nzr.ToolBox.Core.Tests.StringUtilsTest.ContainsAny_WithStringContainingOneOfSubstring_ShouldReturnTrue" computerName="WORKSTATION" duration="00:00:00.0010000" startTime="2019-11-07T10:02:33.8894536-03:00" endTime="2019-11-07T10:02:33.8894537-03:00" testType="13cdc9d9-ddb5-4fa4-a97d-d965ccfc6d4b" outcome="Passed" testListId="8c84fa94-04c1-424b-9868-57a2d4851a1d" relativeResultsDirectory="b8fee3a7-fa44-4719-a4f9-4b79300a4b21" />
    <UnitTestResult executionId="e7746d7b-f28e-4c50-8e0f-24f963847774" testId="48363db6-7d73-92e2-7a0b-07d8a9dcb62e" testName="Nzr.ToolBox.Core.Tests.CollectionUtilsTests.Add_WithNullCollection_ShouldNotAddAllElements" computerName="WORKSTATION" duration="00:00:00.0010000" startTime="2019-11-07T10:02:33.9766717-03:00" endTime="2019-11-07T10:02:33.9766718-03:00" testType="13cdc9d9-ddb5-4fa4-a97d-d965ccfc6d4b" outcome="Passed" testListId="8c84fa94-04c1-424b-9868-57a2d4851a1d" relativeResultsDirectory="e7746d7b-f28e-4c50-8e0f-24f963847774" />
    <UnitTestResult executionId="b84dee89-213c-4a59-976b-368c1198b0a5" testId="df159263-51bd-d891-b020-758bba5e657f" testName="Nzr.ToolBox.Core.Tests.StringUtilsTest.IsAllBlank_WithOneEmpty_ShouldReturnTrue" computerName="WORKSTATION" duration="00:00:00.0010000" startTime="2019-11-07T10:02:33.9625141-03:00" endTime="2019-11-07T10:02:33.9625144-03:00" testType="13cdc9d9-ddb5-4fa4-a97d-d965ccfc6d4b" outcome="Passed" testListId="8c84fa94-04c1-424b-9868-57a2d4851a1d" relativeResultsDirectory="b84dee89-213c-4a59-976b-368c1198b0a5" />
    <UnitTestResult executionId="1e99ad52-ad7e-457c-a176-16c209a2077f" testId="f681d49e-3f25-06a7-6205-1c8f2398b635" testName="Nzr.ToolBox.Core.Tests.BooleanUtilsTests.ToBool_WithPositiveNonZero_ShouldReturnTrue(b: 1, s: 1, i: 1, l: 1, f: 1, d: 1, m: 1)" computerName="WORKSTATION" duration="00:00:00.0010000" startTime="2019-11-07T10:02:33.8939818-03:00" endTime="2019-11-07T10:02:33.8939820-03:00" testType="13cdc9d9-ddb5-4fa4-a97d-d965ccfc6d4b" outcome="Passed" testListId="8c84fa94-04c1-424b-9868-57a2d4851a1d" relativeResultsDirectory="1e99ad52-ad7e-457c-a176-16c209a2077f" />
    <UnitTestResult executionId="5bdbf787-a7e8-415e-aaae-1f28d0e084e6" testId="28ef9235-5d17-493e-f387-17901bee93d7" testName="Nzr.ToolBox.Core.Tests.BooleanUtilsTests.IsAnyFalse_WithAllTrueValues_ShouldReturnFalse" computerName="WORKSTATION" duration="00:00:00.0030000" startTime="2019-11-07T10:02:33.8900043-03:00" endTime="2019-11-07T10:02:33.8900047-03:00" testType="13cdc9d9-ddb5-4fa4-a97d-d965ccfc6d4b" outcome="Passed" testListId="8c84fa94-04c1-424b-9868-57a2d4851a1d" relativeResultsDirectory="5bdbf787-a7e8-415e-aaae-1f28d0e084e6" />
    <UnitTestResult executionId="e6a5d664-ab41-429a-8f2d-5bfb1f73ccb7" testId="11a672c1-3304-329d-6cef-40a099ed2b03" testName="Nzr.ToolBox.Core.Tests.StringUtilsTest.IsNotNumber_WithNumeric_ShouldReturnFalse" computerName="WORKSTATION" duration="00:00:00.0010000" startTime="2019-11-07T10:02:33.9176680-03:00" endTime="2019-11-07T10:02:33.9176683-03:00" testType="13cdc9d9-ddb5-4fa4-a97d-d965ccfc6d4b" outcome="Passed" testListId="8c84fa94-04c1-424b-9868-57a2d4851a1d" relativeResultsDirectory="e6a5d664-ab41-429a-8f2d-5bfb1f73ccb7" />
    <UnitTestResult executionId="6f6bf01e-e768-4beb-8f86-3fb7ba5658ac" testId="474289fd-78a2-44f4-466e-fab96cf061fe" testName="Nzr.ToolBox.Core.Tests.CollectionUtilsTests.ForEach_WithNull_ShouldNotExecuteAction" computerName="WORKSTATION" duration="00:00:00.0010000" startTime="2019-11-07T10:02:33.9765450-03:00" endTime="2019-11-07T10:02:33.9765453-03:00" testType="13cdc9d9-ddb5-4fa4-a97d-d965ccfc6d4b" outcome="Passed" testListId="8c84fa94-04c1-424b-9868-57a2d4851a1d" relativeResultsDirectory="6f6bf01e-e768-4beb-8f86-3fb7ba5658ac" />
    <UnitTestResult executionId="e4e06e33-2853-41b8-9258-55e3b3a35514" testId="d6c18a40-784b-6849-0320-923e0a1eba0e" testName="Nzr.ToolBox.Core.Tests.CollectionUtilsTests.IsEmpty_WithNull_ShouldReturnTrue" computerName="WORKSTATION" duration="00:00:00.0010000" startTime="2019-11-07T10:02:33.9093637-03:00" endTime="2019-11-07T10:02:33.9093640-03:00" testType="13cdc9d9-ddb5-4fa4-a97d-d965ccfc6d4b" outcome="Passed" testListId="8c84fa94-04c1-424b-9868-57a2d4851a1d" relativeResultsDirectory="e4e06e33-2853-41b8-9258-55e3b3a35514" />
    <UnitTestResult executionId="a27435f3-53f5-4eec-a4c0-1f59ce8a0dc0" testId="9395d62a-bb73-ed55-16b7-2f3d5b4afa0d" testName="Nzr.ToolBox.Core.Tests.BooleanUtilsTests.Describe_WihNullValueAndWithDefaultNullString_ShouldReturnYes" computerName="WORKSTATION" duration="00:00:00.0010000" startTime="2019-11-07T10:02:33.8898034-03:00" endTime="2019-11-07T10:02:33.8898037-03:00" testType="13cdc9d9-ddb5-4fa4-a97d-d965ccfc6d4b" outcome="Passed" testListId="8c84fa94-04c1-424b-9868-57a2d4851a1d" relativeResultsDirectory="a27435f3-53f5-4eec-a4c0-1f59ce8a0dc0" />
    <UnitTestResult executionId="79379561-1d5f-4547-b5e3-c88ad7e2e98d" testId="8b06dbf8-2d8a-5226-9011-d08c484cab2f" testName="Nzr.ToolBox.Core.Tests.CollectionUtilsTests.IsEmpty_WithEmpty_ShouldReturnTrue" computerName="WORKSTATION" duration="00:00:00.0010000" startTime="2019-11-07T10:02:33.9253903-03:00" endTime="2019-11-07T10:02:33.9253906-03:00" testType="13cdc9d9-ddb5-4fa4-a97d-d965ccfc6d4b" outcome="Passed" testListId="8c84fa94-04c1-424b-9868-57a2d4851a1d" relativeResultsDirectory="79379561-1d5f-4547-b5e3-c88ad7e2e98d" />
    <UnitTestResult executionId="9e772b6a-c7c1-40a1-aff8-1c55e5340d3f" testId="c6c7d0b1-8655-bb37-7b06-f95f79a47486" testName="Nzr.ToolBox.Core.Tests.ObjectUtilsTest.IsAnyNull_WithAllNonNull_ShouldReturnFalse" computerName="WORKSTATION" duration="00:00:00.0010000" startTime="2019-11-07T10:02:34.2239095-03:00" endTime="2019-11-07T10:02:34.2239103-03:00" testType="13cdc9d9-ddb5-4fa4-a97d-d965ccfc6d4b" outcome="Passed" testListId="8c84fa94-04c1-424b-9868-57a2d4851a1d" relativeResultsDirectory="9e772b6a-c7c1-40a1-aff8-1c55e5340d3f" />
    <UnitTestResult executionId="0a41968c-5147-497c-94c5-2189e65e679b" testId="ef6ada67-330a-0b9a-effa-9092d4393f41" testName="Nzr.ToolBox.Core.Tests.CollectionUtilsTests.ContainsAny_WithNullSourceEnumerable_ShouldReturnFalse" computerName="WORKSTATION" duration="00:00:00.0010000" startTime="2019-11-07T10:02:33.9340327-03:00" endTime="2019-11-07T10:02:33.9340330-03:00" testType="13cdc9d9-ddb5-4fa4-a97d-d965ccfc6d4b" outcome="Passed" testListId="8c84fa94-04c1-424b-9868-57a2d4851a1d" relativeResultsDirectory="0a41968c-5147-497c-94c5-2189e65e679b" />
    <UnitTestResult executionId="f15931ee-eabc-4e9b-a9ed-8ca13e717022" testId="39dfd282-5fe4-ceef-3391-cce4f58db31f" testName="Nzr.ToolBox.Core.Tests.StringUtilsTest.Format_WithNullString_ShouldReturnNull" computerName="WORKSTATION" duration="00:00:00.0020000" startTime="2019-11-07T10:02:33.9217180-03:00" endTime="2019-11-07T10:02:33.9217185-03:00" testType="13cdc9d9-ddb5-4fa4-a97d-d965ccfc6d4b" outcome="Passed" testListId="8c84fa94-04c1-424b-9868-57a2d4851a1d" relativeResultsDirectory="f15931ee-eabc-4e9b-a9ed-8ca13e717022" />
    <UnitTestResult executionId="9368263e-d8d0-4a69-815e-2e5ae8d64ec9" testId="16e225c7-ff41-4d1e-ea8a-a910d30a164b" testName="Nzr.ToolBox.Core.Tests.StringUtilsTest.Repeat_WithNull_ShouldReturnNull" computerName="WORKSTATION" duration="00:00:00.0010000" startTime="2019-11-07T10:02:33.9020847-03:00" endTime="2019-11-07T10:02:33.9020850-03:00" testType="13cdc9d9-ddb5-4fa4-a97d-d965ccfc6d4b" outcome="Passed" testListId="8c84fa94-04c1-424b-9868-57a2d4851a1d" relativeResultsDirectory="9368263e-d8d0-4a69-815e-2e5ae8d64ec9" />
    <UnitTestResult executionId="bae76169-7220-46d7-a298-de01127f7b10" testId="3c08c190-08d7-dfc9-ae9e-484d70f645bc" testName="Nzr.ToolBox.Core.Tests.BooleanUtilsTests.IsFalse_WithTrueValue_ShouldReturnFalse" computerName="WORKSTATION" duration="00:00:00.0010000" startTime="2019-11-07T10:02:33.9019485-03:00" endTime="2019-11-07T10:02:33.9019488-03:00" testType="13cdc9d9-ddb5-4fa4-a97d-d965ccfc6d4b" outcome="Passed" testListId="8c84fa94-04c1-424b-9868-57a2d4851a1d" relativeResultsDirectory="bae76169-7220-46d7-a298-de01127f7b10" />
    <UnitTestResult executionId="4ee0d6bf-a1a4-43c3-9da5-71d9f314830f" testId="f5642f76-0883-ad8b-d556-29e3eb347cee" testName="Nzr.ToolBox.Core.Tests.ObjectUtilsTest.IsAllNull_WithOneNonNull_ShouldReturnFalse" computerName="WORKSTATION" duration="00:00:00.0010000" startTime="2019-11-07T10:02:34.3914986-03:00" endTime="2019-11-07T10:02:34.3914989-03:00" testType="13cdc9d9-ddb5-4fa4-a97d-d965ccfc6d4b" outcome="Passed" testListId="8c84fa94-04c1-424b-9868-57a2d4851a1d" relativeResultsDirectory="4ee0d6bf-a1a4-43c3-9da5-71d9f314830f" />
    <UnitTestResult executionId="b53c1347-9811-414c-97ef-43bee8c99b7b" testId="4a5c20cb-2c1d-4475-6cd5-7c6e3e33b758" testName="Nzr.ToolBox.Core.Tests.BooleanUtilsTests.IsTrue_WithTrueValue_ShouldReturnTrue" computerName="WORKSTATION" duration="00:00:00.0010000" startTime="2019-11-07T10:02:33.8721652-03:00" endTime="2019-11-07T10:02:33.8721655-03:00" testType="13cdc9d9-ddb5-4fa4-a97d-d965ccfc6d4b" outcome="Passed" testListId="8c84fa94-04c1-424b-9868-57a2d4851a1d" relativeResultsDirectory="b53c1347-9811-414c-97ef-43bee8c99b7b" />
    <UnitTestResult executionId="73026ddf-e85e-4040-bd8f-97a4ba59a30c" testId="ef1cb9b1-5ade-bdda-d597-f65de556664c" testName="Nzr.ToolBox.Core.Tests.CollectionUtilsTests.GetKey_WithNullInput_ShouldReturnNull" computerName="WORKSTATION" duration="00:00:00.0010000" startTime="2019-11-07T10:02:33.9766162-03:00" endTime="2019-11-07T10:02:33.9766164-03:00" testType="13cdc9d9-ddb5-4fa4-a97d-d965ccfc6d4b" outcome="Passed" testListId="8c84fa94-04c1-424b-9868-57a2d4851a1d" relativeResultsDirectory="73026ddf-e85e-4040-bd8f-97a4ba59a30c" />
    <UnitTestResult executionId="a9bf3b26-3382-44d0-997c-1a356cf4567f" testId="3c116de1-cd29-a2eb-b3ef-190f69cec8ec" testName="Nzr.ToolBox.Core.Tests.StringUtilsTest.IsBlank_WithEmptyString_ShouldReturnTrue" computerName="WORKSTATION" duration="00:00:00.0010000" startTime="2019-11-07T10:02:33.9559244-03:00" endTime="2019-11-07T10:02:33.9559247-03:00" testType="13cdc9d9-ddb5-4fa4-a97d-d965ccfc6d4b" outcome="Passed" testListId="8c84fa94-04c1-424b-9868-57a2d4851a1d" relativeResultsDirectory="a9bf3b26-3382-44d0-997c-1a356cf4567f" />
    <UnitTestResult executionId="195d6089-7934-4917-8642-9e7b91860ab0" testId="db495440-895e-2929-0413-74f28674d8ff" testName="Nzr.ToolBox.Core.Tests.RandomUtilsTest.RandomFloat_ShouldReturnUniqueValues(iterations: 10000, seed: 1)" computerName="WORKSTATION" duration="00:00:00.0490000" startTime="2019-11-07T10:02:34.3053436-03:00" endTime="2019-11-07T10:02:34.3053443-03:00" testType="13cdc9d9-ddb5-4fa4-a97d-d965ccfc6d4b" outcome="Passed" testListId="8c84fa94-04c1-424b-9868-57a2d4851a1d" relativeResultsDirectory="195d6089-7934-4917-8642-9e7b91860ab0" />
    <UnitTestResult executionId="e16178ca-65ed-4b1f-9d56-159a21e61673" testId="b39dab9a-0d55-2e3f-5d47-ce0f5ed831f6" testName="Nzr.ToolBox.Core.Tests.ReflectionUtilsTest.ExecuteForEachProperty_ShouldExecuteAction" computerName="WORKSTATION" duration="00:00:00.0050000" startTime="2019-11-07T10:02:33.9251343-03:00" endTime="2019-11-07T10:02:33.9251345-03:00" testType="13cdc9d9-ddb5-4fa4-a97d-d965ccfc6d4b" outcome="Passed" testListId="8c84fa94-04c1-424b-9868-57a2d4851a1d" relativeResultsDirectory="e16178ca-65ed-4b1f-9d56-159a21e61673" />
    <UnitTestResult executionId="4115f9d1-d5fe-42b7-bc3d-0f11eb0e2cd5" testId="e8ec249d-dc87-2471-df22-5e2bd5f5cfd6" testName="Nzr.ToolBox.Core.Tests.ObjectUtilsTest.RequireNonNull_WithNonNull_ShouldNotThrowExcetpion" computerName="WORKSTATION" duration="00:00:00.0010000" startTime="2019-11-07T10:02:34.2246387-03:00" endTime="2019-11-07T10:02:34.2246391-03:00" testType="13cdc9d9-ddb5-4fa4-a97d-d965ccfc6d4b" outcome="Passed" testListId="8c84fa94-04c1-424b-9868-57a2d4851a1d" relativeResultsDirectory="4115f9d1-d5fe-42b7-bc3d-0f11eb0e2cd5" />
    <UnitTestResult executionId="4f6c5bea-60aa-4b04-a751-6d132b6dd6ca" testId="8cfb34fe-4adc-92b2-4e95-dd104149bccb" testName="Nzr.ToolBox.Core.Tests.StringUtilsTest.Repeat_WithNonNull_ShouldReturnValuesTimesGiven" computerName="WORKSTATION" duration="00:00:00.0010000" startTime="2019-11-07T10:02:33.9522573-03:00" endTime="2019-11-07T10:02:33.9522576-03:00" testType="13cdc9d9-ddb5-4fa4-a97d-d965ccfc6d4b" outcome="Passed" testListId="8c84fa94-04c1-424b-9868-57a2d4851a1d" relativeResultsDirectory="4f6c5bea-60aa-4b04-a751-6d132b6dd6ca" />
    <UnitTestResult executionId="18df4970-2a17-4fae-8640-2c632bc5b4a4" testId="b89dea80-2b79-97b6-0fdd-76dc58be24ef" testName="Nzr.ToolBox.Core.Tests.StringUtilsTest.DescribeIfNone_WithNull_ShouldReturnNullString" computerName="WORKSTATION" duration="00:00:00.0010000" startTime="2019-11-07T10:02:33.9523703-03:00" endTime="2019-11-07T10:02:33.9523706-03:00" testType="13cdc9d9-ddb5-4fa4-a97d-d965ccfc6d4b" outcome="Passed" testListId="8c84fa94-04c1-424b-9868-57a2d4851a1d" relativeResultsDirectory="18df4970-2a17-4fae-8640-2c632bc5b4a4" />
    <UnitTestResult executionId="99e61f1e-7a8a-46aa-97d0-af1b536f326e" testId="a8873542-1747-c963-22ae-667f3818d7ed" testName="Nzr.ToolBox.Core.Tests.CollectionUtilsTests.Add_ShouldAddAllElements" computerName="WORKSTATION" duration="00:00:00.0020000" startTime="2019-11-07T10:02:33.9554463-03:00" endTime="2019-11-07T10:02:33.9554468-03:00" testType="13cdc9d9-ddb5-4fa4-a97d-d965ccfc6d4b" outcome="Passed" testListId="8c84fa94-04c1-424b-9868-57a2d4851a1d" relativeResultsDirectory="99e61f1e-7a8a-46aa-97d0-af1b536f326e" />
    <UnitTestResult executionId="91f5131d-5e57-4939-9eed-eec1f855ff45" testId="3b3f03b2-7036-9975-1ea0-fbee6b6a40d0" testName="Nzr.ToolBox.Core.Tests.CollectionUtilsTests.EmptyIfNull_WithNonNullGenericEnumerable_ShouldTheEnumerable" computerName="WORKSTATION" duration="00:00:00.0020000" startTime="2019-11-07T10:02:33.9181156-03:00" endTime="2019-11-07T10:02:33.9181158-03:00" testType="13cdc9d9-ddb5-4fa4-a97d-d965ccfc6d4b" outcome="Passed" testListId="8c84fa94-04c1-424b-9868-57a2d4851a1d" relativeResultsDirectory="91f5131d-5e57-4939-9eed-eec1f855ff45" />
    <UnitTestResult executionId="c048edeb-0648-4176-ac01-442adc77074f" testId="81f4be93-f58a-fe7a-4fed-525380a4a47a" testName="Nzr.ToolBox.Core.Tests.StringUtilsTest.ContainsNone_WithOrdinalIgnoreCaseStringContainingOneOfSubstring_ShouldReturnFalse" computerName="WORKSTATION" duration="00:00:00.0010000" startTime="2019-11-07T10:02:33.9451130-03:00" endTime="2019-11-07T10:02:33.9451133-03:00" testType="13cdc9d9-ddb5-4fa4-a97d-d965ccfc6d4b" outcome="Passed" testListId="8c84fa94-04c1-424b-9868-57a2d4851a1d" relativeResultsDirectory="c048edeb-0648-4176-ac01-442adc77074f" />
    <UnitTestResult executionId="b94196e8-c7e5-4474-8166-e620014b8b60" testId="e397fe5c-dda2-b97d-97d4-6dd12c3d68a3" testName="Nzr.ToolBox.Core.Tests.StringUtilsTest.GetFirstNonEmpty_WithNonEmptyString_ShouldReturnNonEmptyString" computerName="WORKSTATION" duration="00:00:00.0030000" startTime="2019-11-07T10:02:33.9292832-03:00" endTime="2019-11-07T10:02:33.9292835-03:00" testType="13cdc9d9-ddb5-4fa4-a97d-d965ccfc6d4b" outcome="Passed" testListId="8c84fa94-04c1-424b-9868-57a2d4851a1d" relativeResultsDirectory="b94196e8-c7e5-4474-8166-e620014b8b60" />
    <UnitTestResult executionId="31994e93-3dd3-4efa-9b6d-f788c90e99a9" testId="4b89d93e-7058-25e8-68ff-2910059c6bc1" testName="Nzr.ToolBox.Core.Tests.RandomUtilsTest.RandomString_WithSpecificChars_ShouldReturnSpecificString" computerName="WORKSTATION" duration="00:00:00.0570000" startTime="2019-11-07T10:02:34.3626190-03:00" endTime="2019-11-07T10:02:34.3626198-03:00" testType="13cdc9d9-ddb5-4fa4-a97d-d965ccfc6d4b" outcome="Passed" testListId="8c84fa94-04c1-424b-9868-57a2d4851a1d" relativeResultsDirectory="31994e93-3dd3-4efa-9b6d-f788c90e99a9" />
    <UnitTestResult executionId="a17009a1-0056-4da1-ada5-c808715911ba" testId="21d2f5b5-8824-b5dc-5b55-bc862d5c638c" testName="Nzr.ToolBox.Core.Tests.CollectionUtilsTests.ForEach_WithGenericList_ShouldExecuteFunction" computerName="WORKSTATION" duration="00:00:00.0020000" startTime="2019-11-07T10:02:33.9339150-03:00" endTime="2019-11-07T10:02:33.9339153-03:00" testType="13cdc9d9-ddb5-4fa4-a97d-d965ccfc6d4b" outcome="Passed" testListId="8c84fa94-04c1-424b-9868-57a2d4851a1d" relativeResultsDirectory="a17009a1-0056-4da1-ada5-c808715911ba" />
    <UnitTestResult executionId="21877192-6861-4ce0-94a4-608e5c5707d1" testId="b334286c-9c15-1dd5-c77e-1b9fe030040e" testName="Nzr.ToolBox.Core.Tests.StringUtilsTest.IsNotBlank_WithBlankString_ShouldReturnTrue" computerName="WORKSTATION" duration="00:00:00.0010000" startTime="2019-11-07T10:02:33.8685031-03:00" endTime="2019-11-07T10:02:33.8685034-03:00" testType="13cdc9d9-ddb5-4fa4-a97d-d965ccfc6d4b" outcome="Passed" testListId="8c84fa94-04c1-424b-9868-57a2d4851a1d" relativeResultsDirectory="21877192-6861-4ce0-94a4-608e5c5707d1" />
    <UnitTestResult executionId="45956acd-b1d0-4006-afc7-adb7f1f26a58" testId="a17b2044-60f5-4812-5bc4-2de8d6ca5463" testName="Nzr.ToolBox.Core.Tests.RandomUtilsTest.RandomDecimal_ShouldReturnUniqueValues(iterations: 10000, seed: null)" computerName="WORKSTATION" duration="00:00:00.0310000" startTime="2019-11-07T10:02:34.1511286-03:00" endTime="2019-11-07T10:02:34.1511292-03:00" testType="13cdc9d9-ddb5-4fa4-a97d-d965ccfc6d4b" outcome="Passed" testListId="8c84fa94-04c1-424b-9868-57a2d4851a1d" relativeResultsDirectory="45956acd-b1d0-4006-afc7-adb7f1f26a58" />
    <UnitTestResult executionId="70698891-e50b-4cf5-9a5f-25d9bb4cfcc9" testId="0d7388ec-535d-bdbd-7333-2708e1a2ca4e" testName="Nzr.ToolBox.Core.Tests.StringUtilsTest.IsNotEmpty_WithEmptyString_ShouldReturnFalse" computerName="WORKSTATION" duration="00:00:00.0010000" startTime="2019-11-07T10:02:33.9517534-03:00" endTime="2019-11-07T10:02:33.9517537-03:00" testType="13cdc9d9-ddb5-4fa4-a97d-d965ccfc6d4b" outcome="Passed" testListId="8c84fa94-04c1-424b-9868-57a2d4851a1d" relativeResultsDirectory="70698891-e50b-4cf5-9a5f-25d9bb4cfcc9" />
    <UnitTestResult executionId="90ccb264-88d9-47e9-bfc4-a2f2146e7695" testId="3c6ff78b-37a5-1893-6545-c9982c97f098" testName="Nzr.ToolBox.Core.Tests.RandomUtilsTest.RandomString_WithLetterOnly_ShouldReturnAlphaString" computerName="WORKSTATION" duration="00:00:00.0060000" startTime="2019-11-07T10:02:33.8752883-03:00" endTime="2019-11-07T10:02:33.8752886-03:00" testType="13cdc9d9-ddb5-4fa4-a97d-d965ccfc6d4b" outcome="Passed" testListId="8c84fa94-04c1-424b-9868-57a2d4851a1d" relativeResultsDirectory="90ccb264-88d9-47e9-bfc4-a2f2146e7695" />
    <UnitTestResult executionId="24eff2a9-d21d-4cba-b9d3-311014e92789" testId="164b891a-cd2a-f888-7f37-eb0e28476c0f" testName="Nzr.ToolBox.Core.Tests.ObjectUtilsTest.LastNonNull_WithAnyNonNull_ShouldReturnLastNonNull" computerName="WORKSTATION" duration="00:00:00.0030000" startTime="2019-11-07T10:02:34.2192161-03:00" endTime="2019-11-07T10:02:34.2192167-03:00" testType="13cdc9d9-ddb5-4fa4-a97d-d965ccfc6d4b" outcome="Passed" testListId="8c84fa94-04c1-424b-9868-57a2d4851a1d" relativeResultsDirectory="24eff2a9-d21d-4cba-b9d3-311014e92789" />
    <UnitTestResult executionId="a5b2898a-d849-43db-8eed-7cab31fdbb1c" testId="6b51fd93-cfcb-0aea-d26c-8be65f40eb5a" testName="Nzr.ToolBox.Core.Tests.StringUtilsTest.DefaultIfBlank_WitNonBlankString_ShouldReturnString" computerName="WORKSTATION" duration="00:00:00.0010000" startTime="2019-11-07T10:02:33.8933759-03:00" endTime="2019-11-07T10:02:33.8933766-03:00" testType="13cdc9d9-ddb5-4fa4-a97d-d965ccfc6d4b" outcome="Passed" testListId="8c84fa94-04c1-424b-9868-57a2d4851a1d" relativeResultsDirectory="a5b2898a-d849-43db-8eed-7cab31fdbb1c" />
    <UnitTestResult executionId="045d6f22-bc37-4669-82da-304e34548a9f" testId="10c60c49-fc34-a570-7e27-f72cbc125676" testName="Nzr.ToolBox.Core.Tests.CollectionUtilsTests.GetKey_WithNotMappedInput_ShouldReturnNull" computerName="WORKSTATION" duration="00:00:00.0010000" startTime="2019-11-07T10:02:33.9791376-03:00" endTime="2019-11-07T10:02:33.9791379-03:00" testType="13cdc9d9-ddb5-4fa4-a97d-d965ccfc6d4b" outcome="Passed" testListId="8c84fa94-04c1-424b-9868-57a2d4851a1d" relativeResultsDirectory="045d6f22-bc37-4669-82da-304e34548a9f" />
    <UnitTestResult executionId="26552c47-82a1-4348-acbc-a5e8dda4bb6a" testId="bd4840b2-65f4-1738-f51a-39c1c1a95ff4" testName="Nzr.ToolBox.Core.Tests.RandomUtilsTest.RandomByte_ShouldReturnUniqueValues(iterations: 255, seed: 1)" computerName="WORKSTATION" duration="00:00:00.0010000" startTime="2019-11-07T10:02:33.8685738-03:00" endTime="2019-11-07T10:02:33.8685741-03:00" testType="13cdc9d9-ddb5-4fa4-a97d-d965ccfc6d4b" outcome="Passed" testListId="8c84fa94-04c1-424b-9868-57a2d4851a1d" relativeResultsDirectory="26552c47-82a1-4348-acbc-a5e8dda4bb6a" />
    <UnitTestResult executionId="b380bdfa-a4a6-4046-99c7-360ea3bc5ce4" testId="f97de579-490f-3478-7018-3655f4bebed4" testName="Nzr.ToolBox.Core.Tests.StringUtilsTest.IsNumber_WithAlhphanumeric_ShouldReturnFalse" computerName="WORKSTATION" duration="00:00:00.0010000" startTime="2019-11-07T10:02:33.9384239-03:00" endTime="2019-11-07T10:02:33.9384242-03:00" testType="13cdc9d9-ddb5-4fa4-a97d-d965ccfc6d4b" outcome="Passed" testListId="8c84fa94-04c1-424b-9868-57a2d4851a1d" relativeResultsDirectory="b380bdfa-a4a6-4046-99c7-360ea3bc5ce4" />
    <UnitTestResult executionId="44ad76b7-0110-435c-b1da-c008da9e9f42" testId="472f486e-769d-9d63-2be1-4ee1c9a10ec8" testName="Nzr.ToolBox.Core.Tests.CollectionUtilsTests.ForEach_WithNullList_ShouldNotExecuteAction" computerName="WORKSTATION" duration="00:00:00.0010000" startTime="2019-11-07T10:02:33.9705126-03:00" endTime="2019-11-07T10:02:33.9705129-03:00" testType="13cdc9d9-ddb5-4fa4-a97d-d965ccfc6d4b" outcome="Passed" testListId="8c84fa94-04c1-424b-9868-57a2d4851a1d" relativeResultsDirectory="44ad76b7-0110-435c-b1da-c008da9e9f42" />
    <UnitTestResult executionId="0053dfac-df79-4de9-be29-487e72f31415" testId="e7c5d70f-845a-794e-5db5-61ecf0bcf4a3" testName="Nzr.ToolBox.Core.Tests.StringUtilsTest.IsAllEmpty_WithNullStrings_ShouldReturnTrue" computerName="WORKSTATION" duration="00:00:00.0010000" startTime="2019-11-07T10:02:33.9379374-03:00" endTime="2019-11-07T10:02:33.9379377-03:00" testType="13cdc9d9-ddb5-4fa4-a97d-d965ccfc6d4b" outcome="Passed" testListId="8c84fa94-04c1-424b-9868-57a2d4851a1d" relativeResultsDirectory="0053dfac-df79-4de9-be29-487e72f31415" />
    <UnitTestResult executionId="c7f0fac5-d01d-491f-86ba-2ecf7f2e1d1d" testId="b5c65171-5bde-d993-6882-e95aac21805c" testName="Nzr.ToolBox.Core.Tests.StringUtilsTest.ContainsAll_WithNullStringContainigAllNullSubstrings_ShouldReturnTrue" computerName="WORKSTATION" duration="00:00:00.0010000" startTime="2019-11-07T10:02:33.9696074-03:00" endTime="2019-11-07T10:02:33.9696079-03:00" testType="13cdc9d9-ddb5-4fa4-a97d-d965ccfc6d4b" outcome="Passed" testListId="8c84fa94-04c1-424b-9868-57a2d4851a1d" relativeResultsDirectory="c7f0fac5-d01d-491f-86ba-2ecf7f2e1d1d" />
    <UnitTestResult executionId="e566343d-6a78-478a-bc46-db145791dc11" testId="7d18c862-cf05-abcb-0928-990c2f1e2fc6" testName="Nzr.ToolBox.Core.Tests.StringUtilsTest.IsAllBlank_WithNullStrings_ShouldReturnTrue" computerName="WORKSTATION" duration="00:00:00.0010000" startTime="2019-11-07T10:02:33.8759072-03:00" endTime="2019-11-07T10:02:33.8759075-03:00" testType="13cdc9d9-ddb5-4fa4-a97d-d965ccfc6d4b" outcome="Passed" testListId="8c84fa94-04c1-424b-9868-57a2d4851a1d" relativeResultsDirectory="e566343d-6a78-478a-bc46-db145791dc11" />
    <UnitTestResult executionId="4396aae2-d2a2-48c8-9165-0c9ad404ed1d" testId="79e2a514-0ea2-3daf-f0aa-1fc63dbc9aa2" testName="Nzr.ToolBox.Core.Tests.StringUtilsTest.Suffix_WithNullString_ShouldReturnSuffix" computerName="WORKSTATION" duration="00:00:00.0010000" startTime="2019-11-07T10:02:33.9052864-03:00" endTime="2019-11-07T10:02:33.9052867-03:00" testType="13cdc9d9-ddb5-4fa4-a97d-d965ccfc6d4b" outcome="Passed" testListId="8c84fa94-04c1-424b-9868-57a2d4851a1d" relativeResultsDirectory="4396aae2-d2a2-48c8-9165-0c9ad404ed1d" />
    <UnitTestResult executionId="be388c62-cdbb-4ecc-add8-b4629e4290e5" testId="13153add-9bc0-f723-33ce-d424523eb081" testName="Nzr.ToolBox.Core.Tests.NumberUtilsTest.ToHexadecimal_WithNumberWithoutPrefix_ShouldReturnBinaryNumbersOnly" computerName="WORKSTATION" duration="00:00:00.0020000" startTime="2019-11-07T10:02:33.8716492-03:00" endTime="2019-11-07T10:02:33.8716494-03:00" testType="13cdc9d9-ddb5-4fa4-a97d-d965ccfc6d4b" outcome="Passed" testListId="8c84fa94-04c1-424b-9868-57a2d4851a1d" relativeResultsDirectory="be388c62-cdbb-4ecc-add8-b4629e4290e5" />
    <UnitTestResult executionId="3e006236-052c-4a15-b6ed-57eab442f96f" testId="04deb678-c0aa-afd7-f73a-807625f6aa4a" testName="Nzr.ToolBox.Core.Tests.BooleanUtilsTests.ToBool_WithZeroOrNegative_ShouldReturnFalse(b: -1, s: -2, i: -3, l: -4, f: -5, d: -6, m: -7)" computerName="WORKSTATION" duration="00:00:00.0080000" startTime="2019-11-07T10:02:33.8824414-03:00" endTime="2019-11-07T10:02:33.8824416-03:00" testType="13cdc9d9-ddb5-4fa4-a97d-d965ccfc6d4b" outcome="Passed" testListId="8c84fa94-04c1-424b-9868-57a2d4851a1d" relativeResultsDirectory="3e006236-052c-4a15-b6ed-57eab442f96f" />
    <UnitTestResult executionId="bd42669b-8a10-4705-90f2-68b8f9b8aacd" testId="57a7a709-5f41-6a40-bb89-55bb8181b369" testName="Nzr.ToolBox.Core.Tests.StringUtilsTest.DefaultIfBlank_WitBlankString_ShouldReturnDefault" computerName="WORKSTATION" duration="00:00:00.0010000" startTime="2019-11-07T10:02:33.8683677-03:00" endTime="2019-11-07T10:02:33.8683681-03:00" testType="13cdc9d9-ddb5-4fa4-a97d-d965ccfc6d4b" outcome="Passed" testListId="8c84fa94-04c1-424b-9868-57a2d4851a1d" relativeResultsDirectory="bd42669b-8a10-4705-90f2-68b8f9b8aacd" />
    <UnitTestResult executionId="a0610c5f-15c1-448b-a7e6-72e2ff158c53" testId="28e678a0-2d75-ba44-cf85-f12a6e015f2f" testName="Nzr.ToolBox.Core.Tests.BooleanUtilsTests.IsFalse_WithNullOrFalseValue_ShouldReturnTrue(value: False)" computerName="WORKSTATION" duration="00:00:00.0010000" startTime="2019-11-07T10:02:33.8830018-03:00" endTime="2019-11-07T10:02:33.8830020-03:00" testType="13cdc9d9-ddb5-4fa4-a97d-d965ccfc6d4b" outcome="Passed" testListId="8c84fa94-04c1-424b-9868-57a2d4851a1d" relativeResultsDirectory="a0610c5f-15c1-448b-a7e6-72e2ff158c53" />
    <UnitTestResult executionId="15a767f0-23ef-4b92-9ab4-01d727519a36" testId="aa9cc0cb-14c6-ae07-bdfd-bae5f2a9924a" testName="Nzr.ToolBox.Core.Tests.CollectionUtilsTests.EmptyIfNull_WithNonNullEnumerable_ShouldTheEnumerable" computerName="WORKSTATION" duration="00:00:00.0010000" startTime="2019-11-07T10:02:33.9290751-03:00" endTime="2019-11-07T10:02:33.9290756-03:00" testType="13cdc9d9-ddb5-4fa4-a97d-d965ccfc6d4b" outcome="Passed" testListId="8c84fa94-04c1-424b-9868-57a2d4851a1d" relativeResultsDirectory="15a767f0-23ef-4b92-9ab4-01d727519a36" />
    <UnitTestResult executionId="2dda91b7-5b6a-48c6-bdc3-6d330c20235e" testId="f35f6eae-a2f2-9704-db53-5b689fdd1bea" testName="Nzr.ToolBox.Core.Tests.BooleanUtilsTests.ToBool_WithNonPositiveString_ShouldReturnFalse(value: &quot;&quot;)" computerName="WORKSTATION" duration="00:00:00.0010000" startTime="2019-11-07T10:02:33.8863268-03:00" endTime="2019-11-07T10:02:33.8863271-03:00" testType="13cdc9d9-ddb5-4fa4-a97d-d965ccfc6d4b" outcome="Passed" testListId="8c84fa94-04c1-424b-9868-57a2d4851a1d" relativeResultsDirectory="2dda91b7-5b6a-48c6-bdc3-6d330c20235e" />
    <UnitTestResult executionId="c034de71-6d5c-48c7-85b3-3a780876762c" testId="236a92cf-3924-1f9e-9e0c-dac1bdd2fdae" testName="Nzr.ToolBox.Core.Tests.StringUtilsTest.ReplaceNonNumeric_WithAlphanumeric_ShouldReturnNumericString" computerName="WORKSTATION" duration="00:00:00.0010000" startTime="2019-11-07T10:02:33.9620326-03:00" endTime="2019-11-07T10:02:33.9620332-03:00" testType="13cdc9d9-ddb5-4fa4-a97d-d965ccfc6d4b" outcome="Passed" testListId="8c84fa94-04c1-424b-9868-57a2d4851a1d" relativeResultsDirectory="c034de71-6d5c-48c7-85b3-3a780876762c" />
    <UnitTestResult executionId="30f35944-5ccb-4e59-99fc-0faffcd2a422" testId="5062168a-47a4-716c-83cf-4566eb406f51" testName="Nzr.ToolBox.Core.Tests.NumberUtilsTest.Average_ShouldReturnAverageValues" computerName="WORKSTATION" duration="00:00:00.0060000" startTime="2019-11-07T10:02:33.9482527-03:00" endTime="2019-11-07T10:02:33.9482530-03:00" testType="13cdc9d9-ddb5-4fa4-a97d-d965ccfc6d4b" outcome="Passed" testListId="8c84fa94-04c1-424b-9868-57a2d4851a1d" relativeResultsDirectory="30f35944-5ccb-4e59-99fc-0faffcd2a422" />
    <UnitTestResult executionId="efc5c757-df2c-4c1a-925c-1cbeea4ef182" testId="b292ce2e-5824-fb2a-2909-216dafdf7687" testName="Nzr.ToolBox.Core.Tests.StringUtilsTest.IsNotBlank_WithEmptyString_ShouldReturnFalse" computerName="WORKSTATION" duration="00:00:00.0010000" startTime="2019-11-07T10:02:33.9480160-03:00" endTime="2019-11-07T10:02:33.9480167-03:00" testType="13cdc9d9-ddb5-4fa4-a97d-d965ccfc6d4b" outcome="Passed" testListId="8c84fa94-04c1-424b-9868-57a2d4851a1d" relativeResultsDirectory="efc5c757-df2c-4c1a-925c-1cbeea4ef182" />
    <UnitTestResult executionId="804730f5-68cc-4b80-97df-190badabce3c" testId="a9c9a902-559f-8aa4-faab-16816a4be232" testName="Nzr.ToolBox.Core.Tests.ObjectUtilsTest.IfNotNull_WithNonNullValue_ShouldNotThrowException" computerName="WORKSTATION" duration="00:00:00.0130000" startTime="2019-11-07T10:02:34.2129213-03:00" endTime="2019-11-07T10:02:34.2129221-03:00" testType="13cdc9d9-ddb5-4fa4-a97d-d965ccfc6d4b" outcome="Passed" testListId="8c84fa94-04c1-424b-9868-57a2d4851a1d" relativeResultsDirectory="804730f5-68cc-4b80-97df-190badabce3c" />
    <UnitTestResult executionId="2f700cd6-bf8e-4124-b623-1e9fbf2f314d" testId="efc2d993-18be-3c80-9e27-1d4e6cfd44ac" testName="Nzr.ToolBox.Core.Tests.StringUtilsTest.IsAnyBlank_WithOneBlank_ShouldReturnTrue" computerName="WORKSTATION" duration="00:00:00.0010000" startTime="2019-11-07T10:02:33.9659703-03:00" endTime="2019-11-07T10:02:33.9659705-03:00" testType="13cdc9d9-ddb5-4fa4-a97d-d965ccfc6d4b" outcome="Passed" testListId="8c84fa94-04c1-424b-9868-57a2d4851a1d" relativeResultsDirectory="2f700cd6-bf8e-4124-b623-1e9fbf2f314d" />
    <UnitTestResult executionId="e38afc12-4ea7-4d00-a2b1-10d28b8d4b3f" testId="0ff73cd5-37ec-83b6-cca6-080e829305d1" testName="Nzr.ToolBox.Core.Tests.BooleanUtilsTests.IsAllFalse_WithAllFalseValues_ShouldReturnTrue" computerName="WORKSTATION" duration="00:00:00.0010000" startTime="2019-11-07T10:02:33.9021790-03:00" endTime="2019-11-07T10:02:33.9021793-03:00" testType="13cdc9d9-ddb5-4fa4-a97d-d965ccfc6d4b" outcome="Passed" testListId="8c84fa94-04c1-424b-9868-57a2d4851a1d" relativeResultsDirectory="e38afc12-4ea7-4d00-a2b1-10d28b8d4b3f" />
    <UnitTestResult executionId="0b905e5e-0f81-42ad-8135-e579f15d33ef" testId="dd50d1ab-aaa8-9c9d-a472-909eef6612ee" testName="Nzr.ToolBox.Core.Tests.StringUtilsTest.Capitalize_WithNonCapitalized_ShouldReturnCapitalized" computerName="WORKSTATION" duration="00:00:00.0010000" startTime="2019-11-07T10:02:33.8941864-03:00" endTime="2019-11-07T10:02:33.8941866-03:00" testType="13cdc9d9-ddb5-4fa4-a97d-d965ccfc6d4b" outcome="Passed" testListId="8c84fa94-04c1-424b-9868-57a2d4851a1d" relativeResultsDirectory="0b905e5e-0f81-42ad-8135-e579f15d33ef" />
    <UnitTestResult executionId="4162cb6c-fb0c-4057-9c82-5cd39f6476c5" testId="0f07da2a-afe3-eb2a-982c-c9250d4e2995" testName="Nzr.ToolBox.Core.Tests.RandomUtilsTest.RandomString_WithSymbolsOnly_ShouldReturnSymbolOnlyString" computerName="WORKSTATION" duration="00:00:00.0010000" startTime="2019-11-07T10:02:34.3639252-03:00" endTime="2019-11-07T10:02:34.3639259-03:00" testType="13cdc9d9-ddb5-4fa4-a97d-d965ccfc6d4b" outcome="Passed" testListId="8c84fa94-04c1-424b-9868-57a2d4851a1d" relativeResultsDirectory="4162cb6c-fb0c-4057-9c82-5cd39f6476c5" />
    <UnitTestResult executionId="8e5d4ce9-cca0-4b7d-a8b5-04de37250060" testId="da642cc4-82fe-b6d1-55ca-0b6105cd1909" testName="Nzr.ToolBox.Core.Tests.StringUtilsTest.Replace_WithNullString_ShouldReturnDefault" computerName="WORKSTATION" duration="00:00:00.0020000" startTime="2019-11-07T10:02:33.9481400-03:00" endTime="2019-11-07T10:02:33.9481403-03:00" testType="13cdc9d9-ddb5-4fa4-a97d-d965ccfc6d4b" outcome="Passed" testListId="8c84fa94-04c1-424b-9868-57a2d4851a1d" relativeResultsDirectory="8e5d4ce9-cca0-4b7d-a8b5-04de37250060" />
    <UnitTestResult executionId="bcc908f2-9830-4f3b-82a0-2688d479552a" testId="85b4abf3-134f-3845-e5fb-2d701e34abae" testName="Nzr.ToolBox.Core.Tests.StringUtilsTest.GetFirstNonBlank_WithNonBlankString_ShouldReturnNonBlankString" computerName="WORKSTATION" duration="00:00:00.0010000" startTime="2019-11-07T10:02:33.8754202-03:00" endTime="2019-11-07T10:02:33.8754205-03:00" testType="13cdc9d9-ddb5-4fa4-a97d-d965ccfc6d4b" outcome="Passed" testListId="8c84fa94-04c1-424b-9868-57a2d4851a1d" relativeResultsDirectory="bcc908f2-9830-4f3b-82a0-2688d479552a" />
    <UnitTestResult executionId="5f7668d0-0d38-47ab-8f56-a9aace55005b" testId="222f7168-7e34-cd8e-2834-adc8122c855d" testName="Nzr.ToolBox.Core.Tests.CollectionUtilsTests.IsNotEmpty_WithNonEmpty_ShouldReturnTrue" computerName="WORKSTATION" duration="00:00:00.0010000" startTime="2019-11-07T10:02:33.9215999-03:00" endTime="2019-11-07T10:02:33.9216001-03:00" testType="13cdc9d9-ddb5-4fa4-a97d-d965ccfc6d4b" outcome="Passed" testListId="8c84fa94-04c1-424b-9868-57a2d4851a1d" relativeResultsDirectory="5f7668d0-0d38-47ab-8f56-a9aace55005b" />
    <UnitTestResult executionId="f7f82e39-503e-4e95-a91e-74e271dfdae0" testId="31b0f7a4-7814-de1a-ba42-99fccbedaf77" testName="Nzr.ToolBox.Core.Tests.ObjectUtilsTest.IsAllNonNull_WithOneNull_ShouldReturnFalse" computerName="WORKSTATION" duration="00:00:00.0010000" startTime="2019-11-07T10:02:34.2254433-03:00" endTime="2019-11-07T10:02:34.2254437-03:00" testType="13cdc9d9-ddb5-4fa4-a97d-d965ccfc6d4b" outcome="Passed" testListId="8c84fa94-04c1-424b-9868-57a2d4851a1d" relativeResultsDirectory="f7f82e39-503e-4e95-a91e-74e271dfdae0" />
    <UnitTestResult executionId="a16b36bf-f2dd-401a-aca4-e6a9c273666a" testId="b389fce4-9131-dbd6-6cb1-9add0a76b08c" testName="Nzr.ToolBox.Core.Tests.StringUtilsTest.DefaultIfBlank_WithNullString_ShouldReturnDefault" computerName="WORKSTATION" duration="00:00:00.0010000" startTime="2019-11-07T10:02:33.9484644-03:00" endTime="2019-11-07T10:02:33.9484647-03:00" testType="13cdc9d9-ddb5-4fa4-a97d-d965ccfc6d4b" outcome="Passed" testListId="8c84fa94-04c1-424b-9868-57a2d4851a1d" relativeResultsDirectory="a16b36bf-f2dd-401a-aca4-e6a9c273666a" />
    <UnitTestResult executionId="37326f27-fd1d-42c3-8ec8-19c88886b56d" testId="349b454a-4a6b-82e1-71a0-9c64f08b3642" testName="Nzr.ToolBox.Core.Tests.ObjectUtilsTest.IfNull_WithNotNullValue_ShouldExecuteNotNullAction" computerName="WORKSTATION" duration="00:00:00.0020000" startTime="2019-11-07T10:02:34.2287997-03:00" endTime="2019-11-07T10:02:34.2288000-03:00" testType="13cdc9d9-ddb5-4fa4-a97d-d965ccfc6d4b" outcome="Passed" testListId="8c84fa94-04c1-424b-9868-57a2d4851a1d" relativeResultsDirectory="37326f27-fd1d-42c3-8ec8-19c88886b56d" />
    <UnitTestResult executionId="b4a32fc6-ffee-4e62-8927-546620da16bd" testId="16241dba-eaf4-0213-d6e5-c7da05851618" testName="Nzr.ToolBox.Core.Tests.StringUtilsTest.IsNumber_WithNull_ShouldReturnFalse" computerName="WORKSTATION" duration="00:00:00.0010000" startTime="2019-11-07T10:02:33.8787661-03:00" endTime="2019-11-07T10:02:33.8787666-03:00" testType="13cdc9d9-ddb5-4fa4-a97d-d965ccfc6d4b" outcome="Passed" testListId="8c84fa94-04c1-424b-9868-57a2d4851a1d" relativeResultsDirectory="b4a32fc6-ffee-4e62-8927-546620da16bd" />
    <UnitTestResult executionId="ee889885-b981-4d98-9a35-85c5e09a6f92" testId="af6775fd-d269-907e-4174-20941ea53792" testName="Nzr.ToolBox.Core.Tests.RandomUtilsTest.RandomDecimal_ShouldReturnUniqueValues(iterations: 10000, seed: 1)" computerName="WORKSTATION" duration="00:00:00.0440000" startTime="2019-11-07T10:02:34.1200193-03:00" endTime="2019-11-07T10:02:34.1200201-03:00" testType="13cdc9d9-ddb5-4fa4-a97d-d965ccfc6d4b" outcome="Passed" testListId="8c84fa94-04c1-424b-9868-57a2d4851a1d" relativeResultsDirectory="ee889885-b981-4d98-9a35-85c5e09a6f92" />
    <UnitTestResult executionId="cb1d1307-d238-4bee-92d9-17163b66cfee" testId="e8533fcc-bc29-5fe3-a5ee-e79f5f2b1440" testName="Nzr.ToolBox.Core.Tests.NumberUtilsTest.Abst_ShouldReturnAbsoluteValues" computerName="WORKSTATION" duration="00:00:00.0340000" startTime="2019-11-07T10:02:33.9143969-03:00" endTime="2019-11-07T10:02:33.9143972-03:00" testType="13cdc9d9-ddb5-4fa4-a97d-d965ccfc6d4b" outcome="Passed" testListId="8c84fa94-04c1-424b-9868-57a2d4851a1d" relativeResultsDirectory="cb1d1307-d238-4bee-92d9-17163b66cfee" />
    <UnitTestResult executionId="da91b136-2612-49e7-8f9f-b1022700107e" testId="a7cd429d-9ea9-105f-832c-f5c0d894de31" testName="Nzr.ToolBox.Core.Tests.ObjectUtilsTest.IfNotNull_WithNonNullValue_ShouldExecuteNotNullAction" computerName="WORKSTATION" duration="00:00:00.0020000" startTime="2019-11-07T10:02:34.2218295-03:00" endTime="2019-11-07T10:02:34.2218302-03:00" testType="13cdc9d9-ddb5-4fa4-a97d-d965ccfc6d4b" outcome="Passed" testListId="8c84fa94-04c1-424b-9868-57a2d4851a1d" relativeResultsDirectory="da91b136-2612-49e7-8f9f-b1022700107e" />
    <UnitTestResult executionId="9890d5fd-95f2-48a9-9369-9447abaaa535" testId="eacb19b9-5be6-0659-6867-c371141d3e61" testName="Nzr.ToolBox.Core.Tests.StringUtilsTest.ContainsAll_WithStringNotContainigAllSubstrings_ShouldReturnFalse" computerName="WORKSTATION" duration="00:00:00.0020000" startTime="2019-11-07T10:02:33.9094772-03:00" endTime="2019-11-07T10:02:33.9094775-03:00" testType="13cdc9d9-ddb5-4fa4-a97d-d965ccfc6d4b" outcome="Passed" testListId="8c84fa94-04c1-424b-9868-57a2d4851a1d" relativeResultsDirectory="9890d5fd-95f2-48a9-9369-9447abaaa535" />
    <UnitTestResult executionId="593e0549-43df-4993-99d5-70a9bbe4a0db" testId="3ab1d9fd-ee54-2c49-9b7b-7e9dfe78dfc4" testName="Nzr.ToolBox.Core.Tests.StringUtilsTest.IsAnyEmpty_WithNullOrEmptyStrings_ShouldReturnTrue" computerName="WORKSTATION" duration="00:00:00.0010000" startTime="2019-11-07T10:02:33.9449977-03:00" endTime="2019-11-07T10:02:33.9449980-03:00" testType="13cdc9d9-ddb5-4fa4-a97d-d965ccfc6d4b" outcome="Passed" testListId="8c84fa94-04c1-424b-9868-57a2d4851a1d" relativeResultsDirectory="593e0549-43df-4993-99d5-70a9bbe4a0db" />
    <UnitTestResult executionId="55ff12d5-cdb6-41fe-88db-d138f4066508" testId="605b98ce-b18c-dba8-4c19-a7179b0b35c6" testName="Nzr.ToolBox.Core.Tests.CollectionUtilsTests.GetKey_WithMappedInput_ShouldReturnKey" computerName="WORKSTATION" duration="00:00:00.0010000" startTime="2019-11-07T10:02:33.9559952-03:00" endTime="2019-11-07T10:02:33.9559955-03:00" testType="13cdc9d9-ddb5-4fa4-a97d-d965ccfc6d4b" outcome="Passed" testListId="8c84fa94-04c1-424b-9868-57a2d4851a1d" relativeResultsDirectory="55ff12d5-cdb6-41fe-88db-d138f4066508" />
    <UnitTestResult executionId="3efd550d-e04b-44d0-85a0-be689868804a" testId="44eff8ca-e64d-d8d4-6361-cfa3c75ede11" testName="Nzr.ToolBox.Core.Tests.BooleanUtilsTests.Describe_WihTrueValueAndWithDefaultYesString_ShouldReturnYes" computerName="WORKSTATION" duration="00:00:00.0010000" startTime="2019-11-07T10:02:33.9047831-03:00" endTime="2019-11-07T10:02:33.9047837-03:00" testType="13cdc9d9-ddb5-4fa4-a97d-d965ccfc6d4b" outcome="Passed" testListId="8c84fa94-04c1-424b-9868-57a2d4851a1d" relativeResultsDirectory="3efd550d-e04b-44d0-85a0-be689868804a" />
    <UnitTestResult executionId="69a2067d-a99c-41a0-9f8d-f25fe4455834" testId="54aad836-ba4f-5dbf-bad2-7c309c3d8a21" testName="Nzr.ToolBox.Core.Tests.BooleanUtilsTests.ToBool_WithNonPositiveString_ShouldReturnFalse(value: &quot;No&quot;)" computerName="WORKSTATION" duration="00:00:00.0010000" startTime="2019-11-07T10:02:33.8862099-03:00" endTime="2019-11-07T10:02:33.8862101-03:00" testType="13cdc9d9-ddb5-4fa4-a97d-d965ccfc6d4b" outcome="Passed" testListId="8c84fa94-04c1-424b-9868-57a2d4851a1d" relativeResultsDirectory="69a2067d-a99c-41a0-9f8d-f25fe4455834" />
    <UnitTestResult executionId="b9c439ee-7f0a-4c54-a8c1-b1a2c9c171e4" testId="3f13a7b6-337e-e068-e2f4-569bb1afc599" testName="Nzr.ToolBox.Core.Tests.BooleanUtilsTests.IsAnyTrue_WithAllFalseValues_ShouldReturnFalse" computerName="WORKSTATION" duration="00:00:00.0040000" startTime="2019-11-07T10:02:33.8719137-03:00" endTime="2019-11-07T10:02:33.8719140-03:00" testType="13cdc9d9-ddb5-4fa4-a97d-d965ccfc6d4b" outcome="Passed" testListId="8c84fa94-04c1-424b-9868-57a2d4851a1d" relativeResultsDirectory="b9c439ee-7f0a-4c54-a8c1-b1a2c9c171e4" />
    <UnitTestResult executionId="ff932834-5ee2-4ebd-9cbc-f50b225fda79" testId="0f0fd9c4-310b-8f5e-8547-15872b5cb4b0" testName="Nzr.ToolBox.Core.Tests.DateTimeUtilsTest.ToEpoch_WithDateTime_ShouldReturnEpochTime" computerName="WORKSTATION" duration="00:00:00.0040000" startTime="2019-11-07T10:02:33.8792173-03:00" endTime="2019-11-07T10:02:33.8792176-03:00" testType="13cdc9d9-ddb5-4fa4-a97d-d965ccfc6d4b" outcome="Passed" testListId="8c84fa94-04c1-424b-9868-57a2d4851a1d" relativeResultsDirectory="ff932834-5ee2-4ebd-9cbc-f50b225fda79" />
    <UnitTestResult executionId="8b70c7ea-e895-41a6-a3c2-6e36bb8169af" testId="185eb6a1-d1e2-a7ae-f655-06a68724793c" testName="Nzr.ToolBox.Core.Tests.CollectionUtilsTests.ContainsAny_WithNullRefEnumerable_ShouldReturnFalse" computerName="WORKSTATION" duration="00:00:00.0010000" startTime="2019-11-07T10:02:33.9557008-03:00" endTime="2019-11-07T10:02:33.9557011-03:00" testType="13cdc9d9-ddb5-4fa4-a97d-d965ccfc6d4b" outcome="Passed" testListId="8c84fa94-04c1-424b-9868-57a2d4851a1d" relativeResultsDirectory="8b70c7ea-e895-41a6-a3c2-6e36bb8169af" />
    <UnitTestResult executionId="393487a4-9c44-4183-8b9a-ca1826e20679" testId="47f688d2-7bfa-d12d-71a0-9be24af61148" testName="Nzr.ToolBox.Core.Tests.EnumUtilsTest.GetEnumNames_ShouldReturnEnumNamesAsList" computerName="WORKSTATION" duration="00:00:00.0120000" startTime="2019-11-07T10:02:33.9175769-03:00" endTime="2019-11-07T10:02:33.9175774-03:00" testType="13cdc9d9-ddb5-4fa4-a97d-d965ccfc6d4b" outcome="Passed" testListId="8c84fa94-04c1-424b-9868-57a2d4851a1d" relativeResultsDirectory="393487a4-9c44-4183-8b9a-ca1826e20679" />
    <UnitTestResult executionId="7c2c942f-36b1-4d94-91d8-4383f47b23c5" testId="917e9e48-1d67-c1aa-1b6e-9c13215e36a0" testName="Nzr.ToolBox.Core.Tests.BooleanUtilsTests.ToBool_WithPositiveString_ShouldReturnTrue(value: &quot;S&quot;)" computerName="WORKSTATION" duration="00:00:00.0010000" startTime="2019-11-07T10:02:33.8679238-03:00" endTime="2019-11-07T10:02:33.8679244-03:00" testType="13cdc9d9-ddb5-4fa4-a97d-d965ccfc6d4b" outcome="Passed" testListId="8c84fa94-04c1-424b-9868-57a2d4851a1d" relativeResultsDirectory="7c2c942f-36b1-4d94-91d8-4383f47b23c5" />
    <UnitTestResult executionId="ed627aa6-bf1b-4f19-80da-7cd6483304ce" testId="eb0227c1-b25a-b6ec-c3b3-242fa974349b" testName="Nzr.ToolBox.Core.Tests.StringUtilsTest.IsNotNumber_WithNull_ShouldReturnTrue" computerName="WORKSTATION" duration="00:00:00.0010000" startTime="2019-11-07T10:02:33.9382966-03:00" endTime="2019-11-07T10:02:33.9382969-03:00" testType="13cdc9d9-ddb5-4fa4-a97d-d965ccfc6d4b" outcome="Passed" testListId="8c84fa94-04c1-424b-9868-57a2d4851a1d" relativeResultsDirectory="ed627aa6-bf1b-4f19-80da-7cd6483304ce" />
    <UnitTestResult executionId="a8e97cc5-a150-4b5f-b3cb-4b96e6067dca" testId="ccffac2f-6628-9393-88cb-889ebe715882" testName="Nzr.ToolBox.Core.Tests.StringUtilsTest.Truncate_WithStringLargerThanLimit_ShouldReturnTruncatedString" computerName="WORKSTATION" duration="00:00:00.0010000" startTime="2019-11-07T10:02:33.9555814-03:00" endTime="2019-11-07T10:02:33.9555817-03:00" testType="13cdc9d9-ddb5-4fa4-a97d-d965ccfc6d4b" outcome="Passed" testListId="8c84fa94-04c1-424b-9868-57a2d4851a1d" relativeResultsDirectory="a8e97cc5-a150-4b5f-b3cb-4b96e6067dca" />
    <UnitTestResult executionId="7505d2ec-af03-4375-bc26-28d0c5ed1bda" testId="dab0ade5-f6da-c40f-8aa3-6cf074bc0e23" testName="Nzr.ToolBox.Core.Tests.RandomUtilsTest.RandomLong_ShouldReturnUniqueValues(iterations: 10000, seed: 1)" computerName="WORKSTATION" duration="00:00:00.0500000" startTime="2019-11-07T10:02:34.0762533-03:00" endTime="2019-11-07T10:02:34.0762540-03:00" testType="13cdc9d9-ddb5-4fa4-a97d-d965ccfc6d4b" outcome="Passed" testListId="8c84fa94-04c1-424b-9868-57a2d4851a1d" relativeResultsDirectory="7505d2ec-af03-4375-bc26-28d0c5ed1bda" />
    <UnitTestResult executionId="f02d2957-4d23-4d84-8c95-f11e7a98c0cc" testId="9cb43f95-30da-e6bd-d3fb-74053a6f7143" testName="Nzr.ToolBox.Core.Tests.DateTimeUtilsTest.FromEpoch_WithEpoch_ShouldReturnDateTime" computerName="WORKSTATION" duration="00:00:00.0200000" startTime="2019-11-07T10:02:33.8131895-03:00" endTime="2019-11-07T10:02:33.8131898-03:00" testType="13cdc9d9-ddb5-4fa4-a97d-d965ccfc6d4b" outcome="Passed" testListId="8c84fa94-04c1-424b-9868-57a2d4851a1d" relativeResultsDirectory="f02d2957-4d23-4d84-8c95-f11e7a98c0cc" />
    <UnitTestResult executionId="7459c9dd-4608-4cc7-82fc-58f58a3fecd0" testId="d96c4133-05ac-c52a-39ad-da9730d7d1d4" testName="Nzr.ToolBox.Core.Tests.ReflectionUtilsTest.GetPropertyNames_WithEntity_ShouldReturnPropertyNames" computerName="WORKSTATION" duration="00:00:00.0110000" startTime="2019-11-07T10:02:33.9179957-03:00" endTime="2019-11-07T10:02:33.9179959-03:00" testType="13cdc9d9-ddb5-4fa4-a97d-d965ccfc6d4b" outcome="Passed" testListId="8c84fa94-04c1-424b-9868-57a2d4851a1d" relativeResultsDirectory="7459c9dd-4608-4cc7-82fc-58f58a3fecd0" />
    <UnitTestResult executionId="b97dd659-18e1-455e-8ff6-87bb32bba3cd" testId="a34cc59c-504f-45fa-746c-15b1a11e5627" testName="Nzr.ToolBox.Core.Tests.BooleanUtilsTests.IsAnyFalse_WithOneFalseValue_ShouldReturnTrue" computerName="WORKSTATION" duration="00:00:00.0010000" startTime="2019-11-07T10:02:33.9015065-03:00" endTime="2019-11-07T10:02:33.9015071-03:00" testType="13cdc9d9-ddb5-4fa4-a97d-d965ccfc6d4b" outcome="Passed" testListId="8c84fa94-04c1-424b-9868-57a2d4851a1d" relativeResultsDirectory="b97dd659-18e1-455e-8ff6-87bb32bba3cd" />
    <UnitTestResult executionId="24acb7b5-4ff7-4c2f-ac28-a614bb1a9fd2" testId="4d8283f4-8639-27d1-44ac-751f4d8f3078" testName="Nzr.ToolBox.Core.Tests.StringUtilsTest.ContainsAll_WithStringContainigAllSubstrings_ShouldReturnTrue" computerName="WORKSTATION" duration="00:00:00.0010000" startTime="2019-11-07T10:02:33.9248347-03:00" endTime="2019-11-07T10:02:33.9248353-03:00" testType="13cdc9d9-ddb5-4fa4-a97d-d965ccfc6d4b" outcome="Passed" testListId="8c84fa94-04c1-424b-9868-57a2d4851a1d" relativeResultsDirectory="24acb7b5-4ff7-4c2f-ac28-a614bb1a9fd2" />
    <UnitTestResult executionId="c96a4ac6-3217-455d-90b3-f4fac1059aa0" testId="1c25c6c6-b1fb-4092-255b-2ef33baa6d85" testName="Nzr.ToolBox.Core.Tests.StringUtilsTest.IsAllEmpty_WithOneNonEmpty_ShouldReturnFalse" computerName="WORKSTATION" duration="00:00:00.0010000" startTime="2019-11-07T10:02:33.9558119-03:00" endTime="2019-11-07T10:02:33.9558121-03:00" testType="13cdc9d9-ddb5-4fa4-a97d-d965ccfc6d4b" outcome="Passed" testListId="8c84fa94-04c1-424b-9868-57a2d4851a1d" relativeResultsDirectory="c96a4ac6-3217-455d-90b3-f4fac1059aa0" />
    <UnitTestResult executionId="419afb62-f406-4990-9c7b-529022c88e78" testId="9d68ecd9-7bbb-710d-bc5c-7fb6bcf70625" testName="Nzr.ToolBox.Core.Tests.StringUtilsTest.IsNotEmpty_WithBlankString_ShouldReturnTrue" computerName="WORKSTATION" duration="00:00:00.0010000" startTime="2019-11-07T10:02:33.8896923-03:00" endTime="2019-11-07T10:02:33.8896925-03:00" testType="13cdc9d9-ddb5-4fa4-a97d-d965ccfc6d4b" outcome="Passed" testListId="8c84fa94-04c1-424b-9868-57a2d4851a1d" relativeResultsDirectory="419afb62-f406-4990-9c7b-529022c88e78" />
    <UnitTestResult executionId="f0811b14-a1ee-47d5-8d19-195b7d0cf0cf" testId="f66c2c72-8186-4752-6374-d287cc46a9fe" testName="Nzr.ToolBox.Core.Tests.StringUtilsTest.IsAllBlank_WithNullOrBlankStrings_ShouldReturnTrue" computerName="WORKSTATION" duration="00:00:00.0010000" startTime="2019-11-07T10:02:33.8751289-03:00" endTime="2019-11-07T10:02:33.8751298-03:00" testType="13cdc9d9-ddb5-4fa4-a97d-d965ccfc6d4b" outcome="Passed" testListId="8c84fa94-04c1-424b-9868-57a2d4851a1d" relativeResultsDirectory="f0811b14-a1ee-47d5-8d19-195b7d0cf0cf" />
    <UnitTestResult executionId="0f1bf4f4-dd0b-4176-af08-5e25e81bbc63" testId="17e8d1af-7513-6e4a-a197-e678fcd6fbf1" testName="Nzr.ToolBox.Core.Tests.CollectionUtilsTests.ContainsAny_WithNullSourceGenericEnumerable_ShouldReturnFalse" computerName="WORKSTATION" duration="00:00:00.0020000" startTime="2019-11-07T10:02:33.9145191-03:00" endTime="2019-11-07T10:02:33.9145194-03:00" testType="13cdc9d9-ddb5-4fa4-a97d-d965ccfc6d4b" outcome="Passed" testListId="8c84fa94-04c1-424b-9868-57a2d4851a1d" relativeResultsDirectory="0f1bf4f4-dd0b-4176-af08-5e25e81bbc63" />
    <UnitTestResult executionId="9b1fe1de-aadf-468a-953e-4caa6a8036ae" testId="5c211a1b-af5c-0baa-3971-de7e6e4f1565" testName="Nzr.ToolBox.Core.Tests.StringUtilsTest.IsIsBlank_WithBlankString_ShouldReturnTrue" computerName="WORKSTATION" duration="00:00:00.0010000" startTime="2019-11-07T10:02:33.9255051-03:00" endTime="2019-11-07T10:02:33.9255054-03:00" testType="13cdc9d9-ddb5-4fa4-a97d-d965ccfc6d4b" outcome="Passed" testListId="8c84fa94-04c1-424b-9868-57a2d4851a1d" relativeResultsDirectory="9b1fe1de-aadf-468a-953e-4caa6a8036ae" />
    <UnitTestResult executionId="8ebef4b7-2ff0-4502-9f2d-751c48bab580" testId="55323239-0a74-748e-14c5-c6ce0fbffcf4" testName="Nzr.ToolBox.Core.Tests.RandomUtilsTest.RandomInt_ShouldReturnUniqueValues(iterations: 10000, seed: 1)" computerName="WORKSTATION" duration="00:00:00.0430000" startTime="2019-11-07T10:02:34.4067196-03:00" endTime="2019-11-07T10:02:34.4067206-03:00" testType="13cdc9d9-ddb5-4fa4-a97d-d965ccfc6d4b" outcome="Passed" testListId="8c84fa94-04c1-424b-9868-57a2d4851a1d" relativeResultsDirectory="8ebef4b7-2ff0-4502-9f2d-751c48bab580" />
    <UnitTestResult executionId="f8781ee5-d5d6-4e7b-9a1a-ede33e1c5c6b" testId="e881bc04-2bbf-5c16-1290-362a120099d0" testName="Nzr.ToolBox.Core.Tests.StringUtilsTest.DefaultIfEmpty_WitBlankString_ShouldReturnString" computerName="WORKSTATION" duration="00:00:00.0010000" startTime="2019-11-07T10:02:33.9664498-03:00" endTime="2019-11-07T10:02:33.9664501-03:00" testType="13cdc9d9-ddb5-4fa4-a97d-d965ccfc6d4b" outcome="Passed" testListId="8c84fa94-04c1-424b-9868-57a2d4851a1d" relativeResultsDirectory="f8781ee5-d5d6-4e7b-9a1a-ede33e1c5c6b" />
    <UnitTestResult executionId="95f8224c-ca63-47b6-85e0-7accf9be6626" testId="50f24cab-68bb-0a36-1c30-0ae9a001fb12" testName="Nzr.ToolBox.Core.Tests.StringUtilsTest.ContainsNone_WithStringContainingOneOfSubstring_ShouldReturnFalse" computerName="WORKSTATION" duration="00:00:00.0010000" startTime="2019-11-07T10:02:33.9521458-03:00" endTime="2019-11-07T10:02:33.9521461-03:00" testType="13cdc9d9-ddb5-4fa4-a97d-d965ccfc6d4b" outcome="Passed" testListId="8c84fa94-04c1-424b-9868-57a2d4851a1d" relativeResultsDirectory="95f8224c-ca63-47b6-85e0-7accf9be6626" />
    <UnitTestResult executionId="2ae1eece-f1d7-40a6-8876-6819eb21e034" testId="de25e89d-7e39-180e-63d8-8a6c03a05fc0" testName="Nzr.ToolBox.Core.Tests.StringUtilsTest.Append_WithString_ShouldReturnStringWithAppendedValues" computerName="WORKSTATION" duration="00:00:00.0040000" startTime="2019-11-07T10:02:33.9146363-03:00" endTime="2019-11-07T10:02:33.9146366-03:00" testType="13cdc9d9-ddb5-4fa4-a97d-d965ccfc6d4b" outcome="Passed" testListId="8c84fa94-04c1-424b-9868-57a2d4851a1d" relativeResultsDirectory="2ae1eece-f1d7-40a6-8876-6819eb21e034" />
    <UnitTestResult executionId="2e9fc2f8-aafb-4ca4-ac35-e0ee95e0a479" testId="50b7ff87-3945-9d72-59f5-8be54b69e4af" testName="Nzr.ToolBox.Core.Tests.StringUtilsTest.Suffix_WithExistingSuffix_ShouldNotAddSuffix" computerName="WORKSTATION" duration="00:00:00.0010000" startTime="2019-11-07T10:02:33.9091071-03:00" endTime="2019-11-07T10:02:33.9091074-03:00" testType="13cdc9d9-ddb5-4fa4-a97d-d965ccfc6d4b" outcome="Passed" testListId="8c84fa94-04c1-424b-9868-57a2d4851a1d" relativeResultsDirectory="2e9fc2f8-aafb-4ca4-ac35-e0ee95e0a479" />
    <UnitTestResult executionId="2c24fe83-5483-4b65-a706-00beb2d28f7b" testId="7e9381b8-1011-a83d-71c0-1a4700f44a6a" testName="Nzr.ToolBox.Core.Tests.RandomUtilsTest.RandomLong_ShouldReturnUniqueValues(iterations: 10000, seed: null)" computerName="WORKSTATION" duration="00:00:00.0410000" startTime="2019-11-07T10:02:34.0262286-03:00" endTime="2019-11-07T10:02:34.0262293-03:00" testType="13cdc9d9-ddb5-4fa4-a97d-d965ccfc6d4b" outcome="Passed" testListId="8c84fa94-04c1-424b-9868-57a2d4851a1d" relativeResultsDirectory="2c24fe83-5483-4b65-a706-00beb2d28f7b" />
    <UnitTestResult executionId="4839209a-8ec6-4daf-be8d-cfb058f8b9e3" testId="456e732c-388b-f135-86e0-02f4f82041c1" testName="Nzr.ToolBox.Core.Tests.StringUtilsTest.ContainsNone_WithOrdinalIgnoreCaseStringNotContainingOneOfSubstring_ShouldReturnTrue" computerName="WORKSTATION" duration="00:00:00.0010000" startTime="2019-11-07T10:02:33.9447635-03:00" endTime="2019-11-07T10:02:33.9447638-03:00" testType="13cdc9d9-ddb5-4fa4-a97d-d965ccfc6d4b" outcome="Passed" testListId="8c84fa94-04c1-424b-9868-57a2d4851a1d" relativeResultsDirectory="4839209a-8ec6-4daf-be8d-cfb058f8b9e3" />
    <UnitTestResult executionId="c632f392-9d6b-40e9-8e8a-1fa5e603b579" testId="0895ad80-dce9-06a7-5602-3c72da5f8da6" testName="Nzr.ToolBox.Core.Tests.CollectionUtilsTests.Add_WithListAsArgument_ShouldAddAllElements" computerName="WORKSTATION" duration="00:00:00.0020000" startTime="2019-11-07T10:02:33.9378272-03:00" endTime="2019-11-07T10:02:33.9378275-03:00" testType="13cdc9d9-ddb5-4fa4-a97d-d965ccfc6d4b" outcome="Passed" testListId="8c84fa94-04c1-424b-9868-57a2d4851a1d" relativeResultsDirectory="c632f392-9d6b-40e9-8e8a-1fa5e603b579" />
    <UnitTestResult executionId="dd1063e9-a5cc-4fae-b910-c33453615d2f" testId="ddf79c4c-8da7-56b7-7410-d2ba78b09801" testName="Nzr.ToolBox.Core.Tests.BooleanUtilsTests.Describe_WihFalseValueAndWithDefaultFlaseString_ShouldReturnYes" computerName="WORKSTATION" duration="00:00:00.0010000" startTime="2019-11-07T10:02:33.8937630-03:00" endTime="2019-11-07T10:02:33.8937632-03:00" testType="13cdc9d9-ddb5-4fa4-a97d-d965ccfc6d4b" outcome="Passed" testListId="8c84fa94-04c1-424b-9868-57a2d4851a1d" relativeResultsDirectory="dd1063e9-a5cc-4fae-b910-c33453615d2f" />
    <UnitTestResult executionId="5a3f5d52-91d7-4312-bbe8-7c79182d2d6a" testId="4e7127f8-744d-1e07-a920-a821e9fe9f93" testName="Nzr.ToolBox.Core.Tests.CollectionUtilsTests.ContainsAll_WithEnumerableAndSameElements_ShouldReturnTrue" computerName="WORKSTATION" duration="00:00:00.0020000" startTime="2019-11-07T10:02:33.9662132-03:00" endTime="2019-11-07T10:02:33.9662135-03:00" testType="13cdc9d9-ddb5-4fa4-a97d-d965ccfc6d4b" outcome="Passed" testListId="8c84fa94-04c1-424b-9868-57a2d4851a1d" relativeResultsDirectory="5a3f5d52-91d7-4312-bbe8-7c79182d2d6a" />
    <UnitTestResult executionId="fc98851b-0f8e-46a9-8818-25b672f7dd2c" testId="c5f701a1-fcd5-1f87-4fee-cd5b137b31a8" testName="Nzr.ToolBox.Core.Tests.BooleanUtilsTests.ToBool_WithPositiveNonZero_ShouldReturnTrue(b: 2, s: 3, i: 4, l: 5, f: 6, d: 7, m: 8)" computerName="WORKSTATION" duration="00:00:00.0010000" startTime="2019-11-07T10:02:33.8940717-03:00" endTime="2019-11-07T10:02:33.8940719-03:00" testType="13cdc9d9-ddb5-4fa4-a97d-d965ccfc6d4b" outcome="Passed" testListId="8c84fa94-04c1-424b-9868-57a2d4851a1d" relativeResultsDirectory="fc98851b-0f8e-46a9-8818-25b672f7dd2c" />
    <UnitTestResult executionId="bdef03f0-cdb7-4a63-9f4b-60090fa8814b" testId="098b15f3-4cbc-4c40-9ad2-8835c9d6e501" testName="Nzr.ToolBox.Core.Tests.BooleanUtilsTests.ToBool_WithPositiveString_ShouldReturnTrue(value: &quot;Y&quot;)" computerName="WORKSTATION" duration="00:00:00.0010000" startTime="2019-11-07T10:02:33.8682466-03:00" endTime="2019-11-07T10:02:33.8682469-03:00" testType="13cdc9d9-ddb5-4fa4-a97d-d965ccfc6d4b" outcome="Passed" testListId="8c84fa94-04c1-424b-9868-57a2d4851a1d" relativeResultsDirectory="bdef03f0-cdb7-4a63-9f4b-60090fa8814b" />
    <UnitTestResult executionId="0ce141a1-8222-4c33-9fe4-6c4d9fd8545b" testId="16b669e8-8590-1a4a-5e26-b385242802e4" testName="Nzr.ToolBox.Core.Tests.RandomUtilsTest.RandomBoolean_ShouldReturnUniqueValues(iterations: 10000, seed: 1)" computerName="WORKSTATION" duration="00:00:00.0560000" startTime="2019-11-07T10:02:33.9452256-03:00" endTime="2019-11-07T10:02:33.9452258-03:00" testType="13cdc9d9-ddb5-4fa4-a97d-d965ccfc6d4b" outcome="Passed" testListId="8c84fa94-04c1-424b-9868-57a2d4851a1d" relativeResultsDirectory="0ce141a1-8222-4c33-9fe4-6c4d9fd8545b" />
    <UnitTestResult executionId="6569ea1b-fbb5-404d-9b0b-aa2f0b2ea2db" testId="9fb46542-0618-28a9-23e6-da1922161605" testName="Nzr.ToolBox.Core.Tests.StringUtilsTest.ContainsAny_WithOrdinalIgnoreCaseNullString_ShouldReturnFalse" computerName="WORKSTATION" duration="00:00:00.0010000" startTime="2019-11-07T10:02:33.9211443-03:00" endTime="2019-11-07T10:02:33.9211446-03:00" testType="13cdc9d9-ddb5-4fa4-a97d-d965ccfc6d4b" outcome="Passed" testListId="8c84fa94-04c1-424b-9868-57a2d4851a1d" relativeResultsDirectory="6569ea1b-fbb5-404d-9b0b-aa2f0b2ea2db" />
    <UnitTestResult executionId="356d2613-c079-4fff-aa4e-0a43b1ebcde8" testId="61955263-2d18-b04f-1074-d886d947e055" testName="Nzr.ToolBox.Core.Tests.BooleanUtilsTests.ToBool_WithNonPositiveString_ShouldReturnFalse(value: &quot;Não&quot;)" computerName="WORKSTATION" duration="00:00:00.0010000" startTime="2019-11-07T10:02:33.8860317-03:00" endTime="2019-11-07T10:02:33.8860320-03:00" testType="13cdc9d9-ddb5-4fa4-a97d-d965ccfc6d4b" outcome="Passed" testListId="8c84fa94-04c1-424b-9868-57a2d4851a1d" relativeResultsDirectory="356d2613-c079-4fff-aa4e-0a43b1ebcde8" />
    <UnitTestResult executionId="312c2b00-395b-4fe2-b6bb-621710adc4a8" testId="bed34e53-72a5-3fd2-6674-42d2c22e4e8b" testName="Nzr.ToolBox.Core.Tests.CollectionUtilsTests.ContainsAll_WithGenericEnumerableAndDiffElements_ShouldReturnFalse" computerName="WORKSTATION" duration="00:00:00.0010000" startTime="2019-11-07T10:02:33.9623893-03:00" endTime="2019-11-07T10:02:33.9623895-03:00" testType="13cdc9d9-ddb5-4fa4-a97d-d965ccfc6d4b" outcome="Passed" testListId="8c84fa94-04c1-424b-9868-57a2d4851a1d" relativeResultsDirectory="312c2b00-395b-4fe2-b6bb-621710adc4a8" />
    <UnitTestResult executionId="320fc315-813f-4630-96da-678100fccf99" testId="ec3e09c5-8729-567e-bf4a-d5990aad45d6" testName="Nzr.ToolBox.Core.Tests.BooleanUtilsTests.ToBool_WithZeroOrNegative_ShouldReturnFalse(b: 0, s: 0, i: 0, l: 0, f: 0, d: 0, m: 0)" computerName="WORKSTATION" duration="00:00:00.0010000" startTime="2019-11-07T10:02:33.8826431-03:00" endTime="2019-11-07T10:02:33.8826433-03:00" testType="13cdc9d9-ddb5-4fa4-a97d-d965ccfc6d4b" outcome="Passed" testListId="8c84fa94-04c1-424b-9868-57a2d4851a1d" relativeResultsDirectory="320fc315-813f-4630-96da-678100fccf99" />
    <UnitTestResult executionId="673f38e3-9f33-49a7-b0f9-5476e8f3f1d2" testId="bd7fbd33-c44c-e435-efc2-06a8c4bb49ef" testName="Nzr.ToolBox.Core.Tests.DateTimeUtilsTest.Equals_WithMillisOfDiffAndWithTolerance_ShouldReturnTrue" computerName="WORKSTATION" duration="00:00:00.0020000" startTime="2019-11-07T10:02:33.8715255-03:00" endTime="2019-11-07T10:02:33.8715264-03:00" testType="13cdc9d9-ddb5-4fa4-a97d-d965ccfc6d4b" outcome="Passed" testListId="8c84fa94-04c1-424b-9868-57a2d4851a1d" relativeResultsDirectory="673f38e3-9f33-49a7-b0f9-5476e8f3f1d2" />
    <UnitTestResult executionId="79694f08-fb29-4539-9343-371d22153884" testId="8d4c2e72-586a-f338-d7f5-e113d3234b28" testName="Nzr.ToolBox.Core.Tests.StringUtilsTest.IsAnyEmpty_WithOneNonEmpty_ShouldReturnTrue" computerName="WORKSTATION" duration="00:00:00.0010000" startTime="2019-11-07T10:02:33.9700714-03:00" endTime="2019-11-07T10:02:33.9700716-03:00" testType="13cdc9d9-ddb5-4fa4-a97d-d965ccfc6d4b" outcome="Passed" testListId="8c84fa94-04c1-424b-9868-57a2d4851a1d" relativeResultsDirectory="79694f08-fb29-4539-9343-371d22153884" />
    <UnitTestResult executionId="870bd42f-9ab8-4dc1-8270-4c0a021e3b73" testId="266b6884-84e9-585c-ee2b-eff743317cdb" testName="Nzr.ToolBox.Core.Tests.BooleanUtilsTests.ToBool_WithPositiveString_ShouldReturnTrue(value: &quot;Si&quot;)" computerName="WORKSTATION" duration="00:00:00.0190000" startTime="2019-11-07T10:02:33.7994642-03:00" endTime="2019-11-07T10:02:33.7994740-03:00" testType="13cdc9d9-ddb5-4fa4-a97d-d965ccfc6d4b" outcome="Passed" testListId="8c84fa94-04c1-424b-9868-57a2d4851a1d" relativeResultsDirectory="870bd42f-9ab8-4dc1-8270-4c0a021e3b73" />
    <UnitTestResult executionId="b2ede5cb-f211-480a-a5e6-5d325dc5e046" testId="9d1fdad2-86cb-58a0-0255-a31c1f4f628b" testName="Nzr.ToolBox.Core.Tests.BooleanUtilsTests.ToBool_WithNonPositiveString_ShouldReturnFalse(value: &quot;X&quot;)" computerName="WORKSTATION" duration="00:00:00.0010000" startTime="2019-11-07T10:02:33.8859430-03:00" endTime="2019-11-07T10:02:33.8859432-03:00" testType="13cdc9d9-ddb5-4fa4-a97d-d965ccfc6d4b" outcome="Passed" testListId="8c84fa94-04c1-424b-9868-57a2d4851a1d" relativeResultsDirectory="b2ede5cb-f211-480a-a5e6-5d325dc5e046" />
    <UnitTestResult executionId="06182d98-6724-4a40-bffe-2abe8328247d" testId="23dfed38-6ff8-abe4-082e-3fdb4476dc12" testName="Nzr.ToolBox.Core.Tests.StringUtilsTest.RemoveDiacritics_WithNull_ShouldReturnNull" computerName="WORKSTATION" duration="00:00:00.0010000" startTime="2019-11-07T10:02:33.9666942-03:00" endTime="2019-11-07T10:02:33.9666945-03:00" testType="13cdc9d9-ddb5-4fa4-a97d-d965ccfc6d4b" outcome="Passed" testListId="8c84fa94-04c1-424b-9868-57a2d4851a1d" relativeResultsDirectory="06182d98-6724-4a40-bffe-2abe8328247d" />
    <UnitTestResult executionId="8a5b447a-b974-44b1-87da-85b7d163b85f" testId="f87c411f-32d8-e0c9-1a61-7c5c01be8af6" testName="Nzr.ToolBox.Core.Tests.RandomUtilsTest.RandomShort_ShouldReturnUniqueValues(iterations: 10000, seed: 1)" computerName="WORKSTATION" duration="00:00:00.0490000" startTime="2019-11-07T10:02:34.1999531-03:00" endTime="2019-11-07T10:02:34.1999535-03:00" testType="13cdc9d9-ddb5-4fa4-a97d-d965ccfc6d4b" outcome="Passed" testListId="8c84fa94-04c1-424b-9868-57a2d4851a1d" relativeResultsDirectory="8a5b447a-b974-44b1-87da-85b7d163b85f" />
    <UnitTestResult executionId="9728174b-4e8f-44e5-b6d5-8488958634f1" testId="e8d09c68-4f4a-59e8-3c44-66cd53ed8164" testName="Nzr.ToolBox.Core.Tests.CollectionUtilsTests.ContainsAll_WithNullSourceAndRefGenericEnumerable_ShouldReturnTrue" computerName="WORKSTATION" duration="00:00:00.0010000" startTime="2019-11-07T10:02:33.9375745-03:00" endTime="2019-11-07T10:02:33.9375753-03:00" testType="13cdc9d9-ddb5-4fa4-a97d-d965ccfc6d4b" outcome="Passed" testListId="8c84fa94-04c1-424b-9868-57a2d4851a1d" relativeResultsDirectory="9728174b-4e8f-44e5-b6d5-8488958634f1" />
    <UnitTestResult executionId="8297af95-f4c1-464a-8eaa-92940f349744" testId="e621f990-2ff4-53a1-1046-2de89a2122fa" testName="Nzr.ToolBox.Core.Tests.BooleanUtilsTests.IsFalse_WithNullOrFalseValue_ShouldReturnTrue(value: null)" computerName="WORKSTATION" duration="00:00:00.0010000" startTime="2019-11-07T10:02:33.8830917-03:00" endTime="2019-11-07T10:02:33.8830919-03:00" testType="13cdc9d9-ddb5-4fa4-a97d-d965ccfc6d4b" outcome="Passed" testListId="8c84fa94-04c1-424b-9868-57a2d4851a1d" relativeResultsDirectory="8297af95-f4c1-464a-8eaa-92940f349744" />
    <UnitTestResult executionId="67939852-a03c-4d04-8f1f-02d02796d710" testId="4e688b3a-c6fa-9e06-b2ea-25f4e79d1af0" testName="Nzr.ToolBox.Core.Tests.StringUtilsTest.Prefix_WithNullString_ShouldReturnPrefix" computerName="WORKSTATION" duration="00:00:00.0010000" startTime="2019-11-07T10:02:33.9141387-03:00" endTime="2019-11-07T10:02:33.9141393-03:00" testType="13cdc9d9-ddb5-4fa4-a97d-d965ccfc6d4b" outcome="Passed" testListId="8c84fa94-04c1-424b-9868-57a2d4851a1d" relativeResultsDirectory="67939852-a03c-4d04-8f1f-02d02796d710" />
    <UnitTestResult executionId="904f4a07-083f-40ef-8f64-46b2a5a2999f" testId="621f5184-bf98-2fcc-5c3b-580eeb41f3a6" testName="Nzr.ToolBox.Core.Tests.RandomUtilsTest.RandomShort_ShouldReturnUniqueValues(iterations: 10000, seed: null)" computerName="WORKSTATION" duration="00:00:00.0220000" startTime="2019-11-07T10:02:34.2219718-03:00" endTime="2019-11-07T10:02:34.2219720-03:00" testType="13cdc9d9-ddb5-4fa4-a97d-d965ccfc6d4b" outcome="Passed" testListId="8c84fa94-04c1-424b-9868-57a2d4851a1d" relativeResultsDirectory="904f4a07-083f-40ef-8f64-46b2a5a2999f" />
    <UnitTestResult executionId="18856e5d-2fc9-49d4-9eef-f2be764f3c3a" testId="11236b60-ddaa-8517-7929-26428de182b4" testName="Nzr.ToolBox.Core.Tests.StringUtilsTest.IsEmpty_WithEmptyString_ShouldReturnTrue" computerName="WORKSTATION" duration="00:00:00.0010000" startTime="2019-11-07T10:02:33.9622713-03:00" endTime="2019-11-07T10:02:33.9622715-03:00" testType="13cdc9d9-ddb5-4fa4-a97d-d965ccfc6d4b" outcome="Passed" testListId="8c84fa94-04c1-424b-9868-57a2d4851a1d" relativeResultsDirectory="18856e5d-2fc9-49d4-9eef-f2be764f3c3a" />
    <UnitTestResult executionId="690d9c32-69d4-4b43-a7b8-eb7160525fd9" testId="db3b74da-9390-9353-7e36-7ce7be8597b2" testName="Nzr.ToolBox.Core.Tests.BooleanUtilsTests.ToBool_WithPositiveString_ShouldReturnTrue(value: &quot;1&quot;)" computerName="WORKSTATION" duration="00:00:00.0010000" startTime="2019-11-07T10:02:33.8577082-03:00" endTime="2019-11-07T10:02:33.8577090-03:00" testType="13cdc9d9-ddb5-4fa4-a97d-d965ccfc6d4b" outcome="Passed" testListId="8c84fa94-04c1-424b-9868-57a2d4851a1d" relativeResultsDirectory="690d9c32-69d4-4b43-a7b8-eb7160525fd9" />
    <UnitTestResult executionId="018aaf80-f4a4-4768-9bc9-67bdda7b41ae" testId="363f802a-8301-cdba-d629-1b88c66660e3" testName="Nzr.ToolBox.Core.Tests.CollectionUtilsTests.ForEach_WithEnumerable_ShouldExecuteFunction" computerName="WORKSTATION" duration="00:00:00.0010000" startTime="2019-11-07T10:02:33.9764460-03:00" endTime="2019-11-07T10:02:33.9764461-03:00" testType="13cdc9d9-ddb5-4fa4-a97d-d965ccfc6d4b" outcome="Passed" testListId="8c84fa94-04c1-424b-9868-57a2d4851a1d" relativeResultsDirectory="018aaf80-f4a4-4768-9bc9-67bdda7b41ae" />
    <UnitTestResult executionId="87698f2a-3aef-4c00-b01a-833d33de9c83" testId="fcc50950-38b5-c695-4000-d6bf47ed8831" testName="Nzr.ToolBox.Core.Tests.StringUtilsTest.IsAnyBlank_WithNullOrEmptyStrings_ShouldReturnTrue" computerName="WORKSTATION" duration="00:00:00.0010000" startTime="2019-11-07T10:02:33.9381839-03:00" endTime="2019-11-07T10:02:33.9381843-03:00" testType="13cdc9d9-ddb5-4fa4-a97d-d965ccfc6d4b" outcome="Passed" testListId="8c84fa94-04c1-424b-9868-57a2d4851a1d" relativeResultsDirectory="87698f2a-3aef-4c00-b01a-833d33de9c83" />
    <UnitTestResult executionId="8660472b-5c18-4ff2-92f9-24e3f01d65a1" testId="a57e4f15-3c8a-cc65-2059-f1f5f83c9ba5" testName="Nzr.ToolBox.Core.Tests.ObjectUtilsTest.IsAllNonNull_WithAllNonNull_ShouldReturnTrue" computerName="WORKSTATION" duration="00:00:00.0010000" startTime="2019-11-07T10:02:34.3907408-03:00" endTime="2019-11-07T10:02:34.3907410-03:00" testType="13cdc9d9-ddb5-4fa4-a97d-d965ccfc6d4b" outcome="Passed" testListId="8c84fa94-04c1-424b-9868-57a2d4851a1d" relativeResultsDirectory="8660472b-5c18-4ff2-92f9-24e3f01d65a1" />
    <UnitTestResult executionId="00876e74-881d-4456-b834-e3b2ae9c0f91" testId="f2f029e7-8888-f5a1-ddde-656322b453e5" testName="Nzr.ToolBox.Core.Tests.ObjectUtilsTest.IsAnyNull_WithOneNull_ShouldReturnTrue" computerName="WORKSTATION" duration="00:00:00.0010000" startTime="2019-11-07T10:02:34.2291665-03:00" endTime="2019-11-07T10:02:34.2291670-03:00" testType="13cdc9d9-ddb5-4fa4-a97d-d965ccfc6d4b" outcome="Passed" testListId="8c84fa94-04c1-424b-9868-57a2d4851a1d" relativeResultsDirectory="00876e74-881d-4456-b834-e3b2ae9c0f91" />
    <UnitTestResult executionId="4a2e08a6-9e38-42cb-8d1d-dde7c4370bb7" testId="b634ef42-9b28-3107-af12-f47c9a5062cb" testName="Nzr.ToolBox.Core.Tests.StringUtilsTest.Suffix_WithExistingSuffixAndOverride_ShouldAddSuffix" computerName="WORKSTATION" duration="00:00:00.0010000" startTime="2019-11-07T10:02:33.9095935-03:00" endTime="2019-11-07T10:02:33.9095938-03:00" testType="13cdc9d9-ddb5-4fa4-a97d-d965ccfc6d4b" outcome="Passed" testListId="8c84fa94-04c1-424b-9868-57a2d4851a1d" relativeResultsDirectory="4a2e08a6-9e38-42cb-8d1d-dde7c4370bb7" />
    <UnitTestResult executionId="4f5ec552-e940-4776-8048-198998e7afb8" testId="ef3db43b-1e0a-f198-9720-31d80f533fc8" testName="Nzr.ToolBox.Core.Tests.ObjectUtilsTest.FirstNonNull_WithAnyNonNull_ShouldReturnFirstNonNull" computerName="WORKSTATION" duration="00:00:00.0200000" startTime="2019-11-07T10:02:33.8147926-03:00" endTime="2019-11-07T10:02:33.8147931-03:00" testType="13cdc9d9-ddb5-4fa4-a97d-d965ccfc6d4b" outcome="Passed" testListId="8c84fa94-04c1-424b-9868-57a2d4851a1d" relativeResultsDirectory="4f5ec552-e940-4776-8048-198998e7afb8" />
    <UnitTestResult executionId="3dc7126f-ee80-4cf5-ac5d-36a5474af352" testId="467648af-fb2a-b6b9-e76e-8f94779eb7f6" testName="Nzr.ToolBox.Core.Tests.StringUtilsTest.Prefix_WithNonExistingPrefix_ShouldAddPrefix" computerName="WORKSTATION" duration="00:00:00.0010000" startTime="2019-11-07T10:02:33.9049355-03:00" endTime="2019-11-07T10:02:33.9049358-03:00" testType="13cdc9d9-ddb5-4fa4-a97d-d965ccfc6d4b" outcome="Passed" testListId="8c84fa94-04c1-424b-9868-57a2d4851a1d" relativeResultsDirectory="3dc7126f-ee80-4cf5-ac5d-36a5474af352" />
    <UnitTestResult executionId="ee57400d-b04a-4fce-8df2-652949df9734" testId="d2556f65-3778-bd58-eecd-ae6ccb2c7885" testName="Nzr.ToolBox.Core.Tests.NumberUtilsTest.Max_ShouldReturnMaxValues" computerName="WORKSTATION" duration="00:00:00.0090000" startTime="2019-11-07T10:02:33.9335383-03:00" endTime="2019-11-07T10:02:33.9335393-03:00" testType="13cdc9d9-ddb5-4fa4-a97d-d965ccfc6d4b" outcome="Passed" testListId="8c84fa94-04c1-424b-9868-57a2d4851a1d" relativeResultsDirectory="ee57400d-b04a-4fce-8df2-652949df9734" />
    <UnitTestResult executionId="91b6ca79-b4da-4c7f-b375-1f2709a04e81" testId="abaeb843-e95d-5629-dacd-9477aefd8dd6" testName="Nzr.ToolBox.Core.Tests.NumberUtilsTest.Min_ShouldReturnMinValues" computerName="WORKSTATION" duration="00:00:00.0060000" startTime="2019-11-07T10:02:33.9444994-03:00" endTime="2019-11-07T10:02:33.9445000-03:00" testType="13cdc9d9-ddb5-4fa4-a97d-d965ccfc6d4b" outcome="Passed" testListId="8c84fa94-04c1-424b-9868-57a2d4851a1d" relativeResultsDirectory="91b6ca79-b4da-4c7f-b375-1f2709a04e81" />
    <UnitTestResult executionId="c472ba61-414d-4140-9f26-df6594dde176" testId="6f76a51f-b8cd-e6f5-cb70-61af9779673e" testName="Nzr.ToolBox.Core.Tests.CollectionUtilsTests.ContainsAny_WithEnumerableAndDiffSize_ShouldReturnFalse" computerName="WORKSTATION" duration="00:00:00.0010000" startTime="2019-11-07T10:02:33.9341531-03:00" endTime="2019-11-07T10:02:33.9341534-03:00" testType="13cdc9d9-ddb5-4fa4-a97d-d965ccfc6d4b" outcome="Passed" testListId="8c84fa94-04c1-424b-9868-57a2d4851a1d" relativeResultsDirectory="c472ba61-414d-4140-9f26-df6594dde176" />
    <UnitTestResult executionId="98e70af2-df9e-48bd-9cb6-62f1a4f71005" testId="40b5fac7-b71c-8e77-a229-0b6dd2bc7930" testName="Nzr.ToolBox.Core.Tests.CollectionUtilsTests.ContainsAll_WithGenericEnumerableAndDiffSize_ShouldReturnFalse" computerName="WORKSTATION" duration="00:00:00.0010000" startTime="2019-11-07T10:02:33.9562626-03:00" endTime="2019-11-07T10:02:33.9562628-03:00" testType="13cdc9d9-ddb5-4fa4-a97d-d965ccfc6d4b" outcome="Passed" testListId="8c84fa94-04c1-424b-9868-57a2d4851a1d" relativeResultsDirectory="98e70af2-df9e-48bd-9cb6-62f1a4f71005" />
    <UnitTestResult executionId="510260e5-1b59-497e-9281-f86be666fd5d" testId="e4949cfa-e33d-2fd1-5bcc-b5f6b9db1ce9" testName="Nzr.ToolBox.Core.Tests.StringUtilsTest.Reverse_WithString_ShouldReturnReversedString" computerName="WORKSTATION" duration="00:00:00.0010000" startTime="2019-11-07T10:02:33.9177770-03:00" endTime="2019-11-07T10:02:33.9177773-03:00" testType="13cdc9d9-ddb5-4fa4-a97d-d965ccfc6d4b" outcome="Passed" testListId="8c84fa94-04c1-424b-9868-57a2d4851a1d" relativeResultsDirectory="510260e5-1b59-497e-9281-f86be666fd5d" />
    <UnitTestResult executionId="5e74e831-0d22-4760-ba08-93ec41aab8bc" testId="2deffabc-0f2a-cf1f-0473-12f60ef9456b" testName="Nzr.ToolBox.Core.Tests.ObjectUtilsTest.LastNonNull_WithAllNull_ShouldReturnNull" computerName="WORKSTATION" duration="00:00:00.0010000" startTime="2019-11-07T10:02:34.2219054-03:00" endTime="2019-11-07T10:02:34.2219055-03:00" testType="13cdc9d9-ddb5-4fa4-a97d-d965ccfc6d4b" outcome="Passed" testListId="8c84fa94-04c1-424b-9868-57a2d4851a1d" relativeResultsDirectory="5e74e831-0d22-4760-ba08-93ec41aab8bc" />
    <UnitTestResult executionId="814b0dfd-ef9f-4c95-a2b9-d94ea394f50a" testId="c7cdf179-33e4-784c-82e2-b5da92e111f8" testName="Nzr.ToolBox.Core.Tests.StringUtilsTest.Suffix_WithNonExistingSuffix_ShouldAddSuffix" computerName="WORKSTATION" duration="00:00:00.0010000" startTime="2019-11-07T10:02:33.8720421-03:00" endTime="2019-11-07T10:02:33.8720424-03:00" testType="13cdc9d9-ddb5-4fa4-a97d-d965ccfc6d4b" outcome="Passed" testListId="8c84fa94-04c1-424b-9868-57a2d4851a1d" relativeResultsDirectory="814b0dfd-ef9f-4c95-a2b9-d94ea394f50a" />
    <UnitTestResult executionId="a70d1cd5-c7ca-4d6b-84a9-82774e274c31" testId="e624c53d-a1cf-0c98-22e7-54295ab64bfd" testName="Nzr.ToolBox.Core.Tests.ObjectUtilsTest.IsAllNull_WithAllNull_ShouldReturnTrue" computerName="WORKSTATION" duration="00:00:00.0010000" startTime="2019-11-07T10:02:34.3911343-03:00" endTime="2019-11-07T10:02:34.3911346-03:00" testType="13cdc9d9-ddb5-4fa4-a97d-d965ccfc6d4b" outcome="Passed" testListId="8c84fa94-04c1-424b-9868-57a2d4851a1d" relativeResultsDirectory="a70d1cd5-c7ca-4d6b-84a9-82774e274c31" />
    <UnitTestResult executionId="abeb03da-b5b6-4993-97c2-c54478360771" testId="a412f5de-b33e-e409-c4ae-50c16bfae988" testName="Nzr.ToolBox.Core.Tests.StringUtilsTest.DefaultIfBlank_WitEmptyString_ShouldReturnDefault" computerName="WORKSTATION" duration="00:00:00.0010000" startTime="2019-11-07T10:02:33.9448794-03:00" endTime="2019-11-07T10:02:33.9448797-03:00" testType="13cdc9d9-ddb5-4fa4-a97d-d965ccfc6d4b" outcome="Passed" testListId="8c84fa94-04c1-424b-9868-57a2d4851a1d" relativeResultsDirectory="abeb03da-b5b6-4993-97c2-c54478360771" />
    <UnitTestResult executionId="0eed0222-e36b-454f-a0a5-88f8c1697eb9" testId="ef8414b8-93fc-9937-7131-0c62836c71c1" testName="Nzr.ToolBox.Core.Tests.StringUtilsTest.ContainsAny_WithOrdinalIgnoreCaseStringContainingOneOfSubstring_ShouldReturnTrue" computerName="WORKSTATION" duration="00:00:00.0010000" startTime="2019-11-07T10:02:33.9256355-03:00" endTime="2019-11-07T10:02:33.9256359-03:00" testType="13cdc9d9-ddb5-4fa4-a97d-d965ccfc6d4b" outcome="Passed" testListId="8c84fa94-04c1-424b-9868-57a2d4851a1d" relativeResultsDirectory="0eed0222-e36b-454f-a0a5-88f8c1697eb9" />
    <UnitTestResult executionId="66bb05c1-e730-496b-accf-28b246bc5944" testId="82fbae66-d014-68f8-a29c-7a33350f0be4" testName="Nzr.ToolBox.Core.Tests.CollectionUtilsTests.IndexOf_WithExistingItem_ShouldReturnIndex" computerName="WORKSTATION" duration="00:00:00.0020000" startTime="2019-11-07T10:02:33.9250241-03:00" endTime="2019-11-07T10:02:33.9250245-03:00" testType="13cdc9d9-ddb5-4fa4-a97d-d965ccfc6d4b" outcome="Passed" testListId="8c84fa94-04c1-424b-9868-57a2d4851a1d" relativeResultsDirectory="66bb05c1-e730-496b-accf-28b246bc5944" />
    <UnitTestResult executionId="10a5cc37-64d8-426b-8199-8ac4eed1686f" testId="bd59e0c8-65f6-24f7-250c-df15260ab31a" testName="Nzr.ToolBox.Core.Tests.ObjectUtilsTest.RequireNonNull_WithNullWitCustomMessage_ShouldThrowExcetpionWithCustomMessage" computerName="WORKSTATION" duration="00:00:00.0010000" startTime="2019-11-07T10:02:34.2286282-03:00" endTime="2019-11-07T10:02:34.2286285-03:00" testType="13cdc9d9-ddb5-4fa4-a97d-d965ccfc6d4b" outcome="Passed" testListId="8c84fa94-04c1-424b-9868-57a2d4851a1d" relativeResultsDirectory="10a5cc37-64d8-426b-8199-8ac4eed1686f" />
    <UnitTestResult executionId="590ed397-b7aa-4f04-974e-428b58ae158c" testId="4727a2e5-b0ef-54dd-d5b7-4bdc9cbfa65b" testName="Nzr.ToolBox.Core.Tests.StringUtilsTest.IsNotNumber_WithAlhphanumeric_ShouldReturnTrue" computerName="WORKSTATION" duration="00:00:00.0010000" startTime="2019-11-07T10:02:33.9697400-03:00" endTime="2019-11-07T10:02:33.9697403-03:00" testType="13cdc9d9-ddb5-4fa4-a97d-d965ccfc6d4b" outcome="Passed" testListId="8c84fa94-04c1-424b-9868-57a2d4851a1d" relativeResultsDirectory="590ed397-b7aa-4f04-974e-428b58ae158c" />
    <UnitTestResult executionId="0c31bc99-8df6-4be2-a4e2-8a2f5f4d0ea6" testId="b34056e1-a0f1-b9c6-4cf9-a385bfe323c6" testName="Nzr.ToolBox.Core.Tests.StringUtilsTest.IsEmpty_WithNullString_ShouldReturnTrue" computerName="WORKSTATION" duration="00:00:00.0010000" startTime="2019-11-07T10:02:33.9524870-03:00" endTime="2019-11-07T10:02:33.9524872-03:00" testType="13cdc9d9-ddb5-4fa4-a97d-d965ccfc6d4b" outcome="Passed" testListId="8c84fa94-04c1-424b-9868-57a2d4851a1d" relativeResultsDirectory="0c31bc99-8df6-4be2-a4e2-8a2f5f4d0ea6" />
    <UnitTestResult executionId="fe3f1e27-a1f9-4af7-856f-a2452736a1cc" testId="df88d8b1-a81b-086c-6c41-e23fcac9c165" testName="Nzr.ToolBox.Core.Tests.StringUtilsTest.RemoveStart_WithExistingStrings_ShouldReturnCleanedString" computerName="WORKSTATION" duration="00:00:00.0010000" startTime="2019-11-07T10:02:33.9519197-03:00" endTime="2019-11-07T10:02:33.9519200-03:00" testType="13cdc9d9-ddb5-4fa4-a97d-d965ccfc6d4b" outcome="Passed" testListId="8c84fa94-04c1-424b-9868-57a2d4851a1d" relativeResultsDirectory="fe3f1e27-a1f9-4af7-856f-a2452736a1cc" />
    <UnitTestResult executionId="3e2be7e9-d5ee-414e-8eec-716e9888ea5b" testId="45a98e74-dccd-011e-e0c0-d734f1cc5ec4" testName="Nzr.ToolBox.Core.Tests.StringUtilsTest.Format_WithFormatStringWithCulture_ShouldReturnFormatedString" computerName="WORKSTATION" duration="00:00:00.0010000" startTime="2019-11-07T10:02:33.9446334-03:00" endTime="2019-11-07T10:02:33.9446337-03:00" testType="13cdc9d9-ddb5-4fa4-a97d-d965ccfc6d4b" outcome="Passed" testListId="8c84fa94-04c1-424b-9868-57a2d4851a1d" relativeResultsDirectory="3e2be7e9-d5ee-414e-8eec-716e9888ea5b" />
    <UnitTestResult executionId="faf8da96-0fd6-4beb-afb0-5031a60db516" testId="49936fc4-4825-29e4-106c-2b5397c160c6" testName="Nzr.ToolBox.Core.Tests.StringUtilsTest.RemoveEnd_WithExistingStringsUsingOrdinalCase_ShouldNotRemoveEnds" computerName="WORKSTATION" duration="00:00:00.0010000" startTime="2019-11-07T10:02:33.9294277-03:00" endTime="2019-11-07T10:02:33.9294280-03:00" testType="13cdc9d9-ddb5-4fa4-a97d-d965ccfc6d4b" outcome="Passed" testListId="8c84fa94-04c1-424b-9868-57a2d4851a1d" relativeResultsDirectory="faf8da96-0fd6-4beb-afb0-5031a60db516" />
    <UnitTestResult executionId="756789b5-dd4f-4bde-afc6-fdcdef89eaca" testId="74f87d91-26ae-d1ee-e1f8-2525d41bbd83" testName="Nzr.ToolBox.Core.Tests.BooleanUtilsTests.ToBool_WithNonPositiveString_ShouldReturnFalse(value: &quot;N&quot;)" computerName="WORKSTATION" duration="00:00:00.0010000" startTime="2019-11-07T10:02:33.8864159-03:00" endTime="2019-11-07T10:02:33.8864161-03:00" testType="13cdc9d9-ddb5-4fa4-a97d-d965ccfc6d4b" outcome="Passed" testListId="8c84fa94-04c1-424b-9868-57a2d4851a1d" relativeResultsDirectory="756789b5-dd4f-4bde-afc6-fdcdef89eaca" />
    <UnitTestResult executionId="7c43b913-c842-48e4-96b6-8bad43bab818" testId="dec4b2e5-eff9-2a89-8e71-4aef758046da" testName="Nzr.ToolBox.Core.Tests.StringUtilsTest.IsNotBlank_WithNullString_ShouldReturnFalse" computerName="WORKSTATION" duration="00:00:00.0010000" startTime="2019-11-07T10:02:33.9698499-03:00" endTime="2019-11-07T10:02:33.9698501-03:00" testType="13cdc9d9-ddb5-4fa4-a97d-d965ccfc6d4b" outcome="Passed" testListId="8c84fa94-04c1-424b-9868-57a2d4851a1d" relativeResultsDirectory="7c43b913-c842-48e4-96b6-8bad43bab818" />
    <UnitTestResult executionId="3cec7c8b-f9ed-4b62-b8bc-5a2391fc1507" testId="e4ef8062-0dbe-6974-71e4-0c8dfc386479" testName="Nzr.ToolBox.Core.Tests.StringUtilsTest.DefaultIfEmpty_WithNullString_ShouldReturnDefault" computerName="WORKSTATION" duration="00:00:00.0010000" startTime="2019-11-07T10:02:33.9182322-03:00" endTime="2019-11-07T10:02:33.9182324-03:00" testType="13cdc9d9-ddb5-4fa4-a97d-d965ccfc6d4b" outcome="Passed" testListId="8c84fa94-04c1-424b-9868-57a2d4851a1d" relativeResultsDirectory="3cec7c8b-f9ed-4b62-b8bc-5a2391fc1507" />
    <UnitTestResult executionId="dec000d9-096c-4687-a6ba-9af7693ecc21" testId="bf218aab-52af-cc9e-72e7-0a8ba644e891" testName="Nzr.ToolBox.Core.Tests.ReflectionUtilsTest.GetValue_WithPropertyPath_ShouldReturnNestedValues" computerName="WORKSTATION" duration="00:00:00.0580000" startTime="2019-11-07T10:02:33.9016157-03:00" endTime="2019-11-07T10:02:33.9016159-03:00" testType="13cdc9d9-ddb5-4fa4-a97d-d965ccfc6d4b" outcome="Passed" testListId="8c84fa94-04c1-424b-9868-57a2d4851a1d" relativeResultsDirectory="dec000d9-096c-4687-a6ba-9af7693ecc21" />
    <UnitTestResult executionId="bf40a614-290f-474f-8c5d-e3a9af325670" testId="3481e80b-1f65-cc03-2307-099b3c1f0f7c" testName="Nzr.ToolBox.Core.Tests.DateTimeUtilsTest.IsSameDay_WithCurrentDayAndNull_ShouldReturnTrue" computerName="WORKSTATION" duration="00:00:00.0010000" startTime="2019-11-07T10:02:33.8793353-03:00" endTime="2019-11-07T10:02:33.8793356-03:00" testType="13cdc9d9-ddb5-4fa4-a97d-d965ccfc6d4b" outcome="Passed" testListId="8c84fa94-04c1-424b-9868-57a2d4851a1d" relativeResultsDirectory="bf40a614-290f-474f-8c5d-e3a9af325670" />
    <UnitTestResult executionId="a1ffa25a-191e-4d10-a231-4b03e3ee3830" testId="38aa400d-53ce-7d63-25db-acb1a6beac35" testName="Nzr.ToolBox.Core.Tests.StringUtilsTest.DescribeIfNone_WithBlank_ShouldReturnBlankString" computerName="WORKSTATION" duration="00:00:00.0010000" startTime="2019-11-07T10:02:33.9704187-03:00" endTime="2019-11-07T10:02:33.9704189-03:00" testType="13cdc9d9-ddb5-4fa4-a97d-d965ccfc6d4b" outcome="Passed" testListId="8c84fa94-04c1-424b-9868-57a2d4851a1d" relativeResultsDirectory="a1ffa25a-191e-4d10-a231-4b03e3ee3830" />
    <UnitTestResult executionId="59ec88c6-1ddf-4c35-923d-8fc5a91c830a" testId="c27f5798-ba92-8771-15a7-731f0a36872c" testName="Nzr.ToolBox.Core.Tests.BooleanUtilsTests.Describe_WihTrueValueAndWitCustomYesString_ShouldReturnCustomString" computerName="WORKSTATION" duration="00:00:00.0010000" startTime="2019-11-07T10:02:33.8895801-03:00" endTime="2019-11-07T10:02:33.8895804-03:00" testType="13cdc9d9-ddb5-4fa4-a97d-d965ccfc6d4b" outcome="Passed" testListId="8c84fa94-04c1-424b-9868-57a2d4851a1d" relativeResultsDirectory="59ec88c6-1ddf-4c35-923d-8fc5a91c830a" />
    <UnitTestResult executionId="8eaa1b4d-cd63-4958-a2a2-ee84b3e5a902" testId="011a8669-96b9-3bc3-27c4-fe49bafbe5b9" testName="Nzr.ToolBox.Core.Tests.StringUtilsTest.Prefix_WithExistingPrefix_ShouldNotAddPrefix" computerName="WORKSTATION" duration="00:00:00.0010000" startTime="2019-11-07T10:02:33.9628568-03:00" endTime="2019-11-07T10:02:33.9628571-03:00" testType="13cdc9d9-ddb5-4fa4-a97d-d965ccfc6d4b" outcome="Passed" testListId="8c84fa94-04c1-424b-9868-57a2d4851a1d" relativeResultsDirectory="8eaa1b4d-cd63-4958-a2a2-ee84b3e5a902" />
    <UnitTestResult executionId="f030bb4f-bba0-4af7-bed9-40221d89ae3d" testId="bd159b72-9284-1885-d99e-8e5744e9e126" testName="Nzr.ToolBox.Core.Tests.CollectionUtilsTests.ForEach_WithNull_ShouldNotExecuteFunction" computerName="WORKSTATION" duration="00:00:00.0010000" startTime="2019-11-07T10:02:33.9790099-03:00" endTime="2019-11-07T10:02:33.9790104-03:00" testType="13cdc9d9-ddb5-4fa4-a97d-d965ccfc6d4b" outcome="Passed" testListId="8c84fa94-04c1-424b-9868-57a2d4851a1d" relativeResultsDirectory="f030bb4f-bba0-4af7-bed9-40221d89ae3d" />
    <UnitTestResult executionId="a2f1d322-89f3-4fcb-a496-cd608163f726" testId="9847e038-8e7e-bbcd-0cca-216082d13779" testName="Nzr.ToolBox.Core.Tests.StringUtilsTest.Format_WithFormatString_ShouldReturnFormatedString" computerName="WORKSTATION" duration="00:00:00.0010000" startTime="2019-11-07T10:02:33.9699650-03:00" endTime="2019-11-07T10:02:33.9699652-03:00" testType="13cdc9d9-ddb5-4fa4-a97d-d965ccfc6d4b" outcome="Passed" testListId="8c84fa94-04c1-424b-9868-57a2d4851a1d" relativeResultsDirectory="a2f1d322-89f3-4fcb-a496-cd608163f726" />
    <UnitTestResult executionId="2bf42fb6-185f-48c2-b880-7d27efded948" testId="131c3a52-0a16-0ae5-0512-93dbda72ea85" testName="Nzr.ToolBox.Core.Tests.StringUtilsTest.Remove_WithNonNullString_ShouldRemoveGiveStrings" computerName="WORKSTATION" duration="00:00:00.0010000" startTime="2019-11-07T10:02:33.9089937-03:00" endTime="2019-11-07T10:02:33.9089940-03:00" testType="13cdc9d9-ddb5-4fa4-a97d-d965ccfc6d4b" outcome="Passed" testListId="8c84fa94-04c1-424b-9868-57a2d4851a1d" relativeResultsDirectory="2bf42fb6-185f-48c2-b880-7d27efded948" />
    <UnitTestResult executionId="88e27975-559b-4662-86ec-e133cd25bef6" testId="ffdd3661-fbf5-5fd8-8d4d-955844eb2b7f" testName="Nzr.ToolBox.Core.Tests.BooleanUtilsTests.Describe_WihFalseValueAndWitCustomFalseString_ShouldReturnCustomString" computerName="WORKSTATION" duration="00:00:00.0010000" startTime="2019-11-07T10:02:33.8893292-03:00" endTime="2019-11-07T10:02:33.8893297-03:00" testType="13cdc9d9-ddb5-4fa4-a97d-d965ccfc6d4b" outcome="Passed" testListId="8c84fa94-04c1-424b-9868-57a2d4851a1d" relativeResultsDirectory="88e27975-559b-4662-86ec-e133cd25bef6" />
    <UnitTestResult executionId="7faeaaad-2932-43f5-a6e1-bcea3a75e47c" testId="06062712-a9f6-15e0-bf35-38dc901029e7" testName="Nzr.ToolBox.Core.Tests.NumberUtilsTest.ToHexadecimal_WithNumberWithPrefix_ShouldReturnBinaryWithPrefix" computerName="WORKSTATION" duration="00:00:00.0010000" startTime="2019-11-07T10:02:33.9337880-03:00" endTime="2019-11-07T10:02:33.9337883-03:00" testType="13cdc9d9-ddb5-4fa4-a97d-d965ccfc6d4b" outcome="Passed" testListId="8c84fa94-04c1-424b-9868-57a2d4851a1d" relativeResultsDirectory="7faeaaad-2932-43f5-a6e1-bcea3a75e47c" />
    <UnitTestResult executionId="f17ec2e3-84a2-4c34-a456-364c1c5f776d" testId="5242f9b9-ee1f-923c-f0c3-d5fb3e0359c6" testName="Nzr.ToolBox.Core.Tests.StringUtilsTest.IsNumber_WithNumeric_ShouldReturnTrue" computerName="WORKSTATION" duration="00:00:00.0010000" startTime="2019-11-07T10:02:33.9249612-03:00" endTime="2019-11-07T10:02:33.9249615-03:00" testType="13cdc9d9-ddb5-4fa4-a97d-d965ccfc6d4b" outcome="Passed" testListId="8c84fa94-04c1-424b-9868-57a2d4851a1d" relativeResultsDirectory="f17ec2e3-84a2-4c34-a456-364c1c5f776d" />
    <UnitTestResult executionId="f8044899-b252-42b4-8d84-534b85d0a32a" testId="87b56d62-9af1-eead-6483-716ab3bb23e0" testName="Nzr.ToolBox.Core.Tests.StringUtilsTest.ContainsAll_WithNullStringNotContainigAllSubstrings_ShouldReturnFalse" computerName="WORKSTATION" duration="00:00:00.0010000" startTime="2019-11-07T10:02:33.9297998-03:00" endTime="2019-11-07T10:02:33.9298001-03:00" testType="13cdc9d9-ddb5-4fa4-a97d-d965ccfc6d4b" outcome="Passed" testListId="8c84fa94-04c1-424b-9868-57a2d4851a1d" relativeResultsDirectory="f8044899-b252-42b4-8d84-534b85d0a32a" />
    <UnitTestResult executionId="d8596ec2-291b-458c-bfe9-d24640271f6a" testId="d1e50dfe-89f9-2e1e-ee5f-3ce8755a7d24" testName="Nzr.ToolBox.Core.Tests.RandomUtilsTest.RandomInt_ShouldReturnUniqueValues(iterations: 10000, seed: null)" computerName="WORKSTATION" duration="00:00:00.0260000" startTime="2019-11-07T10:02:34.4324730-03:00" endTime="2019-11-07T10:02:34.4324736-03:00" testType="13cdc9d9-ddb5-4fa4-a97d-d965ccfc6d4b" outcome="Passed" testListId="8c84fa94-04c1-424b-9868-57a2d4851a1d" relativeResultsDirectory="d8596ec2-291b-458c-bfe9-d24640271f6a" />
    <UnitTestResult executionId="289816e2-f496-4ab9-879b-789007d445cd" testId="d40c6e0c-b4ac-c82e-a0d9-6e696ff5e301" testName="Nzr.ToolBox.Core.Tests.StringUtilsTest.DefaultIfEmpty_WitEmptyString_ShouldReturnDefault" computerName="WORKSTATION" duration="00:00:00.0010000" startTime="2019-11-07T10:02:33.9660976-03:00" endTime="2019-11-07T10:02:33.9660979-03:00" testType="13cdc9d9-ddb5-4fa4-a97d-d965ccfc6d4b" outcome="Passed" testListId="8c84fa94-04c1-424b-9868-57a2d4851a1d" relativeResultsDirectory="289816e2-f496-4ab9-879b-789007d445cd" />
    <UnitTestResult executionId="36fd9641-7ba0-4e1b-ae09-7333ddbcff36" testId="c4344ebc-44df-a5d3-990c-fd3ab1fb80b1" testName="Nzr.ToolBox.Core.Tests.NumberUtilsTest.ToBinary_WithNumberWithPrefix_ShouldReturnBinaryWithPrefix" computerName="WORKSTATION" duration="00:00:00.0010000" startTime="2019-11-07T10:02:33.9215029-03:00" endTime="2019-11-07T10:02:33.9215032-03:00" testType="13cdc9d9-ddb5-4fa4-a97d-d965ccfc6d4b" outcome="Passed" testListId="8c84fa94-04c1-424b-9868-57a2d4851a1d" relativeResultsDirectory="36fd9641-7ba0-4e1b-ae09-7333ddbcff36" />
    <UnitTestResult executionId="d69a300b-2a11-488c-80f2-a737bbd09ab9" testId="2821175c-220a-922a-c241-441509e8a4e0" testName="Nzr.ToolBox.Core.Tests.CollectionUtilsTests.ContainsAny_WithEnumerableAndSomeOfOtherElements_ShouldReturnTrue" computerName="WORKSTATION" duration="00:00:00.0190000" startTime="2019-11-07T10:02:33.8130348-03:00" endTime="2019-11-07T10:02:33.8130354-03:00" testType="13cdc9d9-ddb5-4fa4-a97d-d965ccfc6d4b" outcome="Passed" testListId="8c84fa94-04c1-424b-9868-57a2d4851a1d" relativeResultsDirectory="d69a300b-2a11-488c-80f2-a737bbd09ab9" />
    <UnitTestResult executionId="dbe5d90f-001a-496b-9648-31da59283c08" testId="ef1d6b74-13c8-dcd2-26ac-7f5ae1d5273c" testName="Nzr.ToolBox.Core.Tests.ObjectUtilsTest.IfNull_WithNullValue_ShouldExecuteNullAction" computerName="WORKSTATION" duration="00:00:00.4060000" startTime="2019-11-07T10:02:34.1989728-03:00" endTime="2019-11-07T10:02:34.1989736-03:00" testType="13cdc9d9-ddb5-4fa4-a97d-d965ccfc6d4b" outcome="Passed" testListId="8c84fa94-04c1-424b-9868-57a2d4851a1d" relativeResultsDirectory="dbe5d90f-001a-496b-9648-31da59283c08" />
    <UnitTestResult executionId="6455399a-f580-4767-9056-448e7f04a26d" testId="9dc87ca8-7c89-25db-241a-e9ae33f8a42e" testName="Nzr.ToolBox.Core.Tests.StringUtilsTest.Truncate_WithStringShorterThanLimit_ShouldReturnString" computerName="WORKSTATION" duration="00:00:00.0010000" startTime="2019-11-07T10:02:33.9483202-03:00" endTime="2019-11-07T10:02:33.9483204-03:00" testType="13cdc9d9-ddb5-4fa4-a97d-d965ccfc6d4b" outcome="Passed" testListId="8c84fa94-04c1-424b-9868-57a2d4851a1d" relativeResultsDirectory="6455399a-f580-4767-9056-448e7f04a26d" />
    <UnitTestResult executionId="1ee30077-ff18-4a77-9f82-187cd5573d0a" testId="7846d9ed-3cef-0cbd-2b1f-638be6a96222" testName="Nzr.ToolBox.Core.Tests.CollectionUtilsTests.ContainsAny_WithEnumerableAndNonOfOtherElements_ShouldReturnFalse" computerName="WORKSTATION" duration="00:00:00.0010000" startTime="2019-11-07T10:02:33.9295451-03:00" endTime="2019-11-07T10:02:33.9295453-03:00" testType="13cdc9d9-ddb5-4fa4-a97d-d965ccfc6d4b" outcome="Passed" testListId="8c84fa94-04c1-424b-9868-57a2d4851a1d" relativeResultsDirectory="1ee30077-ff18-4a77-9f82-187cd5573d0a" />
    <UnitTestResult executionId="31c68d05-d9a0-4752-85fb-5d405f84dd83" testId="1f8d595f-ee42-36d5-5d96-e0c86c183647" testName="Nzr.ToolBox.Core.Tests.RandomUtilsTest.RandomString_WithoutAnyChar_ShouldThrowException" computerName="WORKSTATION" duration="00:00:00.0010000" startTime="2019-11-07T10:02:34.4332040-03:00" endTime="2019-11-07T10:02:34.4332044-03:00" testType="13cdc9d9-ddb5-4fa4-a97d-d965ccfc6d4b" outcome="Passed" testListId="8c84fa94-04c1-424b-9868-57a2d4851a1d" relativeResultsDirectory="31c68d05-d9a0-4752-85fb-5d405f84dd83" />
    <UnitTestResult executionId="04ca785b-4d18-487e-ac3b-24183e23d659" testId="cbba7763-672f-ddfc-9a60-f6df272eaad6" testName="Nzr.ToolBox.Core.Tests.RandomUtilsTest.RandomDouble_ShouldReturnUniqueValues(iterations: 10000, seed: null)" computerName="WORKSTATION" duration="00:00:00.0330000" startTime="2019-11-07T10:02:33.9794484-03:00" endTime="2019-11-07T10:02:33.9794486-03:00" testType="13cdc9d9-ddb5-4fa4-a97d-d965ccfc6d4b" outcome="Passed" testListId="8c84fa94-04c1-424b-9868-57a2d4851a1d" relativeResultsDirectory="04ca785b-4d18-487e-ac3b-24183e23d659" />
    <UnitTestResult executionId="4215aee7-83de-4cee-8783-a789dfb4c079" testId="f473e635-7655-edd1-44e6-2fcea27cde20" testName="Nzr.ToolBox.Core.Tests.RandomUtilsTest.RandomFloat_ShouldReturnUniqueValues(iterations: 10000, seed: null)" computerName="WORKSTATION" duration="00:00:00.0340000" startTime="2019-11-07T10:02:34.2557669-03:00" endTime="2019-11-07T10:02:34.2557677-03:00" testType="13cdc9d9-ddb5-4fa4-a97d-d965ccfc6d4b" outcome="Passed" testListId="8c84fa94-04c1-424b-9868-57a2d4851a1d" relativeResultsDirectory="4215aee7-83de-4cee-8783-a789dfb4c079" />
    <UnitTestResult executionId="56af3c79-f867-469f-8b6c-09fd7395d06d" testId="5696e255-6884-a5ec-7659-9a5e21d95d2f" testName="Nzr.ToolBox.Core.Tests.DateTimeUtilsTest.Equals_WithMillisOfDiffAndNoTolerance_ShouldReturnFalse" computerName="WORKSTATION" duration="00:00:00.0010000" startTime="2019-11-07T10:02:33.8823707-03:00" endTime="2019-11-07T10:02:33.8823712-03:00" testType="13cdc9d9-ddb5-4fa4-a97d-d965ccfc6d4b" outcome="Passed" testListId="8c84fa94-04c1-424b-9868-57a2d4851a1d" relativeResultsDirectory="56af3c79-f867-469f-8b6c-09fd7395d06d" />
    <UnitTestResult executionId="a6df3989-0a9a-4e7f-b9fb-a69fbae45978" testId="ac4d6dc8-ac9c-ed69-2ea1-c142e3a580cd" testName="Nzr.ToolBox.Core.Tests.StringUtilsTest.ContainsNone_WithStringNotContainingOneOfSubstring_ShouldReturnTrue" computerName="WORKSTATION" duration="00:00:00.0010000" startTime="2019-11-07T10:02:33.9210225-03:00" endTime="2019-11-07T10:02:33.9210230-03:00" testType="13cdc9d9-ddb5-4fa4-a97d-d965ccfc6d4b" outcome="Passed" testListId="8c84fa94-04c1-424b-9868-57a2d4851a1d" relativeResultsDirectory="a6df3989-0a9a-4e7f-b9fb-a69fbae45978" />
    <UnitTestResult executionId="6eb8c04d-3329-419a-a4cc-96253cbac1c6" testId="4dcc4c87-6654-099d-1fa3-33b06e586a9e" testName="Nzr.ToolBox.Core.Tests.StringUtilsTest.Reverse_WithNull_ShouldReturnNull" computerName="WORKSTATION" duration="00:00:00.0010000" startTime="2019-11-07T10:02:33.9148592-03:00" endTime="2019-11-07T10:02:33.9148595-03:00" testType="13cdc9d9-ddb5-4fa4-a97d-d965ccfc6d4b" outcome="Passed" testListId="8c84fa94-04c1-424b-9868-57a2d4851a1d" relativeResultsDirectory="6eb8c04d-3329-419a-a4cc-96253cbac1c6" />
    <UnitTestResult executionId="708d97da-1a64-47a3-b9ed-9fcbe87595e9" testId="0774dc1e-52ca-a68f-3053-17aa689d2f19" testName="Nzr.ToolBox.Core.Tests.RandomUtilsTest.RandomDouble_ShouldReturnUniqueValues(iterations: 10000, seed: 1)" computerName="WORKSTATION" duration="00:00:00.0460000" startTime="2019-11-07T10:02:33.9839765-03:00" endTime="2019-11-07T10:02:33.9839773-03:00" testType="13cdc9d9-ddb5-4fa4-a97d-d965ccfc6d4b" outcome="Passed" testListId="8c84fa94-04c1-424b-9868-57a2d4851a1d" relativeResultsDirectory="708d97da-1a64-47a3-b9ed-9fcbe87595e9" />
    <UnitTestResult executionId="ace700ef-ec21-49c4-a909-b7b9c15d3e80" testId="f4fbfb1c-5ed6-31b9-32df-2fb927eec7fc" testName="Nzr.ToolBox.Core.Tests.StringUtilsTest.Capitalize_WithNull_ShouldReturnNull" computerName="WORKSTATION" duration="00:00:00.0020000" startTime="2019-11-07T10:02:33.8860937-03:00" endTime="2019-11-07T10:02:33.8860939-03:00" testType="13cdc9d9-ddb5-4fa4-a97d-d965ccfc6d4b" outcome="Passed" testListId="8c84fa94-04c1-424b-9868-57a2d4851a1d" relativeResultsDirectory="ace700ef-ec21-49c4-a909-b7b9c15d3e80" />
    <UnitTestResult executionId="e471f9ff-b24d-40ac-947a-48a98d8fecae" testId="512ec98d-2185-5ebc-b040-4a9df6c7ed1a" testName="Nzr.ToolBox.Core.Tests.StringUtilsTest.Replace_WithNonNullString_ShouldReplaceOldValueWithNewOne" computerName="WORKSTATION" duration="00:00:00.0010000" startTime="2019-11-07T10:02:33.9561469-03:00" endTime="2019-11-07T10:02:33.9561472-03:00" testType="13cdc9d9-ddb5-4fa4-a97d-d965ccfc6d4b" outcome="Passed" testListId="8c84fa94-04c1-424b-9868-57a2d4851a1d" relativeResultsDirectory="e471f9ff-b24d-40ac-947a-48a98d8fecae" />
    <UnitTestResult executionId="36e98481-b276-4960-a744-f13ca249fbcc" testId="13760aec-c151-d4f0-b168-bf9cab7e1792" testName="Nzr.ToolBox.Core.Tests.StringUtilsTest.DescribeIfNone_WithEmpty_ShouldReturnEmptyString" computerName="WORKSTATION" duration="00:00:00.0010000" startTime="2019-11-07T10:02:33.9252801-03:00" endTime="2019-11-07T10:02:33.9252804-03:00" testType="13cdc9d9-ddb5-4fa4-a97d-d965ccfc6d4b" outcome="Passed" testListId="8c84fa94-04c1-424b-9868-57a2d4851a1d" relativeResultsDirectory="36e98481-b276-4960-a744-f13ca249fbcc" />
    <UnitTestResult executionId="a414d4d8-c25e-4a7a-a82f-993f2ec70531" testId="244ddabb-e392-9319-5f0f-5351f15a9ac9" testName="Nzr.ToolBox.Core.Tests.CollectionUtilsTests.EmptyIfNull_WithNullGenericEnumerable_ShouldNewEnumerable" computerName="WORKSTATION" duration="00:00:00.0010000" startTime="2019-11-07T10:02:33.9763904-03:00" endTime="2019-11-07T10:02:33.9763905-03:00" testType="13cdc9d9-ddb5-4fa4-a97d-d965ccfc6d4b" outcome="Passed" testListId="8c84fa94-04c1-424b-9868-57a2d4851a1d" relativeResultsDirectory="a414d4d8-c25e-4a7a-a82f-993f2ec70531" />
    <UnitTestResult executionId="0cebbcb4-14f3-4abf-b00d-81c2790d7cb9" testId="ea5fb2b5-6f99-ce02-6e35-cef974ce163a" testName="Nzr.ToolBox.Core.Tests.StringUtilsTest.ContainsAny_WithOrdinalIgnoreCaseStringNotContainingOneOfSubstring_ShouldReturnFalse" computerName="WORKSTATION" duration="00:00:00.0010000" startTime="2019-11-07T10:02:33.9296741-03:00" endTime="2019-11-07T10:02:33.9296744-03:00" testType="13cdc9d9-ddb5-4fa4-a97d-d965ccfc6d4b" outcome="Passed" testListId="8c84fa94-04c1-424b-9868-57a2d4851a1d" relativeResultsDirectory="0cebbcb4-14f3-4abf-b00d-81c2790d7cb9" />
  </Results>
  <TestDefinitions>
    <UnitTest name="Nzr.ToolBox.Core.Tests.StringUtilsTest.IsAllEmpty_WithNullStrings_ShouldReturnTrue" storage="c:\workspace\personal\nzr.toolbox\dotnet\nzr.toolbox.core.tests\bin\debug\netcoreapp2.2\nzr.toolbox.core.tests.dll" id="e7c5d70f-845a-794e-5db5-61ecf0bcf4a3">
      <Execution id="0053dfac-df79-4de9-be29-487e72f31415" />
      <TestMethod codeBase="C:\workspace\personal\Nzr.ToolBox\dotnet\Nzr.ToolBox.Core.Tests\bin\Debug\netcoreapp2.2\Nzr.ToolBox.Core.Tests.dll" adapterTypeName="executor://xunit/VsTestRunner2/netcoreapp" className="Nzr.ToolBox.Core.Tests.StringUtilsTest" name="Nzr.ToolBox.Core.Tests.StringUtilsTest.IsAllEmpty_WithNullStrings_ShouldReturnTrue" />
    </UnitTest>
    <UnitTest name="Nzr.ToolBox.Core.Tests.StringUtilsTest.Reverse_WithString_ShouldReturnReversedString" storage="c:\workspace\personal\nzr.toolbox\dotnet\nzr.toolbox.core.tests\bin\debug\netcoreapp2.2\nzr.toolbox.core.tests.dll" id="e4949cfa-e33d-2fd1-5bcc-b5f6b9db1ce9">
      <Execution id="510260e5-1b59-497e-9281-f86be666fd5d" />
      <TestMethod codeBase="C:\workspace\personal\Nzr.ToolBox\dotnet\Nzr.ToolBox.Core.Tests\bin\Debug\netcoreapp2.2\Nzr.ToolBox.Core.Tests.dll" adapterTypeName="executor://xunit/VsTestRunner2/netcoreapp" className="Nzr.ToolBox.Core.Tests.StringUtilsTest" name="Nzr.ToolBox.Core.Tests.StringUtilsTest.Reverse_WithString_ShouldReturnReversedString" />
    </UnitTest>
    <UnitTest name="Nzr.ToolBox.Core.Tests.StringUtilsTest.ContainsAny_WithOrdinalIgnoreCaseStringContainingOneOfSubstring_ShouldReturnTrue" storage="c:\workspace\personal\nzr.toolbox\dotnet\nzr.toolbox.core.tests\bin\debug\netcoreapp2.2\nzr.toolbox.core.tests.dll" id="ef8414b8-93fc-9937-7131-0c62836c71c1">
      <Execution id="0eed0222-e36b-454f-a0a5-88f8c1697eb9" />
      <TestMethod codeBase="C:\workspace\personal\Nzr.ToolBox\dotnet\Nzr.ToolBox.Core.Tests\bin\Debug\netcoreapp2.2\Nzr.ToolBox.Core.Tests.dll" adapterTypeName="executor://xunit/VsTestRunner2/netcoreapp" className="Nzr.ToolBox.Core.Tests.StringUtilsTest" name="Nzr.ToolBox.Core.Tests.StringUtilsTest.ContainsAny_WithOrdinalIgnoreCaseStringContainingOneOfSubstring_ShouldReturnTrue" />
    </UnitTest>
    <UnitTest name="Nzr.ToolBox.Core.Tests.RandomUtilsTest.RandomBoolean_ShouldReturnUniqueValues(iterations: 10000, seed: null)" storage="c:\workspace\personal\nzr.toolbox\dotnet\nzr.toolbox.core.tests\bin\debug\netcoreapp2.2\nzr.toolbox.core.tests.dll" id="1d7cc1dd-bfaa-4d32-a622-84b65b12bf5d">
      <Execution id="8c8eea42-dfdb-4251-b03f-396f349b2ccf" />
      <TestMethod codeBase="C:\workspace\personal\Nzr.ToolBox\dotnet\Nzr.ToolBox.Core.Tests\bin\Debug\netcoreapp2.2\Nzr.ToolBox.Core.Tests.dll" adapterTypeName="executor://xunit/VsTestRunner2/netcoreapp" className="Nzr.ToolBox.Core.Tests.RandomUtilsTest" name="Nzr.ToolBox.Core.Tests.RandomUtilsTest.RandomBoolean_ShouldReturnUniqueValues(iterations: 10000, seed: null)" />
    </UnitTest>
    <UnitTest name="Nzr.ToolBox.Core.Tests.BooleanUtilsTests.IsFalse_WithTrueValue_ShouldReturnFalse" storage="c:\workspace\personal\nzr.toolbox\dotnet\nzr.toolbox.core.tests\bin\debug\netcoreapp2.2\nzr.toolbox.core.tests.dll" id="3c08c190-08d7-dfc9-ae9e-484d70f645bc">
      <Execution id="bae76169-7220-46d7-a298-de01127f7b10" />
      <TestMethod codeBase="C:\workspace\personal\Nzr.ToolBox\dotnet\Nzr.ToolBox.Core.Tests\bin\Debug\netcoreapp2.2\Nzr.ToolBox.Core.Tests.dll" adapterTypeName="executor://xunit/VsTestRunner2/netcoreapp" className="Nzr.ToolBox.Core.Tests.BooleanUtilsTests" name="Nzr.ToolBox.Core.Tests.BooleanUtilsTests.IsFalse_WithTrueValue_ShouldReturnFalse" />
    </UnitTest>
    <UnitTest name="Nzr.ToolBox.Core.Tests.BooleanUtilsTests.IsAnyFalse_WithOneFalseValue_ShouldReturnTrue" storage="c:\workspace\personal\nzr.toolbox\dotnet\nzr.toolbox.core.tests\bin\debug\netcoreapp2.2\nzr.toolbox.core.tests.dll" id="a34cc59c-504f-45fa-746c-15b1a11e5627">
      <Execution id="b97dd659-18e1-455e-8ff6-87bb32bba3cd" />
      <TestMethod codeBase="C:\workspace\personal\Nzr.ToolBox\dotnet\Nzr.ToolBox.Core.Tests\bin\Debug\netcoreapp2.2\Nzr.ToolBox.Core.Tests.dll" adapterTypeName="executor://xunit/VsTestRunner2/netcoreapp" className="Nzr.ToolBox.Core.Tests.BooleanUtilsTests" name="Nzr.ToolBox.Core.Tests.BooleanUtilsTests.IsAnyFalse_WithOneFalseValue_ShouldReturnTrue" />
    </UnitTest>
    <UnitTest name="Nzr.ToolBox.Core.Tests.StringUtilsTest.RemoveEnd_WithExistingStringsUsingOrdinalCase_ShouldNotRemoveEnds" storage="c:\workspace\personal\nzr.toolbox\dotnet\nzr.toolbox.core.tests\bin\debug\netcoreapp2.2\nzr.toolbox.core.tests.dll" id="49936fc4-4825-29e4-106c-2b5397c160c6">
      <Execution id="faf8da96-0fd6-4beb-afb0-5031a60db516" />
      <TestMethod codeBase="C:\workspace\personal\Nzr.ToolBox\dotnet\Nzr.ToolBox.Core.Tests\bin\Debug\netcoreapp2.2\Nzr.ToolBox.Core.Tests.dll" adapterTypeName="executor://xunit/VsTestRunner2/netcoreapp" className="Nzr.ToolBox.Core.Tests.StringUtilsTest" name="Nzr.ToolBox.Core.Tests.StringUtilsTest.RemoveEnd_WithExistingStringsUsingOrdinalCase_ShouldNotRemoveEnds" />
    </UnitTest>
    <UnitTest name="Nzr.ToolBox.Core.Tests.CollectionUtilsTests.GetKey_WithMappedInput_ShouldReturnKey" storage="c:\workspace\personal\nzr.toolbox\dotnet\nzr.toolbox.core.tests\bin\debug\netcoreapp2.2\nzr.toolbox.core.tests.dll" id="605b98ce-b18c-dba8-4c19-a7179b0b35c6">
      <Execution id="55ff12d5-cdb6-41fe-88db-d138f4066508" />
      <TestMethod codeBase="C:\workspace\personal\Nzr.ToolBox\dotnet\Nzr.ToolBox.Core.Tests\bin\Debug\netcoreapp2.2\Nzr.ToolBox.Core.Tests.dll" adapterTypeName="executor://xunit/VsTestRunner2/netcoreapp" className="Nzr.ToolBox.Core.Tests.CollectionUtilsTests" name="Nzr.ToolBox.Core.Tests.CollectionUtilsTests.GetKey_WithMappedInput_ShouldReturnKey" />
    </UnitTest>
    <UnitTest name="Nzr.ToolBox.Core.Tests.CollectionUtilsTests.Get_WithEnumerableWithExistingIndex_ShouldReturnValue" storage="c:\workspace\personal\nzr.toolbox\dotnet\nzr.toolbox.core.tests\bin\debug\netcoreapp2.2\nzr.toolbox.core.tests.dll" id="8851b8ca-4481-2bea-be87-f6ae65909b6d">
      <Execution id="c721248c-887a-4318-bcdc-ef53856ad7ea" />
      <TestMethod codeBase="C:\workspace\personal\Nzr.ToolBox\dotnet\Nzr.ToolBox.Core.Tests\bin\Debug\netcoreapp2.2\Nzr.ToolBox.Core.Tests.dll" adapterTypeName="executor://xunit/VsTestRunner2/netcoreapp" className="Nzr.ToolBox.Core.Tests.CollectionUtilsTests" name="Nzr.ToolBox.Core.Tests.CollectionUtilsTests.Get_WithEnumerableWithExistingIndex_ShouldReturnValue" />
    </UnitTest>
    <UnitTest name="Nzr.ToolBox.Core.Tests.StringUtilsTest.RemoveStart_WithExistingStrings_ShouldReturnCleanedString" storage="c:\workspace\personal\nzr.toolbox\dotnet\nzr.toolbox.core.tests\bin\debug\netcoreapp2.2\nzr.toolbox.core.tests.dll" id="df88d8b1-a81b-086c-6c41-e23fcac9c165">
      <Execution id="fe3f1e27-a1f9-4af7-856f-a2452736a1cc" />
      <TestMethod codeBase="C:\workspace\personal\Nzr.ToolBox\dotnet\Nzr.ToolBox.Core.Tests\bin\Debug\netcoreapp2.2\Nzr.ToolBox.Core.Tests.dll" adapterTypeName="executor://xunit/VsTestRunner2/netcoreapp" className="Nzr.ToolBox.Core.Tests.StringUtilsTest" name="Nzr.ToolBox.Core.Tests.StringUtilsTest.RemoveStart_WithExistingStrings_ShouldReturnCleanedString" />
    </UnitTest>
    <UnitTest name="Nzr.ToolBox.Core.Tests.BooleanUtilsTests.IsAnyTrue_WithAllFalseValues_ShouldReturnFalse" storage="c:\workspace\personal\nzr.toolbox\dotnet\nzr.toolbox.core.tests\bin\debug\netcoreapp2.2\nzr.toolbox.core.tests.dll" id="3f13a7b6-337e-e068-e2f4-569bb1afc599">
      <Execution id="b9c439ee-7f0a-4c54-a8c1-b1a2c9c171e4" />
      <TestMethod codeBase="C:\workspace\personal\Nzr.ToolBox\dotnet\Nzr.ToolBox.Core.Tests\bin\Debug\netcoreapp2.2\Nzr.ToolBox.Core.Tests.dll" adapterTypeName="executor://xunit/VsTestRunner2/netcoreapp" className="Nzr.ToolBox.Core.Tests.BooleanUtilsTests" name="Nzr.ToolBox.Core.Tests.BooleanUtilsTests.IsAnyTrue_WithAllFalseValues_ShouldReturnFalse" />
    </UnitTest>
    <UnitTest name="Nzr.ToolBox.Core.Tests.StringUtilsTest.Append_WithNullString_ShouldReturnNull" storage="c:\workspace\personal\nzr.toolbox\dotnet\nzr.toolbox.core.tests\bin\debug\netcoreapp2.2\nzr.toolbox.core.tests.dll" id="fbdaa9da-fa50-bdbe-26ce-99c244b40305">
      <Execution id="4c3254ad-d009-495d-8b17-13347b3ed5f1" />
      <TestMethod codeBase="C:\workspace\personal\Nzr.ToolBox\dotnet\Nzr.ToolBox.Core.Tests\bin\Debug\netcoreapp2.2\Nzr.ToolBox.Core.Tests.dll" adapterTypeName="executor://xunit/VsTestRunner2/netcoreapp" className="Nzr.ToolBox.Core.Tests.StringUtilsTest" name="Nzr.ToolBox.Core.Tests.StringUtilsTest.Append_WithNullString_ShouldReturnNull" />
    </UnitTest>
    <UnitTest name="Nzr.ToolBox.Core.Tests.ObjectUtilsTest.IsAnyNonNull_WithAllNull_ShouldReturnFalse" storage="c:\workspace\personal\nzr.toolbox\dotnet\nzr.toolbox.core.tests\bin\debug\netcoreapp2.2\nzr.toolbox.core.tests.dll" id="f3c32f73-938b-755c-965c-616e71f330bf">
      <Execution id="45832b3a-be0d-4638-a323-0569765c811c" />
      <TestMethod codeBase="C:\workspace\personal\Nzr.ToolBox\dotnet\Nzr.ToolBox.Core.Tests\bin\Debug\netcoreapp2.2\Nzr.ToolBox.Core.Tests.dll" adapterTypeName="executor://xunit/VsTestRunner2/netcoreapp" className="Nzr.ToolBox.Core.Tests.ObjectUtilsTest" name="Nzr.ToolBox.Core.Tests.ObjectUtilsTest.IsAnyNonNull_WithAllNull_ShouldReturnFalse" />
    </UnitTest>
    <UnitTest name="Nzr.ToolBox.Core.Tests.CollectionUtilsTests.Get_WithNullEnumerabl_ShouldReturnNull" storage="c:\workspace\personal\nzr.toolbox\dotnet\nzr.toolbox.core.tests\bin\debug\netcoreapp2.2\nzr.toolbox.core.tests.dll" id="75d1fee2-de8d-1cd6-eaa6-403797b3cf12">
      <Execution id="e407f422-4931-4317-a0a4-d4866df1cc38" />
      <TestMethod codeBase="C:\workspace\personal\Nzr.ToolBox\dotnet\Nzr.ToolBox.Core.Tests\bin\Debug\netcoreapp2.2\Nzr.ToolBox.Core.Tests.dll" adapterTypeName="executor://xunit/VsTestRunner2/netcoreapp" className="Nzr.ToolBox.Core.Tests.CollectionUtilsTests" name="Nzr.ToolBox.Core.Tests.CollectionUtilsTests.Get_WithNullEnumerabl_ShouldReturnNull" />
    </UnitTest>
    <UnitTest name="Nzr.ToolBox.Core.Tests.RandomUtilsTest.RandomShort_ShouldReturnUniqueValues(iterations: 10000, seed: 1)" storage="c:\workspace\personal\nzr.toolbox\dotnet\nzr.toolbox.core.tests\bin\debug\netcoreapp2.2\nzr.toolbox.core.tests.dll" id="f87c411f-32d8-e0c9-1a61-7c5c01be8af6">
      <Execution id="8a5b447a-b974-44b1-87da-85b7d163b85f" />
      <TestMethod codeBase="C:\workspace\personal\Nzr.ToolBox\dotnet\Nzr.ToolBox.Core.Tests\bin\Debug\netcoreapp2.2\Nzr.ToolBox.Core.Tests.dll" adapterTypeName="executor://xunit/VsTestRunner2/netcoreapp" className="Nzr.ToolBox.Core.Tests.RandomUtilsTest" name="Nzr.ToolBox.Core.Tests.RandomUtilsTest.RandomShort_ShouldReturnUniqueValues(iterations: 10000, seed: 1)" />
    </UnitTest>
    <UnitTest name="Nzr.ToolBox.Core.Tests.StringUtilsTest.IsNotBlank_WithNullString_ShouldReturnFalse" storage="c:\workspace\personal\nzr.toolbox\dotnet\nzr.toolbox.core.tests\bin\debug\netcoreapp2.2\nzr.toolbox.core.tests.dll" id="dec4b2e5-eff9-2a89-8e71-4aef758046da">
      <Execution id="7c43b913-c842-48e4-96b6-8bad43bab818" />
      <TestMethod codeBase="C:\workspace\personal\Nzr.ToolBox\dotnet\Nzr.ToolBox.Core.Tests\bin\Debug\netcoreapp2.2\Nzr.ToolBox.Core.Tests.dll" adapterTypeName="executor://xunit/VsTestRunner2/netcoreapp" className="Nzr.ToolBox.Core.Tests.StringUtilsTest" name="Nzr.ToolBox.Core.Tests.StringUtilsTest.IsNotBlank_WithNullString_ShouldReturnFalse" />
    </UnitTest>
    <UnitTest name="Nzr.ToolBox.Core.Tests.StringUtilsTest.ContainsNone_WithOrdinalIgnoreCaseStringNotContainingOneOfSubstring_ShouldReturnTrue" storage="c:\workspace\personal\nzr.toolbox\dotnet\nzr.toolbox.core.tests\bin\debug\netcoreapp2.2\nzr.toolbox.core.tests.dll" id="456e732c-388b-f135-86e0-02f4f82041c1">
      <Execution id="4839209a-8ec6-4daf-be8d-cfb058f8b9e3" />
      <TestMethod codeBase="C:\workspace\personal\Nzr.ToolBox\dotnet\Nzr.ToolBox.Core.Tests\bin\Debug\netcoreapp2.2\Nzr.ToolBox.Core.Tests.dll" adapterTypeName="executor://xunit/VsTestRunner2/netcoreapp" className="Nzr.ToolBox.Core.Tests.StringUtilsTest" name="Nzr.ToolBox.Core.Tests.StringUtilsTest.ContainsNone_WithOrdinalIgnoreCaseStringNotContainingOneOfSubstring_ShouldReturnTrue" />
    </UnitTest>
    <UnitTest name="Nzr.ToolBox.Core.Tests.BooleanUtilsTests.ToBool_WithPositiveNonZero_ShouldReturnTrue(b: 1, s: 1, i: 1, l: 1, f: 1, d: 1, m: 1)" storage="c:\workspace\personal\nzr.toolbox\dotnet\nzr.toolbox.core.tests\bin\debug\netcoreapp2.2\nzr.toolbox.core.tests.dll" id="f681d49e-3f25-06a7-6205-1c8f2398b635">
      <Execution id="1e99ad52-ad7e-457c-a176-16c209a2077f" />
      <TestMethod codeBase="C:\workspace\personal\Nzr.ToolBox\dotnet\Nzr.ToolBox.Core.Tests\bin\Debug\netcoreapp2.2\Nzr.ToolBox.Core.Tests.dll" adapterTypeName="executor://xunit/VsTestRunner2/netcoreapp" className="Nzr.ToolBox.Core.Tests.BooleanUtilsTests" name="Nzr.ToolBox.Core.Tests.BooleanUtilsTests.ToBool_WithPositiveNonZero_ShouldReturnTrue(b: 1, s: 1, i: 1, l: 1, f: 1, d: 1, m: 1)" />
    </UnitTest>
    <UnitTest name="Nzr.ToolBox.Core.Tests.DateTimeUtilsTest.IsSameDay_WithDatesWithSameDay_ShouldReturnTrue" storage="c:\workspace\personal\nzr.toolbox\dotnet\nzr.toolbox.core.tests\bin\debug\netcoreapp2.2\nzr.toolbox.core.tests.dll" id="14b6413c-e1eb-0334-1dc2-58a621540c17">
      <Execution id="06578e5a-d1b4-4aa0-8006-b69e177941c0" />
      <TestMethod codeBase="C:\workspace\personal\Nzr.ToolBox\dotnet\Nzr.ToolBox.Core.Tests\bin\Debug\netcoreapp2.2\Nzr.ToolBox.Core.Tests.dll" adapterTypeName="executor://xunit/VsTestRunner2/netcoreapp" className="Nzr.ToolBox.Core.Tests.DateTimeUtilsTest" name="Nzr.ToolBox.Core.Tests.DateTimeUtilsTest.IsSameDay_WithDatesWithSameDay_ShouldReturnTrue" />
    </UnitTest>
    <UnitTest name="Nzr.ToolBox.Core.Tests.ObjectUtilsTest.IsAnyNull_WithAllNonNull_ShouldReturnFalse" storage="c:\workspace\personal\nzr.toolbox\dotnet\nzr.toolbox.core.tests\bin\debug\netcoreapp2.2\nzr.toolbox.core.tests.dll" id="c6c7d0b1-8655-bb37-7b06-f95f79a47486">
      <Execution id="9e772b6a-c7c1-40a1-aff8-1c55e5340d3f" />
      <TestMethod codeBase="C:\workspace\personal\Nzr.ToolBox\dotnet\Nzr.ToolBox.Core.Tests\bin\Debug\netcoreapp2.2\Nzr.ToolBox.Core.Tests.dll" adapterTypeName="executor://xunit/VsTestRunner2/netcoreapp" className="Nzr.ToolBox.Core.Tests.ObjectUtilsTest" name="Nzr.ToolBox.Core.Tests.ObjectUtilsTest.IsAnyNull_WithAllNonNull_ShouldReturnFalse" />
    </UnitTest>
    <UnitTest name="Nzr.ToolBox.Core.Tests.DateTimeUtilsTest.IsSameDay_WithCurrentDayAndNull_ShouldReturnTrue" storage="c:\workspace\personal\nzr.toolbox\dotnet\nzr.toolbox.core.tests\bin\debug\netcoreapp2.2\nzr.toolbox.core.tests.dll" id="3481e80b-1f65-cc03-2307-099b3c1f0f7c">
      <Execution id="bf40a614-290f-474f-8c5d-e3a9af325670" />
      <TestMethod codeBase="C:\workspace\personal\Nzr.ToolBox\dotnet\Nzr.ToolBox.Core.Tests\bin\Debug\netcoreapp2.2\Nzr.ToolBox.Core.Tests.dll" adapterTypeName="executor://xunit/VsTestRunner2/netcoreapp" className="Nzr.ToolBox.Core.Tests.DateTimeUtilsTest" name="Nzr.ToolBox.Core.Tests.DateTimeUtilsTest.IsSameDay_WithCurrentDayAndNull_ShouldReturnTrue" />
    </UnitTest>
    <UnitTest name="Nzr.ToolBox.Core.Tests.DateTimeUtilsTest.FromEpoch_WithEpoch_ShouldReturnDateTime" storage="c:\workspace\personal\nzr.toolbox\dotnet\nzr.toolbox.core.tests\bin\debug\netcoreapp2.2\nzr.toolbox.core.tests.dll" id="9cb43f95-30da-e6bd-d3fb-74053a6f7143">
      <Execution id="f02d2957-4d23-4d84-8c95-f11e7a98c0cc" />
      <TestMethod codeBase="C:\workspace\personal\Nzr.ToolBox\dotnet\Nzr.ToolBox.Core.Tests\bin\Debug\netcoreapp2.2\Nzr.ToolBox.Core.Tests.dll" adapterTypeName="executor://xunit/VsTestRunner2/netcoreapp" className="Nzr.ToolBox.Core.Tests.DateTimeUtilsTest" name="Nzr.ToolBox.Core.Tests.DateTimeUtilsTest.FromEpoch_WithEpoch_ShouldReturnDateTime" />
    </UnitTest>
    <UnitTest name="Nzr.ToolBox.Core.Tests.CollectionUtilsTests.EmptyIfNull_WithNullGenericEnumerable_ShouldNewEnumerable" storage="c:\workspace\personal\nzr.toolbox\dotnet\nzr.toolbox.core.tests\bin\debug\netcoreapp2.2\nzr.toolbox.core.tests.dll" id="244ddabb-e392-9319-5f0f-5351f15a9ac9">
      <Execution id="a414d4d8-c25e-4a7a-a82f-993f2ec70531" />
      <TestMethod codeBase="C:\workspace\personal\Nzr.ToolBox\dotnet\Nzr.ToolBox.Core.Tests\bin\Debug\netcoreapp2.2\Nzr.ToolBox.Core.Tests.dll" adapterTypeName="executor://xunit/VsTestRunner2/netcoreapp" className="Nzr.ToolBox.Core.Tests.CollectionUtilsTests" name="Nzr.ToolBox.Core.Tests.CollectionUtilsTests.EmptyIfNull_WithNullGenericEnumerable_ShouldNewEnumerable" />
    </UnitTest>
    <UnitTest name="Nzr.ToolBox.Core.Tests.StringUtilsTest.IsAnyBlank_WithOneBlank_ShouldReturnTrue" storage="c:\workspace\personal\nzr.toolbox\dotnet\nzr.toolbox.core.tests\bin\debug\netcoreapp2.2\nzr.toolbox.core.tests.dll" id="efc2d993-18be-3c80-9e27-1d4e6cfd44ac">
      <Execution id="2f700cd6-bf8e-4124-b623-1e9fbf2f314d" />
      <TestMethod codeBase="C:\workspace\personal\Nzr.ToolBox\dotnet\Nzr.ToolBox.Core.Tests\bin\Debug\netcoreapp2.2\Nzr.ToolBox.Core.Tests.dll" adapterTypeName="executor://xunit/VsTestRunner2/netcoreapp" className="Nzr.ToolBox.Core.Tests.StringUtilsTest" name="Nzr.ToolBox.Core.Tests.StringUtilsTest.IsAnyBlank_WithOneBlank_ShouldReturnTrue" />
    </UnitTest>
    <UnitTest name="Nzr.ToolBox.Core.Tests.BooleanUtilsTests.IsAnyFalse_WithAllTrueValues_ShouldReturnFalse" storage="c:\workspace\personal\nzr.toolbox\dotnet\nzr.toolbox.core.tests\bin\debug\netcoreapp2.2\nzr.toolbox.core.tests.dll" id="28ef9235-5d17-493e-f387-17901bee93d7">
      <Execution id="5bdbf787-a7e8-415e-aaae-1f28d0e084e6" />
      <TestMethod codeBase="C:\workspace\personal\Nzr.ToolBox\dotnet\Nzr.ToolBox.Core.Tests\bin\Debug\netcoreapp2.2\Nzr.ToolBox.Core.Tests.dll" adapterTypeName="executor://xunit/VsTestRunner2/netcoreapp" className="Nzr.ToolBox.Core.Tests.BooleanUtilsTests" name="Nzr.ToolBox.Core.Tests.BooleanUtilsTests.IsAnyFalse_WithAllTrueValues_ShouldReturnFalse" />
    </UnitTest>
    <UnitTest name="Nzr.ToolBox.Core.Tests.StringUtilsTest.Format_WithNullString_ShouldReturnNull" storage="c:\workspace\personal\nzr.toolbox\dotnet\nzr.toolbox.core.tests\bin\debug\netcoreapp2.2\nzr.toolbox.core.tests.dll" id="39dfd282-5fe4-ceef-3391-cce4f58db31f">
      <Execution id="f15931ee-eabc-4e9b-a9ed-8ca13e717022" />
      <TestMethod codeBase="C:\workspace\personal\Nzr.ToolBox\dotnet\Nzr.ToolBox.Core.Tests\bin\Debug\netcoreapp2.2\Nzr.ToolBox.Core.Tests.dll" adapterTypeName="executor://xunit/VsTestRunner2/netcoreapp" className="Nzr.ToolBox.Core.Tests.StringUtilsTest" name="Nzr.ToolBox.Core.Tests.StringUtilsTest.Format_WithNullString_ShouldReturnNull" />
    </UnitTest>
    <UnitTest name="Nzr.ToolBox.Core.Tests.CollectionUtilsTests.ContainsAll_WithNullRefEnumerable_ShouldReturnFalse" storage="c:\workspace\personal\nzr.toolbox\dotnet\nzr.toolbox.core.tests\bin\debug\netcoreapp2.2\nzr.toolbox.core.tests.dll" id="357dbec3-6c88-60fc-92df-88a3a0d59998">
      <Execution id="85724841-9ba9-4706-a50c-7420792fea1b" />
      <TestMethod codeBase="C:\workspace\personal\Nzr.ToolBox\dotnet\Nzr.ToolBox.Core.Tests\bin\Debug\netcoreapp2.2\Nzr.ToolBox.Core.Tests.dll" adapterTypeName="executor://xunit/VsTestRunner2/netcoreapp" className="Nzr.ToolBox.Core.Tests.CollectionUtilsTests" name="Nzr.ToolBox.Core.Tests.CollectionUtilsTests.ContainsAll_WithNullRefEnumerable_ShouldReturnFalse" />
    </UnitTest>
    <UnitTest name="Nzr.ToolBox.Core.Tests.StringUtilsTest.IsAnyEmpty_WithNullOrEmptyStrings_ShouldReturnTrue" storage="c:\workspace\personal\nzr.toolbox\dotnet\nzr.toolbox.core.tests\bin\debug\netcoreapp2.2\nzr.toolbox.core.tests.dll" id="3ab1d9fd-ee54-2c49-9b7b-7e9dfe78dfc4">
      <Execution id="593e0549-43df-4993-99d5-70a9bbe4a0db" />
      <TestMethod codeBase="C:\workspace\personal\Nzr.ToolBox\dotnet\Nzr.ToolBox.Core.Tests\bin\Debug\netcoreapp2.2\Nzr.ToolBox.Core.Tests.dll" adapterTypeName="executor://xunit/VsTestRunner2/netcoreapp" className="Nzr.ToolBox.Core.Tests.StringUtilsTest" name="Nzr.ToolBox.Core.Tests.StringUtilsTest.IsAnyEmpty_WithNullOrEmptyStrings_ShouldReturnTrue" />
    </UnitTest>
    <UnitTest name="Nzr.ToolBox.Core.Tests.DateTimeUtilsTest.Equals_WithMillisOfDiffAndNoTolerance_ShouldReturnFalse" storage="c:\workspace\personal\nzr.toolbox\dotnet\nzr.toolbox.core.tests\bin\debug\netcoreapp2.2\nzr.toolbox.core.tests.dll" id="5696e255-6884-a5ec-7659-9a5e21d95d2f">
      <Execution id="56af3c79-f867-469f-8b6c-09fd7395d06d" />
      <TestMethod codeBase="C:\workspace\personal\Nzr.ToolBox\dotnet\Nzr.ToolBox.Core.Tests\bin\Debug\netcoreapp2.2\Nzr.ToolBox.Core.Tests.dll" adapterTypeName="executor://xunit/VsTestRunner2/netcoreapp" className="Nzr.ToolBox.Core.Tests.DateTimeUtilsTest" name="Nzr.ToolBox.Core.Tests.DateTimeUtilsTest.Equals_WithMillisOfDiffAndNoTolerance_ShouldReturnFalse" />
    </UnitTest>
    <UnitTest name="Nzr.ToolBox.Core.Tests.StringUtilsTest.IsAnyEmpty_WithOneNonEmpty_ShouldReturnTrue" storage="c:\workspace\personal\nzr.toolbox\dotnet\nzr.toolbox.core.tests\bin\debug\netcoreapp2.2\nzr.toolbox.core.tests.dll" id="8d4c2e72-586a-f338-d7f5-e113d3234b28">
      <Execution id="79694f08-fb29-4539-9343-371d22153884" />
      <TestMethod codeBase="C:\workspace\personal\Nzr.ToolBox\dotnet\Nzr.ToolBox.Core.Tests\bin\Debug\netcoreapp2.2\Nzr.ToolBox.Core.Tests.dll" adapterTypeName="executor://xunit/VsTestRunner2/netcoreapp" className="Nzr.ToolBox.Core.Tests.StringUtilsTest" name="Nzr.ToolBox.Core.Tests.StringUtilsTest.IsAnyEmpty_WithOneNonEmpty_ShouldReturnTrue" />
    </UnitTest>
    <UnitTest name="Nzr.ToolBox.Core.Tests.CollectionUtilsTests.ContainsAll_WithNullSourceAndRefGenericEnumerable_ShouldReturnTrue" storage="c:\workspace\personal\nzr.toolbox\dotnet\nzr.toolbox.core.tests\bin\debug\netcoreapp2.2\nzr.toolbox.core.tests.dll" id="e8d09c68-4f4a-59e8-3c44-66cd53ed8164">
      <Execution id="9728174b-4e8f-44e5-b6d5-8488958634f1" />
      <TestMethod codeBase="C:\workspace\personal\Nzr.ToolBox\dotnet\Nzr.ToolBox.Core.Tests\bin\Debug\netcoreapp2.2\Nzr.ToolBox.Core.Tests.dll" adapterTypeName="executor://xunit/VsTestRunner2/netcoreapp" className="Nzr.ToolBox.Core.Tests.CollectionUtilsTests" name="Nzr.ToolBox.Core.Tests.CollectionUtilsTests.ContainsAll_WithNullSourceAndRefGenericEnumerable_ShouldReturnTrue" />
    </UnitTest>
    <UnitTest name="Nzr.ToolBox.Core.Tests.DateTimeUtilsTest.IsSameDay_WithDatesWithoutSameDay_ShouldReturnFalse" storage="c:\workspace\personal\nzr.toolbox\dotnet\nzr.toolbox.core.tests\bin\debug\netcoreapp2.2\nzr.toolbox.core.tests.dll" id="fea88c74-eaa4-e751-b2f0-898db2073835">
      <Execution id="313735ed-b176-4a99-980b-cdcaf215ae6c" />
      <TestMethod codeBase="C:\workspace\personal\Nzr.ToolBox\dotnet\Nzr.ToolBox.Core.Tests\bin\Debug\netcoreapp2.2\Nzr.ToolBox.Core.Tests.dll" adapterTypeName="executor://xunit/VsTestRunner2/netcoreapp" className="Nzr.ToolBox.Core.Tests.DateTimeUtilsTest" name="Nzr.ToolBox.Core.Tests.DateTimeUtilsTest.IsSameDay_WithDatesWithoutSameDay_ShouldReturnFalse" />
    </UnitTest>
    <UnitTest name="Nzr.ToolBox.Core.Tests.BooleanUtilsTests.ToBool_WithNonPositiveString_ShouldReturnFalse(value: &quot;Não&quot;)" storage="c:\workspace\personal\nzr.toolbox\dotnet\nzr.toolbox.core.tests\bin\debug\netcoreapp2.2\nzr.toolbox.core.tests.dll" id="61955263-2d18-b04f-1074-d886d947e055">
      <Execution id="356d2613-c079-4fff-aa4e-0a43b1ebcde8" />
      <TestMethod codeBase="C:\workspace\personal\Nzr.ToolBox\dotnet\Nzr.ToolBox.Core.Tests\bin\Debug\netcoreapp2.2\Nzr.ToolBox.Core.Tests.dll" adapterTypeName="executor://xunit/VsTestRunner2/netcoreapp" className="Nzr.ToolBox.Core.Tests.BooleanUtilsTests" name="Nzr.ToolBox.Core.Tests.BooleanUtilsTests.ToBool_WithNonPositiveString_ShouldReturnFalse(value: &quot;Não&quot;)" />
    </UnitTest>
    <UnitTest name="Nzr.ToolBox.Core.Tests.DateTimeUtilsTest.Equals_WithMillisOfDiffAndWithTolerance_ShouldReturnTrue" storage="c:\workspace\personal\nzr.toolbox\dotnet\nzr.toolbox.core.tests\bin\debug\netcoreapp2.2\nzr.toolbox.core.tests.dll" id="bd7fbd33-c44c-e435-efc2-06a8c4bb49ef">
      <Execution id="673f38e3-9f33-49a7-b0f9-5476e8f3f1d2" />
      <TestMethod codeBase="C:\workspace\personal\Nzr.ToolBox\dotnet\Nzr.ToolBox.Core.Tests\bin\Debug\netcoreapp2.2\Nzr.ToolBox.Core.Tests.dll" adapterTypeName="executor://xunit/VsTestRunner2/netcoreapp" className="Nzr.ToolBox.Core.Tests.DateTimeUtilsTest" name="Nzr.ToolBox.Core.Tests.DateTimeUtilsTest.Equals_WithMillisOfDiffAndWithTolerance_ShouldReturnTrue" />
    </UnitTest>
    <UnitTest name="Nzr.ToolBox.Core.Tests.ObjectUtilsTest.FirstNonNull_WithAllNull_ShouldReturnNull" storage="c:\workspace\personal\nzr.toolbox\dotnet\nzr.toolbox.core.tests\bin\debug\netcoreapp2.2\nzr.toolbox.core.tests.dll" id="22bfdebd-96a0-0b21-9eb3-2ebda1d58ee2">
      <Execution id="07239d74-0aa5-48a0-bd0c-d33e3b90e8ba" />
      <TestMethod codeBase="C:\workspace\personal\Nzr.ToolBox\dotnet\Nzr.ToolBox.Core.Tests\bin\Debug\netcoreapp2.2\Nzr.ToolBox.Core.Tests.dll" adapterTypeName="executor://xunit/VsTestRunner2/netcoreapp" className="Nzr.ToolBox.Core.Tests.ObjectUtilsTest" name="Nzr.ToolBox.Core.Tests.ObjectUtilsTest.FirstNonNull_WithAllNull_ShouldReturnNull" />
    </UnitTest>
    <UnitTest name="Nzr.ToolBox.Core.Tests.StringUtilsTest.ContainsAny_WithStringNotContainingOneOfSubstring_ShouldReturnFalse" storage="c:\workspace\personal\nzr.toolbox\dotnet\nzr.toolbox.core.tests\bin\debug\netcoreapp2.2\nzr.toolbox.core.tests.dll" id="c068e1c4-6913-d79e-f58c-fd0cdae20144">
      <Execution id="b2bb1dcc-ef31-4edc-b8e4-09a268b98787" />
      <TestMethod codeBase="C:\workspace\personal\Nzr.ToolBox\dotnet\Nzr.ToolBox.Core.Tests\bin\Debug\netcoreapp2.2\Nzr.ToolBox.Core.Tests.dll" adapterTypeName="executor://xunit/VsTestRunner2/netcoreapp" className="Nzr.ToolBox.Core.Tests.StringUtilsTest" name="Nzr.ToolBox.Core.Tests.StringUtilsTest.ContainsAny_WithStringNotContainingOneOfSubstring_ShouldReturnFalse" />
    </UnitTest>
    <UnitTest name="Nzr.ToolBox.Core.Tests.StringUtilsTest.DefaultIfEmpty_WitEmptyString_ShouldReturnDefault" storage="c:\workspace\personal\nzr.toolbox\dotnet\nzr.toolbox.core.tests\bin\debug\netcoreapp2.2\nzr.toolbox.core.tests.dll" id="d40c6e0c-b4ac-c82e-a0d9-6e696ff5e301">
      <Execution id="289816e2-f496-4ab9-879b-789007d445cd" />
      <TestMethod codeBase="C:\workspace\personal\Nzr.ToolBox\dotnet\Nzr.ToolBox.Core.Tests\bin\Debug\netcoreapp2.2\Nzr.ToolBox.Core.Tests.dll" adapterTypeName="executor://xunit/VsTestRunner2/netcoreapp" className="Nzr.ToolBox.Core.Tests.StringUtilsTest" name="Nzr.ToolBox.Core.Tests.StringUtilsTest.DefaultIfEmpty_WitEmptyString_ShouldReturnDefault" />
    </UnitTest>
    <UnitTest name="Nzr.ToolBox.Core.Tests.StringUtilsTest.Capitalize_WithNonCapitalized_ShouldReturnCapitalized" storage="c:\workspace\personal\nzr.toolbox\dotnet\nzr.toolbox.core.tests\bin\debug\netcoreapp2.2\nzr.toolbox.core.tests.dll" id="dd50d1ab-aaa8-9c9d-a472-909eef6612ee">
      <Execution id="0b905e5e-0f81-42ad-8135-e579f15d33ef" />
      <TestMethod codeBase="C:\workspace\personal\Nzr.ToolBox\dotnet\Nzr.ToolBox.Core.Tests\bin\Debug\netcoreapp2.2\Nzr.ToolBox.Core.Tests.dll" adapterTypeName="executor://xunit/VsTestRunner2/netcoreapp" className="Nzr.ToolBox.Core.Tests.StringUtilsTest" name="Nzr.ToolBox.Core.Tests.StringUtilsTest.Capitalize_WithNonCapitalized_ShouldReturnCapitalized" />
    </UnitTest>
    <UnitTest name="Nzr.ToolBox.Core.Tests.StringUtilsTest.GetFirstNonEmpty_WithOnlyEmptyString_ShouldReturnNull" storage="c:\workspace\personal\nzr.toolbox\dotnet\nzr.toolbox.core.tests\bin\debug\netcoreapp2.2\nzr.toolbox.core.tests.dll" id="6fbbc600-2200-4b3a-d83e-2d0b6029d73a">
      <Execution id="ef7af44a-ae8e-4c6b-97c4-b1b61b4b020b" />
      <TestMethod codeBase="C:\workspace\personal\Nzr.ToolBox\dotnet\Nzr.ToolBox.Core.Tests\bin\Debug\netcoreapp2.2\Nzr.ToolBox.Core.Tests.dll" adapterTypeName="executor://xunit/VsTestRunner2/netcoreapp" className="Nzr.ToolBox.Core.Tests.StringUtilsTest" name="Nzr.ToolBox.Core.Tests.StringUtilsTest.GetFirstNonEmpty_WithOnlyEmptyString_ShouldReturnNull" />
    </UnitTest>
    <UnitTest name="Nzr.ToolBox.Core.Tests.StringUtilsTest.IsAllBlank_WithOneEmpty_ShouldReturnTrue" storage="c:\workspace\personal\nzr.toolbox\dotnet\nzr.toolbox.core.tests\bin\debug\netcoreapp2.2\nzr.toolbox.core.tests.dll" id="df159263-51bd-d891-b020-758bba5e657f">
      <Execution id="b84dee89-213c-4a59-976b-368c1198b0a5" />
      <TestMethod codeBase="C:\workspace\personal\Nzr.ToolBox\dotnet\Nzr.ToolBox.Core.Tests\bin\Debug\netcoreapp2.2\Nzr.ToolBox.Core.Tests.dll" adapterTypeName="executor://xunit/VsTestRunner2/netcoreapp" className="Nzr.ToolBox.Core.Tests.StringUtilsTest" name="Nzr.ToolBox.Core.Tests.StringUtilsTest.IsAllBlank_WithOneEmpty_ShouldReturnTrue" />
    </UnitTest>
    <UnitTest name="Nzr.ToolBox.Core.Tests.StringUtilsTest.IsNotNumber_WithNumeric_ShouldReturnFalse" storage="c:\workspace\personal\nzr.toolbox\dotnet\nzr.toolbox.core.tests\bin\debug\netcoreapp2.2\nzr.toolbox.core.tests.dll" id="11a672c1-3304-329d-6cef-40a099ed2b03">
      <Execution id="e6a5d664-ab41-429a-8f2d-5bfb1f73ccb7" />
      <TestMethod codeBase="C:\workspace\personal\Nzr.ToolBox\dotnet\Nzr.ToolBox.Core.Tests\bin\Debug\netcoreapp2.2\Nzr.ToolBox.Core.Tests.dll" adapterTypeName="executor://xunit/VsTestRunner2/netcoreapp" className="Nzr.ToolBox.Core.Tests.StringUtilsTest" name="Nzr.ToolBox.Core.Tests.StringUtilsTest.IsNotNumber_WithNumeric_ShouldReturnFalse" />
    </UnitTest>
    <UnitTest name="Nzr.ToolBox.Core.Tests.BooleanUtilsTests.ToBool_WithPositiveString_ShouldReturnTrue(value: &quot;1&quot;)" storage="c:\workspace\personal\nzr.toolbox\dotnet\nzr.toolbox.core.tests\bin\debug\netcoreapp2.2\nzr.toolbox.core.tests.dll" id="db3b74da-9390-9353-7e36-7ce7be8597b2">
      <Execution id="690d9c32-69d4-4b43-a7b8-eb7160525fd9" />
      <TestMethod codeBase="C:\workspace\personal\Nzr.ToolBox\dotnet\Nzr.ToolBox.Core.Tests\bin\Debug\netcoreapp2.2\Nzr.ToolBox.Core.Tests.dll" adapterTypeName="executor://xunit/VsTestRunner2/netcoreapp" className="Nzr.ToolBox.Core.Tests.BooleanUtilsTests" name="Nzr.ToolBox.Core.Tests.BooleanUtilsTests.ToBool_WithPositiveString_ShouldReturnTrue(value: &quot;1&quot;)" />
    </UnitTest>
    <UnitTest name="Nzr.ToolBox.Core.Tests.BooleanUtilsTests.IsAllFalse_WithAllFalseValues_ShouldReturnTrue" storage="c:\workspace\personal\nzr.toolbox\dotnet\nzr.toolbox.core.tests\bin\debug\netcoreapp2.2\nzr.toolbox.core.tests.dll" id="0ff73cd5-37ec-83b6-cca6-080e829305d1">
      <Execution id="e38afc12-4ea7-4d00-a2b1-10d28b8d4b3f" />
      <TestMethod codeBase="C:\workspace\personal\Nzr.ToolBox\dotnet\Nzr.ToolBox.Core.Tests\bin\Debug\netcoreapp2.2\Nzr.ToolBox.Core.Tests.dll" adapterTypeName="executor://xunit/VsTestRunner2/netcoreapp" className="Nzr.ToolBox.Core.Tests.BooleanUtilsTests" name="Nzr.ToolBox.Core.Tests.BooleanUtilsTests.IsAllFalse_WithAllFalseValues_ShouldReturnTrue" />
    </UnitTest>
    <UnitTest name="Nzr.ToolBox.Core.Tests.StringUtilsTest.Truncate_WithNull_ShouldReturnNull" storage="c:\workspace\personal\nzr.toolbox\dotnet\nzr.toolbox.core.tests\bin\debug\netcoreapp2.2\nzr.toolbox.core.tests.dll" id="045fcd17-dfed-1627-66be-e391ac5023f4">
      <Execution id="2de88dba-9817-4867-abab-fbc17ce936d9" />
      <TestMethod codeBase="C:\workspace\personal\Nzr.ToolBox\dotnet\Nzr.ToolBox.Core.Tests\bin\Debug\netcoreapp2.2\Nzr.ToolBox.Core.Tests.dll" adapterTypeName="executor://xunit/VsTestRunner2/netcoreapp" className="Nzr.ToolBox.Core.Tests.StringUtilsTest" name="Nzr.ToolBox.Core.Tests.StringUtilsTest.Truncate_WithNull_ShouldReturnNull" />
    </UnitTest>
    <UnitTest name="Nzr.ToolBox.Core.Tests.CollectionUtilsTests.EmptyIfNull_WithNullEnumerable_ShouldNewEnumerable" storage="c:\workspace\personal\nzr.toolbox\dotnet\nzr.toolbox.core.tests\bin\debug\netcoreapp2.2\nzr.toolbox.core.tests.dll" id="86f11f10-11c9-c8c1-f01b-fcc3e3965aaf">
      <Execution id="94a892f9-3261-4cc3-a96d-5708ef2d3ff2" />
      <TestMethod codeBase="C:\workspace\personal\Nzr.ToolBox\dotnet\Nzr.ToolBox.Core.Tests\bin\Debug\netcoreapp2.2\Nzr.ToolBox.Core.Tests.dll" adapterTypeName="executor://xunit/VsTestRunner2/netcoreapp" className="Nzr.ToolBox.Core.Tests.CollectionUtilsTests" name="Nzr.ToolBox.Core.Tests.CollectionUtilsTests.EmptyIfNull_WithNullEnumerable_ShouldNewEnumerable" />
    </UnitTest>
    <UnitTest name="Nzr.ToolBox.Core.Tests.ObjectUtilsTest.FirstNonNull_WithAnyNonNull_ShouldReturnFirstNonNull" storage="c:\workspace\personal\nzr.toolbox\dotnet\nzr.toolbox.core.tests\bin\debug\netcoreapp2.2\nzr.toolbox.core.tests.dll" id="ef3db43b-1e0a-f198-9720-31d80f533fc8">
      <Execution id="4f5ec552-e940-4776-8048-198998e7afb8" />
      <TestMethod codeBase="C:\workspace\personal\Nzr.ToolBox\dotnet\Nzr.ToolBox.Core.Tests\bin\Debug\netcoreapp2.2\Nzr.ToolBox.Core.Tests.dll" adapterTypeName="executor://xunit/VsTestRunner2/netcoreapp" className="Nzr.ToolBox.Core.Tests.ObjectUtilsTest" name="Nzr.ToolBox.Core.Tests.ObjectUtilsTest.FirstNonNull_WithAnyNonNull_ShouldReturnFirstNonNull" />
    </UnitTest>
    <UnitTest name="Nzr.ToolBox.Core.Tests.ObjectUtilsTest.IsAllNonNull_WithOneNull_ShouldReturnFalse" storage="c:\workspace\personal\nzr.toolbox\dotnet\nzr.toolbox.core.tests\bin\debug\netcoreapp2.2\nzr.toolbox.core.tests.dll" id="31b0f7a4-7814-de1a-ba42-99fccbedaf77">
      <Execution id="f7f82e39-503e-4e95-a91e-74e271dfdae0" />
      <TestMethod codeBase="C:\workspace\personal\Nzr.ToolBox\dotnet\Nzr.ToolBox.Core.Tests\bin\Debug\netcoreapp2.2\Nzr.ToolBox.Core.Tests.dll" adapterTypeName="executor://xunit/VsTestRunner2/netcoreapp" className="Nzr.ToolBox.Core.Tests.ObjectUtilsTest" name="Nzr.ToolBox.Core.Tests.ObjectUtilsTest.IsAllNonNull_WithOneNull_ShouldReturnFalse" />
    </UnitTest>
    <UnitTest name="Nzr.ToolBox.Core.Tests.BooleanUtilsTests.ToBool_WithNonPositiveString_ShouldReturnFalse(value: &quot;No&quot;)" storage="c:\workspace\personal\nzr.toolbox\dotnet\nzr.toolbox.core.tests\bin\debug\netcoreapp2.2\nzr.toolbox.core.tests.dll" id="54aad836-ba4f-5dbf-bad2-7c309c3d8a21">
      <Execution id="69a2067d-a99c-41a0-9f8d-f25fe4455834" />
      <TestMethod codeBase="C:\workspace\personal\Nzr.ToolBox\dotnet\Nzr.ToolBox.Core.Tests\bin\Debug\netcoreapp2.2\Nzr.ToolBox.Core.Tests.dll" adapterTypeName="executor://xunit/VsTestRunner2/netcoreapp" className="Nzr.ToolBox.Core.Tests.BooleanUtilsTests" name="Nzr.ToolBox.Core.Tests.BooleanUtilsTests.ToBool_WithNonPositiveString_ShouldReturnFalse(value: &quot;No&quot;)" />
    </UnitTest>
    <UnitTest name="Nzr.ToolBox.Core.Tests.BooleanUtilsTests.Describe_WihFalseValueAndWithDefaultFlaseString_ShouldReturnYes" storage="c:\workspace\personal\nzr.toolbox\dotnet\nzr.toolbox.core.tests\bin\debug\netcoreapp2.2\nzr.toolbox.core.tests.dll" id="ddf79c4c-8da7-56b7-7410-d2ba78b09801">
      <Execution id="dd1063e9-a5cc-4fae-b910-c33453615d2f" />
      <TestMethod codeBase="C:\workspace\personal\Nzr.ToolBox\dotnet\Nzr.ToolBox.Core.Tests\bin\Debug\netcoreapp2.2\Nzr.ToolBox.Core.Tests.dll" adapterTypeName="executor://xunit/VsTestRunner2/netcoreapp" className="Nzr.ToolBox.Core.Tests.BooleanUtilsTests" name="Nzr.ToolBox.Core.Tests.BooleanUtilsTests.Describe_WihFalseValueAndWithDefaultFlaseString_ShouldReturnYes" />
    </UnitTest>
    <UnitTest name="Nzr.ToolBox.Core.Tests.RandomUtilsTest.RandomString_WithDefaultOptions_ShouldReturnString" storage="c:\workspace\personal\nzr.toolbox\dotnet\nzr.toolbox.core.tests\bin\debug\netcoreapp2.2\nzr.toolbox.core.tests.dll" id="f92e77b4-ee0e-9f1a-2342-b94f560f0dac">
      <Execution id="06449a6f-5b4d-4438-bda7-cb737a0d5034" />
      <TestMethod codeBase="C:\workspace\personal\Nzr.ToolBox\dotnet\Nzr.ToolBox.Core.Tests\bin\Debug\netcoreapp2.2\Nzr.ToolBox.Core.Tests.dll" adapterTypeName="executor://xunit/VsTestRunner2/netcoreapp" className="Nzr.ToolBox.Core.Tests.RandomUtilsTest" name="Nzr.ToolBox.Core.Tests.RandomUtilsTest.RandomString_WithDefaultOptions_ShouldReturnString" />
    </UnitTest>
    <UnitTest name="Nzr.ToolBox.Core.Tests.StringUtilsTest.Suffix_WithNullString_ShouldReturnSuffix" storage="c:\workspace\personal\nzr.toolbox\dotnet\nzr.toolbox.core.tests\bin\debug\netcoreapp2.2\nzr.toolbox.core.tests.dll" id="79e2a514-0ea2-3daf-f0aa-1fc63dbc9aa2">
      <Execution id="4396aae2-d2a2-48c8-9165-0c9ad404ed1d" />
      <TestMethod codeBase="C:\workspace\personal\Nzr.ToolBox\dotnet\Nzr.ToolBox.Core.Tests\bin\Debug\netcoreapp2.2\Nzr.ToolBox.Core.Tests.dll" adapterTypeName="executor://xunit/VsTestRunner2/netcoreapp" className="Nzr.ToolBox.Core.Tests.StringUtilsTest" name="Nzr.ToolBox.Core.Tests.StringUtilsTest.Suffix_WithNullString_ShouldReturnSuffix" />
    </UnitTest>
    <UnitTest name="Nzr.ToolBox.Core.Tests.ReflectionUtilsTest.GetValue_WithPropertyPath_ShouldReturnNestedValues" storage="c:\workspace\personal\nzr.toolbox\dotnet\nzr.toolbox.core.tests\bin\debug\netcoreapp2.2\nzr.toolbox.core.tests.dll" id="bf218aab-52af-cc9e-72e7-0a8ba644e891">
      <Execution id="dec000d9-096c-4687-a6ba-9af7693ecc21" />
      <TestMethod codeBase="C:\workspace\personal\Nzr.ToolBox\dotnet\Nzr.ToolBox.Core.Tests\bin\Debug\netcoreapp2.2\Nzr.ToolBox.Core.Tests.dll" adapterTypeName="executor://xunit/VsTestRunner2/netcoreapp" className="Nzr.ToolBox.Core.Tests.ReflectionUtilsTest" name="Nzr.ToolBox.Core.Tests.ReflectionUtilsTest.GetValue_WithPropertyPath_ShouldReturnNestedValues" />
    </UnitTest>
    <UnitTest name="Nzr.ToolBox.Core.Tests.BooleanUtilsTests.ToBool_WithNonPositiveString_ShouldReturnFalse(value: &quot;0&quot;)" storage="c:\workspace\personal\nzr.toolbox\dotnet\nzr.toolbox.core.tests\bin\debug\netcoreapp2.2\nzr.toolbox.core.tests.dll" id="67ba80d0-ee46-5ac8-0538-37c6daf3607e">
      <Execution id="bd1e4a95-c173-465f-9afc-075390057153" />
      <TestMethod codeBase="C:\workspace\personal\Nzr.ToolBox\dotnet\Nzr.ToolBox.Core.Tests\bin\Debug\netcoreapp2.2\Nzr.ToolBox.Core.Tests.dll" adapterTypeName="executor://xunit/VsTestRunner2/netcoreapp" className="Nzr.ToolBox.Core.Tests.BooleanUtilsTests" name="Nzr.ToolBox.Core.Tests.BooleanUtilsTests.ToBool_WithNonPositiveString_ShouldReturnFalse(value: &quot;0&quot;)" />
    </UnitTest>
    <UnitTest name="Nzr.ToolBox.Core.Tests.BooleanUtilsTests.IsAllTrue_WithAllTrueValues_ShouldReturnTrue" storage="c:\workspace\personal\nzr.toolbox\dotnet\nzr.toolbox.core.tests\bin\debug\netcoreapp2.2\nzr.toolbox.core.tests.dll" id="7b7495d8-e0d9-d205-be09-e167ea98fa50">
      <Execution id="8a2b9d09-5d76-45da-b2f5-2cc3d190cb0b" />
      <TestMethod codeBase="C:\workspace\personal\Nzr.ToolBox\dotnet\Nzr.ToolBox.Core.Tests\bin\Debug\netcoreapp2.2\Nzr.ToolBox.Core.Tests.dll" adapterTypeName="executor://xunit/VsTestRunner2/netcoreapp" className="Nzr.ToolBox.Core.Tests.BooleanUtilsTests" name="Nzr.ToolBox.Core.Tests.BooleanUtilsTests.IsAllTrue_WithAllTrueValues_ShouldReturnTrue" />
    </UnitTest>
    <UnitTest name="Nzr.ToolBox.Core.Tests.RandomUtilsTest.RandomInt_ShouldReturnUniqueValues(iterations: 10000, seed: 1)" storage="c:\workspace\personal\nzr.toolbox\dotnet\nzr.toolbox.core.tests\bin\debug\netcoreapp2.2\nzr.toolbox.core.tests.dll" id="55323239-0a74-748e-14c5-c6ce0fbffcf4">
      <Execution id="8ebef4b7-2ff0-4502-9f2d-751c48bab580" />
      <TestMethod codeBase="C:\workspace\personal\Nzr.ToolBox\dotnet\Nzr.ToolBox.Core.Tests\bin\Debug\netcoreapp2.2\Nzr.ToolBox.Core.Tests.dll" adapterTypeName="executor://xunit/VsTestRunner2/netcoreapp" className="Nzr.ToolBox.Core.Tests.RandomUtilsTest" name="Nzr.ToolBox.Core.Tests.RandomUtilsTest.RandomInt_ShouldReturnUniqueValues(iterations: 10000, seed: 1)" />
    </UnitTest>
    <UnitTest name="Nzr.ToolBox.Core.Tests.StringUtilsTest.Suffix_WithExistingSuffix_ShouldNotAddSuffix" storage="c:\workspace\personal\nzr.toolbox\dotnet\nzr.toolbox.core.tests\bin\debug\netcoreapp2.2\nzr.toolbox.core.tests.dll" id="50b7ff87-3945-9d72-59f5-8be54b69e4af">
      <Execution id="2e9fc2f8-aafb-4ca4-ac35-e0ee95e0a479" />
      <TestMethod codeBase="C:\workspace\personal\Nzr.ToolBox\dotnet\Nzr.ToolBox.Core.Tests\bin\Debug\netcoreapp2.2\Nzr.ToolBox.Core.Tests.dll" adapterTypeName="executor://xunit/VsTestRunner2/netcoreapp" className="Nzr.ToolBox.Core.Tests.StringUtilsTest" name="Nzr.ToolBox.Core.Tests.StringUtilsTest.Suffix_WithExistingSuffix_ShouldNotAddSuffix" />
    </UnitTest>
    <UnitTest name="Nzr.ToolBox.Core.Tests.CollectionUtilsTests.GetKey_WithNullInput_ShouldReturnNull" storage="c:\workspace\personal\nzr.toolbox\dotnet\nzr.toolbox.core.tests\bin\debug\netcoreapp2.2\nzr.toolbox.core.tests.dll" id="ef1cb9b1-5ade-bdda-d597-f65de556664c">
      <Execution id="73026ddf-e85e-4040-bd8f-97a4ba59a30c" />
      <TestMethod codeBase="C:\workspace\personal\Nzr.ToolBox\dotnet\Nzr.ToolBox.Core.Tests\bin\Debug\netcoreapp2.2\Nzr.ToolBox.Core.Tests.dll" adapterTypeName="executor://xunit/VsTestRunner2/netcoreapp" className="Nzr.ToolBox.Core.Tests.CollectionUtilsTests" name="Nzr.ToolBox.Core.Tests.CollectionUtilsTests.GetKey_WithNullInput_ShouldReturnNull" />
    </UnitTest>
    <UnitTest name="Nzr.ToolBox.Core.Tests.CollectionUtilsTests.ForEach_WithNullList_ShouldNotExecuteAction" storage="c:\workspace\personal\nzr.toolbox\dotnet\nzr.toolbox.core.tests\bin\debug\netcoreapp2.2\nzr.toolbox.core.tests.dll" id="472f486e-769d-9d63-2be1-4ee1c9a10ec8">
      <Execution id="44ad76b7-0110-435c-b1da-c008da9e9f42" />
      <TestMethod codeBase="C:\workspace\personal\Nzr.ToolBox\dotnet\Nzr.ToolBox.Core.Tests\bin\Debug\netcoreapp2.2\Nzr.ToolBox.Core.Tests.dll" adapterTypeName="executor://xunit/VsTestRunner2/netcoreapp" className="Nzr.ToolBox.Core.Tests.CollectionUtilsTests" name="Nzr.ToolBox.Core.Tests.CollectionUtilsTests.ForEach_WithNullList_ShouldNotExecuteAction" />
    </UnitTest>
    <UnitTest name="Nzr.ToolBox.Core.Tests.BooleanUtilsTests.ToBool_WithPositiveString_ShouldReturnTrue(value: &quot;Oui&quot;)" storage="c:\workspace\personal\nzr.toolbox\dotnet\nzr.toolbox.core.tests\bin\debug\netcoreapp2.2\nzr.toolbox.core.tests.dll" id="19186bcb-3af3-b5ce-1c9e-381f7e643b61">
      <Execution id="4fa61eca-4983-477f-805d-9d8ac4ae8583" />
      <TestMethod codeBase="C:\workspace\personal\Nzr.ToolBox\dotnet\Nzr.ToolBox.Core.Tests\bin\Debug\netcoreapp2.2\Nzr.ToolBox.Core.Tests.dll" adapterTypeName="executor://xunit/VsTestRunner2/netcoreapp" className="Nzr.ToolBox.Core.Tests.BooleanUtilsTests" name="Nzr.ToolBox.Core.Tests.BooleanUtilsTests.ToBool_WithPositiveString_ShouldReturnTrue(value: &quot;Oui&quot;)" />
    </UnitTest>
    <UnitTest name="Nzr.ToolBox.Core.Tests.StringUtilsTest.RemoveStart_WithExistingStringsUsingOrdinalCase_ShouldNotRemoveStarts" storage="c:\workspace\personal\nzr.toolbox\dotnet\nzr.toolbox.core.tests\bin\debug\netcoreapp2.2\nzr.toolbox.core.tests.dll" id="1dfcddc7-2376-1f70-3151-1b7cb4b3c7c1">
      <Execution id="4f2001c6-2a8b-4e50-bd58-5950d5450216" />
      <TestMethod codeBase="C:\workspace\personal\Nzr.ToolBox\dotnet\Nzr.ToolBox.Core.Tests\bin\Debug\netcoreapp2.2\Nzr.ToolBox.Core.Tests.dll" adapterTypeName="executor://xunit/VsTestRunner2/netcoreapp" className="Nzr.ToolBox.Core.Tests.StringUtilsTest" name="Nzr.ToolBox.Core.Tests.StringUtilsTest.RemoveStart_WithExistingStringsUsingOrdinalCase_ShouldNotRemoveStarts" />
    </UnitTest>
    <UnitTest name="Nzr.ToolBox.Core.Tests.ObjectUtilsTest.ToDynamic_WithEntity_ShouldReturnDynamic" storage="c:\workspace\personal\nzr.toolbox\dotnet\nzr.toolbox.core.tests\bin\debug\netcoreapp2.2\nzr.toolbox.core.tests.dll" id="2c201a1d-9f85-d5be-eef4-f589b3eee5e9">
      <Execution id="2790cb47-49bb-49b1-9c40-e049c8ddad1e" />
      <TestMethod codeBase="C:\workspace\personal\Nzr.ToolBox\dotnet\Nzr.ToolBox.Core.Tests\bin\Debug\netcoreapp2.2\Nzr.ToolBox.Core.Tests.dll" adapterTypeName="executor://xunit/VsTestRunner2/netcoreapp" className="Nzr.ToolBox.Core.Tests.ObjectUtilsTest" name="Nzr.ToolBox.Core.Tests.ObjectUtilsTest.ToDynamic_WithEntity_ShouldReturnDynamic" />
    </UnitTest>
    <UnitTest name="Nzr.ToolBox.Core.Tests.BooleanUtilsTests.Describe_WihNullValueAndWitCustomNullString_ShouldReturnCustomString" storage="c:\workspace\personal\nzr.toolbox\dotnet\nzr.toolbox.core.tests\bin\debug\netcoreapp2.2\nzr.toolbox.core.tests.dll" id="742450a8-e573-0feb-532b-212dbe3a2108">
      <Execution id="46cfb340-f4cb-422c-824f-942c8dbc728d" />
      <TestMethod codeBase="C:\workspace\personal\Nzr.ToolBox\dotnet\Nzr.ToolBox.Core.Tests\bin\Debug\netcoreapp2.2\Nzr.ToolBox.Core.Tests.dll" adapterTypeName="executor://xunit/VsTestRunner2/netcoreapp" className="Nzr.ToolBox.Core.Tests.BooleanUtilsTests" name="Nzr.ToolBox.Core.Tests.BooleanUtilsTests.Describe_WihNullValueAndWitCustomNullString_ShouldReturnCustomString" />
    </UnitTest>
    <UnitTest name="Nzr.ToolBox.Core.Tests.BooleanUtilsTests.ToBool_WithNonPositiveString_ShouldReturnFalse(value: &quot;N&quot;)" storage="c:\workspace\personal\nzr.toolbox\dotnet\nzr.toolbox.core.tests\bin\debug\netcoreapp2.2\nzr.toolbox.core.tests.dll" id="74f87d91-26ae-d1ee-e1f8-2525d41bbd83">
      <Execution id="756789b5-dd4f-4bde-afc6-fdcdef89eaca" />
      <TestMethod codeBase="C:\workspace\personal\Nzr.ToolBox\dotnet\Nzr.ToolBox.Core.Tests\bin\Debug\netcoreapp2.2\Nzr.ToolBox.Core.Tests.dll" adapterTypeName="executor://xunit/VsTestRunner2/netcoreapp" className="Nzr.ToolBox.Core.Tests.BooleanUtilsTests" name="Nzr.ToolBox.Core.Tests.BooleanUtilsTests.ToBool_WithNonPositiveString_ShouldReturnFalse(value: &quot;N&quot;)" />
    </UnitTest>
    <UnitTest name="Nzr.ToolBox.Core.Tests.StringUtilsTest.ContainsAll_WithNullStringNotContainigAllSubstrings_ShouldReturnFalse" storage="c:\workspace\personal\nzr.toolbox\dotnet\nzr.toolbox.core.tests\bin\debug\netcoreapp2.2\nzr.toolbox.core.tests.dll" id="87b56d62-9af1-eead-6483-716ab3bb23e0">
      <Execution id="f8044899-b252-42b4-8d84-534b85d0a32a" />
      <TestMethod codeBase="C:\workspace\personal\Nzr.ToolBox\dotnet\Nzr.ToolBox.Core.Tests\bin\Debug\netcoreapp2.2\Nzr.ToolBox.Core.Tests.dll" adapterTypeName="executor://xunit/VsTestRunner2/netcoreapp" className="Nzr.ToolBox.Core.Tests.StringUtilsTest" name="Nzr.ToolBox.Core.Tests.StringUtilsTest.ContainsAll_WithNullStringNotContainigAllSubstrings_ShouldReturnFalse" />
    </UnitTest>
    <UnitTest name="Nzr.ToolBox.Core.Tests.BooleanUtilsTests.Describe_WihTrueValueAndWitCustomYesString_ShouldReturnCustomString" storage="c:\workspace\personal\nzr.toolbox\dotnet\nzr.toolbox.core.tests\bin\debug\netcoreapp2.2\nzr.toolbox.core.tests.dll" id="c27f5798-ba92-8771-15a7-731f0a36872c">
      <Execution id="59ec88c6-1ddf-4c35-923d-8fc5a91c830a" />
      <TestMethod codeBase="C:\workspace\personal\Nzr.ToolBox\dotnet\Nzr.ToolBox.Core.Tests\bin\Debug\netcoreapp2.2\Nzr.ToolBox.Core.Tests.dll" adapterTypeName="executor://xunit/VsTestRunner2/netcoreapp" className="Nzr.ToolBox.Core.Tests.BooleanUtilsTests" name="Nzr.ToolBox.Core.Tests.BooleanUtilsTests.Describe_WihTrueValueAndWitCustomYesString_ShouldReturnCustomString" />
    </UnitTest>
    <UnitTest name="Nzr.ToolBox.Core.Tests.NumberUtilsTest.Min_ShouldReturnMinValues" storage="c:\workspace\personal\nzr.toolbox\dotnet\nzr.toolbox.core.tests\bin\debug\netcoreapp2.2\nzr.toolbox.core.tests.dll" id="abaeb843-e95d-5629-dacd-9477aefd8dd6">
      <Execution id="91b6ca79-b4da-4c7f-b375-1f2709a04e81" />
      <TestMethod codeBase="C:\workspace\personal\Nzr.ToolBox\dotnet\Nzr.ToolBox.Core.Tests\bin\Debug\netcoreapp2.2\Nzr.ToolBox.Core.Tests.dll" adapterTypeName="executor://xunit/VsTestRunner2/netcoreapp" className="Nzr.ToolBox.Core.Tests.NumberUtilsTest" name="Nzr.ToolBox.Core.Tests.NumberUtilsTest.Min_ShouldReturnMinValues" />
    </UnitTest>
    <UnitTest name="Nzr.ToolBox.Core.Tests.CollectionUtilsTests.ContainsAny_WithNullRefGenericEnumerable_ShouldReturnFalse" storage="c:\workspace\personal\nzr.toolbox\dotnet\nzr.toolbox.core.tests\bin\debug\netcoreapp2.2\nzr.toolbox.core.tests.dll" id="847d8ff3-d803-cf60-f02c-496786a7423f">
      <Execution id="f626a741-dc72-4da4-a72e-b789bfb8b011" />
      <TestMethod codeBase="C:\workspace\personal\Nzr.ToolBox\dotnet\Nzr.ToolBox.Core.Tests\bin\Debug\netcoreapp2.2\Nzr.ToolBox.Core.Tests.dll" adapterTypeName="executor://xunit/VsTestRunner2/netcoreapp" className="Nzr.ToolBox.Core.Tests.CollectionUtilsTests" name="Nzr.ToolBox.Core.Tests.CollectionUtilsTests.ContainsAny_WithNullRefGenericEnumerable_ShouldReturnFalse" />
    </UnitTest>
    <UnitTest name="Nzr.ToolBox.Core.Tests.StringUtilsTest.Replace_WithNonNullString_ShouldReplaceOldValueWithNewOne" storage="c:\workspace\personal\nzr.toolbox\dotnet\nzr.toolbox.core.tests\bin\debug\netcoreapp2.2\nzr.toolbox.core.tests.dll" id="512ec98d-2185-5ebc-b040-4a9df6c7ed1a">
      <Execution id="e471f9ff-b24d-40ac-947a-48a98d8fecae" />
      <TestMethod codeBase="C:\workspace\personal\Nzr.ToolBox\dotnet\Nzr.ToolBox.Core.Tests\bin\Debug\netcoreapp2.2\Nzr.ToolBox.Core.Tests.dll" adapterTypeName="executor://xunit/VsTestRunner2/netcoreapp" className="Nzr.ToolBox.Core.Tests.StringUtilsTest" name="Nzr.ToolBox.Core.Tests.StringUtilsTest.Replace_WithNonNullString_ShouldReplaceOldValueWithNewOne" />
    </UnitTest>
    <UnitTest name="Nzr.ToolBox.Core.Tests.CollectionUtilsTests.ForEach_WithNull_ShouldNotExecuteAction" storage="c:\workspace\personal\nzr.toolbox\dotnet\nzr.toolbox.core.tests\bin\debug\netcoreapp2.2\nzr.toolbox.core.tests.dll" id="474289fd-78a2-44f4-466e-fab96cf061fe">
      <Execution id="6f6bf01e-e768-4beb-8f86-3fb7ba5658ac" />
      <TestMethod codeBase="C:\workspace\personal\Nzr.ToolBox\dotnet\Nzr.ToolBox.Core.Tests\bin\Debug\netcoreapp2.2\Nzr.ToolBox.Core.Tests.dll" adapterTypeName="executor://xunit/VsTestRunner2/netcoreapp" className="Nzr.ToolBox.Core.Tests.CollectionUtilsTests" name="Nzr.ToolBox.Core.Tests.CollectionUtilsTests.ForEach_WithNull_ShouldNotExecuteAction" />
    </UnitTest>
    <UnitTest name="Nzr.ToolBox.Core.Tests.StringUtilsTest.ContainsAll_WithStringContainigAllSubstrings_ShouldReturnTrue" storage="c:\workspace\personal\nzr.toolbox\dotnet\nzr.toolbox.core.tests\bin\debug\netcoreapp2.2\nzr.toolbox.core.tests.dll" id="4d8283f4-8639-27d1-44ac-751f4d8f3078">
      <Execution id="24acb7b5-4ff7-4c2f-ac28-a614bb1a9fd2" />
      <TestMethod codeBase="C:\workspace\personal\Nzr.ToolBox\dotnet\Nzr.ToolBox.Core.Tests\bin\Debug\netcoreapp2.2\Nzr.ToolBox.Core.Tests.dll" adapterTypeName="executor://xunit/VsTestRunner2/netcoreapp" className="Nzr.ToolBox.Core.Tests.StringUtilsTest" name="Nzr.ToolBox.Core.Tests.StringUtilsTest.ContainsAll_WithStringContainigAllSubstrings_ShouldReturnTrue" />
    </UnitTest>
    <UnitTest name="Nzr.ToolBox.Core.Tests.StringUtilsTest.IsEmpty_WithNullString_ShouldReturnTrue" storage="c:\workspace\personal\nzr.toolbox\dotnet\nzr.toolbox.core.tests\bin\debug\netcoreapp2.2\nzr.toolbox.core.tests.dll" id="b34056e1-a0f1-b9c6-4cf9-a385bfe323c6">
      <Execution id="0c31bc99-8df6-4be2-a4e2-8a2f5f4d0ea6" />
      <TestMethod codeBase="C:\workspace\personal\Nzr.ToolBox\dotnet\Nzr.ToolBox.Core.Tests\bin\Debug\netcoreapp2.2\Nzr.ToolBox.Core.Tests.dll" adapterTypeName="executor://xunit/VsTestRunner2/netcoreapp" className="Nzr.ToolBox.Core.Tests.StringUtilsTest" name="Nzr.ToolBox.Core.Tests.StringUtilsTest.IsEmpty_WithNullString_ShouldReturnTrue" />
    </UnitTest>
    <UnitTest name="Nzr.ToolBox.Core.Tests.StringUtilsTest.Prefix_WithNonExistingPrefix_ShouldAddPrefix" storage="c:\workspace\personal\nzr.toolbox\dotnet\nzr.toolbox.core.tests\bin\debug\netcoreapp2.2\nzr.toolbox.core.tests.dll" id="467648af-fb2a-b6b9-e76e-8f94779eb7f6">
      <Execution id="3dc7126f-ee80-4cf5-ac5d-36a5474af352" />
      <TestMethod codeBase="C:\workspace\personal\Nzr.ToolBox\dotnet\Nzr.ToolBox.Core.Tests\bin\Debug\netcoreapp2.2\Nzr.ToolBox.Core.Tests.dll" adapterTypeName="executor://xunit/VsTestRunner2/netcoreapp" className="Nzr.ToolBox.Core.Tests.StringUtilsTest" name="Nzr.ToolBox.Core.Tests.StringUtilsTest.Prefix_WithNonExistingPrefix_ShouldAddPrefix" />
    </UnitTest>
    <UnitTest name="Nzr.ToolBox.Core.Tests.RandomUtilsTest.RandomString_WithNumbersOnly_ShouldReturnNumericString" storage="c:\workspace\personal\nzr.toolbox\dotnet\nzr.toolbox.core.tests\bin\debug\netcoreapp2.2\nzr.toolbox.core.tests.dll" id="82b6aab1-e835-8e28-1aa8-e6764ddd6ce8">
      <Execution id="68ec32cf-1c17-479d-ab41-52f0a6d6f2ad" />
      <TestMethod codeBase="C:\workspace\personal\Nzr.ToolBox\dotnet\Nzr.ToolBox.Core.Tests\bin\Debug\netcoreapp2.2\Nzr.ToolBox.Core.Tests.dll" adapterTypeName="executor://xunit/VsTestRunner2/netcoreapp" className="Nzr.ToolBox.Core.Tests.RandomUtilsTest" name="Nzr.ToolBox.Core.Tests.RandomUtilsTest.RandomString_WithNumbersOnly_ShouldReturnNumericString" />
    </UnitTest>
    <UnitTest name="Nzr.ToolBox.Core.Tests.RandomUtilsTest.RandomString_WithoutAnyChar_ShouldThrowException" storage="c:\workspace\personal\nzr.toolbox\dotnet\nzr.toolbox.core.tests\bin\debug\netcoreapp2.2\nzr.toolbox.core.tests.dll" id="1f8d595f-ee42-36d5-5d96-e0c86c183647">
      <Execution id="31c68d05-d9a0-4752-85fb-5d405f84dd83" />
      <TestMethod codeBase="C:\workspace\personal\Nzr.ToolBox\dotnet\Nzr.ToolBox.Core.Tests\bin\Debug\netcoreapp2.2\Nzr.ToolBox.Core.Tests.dll" adapterTypeName="executor://xunit/VsTestRunner2/netcoreapp" className="Nzr.ToolBox.Core.Tests.RandomUtilsTest" name="Nzr.ToolBox.Core.Tests.RandomUtilsTest.RandomString_WithoutAnyChar_ShouldThrowException" />
    </UnitTest>
    <UnitTest name="Nzr.ToolBox.Core.Tests.BooleanUtilsTests.ToBool_WithPositiveString_ShouldReturnTrue(value: &quot;Yes&quot;)" storage="c:\workspace\personal\nzr.toolbox\dotnet\nzr.toolbox.core.tests\bin\debug\netcoreapp2.2\nzr.toolbox.core.tests.dll" id="4d537f97-5a8f-3fc0-24c7-b07e074344e7">
      <Execution id="58df127b-1ee6-4900-bc73-5431ae1e311e" />
      <TestMethod codeBase="C:\workspace\personal\Nzr.ToolBox\dotnet\Nzr.ToolBox.Core.Tests\bin\Debug\netcoreapp2.2\Nzr.ToolBox.Core.Tests.dll" adapterTypeName="executor://xunit/VsTestRunner2/netcoreapp" className="Nzr.ToolBox.Core.Tests.BooleanUtilsTests" name="Nzr.ToolBox.Core.Tests.BooleanUtilsTests.ToBool_WithPositiveString_ShouldReturnTrue(value: &quot;Yes&quot;)" />
    </UnitTest>
    <UnitTest name="Nzr.ToolBox.Core.Tests.StringUtilsTest.ContainsAny_WithStringContainingOneOfSubstring_ShouldReturnTrue" storage="c:\workspace\personal\nzr.toolbox\dotnet\nzr.toolbox.core.tests\bin\debug\netcoreapp2.2\nzr.toolbox.core.tests.dll" id="aa3a386d-4e0e-5a63-1b9c-2e9bdb13caac">
      <Execution id="b8fee3a7-fa44-4719-a4f9-4b79300a4b21" />
      <TestMethod codeBase="C:\workspace\personal\Nzr.ToolBox\dotnet\Nzr.ToolBox.Core.Tests\bin\Debug\netcoreapp2.2\Nzr.ToolBox.Core.Tests.dll" adapterTypeName="executor://xunit/VsTestRunner2/netcoreapp" className="Nzr.ToolBox.Core.Tests.StringUtilsTest" name="Nzr.ToolBox.Core.Tests.StringUtilsTest.ContainsAny_WithStringContainingOneOfSubstring_ShouldReturnTrue" />
    </UnitTest>
    <UnitTest name="Nzr.ToolBox.Core.Tests.CollectionUtilsTests.ForEach_WithEnumerable_ShouldExecuteFunction" storage="c:\workspace\personal\nzr.toolbox\dotnet\nzr.toolbox.core.tests\bin\debug\netcoreapp2.2\nzr.toolbox.core.tests.dll" id="363f802a-8301-cdba-d629-1b88c66660e3">
      <Execution id="018aaf80-f4a4-4768-9bc9-67bdda7b41ae" />
      <TestMethod codeBase="C:\workspace\personal\Nzr.ToolBox\dotnet\Nzr.ToolBox.Core.Tests\bin\Debug\netcoreapp2.2\Nzr.ToolBox.Core.Tests.dll" adapterTypeName="executor://xunit/VsTestRunner2/netcoreapp" className="Nzr.ToolBox.Core.Tests.CollectionUtilsTests" name="Nzr.ToolBox.Core.Tests.CollectionUtilsTests.ForEach_WithEnumerable_ShouldExecuteFunction" />
    </UnitTest>
    <UnitTest name="Nzr.ToolBox.Core.Tests.StringUtilsTest.IsNotNumber_WithAlhphanumeric_ShouldReturnTrue" storage="c:\workspace\personal\nzr.toolbox\dotnet\nzr.toolbox.core.tests\bin\debug\netcoreapp2.2\nzr.toolbox.core.tests.dll" id="4727a2e5-b0ef-54dd-d5b7-4bdc9cbfa65b">
      <Execution id="590ed397-b7aa-4f04-974e-428b58ae158c" />
      <TestMethod codeBase="C:\workspace\personal\Nzr.ToolBox\dotnet\Nzr.ToolBox.Core.Tests\bin\Debug\netcoreapp2.2\Nzr.ToolBox.Core.Tests.dll" adapterTypeName="executor://xunit/VsTestRunner2/netcoreapp" className="Nzr.ToolBox.Core.Tests.StringUtilsTest" name="Nzr.ToolBox.Core.Tests.StringUtilsTest.IsNotNumber_WithAlhphanumeric_ShouldReturnTrue" />
    </UnitTest>
    <UnitTest name="Nzr.ToolBox.Core.Tests.CollectionUtilsTests.ContainsAll_WithNullRefEnumerable_ShouldReturnTrue" storage="c:\workspace\personal\nzr.toolbox\dotnet\nzr.toolbox.core.tests\bin\debug\netcoreapp2.2\nzr.toolbox.core.tests.dll" id="98b1c38a-5944-2142-0122-daf0761a7b67">
      <Execution id="4da401a9-6cb9-4260-ad26-2bac055b033f" />
      <TestMethod codeBase="C:\workspace\personal\Nzr.ToolBox\dotnet\Nzr.ToolBox.Core.Tests\bin\Debug\netcoreapp2.2\Nzr.ToolBox.Core.Tests.dll" adapterTypeName="executor://xunit/VsTestRunner2/netcoreapp" className="Nzr.ToolBox.Core.Tests.CollectionUtilsTests" name="Nzr.ToolBox.Core.Tests.CollectionUtilsTests.ContainsAll_WithNullRefEnumerable_ShouldReturnTrue" />
    </UnitTest>
    <UnitTest name="Nzr.ToolBox.Core.Tests.CollectionUtilsTests.Get_WithGenericEnumerableWithExistingIndex_ShouldReturnValue" storage="c:\workspace\personal\nzr.toolbox\dotnet\nzr.toolbox.core.tests\bin\debug\netcoreapp2.2\nzr.toolbox.core.tests.dll" id="7bbc11f3-00e0-acc2-4df2-e8e0d97bb209">
      <Execution id="0e3744cc-066e-41b0-8055-737c8fbb5f16" />
      <TestMethod codeBase="C:\workspace\personal\Nzr.ToolBox\dotnet\Nzr.ToolBox.Core.Tests\bin\Debug\netcoreapp2.2\Nzr.ToolBox.Core.Tests.dll" adapterTypeName="executor://xunit/VsTestRunner2/netcoreapp" className="Nzr.ToolBox.Core.Tests.CollectionUtilsTests" name="Nzr.ToolBox.Core.Tests.CollectionUtilsTests.Get_WithGenericEnumerableWithExistingIndex_ShouldReturnValue" />
    </UnitTest>
    <UnitTest name="Nzr.ToolBox.Core.Tests.StringUtilsTest.GetFirstNonBlank_WithNonBlankString_ShouldReturnNonBlankString" storage="c:\workspace\personal\nzr.toolbox\dotnet\nzr.toolbox.core.tests\bin\debug\netcoreapp2.2\nzr.toolbox.core.tests.dll" id="85b4abf3-134f-3845-e5fb-2d701e34abae">
      <Execution id="bcc908f2-9830-4f3b-82a0-2688d479552a" />
      <TestMethod codeBase="C:\workspace\personal\Nzr.ToolBox\dotnet\Nzr.ToolBox.Core.Tests\bin\Debug\netcoreapp2.2\Nzr.ToolBox.Core.Tests.dll" adapterTypeName="executor://xunit/VsTestRunner2/netcoreapp" className="Nzr.ToolBox.Core.Tests.StringUtilsTest" name="Nzr.ToolBox.Core.Tests.StringUtilsTest.GetFirstNonBlank_WithNonBlankString_ShouldReturnNonBlankString" />
    </UnitTest>
    <UnitTest name="Nzr.ToolBox.Core.Tests.StringUtilsTest.IsAnyBlank_WithNullOrEmptyStrings_ShouldReturnTrue" storage="c:\workspace\personal\nzr.toolbox\dotnet\nzr.toolbox.core.tests\bin\debug\netcoreapp2.2\nzr.toolbox.core.tests.dll" id="fcc50950-38b5-c695-4000-d6bf47ed8831">
      <Execution id="87698f2a-3aef-4c00-b01a-833d33de9c83" />
      <TestMethod codeBase="C:\workspace\personal\Nzr.ToolBox\dotnet\Nzr.ToolBox.Core.Tests\bin\Debug\netcoreapp2.2\Nzr.ToolBox.Core.Tests.dll" adapterTypeName="executor://xunit/VsTestRunner2/netcoreapp" className="Nzr.ToolBox.Core.Tests.StringUtilsTest" name="Nzr.ToolBox.Core.Tests.StringUtilsTest.IsAnyBlank_WithNullOrEmptyStrings_ShouldReturnTrue" />
    </UnitTest>
    <UnitTest name="Nzr.ToolBox.Core.Tests.CollectionUtilsTests.Add_ShouldAddAllElements" storage="c:\workspace\personal\nzr.toolbox\dotnet\nzr.toolbox.core.tests\bin\debug\netcoreapp2.2\nzr.toolbox.core.tests.dll" id="a8873542-1747-c963-22ae-667f3818d7ed">
      <Execution id="99e61f1e-7a8a-46aa-97d0-af1b536f326e" />
      <TestMethod codeBase="C:\workspace\personal\Nzr.ToolBox\dotnet\Nzr.ToolBox.Core.Tests\bin\Debug\netcoreapp2.2\Nzr.ToolBox.Core.Tests.dll" adapterTypeName="executor://xunit/VsTestRunner2/netcoreapp" className="Nzr.ToolBox.Core.Tests.CollectionUtilsTests" name="Nzr.ToolBox.Core.Tests.CollectionUtilsTests.Add_ShouldAddAllElements" />
    </UnitTest>
    <UnitTest name="Nzr.ToolBox.Core.Tests.BooleanUtilsTests.ToBool_WithPositiveString_ShouldReturnTrue(value: &quot;Y&quot;)" storage="c:\workspace\personal\nzr.toolbox\dotnet\nzr.toolbox.core.tests\bin\debug\netcoreapp2.2\nzr.toolbox.core.tests.dll" id="098b15f3-4cbc-4c40-9ad2-8835c9d6e501">
      <Execution id="bdef03f0-cdb7-4a63-9f4b-60090fa8814b" />
      <TestMethod codeBase="C:\workspace\personal\Nzr.ToolBox\dotnet\Nzr.ToolBox.Core.Tests\bin\Debug\netcoreapp2.2\Nzr.ToolBox.Core.Tests.dll" adapterTypeName="executor://xunit/VsTestRunner2/netcoreapp" className="Nzr.ToolBox.Core.Tests.BooleanUtilsTests" name="Nzr.ToolBox.Core.Tests.BooleanUtilsTests.ToBool_WithPositiveString_ShouldReturnTrue(value: &quot;Y&quot;)" />
    </UnitTest>
    <UnitTest name="Nzr.ToolBox.Core.Tests.CollectionUtilsTests.Add_WithListAsArgument_ShouldAddAllElements" storage="c:\workspace\personal\nzr.toolbox\dotnet\nzr.toolbox.core.tests\bin\debug\netcoreapp2.2\nzr.toolbox.core.tests.dll" id="0895ad80-dce9-06a7-5602-3c72da5f8da6">
      <Execution id="c632f392-9d6b-40e9-8e8a-1fa5e603b579" />
      <TestMethod codeBase="C:\workspace\personal\Nzr.ToolBox\dotnet\Nzr.ToolBox.Core.Tests\bin\Debug\netcoreapp2.2\Nzr.ToolBox.Core.Tests.dll" adapterTypeName="executor://xunit/VsTestRunner2/netcoreapp" className="Nzr.ToolBox.Core.Tests.CollectionUtilsTests" name="Nzr.ToolBox.Core.Tests.CollectionUtilsTests.Add_WithListAsArgument_ShouldAddAllElements" />
    </UnitTest>
    <UnitTest name="Nzr.ToolBox.Core.Tests.CollectionUtilsTests.Add_WithNullCollectionSourceAndListAsArgument_ShouldNotAddAllElements" storage="c:\workspace\personal\nzr.toolbox\dotnet\nzr.toolbox.core.tests\bin\debug\netcoreapp2.2\nzr.toolbox.core.tests.dll" id="2e474251-5f54-ef3f-b13d-35076f43dc38">
      <Execution id="1a85defe-e8e2-4663-b6fb-7f991671953f" />
      <TestMethod codeBase="C:\workspace\personal\Nzr.ToolBox\dotnet\Nzr.ToolBox.Core.Tests\bin\Debug\netcoreapp2.2\Nzr.ToolBox.Core.Tests.dll" adapterTypeName="executor://xunit/VsTestRunner2/netcoreapp" className="Nzr.ToolBox.Core.Tests.CollectionUtilsTests" name="Nzr.ToolBox.Core.Tests.CollectionUtilsTests.Add_WithNullCollectionSourceAndListAsArgument_ShouldNotAddAllElements" />
    </UnitTest>
    <UnitTest name="Nzr.ToolBox.Core.Tests.StringUtilsTest.Capitalize_WithNull_ShouldReturnNull" storage="c:\workspace\personal\nzr.toolbox\dotnet\nzr.toolbox.core.tests\bin\debug\netcoreapp2.2\nzr.toolbox.core.tests.dll" id="f4fbfb1c-5ed6-31b9-32df-2fb927eec7fc">
      <Execution id="ace700ef-ec21-49c4-a909-b7b9c15d3e80" />
      <TestMethod codeBase="C:\workspace\personal\Nzr.ToolBox\dotnet\Nzr.ToolBox.Core.Tests\bin\Debug\netcoreapp2.2\Nzr.ToolBox.Core.Tests.dll" adapterTypeName="executor://xunit/VsTestRunner2/netcoreapp" className="Nzr.ToolBox.Core.Tests.StringUtilsTest" name="Nzr.ToolBox.Core.Tests.StringUtilsTest.Capitalize_WithNull_ShouldReturnNull" />
    </UnitTest>
    <UnitTest name="Nzr.ToolBox.Core.Tests.BooleanUtilsTests.IsTrue_WithTrueValue_ShouldReturnTrue" storage="c:\workspace\personal\nzr.toolbox\dotnet\nzr.toolbox.core.tests\bin\debug\netcoreapp2.2\nzr.toolbox.core.tests.dll" id="4a5c20cb-2c1d-4475-6cd5-7c6e3e33b758">
      <Execution id="b53c1347-9811-414c-97ef-43bee8c99b7b" />
      <TestMethod codeBase="C:\workspace\personal\Nzr.ToolBox\dotnet\Nzr.ToolBox.Core.Tests\bin\Debug\netcoreapp2.2\Nzr.ToolBox.Core.Tests.dll" adapterTypeName="executor://xunit/VsTestRunner2/netcoreapp" className="Nzr.ToolBox.Core.Tests.BooleanUtilsTests" name="Nzr.ToolBox.Core.Tests.BooleanUtilsTests.IsTrue_WithTrueValue_ShouldReturnTrue" />
    </UnitTest>
    <UnitTest name="Nzr.ToolBox.Core.Tests.ObjectUtilsTest.IfNull_WithNotNullValue_ShouldExecuteNotNullAction" storage="c:\workspace\personal\nzr.toolbox\dotnet\nzr.toolbox.core.tests\bin\debug\netcoreapp2.2\nzr.toolbox.core.tests.dll" id="349b454a-4a6b-82e1-71a0-9c64f08b3642">
      <Execution id="37326f27-fd1d-42c3-8ec8-19c88886b56d" />
      <TestMethod codeBase="C:\workspace\personal\Nzr.ToolBox\dotnet\Nzr.ToolBox.Core.Tests\bin\Debug\netcoreapp2.2\Nzr.ToolBox.Core.Tests.dll" adapterTypeName="executor://xunit/VsTestRunner2/netcoreapp" className="Nzr.ToolBox.Core.Tests.ObjectUtilsTest" name="Nzr.ToolBox.Core.Tests.ObjectUtilsTest.IfNull_WithNotNullValue_ShouldExecuteNotNullAction" />
    </UnitTest>
    <UnitTest name="Nzr.ToolBox.Core.Tests.ObjectUtilsTest.LastNonNull_WithAllNull_ShouldReturnNull" storage="c:\workspace\personal\nzr.toolbox\dotnet\nzr.toolbox.core.tests\bin\debug\netcoreapp2.2\nzr.toolbox.core.tests.dll" id="2deffabc-0f2a-cf1f-0473-12f60ef9456b">
      <Execution id="5e74e831-0d22-4760-ba08-93ec41aab8bc" />
      <TestMethod codeBase="C:\workspace\personal\Nzr.ToolBox\dotnet\Nzr.ToolBox.Core.Tests\bin\Debug\netcoreapp2.2\Nzr.ToolBox.Core.Tests.dll" adapterTypeName="executor://xunit/VsTestRunner2/netcoreapp" className="Nzr.ToolBox.Core.Tests.ObjectUtilsTest" name="Nzr.ToolBox.Core.Tests.ObjectUtilsTest.LastNonNull_WithAllNull_ShouldReturnNull" />
    </UnitTest>
    <UnitTest name="Nzr.ToolBox.Core.Tests.ObjectUtilsTest.IfNull_WithNullValue_ShouldExecuteNullAction" storage="c:\workspace\personal\nzr.toolbox\dotnet\nzr.toolbox.core.tests\bin\debug\netcoreapp2.2\nzr.toolbox.core.tests.dll" id="ef1d6b74-13c8-dcd2-26ac-7f5ae1d5273c">
      <Execution id="dbe5d90f-001a-496b-9648-31da59283c08" />
      <TestMethod codeBase="C:\workspace\personal\Nzr.ToolBox\dotnet\Nzr.ToolBox.Core.Tests\bin\Debug\netcoreapp2.2\Nzr.ToolBox.Core.Tests.dll" adapterTypeName="executor://xunit/VsTestRunner2/netcoreapp" className="Nzr.ToolBox.Core.Tests.ObjectUtilsTest" name="Nzr.ToolBox.Core.Tests.ObjectUtilsTest.IfNull_WithNullValue_ShouldExecuteNullAction" />
    </UnitTest>
    <UnitTest name="Nzr.ToolBox.Core.Tests.CollectionUtilsTests.IndexOf_WithExistingItem_ShouldReturnIndex" storage="c:\workspace\personal\nzr.toolbox\dotnet\nzr.toolbox.core.tests\bin\debug\netcoreapp2.2\nzr.toolbox.core.tests.dll" id="82fbae66-d014-68f8-a29c-7a33350f0be4">
      <Execution id="66bb05c1-e730-496b-accf-28b246bc5944" />
      <TestMethod codeBase="C:\workspace\personal\Nzr.ToolBox\dotnet\Nzr.ToolBox.Core.Tests\bin\Debug\netcoreapp2.2\Nzr.ToolBox.Core.Tests.dll" adapterTypeName="executor://xunit/VsTestRunner2/netcoreapp" className="Nzr.ToolBox.Core.Tests.CollectionUtilsTests" name="Nzr.ToolBox.Core.Tests.CollectionUtilsTests.IndexOf_WithExistingItem_ShouldReturnIndex" />
    </UnitTest>
    <UnitTest name="Nzr.ToolBox.Core.Tests.RandomUtilsTest.RandomDecimal_ShouldReturnUniqueValues(iterations: 10000, seed: 1)" storage="c:\workspace\personal\nzr.toolbox\dotnet\nzr.toolbox.core.tests\bin\debug\netcoreapp2.2\nzr.toolbox.core.tests.dll" id="af6775fd-d269-907e-4174-20941ea53792">
      <Execution id="ee889885-b981-4d98-9a35-85c5e09a6f92" />
      <TestMethod codeBase="C:\workspace\personal\Nzr.ToolBox\dotnet\Nzr.ToolBox.Core.Tests\bin\Debug\netcoreapp2.2\Nzr.ToolBox.Core.Tests.dll" adapterTypeName="executor://xunit/VsTestRunner2/netcoreapp" className="Nzr.ToolBox.Core.Tests.RandomUtilsTest" name="Nzr.ToolBox.Core.Tests.RandomUtilsTest.RandomDecimal_ShouldReturnUniqueValues(iterations: 10000, seed: 1)" />
    </UnitTest>
    <UnitTest name="Nzr.ToolBox.Core.Tests.CollectionUtilsTests.ContainsAll_WithEnumerableAndSameElements_ShouldReturnTrue" storage="c:\workspace\personal\nzr.toolbox\dotnet\nzr.toolbox.core.tests\bin\debug\netcoreapp2.2\nzr.toolbox.core.tests.dll" id="4e7127f8-744d-1e07-a920-a821e9fe9f93">
      <Execution id="5a3f5d52-91d7-4312-bbe8-7c79182d2d6a" />
      <TestMethod codeBase="C:\workspace\personal\Nzr.ToolBox\dotnet\Nzr.ToolBox.Core.Tests\bin\Debug\netcoreapp2.2\Nzr.ToolBox.Core.Tests.dll" adapterTypeName="executor://xunit/VsTestRunner2/netcoreapp" className="Nzr.ToolBox.Core.Tests.CollectionUtilsTests" name="Nzr.ToolBox.Core.Tests.CollectionUtilsTests.ContainsAll_WithEnumerableAndSameElements_ShouldReturnTrue" />
    </UnitTest>
    <UnitTest name="Nzr.ToolBox.Core.Tests.StringUtilsTest.Format_WithFormatString_ShouldReturnFormatedString" storage="c:\workspace\personal\nzr.toolbox\dotnet\nzr.toolbox.core.tests\bin\debug\netcoreapp2.2\nzr.toolbox.core.tests.dll" id="9847e038-8e7e-bbcd-0cca-216082d13779">
      <Execution id="a2f1d322-89f3-4fcb-a496-cd608163f726" />
      <TestMethod codeBase="C:\workspace\personal\Nzr.ToolBox\dotnet\Nzr.ToolBox.Core.Tests\bin\Debug\netcoreapp2.2\Nzr.ToolBox.Core.Tests.dll" adapterTypeName="executor://xunit/VsTestRunner2/netcoreapp" className="Nzr.ToolBox.Core.Tests.StringUtilsTest" name="Nzr.ToolBox.Core.Tests.StringUtilsTest.Format_WithFormatString_ShouldReturnFormatedString" />
    </UnitTest>
    <UnitTest name="Nzr.ToolBox.Core.Tests.BooleanUtilsTests.IsAnyTrue_WithOneTrueValue_ShouldReturnTrue" storage="c:\workspace\personal\nzr.toolbox\dotnet\nzr.toolbox.core.tests\bin\debug\netcoreapp2.2\nzr.toolbox.core.tests.dll" id="c503249d-5537-fc1c-c402-620be402a09c">
      <Execution id="6246d19b-e362-4ab8-b0bc-d11353b166eb" />
      <TestMethod codeBase="C:\workspace\personal\Nzr.ToolBox\dotnet\Nzr.ToolBox.Core.Tests\bin\Debug\netcoreapp2.2\Nzr.ToolBox.Core.Tests.dll" adapterTypeName="executor://xunit/VsTestRunner2/netcoreapp" className="Nzr.ToolBox.Core.Tests.BooleanUtilsTests" name="Nzr.ToolBox.Core.Tests.BooleanUtilsTests.IsAnyTrue_WithOneTrueValue_ShouldReturnTrue" />
    </UnitTest>
    <UnitTest name="Nzr.ToolBox.Core.Tests.BooleanUtilsTests.ToBool_WithPositiveNonZero_ShouldReturnTrue(b: 2, s: 3, i: 4, l: 5, f: 6, d: 7, m: 8)" storage="c:\workspace\personal\nzr.toolbox\dotnet\nzr.toolbox.core.tests\bin\debug\netcoreapp2.2\nzr.toolbox.core.tests.dll" id="c5f701a1-fcd5-1f87-4fee-cd5b137b31a8">
      <Execution id="fc98851b-0f8e-46a9-8818-25b672f7dd2c" />
      <TestMethod codeBase="C:\workspace\personal\Nzr.ToolBox\dotnet\Nzr.ToolBox.Core.Tests\bin\Debug\netcoreapp2.2\Nzr.ToolBox.Core.Tests.dll" adapterTypeName="executor://xunit/VsTestRunner2/netcoreapp" className="Nzr.ToolBox.Core.Tests.BooleanUtilsTests" name="Nzr.ToolBox.Core.Tests.BooleanUtilsTests.ToBool_WithPositiveNonZero_ShouldReturnTrue(b: 2, s: 3, i: 4, l: 5, f: 6, d: 7, m: 8)" />
    </UnitTest>
    <UnitTest name="Nzr.ToolBox.Core.Tests.ObjectUtilsTest.IfNotNull_WithNullValue_ShouldExecuteNullAction" storage="c:\workspace\personal\nzr.toolbox\dotnet\nzr.toolbox.core.tests\bin\debug\netcoreapp2.2\nzr.toolbox.core.tests.dll" id="60b85a90-aaf8-7e93-2f6c-9526d81382d3">
      <Execution id="e0e50927-5518-4011-a68e-f104678e9bb1" />
      <TestMethod codeBase="C:\workspace\personal\Nzr.ToolBox\dotnet\Nzr.ToolBox.Core.Tests\bin\Debug\netcoreapp2.2\Nzr.ToolBox.Core.Tests.dll" adapterTypeName="executor://xunit/VsTestRunner2/netcoreapp" className="Nzr.ToolBox.Core.Tests.ObjectUtilsTest" name="Nzr.ToolBox.Core.Tests.ObjectUtilsTest.IfNotNull_WithNullValue_ShouldExecuteNullAction" />
    </UnitTest>
    <UnitTest name="Nzr.ToolBox.Core.Tests.CollectionUtilsTests.EmptyIfNull_WithNonNullGenericEnumerable_ShouldTheEnumerable" storage="c:\workspace\personal\nzr.toolbox\dotnet\nzr.toolbox.core.tests\bin\debug\netcoreapp2.2\nzr.toolbox.core.tests.dll" id="3b3f03b2-7036-9975-1ea0-fbee6b6a40d0">
      <Execution id="91f5131d-5e57-4939-9eed-eec1f855ff45" />
      <TestMethod codeBase="C:\workspace\personal\Nzr.ToolBox\dotnet\Nzr.ToolBox.Core.Tests\bin\Debug\netcoreapp2.2\Nzr.ToolBox.Core.Tests.dll" adapterTypeName="executor://xunit/VsTestRunner2/netcoreapp" className="Nzr.ToolBox.Core.Tests.CollectionUtilsTests" name="Nzr.ToolBox.Core.Tests.CollectionUtilsTests.EmptyIfNull_WithNonNullGenericEnumerable_ShouldTheEnumerable" />
    </UnitTest>
    <UnitTest name="Nzr.ToolBox.Core.Tests.StringUtilsTest.RemoveEnd_WithExistingStrings_ShouldReturnCleanedString" storage="c:\workspace\personal\nzr.toolbox\dotnet\nzr.toolbox.core.tests\bin\debug\netcoreapp2.2\nzr.toolbox.core.tests.dll" id="625b6eef-9fde-b5ef-1db7-16257d35bad4">
      <Execution id="2acc9e01-6be7-4fd8-bd3b-f606f1384e1e" />
      <TestMethod codeBase="C:\workspace\personal\Nzr.ToolBox\dotnet\Nzr.ToolBox.Core.Tests\bin\Debug\netcoreapp2.2\Nzr.ToolBox.Core.Tests.dll" adapterTypeName="executor://xunit/VsTestRunner2/netcoreapp" className="Nzr.ToolBox.Core.Tests.StringUtilsTest" name="Nzr.ToolBox.Core.Tests.StringUtilsTest.RemoveEnd_WithExistingStrings_ShouldReturnCleanedString" />
    </UnitTest>
    <UnitTest name="Nzr.ToolBox.Core.Tests.StringUtilsTest.ContainsAny_WithOrdinalIgnoreCaseNullString_ShouldReturnFalse" storage="c:\workspace\personal\nzr.toolbox\dotnet\nzr.toolbox.core.tests\bin\debug\netcoreapp2.2\nzr.toolbox.core.tests.dll" id="9fb46542-0618-28a9-23e6-da1922161605">
      <Execution id="6569ea1b-fbb5-404d-9b0b-aa2f0b2ea2db" />
      <TestMethod codeBase="C:\workspace\personal\Nzr.ToolBox\dotnet\Nzr.ToolBox.Core.Tests\bin\Debug\netcoreapp2.2\Nzr.ToolBox.Core.Tests.dll" adapterTypeName="executor://xunit/VsTestRunner2/netcoreapp" className="Nzr.ToolBox.Core.Tests.StringUtilsTest" name="Nzr.ToolBox.Core.Tests.StringUtilsTest.ContainsAny_WithOrdinalIgnoreCaseNullString_ShouldReturnFalse" />
    </UnitTest>
    <UnitTest name="Nzr.ToolBox.Core.Tests.CollectionUtilsTests.GetKey_WithNullValueForKvpAndInput_ShouldReturnKey" storage="c:\workspace\personal\nzr.toolbox\dotnet\nzr.toolbox.core.tests\bin\debug\netcoreapp2.2\nzr.toolbox.core.tests.dll" id="2084ff50-0c57-008d-1c5e-051f3c6d2a19">
      <Execution id="df1320a6-60f6-4e84-9fb9-a8dc8ebaceac" />
      <TestMethod codeBase="C:\workspace\personal\Nzr.ToolBox\dotnet\Nzr.ToolBox.Core.Tests\bin\Debug\netcoreapp2.2\Nzr.ToolBox.Core.Tests.dll" adapterTypeName="executor://xunit/VsTestRunner2/netcoreapp" className="Nzr.ToolBox.Core.Tests.CollectionUtilsTests" name="Nzr.ToolBox.Core.Tests.CollectionUtilsTests.GetKey_WithNullValueForKvpAndInput_ShouldReturnKey" />
    </UnitTest>
    <UnitTest name="Nzr.ToolBox.Core.Tests.StringUtilsTest.RemoveDiacritics_WithString_ShouldReturnStringWihtouDiacritics" storage="c:\workspace\personal\nzr.toolbox\dotnet\nzr.toolbox.core.tests\bin\debug\netcoreapp2.2\nzr.toolbox.core.tests.dll" id="8668c16e-2e8c-3717-0d40-dca4b94235b7">
      <Execution id="83c5129b-166a-4eb7-9138-b7907b26b75d" />
      <TestMethod codeBase="C:\workspace\personal\Nzr.ToolBox\dotnet\Nzr.ToolBox.Core.Tests\bin\Debug\netcoreapp2.2\Nzr.ToolBox.Core.Tests.dll" adapterTypeName="executor://xunit/VsTestRunner2/netcoreapp" className="Nzr.ToolBox.Core.Tests.StringUtilsTest" name="Nzr.ToolBox.Core.Tests.StringUtilsTest.RemoveDiacritics_WithString_ShouldReturnStringWihtouDiacritics" />
    </UnitTest>
    <UnitTest name="Nzr.ToolBox.Core.Tests.BooleanUtilsTests.IsTrue_WithNullOrFalseValue_ShouldReturnFalse(value: False)" storage="c:\workspace\personal\nzr.toolbox\dotnet\nzr.toolbox.core.tests\bin\debug\netcoreapp2.2\nzr.toolbox.core.tests.dll" id="cdc95a43-d3d9-ea09-2bf0-c5d1cc0a2f68">
      <Execution id="0b107e66-9d73-4304-baec-608efd16c88e" />
      <TestMethod codeBase="C:\workspace\personal\Nzr.ToolBox\dotnet\Nzr.ToolBox.Core.Tests\bin\Debug\netcoreapp2.2\Nzr.ToolBox.Core.Tests.dll" adapterTypeName="executor://xunit/VsTestRunner2/netcoreapp" className="Nzr.ToolBox.Core.Tests.BooleanUtilsTests" name="Nzr.ToolBox.Core.Tests.BooleanUtilsTests.IsTrue_WithNullOrFalseValue_ShouldReturnFalse(value: False)" />
    </UnitTest>
    <UnitTest name="Nzr.ToolBox.Core.Tests.CollectionUtilsTests.IsNotEmpty_WithNull_ShouldReturnFalse" storage="c:\workspace\personal\nzr.toolbox\dotnet\nzr.toolbox.core.tests\bin\debug\netcoreapp2.2\nzr.toolbox.core.tests.dll" id="c86af186-3a97-3d11-9fd7-06dc90451dd3">
      <Execution id="10eeb367-a8b7-4bab-9dc1-f56a1feadd4a" />
      <TestMethod codeBase="C:\workspace\personal\Nzr.ToolBox\dotnet\Nzr.ToolBox.Core.Tests\bin\Debug\netcoreapp2.2\Nzr.ToolBox.Core.Tests.dll" adapterTypeName="executor://xunit/VsTestRunner2/netcoreapp" className="Nzr.ToolBox.Core.Tests.CollectionUtilsTests" name="Nzr.ToolBox.Core.Tests.CollectionUtilsTests.IsNotEmpty_WithNull_ShouldReturnFalse" />
    </UnitTest>
    <UnitTest name="Nzr.ToolBox.Core.Tests.ReflectionUtilsTest.GetValue_WithPropertyPathToList_ShouldThrowException" storage="c:\workspace\personal\nzr.toolbox\dotnet\nzr.toolbox.core.tests\bin\debug\netcoreapp2.2\nzr.toolbox.core.tests.dll" id="6bf46c1e-b943-b7c7-5a0c-85c17aef903c">
      <Execution id="bb3d779f-ae02-44a3-b93f-568dcd9f9bbd" />
      <TestMethod codeBase="C:\workspace\personal\Nzr.ToolBox\dotnet\Nzr.ToolBox.Core.Tests\bin\Debug\netcoreapp2.2\Nzr.ToolBox.Core.Tests.dll" adapterTypeName="executor://xunit/VsTestRunner2/netcoreapp" className="Nzr.ToolBox.Core.Tests.ReflectionUtilsTest" name="Nzr.ToolBox.Core.Tests.ReflectionUtilsTest.GetValue_WithPropertyPathToList_ShouldThrowException" />
    </UnitTest>
    <UnitTest name="Nzr.ToolBox.Core.Tests.ObjectUtilsTest.LastNonNull_WithAnyNonNull_ShouldReturnLastNonNull" storage="c:\workspace\personal\nzr.toolbox\dotnet\nzr.toolbox.core.tests\bin\debug\netcoreapp2.2\nzr.toolbox.core.tests.dll" id="164b891a-cd2a-f888-7f37-eb0e28476c0f">
      <Execution id="24eff2a9-d21d-4cba-b9d3-311014e92789" />
      <TestMethod codeBase="C:\workspace\personal\Nzr.ToolBox\dotnet\Nzr.ToolBox.Core.Tests\bin\Debug\netcoreapp2.2\Nzr.ToolBox.Core.Tests.dll" adapterTypeName="executor://xunit/VsTestRunner2/netcoreapp" className="Nzr.ToolBox.Core.Tests.ObjectUtilsTest" name="Nzr.ToolBox.Core.Tests.ObjectUtilsTest.LastNonNull_WithAnyNonNull_ShouldReturnLastNonNull" />
    </UnitTest>
    <UnitTest name="Nzr.ToolBox.Core.Tests.StringUtilsTest.ContainsAll_WithNullStringContainigAllNullSubstrings_ShouldReturnTrue" storage="c:\workspace\personal\nzr.toolbox\dotnet\nzr.toolbox.core.tests\bin\debug\netcoreapp2.2\nzr.toolbox.core.tests.dll" id="b5c65171-5bde-d993-6882-e95aac21805c">
      <Execution id="c7f0fac5-d01d-491f-86ba-2ecf7f2e1d1d" />
      <TestMethod codeBase="C:\workspace\personal\Nzr.ToolBox\dotnet\Nzr.ToolBox.Core.Tests\bin\Debug\netcoreapp2.2\Nzr.ToolBox.Core.Tests.dll" adapterTypeName="executor://xunit/VsTestRunner2/netcoreapp" className="Nzr.ToolBox.Core.Tests.StringUtilsTest" name="Nzr.ToolBox.Core.Tests.StringUtilsTest.ContainsAll_WithNullStringContainigAllNullSubstrings_ShouldReturnTrue" />
    </UnitTest>
    <UnitTest name="Nzr.ToolBox.Core.Tests.CollectionUtilsTests.ContainsAny_WithEnumerableAndDiffSize_ShouldReturnFalse" storage="c:\workspace\personal\nzr.toolbox\dotnet\nzr.toolbox.core.tests\bin\debug\netcoreapp2.2\nzr.toolbox.core.tests.dll" id="6f76a51f-b8cd-e6f5-cb70-61af9779673e">
      <Execution id="c472ba61-414d-4140-9f26-df6594dde176" />
      <TestMethod codeBase="C:\workspace\personal\Nzr.ToolBox\dotnet\Nzr.ToolBox.Core.Tests\bin\Debug\netcoreapp2.2\Nzr.ToolBox.Core.Tests.dll" adapterTypeName="executor://xunit/VsTestRunner2/netcoreapp" className="Nzr.ToolBox.Core.Tests.CollectionUtilsTests" name="Nzr.ToolBox.Core.Tests.CollectionUtilsTests.ContainsAny_WithEnumerableAndDiffSize_ShouldReturnFalse" />
    </UnitTest>
    <UnitTest name="Nzr.ToolBox.Core.Tests.StringUtilsTest.DefaultIfBlank_WithNullString_ShouldReturnDefault" storage="c:\workspace\personal\nzr.toolbox\dotnet\nzr.toolbox.core.tests\bin\debug\netcoreapp2.2\nzr.toolbox.core.tests.dll" id="b389fce4-9131-dbd6-6cb1-9add0a76b08c">
      <Execution id="a16b36bf-f2dd-401a-aca4-e6a9c273666a" />
      <TestMethod codeBase="C:\workspace\personal\Nzr.ToolBox\dotnet\Nzr.ToolBox.Core.Tests\bin\Debug\netcoreapp2.2\Nzr.ToolBox.Core.Tests.dll" adapterTypeName="executor://xunit/VsTestRunner2/netcoreapp" className="Nzr.ToolBox.Core.Tests.StringUtilsTest" name="Nzr.ToolBox.Core.Tests.StringUtilsTest.DefaultIfBlank_WithNullString_ShouldReturnDefault" />
    </UnitTest>
    <UnitTest name="Nzr.ToolBox.Core.Tests.StringUtilsTest.DefaultIfEmpty_WithNullString_ShouldReturnDefault" storage="c:\workspace\personal\nzr.toolbox\dotnet\nzr.toolbox.core.tests\bin\debug\netcoreapp2.2\nzr.toolbox.core.tests.dll" id="e4ef8062-0dbe-6974-71e4-0c8dfc386479">
      <Execution id="3cec7c8b-f9ed-4b62-b8bc-5a2391fc1507" />
      <TestMethod codeBase="C:\workspace\personal\Nzr.ToolBox\dotnet\Nzr.ToolBox.Core.Tests\bin\Debug\netcoreapp2.2\Nzr.ToolBox.Core.Tests.dll" adapterTypeName="executor://xunit/VsTestRunner2/netcoreapp" className="Nzr.ToolBox.Core.Tests.StringUtilsTest" name="Nzr.ToolBox.Core.Tests.StringUtilsTest.DefaultIfEmpty_WithNullString_ShouldReturnDefault" />
    </UnitTest>
    <UnitTest name="Nzr.ToolBox.Core.Tests.StringUtilsTest.Repeat_WithNonNull_ShouldReturnValuesTimesGiven" storage="c:\workspace\personal\nzr.toolbox\dotnet\nzr.toolbox.core.tests\bin\debug\netcoreapp2.2\nzr.toolbox.core.tests.dll" id="8cfb34fe-4adc-92b2-4e95-dd104149bccb">
      <Execution id="4f6c5bea-60aa-4b04-a751-6d132b6dd6ca" />
      <TestMethod codeBase="C:\workspace\personal\Nzr.ToolBox\dotnet\Nzr.ToolBox.Core.Tests\bin\Debug\netcoreapp2.2\Nzr.ToolBox.Core.Tests.dll" adapterTypeName="executor://xunit/VsTestRunner2/netcoreapp" className="Nzr.ToolBox.Core.Tests.StringUtilsTest" name="Nzr.ToolBox.Core.Tests.StringUtilsTest.Repeat_WithNonNull_ShouldReturnValuesTimesGiven" />
    </UnitTest>
    <UnitTest name="Nzr.ToolBox.Core.Tests.StringUtilsTest.Remove_WithNullString_ShouldReturnNull" storage="c:\workspace\personal\nzr.toolbox\dotnet\nzr.toolbox.core.tests\bin\debug\netcoreapp2.2\nzr.toolbox.core.tests.dll" id="dac9dc92-a823-6cea-bf4c-1b3253c3dca3">
      <Execution id="20a24ff4-dfc6-4b90-bf92-ac90fd65a1b1" />
      <TestMethod codeBase="C:\workspace\personal\Nzr.ToolBox\dotnet\Nzr.ToolBox.Core.Tests\bin\Debug\netcoreapp2.2\Nzr.ToolBox.Core.Tests.dll" adapterTypeName="executor://xunit/VsTestRunner2/netcoreapp" className="Nzr.ToolBox.Core.Tests.StringUtilsTest" name="Nzr.ToolBox.Core.Tests.StringUtilsTest.Remove_WithNullString_ShouldReturnNull" />
    </UnitTest>
    <UnitTest name="Nzr.ToolBox.Core.Tests.BooleanUtilsTests.ToBool_WithPositiveString_ShouldReturnTrue(value: &quot;Sim&quot;)" storage="c:\workspace\personal\nzr.toolbox\dotnet\nzr.toolbox.core.tests\bin\debug\netcoreapp2.2\nzr.toolbox.core.tests.dll" id="7f60703b-ccac-d67a-af2c-d0f5218965ff">
      <Execution id="8f2db170-724b-460c-89e7-51870f84acab" />
      <TestMethod codeBase="C:\workspace\personal\Nzr.ToolBox\dotnet\Nzr.ToolBox.Core.Tests\bin\Debug\netcoreapp2.2\Nzr.ToolBox.Core.Tests.dll" adapterTypeName="executor://xunit/VsTestRunner2/netcoreapp" className="Nzr.ToolBox.Core.Tests.BooleanUtilsTests" name="Nzr.ToolBox.Core.Tests.BooleanUtilsTests.ToBool_WithPositiveString_ShouldReturnTrue(value: &quot;Sim&quot;)" />
    </UnitTest>
    <UnitTest name="Nzr.ToolBox.Core.Tests.BooleanUtilsTests.IsAllFalse_WithOneTrueValue_ShouldReturnFalse" storage="c:\workspace\personal\nzr.toolbox\dotnet\nzr.toolbox.core.tests\bin\debug\netcoreapp2.2\nzr.toolbox.core.tests.dll" id="f69da90d-10ac-e902-c8cf-752cc6502d57">
      <Execution id="542969a9-dd94-4057-a210-2ad997a1eb1b" />
      <TestMethod codeBase="C:\workspace\personal\Nzr.ToolBox\dotnet\Nzr.ToolBox.Core.Tests\bin\Debug\netcoreapp2.2\Nzr.ToolBox.Core.Tests.dll" adapterTypeName="executor://xunit/VsTestRunner2/netcoreapp" className="Nzr.ToolBox.Core.Tests.BooleanUtilsTests" name="Nzr.ToolBox.Core.Tests.BooleanUtilsTests.IsAllFalse_WithOneTrueValue_ShouldReturnFalse" />
    </UnitTest>
    <UnitTest name="Nzr.ToolBox.Core.Tests.StringUtilsTest.IsNotBlank_WithEmptyString_ShouldReturnFalse" storage="c:\workspace\personal\nzr.toolbox\dotnet\nzr.toolbox.core.tests\bin\debug\netcoreapp2.2\nzr.toolbox.core.tests.dll" id="b292ce2e-5824-fb2a-2909-216dafdf7687">
      <Execution id="efc5c757-df2c-4c1a-925c-1cbeea4ef182" />
      <TestMethod codeBase="C:\workspace\personal\Nzr.ToolBox\dotnet\Nzr.ToolBox.Core.Tests\bin\Debug\netcoreapp2.2\Nzr.ToolBox.Core.Tests.dll" adapterTypeName="executor://xunit/VsTestRunner2/netcoreapp" className="Nzr.ToolBox.Core.Tests.StringUtilsTest" name="Nzr.ToolBox.Core.Tests.StringUtilsTest.IsNotBlank_WithEmptyString_ShouldReturnFalse" />
    </UnitTest>
    <UnitTest name="Nzr.ToolBox.Core.Tests.ObjectUtilsTest.IfNotNull_WithNonNullValue_ShouldNotThrowException" storage="c:\workspace\personal\nzr.toolbox\dotnet\nzr.toolbox.core.tests\bin\debug\netcoreapp2.2\nzr.toolbox.core.tests.dll" id="a9c9a902-559f-8aa4-faab-16816a4be232">
      <Execution id="804730f5-68cc-4b80-97df-190badabce3c" />
      <TestMethod codeBase="C:\workspace\personal\Nzr.ToolBox\dotnet\Nzr.ToolBox.Core.Tests\bin\Debug\netcoreapp2.2\Nzr.ToolBox.Core.Tests.dll" adapterTypeName="executor://xunit/VsTestRunner2/netcoreapp" className="Nzr.ToolBox.Core.Tests.ObjectUtilsTest" name="Nzr.ToolBox.Core.Tests.ObjectUtilsTest.IfNotNull_WithNonNullValue_ShouldNotThrowException" />
    </UnitTest>
    <UnitTest name="Nzr.ToolBox.Core.Tests.CollectionUtilsTests.ContainsAny_WithNullSourceEnumerable_ShouldReturnFalse" storage="c:\workspace\personal\nzr.toolbox\dotnet\nzr.toolbox.core.tests\bin\debug\netcoreapp2.2\nzr.toolbox.core.tests.dll" id="ef6ada67-330a-0b9a-effa-9092d4393f41">
      <Execution id="0a41968c-5147-497c-94c5-2189e65e679b" />
      <TestMethod codeBase="C:\workspace\personal\Nzr.ToolBox\dotnet\Nzr.ToolBox.Core.Tests\bin\Debug\netcoreapp2.2\Nzr.ToolBox.Core.Tests.dll" adapterTypeName="executor://xunit/VsTestRunner2/netcoreapp" className="Nzr.ToolBox.Core.Tests.CollectionUtilsTests" name="Nzr.ToolBox.Core.Tests.CollectionUtilsTests.ContainsAny_WithNullSourceEnumerable_ShouldReturnFalse" />
    </UnitTest>
    <UnitTest name="Nzr.ToolBox.Core.Tests.BooleanUtilsTests.Describe_WihFalseValueAndWitCustomFalseString_ShouldReturnCustomString" storage="c:\workspace\personal\nzr.toolbox\dotnet\nzr.toolbox.core.tests\bin\debug\netcoreapp2.2\nzr.toolbox.core.tests.dll" id="ffdd3661-fbf5-5fd8-8d4d-955844eb2b7f">
      <Execution id="88e27975-559b-4662-86ec-e133cd25bef6" />
      <TestMethod codeBase="C:\workspace\personal\Nzr.ToolBox\dotnet\Nzr.ToolBox.Core.Tests\bin\Debug\netcoreapp2.2\Nzr.ToolBox.Core.Tests.dll" adapterTypeName="executor://xunit/VsTestRunner2/netcoreapp" className="Nzr.ToolBox.Core.Tests.BooleanUtilsTests" name="Nzr.ToolBox.Core.Tests.BooleanUtilsTests.Describe_WihFalseValueAndWitCustomFalseString_ShouldReturnCustomString" />
    </UnitTest>
    <UnitTest name="Nzr.ToolBox.Core.Tests.StringUtilsTest.GetFirstNonEmpty_WithNonEmptyString_ShouldReturnNonEmptyString" storage="c:\workspace\personal\nzr.toolbox\dotnet\nzr.toolbox.core.tests\bin\debug\netcoreapp2.2\nzr.toolbox.core.tests.dll" id="e397fe5c-dda2-b97d-97d4-6dd12c3d68a3">
      <Execution id="b94196e8-c7e5-4474-8166-e620014b8b60" />
      <TestMethod codeBase="C:\workspace\personal\Nzr.ToolBox\dotnet\Nzr.ToolBox.Core.Tests\bin\Debug\netcoreapp2.2\Nzr.ToolBox.Core.Tests.dll" adapterTypeName="executor://xunit/VsTestRunner2/netcoreapp" className="Nzr.ToolBox.Core.Tests.StringUtilsTest" name="Nzr.ToolBox.Core.Tests.StringUtilsTest.GetFirstNonEmpty_WithNonEmptyString_ShouldReturnNonEmptyString" />
    </UnitTest>
    <UnitTest name="Nzr.ToolBox.Core.Tests.StringUtilsTest.IsNotEmpty_WithEmptyString_ShouldReturnFalse" storage="c:\workspace\personal\nzr.toolbox\dotnet\nzr.toolbox.core.tests\bin\debug\netcoreapp2.2\nzr.toolbox.core.tests.dll" id="0d7388ec-535d-bdbd-7333-2708e1a2ca4e">
      <Execution id="70698891-e50b-4cf5-9a5f-25d9bb4cfcc9" />
      <TestMethod codeBase="C:\workspace\personal\Nzr.ToolBox\dotnet\Nzr.ToolBox.Core.Tests\bin\Debug\netcoreapp2.2\Nzr.ToolBox.Core.Tests.dll" adapterTypeName="executor://xunit/VsTestRunner2/netcoreapp" className="Nzr.ToolBox.Core.Tests.StringUtilsTest" name="Nzr.ToolBox.Core.Tests.StringUtilsTest.IsNotEmpty_WithEmptyString_ShouldReturnFalse" />
    </UnitTest>
    <UnitTest name="Nzr.ToolBox.Core.Tests.RandomUtilsTest.RandomBoolean_ShouldReturnUniqueValues(iterations: 10000, seed: 1)" storage="c:\workspace\personal\nzr.toolbox\dotnet\nzr.toolbox.core.tests\bin\debug\netcoreapp2.2\nzr.toolbox.core.tests.dll" id="16b669e8-8590-1a4a-5e26-b385242802e4">
      <Execution id="0ce141a1-8222-4c33-9fe4-6c4d9fd8545b" />
      <TestMethod codeBase="C:\workspace\personal\Nzr.ToolBox\dotnet\Nzr.ToolBox.Core.Tests\bin\Debug\netcoreapp2.2\Nzr.ToolBox.Core.Tests.dll" adapterTypeName="executor://xunit/VsTestRunner2/netcoreapp" className="Nzr.ToolBox.Core.Tests.RandomUtilsTest" name="Nzr.ToolBox.Core.Tests.RandomUtilsTest.RandomBoolean_ShouldReturnUniqueValues(iterations: 10000, seed: 1)" />
    </UnitTest>
    <UnitTest name="Nzr.ToolBox.Core.Tests.ObjectUtilsTest.RequireNonNull_WithNonNull_ShouldNotThrowExcetpion" storage="c:\workspace\personal\nzr.toolbox\dotnet\nzr.toolbox.core.tests\bin\debug\netcoreapp2.2\nzr.toolbox.core.tests.dll" id="e8ec249d-dc87-2471-df22-5e2bd5f5cfd6">
      <Execution id="4115f9d1-d5fe-42b7-bc3d-0f11eb0e2cd5" />
      <TestMethod codeBase="C:\workspace\personal\Nzr.ToolBox\dotnet\Nzr.ToolBox.Core.Tests\bin\Debug\netcoreapp2.2\Nzr.ToolBox.Core.Tests.dll" adapterTypeName="executor://xunit/VsTestRunner2/netcoreapp" className="Nzr.ToolBox.Core.Tests.ObjectUtilsTest" name="Nzr.ToolBox.Core.Tests.ObjectUtilsTest.RequireNonNull_WithNonNull_ShouldNotThrowExcetpion" />
    </UnitTest>
    <UnitTest name="Nzr.ToolBox.Core.Tests.StringUtilsTest.DescribeIfNone_WithRegularString_ShouldReturnString" storage="c:\workspace\personal\nzr.toolbox\dotnet\nzr.toolbox.core.tests\bin\debug\netcoreapp2.2\nzr.toolbox.core.tests.dll" id="d6c3c325-4119-8dd1-476b-5d0386c6cccf">
      <Execution id="befc3555-53db-44fc-ac24-1cf2f314e720" />
      <TestMethod codeBase="C:\workspace\personal\Nzr.ToolBox\dotnet\Nzr.ToolBox.Core.Tests\bin\Debug\netcoreapp2.2\Nzr.ToolBox.Core.Tests.dll" adapterTypeName="executor://xunit/VsTestRunner2/netcoreapp" className="Nzr.ToolBox.Core.Tests.StringUtilsTest" name="Nzr.ToolBox.Core.Tests.StringUtilsTest.DescribeIfNone_WithRegularString_ShouldReturnString" />
    </UnitTest>
    <UnitTest name="Nzr.ToolBox.Core.Tests.StringUtilsTest.IsIsBlank_WithBlankString_ShouldReturnTrue" storage="c:\workspace\personal\nzr.toolbox\dotnet\nzr.toolbox.core.tests\bin\debug\netcoreapp2.2\nzr.toolbox.core.tests.dll" id="5c211a1b-af5c-0baa-3971-de7e6e4f1565">
      <Execution id="9b1fe1de-aadf-468a-953e-4caa6a8036ae" />
      <TestMethod codeBase="C:\workspace\personal\Nzr.ToolBox\dotnet\Nzr.ToolBox.Core.Tests\bin\Debug\netcoreapp2.2\Nzr.ToolBox.Core.Tests.dll" adapterTypeName="executor://xunit/VsTestRunner2/netcoreapp" className="Nzr.ToolBox.Core.Tests.StringUtilsTest" name="Nzr.ToolBox.Core.Tests.StringUtilsTest.IsIsBlank_WithBlankString_ShouldReturnTrue" />
    </UnitTest>
    <UnitTest name="Nzr.ToolBox.Core.Tests.CollectionUtilsTests.ContainsAll_WithGenericEnumerableAndDiffElements_ShouldReturnFalse" storage="c:\workspace\personal\nzr.toolbox\dotnet\nzr.toolbox.core.tests\bin\debug\netcoreapp2.2\nzr.toolbox.core.tests.dll" id="bed34e53-72a5-3fd2-6674-42d2c22e4e8b">
      <Execution id="312c2b00-395b-4fe2-b6bb-621710adc4a8" />
      <TestMethod codeBase="C:\workspace\personal\Nzr.ToolBox\dotnet\Nzr.ToolBox.Core.Tests\bin\Debug\netcoreapp2.2\Nzr.ToolBox.Core.Tests.dll" adapterTypeName="executor://xunit/VsTestRunner2/netcoreapp" className="Nzr.ToolBox.Core.Tests.CollectionUtilsTests" name="Nzr.ToolBox.Core.Tests.CollectionUtilsTests.ContainsAll_WithGenericEnumerableAndDiffElements_ShouldReturnFalse" />
    </UnitTest>
    <UnitTest name="Nzr.ToolBox.Core.Tests.StringUtilsTest.DescribeIfNone_WithNull_ShouldReturnNullString" storage="c:\workspace\personal\nzr.toolbox\dotnet\nzr.toolbox.core.tests\bin\debug\netcoreapp2.2\nzr.toolbox.core.tests.dll" id="b89dea80-2b79-97b6-0fdd-76dc58be24ef">
      <Execution id="18df4970-2a17-4fae-8640-2c632bc5b4a4" />
      <TestMethod codeBase="C:\workspace\personal\Nzr.ToolBox\dotnet\Nzr.ToolBox.Core.Tests\bin\Debug\netcoreapp2.2\Nzr.ToolBox.Core.Tests.dll" adapterTypeName="executor://xunit/VsTestRunner2/netcoreapp" className="Nzr.ToolBox.Core.Tests.StringUtilsTest" name="Nzr.ToolBox.Core.Tests.StringUtilsTest.DescribeIfNone_WithNull_ShouldReturnNullString" />
    </UnitTest>
    <UnitTest name="Nzr.ToolBox.Core.Tests.StringUtilsTest.ContainsAny_WithOrdinalIgnoreCaseNullStringWithNullAsSubstrings_ShouldReturnTrue" storage="c:\workspace\personal\nzr.toolbox\dotnet\nzr.toolbox.core.tests\bin\debug\netcoreapp2.2\nzr.toolbox.core.tests.dll" id="a8aeaf6c-55aa-4255-8afb-adec0e7c74a8">
      <Execution id="f68cdb73-c917-4a27-a56c-5e9f70dd9a16" />
      <TestMethod codeBase="C:\workspace\personal\Nzr.ToolBox\dotnet\Nzr.ToolBox.Core.Tests\bin\Debug\netcoreapp2.2\Nzr.ToolBox.Core.Tests.dll" adapterTypeName="executor://xunit/VsTestRunner2/netcoreapp" className="Nzr.ToolBox.Core.Tests.StringUtilsTest" name="Nzr.ToolBox.Core.Tests.StringUtilsTest.ContainsAny_WithOrdinalIgnoreCaseNullStringWithNullAsSubstrings_ShouldReturnTrue" />
    </UnitTest>
    <UnitTest name="Nzr.ToolBox.Core.Tests.RandomUtilsTest.RandomShort_ShouldReturnUniqueValues(iterations: 10000, seed: null)" storage="c:\workspace\personal\nzr.toolbox\dotnet\nzr.toolbox.core.tests\bin\debug\netcoreapp2.2\nzr.toolbox.core.tests.dll" id="621f5184-bf98-2fcc-5c3b-580eeb41f3a6">
      <Execution id="904f4a07-083f-40ef-8f64-46b2a5a2999f" />
      <TestMethod codeBase="C:\workspace\personal\Nzr.ToolBox\dotnet\Nzr.ToolBox.Core.Tests\bin\Debug\netcoreapp2.2\Nzr.ToolBox.Core.Tests.dll" adapterTypeName="executor://xunit/VsTestRunner2/netcoreapp" className="Nzr.ToolBox.Core.Tests.RandomUtilsTest" name="Nzr.ToolBox.Core.Tests.RandomUtilsTest.RandomShort_ShouldReturnUniqueValues(iterations: 10000, seed: null)" />
    </UnitTest>
    <UnitTest name="Nzr.ToolBox.Core.Tests.StringUtilsTest.IsAnyEmpty_WithOneNullStrings_ShouldReturnTrue" storage="c:\workspace\personal\nzr.toolbox\dotnet\nzr.toolbox.core.tests\bin\debug\netcoreapp2.2\nzr.toolbox.core.tests.dll" id="f17c6f13-62c6-75d6-4586-0ee5d254add5">
      <Execution id="1a95a21e-cd55-4109-ba50-f6b17d7a124f" />
      <TestMethod codeBase="C:\workspace\personal\Nzr.ToolBox\dotnet\Nzr.ToolBox.Core.Tests\bin\Debug\netcoreapp2.2\Nzr.ToolBox.Core.Tests.dll" adapterTypeName="executor://xunit/VsTestRunner2/netcoreapp" className="Nzr.ToolBox.Core.Tests.StringUtilsTest" name="Nzr.ToolBox.Core.Tests.StringUtilsTest.IsAnyEmpty_WithOneNullStrings_ShouldReturnTrue" />
    </UnitTest>
    <UnitTest name="Nzr.ToolBox.Core.Tests.CollectionUtilsTests.GetKey_WithNotMappedInput_ShouldReturnNull" storage="c:\workspace\personal\nzr.toolbox\dotnet\nzr.toolbox.core.tests\bin\debug\netcoreapp2.2\nzr.toolbox.core.tests.dll" id="10c60c49-fc34-a570-7e27-f72cbc125676">
      <Execution id="045d6f22-bc37-4669-82da-304e34548a9f" />
      <TestMethod codeBase="C:\workspace\personal\Nzr.ToolBox\dotnet\Nzr.ToolBox.Core.Tests\bin\Debug\netcoreapp2.2\Nzr.ToolBox.Core.Tests.dll" adapterTypeName="executor://xunit/VsTestRunner2/netcoreapp" className="Nzr.ToolBox.Core.Tests.CollectionUtilsTests" name="Nzr.ToolBox.Core.Tests.CollectionUtilsTests.GetKey_WithNotMappedInput_ShouldReturnNull" />
    </UnitTest>
    <UnitTest name="Nzr.ToolBox.Core.Tests.StringUtilsTest.ContainsNone_WithStringNotContainingOneOfSubstring_ShouldReturnTrue" storage="c:\workspace\personal\nzr.toolbox\dotnet\nzr.toolbox.core.tests\bin\debug\netcoreapp2.2\nzr.toolbox.core.tests.dll" id="ac4d6dc8-ac9c-ed69-2ea1-c142e3a580cd">
      <Execution id="a6df3989-0a9a-4e7f-b9fb-a69fbae45978" />
      <TestMethod codeBase="C:\workspace\personal\Nzr.ToolBox\dotnet\Nzr.ToolBox.Core.Tests\bin\Debug\netcoreapp2.2\Nzr.ToolBox.Core.Tests.dll" adapterTypeName="executor://xunit/VsTestRunner2/netcoreapp" className="Nzr.ToolBox.Core.Tests.StringUtilsTest" name="Nzr.ToolBox.Core.Tests.StringUtilsTest.ContainsNone_WithStringNotContainingOneOfSubstring_ShouldReturnTrue" />
    </UnitTest>
    <UnitTest name="Nzr.ToolBox.Core.Tests.ObjectUtilsTest.IsAllNull_WithOneNonNull_ShouldReturnFalse" storage="c:\workspace\personal\nzr.toolbox\dotnet\nzr.toolbox.core.tests\bin\debug\netcoreapp2.2\nzr.toolbox.core.tests.dll" id="f5642f76-0883-ad8b-d556-29e3eb347cee">
      <Execution id="4ee0d6bf-a1a4-43c3-9da5-71d9f314830f" />
      <TestMethod codeBase="C:\workspace\personal\Nzr.ToolBox\dotnet\Nzr.ToolBox.Core.Tests\bin\Debug\netcoreapp2.2\Nzr.ToolBox.Core.Tests.dll" adapterTypeName="executor://xunit/VsTestRunner2/netcoreapp" className="Nzr.ToolBox.Core.Tests.ObjectUtilsTest" name="Nzr.ToolBox.Core.Tests.ObjectUtilsTest.IsAllNull_WithOneNonNull_ShouldReturnFalse" />
    </UnitTest>
    <UnitTest name="Nzr.ToolBox.Core.Tests.StringUtilsTest.ReplaceNonNumeric_WithAlphanumeric_ShouldReturnNumericString" storage="c:\workspace\personal\nzr.toolbox\dotnet\nzr.toolbox.core.tests\bin\debug\netcoreapp2.2\nzr.toolbox.core.tests.dll" id="236a92cf-3924-1f9e-9e0c-dac1bdd2fdae">
      <Execution id="c034de71-6d5c-48c7-85b3-3a780876762c" />
      <TestMethod codeBase="C:\workspace\personal\Nzr.ToolBox\dotnet\Nzr.ToolBox.Core.Tests\bin\Debug\netcoreapp2.2\Nzr.ToolBox.Core.Tests.dll" adapterTypeName="executor://xunit/VsTestRunner2/netcoreapp" className="Nzr.ToolBox.Core.Tests.StringUtilsTest" name="Nzr.ToolBox.Core.Tests.StringUtilsTest.ReplaceNonNumeric_WithAlphanumeric_ShouldReturnNumericString" />
    </UnitTest>
    <UnitTest name="Nzr.ToolBox.Core.Tests.StringUtilsTest.DefaultIfBlank_WitBlankString_ShouldReturnDefault" storage="c:\workspace\personal\nzr.toolbox\dotnet\nzr.toolbox.core.tests\bin\debug\netcoreapp2.2\nzr.toolbox.core.tests.dll" id="57a7a709-5f41-6a40-bb89-55bb8181b369">
      <Execution id="bd42669b-8a10-4705-90f2-68b8f9b8aacd" />
      <TestMethod codeBase="C:\workspace\personal\Nzr.ToolBox\dotnet\Nzr.ToolBox.Core.Tests\bin\Debug\netcoreapp2.2\Nzr.ToolBox.Core.Tests.dll" adapterTypeName="executor://xunit/VsTestRunner2/netcoreapp" className="Nzr.ToolBox.Core.Tests.StringUtilsTest" name="Nzr.ToolBox.Core.Tests.StringUtilsTest.DefaultIfBlank_WitBlankString_ShouldReturnDefault" />
    </UnitTest>
    <UnitTest name="Nzr.ToolBox.Core.Tests.BooleanUtilsTests.Describe_WihNullValueAndWithDefaultNullString_ShouldReturnYes" storage="c:\workspace\personal\nzr.toolbox\dotnet\nzr.toolbox.core.tests\bin\debug\netcoreapp2.2\nzr.toolbox.core.tests.dll" id="9395d62a-bb73-ed55-16b7-2f3d5b4afa0d">
      <Execution id="a27435f3-53f5-4eec-a4c0-1f59ce8a0dc0" />
      <TestMethod codeBase="C:\workspace\personal\Nzr.ToolBox\dotnet\Nzr.ToolBox.Core.Tests\bin\Debug\netcoreapp2.2\Nzr.ToolBox.Core.Tests.dll" adapterTypeName="executor://xunit/VsTestRunner2/netcoreapp" className="Nzr.ToolBox.Core.Tests.BooleanUtilsTests" name="Nzr.ToolBox.Core.Tests.BooleanUtilsTests.Describe_WihNullValueAndWithDefaultNullString_ShouldReturnYes" />
    </UnitTest>
    <UnitTest name="Nzr.ToolBox.Core.Tests.ObjectUtilsTest.IfNotNull_WithNonNullValue_ShouldExecuteNotNullAction" storage="c:\workspace\personal\nzr.toolbox\dotnet\nzr.toolbox.core.tests\bin\debug\netcoreapp2.2\nzr.toolbox.core.tests.dll" id="a7cd429d-9ea9-105f-832c-f5c0d894de31">
      <Execution id="da91b136-2612-49e7-8f9f-b1022700107e" />
      <TestMethod codeBase="C:\workspace\personal\Nzr.ToolBox\dotnet\Nzr.ToolBox.Core.Tests\bin\Debug\netcoreapp2.2\Nzr.ToolBox.Core.Tests.dll" adapterTypeName="executor://xunit/VsTestRunner2/netcoreapp" className="Nzr.ToolBox.Core.Tests.ObjectUtilsTest" name="Nzr.ToolBox.Core.Tests.ObjectUtilsTest.IfNotNull_WithNonNullValue_ShouldExecuteNotNullAction" />
    </UnitTest>
    <UnitTest name="Nzr.ToolBox.Core.Tests.BooleanUtilsTests.IsFalse_WithNullOrFalseValue_ShouldReturnTrue(value: null)" storage="c:\workspace\personal\nzr.toolbox\dotnet\nzr.toolbox.core.tests\bin\debug\netcoreapp2.2\nzr.toolbox.core.tests.dll" id="e621f990-2ff4-53a1-1046-2de89a2122fa">
      <Execution id="8297af95-f4c1-464a-8eaa-92940f349744" />
      <TestMethod codeBase="C:\workspace\personal\Nzr.ToolBox\dotnet\Nzr.ToolBox.Core.Tests\bin\Debug\netcoreapp2.2\Nzr.ToolBox.Core.Tests.dll" adapterTypeName="executor://xunit/VsTestRunner2/netcoreapp" className="Nzr.ToolBox.Core.Tests.BooleanUtilsTests" name="Nzr.ToolBox.Core.Tests.BooleanUtilsTests.IsFalse_WithNullOrFalseValue_ShouldReturnTrue(value: null)" />
    </UnitTest>
    <UnitTest name="Nzr.ToolBox.Core.Tests.CollectionUtilsTests.IndexOf_WithNullArray_ShouldReturnMinusOne" storage="c:\workspace\personal\nzr.toolbox\dotnet\nzr.toolbox.core.tests\bin\debug\netcoreapp2.2\nzr.toolbox.core.tests.dll" id="d28a0297-760c-4cec-387e-c15f0b69f3a0">
      <Execution id="7b0bc70e-0dd0-41c2-9203-cbc139853978" />
      <TestMethod codeBase="C:\workspace\personal\Nzr.ToolBox\dotnet\Nzr.ToolBox.Core.Tests\bin\Debug\netcoreapp2.2\Nzr.ToolBox.Core.Tests.dll" adapterTypeName="executor://xunit/VsTestRunner2/netcoreapp" className="Nzr.ToolBox.Core.Tests.CollectionUtilsTests" name="Nzr.ToolBox.Core.Tests.CollectionUtilsTests.IndexOf_WithNullArray_ShouldReturnMinusOne" />
    </UnitTest>
    <UnitTest name="Nzr.ToolBox.Core.Tests.StringUtilsTest.RemoveEnd_WithNull_ShouldReturnNull" storage="c:\workspace\personal\nzr.toolbox\dotnet\nzr.toolbox.core.tests\bin\debug\netcoreapp2.2\nzr.toolbox.core.tests.dll" id="78387f85-e5e6-fa65-b4de-446c8486e80c">
      <Execution id="bf0e8bd1-f4b4-45bc-bfa1-05820c63558d" />
      <TestMethod codeBase="C:\workspace\personal\Nzr.ToolBox\dotnet\Nzr.ToolBox.Core.Tests\bin\Debug\netcoreapp2.2\Nzr.ToolBox.Core.Tests.dll" adapterTypeName="executor://xunit/VsTestRunner2/netcoreapp" className="Nzr.ToolBox.Core.Tests.StringUtilsTest" name="Nzr.ToolBox.Core.Tests.StringUtilsTest.RemoveEnd_WithNull_ShouldReturnNull" />
    </UnitTest>
    <UnitTest name="Nzr.ToolBox.Core.Tests.StringUtilsTest.Prefix_WithExistingPrefixAndOverride_ShouldAddPrefix" storage="c:\workspace\personal\nzr.toolbox\dotnet\nzr.toolbox.core.tests\bin\debug\netcoreapp2.2\nzr.toolbox.core.tests.dll" id="7105bf79-1b8a-62bc-ff30-e967b860c8fb">
      <Execution id="52416a83-e195-48d5-8c99-d82a30b64340" />
      <TestMethod codeBase="C:\workspace\personal\Nzr.ToolBox\dotnet\Nzr.ToolBox.Core.Tests\bin\Debug\netcoreapp2.2\Nzr.ToolBox.Core.Tests.dll" adapterTypeName="executor://xunit/VsTestRunner2/netcoreapp" className="Nzr.ToolBox.Core.Tests.StringUtilsTest" name="Nzr.ToolBox.Core.Tests.StringUtilsTest.Prefix_WithExistingPrefixAndOverride_ShouldAddPrefix" />
    </UnitTest>
    <UnitTest name="Nzr.ToolBox.Core.Tests.StringUtilsTest.IsNotEmpty_WithNullString_ShouldReturnFalse" storage="c:\workspace\personal\nzr.toolbox\dotnet\nzr.toolbox.core.tests\bin\debug\netcoreapp2.2\nzr.toolbox.core.tests.dll" id="39856355-a5fb-aec1-b06d-ff7431c95990">
      <Execution id="494b23ba-e941-4066-89f1-eb2d521eb7b9" />
      <TestMethod codeBase="C:\workspace\personal\Nzr.ToolBox\dotnet\Nzr.ToolBox.Core.Tests\bin\Debug\netcoreapp2.2\Nzr.ToolBox.Core.Tests.dll" adapterTypeName="executor://xunit/VsTestRunner2/netcoreapp" className="Nzr.ToolBox.Core.Tests.StringUtilsTest" name="Nzr.ToolBox.Core.Tests.StringUtilsTest.IsNotEmpty_WithNullString_ShouldReturnFalse" />
    </UnitTest>
    <UnitTest name="Nzr.ToolBox.Core.Tests.StringUtilsTest.Prefix_WithNullString_ShouldReturnPrefix" storage="c:\workspace\personal\nzr.toolbox\dotnet\nzr.toolbox.core.tests\bin\debug\netcoreapp2.2\nzr.toolbox.core.tests.dll" id="4e688b3a-c6fa-9e06-b2ea-25f4e79d1af0">
      <Execution id="67939852-a03c-4d04-8f1f-02d02796d710" />
      <TestMethod codeBase="C:\workspace\personal\Nzr.ToolBox\dotnet\Nzr.ToolBox.Core.Tests\bin\Debug\netcoreapp2.2\Nzr.ToolBox.Core.Tests.dll" adapterTypeName="executor://xunit/VsTestRunner2/netcoreapp" className="Nzr.ToolBox.Core.Tests.StringUtilsTest" name="Nzr.ToolBox.Core.Tests.StringUtilsTest.Prefix_WithNullString_ShouldReturnPrefix" />
    </UnitTest>
    <UnitTest name="Nzr.ToolBox.Core.Tests.RandomUtilsTest.RandomString_WithLetterOnly_ShouldReturnAlphaString" storage="c:\workspace\personal\nzr.toolbox\dotnet\nzr.toolbox.core.tests\bin\debug\netcoreapp2.2\nzr.toolbox.core.tests.dll" id="3c6ff78b-37a5-1893-6545-c9982c97f098">
      <Execution id="90ccb264-88d9-47e9-bfc4-a2f2146e7695" />
      <TestMethod codeBase="C:\workspace\personal\Nzr.ToolBox\dotnet\Nzr.ToolBox.Core.Tests\bin\Debug\netcoreapp2.2\Nzr.ToolBox.Core.Tests.dll" adapterTypeName="executor://xunit/VsTestRunner2/netcoreapp" className="Nzr.ToolBox.Core.Tests.RandomUtilsTest" name="Nzr.ToolBox.Core.Tests.RandomUtilsTest.RandomString_WithLetterOnly_ShouldReturnAlphaString" />
    </UnitTest>
    <UnitTest name="Nzr.ToolBox.Core.Tests.CollectionUtilsTests.ContainsAny_WithNullSourceGenericEnumerable_ShouldReturnFalse" storage="c:\workspace\personal\nzr.toolbox\dotnet\nzr.toolbox.core.tests\bin\debug\netcoreapp2.2\nzr.toolbox.core.tests.dll" id="17e8d1af-7513-6e4a-a197-e678fcd6fbf1">
      <Execution id="0f1bf4f4-dd0b-4176-af08-5e25e81bbc63" />
      <TestMethod codeBase="C:\workspace\personal\Nzr.ToolBox\dotnet\Nzr.ToolBox.Core.Tests\bin\Debug\netcoreapp2.2\Nzr.ToolBox.Core.Tests.dll" adapterTypeName="executor://xunit/VsTestRunner2/netcoreapp" className="Nzr.ToolBox.Core.Tests.CollectionUtilsTests" name="Nzr.ToolBox.Core.Tests.CollectionUtilsTests.ContainsAny_WithNullSourceGenericEnumerable_ShouldReturnFalse" />
    </UnitTest>
    <UnitTest name="Nzr.ToolBox.Core.Tests.ReflectionUtilsTest.GetPropertyNames_WithEntity_ShouldReturnPropertyNames" storage="c:\workspace\personal\nzr.toolbox\dotnet\nzr.toolbox.core.tests\bin\debug\netcoreapp2.2\nzr.toolbox.core.tests.dll" id="d96c4133-05ac-c52a-39ad-da9730d7d1d4">
      <Execution id="7459c9dd-4608-4cc7-82fc-58f58a3fecd0" />
      <TestMethod codeBase="C:\workspace\personal\Nzr.ToolBox\dotnet\Nzr.ToolBox.Core.Tests\bin\Debug\netcoreapp2.2\Nzr.ToolBox.Core.Tests.dll" adapterTypeName="executor://xunit/VsTestRunner2/netcoreapp" className="Nzr.ToolBox.Core.Tests.ReflectionUtilsTest" name="Nzr.ToolBox.Core.Tests.ReflectionUtilsTest.GetPropertyNames_WithEntity_ShouldReturnPropertyNames" />
    </UnitTest>
    <UnitTest name="Nzr.ToolBox.Core.Tests.StringUtilsTest.IsNotBlank_WithBlankString_ShouldReturnFalse" storage="c:\workspace\personal\nzr.toolbox\dotnet\nzr.toolbox.core.tests\bin\debug\netcoreapp2.2\nzr.toolbox.core.tests.dll" id="dbff4c7a-b8c7-3550-f81a-813f19773541">
      <Execution id="cab1609c-c923-4c03-b842-35cd3725b01b" />
      <TestMethod codeBase="C:\workspace\personal\Nzr.ToolBox\dotnet\Nzr.ToolBox.Core.Tests\bin\Debug\netcoreapp2.2\Nzr.ToolBox.Core.Tests.dll" adapterTypeName="executor://xunit/VsTestRunner2/netcoreapp" className="Nzr.ToolBox.Core.Tests.StringUtilsTest" name="Nzr.ToolBox.Core.Tests.StringUtilsTest.IsNotBlank_WithBlankString_ShouldReturnFalse" />
    </UnitTest>
    <UnitTest name="Nzr.ToolBox.Core.Tests.StringUtilsTest.Append_WithString_ShouldReturnStringWithAppendedValues" storage="c:\workspace\personal\nzr.toolbox\dotnet\nzr.toolbox.core.tests\bin\debug\netcoreapp2.2\nzr.toolbox.core.tests.dll" id="de25e89d-7e39-180e-63d8-8a6c03a05fc0">
      <Execution id="2ae1eece-f1d7-40a6-8876-6819eb21e034" />
      <TestMethod codeBase="C:\workspace\personal\Nzr.ToolBox\dotnet\Nzr.ToolBox.Core.Tests\bin\Debug\netcoreapp2.2\Nzr.ToolBox.Core.Tests.dll" adapterTypeName="executor://xunit/VsTestRunner2/netcoreapp" className="Nzr.ToolBox.Core.Tests.StringUtilsTest" name="Nzr.ToolBox.Core.Tests.StringUtilsTest.Append_WithString_ShouldReturnStringWithAppendedValues" />
    </UnitTest>
    <UnitTest name="Nzr.ToolBox.Core.Tests.StringUtilsTest.Truncate_WithStringLargerThanLimit_ShouldReturnTruncatedString" storage="c:\workspace\personal\nzr.toolbox\dotnet\nzr.toolbox.core.tests\bin\debug\netcoreapp2.2\nzr.toolbox.core.tests.dll" id="ccffac2f-6628-9393-88cb-889ebe715882">
      <Execution id="a8e97cc5-a150-4b5f-b3cb-4b96e6067dca" />
      <TestMethod codeBase="C:\workspace\personal\Nzr.ToolBox\dotnet\Nzr.ToolBox.Core.Tests\bin\Debug\netcoreapp2.2\Nzr.ToolBox.Core.Tests.dll" adapterTypeName="executor://xunit/VsTestRunner2/netcoreapp" className="Nzr.ToolBox.Core.Tests.StringUtilsTest" name="Nzr.ToolBox.Core.Tests.StringUtilsTest.Truncate_WithStringLargerThanLimit_ShouldReturnTruncatedString" />
    </UnitTest>
    <UnitTest name="Nzr.ToolBox.Core.Tests.BooleanUtilsTests.IsFalse_WithNullOrFalseValue_ShouldReturnTrue(value: False)" storage="c:\workspace\personal\nzr.toolbox\dotnet\nzr.toolbox.core.tests\bin\debug\netcoreapp2.2\nzr.toolbox.core.tests.dll" id="28e678a0-2d75-ba44-cf85-f12a6e015f2f">
      <Execution id="a0610c5f-15c1-448b-a7e6-72e2ff158c53" />
      <TestMethod codeBase="C:\workspace\personal\Nzr.ToolBox\dotnet\Nzr.ToolBox.Core.Tests\bin\Debug\netcoreapp2.2\Nzr.ToolBox.Core.Tests.dll" adapterTypeName="executor://xunit/VsTestRunner2/netcoreapp" className="Nzr.ToolBox.Core.Tests.BooleanUtilsTests" name="Nzr.ToolBox.Core.Tests.BooleanUtilsTests.IsFalse_WithNullOrFalseValue_ShouldReturnTrue(value: False)" />
    </UnitTest>
    <UnitTest name="Nzr.ToolBox.Core.Tests.NumberUtilsTest.Abst_ShouldReturnAbsoluteValues" storage="c:\workspace\personal\nzr.toolbox\dotnet\nzr.toolbox.core.tests\bin\debug\netcoreapp2.2\nzr.toolbox.core.tests.dll" id="e8533fcc-bc29-5fe3-a5ee-e79f5f2b1440">
      <Execution id="cb1d1307-d238-4bee-92d9-17163b66cfee" />
      <TestMethod codeBase="C:\workspace\personal\Nzr.ToolBox\dotnet\Nzr.ToolBox.Core.Tests\bin\Debug\netcoreapp2.2\Nzr.ToolBox.Core.Tests.dll" adapterTypeName="executor://xunit/VsTestRunner2/netcoreapp" className="Nzr.ToolBox.Core.Tests.NumberUtilsTest" name="Nzr.ToolBox.Core.Tests.NumberUtilsTest.Abst_ShouldReturnAbsoluteValues" />
    </UnitTest>
    <UnitTest name="Nzr.ToolBox.Core.Tests.StringUtilsTest.Replace_WithNullString_ShouldReturnDefault" storage="c:\workspace\personal\nzr.toolbox\dotnet\nzr.toolbox.core.tests\bin\debug\netcoreapp2.2\nzr.toolbox.core.tests.dll" id="da642cc4-82fe-b6d1-55ca-0b6105cd1909">
      <Execution id="8e5d4ce9-cca0-4b7d-a8b5-04de37250060" />
      <TestMethod codeBase="C:\workspace\personal\Nzr.ToolBox\dotnet\Nzr.ToolBox.Core.Tests\bin\Debug\netcoreapp2.2\Nzr.ToolBox.Core.Tests.dll" adapterTypeName="executor://xunit/VsTestRunner2/netcoreapp" className="Nzr.ToolBox.Core.Tests.StringUtilsTest" name="Nzr.ToolBox.Core.Tests.StringUtilsTest.Replace_WithNullString_ShouldReturnDefault" />
    </UnitTest>
    <UnitTest name="Nzr.ToolBox.Core.Tests.StringUtilsTest.RemoveStart_WithNull_ShouldReturnNull" storage="c:\workspace\personal\nzr.toolbox\dotnet\nzr.toolbox.core.tests\bin\debug\netcoreapp2.2\nzr.toolbox.core.tests.dll" id="265af543-0d1a-56da-e209-7d56a3acc7da">
      <Execution id="6c179428-2345-4746-9b68-fa9b26b67bff" />
      <TestMethod codeBase="C:\workspace\personal\Nzr.ToolBox\dotnet\Nzr.ToolBox.Core.Tests\bin\Debug\netcoreapp2.2\Nzr.ToolBox.Core.Tests.dll" adapterTypeName="executor://xunit/VsTestRunner2/netcoreapp" className="Nzr.ToolBox.Core.Tests.StringUtilsTest" name="Nzr.ToolBox.Core.Tests.StringUtilsTest.RemoveStart_WithNull_ShouldReturnNull" />
    </UnitTest>
    <UnitTest name="Nzr.ToolBox.Core.Tests.NumberUtilsTest.ToHexadecimal_WithNumberWithoutPrefix_ShouldReturnBinaryNumbersOnly" storage="c:\workspace\personal\nzr.toolbox\dotnet\nzr.toolbox.core.tests\bin\debug\netcoreapp2.2\nzr.toolbox.core.tests.dll" id="13153add-9bc0-f723-33ce-d424523eb081">
      <Execution id="be388c62-cdbb-4ecc-add8-b4629e4290e5" />
      <TestMethod codeBase="C:\workspace\personal\Nzr.ToolBox\dotnet\Nzr.ToolBox.Core.Tests\bin\Debug\netcoreapp2.2\Nzr.ToolBox.Core.Tests.dll" adapterTypeName="executor://xunit/VsTestRunner2/netcoreapp" className="Nzr.ToolBox.Core.Tests.NumberUtilsTest" name="Nzr.ToolBox.Core.Tests.NumberUtilsTest.ToHexadecimal_WithNumberWithoutPrefix_ShouldReturnBinaryNumbersOnly" />
    </UnitTest>
    <UnitTest name="Nzr.ToolBox.Core.Tests.StringUtilsTest.ReplaceNonNumeric_WithNull_ShouldReturnNull" storage="c:\workspace\personal\nzr.toolbox\dotnet\nzr.toolbox.core.tests\bin\debug\netcoreapp2.2\nzr.toolbox.core.tests.dll" id="9a91ff0d-5561-cbe9-f49d-60edb014a514">
      <Execution id="e1c591c7-a493-4bfa-b2a4-abf5f38fea0d" />
      <TestMethod codeBase="C:\workspace\personal\Nzr.ToolBox\dotnet\Nzr.ToolBox.Core.Tests\bin\Debug\netcoreapp2.2\Nzr.ToolBox.Core.Tests.dll" adapterTypeName="executor://xunit/VsTestRunner2/netcoreapp" className="Nzr.ToolBox.Core.Tests.StringUtilsTest" name="Nzr.ToolBox.Core.Tests.StringUtilsTest.ReplaceNonNumeric_WithNull_ShouldReturnNull" />
    </UnitTest>
    <UnitTest name="Nzr.ToolBox.Core.Tests.StringUtilsTest.Remove_WithNonNullString_ShouldRemoveGiveStrings" storage="c:\workspace\personal\nzr.toolbox\dotnet\nzr.toolbox.core.tests\bin\debug\netcoreapp2.2\nzr.toolbox.core.tests.dll" id="131c3a52-0a16-0ae5-0512-93dbda72ea85">
      <Execution id="2bf42fb6-185f-48c2-b880-7d27efded948" />
      <TestMethod codeBase="C:\workspace\personal\Nzr.ToolBox\dotnet\Nzr.ToolBox.Core.Tests\bin\Debug\netcoreapp2.2\Nzr.ToolBox.Core.Tests.dll" adapterTypeName="executor://xunit/VsTestRunner2/netcoreapp" className="Nzr.ToolBox.Core.Tests.StringUtilsTest" name="Nzr.ToolBox.Core.Tests.StringUtilsTest.Remove_WithNonNullString_ShouldRemoveGiveStrings" />
    </UnitTest>
    <UnitTest name="Nzr.ToolBox.Core.Tests.StringUtilsTest.IsNotEmpty_WithBlankString_ShouldReturnTrue" storage="c:\workspace\personal\nzr.toolbox\dotnet\nzr.toolbox.core.tests\bin\debug\netcoreapp2.2\nzr.toolbox.core.tests.dll" id="9d68ecd9-7bbb-710d-bc5c-7fb6bcf70625">
      <Execution id="419afb62-f406-4990-9c7b-529022c88e78" />
      <TestMethod codeBase="C:\workspace\personal\Nzr.ToolBox\dotnet\Nzr.ToolBox.Core.Tests\bin\Debug\netcoreapp2.2\Nzr.ToolBox.Core.Tests.dll" adapterTypeName="executor://xunit/VsTestRunner2/netcoreapp" className="Nzr.ToolBox.Core.Tests.StringUtilsTest" name="Nzr.ToolBox.Core.Tests.StringUtilsTest.IsNotEmpty_WithBlankString_ShouldReturnTrue" />
    </UnitTest>
    <UnitTest name="Nzr.ToolBox.Core.Tests.BooleanUtilsTests.ToBool_WithNonPositiveString_ShouldReturnFalse(value: &quot;X&quot;)" storage="c:\workspace\personal\nzr.toolbox\dotnet\nzr.toolbox.core.tests\bin\debug\netcoreapp2.2\nzr.toolbox.core.tests.dll" id="9d1fdad2-86cb-58a0-0255-a31c1f4f628b">
      <Execution id="b2ede5cb-f211-480a-a5e6-5d325dc5e046" />
      <TestMethod codeBase="C:\workspace\personal\Nzr.ToolBox\dotnet\Nzr.ToolBox.Core.Tests\bin\Debug\netcoreapp2.2\Nzr.ToolBox.Core.Tests.dll" adapterTypeName="executor://xunit/VsTestRunner2/netcoreapp" className="Nzr.ToolBox.Core.Tests.BooleanUtilsTests" name="Nzr.ToolBox.Core.Tests.BooleanUtilsTests.ToBool_WithNonPositiveString_ShouldReturnFalse(value: &quot;X&quot;)" />
    </UnitTest>
    <UnitTest name="Nzr.ToolBox.Core.Tests.CollectionUtilsTests.ForEach_WithNullEnumerable_ShouldNotExecuteFunction" storage="c:\workspace\personal\nzr.toolbox\dotnet\nzr.toolbox.core.tests\bin\debug\netcoreapp2.2\nzr.toolbox.core.tests.dll" id="70966e50-d79f-4259-d654-7885bec2e3ae">
      <Execution id="40b0862d-e95d-42d7-957b-1d728c0d1601" />
      <TestMethod codeBase="C:\workspace\personal\Nzr.ToolBox\dotnet\Nzr.ToolBox.Core.Tests\bin\Debug\netcoreapp2.2\Nzr.ToolBox.Core.Tests.dll" adapterTypeName="executor://xunit/VsTestRunner2/netcoreapp" className="Nzr.ToolBox.Core.Tests.CollectionUtilsTests" name="Nzr.ToolBox.Core.Tests.CollectionUtilsTests.ForEach_WithNullEnumerable_ShouldNotExecuteFunction" />
    </UnitTest>
    <UnitTest name="Nzr.ToolBox.Core.Tests.StringUtilsTest.Format_WithFormatStringWithCulture_ShouldReturnFormatedString" storage="c:\workspace\personal\nzr.toolbox\dotnet\nzr.toolbox.core.tests\bin\debug\netcoreapp2.2\nzr.toolbox.core.tests.dll" id="45a98e74-dccd-011e-e0c0-d734f1cc5ec4">
      <Execution id="3e2be7e9-d5ee-414e-8eec-716e9888ea5b" />
      <TestMethod codeBase="C:\workspace\personal\Nzr.ToolBox\dotnet\Nzr.ToolBox.Core.Tests\bin\Debug\netcoreapp2.2\Nzr.ToolBox.Core.Tests.dll" adapterTypeName="executor://xunit/VsTestRunner2/netcoreapp" className="Nzr.ToolBox.Core.Tests.StringUtilsTest" name="Nzr.ToolBox.Core.Tests.StringUtilsTest.Format_WithFormatStringWithCulture_ShouldReturnFormatedString" />
    </UnitTest>
    <UnitTest name="Nzr.ToolBox.Core.Tests.CollectionUtilsTests.Add_WithNullCollection_ShouldNotAddAllElements" storage="c:\workspace\personal\nzr.toolbox\dotnet\nzr.toolbox.core.tests\bin\debug\netcoreapp2.2\nzr.toolbox.core.tests.dll" id="48363db6-7d73-92e2-7a0b-07d8a9dcb62e">
      <Execution id="e7746d7b-f28e-4c50-8e0f-24f963847774" />
      <TestMethod codeBase="C:\workspace\personal\Nzr.ToolBox\dotnet\Nzr.ToolBox.Core.Tests\bin\Debug\netcoreapp2.2\Nzr.ToolBox.Core.Tests.dll" adapterTypeName="executor://xunit/VsTestRunner2/netcoreapp" className="Nzr.ToolBox.Core.Tests.CollectionUtilsTests" name="Nzr.ToolBox.Core.Tests.CollectionUtilsTests.Add_WithNullCollection_ShouldNotAddAllElements" />
    </UnitTest>
    <UnitTest name="Nzr.ToolBox.Core.Tests.EnumUtilsTest.GetEnumNames_ShouldReturnEnumNamesAsList" storage="c:\workspace\personal\nzr.toolbox\dotnet\nzr.toolbox.core.tests\bin\debug\netcoreapp2.2\nzr.toolbox.core.tests.dll" id="47f688d2-7bfa-d12d-71a0-9be24af61148">
      <Execution id="393487a4-9c44-4183-8b9a-ca1826e20679" />
      <TestMethod codeBase="C:\workspace\personal\Nzr.ToolBox\dotnet\Nzr.ToolBox.Core.Tests\bin\Debug\netcoreapp2.2\Nzr.ToolBox.Core.Tests.dll" adapterTypeName="executor://xunit/VsTestRunner2/netcoreapp" className="Nzr.ToolBox.Core.Tests.EnumUtilsTest" name="Nzr.ToolBox.Core.Tests.EnumUtilsTest.GetEnumNames_ShouldReturnEnumNamesAsList" />
    </UnitTest>
    <UnitTest name="Nzr.ToolBox.Core.Tests.BooleanUtilsTests.ToBool_WithPositiveString_ShouldReturnTrue(value: &quot;Si&quot;)" storage="c:\workspace\personal\nzr.toolbox\dotnet\nzr.toolbox.core.tests\bin\debug\netcoreapp2.2\nzr.toolbox.core.tests.dll" id="266b6884-84e9-585c-ee2b-eff743317cdb">
      <Execution id="870bd42f-9ab8-4dc1-8270-4c0a021e3b73" />
      <TestMethod codeBase="C:\workspace\personal\Nzr.ToolBox\dotnet\Nzr.ToolBox.Core.Tests\bin\Debug\netcoreapp2.2\Nzr.ToolBox.Core.Tests.dll" adapterTypeName="executor://xunit/VsTestRunner2/netcoreapp" className="Nzr.ToolBox.Core.Tests.BooleanUtilsTests" name="Nzr.ToolBox.Core.Tests.BooleanUtilsTests.ToBool_WithPositiveString_ShouldReturnTrue(value: &quot;Si&quot;)" />
    </UnitTest>
    <UnitTest name="Nzr.ToolBox.Core.Tests.NumberUtilsTest.Sum_ShouldReturnSummedValues" storage="c:\workspace\personal\nzr.toolbox\dotnet\nzr.toolbox.core.tests\bin\debug\netcoreapp2.2\nzr.toolbox.core.tests.dll" id="7afb5e69-89d1-7f64-d310-d8ca755d44a5">
      <Execution id="8f7ee7ba-555e-4890-9d1f-f0a5108bf04b" />
      <TestMethod codeBase="C:\workspace\personal\Nzr.ToolBox\dotnet\Nzr.ToolBox.Core.Tests\bin\Debug\netcoreapp2.2\Nzr.ToolBox.Core.Tests.dll" adapterTypeName="executor://xunit/VsTestRunner2/netcoreapp" className="Nzr.ToolBox.Core.Tests.NumberUtilsTest" name="Nzr.ToolBox.Core.Tests.NumberUtilsTest.Sum_ShouldReturnSummedValues" />
    </UnitTest>
    <UnitTest name="Nzr.ToolBox.Core.Tests.CollectionUtilsTests.IsEmpty_WithNonEmpty_ShouldReturnFalse" storage="c:\workspace\personal\nzr.toolbox\dotnet\nzr.toolbox.core.tests\bin\debug\netcoreapp2.2\nzr.toolbox.core.tests.dll" id="8735994f-5f9e-38e3-dd8d-e45cd5a00faf">
      <Execution id="c5947211-cf99-4a01-934b-631f24bddc51" />
      <TestMethod codeBase="C:\workspace\personal\Nzr.ToolBox\dotnet\Nzr.ToolBox.Core.Tests\bin\Debug\netcoreapp2.2\Nzr.ToolBox.Core.Tests.dll" adapterTypeName="executor://xunit/VsTestRunner2/netcoreapp" className="Nzr.ToolBox.Core.Tests.CollectionUtilsTests" name="Nzr.ToolBox.Core.Tests.CollectionUtilsTests.IsEmpty_WithNonEmpty_ShouldReturnFalse" />
    </UnitTest>
    <UnitTest name="Nzr.ToolBox.Core.Tests.BooleanUtilsTests.ToBool_WithZeroOrNegative_ShouldReturnFalse(b: -1, s: -2, i: -3, l: -4, f: -5, d: -6, m: -7)" storage="c:\workspace\personal\nzr.toolbox\dotnet\nzr.toolbox.core.tests\bin\debug\netcoreapp2.2\nzr.toolbox.core.tests.dll" id="04deb678-c0aa-afd7-f73a-807625f6aa4a">
      <Execution id="3e006236-052c-4a15-b6ed-57eab442f96f" />
      <TestMethod codeBase="C:\workspace\personal\Nzr.ToolBox\dotnet\Nzr.ToolBox.Core.Tests\bin\Debug\netcoreapp2.2\Nzr.ToolBox.Core.Tests.dll" adapterTypeName="executor://xunit/VsTestRunner2/netcoreapp" className="Nzr.ToolBox.Core.Tests.BooleanUtilsTests" name="Nzr.ToolBox.Core.Tests.BooleanUtilsTests.ToBool_WithZeroOrNegative_ShouldReturnFalse(b: -1, s: -2, i: -3, l: -4, f: -5, d: -6, m: -7)" />
    </UnitTest>
    <UnitTest name="Nzr.ToolBox.Core.Tests.StringUtilsTest.IsBlank_WithEmptyString_ShouldReturnTrue" storage="c:\workspace\personal\nzr.toolbox\dotnet\nzr.toolbox.core.tests\bin\debug\netcoreapp2.2\nzr.toolbox.core.tests.dll" id="3c116de1-cd29-a2eb-b3ef-190f69cec8ec">
      <Execution id="a9bf3b26-3382-44d0-997c-1a356cf4567f" />
      <TestMethod codeBase="C:\workspace\personal\Nzr.ToolBox\dotnet\Nzr.ToolBox.Core.Tests\bin\Debug\netcoreapp2.2\Nzr.ToolBox.Core.Tests.dll" adapterTypeName="executor://xunit/VsTestRunner2/netcoreapp" className="Nzr.ToolBox.Core.Tests.StringUtilsTest" name="Nzr.ToolBox.Core.Tests.StringUtilsTest.IsBlank_WithEmptyString_ShouldReturnTrue" />
    </UnitTest>
    <UnitTest name="Nzr.ToolBox.Core.Tests.StringUtilsTest.DescribeIfNone_WithEmpty_ShouldReturnEmptyString" storage="c:\workspace\personal\nzr.toolbox\dotnet\nzr.toolbox.core.tests\bin\debug\netcoreapp2.2\nzr.toolbox.core.tests.dll" id="13760aec-c151-d4f0-b168-bf9cab7e1792">
      <Execution id="36e98481-b276-4960-a744-f13ca249fbcc" />
      <TestMethod codeBase="C:\workspace\personal\Nzr.ToolBox\dotnet\Nzr.ToolBox.Core.Tests\bin\Debug\netcoreapp2.2\Nzr.ToolBox.Core.Tests.dll" adapterTypeName="executor://xunit/VsTestRunner2/netcoreapp" className="Nzr.ToolBox.Core.Tests.StringUtilsTest" name="Nzr.ToolBox.Core.Tests.StringUtilsTest.DescribeIfNone_WithEmpty_ShouldReturnEmptyString" />
    </UnitTest>
    <UnitTest name="Nzr.ToolBox.Core.Tests.ReflectionUtilsTest.ExecuteForEachProperty_ShouldExecuteAction" storage="c:\workspace\personal\nzr.toolbox\dotnet\nzr.toolbox.core.tests\bin\debug\netcoreapp2.2\nzr.toolbox.core.tests.dll" id="b39dab9a-0d55-2e3f-5d47-ce0f5ed831f6">
      <Execution id="e16178ca-65ed-4b1f-9d56-159a21e61673" />
      <TestMethod codeBase="C:\workspace\personal\Nzr.ToolBox\dotnet\Nzr.ToolBox.Core.Tests\bin\Debug\netcoreapp2.2\Nzr.ToolBox.Core.Tests.dll" adapterTypeName="executor://xunit/VsTestRunner2/netcoreapp" className="Nzr.ToolBox.Core.Tests.ReflectionUtilsTest" name="Nzr.ToolBox.Core.Tests.ReflectionUtilsTest.ExecuteForEachProperty_ShouldExecuteAction" />
    </UnitTest>
    <UnitTest name="Nzr.ToolBox.Core.Tests.RandomUtilsTest.RandomLong_ShouldReturnUniqueValues(iterations: 10000, seed: 1)" storage="c:\workspace\personal\nzr.toolbox\dotnet\nzr.toolbox.core.tests\bin\debug\netcoreapp2.2\nzr.toolbox.core.tests.dll" id="dab0ade5-f6da-c40f-8aa3-6cf074bc0e23">
      <Execution id="7505d2ec-af03-4375-bc26-28d0c5ed1bda" />
      <TestMethod codeBase="C:\workspace\personal\Nzr.ToolBox\dotnet\Nzr.ToolBox.Core.Tests\bin\Debug\netcoreapp2.2\Nzr.ToolBox.Core.Tests.dll" adapterTypeName="executor://xunit/VsTestRunner2/netcoreapp" className="Nzr.ToolBox.Core.Tests.RandomUtilsTest" name="Nzr.ToolBox.Core.Tests.RandomUtilsTest.RandomLong_ShouldReturnUniqueValues(iterations: 10000, seed: 1)" />
    </UnitTest>
    <UnitTest name="Nzr.ToolBox.Core.Tests.CollectionUtilsTests.GetKey_WithNullDictionary_ShouldReturnDefault" storage="c:\workspace\personal\nzr.toolbox\dotnet\nzr.toolbox.core.tests\bin\debug\netcoreapp2.2\nzr.toolbox.core.tests.dll" id="3d424701-5226-50f9-524c-4e51fbb2a07f">
      <Execution id="a60281ae-357b-4ce0-bc72-9e87e02afc95" />
      <TestMethod codeBase="C:\workspace\personal\Nzr.ToolBox\dotnet\Nzr.ToolBox.Core.Tests\bin\Debug\netcoreapp2.2\Nzr.ToolBox.Core.Tests.dll" adapterTypeName="executor://xunit/VsTestRunner2/netcoreapp" className="Nzr.ToolBox.Core.Tests.CollectionUtilsTests" name="Nzr.ToolBox.Core.Tests.CollectionUtilsTests.GetKey_WithNullDictionary_ShouldReturnDefault" />
    </UnitTest>
    <UnitTest name="Nzr.ToolBox.Core.Tests.StringUtilsTest.ContainsAny_WithOrdinalIgnoreCaseStringNotContainingOneOfSubstring_ShouldReturnFalse" storage="c:\workspace\personal\nzr.toolbox\dotnet\nzr.toolbox.core.tests\bin\debug\netcoreapp2.2\nzr.toolbox.core.tests.dll" id="ea5fb2b5-6f99-ce02-6e35-cef974ce163a">
      <Execution id="0cebbcb4-14f3-4abf-b00d-81c2790d7cb9" />
      <TestMethod codeBase="C:\workspace\personal\Nzr.ToolBox\dotnet\Nzr.ToolBox.Core.Tests\bin\Debug\netcoreapp2.2\Nzr.ToolBox.Core.Tests.dll" adapterTypeName="executor://xunit/VsTestRunner2/netcoreapp" className="Nzr.ToolBox.Core.Tests.StringUtilsTest" name="Nzr.ToolBox.Core.Tests.StringUtilsTest.ContainsAny_WithOrdinalIgnoreCaseStringNotContainingOneOfSubstring_ShouldReturnFalse" />
    </UnitTest>
    <UnitTest name="Nzr.ToolBox.Core.Tests.CollectionUtilsTests.ForEach_WithGenericList_ShouldExecuteAction" storage="c:\workspace\personal\nzr.toolbox\dotnet\nzr.toolbox.core.tests\bin\debug\netcoreapp2.2\nzr.toolbox.core.tests.dll" id="cfdd33be-da19-c14d-63fe-484c25830585">
      <Execution id="d9bd7e99-874f-4385-a055-4dfa53889ee7" />
      <TestMethod codeBase="C:\workspace\personal\Nzr.ToolBox\dotnet\Nzr.ToolBox.Core.Tests\bin\Debug\netcoreapp2.2\Nzr.ToolBox.Core.Tests.dll" adapterTypeName="executor://xunit/VsTestRunner2/netcoreapp" className="Nzr.ToolBox.Core.Tests.CollectionUtilsTests" name="Nzr.ToolBox.Core.Tests.CollectionUtilsTests.ForEach_WithGenericList_ShouldExecuteAction" />
    </UnitTest>
    <UnitTest name="Nzr.ToolBox.Core.Tests.StringUtilsTest.IsIsBlank_WithNonBlankString_ShouldReturnTrue" storage="c:\workspace\personal\nzr.toolbox\dotnet\nzr.toolbox.core.tests\bin\debug\netcoreapp2.2\nzr.toolbox.core.tests.dll" id="b950fa42-ed92-dfa2-1b7a-99f41db426b6">
      <Execution id="a12dae8b-2921-4fdd-bc38-8d38a500a004" />
      <TestMethod codeBase="C:\workspace\personal\Nzr.ToolBox\dotnet\Nzr.ToolBox.Core.Tests\bin\Debug\netcoreapp2.2\Nzr.ToolBox.Core.Tests.dll" adapterTypeName="executor://xunit/VsTestRunner2/netcoreapp" className="Nzr.ToolBox.Core.Tests.StringUtilsTest" name="Nzr.ToolBox.Core.Tests.StringUtilsTest.IsIsBlank_WithNonBlankString_ShouldReturnTrue" />
    </UnitTest>
    <UnitTest name="Nzr.ToolBox.Core.Tests.StringUtilsTest.ContainsAll_WithStringNotContainigAllSubstrings_ShouldReturnFalse" storage="c:\workspace\personal\nzr.toolbox\dotnet\nzr.toolbox.core.tests\bin\debug\netcoreapp2.2\nzr.toolbox.core.tests.dll" id="eacb19b9-5be6-0659-6867-c371141d3e61">
      <Execution id="9890d5fd-95f2-48a9-9369-9447abaaa535" />
      <TestMethod codeBase="C:\workspace\personal\Nzr.ToolBox\dotnet\Nzr.ToolBox.Core.Tests\bin\Debug\netcoreapp2.2\Nzr.ToolBox.Core.Tests.dll" adapterTypeName="executor://xunit/VsTestRunner2/netcoreapp" className="Nzr.ToolBox.Core.Tests.StringUtilsTest" name="Nzr.ToolBox.Core.Tests.StringUtilsTest.ContainsAll_WithStringNotContainigAllSubstrings_ShouldReturnFalse" />
    </UnitTest>
    <UnitTest name="Nzr.ToolBox.Core.Tests.CollectionUtilsTests.IsEmpty_WithNull_ShouldReturnTrue" storage="c:\workspace\personal\nzr.toolbox\dotnet\nzr.toolbox.core.tests\bin\debug\netcoreapp2.2\nzr.toolbox.core.tests.dll" id="d6c18a40-784b-6849-0320-923e0a1eba0e">
      <Execution id="e4e06e33-2853-41b8-9258-55e3b3a35514" />
      <TestMethod codeBase="C:\workspace\personal\Nzr.ToolBox\dotnet\Nzr.ToolBox.Core.Tests\bin\Debug\netcoreapp2.2\Nzr.ToolBox.Core.Tests.dll" adapterTypeName="executor://xunit/VsTestRunner2/netcoreapp" className="Nzr.ToolBox.Core.Tests.CollectionUtilsTests" name="Nzr.ToolBox.Core.Tests.CollectionUtilsTests.IsEmpty_WithNull_ShouldReturnTrue" />
    </UnitTest>
    <UnitTest name="Nzr.ToolBox.Core.Tests.StringUtilsTest.IsNumber_WithNull_ShouldReturnFalse" storage="c:\workspace\personal\nzr.toolbox\dotnet\nzr.toolbox.core.tests\bin\debug\netcoreapp2.2\nzr.toolbox.core.tests.dll" id="16241dba-eaf4-0213-d6e5-c7da05851618">
      <Execution id="b4a32fc6-ffee-4e62-8927-546620da16bd" />
      <TestMethod codeBase="C:\workspace\personal\Nzr.ToolBox\dotnet\Nzr.ToolBox.Core.Tests\bin\Debug\netcoreapp2.2\Nzr.ToolBox.Core.Tests.dll" adapterTypeName="executor://xunit/VsTestRunner2/netcoreapp" className="Nzr.ToolBox.Core.Tests.StringUtilsTest" name="Nzr.ToolBox.Core.Tests.StringUtilsTest.IsNumber_WithNull_ShouldReturnFalse" />
    </UnitTest>
    <UnitTest name="Nzr.ToolBox.Core.Tests.RandomUtilsTest.RandomFloat_ShouldReturnUniqueValues(iterations: 10000, seed: 1)" storage="c:\workspace\personal\nzr.toolbox\dotnet\nzr.toolbox.core.tests\bin\debug\netcoreapp2.2\nzr.toolbox.core.tests.dll" id="db495440-895e-2929-0413-74f28674d8ff">
      <Execution id="195d6089-7934-4917-8642-9e7b91860ab0" />
      <TestMethod codeBase="C:\workspace\personal\Nzr.ToolBox\dotnet\Nzr.ToolBox.Core.Tests\bin\Debug\netcoreapp2.2\Nzr.ToolBox.Core.Tests.dll" adapterTypeName="executor://xunit/VsTestRunner2/netcoreapp" className="Nzr.ToolBox.Core.Tests.RandomUtilsTest" name="Nzr.ToolBox.Core.Tests.RandomUtilsTest.RandomFloat_ShouldReturnUniqueValues(iterations: 10000, seed: 1)" />
    </UnitTest>
    <UnitTest name="Nzr.ToolBox.Core.Tests.StringUtilsTest.Reverse_WithNull_ShouldReturnNull" storage="c:\workspace\personal\nzr.toolbox\dotnet\nzr.toolbox.core.tests\bin\debug\netcoreapp2.2\nzr.toolbox.core.tests.dll" id="4dcc4c87-6654-099d-1fa3-33b06e586a9e">
      <Execution id="6eb8c04d-3329-419a-a4cc-96253cbac1c6" />
      <TestMethod codeBase="C:\workspace\personal\Nzr.ToolBox\dotnet\Nzr.ToolBox.Core.Tests\bin\Debug\netcoreapp2.2\Nzr.ToolBox.Core.Tests.dll" adapterTypeName="executor://xunit/VsTestRunner2/netcoreapp" className="Nzr.ToolBox.Core.Tests.StringUtilsTest" name="Nzr.ToolBox.Core.Tests.StringUtilsTest.Reverse_WithNull_ShouldReturnNull" />
    </UnitTest>
    <UnitTest name="Nzr.ToolBox.Core.Tests.ObjectUtilsTest.IsAllNonNull_WithAllNonNull_ShouldReturnTrue" storage="c:\workspace\personal\nzr.toolbox\dotnet\nzr.toolbox.core.tests\bin\debug\netcoreapp2.2\nzr.toolbox.core.tests.dll" id="a57e4f15-3c8a-cc65-2059-f1f5f83c9ba5">
      <Execution id="8660472b-5c18-4ff2-92f9-24e3f01d65a1" />
      <TestMethod codeBase="C:\workspace\personal\Nzr.ToolBox\dotnet\Nzr.ToolBox.Core.Tests\bin\Debug\netcoreapp2.2\Nzr.ToolBox.Core.Tests.dll" adapterTypeName="executor://xunit/VsTestRunner2/netcoreapp" className="Nzr.ToolBox.Core.Tests.ObjectUtilsTest" name="Nzr.ToolBox.Core.Tests.ObjectUtilsTest.IsAllNonNull_WithAllNonNull_ShouldReturnTrue" />
    </UnitTest>
    <UnitTest name="Nzr.ToolBox.Core.Tests.BooleanUtilsTests.ToBool_WithPositiveString_ShouldReturnTrue(value: &quot;S&quot;)" storage="c:\workspace\personal\nzr.toolbox\dotnet\nzr.toolbox.core.tests\bin\debug\netcoreapp2.2\nzr.toolbox.core.tests.dll" id="917e9e48-1d67-c1aa-1b6e-9c13215e36a0">
      <Execution id="7c2c942f-36b1-4d94-91d8-4383f47b23c5" />
      <TestMethod codeBase="C:\workspace\personal\Nzr.ToolBox\dotnet\Nzr.ToolBox.Core.Tests\bin\Debug\netcoreapp2.2\Nzr.ToolBox.Core.Tests.dll" adapterTypeName="executor://xunit/VsTestRunner2/netcoreapp" className="Nzr.ToolBox.Core.Tests.BooleanUtilsTests" name="Nzr.ToolBox.Core.Tests.BooleanUtilsTests.ToBool_WithPositiveString_ShouldReturnTrue(value: &quot;S&quot;)" />
    </UnitTest>
    <UnitTest name="Nzr.ToolBox.Core.Tests.NumberUtilsTest.Average_ShouldReturnAverageValues" storage="c:\workspace\personal\nzr.toolbox\dotnet\nzr.toolbox.core.tests\bin\debug\netcoreapp2.2\nzr.toolbox.core.tests.dll" id="5062168a-47a4-716c-83cf-4566eb406f51">
      <Execution id="30f35944-5ccb-4e59-99fc-0faffcd2a422" />
      <TestMethod codeBase="C:\workspace\personal\Nzr.ToolBox\dotnet\Nzr.ToolBox.Core.Tests\bin\Debug\netcoreapp2.2\Nzr.ToolBox.Core.Tests.dll" adapterTypeName="executor://xunit/VsTestRunner2/netcoreapp" className="Nzr.ToolBox.Core.Tests.NumberUtilsTest" name="Nzr.ToolBox.Core.Tests.NumberUtilsTest.Average_ShouldReturnAverageValues" />
    </UnitTest>
    <UnitTest name="Nzr.ToolBox.Core.Tests.RandomUtilsTest.RandomString_WithSymbolsOnly_ShouldReturnSymbolOnlyString" storage="c:\workspace\personal\nzr.toolbox\dotnet\nzr.toolbox.core.tests\bin\debug\netcoreapp2.2\nzr.toolbox.core.tests.dll" id="0f07da2a-afe3-eb2a-982c-c9250d4e2995">
      <Execution id="4162cb6c-fb0c-4057-9c82-5cd39f6476c5" />
      <TestMethod codeBase="C:\workspace\personal\Nzr.ToolBox\dotnet\Nzr.ToolBox.Core.Tests\bin\Debug\netcoreapp2.2\Nzr.ToolBox.Core.Tests.dll" adapterTypeName="executor://xunit/VsTestRunner2/netcoreapp" className="Nzr.ToolBox.Core.Tests.RandomUtilsTest" name="Nzr.ToolBox.Core.Tests.RandomUtilsTest.RandomString_WithSymbolsOnly_ShouldReturnSymbolOnlyString" />
    </UnitTest>
    <UnitTest name="Nzr.ToolBox.Core.Tests.StringUtilsTest.ContainsNone_WithOrdinalIgnoreCaseStringContainingOneOfSubstring_ShouldReturnFalse" storage="c:\workspace\personal\nzr.toolbox\dotnet\nzr.toolbox.core.tests\bin\debug\netcoreapp2.2\nzr.toolbox.core.tests.dll" id="81f4be93-f58a-fe7a-4fed-525380a4a47a">
      <Execution id="c048edeb-0648-4176-ac01-442adc77074f" />
      <TestMethod codeBase="C:\workspace\personal\Nzr.ToolBox\dotnet\Nzr.ToolBox.Core.Tests\bin\Debug\netcoreapp2.2\Nzr.ToolBox.Core.Tests.dll" adapterTypeName="executor://xunit/VsTestRunner2/netcoreapp" className="Nzr.ToolBox.Core.Tests.StringUtilsTest" name="Nzr.ToolBox.Core.Tests.StringUtilsTest.ContainsNone_WithOrdinalIgnoreCaseStringContainingOneOfSubstring_ShouldReturnFalse" />
    </UnitTest>
    <UnitTest name="Nzr.ToolBox.Core.Tests.NumberUtilsTest.ToBinary_WithNumberWithPrefix_ShouldReturnBinaryWithPrefix" storage="c:\workspace\personal\nzr.toolbox\dotnet\nzr.toolbox.core.tests\bin\debug\netcoreapp2.2\nzr.toolbox.core.tests.dll" id="c4344ebc-44df-a5d3-990c-fd3ab1fb80b1">
      <Execution id="36fd9641-7ba0-4e1b-ae09-7333ddbcff36" />
      <TestMethod codeBase="C:\workspace\personal\Nzr.ToolBox\dotnet\Nzr.ToolBox.Core.Tests\bin\Debug\netcoreapp2.2\Nzr.ToolBox.Core.Tests.dll" adapterTypeName="executor://xunit/VsTestRunner2/netcoreapp" className="Nzr.ToolBox.Core.Tests.NumberUtilsTest" name="Nzr.ToolBox.Core.Tests.NumberUtilsTest.ToBinary_WithNumberWithPrefix_ShouldReturnBinaryWithPrefix" />
    </UnitTest>
    <UnitTest name="Nzr.ToolBox.Core.Tests.BooleanUtilsTests.Describe_WihTrueValueAndWithDefaultYesString_ShouldReturnYes" storage="c:\workspace\personal\nzr.toolbox\dotnet\nzr.toolbox.core.tests\bin\debug\netcoreapp2.2\nzr.toolbox.core.tests.dll" id="44eff8ca-e64d-d8d4-6361-cfa3c75ede11">
      <Execution id="3efd550d-e04b-44d0-85a0-be689868804a" />
      <TestMethod codeBase="C:\workspace\personal\Nzr.ToolBox\dotnet\Nzr.ToolBox.Core.Tests\bin\Debug\netcoreapp2.2\Nzr.ToolBox.Core.Tests.dll" adapterTypeName="executor://xunit/VsTestRunner2/netcoreapp" className="Nzr.ToolBox.Core.Tests.BooleanUtilsTests" name="Nzr.ToolBox.Core.Tests.BooleanUtilsTests.Describe_WihTrueValueAndWithDefaultYesString_ShouldReturnYes" />
    </UnitTest>
    <UnitTest name="Nzr.ToolBox.Core.Tests.StringUtilsTest.IsAnyBlank_WithNullStrings_ShouldReturnTrue" storage="c:\workspace\personal\nzr.toolbox\dotnet\nzr.toolbox.core.tests\bin\debug\netcoreapp2.2\nzr.toolbox.core.tests.dll" id="6b882545-0a6d-aed1-f25f-b5bd7a59a2f3">
      <Execution id="1c984035-6e48-44eb-abd4-8d474b93a0ad" />
      <TestMethod codeBase="C:\workspace\personal\Nzr.ToolBox\dotnet\Nzr.ToolBox.Core.Tests\bin\Debug\netcoreapp2.2\Nzr.ToolBox.Core.Tests.dll" adapterTypeName="executor://xunit/VsTestRunner2/netcoreapp" className="Nzr.ToolBox.Core.Tests.StringUtilsTest" name="Nzr.ToolBox.Core.Tests.StringUtilsTest.IsAnyBlank_WithNullStrings_ShouldReturnTrue" />
    </UnitTest>
    <UnitTest name="Nzr.ToolBox.Core.Tests.CollectionUtilsTests.ContainsAll_WithNullEnumerables_ShouldReturnTrue" storage="c:\workspace\personal\nzr.toolbox\dotnet\nzr.toolbox.core.tests\bin\debug\netcoreapp2.2\nzr.toolbox.core.tests.dll" id="52dad561-c47f-93be-598b-ab4dd10490eb">
      <Execution id="a4893554-bf8a-49d3-8df4-196dfd8a2bb1" />
      <TestMethod codeBase="C:\workspace\personal\Nzr.ToolBox\dotnet\Nzr.ToolBox.Core.Tests\bin\Debug\netcoreapp2.2\Nzr.ToolBox.Core.Tests.dll" adapterTypeName="executor://xunit/VsTestRunner2/netcoreapp" className="Nzr.ToolBox.Core.Tests.CollectionUtilsTests" name="Nzr.ToolBox.Core.Tests.CollectionUtilsTests.ContainsAll_WithNullEnumerables_ShouldReturnTrue" />
    </UnitTest>
    <UnitTest name="Nzr.ToolBox.Core.Tests.ObjectUtilsTest.IsAnyNull_WithOneNull_ShouldReturnTrue" storage="c:\workspace\personal\nzr.toolbox\dotnet\nzr.toolbox.core.tests\bin\debug\netcoreapp2.2\nzr.toolbox.core.tests.dll" id="f2f029e7-8888-f5a1-ddde-656322b453e5">
      <Execution id="00876e74-881d-4456-b834-e3b2ae9c0f91" />
      <TestMethod codeBase="C:\workspace\personal\Nzr.ToolBox\dotnet\Nzr.ToolBox.Core.Tests\bin\Debug\netcoreapp2.2\Nzr.ToolBox.Core.Tests.dll" adapterTypeName="executor://xunit/VsTestRunner2/netcoreapp" className="Nzr.ToolBox.Core.Tests.ObjectUtilsTest" name="Nzr.ToolBox.Core.Tests.ObjectUtilsTest.IsAnyNull_WithOneNull_ShouldReturnTrue" />
    </UnitTest>
    <UnitTest name="Nzr.ToolBox.Core.Tests.NumberUtilsTest.ToBinary_WithDecimalWithoutPrefix_ShouldReturnBinaryNumbersOnly" storage="c:\workspace\personal\nzr.toolbox\dotnet\nzr.toolbox.core.tests\bin\debug\netcoreapp2.2\nzr.toolbox.core.tests.dll" id="2fe27f4d-780b-bc6e-57d1-a34e746519d2">
      <Execution id="d3d1799a-3f60-49c8-90e6-dc550a89c516" />
      <TestMethod codeBase="C:\workspace\personal\Nzr.ToolBox\dotnet\Nzr.ToolBox.Core.Tests\bin\Debug\netcoreapp2.2\Nzr.ToolBox.Core.Tests.dll" adapterTypeName="executor://xunit/VsTestRunner2/netcoreapp" className="Nzr.ToolBox.Core.Tests.NumberUtilsTest" name="Nzr.ToolBox.Core.Tests.NumberUtilsTest.ToBinary_WithDecimalWithoutPrefix_ShouldReturnBinaryNumbersOnly" />
    </UnitTest>
    <UnitTest name="Nzr.ToolBox.Core.Tests.BooleanUtilsTests.IsTrue_WithNullOrFalseValue_ShouldReturnFalse(value: null)" storage="c:\workspace\personal\nzr.toolbox\dotnet\nzr.toolbox.core.tests\bin\debug\netcoreapp2.2\nzr.toolbox.core.tests.dll" id="f54f88da-7c5b-63a5-454a-c31c248124f8">
      <Execution id="4e9ba0fc-30b3-499a-a066-42a9674c3c9c" />
      <TestMethod codeBase="C:\workspace\personal\Nzr.ToolBox\dotnet\Nzr.ToolBox.Core.Tests\bin\Debug\netcoreapp2.2\Nzr.ToolBox.Core.Tests.dll" adapterTypeName="executor://xunit/VsTestRunner2/netcoreapp" className="Nzr.ToolBox.Core.Tests.BooleanUtilsTests" name="Nzr.ToolBox.Core.Tests.BooleanUtilsTests.IsTrue_WithNullOrFalseValue_ShouldReturnFalse(value: null)" />
    </UnitTest>
    <UnitTest name="Nzr.ToolBox.Core.Tests.StringUtilsTest.DefaultIfEmpty_WitBlankString_ShouldReturnString" storage="c:\workspace\personal\nzr.toolbox\dotnet\nzr.toolbox.core.tests\bin\debug\netcoreapp2.2\nzr.toolbox.core.tests.dll" id="e881bc04-2bbf-5c16-1290-362a120099d0">
      <Execution id="f8781ee5-d5d6-4e7b-9a1a-ede33e1c5c6b" />
      <TestMethod codeBase="C:\workspace\personal\Nzr.ToolBox\dotnet\Nzr.ToolBox.Core.Tests\bin\Debug\netcoreapp2.2\Nzr.ToolBox.Core.Tests.dll" adapterTypeName="executor://xunit/VsTestRunner2/netcoreapp" className="Nzr.ToolBox.Core.Tests.StringUtilsTest" name="Nzr.ToolBox.Core.Tests.StringUtilsTest.DefaultIfEmpty_WitBlankString_ShouldReturnString" />
    </UnitTest>
    <UnitTest name="Nzr.ToolBox.Core.Tests.CollectionUtilsTests.ContainsAll_WithGenericEnumerableAndDiffSize_ShouldReturnFalse" storage="c:\workspace\personal\nzr.toolbox\dotnet\nzr.toolbox.core.tests\bin\debug\netcoreapp2.2\nzr.toolbox.core.tests.dll" id="40b5fac7-b71c-8e77-a229-0b6dd2bc7930">
      <Execution id="98e70af2-df9e-48bd-9cb6-62f1a4f71005" />
      <TestMethod codeBase="C:\workspace\personal\Nzr.ToolBox\dotnet\Nzr.ToolBox.Core.Tests\bin\Debug\netcoreapp2.2\Nzr.ToolBox.Core.Tests.dll" adapterTypeName="executor://xunit/VsTestRunner2/netcoreapp" className="Nzr.ToolBox.Core.Tests.CollectionUtilsTests" name="Nzr.ToolBox.Core.Tests.CollectionUtilsTests.ContainsAll_WithGenericEnumerableAndDiffSize_ShouldReturnFalse" />
    </UnitTest>
    <UnitTest name="Nzr.ToolBox.Core.Tests.ObjectUtilsTest.IfNotNull_WithNullValue_ShouldThrowException" storage="c:\workspace\personal\nzr.toolbox\dotnet\nzr.toolbox.core.tests\bin\debug\netcoreapp2.2\nzr.toolbox.core.tests.dll" id="dc5791cb-7903-211e-65c9-770b2ab7868e">
      <Execution id="887ea2fe-be2a-4d1d-abf6-26df0f710bc4" />
      <TestMethod codeBase="C:\workspace\personal\Nzr.ToolBox\dotnet\Nzr.ToolBox.Core.Tests\bin\Debug\netcoreapp2.2\Nzr.ToolBox.Core.Tests.dll" adapterTypeName="executor://xunit/VsTestRunner2/netcoreapp" className="Nzr.ToolBox.Core.Tests.ObjectUtilsTest" name="Nzr.ToolBox.Core.Tests.ObjectUtilsTest.IfNotNull_WithNullValue_ShouldThrowException" />
    </UnitTest>
    <UnitTest name="Nzr.ToolBox.Core.Tests.RandomUtilsTest.RandomDouble_ShouldReturnUniqueValues(iterations: 10000, seed: 1)" storage="c:\workspace\personal\nzr.toolbox\dotnet\nzr.toolbox.core.tests\bin\debug\netcoreapp2.2\nzr.toolbox.core.tests.dll" id="0774dc1e-52ca-a68f-3053-17aa689d2f19">
      <Execution id="708d97da-1a64-47a3-b9ed-9fcbe87595e9" />
      <TestMethod codeBase="C:\workspace\personal\Nzr.ToolBox\dotnet\Nzr.ToolBox.Core.Tests\bin\Debug\netcoreapp2.2\Nzr.ToolBox.Core.Tests.dll" adapterTypeName="executor://xunit/VsTestRunner2/netcoreapp" className="Nzr.ToolBox.Core.Tests.RandomUtilsTest" name="Nzr.ToolBox.Core.Tests.RandomUtilsTest.RandomDouble_ShouldReturnUniqueValues(iterations: 10000, seed: 1)" />
    </UnitTest>
    <UnitTest name="Nzr.ToolBox.Core.Tests.StringUtilsTest.IsEmpty_WithEmptyString_ShouldReturnTrue" storage="c:\workspace\personal\nzr.toolbox\dotnet\nzr.toolbox.core.tests\bin\debug\netcoreapp2.2\nzr.toolbox.core.tests.dll" id="11236b60-ddaa-8517-7929-26428de182b4">
      <Execution id="18856e5d-2fc9-49d4-9eef-f2be764f3c3a" />
      <TestMethod codeBase="C:\workspace\personal\Nzr.ToolBox\dotnet\Nzr.ToolBox.Core.Tests\bin\Debug\netcoreapp2.2\Nzr.ToolBox.Core.Tests.dll" adapterTypeName="executor://xunit/VsTestRunner2/netcoreapp" className="Nzr.ToolBox.Core.Tests.StringUtilsTest" name="Nzr.ToolBox.Core.Tests.StringUtilsTest.IsEmpty_WithEmptyString_ShouldReturnTrue" />
    </UnitTest>
    <UnitTest name="Nzr.ToolBox.Core.Tests.StringUtilsTest.Truncate_WithStringShorterThanLimit_ShouldReturnString" storage="c:\workspace\personal\nzr.toolbox\dotnet\nzr.toolbox.core.tests\bin\debug\netcoreapp2.2\nzr.toolbox.core.tests.dll" id="9dc87ca8-7c89-25db-241a-e9ae33f8a42e">
      <Execution id="6455399a-f580-4767-9056-448e7f04a26d" />
      <TestMethod codeBase="C:\workspace\personal\Nzr.ToolBox\dotnet\Nzr.ToolBox.Core.Tests\bin\Debug\netcoreapp2.2\Nzr.ToolBox.Core.Tests.dll" adapterTypeName="executor://xunit/VsTestRunner2/netcoreapp" className="Nzr.ToolBox.Core.Tests.StringUtilsTest" name="Nzr.ToolBox.Core.Tests.StringUtilsTest.Truncate_WithStringShorterThanLimit_ShouldReturnString" />
    </UnitTest>
    <UnitTest name="Nzr.ToolBox.Core.Tests.CollectionUtilsTests.ContainsAny_WithEnumerableAndNonOfOtherElements_ShouldReturnFalse" storage="c:\workspace\personal\nzr.toolbox\dotnet\nzr.toolbox.core.tests\bin\debug\netcoreapp2.2\nzr.toolbox.core.tests.dll" id="7846d9ed-3cef-0cbd-2b1f-638be6a96222">
      <Execution id="1ee30077-ff18-4a77-9f82-187cd5573d0a" />
      <TestMethod codeBase="C:\workspace\personal\Nzr.ToolBox\dotnet\Nzr.ToolBox.Core.Tests\bin\Debug\netcoreapp2.2\Nzr.ToolBox.Core.Tests.dll" adapterTypeName="executor://xunit/VsTestRunner2/netcoreapp" className="Nzr.ToolBox.Core.Tests.CollectionUtilsTests" name="Nzr.ToolBox.Core.Tests.CollectionUtilsTests.ContainsAny_WithEnumerableAndNonOfOtherElements_ShouldReturnFalse" />
    </UnitTest>
    <UnitTest name="Nzr.ToolBox.Core.Tests.StringUtilsTest.IsNumber_WithAlhphanumeric_ShouldReturnFalse" storage="c:\workspace\personal\nzr.toolbox\dotnet\nzr.toolbox.core.tests\bin\debug\netcoreapp2.2\nzr.toolbox.core.tests.dll" id="f97de579-490f-3478-7018-3655f4bebed4">
      <Execution id="b380bdfa-a4a6-4046-99c7-360ea3bc5ce4" />
      <TestMethod codeBase="C:\workspace\personal\Nzr.ToolBox\dotnet\Nzr.ToolBox.Core.Tests\bin\Debug\netcoreapp2.2\Nzr.ToolBox.Core.Tests.dll" adapterTypeName="executor://xunit/VsTestRunner2/netcoreapp" className="Nzr.ToolBox.Core.Tests.StringUtilsTest" name="Nzr.ToolBox.Core.Tests.StringUtilsTest.IsNumber_WithAlhphanumeric_ShouldReturnFalse" />
    </UnitTest>
    <UnitTest name="Nzr.ToolBox.Core.Tests.CollectionUtilsTests.IndexOf_WithNonExistingItem_ShouldReturnMinusOne" storage="c:\workspace\personal\nzr.toolbox\dotnet\nzr.toolbox.core.tests\bin\debug\netcoreapp2.2\nzr.toolbox.core.tests.dll" id="39187814-7948-31bd-4290-daef6ab2e603">
      <Execution id="b0251b23-395e-4c35-8308-101e2e8c7449" />
      <TestMethod codeBase="C:\workspace\personal\Nzr.ToolBox\dotnet\Nzr.ToolBox.Core.Tests\bin\Debug\netcoreapp2.2\Nzr.ToolBox.Core.Tests.dll" adapterTypeName="executor://xunit/VsTestRunner2/netcoreapp" className="Nzr.ToolBox.Core.Tests.CollectionUtilsTests" name="Nzr.ToolBox.Core.Tests.CollectionUtilsTests.IndexOf_WithNonExistingItem_ShouldReturnMinusOne" />
    </UnitTest>
    <UnitTest name="Nzr.ToolBox.Core.Tests.BooleanUtilsTests.ToBool_WithPositiveString_ShouldReturnTrue(value: &quot;true&quot;)" storage="c:\workspace\personal\nzr.toolbox\dotnet\nzr.toolbox.core.tests\bin\debug\netcoreapp2.2\nzr.toolbox.core.tests.dll" id="7437cae0-313c-688c-b0a7-4e994a4fbb85">
      <Execution id="7ae0af37-da8e-4695-9083-eb5f5d2bd2a5" />
      <TestMethod codeBase="C:\workspace\personal\Nzr.ToolBox\dotnet\Nzr.ToolBox.Core.Tests\bin\Debug\netcoreapp2.2\Nzr.ToolBox.Core.Tests.dll" adapterTypeName="executor://xunit/VsTestRunner2/netcoreapp" className="Nzr.ToolBox.Core.Tests.BooleanUtilsTests" name="Nzr.ToolBox.Core.Tests.BooleanUtilsTests.ToBool_WithPositiveString_ShouldReturnTrue(value: &quot;true&quot;)" />
    </UnitTest>
    <UnitTest name="Nzr.ToolBox.Core.Tests.ObjectUtilsTest.RequireNonNull_WithNullWithoutCustomMessage_ShouldThrowExcetpion" storage="c:\workspace\personal\nzr.toolbox\dotnet\nzr.toolbox.core.tests\bin\debug\netcoreapp2.2\nzr.toolbox.core.tests.dll" id="7e6b2287-0f2b-eed8-29a1-fa6a6b5f85fd">
      <Execution id="afb18066-93cf-48a6-8bf7-2cf90369297a" />
      <TestMethod codeBase="C:\workspace\personal\Nzr.ToolBox\dotnet\Nzr.ToolBox.Core.Tests\bin\Debug\netcoreapp2.2\Nzr.ToolBox.Core.Tests.dll" adapterTypeName="executor://xunit/VsTestRunner2/netcoreapp" className="Nzr.ToolBox.Core.Tests.ObjectUtilsTest" name="Nzr.ToolBox.Core.Tests.ObjectUtilsTest.RequireNonNull_WithNullWithoutCustomMessage_ShouldThrowExcetpion" />
    </UnitTest>
    <UnitTest name="Nzr.ToolBox.Core.Tests.BooleanUtilsTests.ToBool_WithPositiveString_ShouldReturnTrue(value: &quot;Ja&quot;)" storage="c:\workspace\personal\nzr.toolbox\dotnet\nzr.toolbox.core.tests\bin\debug\netcoreapp2.2\nzr.toolbox.core.tests.dll" id="48caecef-a5fa-613e-d718-f1276bb5ba57">
      <Execution id="28288e6e-37cb-4ca2-81a6-203260e56e4f" />
      <TestMethod codeBase="C:\workspace\personal\Nzr.ToolBox\dotnet\Nzr.ToolBox.Core.Tests\bin\Debug\netcoreapp2.2\Nzr.ToolBox.Core.Tests.dll" adapterTypeName="executor://xunit/VsTestRunner2/netcoreapp" className="Nzr.ToolBox.Core.Tests.BooleanUtilsTests" name="Nzr.ToolBox.Core.Tests.BooleanUtilsTests.ToBool_WithPositiveString_ShouldReturnTrue(value: &quot;Ja&quot;)" />
    </UnitTest>
    <UnitTest name="Nzr.ToolBox.Core.Tests.RandomUtilsTest.RandomDouble_ShouldReturnUniqueValues(iterations: 10000, seed: null)" storage="c:\workspace\personal\nzr.toolbox\dotnet\nzr.toolbox.core.tests\bin\debug\netcoreapp2.2\nzr.toolbox.core.tests.dll" id="cbba7763-672f-ddfc-9a60-f6df272eaad6">
      <Execution id="04ca785b-4d18-487e-ac3b-24183e23d659" />
      <TestMethod codeBase="C:\workspace\personal\Nzr.ToolBox\dotnet\Nzr.ToolBox.Core.Tests\bin\Debug\netcoreapp2.2\Nzr.ToolBox.Core.Tests.dll" adapterTypeName="executor://xunit/VsTestRunner2/netcoreapp" className="Nzr.ToolBox.Core.Tests.RandomUtilsTest" name="Nzr.ToolBox.Core.Tests.RandomUtilsTest.RandomDouble_ShouldReturnUniqueValues(iterations: 10000, seed: null)" />
    </UnitTest>
    <UnitTest name="Nzr.ToolBox.Core.Tests.NumberUtilsTest.ToHexadecimal_WithNumberWithPrefix_ShouldReturnBinaryWithPrefix" storage="c:\workspace\personal\nzr.toolbox\dotnet\nzr.toolbox.core.tests\bin\debug\netcoreapp2.2\nzr.toolbox.core.tests.dll" id="06062712-a9f6-15e0-bf35-38dc901029e7">
      <Execution id="7faeaaad-2932-43f5-a6e1-bcea3a75e47c" />
      <TestMethod codeBase="C:\workspace\personal\Nzr.ToolBox\dotnet\Nzr.ToolBox.Core.Tests\bin\Debug\netcoreapp2.2\Nzr.ToolBox.Core.Tests.dll" adapterTypeName="executor://xunit/VsTestRunner2/netcoreapp" className="Nzr.ToolBox.Core.Tests.NumberUtilsTest" name="Nzr.ToolBox.Core.Tests.NumberUtilsTest.ToHexadecimal_WithNumberWithPrefix_ShouldReturnBinaryWithPrefix" />
    </UnitTest>
    <UnitTest name="Nzr.ToolBox.Core.Tests.CollectionUtilsTests.IsNotEmpty_WithEmpty_ShouldReturnFalse" storage="c:\workspace\personal\nzr.toolbox\dotnet\nzr.toolbox.core.tests\bin\debug\netcoreapp2.2\nzr.toolbox.core.tests.dll" id="105843c0-8d25-e16e-687e-24c0c02b7966">
      <Execution id="3001d511-5630-46df-8ba1-1dfacea573a4" />
      <TestMethod codeBase="C:\workspace\personal\Nzr.ToolBox\dotnet\Nzr.ToolBox.Core.Tests\bin\Debug\netcoreapp2.2\Nzr.ToolBox.Core.Tests.dll" adapterTypeName="executor://xunit/VsTestRunner2/netcoreapp" className="Nzr.ToolBox.Core.Tests.CollectionUtilsTests" name="Nzr.ToolBox.Core.Tests.CollectionUtilsTests.IsNotEmpty_WithEmpty_ShouldReturnFalse" />
    </UnitTest>
    <UnitTest name="Nzr.ToolBox.Core.Tests.CollectionUtilsTests.ContainsAll_WithNullSourceEnumerable_ShouldReturnFalse" storage="c:\workspace\personal\nzr.toolbox\dotnet\nzr.toolbox.core.tests\bin\debug\netcoreapp2.2\nzr.toolbox.core.tests.dll" id="2fe5b4ab-f3f5-15bc-6481-7df383a0aa00">
      <Execution id="99b708aa-0a59-4c35-8271-5f4e2228ed01" />
      <TestMethod codeBase="C:\workspace\personal\Nzr.ToolBox\dotnet\Nzr.ToolBox.Core.Tests\bin\Debug\netcoreapp2.2\Nzr.ToolBox.Core.Tests.dll" adapterTypeName="executor://xunit/VsTestRunner2/netcoreapp" className="Nzr.ToolBox.Core.Tests.CollectionUtilsTests" name="Nzr.ToolBox.Core.Tests.CollectionUtilsTests.ContainsAll_WithNullSourceEnumerable_ShouldReturnFalse" />
    </UnitTest>
    <UnitTest name="Nzr.ToolBox.Core.Tests.StringUtilsTest.Repeat_WithNull_ShouldReturnNull" storage="c:\workspace\personal\nzr.toolbox\dotnet\nzr.toolbox.core.tests\bin\debug\netcoreapp2.2\nzr.toolbox.core.tests.dll" id="16e225c7-ff41-4d1e-ea8a-a910d30a164b">
      <Execution id="9368263e-d8d0-4a69-815e-2e5ae8d64ec9" />
      <TestMethod codeBase="C:\workspace\personal\Nzr.ToolBox\dotnet\Nzr.ToolBox.Core.Tests\bin\Debug\netcoreapp2.2\Nzr.ToolBox.Core.Tests.dll" adapterTypeName="executor://xunit/VsTestRunner2/netcoreapp" className="Nzr.ToolBox.Core.Tests.StringUtilsTest" name="Nzr.ToolBox.Core.Tests.StringUtilsTest.Repeat_WithNull_ShouldReturnNull" />
    </UnitTest>
    <UnitTest name="Nzr.ToolBox.Core.Tests.StringUtilsTest.DefaultIfBlank_WitNonBlankString_ShouldReturnString" storage="c:\workspace\personal\nzr.toolbox\dotnet\nzr.toolbox.core.tests\bin\debug\netcoreapp2.2\nzr.toolbox.core.tests.dll" id="6b51fd93-cfcb-0aea-d26c-8be65f40eb5a">
      <Execution id="a5b2898a-d849-43db-8eed-7cab31fdbb1c" />
      <TestMethod codeBase="C:\workspace\personal\Nzr.ToolBox\dotnet\Nzr.ToolBox.Core.Tests\bin\Debug\netcoreapp2.2\Nzr.ToolBox.Core.Tests.dll" adapterTypeName="executor://xunit/VsTestRunner2/netcoreapp" className="Nzr.ToolBox.Core.Tests.StringUtilsTest" name="Nzr.ToolBox.Core.Tests.StringUtilsTest.DefaultIfBlank_WitNonBlankString_ShouldReturnString" />
    </UnitTest>
    <UnitTest name="Nzr.ToolBox.Core.Tests.CollectionUtilsTests.ForEach_WithGenericList_ShouldExecuteFunction" storage="c:\workspace\personal\nzr.toolbox\dotnet\nzr.toolbox.core.tests\bin\debug\netcoreapp2.2\nzr.toolbox.core.tests.dll" id="21d2f5b5-8824-b5dc-5b55-bc862d5c638c">
      <Execution id="a17009a1-0056-4da1-ada5-c808715911ba" />
      <TestMethod codeBase="C:\workspace\personal\Nzr.ToolBox\dotnet\Nzr.ToolBox.Core.Tests\bin\Debug\netcoreapp2.2\Nzr.ToolBox.Core.Tests.dll" adapterTypeName="executor://xunit/VsTestRunner2/netcoreapp" className="Nzr.ToolBox.Core.Tests.CollectionUtilsTests" name="Nzr.ToolBox.Core.Tests.CollectionUtilsTests.ForEach_WithGenericList_ShouldExecuteFunction" />
    </UnitTest>
    <UnitTest name="Nzr.ToolBox.Core.Tests.RandomUtilsTest.RandomDecimal_ShouldReturnUniqueValues(iterations: 10000, seed: null)" storage="c:\workspace\personal\nzr.toolbox\dotnet\nzr.toolbox.core.tests\bin\debug\netcoreapp2.2\nzr.toolbox.core.tests.dll" id="a17b2044-60f5-4812-5bc4-2de8d6ca5463">
      <Execution id="45956acd-b1d0-4006-afc7-adb7f1f26a58" />
      <TestMethod codeBase="C:\workspace\personal\Nzr.ToolBox\dotnet\Nzr.ToolBox.Core.Tests\bin\Debug\netcoreapp2.2\Nzr.ToolBox.Core.Tests.dll" adapterTypeName="executor://xunit/VsTestRunner2/netcoreapp" className="Nzr.ToolBox.Core.Tests.RandomUtilsTest" name="Nzr.ToolBox.Core.Tests.RandomUtilsTest.RandomDecimal_ShouldReturnUniqueValues(iterations: 10000, seed: null)" />
    </UnitTest>
    <UnitTest name="Nzr.ToolBox.Core.Tests.CollectionUtilsTests.IsNotEmpty_WithNonEmpty_ShouldReturnTrue" storage="c:\workspace\personal\nzr.toolbox\dotnet\nzr.toolbox.core.tests\bin\debug\netcoreapp2.2\nzr.toolbox.core.tests.dll" id="222f7168-7e34-cd8e-2834-adc8122c855d">
      <Execution id="5f7668d0-0d38-47ab-8f56-a9aace55005b" />
      <TestMethod codeBase="C:\workspace\personal\Nzr.ToolBox\dotnet\Nzr.ToolBox.Core.Tests\bin\Debug\netcoreapp2.2\Nzr.ToolBox.Core.Tests.dll" adapterTypeName="executor://xunit/VsTestRunner2/netcoreapp" className="Nzr.ToolBox.Core.Tests.CollectionUtilsTests" name="Nzr.ToolBox.Core.Tests.CollectionUtilsTests.IsNotEmpty_WithNonEmpty_ShouldReturnTrue" />
    </UnitTest>
    <UnitTest name="Nzr.ToolBox.Core.Tests.CollectionUtilsTests.EmptyIfNull_WithNonNullEnumerable_ShouldTheEnumerable" storage="c:\workspace\personal\nzr.toolbox\dotnet\nzr.toolbox.core.tests\bin\debug\netcoreapp2.2\nzr.toolbox.core.tests.dll" id="aa9cc0cb-14c6-ae07-bdfd-bae5f2a9924a">
      <Execution id="15a767f0-23ef-4b92-9ab4-01d727519a36" />
      <TestMethod codeBase="C:\workspace\personal\Nzr.ToolBox\dotnet\Nzr.ToolBox.Core.Tests\bin\Debug\netcoreapp2.2\Nzr.ToolBox.Core.Tests.dll" adapterTypeName="executor://xunit/VsTestRunner2/netcoreapp" className="Nzr.ToolBox.Core.Tests.CollectionUtilsTests" name="Nzr.ToolBox.Core.Tests.CollectionUtilsTests.EmptyIfNull_WithNonNullEnumerable_ShouldTheEnumerable" />
    </UnitTest>
    <UnitTest name="Nzr.ToolBox.Core.Tests.RandomUtilsTest.RandomByte_ShouldReturnUniqueValues(iterations: 255, seed: 1)" storage="c:\workspace\personal\nzr.toolbox\dotnet\nzr.toolbox.core.tests\bin\debug\netcoreapp2.2\nzr.toolbox.core.tests.dll" id="bd4840b2-65f4-1738-f51a-39c1c1a95ff4">
      <Execution id="26552c47-82a1-4348-acbc-a5e8dda4bb6a" />
      <TestMethod codeBase="C:\workspace\personal\Nzr.ToolBox\dotnet\Nzr.ToolBox.Core.Tests\bin\Debug\netcoreapp2.2\Nzr.ToolBox.Core.Tests.dll" adapterTypeName="executor://xunit/VsTestRunner2/netcoreapp" className="Nzr.ToolBox.Core.Tests.RandomUtilsTest" name="Nzr.ToolBox.Core.Tests.RandomUtilsTest.RandomByte_ShouldReturnUniqueValues(iterations: 255, seed: 1)" />
    </UnitTest>
    <UnitTest name="Nzr.ToolBox.Core.Tests.RandomUtilsTest.RandomString_WithSpecificChars_ShouldReturnSpecificString" storage="c:\workspace\personal\nzr.toolbox\dotnet\nzr.toolbox.core.tests\bin\debug\netcoreapp2.2\nzr.toolbox.core.tests.dll" id="4b89d93e-7058-25e8-68ff-2910059c6bc1">
      <Execution id="31994e93-3dd3-4efa-9b6d-f788c90e99a9" />
      <TestMethod codeBase="C:\workspace\personal\Nzr.ToolBox\dotnet\Nzr.ToolBox.Core.Tests\bin\Debug\netcoreapp2.2\Nzr.ToolBox.Core.Tests.dll" adapterTypeName="executor://xunit/VsTestRunner2/netcoreapp" className="Nzr.ToolBox.Core.Tests.RandomUtilsTest" name="Nzr.ToolBox.Core.Tests.RandomUtilsTest.RandomString_WithSpecificChars_ShouldReturnSpecificString" />
    </UnitTest>
    <UnitTest name="Nzr.ToolBox.Core.Tests.BooleanUtilsTests.ToBool_WithZeroOrNegative_ShouldReturnFalse(b: 0, s: 0, i: 0, l: 0, f: 0, d: 0, m: 0)" storage="c:\workspace\personal\nzr.toolbox\dotnet\nzr.toolbox.core.tests\bin\debug\netcoreapp2.2\nzr.toolbox.core.tests.dll" id="ec3e09c5-8729-567e-bf4a-d5990aad45d6">
      <Execution id="320fc315-813f-4630-96da-678100fccf99" />
      <TestMethod codeBase="C:\workspace\personal\Nzr.ToolBox\dotnet\Nzr.ToolBox.Core.Tests\bin\Debug\netcoreapp2.2\Nzr.ToolBox.Core.Tests.dll" adapterTypeName="executor://xunit/VsTestRunner2/netcoreapp" className="Nzr.ToolBox.Core.Tests.BooleanUtilsTests" name="Nzr.ToolBox.Core.Tests.BooleanUtilsTests.ToBool_WithZeroOrNegative_ShouldReturnFalse(b: 0, s: 0, i: 0, l: 0, f: 0, d: 0, m: 0)" />
    </UnitTest>
    <UnitTest name="Nzr.ToolBox.Core.Tests.DateTimeUtilsTest.ToEpoch_WithDateTime_ShouldReturnEpochTime" storage="c:\workspace\personal\nzr.toolbox\dotnet\nzr.toolbox.core.tests\bin\debug\netcoreapp2.2\nzr.toolbox.core.tests.dll" id="0f0fd9c4-310b-8f5e-8547-15872b5cb4b0">
      <Execution id="ff932834-5ee2-4ebd-9cbc-f50b225fda79" />
      <TestMethod codeBase="C:\workspace\personal\Nzr.ToolBox\dotnet\Nzr.ToolBox.Core.Tests\bin\Debug\netcoreapp2.2\Nzr.ToolBox.Core.Tests.dll" adapterTypeName="executor://xunit/VsTestRunner2/netcoreapp" className="Nzr.ToolBox.Core.Tests.DateTimeUtilsTest" name="Nzr.ToolBox.Core.Tests.DateTimeUtilsTest.ToEpoch_WithDateTime_ShouldReturnEpochTime" />
    </UnitTest>
    <UnitTest name="Nzr.ToolBox.Core.Tests.NumberUtilsTest.Max_ShouldReturnMaxValues" storage="c:\workspace\personal\nzr.toolbox\dotnet\nzr.toolbox.core.tests\bin\debug\netcoreapp2.2\nzr.toolbox.core.tests.dll" id="d2556f65-3778-bd58-eecd-ae6ccb2c7885">
      <Execution id="ee57400d-b04a-4fce-8df2-652949df9734" />
      <TestMethod codeBase="C:\workspace\personal\Nzr.ToolBox\dotnet\Nzr.ToolBox.Core.Tests\bin\Debug\netcoreapp2.2\Nzr.ToolBox.Core.Tests.dll" adapterTypeName="executor://xunit/VsTestRunner2/netcoreapp" className="Nzr.ToolBox.Core.Tests.NumberUtilsTest" name="Nzr.ToolBox.Core.Tests.NumberUtilsTest.Max_ShouldReturnMaxValues" />
    </UnitTest>
    <UnitTest name="Nzr.ToolBox.Core.Tests.ObjectUtilsTest.IsAllNull_WithAllNull_ShouldReturnTrue" storage="c:\workspace\personal\nzr.toolbox\dotnet\nzr.toolbox.core.tests\bin\debug\netcoreapp2.2\nzr.toolbox.core.tests.dll" id="e624c53d-a1cf-0c98-22e7-54295ab64bfd">
      <Execution id="a70d1cd5-c7ca-4d6b-84a9-82774e274c31" />
      <TestMethod codeBase="C:\workspace\personal\Nzr.ToolBox\dotnet\Nzr.ToolBox.Core.Tests\bin\Debug\netcoreapp2.2\Nzr.ToolBox.Core.Tests.dll" adapterTypeName="executor://xunit/VsTestRunner2/netcoreapp" className="Nzr.ToolBox.Core.Tests.ObjectUtilsTest" name="Nzr.ToolBox.Core.Tests.ObjectUtilsTest.IsAllNull_WithAllNull_ShouldReturnTrue" />
    </UnitTest>
    <UnitTest name="Nzr.ToolBox.Core.Tests.StringUtilsTest.GetFirstNonBlank_WithOnlyEmptyString_ShouldReturnNull" storage="c:\workspace\personal\nzr.toolbox\dotnet\nzr.toolbox.core.tests\bin\debug\netcoreapp2.2\nzr.toolbox.core.tests.dll" id="017f2681-1481-dbaa-ea0e-6a10d0c9b02d">
      <Execution id="b3d7a301-0d93-405b-9eb8-2efbfb40906d" />
      <TestMethod codeBase="C:\workspace\personal\Nzr.ToolBox\dotnet\Nzr.ToolBox.Core.Tests\bin\Debug\netcoreapp2.2\Nzr.ToolBox.Core.Tests.dll" adapterTypeName="executor://xunit/VsTestRunner2/netcoreapp" className="Nzr.ToolBox.Core.Tests.StringUtilsTest" name="Nzr.ToolBox.Core.Tests.StringUtilsTest.GetFirstNonBlank_WithOnlyEmptyString_ShouldReturnNull" />
    </UnitTest>
    <UnitTest name="Nzr.ToolBox.Core.Tests.StringUtilsTest.DescribeIfNone_WithBlank_ShouldReturnBlankString" storage="c:\workspace\personal\nzr.toolbox\dotnet\nzr.toolbox.core.tests\bin\debug\netcoreapp2.2\nzr.toolbox.core.tests.dll" id="38aa400d-53ce-7d63-25db-acb1a6beac35">
      <Execution id="a1ffa25a-191e-4d10-a231-4b03e3ee3830" />
      <TestMethod codeBase="C:\workspace\personal\Nzr.ToolBox\dotnet\Nzr.ToolBox.Core.Tests\bin\Debug\netcoreapp2.2\Nzr.ToolBox.Core.Tests.dll" adapterTypeName="executor://xunit/VsTestRunner2/netcoreapp" className="Nzr.ToolBox.Core.Tests.StringUtilsTest" name="Nzr.ToolBox.Core.Tests.StringUtilsTest.DescribeIfNone_WithBlank_ShouldReturnBlankString" />
    </UnitTest>
    <UnitTest name="Nzr.ToolBox.Core.Tests.CollectionUtilsTests.ForEach_WithList_ShouldExecuteAction" storage="c:\workspace\personal\nzr.toolbox\dotnet\nzr.toolbox.core.tests\bin\debug\netcoreapp2.2\nzr.toolbox.core.tests.dll" id="fee75939-4381-ef54-486d-351d5845cf43">
      <Execution id="9e4183b7-472b-483e-9c30-3f9edd129231" />
      <TestMethod codeBase="C:\workspace\personal\Nzr.ToolBox\dotnet\Nzr.ToolBox.Core.Tests\bin\Debug\netcoreapp2.2\Nzr.ToolBox.Core.Tests.dll" adapterTypeName="executor://xunit/VsTestRunner2/netcoreapp" className="Nzr.ToolBox.Core.Tests.CollectionUtilsTests" name="Nzr.ToolBox.Core.Tests.CollectionUtilsTests.ForEach_WithList_ShouldExecuteAction" />
    </UnitTest>
    <UnitTest name="Nzr.ToolBox.Core.Tests.StringUtilsTest.IsAllBlank_WithNullOrBlankStrings_ShouldReturnTrue" storage="c:\workspace\personal\nzr.toolbox\dotnet\nzr.toolbox.core.tests\bin\debug\netcoreapp2.2\nzr.toolbox.core.tests.dll" id="f66c2c72-8186-4752-6374-d287cc46a9fe">
      <Execution id="f0811b14-a1ee-47d5-8d19-195b7d0cf0cf" />
      <TestMethod codeBase="C:\workspace\personal\Nzr.ToolBox\dotnet\Nzr.ToolBox.Core.Tests\bin\Debug\netcoreapp2.2\Nzr.ToolBox.Core.Tests.dll" adapterTypeName="executor://xunit/VsTestRunner2/netcoreapp" className="Nzr.ToolBox.Core.Tests.StringUtilsTest" name="Nzr.ToolBox.Core.Tests.StringUtilsTest.IsAllBlank_WithNullOrBlankStrings_ShouldReturnTrue" />
    </UnitTest>
    <UnitTest name="Nzr.ToolBox.Core.Tests.StringUtilsTest.IsAllEmpty_WithNullOrEmptyStrings_ShouldReturnTrue" storage="c:\workspace\personal\nzr.toolbox\dotnet\nzr.toolbox.core.tests\bin\debug\netcoreapp2.2\nzr.toolbox.core.tests.dll" id="4fc60e12-0185-2c5a-0a5f-4321c6a89099">
      <Execution id="c150409e-42e9-4974-8c87-053e404dfd2f" />
      <TestMethod codeBase="C:\workspace\personal\Nzr.ToolBox\dotnet\Nzr.ToolBox.Core.Tests\bin\Debug\netcoreapp2.2\Nzr.ToolBox.Core.Tests.dll" adapterTypeName="executor://xunit/VsTestRunner2/netcoreapp" className="Nzr.ToolBox.Core.Tests.StringUtilsTest" name="Nzr.ToolBox.Core.Tests.StringUtilsTest.IsAllEmpty_WithNullOrEmptyStrings_ShouldReturnTrue" />
    </UnitTest>
    <UnitTest name="Nzr.ToolBox.Core.Tests.CollectionUtilsTests.ForEach_WithNull_ShouldNotExecuteFunction" storage="c:\workspace\personal\nzr.toolbox\dotnet\nzr.toolbox.core.tests\bin\debug\netcoreapp2.2\nzr.toolbox.core.tests.dll" id="bd159b72-9284-1885-d99e-8e5744e9e126">
      <Execution id="f030bb4f-bba0-4af7-bed9-40221d89ae3d" />
      <TestMethod codeBase="C:\workspace\personal\Nzr.ToolBox\dotnet\Nzr.ToolBox.Core.Tests\bin\Debug\netcoreapp2.2\Nzr.ToolBox.Core.Tests.dll" adapterTypeName="executor://xunit/VsTestRunner2/netcoreapp" className="Nzr.ToolBox.Core.Tests.CollectionUtilsTests" name="Nzr.ToolBox.Core.Tests.CollectionUtilsTests.ForEach_WithNull_ShouldNotExecuteFunction" />
    </UnitTest>
    <UnitTest name="Nzr.ToolBox.Core.Tests.StringUtilsTest.IsEmpty_WithBlankString_ShouldReturnFalse" storage="c:\workspace\personal\nzr.toolbox\dotnet\nzr.toolbox.core.tests\bin\debug\netcoreapp2.2\nzr.toolbox.core.tests.dll" id="ccc6233d-7912-eee3-5bd9-e05a73d46c3c">
      <Execution id="6bd18f1b-3dcb-4684-aa35-eac80eaac972" />
      <TestMethod codeBase="C:\workspace\personal\Nzr.ToolBox\dotnet\Nzr.ToolBox.Core.Tests\bin\Debug\netcoreapp2.2\Nzr.ToolBox.Core.Tests.dll" adapterTypeName="executor://xunit/VsTestRunner2/netcoreapp" className="Nzr.ToolBox.Core.Tests.StringUtilsTest" name="Nzr.ToolBox.Core.Tests.StringUtilsTest.IsEmpty_WithBlankString_ShouldReturnFalse" />
    </UnitTest>
    <UnitTest name="Nzr.ToolBox.Core.Tests.StringUtilsTest.Prefix_WithExistingPrefix_ShouldNotAddPrefix" storage="c:\workspace\personal\nzr.toolbox\dotnet\nzr.toolbox.core.tests\bin\debug\netcoreapp2.2\nzr.toolbox.core.tests.dll" id="011a8669-96b9-3bc3-27c4-fe49bafbe5b9">
      <Execution id="8eaa1b4d-cd63-4958-a2a2-ee84b3e5a902" />
      <TestMethod codeBase="C:\workspace\personal\Nzr.ToolBox\dotnet\Nzr.ToolBox.Core.Tests\bin\Debug\netcoreapp2.2\Nzr.ToolBox.Core.Tests.dll" adapterTypeName="executor://xunit/VsTestRunner2/netcoreapp" className="Nzr.ToolBox.Core.Tests.StringUtilsTest" name="Nzr.ToolBox.Core.Tests.StringUtilsTest.Prefix_WithExistingPrefix_ShouldNotAddPrefix" />
    </UnitTest>
    <UnitTest name="Nzr.ToolBox.Core.Tests.StringUtilsTest.ContainsNone_WithStringContainingOneOfSubstring_ShouldReturnFalse" storage="c:\workspace\personal\nzr.toolbox\dotnet\nzr.toolbox.core.tests\bin\debug\netcoreapp2.2\nzr.toolbox.core.tests.dll" id="50f24cab-68bb-0a36-1c30-0ae9a001fb12">
      <Execution id="95f8224c-ca63-47b6-85e0-7accf9be6626" />
      <TestMethod codeBase="C:\workspace\personal\Nzr.ToolBox\dotnet\Nzr.ToolBox.Core.Tests\bin\Debug\netcoreapp2.2\Nzr.ToolBox.Core.Tests.dll" adapterTypeName="executor://xunit/VsTestRunner2/netcoreapp" className="Nzr.ToolBox.Core.Tests.StringUtilsTest" name="Nzr.ToolBox.Core.Tests.StringUtilsTest.ContainsNone_WithStringContainingOneOfSubstring_ShouldReturnFalse" />
    </UnitTest>
    <UnitTest name="Nzr.ToolBox.Core.Tests.CollectionUtilsTests.ContainsAll_WithNullSourceEnumerable_ShouldReturnTrue" storage="c:\workspace\personal\nzr.toolbox\dotnet\nzr.toolbox.core.tests\bin\debug\netcoreapp2.2\nzr.toolbox.core.tests.dll" id="897538ba-11dc-3a08-eecb-d0948a1cd8fe">
      <Execution id="9c27c6df-29ab-45df-910a-cc60181f6cc6" />
      <TestMethod codeBase="C:\workspace\personal\Nzr.ToolBox\dotnet\Nzr.ToolBox.Core.Tests\bin\Debug\netcoreapp2.2\Nzr.ToolBox.Core.Tests.dll" adapterTypeName="executor://xunit/VsTestRunner2/netcoreapp" className="Nzr.ToolBox.Core.Tests.CollectionUtilsTests" name="Nzr.ToolBox.Core.Tests.CollectionUtilsTests.ContainsAll_WithNullSourceEnumerable_ShouldReturnTrue" />
    </UnitTest>
    <UnitTest name="Nzr.ToolBox.Core.Tests.ObjectUtilsTest.RequireNonNull_WithNullWitCustomMessage_ShouldThrowExcetpionWithCustomMessage" storage="c:\workspace\personal\nzr.toolbox\dotnet\nzr.toolbox.core.tests\bin\debug\netcoreapp2.2\nzr.toolbox.core.tests.dll" id="bd59e0c8-65f6-24f7-250c-df15260ab31a">
      <Execution id="10a5cc37-64d8-426b-8199-8ac4eed1686f" />
      <TestMethod codeBase="C:\workspace\personal\Nzr.ToolBox\dotnet\Nzr.ToolBox.Core.Tests\bin\Debug\netcoreapp2.2\Nzr.ToolBox.Core.Tests.dll" adapterTypeName="executor://xunit/VsTestRunner2/netcoreapp" className="Nzr.ToolBox.Core.Tests.ObjectUtilsTest" name="Nzr.ToolBox.Core.Tests.ObjectUtilsTest.RequireNonNull_WithNullWitCustomMessage_ShouldThrowExcetpionWithCustomMessage" />
    </UnitTest>
    <UnitTest name="Nzr.ToolBox.Core.Tests.StringUtilsTest.IsNotNumber_WithNull_ShouldReturnTrue" storage="c:\workspace\personal\nzr.toolbox\dotnet\nzr.toolbox.core.tests\bin\debug\netcoreapp2.2\nzr.toolbox.core.tests.dll" id="eb0227c1-b25a-b6ec-c3b3-242fa974349b">
      <Execution id="ed627aa6-bf1b-4f19-80da-7cd6483304ce" />
      <TestMethod codeBase="C:\workspace\personal\Nzr.ToolBox\dotnet\Nzr.ToolBox.Core.Tests\bin\Debug\netcoreapp2.2\Nzr.ToolBox.Core.Tests.dll" adapterTypeName="executor://xunit/VsTestRunner2/netcoreapp" className="Nzr.ToolBox.Core.Tests.StringUtilsTest" name="Nzr.ToolBox.Core.Tests.StringUtilsTest.IsNotNumber_WithNull_ShouldReturnTrue" />
    </UnitTest>
    <UnitTest name="Nzr.ToolBox.Core.Tests.RandomUtilsTest.RandomLong_ShouldReturnUniqueValues(iterations: 10000, seed: null)" storage="c:\workspace\personal\nzr.toolbox\dotnet\nzr.toolbox.core.tests\bin\debug\netcoreapp2.2\nzr.toolbox.core.tests.dll" id="7e9381b8-1011-a83d-71c0-1a4700f44a6a">
      <Execution id="2c24fe83-5483-4b65-a706-00beb2d28f7b" />
      <TestMethod codeBase="C:\workspace\personal\Nzr.ToolBox\dotnet\Nzr.ToolBox.Core.Tests\bin\Debug\netcoreapp2.2\Nzr.ToolBox.Core.Tests.dll" adapterTypeName="executor://xunit/VsTestRunner2/netcoreapp" className="Nzr.ToolBox.Core.Tests.RandomUtilsTest" name="Nzr.ToolBox.Core.Tests.RandomUtilsTest.RandomLong_ShouldReturnUniqueValues(iterations: 10000, seed: null)" />
    </UnitTest>
    <UnitTest name="Nzr.ToolBox.Core.Tests.BooleanUtilsTests.IsAllTrue_WithOneFalseValue_ShouldReturnFalse" storage="c:\workspace\personal\nzr.toolbox\dotnet\nzr.toolbox.core.tests\bin\debug\netcoreapp2.2\nzr.toolbox.core.tests.dll" id="4d473892-3743-8866-0d73-fc4fe78c5f0e">
      <Execution id="010fa830-a03f-4b9f-8073-5017d35d32a6" />
      <TestMethod codeBase="C:\workspace\personal\Nzr.ToolBox\dotnet\Nzr.ToolBox.Core.Tests\bin\Debug\netcoreapp2.2\Nzr.ToolBox.Core.Tests.dll" adapterTypeName="executor://xunit/VsTestRunner2/netcoreapp" className="Nzr.ToolBox.Core.Tests.BooleanUtilsTests" name="Nzr.ToolBox.Core.Tests.BooleanUtilsTests.IsAllTrue_WithOneFalseValue_ShouldReturnFalse" />
    </UnitTest>
    <UnitTest name="Nzr.ToolBox.Core.Tests.CollectionUtilsTests.IsEmpty_WithEmpty_ShouldReturnTrue" storage="c:\workspace\personal\nzr.toolbox\dotnet\nzr.toolbox.core.tests\bin\debug\netcoreapp2.2\nzr.toolbox.core.tests.dll" id="8b06dbf8-2d8a-5226-9011-d08c484cab2f">
      <Execution id="79379561-1d5f-4547-b5e3-c88ad7e2e98d" />
      <TestMethod codeBase="C:\workspace\personal\Nzr.ToolBox\dotnet\Nzr.ToolBox.Core.Tests\bin\Debug\netcoreapp2.2\Nzr.ToolBox.Core.Tests.dll" adapterTypeName="executor://xunit/VsTestRunner2/netcoreapp" className="Nzr.ToolBox.Core.Tests.CollectionUtilsTests" name="Nzr.ToolBox.Core.Tests.CollectionUtilsTests.IsEmpty_WithEmpty_ShouldReturnTrue" />
    </UnitTest>
    <UnitTest name="Nzr.ToolBox.Core.Tests.StringUtilsTest.RemoveDiacritics_WithNull_ShouldReturnNull" storage="c:\workspace\personal\nzr.toolbox\dotnet\nzr.toolbox.core.tests\bin\debug\netcoreapp2.2\nzr.toolbox.core.tests.dll" id="23dfed38-6ff8-abe4-082e-3fdb4476dc12">
      <Execution id="06182d98-6724-4a40-bffe-2abe8328247d" />
      <TestMethod codeBase="C:\workspace\personal\Nzr.ToolBox\dotnet\Nzr.ToolBox.Core.Tests\bin\Debug\netcoreapp2.2\Nzr.ToolBox.Core.Tests.dll" adapterTypeName="executor://xunit/VsTestRunner2/netcoreapp" className="Nzr.ToolBox.Core.Tests.StringUtilsTest" name="Nzr.ToolBox.Core.Tests.StringUtilsTest.RemoveDiacritics_WithNull_ShouldReturnNull" />
    </UnitTest>
    <UnitTest name="Nzr.ToolBox.Core.Tests.StringUtilsTest.IsAllEmpty_WithOneNonEmpty_ShouldReturnFalse" storage="c:\workspace\personal\nzr.toolbox\dotnet\nzr.toolbox.core.tests\bin\debug\netcoreapp2.2\nzr.toolbox.core.tests.dll" id="1c25c6c6-b1fb-4092-255b-2ef33baa6d85">
      <Execution id="c96a4ac6-3217-455d-90b3-f4fac1059aa0" />
      <TestMethod codeBase="C:\workspace\personal\Nzr.ToolBox\dotnet\Nzr.ToolBox.Core.Tests\bin\Debug\netcoreapp2.2\Nzr.ToolBox.Core.Tests.dll" adapterTypeName="executor://xunit/VsTestRunner2/netcoreapp" className="Nzr.ToolBox.Core.Tests.StringUtilsTest" name="Nzr.ToolBox.Core.Tests.StringUtilsTest.IsAllEmpty_WithOneNonEmpty_ShouldReturnFalse" />
    </UnitTest>
    <UnitTest name="Nzr.ToolBox.Core.Tests.CollectionUtilsTests.ContainsAny_WithEnumerableAndSomeOfOtherElements_ShouldReturnTrue" storage="c:\workspace\personal\nzr.toolbox\dotnet\nzr.toolbox.core.tests\bin\debug\netcoreapp2.2\nzr.toolbox.core.tests.dll" id="2821175c-220a-922a-c241-441509e8a4e0">
      <Execution id="d69a300b-2a11-488c-80f2-a737bbd09ab9" />
      <TestMethod codeBase="C:\workspace\personal\Nzr.ToolBox\dotnet\Nzr.ToolBox.Core.Tests\bin\Debug\netcoreapp2.2\Nzr.ToolBox.Core.Tests.dll" adapterTypeName="executor://xunit/VsTestRunner2/netcoreapp" className="Nzr.ToolBox.Core.Tests.CollectionUtilsTests" name="Nzr.ToolBox.Core.Tests.CollectionUtilsTests.ContainsAny_WithEnumerableAndSomeOfOtherElements_ShouldReturnTrue" />
    </UnitTest>
    <UnitTest name="Nzr.ToolBox.Core.Tests.StringUtilsTest.Suffix_WithExistingSuffixAndOverride_ShouldAddSuffix" storage="c:\workspace\personal\nzr.toolbox\dotnet\nzr.toolbox.core.tests\bin\debug\netcoreapp2.2\nzr.toolbox.core.tests.dll" id="b634ef42-9b28-3107-af12-f47c9a5062cb">
      <Execution id="4a2e08a6-9e38-42cb-8d1d-dde7c4370bb7" />
      <TestMethod codeBase="C:\workspace\personal\Nzr.ToolBox\dotnet\Nzr.ToolBox.Core.Tests\bin\Debug\netcoreapp2.2\Nzr.ToolBox.Core.Tests.dll" adapterTypeName="executor://xunit/VsTestRunner2/netcoreapp" className="Nzr.ToolBox.Core.Tests.StringUtilsTest" name="Nzr.ToolBox.Core.Tests.StringUtilsTest.Suffix_WithExistingSuffixAndOverride_ShouldAddSuffix" />
    </UnitTest>
    <UnitTest name="Nzr.ToolBox.Core.Tests.RandomUtilsTest.RandomInt_ShouldReturnUniqueValues(iterations: 10000, seed: null)" storage="c:\workspace\personal\nzr.toolbox\dotnet\nzr.toolbox.core.tests\bin\debug\netcoreapp2.2\nzr.toolbox.core.tests.dll" id="d1e50dfe-89f9-2e1e-ee5f-3ce8755a7d24">
      <Execution id="d8596ec2-291b-458c-bfe9-d24640271f6a" />
      <TestMethod codeBase="C:\workspace\personal\Nzr.ToolBox\dotnet\Nzr.ToolBox.Core.Tests\bin\Debug\netcoreapp2.2\Nzr.ToolBox.Core.Tests.dll" adapterTypeName="executor://xunit/VsTestRunner2/netcoreapp" className="Nzr.ToolBox.Core.Tests.RandomUtilsTest" name="Nzr.ToolBox.Core.Tests.RandomUtilsTest.RandomInt_ShouldReturnUniqueValues(iterations: 10000, seed: null)" />
    </UnitTest>
    <UnitTest name="Nzr.ToolBox.Core.Tests.RandomUtilsTest.RandomFloat_ShouldReturnUniqueValues(iterations: 10000, seed: null)" storage="c:\workspace\personal\nzr.toolbox\dotnet\nzr.toolbox.core.tests\bin\debug\netcoreapp2.2\nzr.toolbox.core.tests.dll" id="f473e635-7655-edd1-44e6-2fcea27cde20">
      <Execution id="4215aee7-83de-4cee-8783-a789dfb4c079" />
      <TestMethod codeBase="C:\workspace\personal\Nzr.ToolBox\dotnet\Nzr.ToolBox.Core.Tests\bin\Debug\netcoreapp2.2\Nzr.ToolBox.Core.Tests.dll" adapterTypeName="executor://xunit/VsTestRunner2/netcoreapp" className="Nzr.ToolBox.Core.Tests.RandomUtilsTest" name="Nzr.ToolBox.Core.Tests.RandomUtilsTest.RandomFloat_ShouldReturnUniqueValues(iterations: 10000, seed: null)" />
    </UnitTest>
    <UnitTest name="Nzr.ToolBox.Core.Tests.StringUtilsTest.IsNotBlank_WithBlankString_ShouldReturnTrue" storage="c:\workspace\personal\nzr.toolbox\dotnet\nzr.toolbox.core.tests\bin\debug\netcoreapp2.2\nzr.toolbox.core.tests.dll" id="b334286c-9c15-1dd5-c77e-1b9fe030040e">
      <Execution id="21877192-6861-4ce0-94a4-608e5c5707d1" />
      <TestMethod codeBase="C:\workspace\personal\Nzr.ToolBox\dotnet\Nzr.ToolBox.Core.Tests\bin\Debug\netcoreapp2.2\Nzr.ToolBox.Core.Tests.dll" adapterTypeName="executor://xunit/VsTestRunner2/netcoreapp" className="Nzr.ToolBox.Core.Tests.StringUtilsTest" name="Nzr.ToolBox.Core.Tests.StringUtilsTest.IsNotBlank_WithBlankString_ShouldReturnTrue" />
    </UnitTest>
    <UnitTest name="Nzr.ToolBox.Core.Tests.RandomUtilsTest.RandomByte_ShouldReturnUniqueValues(iterations: 255, seed: null)" storage="c:\workspace\personal\nzr.toolbox\dotnet\nzr.toolbox.core.tests\bin\debug\netcoreapp2.2\nzr.toolbox.core.tests.dll" id="efac6178-2331-78d0-58dd-df1f5a698301">
      <Execution id="84cca99a-9252-4138-9c9d-fecd507156eb" />
      <TestMethod codeBase="C:\workspace\personal\Nzr.ToolBox\dotnet\Nzr.ToolBox.Core.Tests\bin\Debug\netcoreapp2.2\Nzr.ToolBox.Core.Tests.dll" adapterTypeName="executor://xunit/VsTestRunner2/netcoreapp" className="Nzr.ToolBox.Core.Tests.RandomUtilsTest" name="Nzr.ToolBox.Core.Tests.RandomUtilsTest.RandomByte_ShouldReturnUniqueValues(iterations: 255, seed: null)" />
    </UnitTest>
    <UnitTest name="Nzr.ToolBox.Core.Tests.StringUtilsTest.IsBlank_WithNullString_ShouldReturnTrue" storage="c:\workspace\personal\nzr.toolbox\dotnet\nzr.toolbox.core.tests\bin\debug\netcoreapp2.2\nzr.toolbox.core.tests.dll" id="f037f0e5-645a-5ce7-bffe-ad45531b131d">
      <Execution id="fd5db6f3-52c3-4e15-82bc-6eeffdd4a48c" />
      <TestMethod codeBase="C:\workspace\personal\Nzr.ToolBox\dotnet\Nzr.ToolBox.Core.Tests\bin\Debug\netcoreapp2.2\Nzr.ToolBox.Core.Tests.dll" adapterTypeName="executor://xunit/VsTestRunner2/netcoreapp" className="Nzr.ToolBox.Core.Tests.StringUtilsTest" name="Nzr.ToolBox.Core.Tests.StringUtilsTest.IsBlank_WithNullString_ShouldReturnTrue" />
    </UnitTest>
    <UnitTest name="Nzr.ToolBox.Core.Tests.BooleanUtilsTests.ToBool_WithNonPositiveString_ShouldReturnFalse(value: &quot;&quot;)" storage="c:\workspace\personal\nzr.toolbox\dotnet\nzr.toolbox.core.tests\bin\debug\netcoreapp2.2\nzr.toolbox.core.tests.dll" id="f35f6eae-a2f2-9704-db53-5b689fdd1bea">
      <Execution id="2dda91b7-5b6a-48c6-bdc3-6d330c20235e" />
      <TestMethod codeBase="C:\workspace\personal\Nzr.ToolBox\dotnet\Nzr.ToolBox.Core.Tests\bin\Debug\netcoreapp2.2\Nzr.ToolBox.Core.Tests.dll" adapterTypeName="executor://xunit/VsTestRunner2/netcoreapp" className="Nzr.ToolBox.Core.Tests.BooleanUtilsTests" name="Nzr.ToolBox.Core.Tests.BooleanUtilsTests.ToBool_WithNonPositiveString_ShouldReturnFalse(value: &quot;&quot;)" />
    </UnitTest>
    <UnitTest name="Nzr.ToolBox.Core.Tests.StringUtilsTest.DefaultIfBlank_WitEmptyString_ShouldReturnDefault" storage="c:\workspace\personal\nzr.toolbox\dotnet\nzr.toolbox.core.tests\bin\debug\netcoreapp2.2\nzr.toolbox.core.tests.dll" id="a412f5de-b33e-e409-c4ae-50c16bfae988">
      <Execution id="abeb03da-b5b6-4993-97c2-c54478360771" />
      <TestMethod codeBase="C:\workspace\personal\Nzr.ToolBox\dotnet\Nzr.ToolBox.Core.Tests\bin\Debug\netcoreapp2.2\Nzr.ToolBox.Core.Tests.dll" adapterTypeName="executor://xunit/VsTestRunner2/netcoreapp" className="Nzr.ToolBox.Core.Tests.StringUtilsTest" name="Nzr.ToolBox.Core.Tests.StringUtilsTest.DefaultIfBlank_WitEmptyString_ShouldReturnDefault" />
    </UnitTest>
    <UnitTest name="Nzr.ToolBox.Core.Tests.StringUtilsTest.IsNumber_WithNumeric_ShouldReturnTrue" storage="c:\workspace\personal\nzr.toolbox\dotnet\nzr.toolbox.core.tests\bin\debug\netcoreapp2.2\nzr.toolbox.core.tests.dll" id="5242f9b9-ee1f-923c-f0c3-d5fb3e0359c6">
      <Execution id="f17ec2e3-84a2-4c34-a456-364c1c5f776d" />
      <TestMethod codeBase="C:\workspace\personal\Nzr.ToolBox\dotnet\Nzr.ToolBox.Core.Tests\bin\Debug\netcoreapp2.2\Nzr.ToolBox.Core.Tests.dll" adapterTypeName="executor://xunit/VsTestRunner2/netcoreapp" className="Nzr.ToolBox.Core.Tests.StringUtilsTest" name="Nzr.ToolBox.Core.Tests.StringUtilsTest.IsNumber_WithNumeric_ShouldReturnTrue" />
    </UnitTest>
    <UnitTest name="Nzr.ToolBox.Core.Tests.StringUtilsTest.Suffix_WithNonExistingSuffix_ShouldAddSuffix" storage="c:\workspace\personal\nzr.toolbox\dotnet\nzr.toolbox.core.tests\bin\debug\netcoreapp2.2\nzr.toolbox.core.tests.dll" id="c7cdf179-33e4-784c-82e2-b5da92e111f8">
      <Execution id="814b0dfd-ef9f-4c95-a2b9-d94ea394f50a" />
      <TestMethod codeBase="C:\workspace\personal\Nzr.ToolBox\dotnet\Nzr.ToolBox.Core.Tests\bin\Debug\netcoreapp2.2\Nzr.ToolBox.Core.Tests.dll" adapterTypeName="executor://xunit/VsTestRunner2/netcoreapp" className="Nzr.ToolBox.Core.Tests.StringUtilsTest" name="Nzr.ToolBox.Core.Tests.StringUtilsTest.Suffix_WithNonExistingSuffix_ShouldAddSuffix" />
    </UnitTest>
    <UnitTest name="Nzr.ToolBox.Core.Tests.CollectionUtilsTests.ContainsAny_WithNullRefEnumerable_ShouldReturnFalse" storage="c:\workspace\personal\nzr.toolbox\dotnet\nzr.toolbox.core.tests\bin\debug\netcoreapp2.2\nzr.toolbox.core.tests.dll" id="185eb6a1-d1e2-a7ae-f655-06a68724793c">
      <Execution id="8b70c7ea-e895-41a6-a3c2-6e36bb8169af" />
      <TestMethod codeBase="C:\workspace\personal\Nzr.ToolBox\dotnet\Nzr.ToolBox.Core.Tests\bin\Debug\netcoreapp2.2\Nzr.ToolBox.Core.Tests.dll" adapterTypeName="executor://xunit/VsTestRunner2/netcoreapp" className="Nzr.ToolBox.Core.Tests.CollectionUtilsTests" name="Nzr.ToolBox.Core.Tests.CollectionUtilsTests.ContainsAny_WithNullRefEnumerable_ShouldReturnFalse" />
    </UnitTest>
    <UnitTest name="Nzr.ToolBox.Core.Tests.StringUtilsTest.IsAllBlank_WithNullStrings_ShouldReturnTrue" storage="c:\workspace\personal\nzr.toolbox\dotnet\nzr.toolbox.core.tests\bin\debug\netcoreapp2.2\nzr.toolbox.core.tests.dll" id="7d18c862-cf05-abcb-0928-990c2f1e2fc6">
      <Execution id="e566343d-6a78-478a-bc46-db145791dc11" />
      <TestMethod codeBase="C:\workspace\personal\Nzr.ToolBox\dotnet\Nzr.ToolBox.Core.Tests\bin\Debug\netcoreapp2.2\Nzr.ToolBox.Core.Tests.dll" adapterTypeName="executor://xunit/VsTestRunner2/netcoreapp" className="Nzr.ToolBox.Core.Tests.StringUtilsTest" name="Nzr.ToolBox.Core.Tests.StringUtilsTest.IsAllBlank_WithNullStrings_ShouldReturnTrue" />
    </UnitTest>
    <UnitTest name="Nzr.ToolBox.Core.Tests.ObjectUtilsTest.IsAnyNonNull_WithOneNonNull_ShouldReturnTrue" storage="c:\workspace\personal\nzr.toolbox\dotnet\nzr.toolbox.core.tests\bin\debug\netcoreapp2.2\nzr.toolbox.core.tests.dll" id="e47e56e9-5385-922b-8aae-4a5f9fc8708e">
      <Execution id="2346b569-446e-40a6-b241-5df2ac2db637" />
      <TestMethod codeBase="C:\workspace\personal\Nzr.ToolBox\dotnet\Nzr.ToolBox.Core.Tests\bin\Debug\netcoreapp2.2\Nzr.ToolBox.Core.Tests.dll" adapterTypeName="executor://xunit/VsTestRunner2/netcoreapp" className="Nzr.ToolBox.Core.Tests.ObjectUtilsTest" name="Nzr.ToolBox.Core.Tests.ObjectUtilsTest.IsAnyNonNull_WithOneNonNull_ShouldReturnTrue" />
    </UnitTest>
  </TestDefinitions>
  <TestEntries>
    <TestEntry testId="dac9dc92-a823-6cea-bf4c-1b3253c3dca3" executionId="20a24ff4-dfc6-4b90-bf92-ac90fd65a1b1" testListId="8c84fa94-04c1-424b-9868-57a2d4851a1d" />
    <TestEntry testId="2e474251-5f54-ef3f-b13d-35076f43dc38" executionId="1a85defe-e8e2-4663-b6fb-7f991671953f" testListId="8c84fa94-04c1-424b-9868-57a2d4851a1d" />
    <TestEntry testId="dbff4c7a-b8c7-3550-f81a-813f19773541" executionId="cab1609c-c923-4c03-b842-35cd3725b01b" testListId="8c84fa94-04c1-424b-9868-57a2d4851a1d" />
    <TestEntry testId="f17c6f13-62c6-75d6-4586-0ee5d254add5" executionId="1a95a21e-cd55-4109-ba50-f6b17d7a124f" testListId="8c84fa94-04c1-424b-9868-57a2d4851a1d" />
    <TestEntry testId="7bbc11f3-00e0-acc2-4df2-e8e0d97bb209" executionId="0e3744cc-066e-41b0-8055-737c8fbb5f16" testListId="8c84fa94-04c1-424b-9868-57a2d4851a1d" />
    <TestEntry testId="265af543-0d1a-56da-e209-7d56a3acc7da" executionId="6c179428-2345-4746-9b68-fa9b26b67bff" testListId="8c84fa94-04c1-424b-9868-57a2d4851a1d" />
    <TestEntry testId="7f60703b-ccac-d67a-af2c-d0f5218965ff" executionId="8f2db170-724b-460c-89e7-51870f84acab" testListId="8c84fa94-04c1-424b-9868-57a2d4851a1d" />
    <TestEntry testId="6fbbc600-2200-4b3a-d83e-2d0b6029d73a" executionId="ef7af44a-ae8e-4c6b-97c4-b1b61b4b020b" testListId="8c84fa94-04c1-424b-9868-57a2d4851a1d" />
    <TestEntry testId="60b85a90-aaf8-7e93-2f6c-9526d81382d3" executionId="e0e50927-5518-4011-a68e-f104678e9bb1" testListId="8c84fa94-04c1-424b-9868-57a2d4851a1d" />
    <TestEntry testId="d28a0297-760c-4cec-387e-c15f0b69f3a0" executionId="7b0bc70e-0dd0-41c2-9203-cbc139853978" testListId="8c84fa94-04c1-424b-9868-57a2d4851a1d" />
    <TestEntry testId="48caecef-a5fa-613e-d718-f1276bb5ba57" executionId="28288e6e-37cb-4ca2-81a6-203260e56e4f" testListId="8c84fa94-04c1-424b-9868-57a2d4851a1d" />
    <TestEntry testId="1d7cc1dd-bfaa-4d32-a622-84b65b12bf5d" executionId="8c8eea42-dfdb-4251-b03f-396f349b2ccf" testListId="8c84fa94-04c1-424b-9868-57a2d4851a1d" />
    <TestEntry testId="6bf46c1e-b943-b7c7-5a0c-85c17aef903c" executionId="bb3d779f-ae02-44a3-b93f-568dcd9f9bbd" testListId="8c84fa94-04c1-424b-9868-57a2d4851a1d" />
    <TestEntry testId="3d424701-5226-50f9-524c-4e51fbb2a07f" executionId="a60281ae-357b-4ce0-bc72-9e87e02afc95" testListId="8c84fa94-04c1-424b-9868-57a2d4851a1d" />
    <TestEntry testId="c86af186-3a97-3d11-9fd7-06dc90451dd3" executionId="10eeb367-a8b7-4bab-9dc1-f56a1feadd4a" testListId="8c84fa94-04c1-424b-9868-57a2d4851a1d" />
    <TestEntry testId="52dad561-c47f-93be-598b-ab4dd10490eb" executionId="a4893554-bf8a-49d3-8df4-196dfd8a2bb1" testListId="8c84fa94-04c1-424b-9868-57a2d4851a1d" />
    <TestEntry testId="fea88c74-eaa4-e751-b2f0-898db2073835" executionId="313735ed-b176-4a99-980b-cdcaf215ae6c" testListId="8c84fa94-04c1-424b-9868-57a2d4851a1d" />
    <TestEntry testId="897538ba-11dc-3a08-eecb-d0948a1cd8fe" executionId="9c27c6df-29ab-45df-910a-cc60181f6cc6" testListId="8c84fa94-04c1-424b-9868-57a2d4851a1d" />
    <TestEntry testId="82b6aab1-e835-8e28-1aa8-e6764ddd6ce8" executionId="68ec32cf-1c17-479d-ab41-52f0a6d6f2ad" testListId="8c84fa94-04c1-424b-9868-57a2d4851a1d" />
    <TestEntry testId="045fcd17-dfed-1627-66be-e391ac5023f4" executionId="2de88dba-9817-4867-abab-fbc17ce936d9" testListId="8c84fa94-04c1-424b-9868-57a2d4851a1d" />
    <TestEntry testId="b950fa42-ed92-dfa2-1b7a-99f41db426b6" executionId="a12dae8b-2921-4fdd-bc38-8d38a500a004" testListId="8c84fa94-04c1-424b-9868-57a2d4851a1d" />
    <TestEntry testId="22bfdebd-96a0-0b21-9eb3-2ebda1d58ee2" executionId="07239d74-0aa5-48a0-bd0c-d33e3b90e8ba" testListId="8c84fa94-04c1-424b-9868-57a2d4851a1d" />
    <TestEntry testId="14b6413c-e1eb-0334-1dc2-58a621540c17" executionId="06578e5a-d1b4-4aa0-8006-b69e177941c0" testListId="8c84fa94-04c1-424b-9868-57a2d4851a1d" />
    <TestEntry testId="625b6eef-9fde-b5ef-1db7-16257d35bad4" executionId="2acc9e01-6be7-4fd8-bd3b-f606f1384e1e" testListId="8c84fa94-04c1-424b-9868-57a2d4851a1d" />
    <TestEntry testId="98b1c38a-5944-2142-0122-daf0761a7b67" executionId="4da401a9-6cb9-4260-ad26-2bac055b033f" testListId="8c84fa94-04c1-424b-9868-57a2d4851a1d" />
    <TestEntry testId="4fc60e12-0185-2c5a-0a5f-4321c6a89099" executionId="c150409e-42e9-4974-8c87-053e404dfd2f" testListId="8c84fa94-04c1-424b-9868-57a2d4851a1d" />
    <TestEntry testId="67ba80d0-ee46-5ac8-0538-37c6daf3607e" executionId="bd1e4a95-c173-465f-9afc-075390057153" testListId="8c84fa94-04c1-424b-9868-57a2d4851a1d" />
    <TestEntry testId="017f2681-1481-dbaa-ea0e-6a10d0c9b02d" executionId="b3d7a301-0d93-405b-9eb8-2efbfb40906d" testListId="8c84fa94-04c1-424b-9868-57a2d4851a1d" />
    <TestEntry testId="39856355-a5fb-aec1-b06d-ff7431c95990" executionId="494b23ba-e941-4066-89f1-eb2d521eb7b9" testListId="8c84fa94-04c1-424b-9868-57a2d4851a1d" />
    <TestEntry testId="2fe27f4d-780b-bc6e-57d1-a34e746519d2" executionId="d3d1799a-3f60-49c8-90e6-dc550a89c516" testListId="8c84fa94-04c1-424b-9868-57a2d4851a1d" />
    <TestEntry testId="e47e56e9-5385-922b-8aae-4a5f9fc8708e" executionId="2346b569-446e-40a6-b241-5df2ac2db637" testListId="8c84fa94-04c1-424b-9868-57a2d4851a1d" />
    <TestEntry testId="c503249d-5537-fc1c-c402-620be402a09c" executionId="6246d19b-e362-4ab8-b0bc-d11353b166eb" testListId="8c84fa94-04c1-424b-9868-57a2d4851a1d" />
    <TestEntry testId="7b7495d8-e0d9-d205-be09-e167ea98fa50" executionId="8a2b9d09-5d76-45da-b2f5-2cc3d190cb0b" testListId="8c84fa94-04c1-424b-9868-57a2d4851a1d" />
    <TestEntry testId="7437cae0-313c-688c-b0a7-4e994a4fbb85" executionId="7ae0af37-da8e-4695-9083-eb5f5d2bd2a5" testListId="8c84fa94-04c1-424b-9868-57a2d4851a1d" />
    <TestEntry testId="8668c16e-2e8c-3717-0d40-dca4b94235b7" executionId="83c5129b-166a-4eb7-9138-b7907b26b75d" testListId="8c84fa94-04c1-424b-9868-57a2d4851a1d" />
    <TestEntry testId="cdc95a43-d3d9-ea09-2bf0-c5d1cc0a2f68" executionId="0b107e66-9d73-4304-baec-608efd16c88e" testListId="8c84fa94-04c1-424b-9868-57a2d4851a1d" />
    <TestEntry testId="4d473892-3743-8866-0d73-fc4fe78c5f0e" executionId="010fa830-a03f-4b9f-8073-5017d35d32a6" testListId="8c84fa94-04c1-424b-9868-57a2d4851a1d" />
    <TestEntry testId="c068e1c4-6913-d79e-f58c-fd0cdae20144" executionId="b2bb1dcc-ef31-4edc-b8e4-09a268b98787" testListId="8c84fa94-04c1-424b-9868-57a2d4851a1d" />
    <TestEntry testId="f3c32f73-938b-755c-965c-616e71f330bf" executionId="45832b3a-be0d-4638-a323-0569765c811c" testListId="8c84fa94-04c1-424b-9868-57a2d4851a1d" />
    <TestEntry testId="70966e50-d79f-4259-d654-7885bec2e3ae" executionId="40b0862d-e95d-42d7-957b-1d728c0d1601" testListId="8c84fa94-04c1-424b-9868-57a2d4851a1d" />
    <TestEntry testId="39187814-7948-31bd-4290-daef6ab2e603" executionId="b0251b23-395e-4c35-8308-101e2e8c7449" testListId="8c84fa94-04c1-424b-9868-57a2d4851a1d" />
    <TestEntry testId="8735994f-5f9e-38e3-dd8d-e45cd5a00faf" executionId="c5947211-cf99-4a01-934b-631f24bddc51" testListId="8c84fa94-04c1-424b-9868-57a2d4851a1d" />
    <TestEntry testId="78387f85-e5e6-fa65-b4de-446c8486e80c" executionId="bf0e8bd1-f4b4-45bc-bfa1-05820c63558d" testListId="8c84fa94-04c1-424b-9868-57a2d4851a1d" />
    <TestEntry testId="7afb5e69-89d1-7f64-d310-d8ca755d44a5" executionId="8f7ee7ba-555e-4890-9d1f-f0a5108bf04b" testListId="8c84fa94-04c1-424b-9868-57a2d4851a1d" />
    <TestEntry testId="f037f0e5-645a-5ce7-bffe-ad45531b131d" executionId="fd5db6f3-52c3-4e15-82bc-6eeffdd4a48c" testListId="8c84fa94-04c1-424b-9868-57a2d4851a1d" />
    <TestEntry testId="1dfcddc7-2376-1f70-3151-1b7cb4b3c7c1" executionId="4f2001c6-2a8b-4e50-bd58-5950d5450216" testListId="8c84fa94-04c1-424b-9868-57a2d4851a1d" />
    <TestEntry testId="a8aeaf6c-55aa-4255-8afb-adec0e7c74a8" executionId="f68cdb73-c917-4a27-a56c-5e9f70dd9a16" testListId="8c84fa94-04c1-424b-9868-57a2d4851a1d" />
    <TestEntry testId="2fe5b4ab-f3f5-15bc-6481-7df383a0aa00" executionId="99b708aa-0a59-4c35-8271-5f4e2228ed01" testListId="8c84fa94-04c1-424b-9868-57a2d4851a1d" />
    <TestEntry testId="fee75939-4381-ef54-486d-351d5845cf43" executionId="9e4183b7-472b-483e-9c30-3f9edd129231" testListId="8c84fa94-04c1-424b-9868-57a2d4851a1d" />
    <TestEntry testId="8851b8ca-4481-2bea-be87-f6ae65909b6d" executionId="c721248c-887a-4318-bcdc-ef53856ad7ea" testListId="8c84fa94-04c1-424b-9868-57a2d4851a1d" />
    <TestEntry testId="f54f88da-7c5b-63a5-454a-c31c248124f8" executionId="4e9ba0fc-30b3-499a-a066-42a9674c3c9c" testListId="8c84fa94-04c1-424b-9868-57a2d4851a1d" />
    <TestEntry testId="ccc6233d-7912-eee3-5bd9-e05a73d46c3c" executionId="6bd18f1b-3dcb-4684-aa35-eac80eaac972" testListId="8c84fa94-04c1-424b-9868-57a2d4851a1d" />
    <TestEntry testId="f92e77b4-ee0e-9f1a-2342-b94f560f0dac" executionId="06449a6f-5b4d-4438-bda7-cb737a0d5034" testListId="8c84fa94-04c1-424b-9868-57a2d4851a1d" />
    <TestEntry testId="7105bf79-1b8a-62bc-ff30-e967b860c8fb" executionId="52416a83-e195-48d5-8c99-d82a30b64340" testListId="8c84fa94-04c1-424b-9868-57a2d4851a1d" />
    <TestEntry testId="75d1fee2-de8d-1cd6-eaa6-403797b3cf12" executionId="e407f422-4931-4317-a0a4-d4866df1cc38" testListId="8c84fa94-04c1-424b-9868-57a2d4851a1d" />
    <TestEntry testId="cfdd33be-da19-c14d-63fe-484c25830585" executionId="d9bd7e99-874f-4385-a055-4dfa53889ee7" testListId="8c84fa94-04c1-424b-9868-57a2d4851a1d" />
    <TestEntry testId="2084ff50-0c57-008d-1c5e-051f3c6d2a19" executionId="df1320a6-60f6-4e84-9fb9-a8dc8ebaceac" testListId="8c84fa94-04c1-424b-9868-57a2d4851a1d" />
    <TestEntry testId="2c201a1d-9f85-d5be-eef4-f589b3eee5e9" executionId="2790cb47-49bb-49b1-9c40-e049c8ddad1e" testListId="8c84fa94-04c1-424b-9868-57a2d4851a1d" />
    <TestEntry testId="105843c0-8d25-e16e-687e-24c0c02b7966" executionId="3001d511-5630-46df-8ba1-1dfacea573a4" testListId="8c84fa94-04c1-424b-9868-57a2d4851a1d" />
    <TestEntry testId="9a91ff0d-5561-cbe9-f49d-60edb014a514" executionId="e1c591c7-a493-4bfa-b2a4-abf5f38fea0d" testListId="8c84fa94-04c1-424b-9868-57a2d4851a1d" />
    <TestEntry testId="f69da90d-10ac-e902-c8cf-752cc6502d57" executionId="542969a9-dd94-4057-a210-2ad997a1eb1b" testListId="8c84fa94-04c1-424b-9868-57a2d4851a1d" />
    <TestEntry testId="fbdaa9da-fa50-bdbe-26ce-99c244b40305" executionId="4c3254ad-d009-495d-8b17-13347b3ed5f1" testListId="8c84fa94-04c1-424b-9868-57a2d4851a1d" />
    <TestEntry testId="7e6b2287-0f2b-eed8-29a1-fa6a6b5f85fd" executionId="afb18066-93cf-48a6-8bf7-2cf90369297a" testListId="8c84fa94-04c1-424b-9868-57a2d4851a1d" />
    <TestEntry testId="6b882545-0a6d-aed1-f25f-b5bd7a59a2f3" executionId="1c984035-6e48-44eb-abd4-8d474b93a0ad" testListId="8c84fa94-04c1-424b-9868-57a2d4851a1d" />
    <TestEntry testId="742450a8-e573-0feb-532b-212dbe3a2108" executionId="46cfb340-f4cb-422c-824f-942c8dbc728d" testListId="8c84fa94-04c1-424b-9868-57a2d4851a1d" />
    <TestEntry testId="19186bcb-3af3-b5ce-1c9e-381f7e643b61" executionId="4fa61eca-4983-477f-805d-9d8ac4ae8583" testListId="8c84fa94-04c1-424b-9868-57a2d4851a1d" />
    <TestEntry testId="4d537f97-5a8f-3fc0-24c7-b07e074344e7" executionId="58df127b-1ee6-4900-bc73-5431ae1e311e" testListId="8c84fa94-04c1-424b-9868-57a2d4851a1d" />
    <TestEntry testId="357dbec3-6c88-60fc-92df-88a3a0d59998" executionId="85724841-9ba9-4706-a50c-7420792fea1b" testListId="8c84fa94-04c1-424b-9868-57a2d4851a1d" />
    <TestEntry testId="847d8ff3-d803-cf60-f02c-496786a7423f" executionId="f626a741-dc72-4da4-a72e-b789bfb8b011" testListId="8c84fa94-04c1-424b-9868-57a2d4851a1d" />
    <TestEntry testId="efac6178-2331-78d0-58dd-df1f5a698301" executionId="84cca99a-9252-4138-9c9d-fecd507156eb" testListId="8c84fa94-04c1-424b-9868-57a2d4851a1d" />
    <TestEntry testId="86f11f10-11c9-c8c1-f01b-fcc3e3965aaf" executionId="94a892f9-3261-4cc3-a96d-5708ef2d3ff2" testListId="8c84fa94-04c1-424b-9868-57a2d4851a1d" />
    <TestEntry testId="d6c3c325-4119-8dd1-476b-5d0386c6cccf" executionId="befc3555-53db-44fc-ac24-1cf2f314e720" testListId="8c84fa94-04c1-424b-9868-57a2d4851a1d" />
    <TestEntry testId="dc5791cb-7903-211e-65c9-770b2ab7868e" executionId="887ea2fe-be2a-4d1d-abf6-26df0f710bc4" testListId="8c84fa94-04c1-424b-9868-57a2d4851a1d" />
    <TestEntry testId="aa3a386d-4e0e-5a63-1b9c-2e9bdb13caac" executionId="b8fee3a7-fa44-4719-a4f9-4b79300a4b21" testListId="8c84fa94-04c1-424b-9868-57a2d4851a1d" />
    <TestEntry testId="48363db6-7d73-92e2-7a0b-07d8a9dcb62e" executionId="e7746d7b-f28e-4c50-8e0f-24f963847774" testListId="8c84fa94-04c1-424b-9868-57a2d4851a1d" />
    <TestEntry testId="df159263-51bd-d891-b020-758bba5e657f" executionId="b84dee89-213c-4a59-976b-368c1198b0a5" testListId="8c84fa94-04c1-424b-9868-57a2d4851a1d" />
    <TestEntry testId="f681d49e-3f25-06a7-6205-1c8f2398b635" executionId="1e99ad52-ad7e-457c-a176-16c209a2077f" testListId="8c84fa94-04c1-424b-9868-57a2d4851a1d" />
    <TestEntry testId="28ef9235-5d17-493e-f387-17901bee93d7" executionId="5bdbf787-a7e8-415e-aaae-1f28d0e084e6" testListId="8c84fa94-04c1-424b-9868-57a2d4851a1d" />
    <TestEntry testId="11a672c1-3304-329d-6cef-40a099ed2b03" executionId="e6a5d664-ab41-429a-8f2d-5bfb1f73ccb7" testListId="8c84fa94-04c1-424b-9868-57a2d4851a1d" />
    <TestEntry testId="474289fd-78a2-44f4-466e-fab96cf061fe" executionId="6f6bf01e-e768-4beb-8f86-3fb7ba5658ac" testListId="8c84fa94-04c1-424b-9868-57a2d4851a1d" />
    <TestEntry testId="d6c18a40-784b-6849-0320-923e0a1eba0e" executionId="e4e06e33-2853-41b8-9258-55e3b3a35514" testListId="8c84fa94-04c1-424b-9868-57a2d4851a1d" />
    <TestEntry testId="9395d62a-bb73-ed55-16b7-2f3d5b4afa0d" executionId="a27435f3-53f5-4eec-a4c0-1f59ce8a0dc0" testListId="8c84fa94-04c1-424b-9868-57a2d4851a1d" />
    <TestEntry testId="8b06dbf8-2d8a-5226-9011-d08c484cab2f" executionId="79379561-1d5f-4547-b5e3-c88ad7e2e98d" testListId="8c84fa94-04c1-424b-9868-57a2d4851a1d" />
    <TestEntry testId="c6c7d0b1-8655-bb37-7b06-f95f79a47486" executionId="9e772b6a-c7c1-40a1-aff8-1c55e5340d3f" testListId="8c84fa94-04c1-424b-9868-57a2d4851a1d" />
    <TestEntry testId="ef6ada67-330a-0b9a-effa-9092d4393f41" executionId="0a41968c-5147-497c-94c5-2189e65e679b" testListId="8c84fa94-04c1-424b-9868-57a2d4851a1d" />
    <TestEntry testId="39dfd282-5fe4-ceef-3391-cce4f58db31f" executionId="f15931ee-eabc-4e9b-a9ed-8ca13e717022" testListId="8c84fa94-04c1-424b-9868-57a2d4851a1d" />
    <TestEntry testId="16e225c7-ff41-4d1e-ea8a-a910d30a164b" executionId="9368263e-d8d0-4a69-815e-2e5ae8d64ec9" testListId="8c84fa94-04c1-424b-9868-57a2d4851a1d" />
    <TestEntry testId="3c08c190-08d7-dfc9-ae9e-484d70f645bc" executionId="bae76169-7220-46d7-a298-de01127f7b10" testListId="8c84fa94-04c1-424b-9868-57a2d4851a1d" />
    <TestEntry testId="f5642f76-0883-ad8b-d556-29e3eb347cee" executionId="4ee0d6bf-a1a4-43c3-9da5-71d9f314830f" testListId="8c84fa94-04c1-424b-9868-57a2d4851a1d" />
    <TestEntry testId="4a5c20cb-2c1d-4475-6cd5-7c6e3e33b758" executionId="b53c1347-9811-414c-97ef-43bee8c99b7b" testListId="8c84fa94-04c1-424b-9868-57a2d4851a1d" />
    <TestEntry testId="ef1cb9b1-5ade-bdda-d597-f65de556664c" executionId="73026ddf-e85e-4040-bd8f-97a4ba59a30c" testListId="8c84fa94-04c1-424b-9868-57a2d4851a1d" />
    <TestEntry testId="3c116de1-cd29-a2eb-b3ef-190f69cec8ec" executionId="a9bf3b26-3382-44d0-997c-1a356cf4567f" testListId="8c84fa94-04c1-424b-9868-57a2d4851a1d" />
    <TestEntry testId="db495440-895e-2929-0413-74f28674d8ff" executionId="195d6089-7934-4917-8642-9e7b91860ab0" testListId="8c84fa94-04c1-424b-9868-57a2d4851a1d" />
    <TestEntry testId="b39dab9a-0d55-2e3f-5d47-ce0f5ed831f6" executionId="e16178ca-65ed-4b1f-9d56-159a21e61673" testListId="8c84fa94-04c1-424b-9868-57a2d4851a1d" />
    <TestEntry testId="e8ec249d-dc87-2471-df22-5e2bd5f5cfd6" executionId="4115f9d1-d5fe-42b7-bc3d-0f11eb0e2cd5" testListId="8c84fa94-04c1-424b-9868-57a2d4851a1d" />
    <TestEntry testId="8cfb34fe-4adc-92b2-4e95-dd104149bccb" executionId="4f6c5bea-60aa-4b04-a751-6d132b6dd6ca" testListId="8c84fa94-04c1-424b-9868-57a2d4851a1d" />
    <TestEntry testId="b89dea80-2b79-97b6-0fdd-76dc58be24ef" executionId="18df4970-2a17-4fae-8640-2c632bc5b4a4" testListId="8c84fa94-04c1-424b-9868-57a2d4851a1d" />
    <TestEntry testId="a8873542-1747-c963-22ae-667f3818d7ed" executionId="99e61f1e-7a8a-46aa-97d0-af1b536f326e" testListId="8c84fa94-04c1-424b-9868-57a2d4851a1d" />
    <TestEntry testId="3b3f03b2-7036-9975-1ea0-fbee6b6a40d0" executionId="91f5131d-5e57-4939-9eed-eec1f855ff45" testListId="8c84fa94-04c1-424b-9868-57a2d4851a1d" />
    <TestEntry testId="81f4be93-f58a-fe7a-4fed-525380a4a47a" executionId="c048edeb-0648-4176-ac01-442adc77074f" testListId="8c84fa94-04c1-424b-9868-57a2d4851a1d" />
    <TestEntry testId="e397fe5c-dda2-b97d-97d4-6dd12c3d68a3" executionId="b94196e8-c7e5-4474-8166-e620014b8b60" testListId="8c84fa94-04c1-424b-9868-57a2d4851a1d" />
    <TestEntry testId="4b89d93e-7058-25e8-68ff-2910059c6bc1" executionId="31994e93-3dd3-4efa-9b6d-f788c90e99a9" testListId="8c84fa94-04c1-424b-9868-57a2d4851a1d" />
    <TestEntry testId="21d2f5b5-8824-b5dc-5b55-bc862d5c638c" executionId="a17009a1-0056-4da1-ada5-c808715911ba" testListId="8c84fa94-04c1-424b-9868-57a2d4851a1d" />
    <TestEntry testId="b334286c-9c15-1dd5-c77e-1b9fe030040e" executionId="21877192-6861-4ce0-94a4-608e5c5707d1" testListId="8c84fa94-04c1-424b-9868-57a2d4851a1d" />
    <TestEntry testId="a17b2044-60f5-4812-5bc4-2de8d6ca5463" executionId="45956acd-b1d0-4006-afc7-adb7f1f26a58" testListId="8c84fa94-04c1-424b-9868-57a2d4851a1d" />
    <TestEntry testId="0d7388ec-535d-bdbd-7333-2708e1a2ca4e" executionId="70698891-e50b-4cf5-9a5f-25d9bb4cfcc9" testListId="8c84fa94-04c1-424b-9868-57a2d4851a1d" />
    <TestEntry testId="3c6ff78b-37a5-1893-6545-c9982c97f098" executionId="90ccb264-88d9-47e9-bfc4-a2f2146e7695" testListId="8c84fa94-04c1-424b-9868-57a2d4851a1d" />
    <TestEntry testId="164b891a-cd2a-f888-7f37-eb0e28476c0f" executionId="24eff2a9-d21d-4cba-b9d3-311014e92789" testListId="8c84fa94-04c1-424b-9868-57a2d4851a1d" />
    <TestEntry testId="6b51fd93-cfcb-0aea-d26c-8be65f40eb5a" executionId="a5b2898a-d849-43db-8eed-7cab31fdbb1c" testListId="8c84fa94-04c1-424b-9868-57a2d4851a1d" />
    <TestEntry testId="10c60c49-fc34-a570-7e27-f72cbc125676" executionId="045d6f22-bc37-4669-82da-304e34548a9f" testListId="8c84fa94-04c1-424b-9868-57a2d4851a1d" />
    <TestEntry testId="bd4840b2-65f4-1738-f51a-39c1c1a95ff4" executionId="26552c47-82a1-4348-acbc-a5e8dda4bb6a" testListId="8c84fa94-04c1-424b-9868-57a2d4851a1d" />
    <TestEntry testId="f97de579-490f-3478-7018-3655f4bebed4" executionId="b380bdfa-a4a6-4046-99c7-360ea3bc5ce4" testListId="8c84fa94-04c1-424b-9868-57a2d4851a1d" />
    <TestEntry testId="472f486e-769d-9d63-2be1-4ee1c9a10ec8" executionId="44ad76b7-0110-435c-b1da-c008da9e9f42" testListId="8c84fa94-04c1-424b-9868-57a2d4851a1d" />
    <TestEntry testId="e7c5d70f-845a-794e-5db5-61ecf0bcf4a3" executionId="0053dfac-df79-4de9-be29-487e72f31415" testListId="8c84fa94-04c1-424b-9868-57a2d4851a1d" />
    <TestEntry testId="b5c65171-5bde-d993-6882-e95aac21805c" executionId="c7f0fac5-d01d-491f-86ba-2ecf7f2e1d1d" testListId="8c84fa94-04c1-424b-9868-57a2d4851a1d" />
    <TestEntry testId="7d18c862-cf05-abcb-0928-990c2f1e2fc6" executionId="e566343d-6a78-478a-bc46-db145791dc11" testListId="8c84fa94-04c1-424b-9868-57a2d4851a1d" />
    <TestEntry testId="79e2a514-0ea2-3daf-f0aa-1fc63dbc9aa2" executionId="4396aae2-d2a2-48c8-9165-0c9ad404ed1d" testListId="8c84fa94-04c1-424b-9868-57a2d4851a1d" />
    <TestEntry testId="13153add-9bc0-f723-33ce-d424523eb081" executionId="be388c62-cdbb-4ecc-add8-b4629e4290e5" testListId="8c84fa94-04c1-424b-9868-57a2d4851a1d" />
    <TestEntry testId="04deb678-c0aa-afd7-f73a-807625f6aa4a" executionId="3e006236-052c-4a15-b6ed-57eab442f96f" testListId="8c84fa94-04c1-424b-9868-57a2d4851a1d" />
    <TestEntry testId="57a7a709-5f41-6a40-bb89-55bb8181b369" executionId="bd42669b-8a10-4705-90f2-68b8f9b8aacd" testListId="8c84fa94-04c1-424b-9868-57a2d4851a1d" />
    <TestEntry testId="28e678a0-2d75-ba44-cf85-f12a6e015f2f" executionId="a0610c5f-15c1-448b-a7e6-72e2ff158c53" testListId="8c84fa94-04c1-424b-9868-57a2d4851a1d" />
    <TestEntry testId="aa9cc0cb-14c6-ae07-bdfd-bae5f2a9924a" executionId="15a767f0-23ef-4b92-9ab4-01d727519a36" testListId="8c84fa94-04c1-424b-9868-57a2d4851a1d" />
    <TestEntry testId="f35f6eae-a2f2-9704-db53-5b689fdd1bea" executionId="2dda91b7-5b6a-48c6-bdc3-6d330c20235e" testListId="8c84fa94-04c1-424b-9868-57a2d4851a1d" />
    <TestEntry testId="236a92cf-3924-1f9e-9e0c-dac1bdd2fdae" executionId="c034de71-6d5c-48c7-85b3-3a780876762c" testListId="8c84fa94-04c1-424b-9868-57a2d4851a1d" />
    <TestEntry testId="5062168a-47a4-716c-83cf-4566eb406f51" executionId="30f35944-5ccb-4e59-99fc-0faffcd2a422" testListId="8c84fa94-04c1-424b-9868-57a2d4851a1d" />
    <TestEntry testId="b292ce2e-5824-fb2a-2909-216dafdf7687" executionId="efc5c757-df2c-4c1a-925c-1cbeea4ef182" testListId="8c84fa94-04c1-424b-9868-57a2d4851a1d" />
    <TestEntry testId="a9c9a902-559f-8aa4-faab-16816a4be232" executionId="804730f5-68cc-4b80-97df-190badabce3c" testListId="8c84fa94-04c1-424b-9868-57a2d4851a1d" />
    <TestEntry testId="efc2d993-18be-3c80-9e27-1d4e6cfd44ac" executionId="2f700cd6-bf8e-4124-b623-1e9fbf2f314d" testListId="8c84fa94-04c1-424b-9868-57a2d4851a1d" />
    <TestEntry testId="0ff73cd5-37ec-83b6-cca6-080e829305d1" executionId="e38afc12-4ea7-4d00-a2b1-10d28b8d4b3f" testListId="8c84fa94-04c1-424b-9868-57a2d4851a1d" />
    <TestEntry testId="dd50d1ab-aaa8-9c9d-a472-909eef6612ee" executionId="0b905e5e-0f81-42ad-8135-e579f15d33ef" testListId="8c84fa94-04c1-424b-9868-57a2d4851a1d" />
    <TestEntry testId="0f07da2a-afe3-eb2a-982c-c9250d4e2995" executionId="4162cb6c-fb0c-4057-9c82-5cd39f6476c5" testListId="8c84fa94-04c1-424b-9868-57a2d4851a1d" />
    <TestEntry testId="da642cc4-82fe-b6d1-55ca-0b6105cd1909" executionId="8e5d4ce9-cca0-4b7d-a8b5-04de37250060" testListId="8c84fa94-04c1-424b-9868-57a2d4851a1d" />
    <TestEntry testId="85b4abf3-134f-3845-e5fb-2d701e34abae" executionId="bcc908f2-9830-4f3b-82a0-2688d479552a" testListId="8c84fa94-04c1-424b-9868-57a2d4851a1d" />
    <TestEntry testId="222f7168-7e34-cd8e-2834-adc8122c855d" executionId="5f7668d0-0d38-47ab-8f56-a9aace55005b" testListId="8c84fa94-04c1-424b-9868-57a2d4851a1d" />
    <TestEntry testId="31b0f7a4-7814-de1a-ba42-99fccbedaf77" executionId="f7f82e39-503e-4e95-a91e-74e271dfdae0" testListId="8c84fa94-04c1-424b-9868-57a2d4851a1d" />
    <TestEntry testId="b389fce4-9131-dbd6-6cb1-9add0a76b08c" executionId="a16b36bf-f2dd-401a-aca4-e6a9c273666a" testListId="8c84fa94-04c1-424b-9868-57a2d4851a1d" />
    <TestEntry testId="349b454a-4a6b-82e1-71a0-9c64f08b3642" executionId="37326f27-fd1d-42c3-8ec8-19c88886b56d" testListId="8c84fa94-04c1-424b-9868-57a2d4851a1d" />
    <TestEntry testId="16241dba-eaf4-0213-d6e5-c7da05851618" executionId="b4a32fc6-ffee-4e62-8927-546620da16bd" testListId="8c84fa94-04c1-424b-9868-57a2d4851a1d" />
    <TestEntry testId="af6775fd-d269-907e-4174-20941ea53792" executionId="ee889885-b981-4d98-9a35-85c5e09a6f92" testListId="8c84fa94-04c1-424b-9868-57a2d4851a1d" />
    <TestEntry testId="e8533fcc-bc29-5fe3-a5ee-e79f5f2b1440" executionId="cb1d1307-d238-4bee-92d9-17163b66cfee" testListId="8c84fa94-04c1-424b-9868-57a2d4851a1d" />
    <TestEntry testId="a7cd429d-9ea9-105f-832c-f5c0d894de31" executionId="da91b136-2612-49e7-8f9f-b1022700107e" testListId="8c84fa94-04c1-424b-9868-57a2d4851a1d" />
    <TestEntry testId="eacb19b9-5be6-0659-6867-c371141d3e61" executionId="9890d5fd-95f2-48a9-9369-9447abaaa535" testListId="8c84fa94-04c1-424b-9868-57a2d4851a1d" />
    <TestEntry testId="3ab1d9fd-ee54-2c49-9b7b-7e9dfe78dfc4" executionId="593e0549-43df-4993-99d5-70a9bbe4a0db" testListId="8c84fa94-04c1-424b-9868-57a2d4851a1d" />
    <TestEntry testId="605b98ce-b18c-dba8-4c19-a7179b0b35c6" executionId="55ff12d5-cdb6-41fe-88db-d138f4066508" testListId="8c84fa94-04c1-424b-9868-57a2d4851a1d" />
    <TestEntry testId="44eff8ca-e64d-d8d4-6361-cfa3c75ede11" executionId="3efd550d-e04b-44d0-85a0-be689868804a" testListId="8c84fa94-04c1-424b-9868-57a2d4851a1d" />
    <TestEntry testId="54aad836-ba4f-5dbf-bad2-7c309c3d8a21" executionId="69a2067d-a99c-41a0-9f8d-f25fe4455834" testListId="8c84fa94-04c1-424b-9868-57a2d4851a1d" />
    <TestEntry testId="3f13a7b6-337e-e068-e2f4-569bb1afc599" executionId="b9c439ee-7f0a-4c54-a8c1-b1a2c9c171e4" testListId="8c84fa94-04c1-424b-9868-57a2d4851a1d" />
    <TestEntry testId="0f0fd9c4-310b-8f5e-8547-15872b5cb4b0" executionId="ff932834-5ee2-4ebd-9cbc-f50b225fda79" testListId="8c84fa94-04c1-424b-9868-57a2d4851a1d" />
    <TestEntry testId="185eb6a1-d1e2-a7ae-f655-06a68724793c" executionId="8b70c7ea-e895-41a6-a3c2-6e36bb8169af" testListId="8c84fa94-04c1-424b-9868-57a2d4851a1d" />
    <TestEntry testId="47f688d2-7bfa-d12d-71a0-9be24af61148" executionId="393487a4-9c44-4183-8b9a-ca1826e20679" testListId="8c84fa94-04c1-424b-9868-57a2d4851a1d" />
    <TestEntry testId="917e9e48-1d67-c1aa-1b6e-9c13215e36a0" executionId="7c2c942f-36b1-4d94-91d8-4383f47b23c5" testListId="8c84fa94-04c1-424b-9868-57a2d4851a1d" />
    <TestEntry testId="eb0227c1-b25a-b6ec-c3b3-242fa974349b" executionId="ed627aa6-bf1b-4f19-80da-7cd6483304ce" testListId="8c84fa94-04c1-424b-9868-57a2d4851a1d" />
    <TestEntry testId="ccffac2f-6628-9393-88cb-889ebe715882" executionId="a8e97cc5-a150-4b5f-b3cb-4b96e6067dca" testListId="8c84fa94-04c1-424b-9868-57a2d4851a1d" />
    <TestEntry testId="dab0ade5-f6da-c40f-8aa3-6cf074bc0e23" executionId="7505d2ec-af03-4375-bc26-28d0c5ed1bda" testListId="8c84fa94-04c1-424b-9868-57a2d4851a1d" />
    <TestEntry testId="9cb43f95-30da-e6bd-d3fb-74053a6f7143" executionId="f02d2957-4d23-4d84-8c95-f11e7a98c0cc" testListId="8c84fa94-04c1-424b-9868-57a2d4851a1d" />
    <TestEntry testId="d96c4133-05ac-c52a-39ad-da9730d7d1d4" executionId="7459c9dd-4608-4cc7-82fc-58f58a3fecd0" testListId="8c84fa94-04c1-424b-9868-57a2d4851a1d" />
    <TestEntry testId="a34cc59c-504f-45fa-746c-15b1a11e5627" executionId="b97dd659-18e1-455e-8ff6-87bb32bba3cd" testListId="8c84fa94-04c1-424b-9868-57a2d4851a1d" />
    <TestEntry testId="4d8283f4-8639-27d1-44ac-751f4d8f3078" executionId="24acb7b5-4ff7-4c2f-ac28-a614bb1a9fd2" testListId="8c84fa94-04c1-424b-9868-57a2d4851a1d" />
    <TestEntry testId="1c25c6c6-b1fb-4092-255b-2ef33baa6d85" executionId="c96a4ac6-3217-455d-90b3-f4fac1059aa0" testListId="8c84fa94-04c1-424b-9868-57a2d4851a1d" />
    <TestEntry testId="9d68ecd9-7bbb-710d-bc5c-7fb6bcf70625" executionId="419afb62-f406-4990-9c7b-529022c88e78" testListId="8c84fa94-04c1-424b-9868-57a2d4851a1d" />
    <TestEntry testId="f66c2c72-8186-4752-6374-d287cc46a9fe" executionId="f0811b14-a1ee-47d5-8d19-195b7d0cf0cf" testListId="8c84fa94-04c1-424b-9868-57a2d4851a1d" />
    <TestEntry testId="17e8d1af-7513-6e4a-a197-e678fcd6fbf1" executionId="0f1bf4f4-dd0b-4176-af08-5e25e81bbc63" testListId="8c84fa94-04c1-424b-9868-57a2d4851a1d" />
    <TestEntry testId="5c211a1b-af5c-0baa-3971-de7e6e4f1565" executionId="9b1fe1de-aadf-468a-953e-4caa6a8036ae" testListId="8c84fa94-04c1-424b-9868-57a2d4851a1d" />
    <TestEntry testId="55323239-0a74-748e-14c5-c6ce0fbffcf4" executionId="8ebef4b7-2ff0-4502-9f2d-751c48bab580" testListId="8c84fa94-04c1-424b-9868-57a2d4851a1d" />
    <TestEntry testId="e881bc04-2bbf-5c16-1290-362a120099d0" executionId="f8781ee5-d5d6-4e7b-9a1a-ede33e1c5c6b" testListId="8c84fa94-04c1-424b-9868-57a2d4851a1d" />
    <TestEntry testId="50f24cab-68bb-0a36-1c30-0ae9a001fb12" executionId="95f8224c-ca63-47b6-85e0-7accf9be6626" testListId="8c84fa94-04c1-424b-9868-57a2d4851a1d" />
    <TestEntry testId="de25e89d-7e39-180e-63d8-8a6c03a05fc0" executionId="2ae1eece-f1d7-40a6-8876-6819eb21e034" testListId="8c84fa94-04c1-424b-9868-57a2d4851a1d" />
    <TestEntry testId="50b7ff87-3945-9d72-59f5-8be54b69e4af" executionId="2e9fc2f8-aafb-4ca4-ac35-e0ee95e0a479" testListId="8c84fa94-04c1-424b-9868-57a2d4851a1d" />
    <TestEntry testId="7e9381b8-1011-a83d-71c0-1a4700f44a6a" executionId="2c24fe83-5483-4b65-a706-00beb2d28f7b" testListId="8c84fa94-04c1-424b-9868-57a2d4851a1d" />
    <TestEntry testId="456e732c-388b-f135-86e0-02f4f82041c1" executionId="4839209a-8ec6-4daf-be8d-cfb058f8b9e3" testListId="8c84fa94-04c1-424b-9868-57a2d4851a1d" />
    <TestEntry testId="0895ad80-dce9-06a7-5602-3c72da5f8da6" executionId="c632f392-9d6b-40e9-8e8a-1fa5e603b579" testListId="8c84fa94-04c1-424b-9868-57a2d4851a1d" />
    <TestEntry testId="ddf79c4c-8da7-56b7-7410-d2ba78b09801" executionId="dd1063e9-a5cc-4fae-b910-c33453615d2f" testListId="8c84fa94-04c1-424b-9868-57a2d4851a1d" />
    <TestEntry testId="4e7127f8-744d-1e07-a920-a821e9fe9f93" executionId="5a3f5d52-91d7-4312-bbe8-7c79182d2d6a" testListId="8c84fa94-04c1-424b-9868-57a2d4851a1d" />
    <TestEntry testId="c5f701a1-fcd5-1f87-4fee-cd5b137b31a8" executionId="fc98851b-0f8e-46a9-8818-25b672f7dd2c" testListId="8c84fa94-04c1-424b-9868-57a2d4851a1d" />
    <TestEntry testId="098b15f3-4cbc-4c40-9ad2-8835c9d6e501" executionId="bdef03f0-cdb7-4a63-9f4b-60090fa8814b" testListId="8c84fa94-04c1-424b-9868-57a2d4851a1d" />
    <TestEntry testId="16b669e8-8590-1a4a-5e26-b385242802e4" executionId="0ce141a1-8222-4c33-9fe4-6c4d9fd8545b" testListId="8c84fa94-04c1-424b-9868-57a2d4851a1d" />
    <TestEntry testId="9fb46542-0618-28a9-23e6-da1922161605" executionId="6569ea1b-fbb5-404d-9b0b-aa2f0b2ea2db" testListId="8c84fa94-04c1-424b-9868-57a2d4851a1d" />
    <TestEntry testId="61955263-2d18-b04f-1074-d886d947e055" executionId="356d2613-c079-4fff-aa4e-0a43b1ebcde8" testListId="8c84fa94-04c1-424b-9868-57a2d4851a1d" />
    <TestEntry testId="bed34e53-72a5-3fd2-6674-42d2c22e4e8b" executionId="312c2b00-395b-4fe2-b6bb-621710adc4a8" testListId="8c84fa94-04c1-424b-9868-57a2d4851a1d" />
    <TestEntry testId="ec3e09c5-8729-567e-bf4a-d5990aad45d6" executionId="320fc315-813f-4630-96da-678100fccf99" testListId="8c84fa94-04c1-424b-9868-57a2d4851a1d" />
    <TestEntry testId="bd7fbd33-c44c-e435-efc2-06a8c4bb49ef" executionId="673f38e3-9f33-49a7-b0f9-5476e8f3f1d2" testListId="8c84fa94-04c1-424b-9868-57a2d4851a1d" />
    <TestEntry testId="8d4c2e72-586a-f338-d7f5-e113d3234b28" executionId="79694f08-fb29-4539-9343-371d22153884" testListId="8c84fa94-04c1-424b-9868-57a2d4851a1d" />
    <TestEntry testId="266b6884-84e9-585c-ee2b-eff743317cdb" executionId="870bd42f-9ab8-4dc1-8270-4c0a021e3b73" testListId="8c84fa94-04c1-424b-9868-57a2d4851a1d" />
    <TestEntry testId="9d1fdad2-86cb-58a0-0255-a31c1f4f628b" executionId="b2ede5cb-f211-480a-a5e6-5d325dc5e046" testListId="8c84fa94-04c1-424b-9868-57a2d4851a1d" />
    <TestEntry testId="23dfed38-6ff8-abe4-082e-3fdb4476dc12" executionId="06182d98-6724-4a40-bffe-2abe8328247d" testListId="8c84fa94-04c1-424b-9868-57a2d4851a1d" />
    <TestEntry testId="f87c411f-32d8-e0c9-1a61-7c5c01be8af6" executionId="8a5b447a-b974-44b1-87da-85b7d163b85f" testListId="8c84fa94-04c1-424b-9868-57a2d4851a1d" />
    <TestEntry testId="e8d09c68-4f4a-59e8-3c44-66cd53ed8164" executionId="9728174b-4e8f-44e5-b6d5-8488958634f1" testListId="8c84fa94-04c1-424b-9868-57a2d4851a1d" />
    <TestEntry testId="e621f990-2ff4-53a1-1046-2de89a2122fa" executionId="8297af95-f4c1-464a-8eaa-92940f349744" testListId="8c84fa94-04c1-424b-9868-57a2d4851a1d" />
    <TestEntry testId="4e688b3a-c6fa-9e06-b2ea-25f4e79d1af0" executionId="67939852-a03c-4d04-8f1f-02d02796d710" testListId="8c84fa94-04c1-424b-9868-57a2d4851a1d" />
    <TestEntry testId="621f5184-bf98-2fcc-5c3b-580eeb41f3a6" executionId="904f4a07-083f-40ef-8f64-46b2a5a2999f" testListId="8c84fa94-04c1-424b-9868-57a2d4851a1d" />
    <TestEntry testId="11236b60-ddaa-8517-7929-26428de182b4" executionId="18856e5d-2fc9-49d4-9eef-f2be764f3c3a" testListId="8c84fa94-04c1-424b-9868-57a2d4851a1d" />
    <TestEntry testId="db3b74da-9390-9353-7e36-7ce7be8597b2" executionId="690d9c32-69d4-4b43-a7b8-eb7160525fd9" testListId="8c84fa94-04c1-424b-9868-57a2d4851a1d" />
    <TestEntry testId="363f802a-8301-cdba-d629-1b88c66660e3" executionId="018aaf80-f4a4-4768-9bc9-67bdda7b41ae" testListId="8c84fa94-04c1-424b-9868-57a2d4851a1d" />
    <TestEntry testId="fcc50950-38b5-c695-4000-d6bf47ed8831" executionId="87698f2a-3aef-4c00-b01a-833d33de9c83" testListId="8c84fa94-04c1-424b-9868-57a2d4851a1d" />
    <TestEntry testId="a57e4f15-3c8a-cc65-2059-f1f5f83c9ba5" executionId="8660472b-5c18-4ff2-92f9-24e3f01d65a1" testListId="8c84fa94-04c1-424b-9868-57a2d4851a1d" />
    <TestEntry testId="f2f029e7-8888-f5a1-ddde-656322b453e5" executionId="00876e74-881d-4456-b834-e3b2ae9c0f91" testListId="8c84fa94-04c1-424b-9868-57a2d4851a1d" />
    <TestEntry testId="b634ef42-9b28-3107-af12-f47c9a5062cb" executionId="4a2e08a6-9e38-42cb-8d1d-dde7c4370bb7" testListId="8c84fa94-04c1-424b-9868-57a2d4851a1d" />
    <TestEntry testId="ef3db43b-1e0a-f198-9720-31d80f533fc8" executionId="4f5ec552-e940-4776-8048-198998e7afb8" testListId="8c84fa94-04c1-424b-9868-57a2d4851a1d" />
    <TestEntry testId="467648af-fb2a-b6b9-e76e-8f94779eb7f6" executionId="3dc7126f-ee80-4cf5-ac5d-36a5474af352" testListId="8c84fa94-04c1-424b-9868-57a2d4851a1d" />
    <TestEntry testId="d2556f65-3778-bd58-eecd-ae6ccb2c7885" executionId="ee57400d-b04a-4fce-8df2-652949df9734" testListId="8c84fa94-04c1-424b-9868-57a2d4851a1d" />
    <TestEntry testId="abaeb843-e95d-5629-dacd-9477aefd8dd6" executionId="91b6ca79-b4da-4c7f-b375-1f2709a04e81" testListId="8c84fa94-04c1-424b-9868-57a2d4851a1d" />
    <TestEntry testId="6f76a51f-b8cd-e6f5-cb70-61af9779673e" executionId="c472ba61-414d-4140-9f26-df6594dde176" testListId="8c84fa94-04c1-424b-9868-57a2d4851a1d" />
    <TestEntry testId="40b5fac7-b71c-8e77-a229-0b6dd2bc7930" executionId="98e70af2-df9e-48bd-9cb6-62f1a4f71005" testListId="8c84fa94-04c1-424b-9868-57a2d4851a1d" />
    <TestEntry testId="e4949cfa-e33d-2fd1-5bcc-b5f6b9db1ce9" executionId="510260e5-1b59-497e-9281-f86be666fd5d" testListId="8c84fa94-04c1-424b-9868-57a2d4851a1d" />
    <TestEntry testId="2deffabc-0f2a-cf1f-0473-12f60ef9456b" executionId="5e74e831-0d22-4760-ba08-93ec41aab8bc" testListId="8c84fa94-04c1-424b-9868-57a2d4851a1d" />
    <TestEntry testId="c7cdf179-33e4-784c-82e2-b5da92e111f8" executionId="814b0dfd-ef9f-4c95-a2b9-d94ea394f50a" testListId="8c84fa94-04c1-424b-9868-57a2d4851a1d" />
    <TestEntry testId="e624c53d-a1cf-0c98-22e7-54295ab64bfd" executionId="a70d1cd5-c7ca-4d6b-84a9-82774e274c31" testListId="8c84fa94-04c1-424b-9868-57a2d4851a1d" />
    <TestEntry testId="a412f5de-b33e-e409-c4ae-50c16bfae988" executionId="abeb03da-b5b6-4993-97c2-c54478360771" testListId="8c84fa94-04c1-424b-9868-57a2d4851a1d" />
    <TestEntry testId="ef8414b8-93fc-9937-7131-0c62836c71c1" executionId="0eed0222-e36b-454f-a0a5-88f8c1697eb9" testListId="8c84fa94-04c1-424b-9868-57a2d4851a1d" />
    <TestEntry testId="82fbae66-d014-68f8-a29c-7a33350f0be4" executionId="66bb05c1-e730-496b-accf-28b246bc5944" testListId="8c84fa94-04c1-424b-9868-57a2d4851a1d" />
    <TestEntry testId="bd59e0c8-65f6-24f7-250c-df15260ab31a" executionId="10a5cc37-64d8-426b-8199-8ac4eed1686f" testListId="8c84fa94-04c1-424b-9868-57a2d4851a1d" />
    <TestEntry testId="4727a2e5-b0ef-54dd-d5b7-4bdc9cbfa65b" executionId="590ed397-b7aa-4f04-974e-428b58ae158c" testListId="8c84fa94-04c1-424b-9868-57a2d4851a1d" />
    <TestEntry testId="b34056e1-a0f1-b9c6-4cf9-a385bfe323c6" executionId="0c31bc99-8df6-4be2-a4e2-8a2f5f4d0ea6" testListId="8c84fa94-04c1-424b-9868-57a2d4851a1d" />
    <TestEntry testId="df88d8b1-a81b-086c-6c41-e23fcac9c165" executionId="fe3f1e27-a1f9-4af7-856f-a2452736a1cc" testListId="8c84fa94-04c1-424b-9868-57a2d4851a1d" />
    <TestEntry testId="45a98e74-dccd-011e-e0c0-d734f1cc5ec4" executionId="3e2be7e9-d5ee-414e-8eec-716e9888ea5b" testListId="8c84fa94-04c1-424b-9868-57a2d4851a1d" />
    <TestEntry testId="49936fc4-4825-29e4-106c-2b5397c160c6" executionId="faf8da96-0fd6-4beb-afb0-5031a60db516" testListId="8c84fa94-04c1-424b-9868-57a2d4851a1d" />
    <TestEntry testId="74f87d91-26ae-d1ee-e1f8-2525d41bbd83" executionId="756789b5-dd4f-4bde-afc6-fdcdef89eaca" testListId="8c84fa94-04c1-424b-9868-57a2d4851a1d" />
    <TestEntry testId="dec4b2e5-eff9-2a89-8e71-4aef758046da" executionId="7c43b913-c842-48e4-96b6-8bad43bab818" testListId="8c84fa94-04c1-424b-9868-57a2d4851a1d" />
    <TestEntry testId="e4ef8062-0dbe-6974-71e4-0c8dfc386479" executionId="3cec7c8b-f9ed-4b62-b8bc-5a2391fc1507" testListId="8c84fa94-04c1-424b-9868-57a2d4851a1d" />
    <TestEntry testId="bf218aab-52af-cc9e-72e7-0a8ba644e891" executionId="dec000d9-096c-4687-a6ba-9af7693ecc21" testListId="8c84fa94-04c1-424b-9868-57a2d4851a1d" />
    <TestEntry testId="3481e80b-1f65-cc03-2307-099b3c1f0f7c" executionId="bf40a614-290f-474f-8c5d-e3a9af325670" testListId="8c84fa94-04c1-424b-9868-57a2d4851a1d" />
    <TestEntry testId="38aa400d-53ce-7d63-25db-acb1a6beac35" executionId="a1ffa25a-191e-4d10-a231-4b03e3ee3830" testListId="8c84fa94-04c1-424b-9868-57a2d4851a1d" />
    <TestEntry testId="c27f5798-ba92-8771-15a7-731f0a36872c" executionId="59ec88c6-1ddf-4c35-923d-8fc5a91c830a" testListId="8c84fa94-04c1-424b-9868-57a2d4851a1d" />
    <TestEntry testId="011a8669-96b9-3bc3-27c4-fe49bafbe5b9" executionId="8eaa1b4d-cd63-4958-a2a2-ee84b3e5a902" testListId="8c84fa94-04c1-424b-9868-57a2d4851a1d" />
    <TestEntry testId="bd159b72-9284-1885-d99e-8e5744e9e126" executionId="f030bb4f-bba0-4af7-bed9-40221d89ae3d" testListId="8c84fa94-04c1-424b-9868-57a2d4851a1d" />
    <TestEntry testId="9847e038-8e7e-bbcd-0cca-216082d13779" executionId="a2f1d322-89f3-4fcb-a496-cd608163f726" testListId="8c84fa94-04c1-424b-9868-57a2d4851a1d" />
    <TestEntry testId="131c3a52-0a16-0ae5-0512-93dbda72ea85" executionId="2bf42fb6-185f-48c2-b880-7d27efded948" testListId="8c84fa94-04c1-424b-9868-57a2d4851a1d" />
    <TestEntry testId="ffdd3661-fbf5-5fd8-8d4d-955844eb2b7f" executionId="88e27975-559b-4662-86ec-e133cd25bef6" testListId="8c84fa94-04c1-424b-9868-57a2d4851a1d" />
    <TestEntry testId="06062712-a9f6-15e0-bf35-38dc901029e7" executionId="7faeaaad-2932-43f5-a6e1-bcea3a75e47c" testListId="8c84fa94-04c1-424b-9868-57a2d4851a1d" />
    <TestEntry testId="5242f9b9-ee1f-923c-f0c3-d5fb3e0359c6" executionId="f17ec2e3-84a2-4c34-a456-364c1c5f776d" testListId="8c84fa94-04c1-424b-9868-57a2d4851a1d" />
    <TestEntry testId="87b56d62-9af1-eead-6483-716ab3bb23e0" executionId="f8044899-b252-42b4-8d84-534b85d0a32a" testListId="8c84fa94-04c1-424b-9868-57a2d4851a1d" />
    <TestEntry testId="d1e50dfe-89f9-2e1e-ee5f-3ce8755a7d24" executionId="d8596ec2-291b-458c-bfe9-d24640271f6a" testListId="8c84fa94-04c1-424b-9868-57a2d4851a1d" />
    <TestEntry testId="d40c6e0c-b4ac-c82e-a0d9-6e696ff5e301" executionId="289816e2-f496-4ab9-879b-789007d445cd" testListId="8c84fa94-04c1-424b-9868-57a2d4851a1d" />
    <TestEntry testId="c4344ebc-44df-a5d3-990c-fd3ab1fb80b1" executionId="36fd9641-7ba0-4e1b-ae09-7333ddbcff36" testListId="8c84fa94-04c1-424b-9868-57a2d4851a1d" />
    <TestEntry testId="2821175c-220a-922a-c241-441509e8a4e0" executionId="d69a300b-2a11-488c-80f2-a737bbd09ab9" testListId="8c84fa94-04c1-424b-9868-57a2d4851a1d" />
    <TestEntry testId="ef1d6b74-13c8-dcd2-26ac-7f5ae1d5273c" executionId="dbe5d90f-001a-496b-9648-31da59283c08" testListId="8c84fa94-04c1-424b-9868-57a2d4851a1d" />
    <TestEntry testId="9dc87ca8-7c89-25db-241a-e9ae33f8a42e" executionId="6455399a-f580-4767-9056-448e7f04a26d" testListId="8c84fa94-04c1-424b-9868-57a2d4851a1d" />
    <TestEntry testId="7846d9ed-3cef-0cbd-2b1f-638be6a96222" executionId="1ee30077-ff18-4a77-9f82-187cd5573d0a" testListId="8c84fa94-04c1-424b-9868-57a2d4851a1d" />
    <TestEntry testId="1f8d595f-ee42-36d5-5d96-e0c86c183647" executionId="31c68d05-d9a0-4752-85fb-5d405f84dd83" testListId="8c84fa94-04c1-424b-9868-57a2d4851a1d" />
    <TestEntry testId="cbba7763-672f-ddfc-9a60-f6df272eaad6" executionId="04ca785b-4d18-487e-ac3b-24183e23d659" testListId="8c84fa94-04c1-424b-9868-57a2d4851a1d" />
    <TestEntry testId="f473e635-7655-edd1-44e6-2fcea27cde20" executionId="4215aee7-83de-4cee-8783-a789dfb4c079" testListId="8c84fa94-04c1-424b-9868-57a2d4851a1d" />
    <TestEntry testId="5696e255-6884-a5ec-7659-9a5e21d95d2f" executionId="56af3c79-f867-469f-8b6c-09fd7395d06d" testListId="8c84fa94-04c1-424b-9868-57a2d4851a1d" />
    <TestEntry testId="ac4d6dc8-ac9c-ed69-2ea1-c142e3a580cd" executionId="a6df3989-0a9a-4e7f-b9fb-a69fbae45978" testListId="8c84fa94-04c1-424b-9868-57a2d4851a1d" />
    <TestEntry testId="4dcc4c87-6654-099d-1fa3-33b06e586a9e" executionId="6eb8c04d-3329-419a-a4cc-96253cbac1c6" testListId="8c84fa94-04c1-424b-9868-57a2d4851a1d" />
    <TestEntry testId="0774dc1e-52ca-a68f-3053-17aa689d2f19" executionId="708d97da-1a64-47a3-b9ed-9fcbe87595e9" testListId="8c84fa94-04c1-424b-9868-57a2d4851a1d" />
    <TestEntry testId="f4fbfb1c-5ed6-31b9-32df-2fb927eec7fc" executionId="ace700ef-ec21-49c4-a909-b7b9c15d3e80" testListId="8c84fa94-04c1-424b-9868-57a2d4851a1d" />
    <TestEntry testId="512ec98d-2185-5ebc-b040-4a9df6c7ed1a" executionId="e471f9ff-b24d-40ac-947a-48a98d8fecae" testListId="8c84fa94-04c1-424b-9868-57a2d4851a1d" />
    <TestEntry testId="13760aec-c151-d4f0-b168-bf9cab7e1792" executionId="36e98481-b276-4960-a744-f13ca249fbcc" testListId="8c84fa94-04c1-424b-9868-57a2d4851a1d" />
    <TestEntry testId="244ddabb-e392-9319-5f0f-5351f15a9ac9" executionId="a414d4d8-c25e-4a7a-a82f-993f2ec70531" testListId="8c84fa94-04c1-424b-9868-57a2d4851a1d" />
    <TestEntry testId="ea5fb2b5-6f99-ce02-6e35-cef974ce163a" executionId="0cebbcb4-14f3-4abf-b00d-81c2790d7cb9" testListId="8c84fa94-04c1-424b-9868-57a2d4851a1d" />
  </TestEntries>
  <TestLists>
    <TestList name="Results Not in a List" id="8c84fa94-04c1-424b-9868-57a2d4851a1d" />
    <TestList name="All Loaded Results" id="19431567-8539-422a-85d7-44ee4e166bda" />
  </TestLists>
  <ResultSummary outcome="Completed">
    <Counters total="250" executed="250" passed="250" failed="0" error="0" timeout="0" aborted="0" inconclusive="0" passedButRunAborted="0" notRunnable="0" notExecuted="0" disconnected="0" warning="0" completed="0" inProgress="0" pending="0" />
    <Output>
      <StdOut>[xUnit.net 00:00:00.00] xUnit.net VSTest Adapter v2.4.1 (64-bit .NET Core 4.6.27817.03)&#xD;
[xUnit.net 00:00:12.21]   Discovering: Nzr.ToolBox.Core.Tests&#xD;
[xUnit.net 00:00:12.38]   Discovered:  Nzr.ToolBox.Core.Tests&#xD;
[xUnit.net 00:00:12.39]   Starting:    Nzr.ToolBox.Core.Tests&#xD;
[xUnit.net 00:00:13.29]   Finished:    Nzr.ToolBox.Core.Tests&#xD;
</StdOut>
    </Output>
  </ResultSummary>
</TestRun>