<?xml version="1.0" encoding="utf-8"?>
<TestRun id="4a92bf1e-1dc9-4961-8835-c64edbe85340" name="mario.nzr@WORKSTATION 2019-11-17 17:03:06" runUser="WORKSTATION\mario.nzr" xmlns="http://microsoft.com/schemas/VisualStudio/TeamTest/2010">
  <Times creation="2019-11-17T17:03:06.4693063-03:00" queuing="2019-11-17T17:03:06.4693079-03:00" start="2019-11-17T17:02:52.4977509-03:00" finish="2019-11-17T17:03:07.3671867-03:00" />
  <TestSettings name="default" id="cf929e7a-7259-4c37-b52d-37681d4aa750">
    <Deployment runDeploymentRoot="mario.nzr_WORKSTATION_2019-11-17_17_03_06" />
  </TestSettings>
  <Results>
    <UnitTestResult executionId="69f7f8ac-0243-4434-9d4a-187a1ce2631b" testId="3c6ff78b-37a5-1893-6545-c9982c97f098" testName="Nzr.ToolBox.Core.Tests.RandomUtilsTest.RandomString_WithLetterOnly_ShouldReturnAlphaString" computerName="WORKSTATION" duration="00:00:00.0050000" startTime="2019-11-17T17:03:06.5001335-03:00" endTime="2019-11-17T17:03:06.5001337-03:00" testType="13cdc9d9-ddb5-4fa4-a97d-d965ccfc6d4b" outcome="Passed" testListId="8c84fa94-04c1-424b-9868-57a2d4851a1d" relativeResultsDirectory="69f7f8ac-0243-4434-9d4a-187a1ce2631b" />
    <UnitTestResult executionId="86c2c04f-4f38-4721-965f-55e90f96e182" testId="1c25c6c6-b1fb-4092-255b-2ef33baa6d85" testName="Nzr.ToolBox.Core.Tests.StringUtilsTest.IsAllEmpty_WithOneNonEmpty_ShouldReturnFalse" computerName="WORKSTATION" duration="00:00:00.0010000" startTime="2019-11-17T17:03:06.5982847-03:00" endTime="2019-11-17T17:03:06.5982851-03:00" testType="13cdc9d9-ddb5-4fa4-a97d-d965ccfc6d4b" outcome="Passed" testListId="8c84fa94-04c1-424b-9868-57a2d4851a1d" relativeResultsDirectory="86c2c04f-4f38-4721-965f-55e90f96e182" />
    <UnitTestResult executionId="78d8b0aa-f738-4989-b994-4c88f36d2713" testId="2821175c-220a-922a-c241-441509e8a4e0" testName="Nzr.ToolBox.Core.Tests.CollectionUtilsTests.ContainsAny_WithEnumerableAndSomeOfOtherElements_ShouldReturnTrue" computerName="WORKSTATION" duration="00:00:00.0250000" startTime="2019-11-17T17:03:06.4028593-03:00" endTime="2019-11-17T17:03:06.4028598-03:00" testType="13cdc9d9-ddb5-4fa4-a97d-d965ccfc6d4b" outcome="Passed" testListId="8c84fa94-04c1-424b-9868-57a2d4851a1d" relativeResultsDirectory="78d8b0aa-f738-4989-b994-4c88f36d2713" />
    <UnitTestResult executionId="cb3b69e0-7d0a-4bcb-9275-77be7b6cc96a" testId="c068e1c4-6913-d79e-f58c-fd0cdae20144" testName="Nzr.ToolBox.Core.Tests.StringUtilsTest.ContainsAny_WithStringNotContainingOneOfSubstring_ShouldReturnFalse" computerName="WORKSTATION" duration="00:00:00.0040000" startTime="2019-11-17T17:03:06.4914598-03:00" endTime="2019-11-17T17:03:06.4914600-03:00" testType="13cdc9d9-ddb5-4fa4-a97d-d965ccfc6d4b" outcome="Passed" testListId="8c84fa94-04c1-424b-9868-57a2d4851a1d" relativeResultsDirectory="cb3b69e0-7d0a-4bcb-9275-77be7b6cc96a" />
    <UnitTestResult executionId="b8103ff7-3fdd-4f4d-8805-f49e65ce85a8" testId="df88d8b1-a81b-086c-6c41-e23fcac9c165" testName="Nzr.ToolBox.Core.Tests.StringUtilsTest.RemoveStart_WithExistingStrings_ShouldReturnCleanedString" computerName="WORKSTATION" duration="00:00:00.0010000" startTime="2019-11-17T17:03:06.5736903-03:00" endTime="2019-11-17T17:03:06.5736906-03:00" testType="13cdc9d9-ddb5-4fa4-a97d-d965ccfc6d4b" outcome="Passed" testListId="8c84fa94-04c1-424b-9868-57a2d4851a1d" relativeResultsDirectory="b8103ff7-3fdd-4f4d-8805-f49e65ce85a8" />
    <UnitTestResult executionId="eb06785c-a988-4713-ae7c-dc1c332b1237" testId="efac6178-2331-78d0-58dd-df1f5a698301" testName="Nzr.ToolBox.Core.Tests.RandomUtilsTest.RandomByte_ShouldReturnUniqueValues(iterations: 255, seed: null)" computerName="WORKSTATION" duration="00:00:00.0750000" startTime="2019-11-17T17:03:06.4915353-03:00" endTime="2019-11-17T17:03:06.4915355-03:00" testType="13cdc9d9-ddb5-4fa4-a97d-d965ccfc6d4b" outcome="Passed" testListId="8c84fa94-04c1-424b-9868-57a2d4851a1d" relativeResultsDirectory="eb06785c-a988-4713-ae7c-dc1c332b1237" />
    <UnitTestResult executionId="9950b1b3-b6d4-4ac5-9682-09ac6150b692" testId="7e6b2287-0f2b-eed8-29a1-fa6a6b5f85fd" testName="Nzr.ToolBox.Core.Tests.ObjectUtilsTest.RequireNonNull_WithNullWithoutCustomMessage_ShouldThrowExcetpion" computerName="WORKSTATION" duration="00:00:00.0010000" startTime="2019-11-17T17:03:06.9114728-03:00" endTime="2019-11-17T17:03:06.9114734-03:00" testType="13cdc9d9-ddb5-4fa4-a97d-d965ccfc6d4b" outcome="Passed" testListId="8c84fa94-04c1-424b-9868-57a2d4851a1d" relativeResultsDirectory="9950b1b3-b6d4-4ac5-9682-09ac6150b692" />
    <UnitTestResult executionId="99b97395-cdcb-4f3c-9d73-11decf87f8dd" testId="467648af-fb2a-b6b9-e76e-8f94779eb7f6" testName="Nzr.ToolBox.Core.Tests.StringUtilsTest.Prefix_WithNonExistingPrefix_ShouldAddPrefix" computerName="WORKSTATION" duration="00:00:00.0010000" startTime="2019-11-17T17:03:06.5195223-03:00" endTime="2019-11-17T17:03:06.5195228-03:00" testType="13cdc9d9-ddb5-4fa4-a97d-d965ccfc6d4b" outcome="Passed" testListId="8c84fa94-04c1-424b-9868-57a2d4851a1d" relativeResultsDirectory="99b97395-cdcb-4f3c-9d73-11decf87f8dd" />
    <UnitTestResult executionId="d7ce0757-7951-47a5-a567-910a6e8901bb" testId="13153add-9bc0-f723-33ce-d424523eb081" testName="Nzr.ToolBox.Core.Tests.NumberUtilsTest.ToHexadecimal_WithNumberWithoutPrefix_ShouldReturnBinaryNumbersOnly" computerName="WORKSTATION" duration="00:00:00.0020000" startTime="2019-11-17T17:03:06.4070225-03:00" endTime="2019-11-17T17:03:06.4070228-03:00" testType="13cdc9d9-ddb5-4fa4-a97d-d965ccfc6d4b" outcome="Passed" testListId="8c84fa94-04c1-424b-9868-57a2d4851a1d" relativeResultsDirectory="d7ce0757-7951-47a5-a567-910a6e8901bb" />
    <UnitTestResult executionId="77e9ec31-2e17-4d8c-8a14-cc44d3944780" testId="ec3e09c5-8729-567e-bf4a-d5990aad45d6" testName="Nzr.ToolBox.Core.Tests.BooleanUtilsTests.ToBool_WithZeroOrNegative_ShouldReturnFalse(b: 0, s: 0, i: 0, l: 0, f: 0, d: 0, m: 0)" computerName="WORKSTATION" duration="00:00:00.0010000" startTime="2019-11-17T17:03:06.4917287-03:00" endTime="2019-11-17T17:03:06.4917289-03:00" testType="13cdc9d9-ddb5-4fa4-a97d-d965ccfc6d4b" outcome="Passed" testListId="8c84fa94-04c1-424b-9868-57a2d4851a1d" relativeResultsDirectory="77e9ec31-2e17-4d8c-8a14-cc44d3944780" />
    <UnitTestResult executionId="e37d0350-429e-4941-a07f-c6f9b68fe8b2" testId="c5f701a1-fcd5-1f87-4fee-cd5b137b31a8" testName="Nzr.ToolBox.Core.Tests.BooleanUtilsTests.ToBool_WithPositiveNonZero_ShouldReturnTrue(b: 2, s: 3, i: 4, l: 5, f: 6, d: 7, m: 8)" computerName="WORKSTATION" duration="00:00:00.0010000" startTime="2019-11-17T17:03:06.5117724-03:00" endTime="2019-11-17T17:03:06.5117727-03:00" testType="13cdc9d9-ddb5-4fa4-a97d-d965ccfc6d4b" outcome="Passed" testListId="8c84fa94-04c1-424b-9868-57a2d4851a1d" relativeResultsDirectory="e37d0350-429e-4941-a07f-c6f9b68fe8b2" />
    <UnitTestResult executionId="1546a128-2efc-4141-bfd5-bbbccb8f0694" testId="b634ef42-9b28-3107-af12-f47c9a5062cb" testName="Nzr.ToolBox.Core.Tests.StringUtilsTest.Suffix_WithExistingSuffixAndOverride_ShouldAddSuffix" computerName="WORKSTATION" duration="00:00:00.0010000" startTime="2019-11-17T17:03:06.5202346-03:00" endTime="2019-11-17T17:03:06.5202349-03:00" testType="13cdc9d9-ddb5-4fa4-a97d-d965ccfc6d4b" outcome="Passed" testListId="8c84fa94-04c1-424b-9868-57a2d4851a1d" relativeResultsDirectory="1546a128-2efc-4141-bfd5-bbbccb8f0694" />
    <UnitTestResult executionId="193a6d36-f0fe-4d8e-aa52-b0dac2ab9416" testId="39dfd282-5fe4-ceef-3391-cce4f58db31f" testName="Nzr.ToolBox.Core.Tests.StringUtilsTest.Format_WithNullString_ShouldReturnNull" computerName="WORKSTATION" duration="00:00:00.0020000" startTime="2019-11-17T17:03:06.5245545-03:00" endTime="2019-11-17T17:03:06.5245549-03:00" testType="13cdc9d9-ddb5-4fa4-a97d-d965ccfc6d4b" outcome="Passed" testListId="8c84fa94-04c1-424b-9868-57a2d4851a1d" relativeResultsDirectory="193a6d36-f0fe-4d8e-aa52-b0dac2ab9416" />
    <UnitTestResult executionId="4ee389b9-4583-4ca4-8d5d-355c83de1629" testId="7b7495d8-e0d9-d205-be09-e167ea98fa50" testName="Nzr.ToolBox.Core.Tests.BooleanUtilsTests.IsAllTrue_WithAllTrueValues_ShouldReturnTrue" computerName="WORKSTATION" duration="00:00:00.0010000" startTime="2019-11-17T17:03:06.5120178-03:00" endTime="2019-11-17T17:03:06.5120181-03:00" testType="13cdc9d9-ddb5-4fa4-a97d-d965ccfc6d4b" outcome="Passed" testListId="8c84fa94-04c1-424b-9868-57a2d4851a1d" relativeResultsDirectory="4ee389b9-4583-4ca4-8d5d-355c83de1629" />
    <UnitTestResult executionId="79ab56cd-2963-45da-9528-f2debcd9c260" testId="ccc6233d-7912-eee3-5bd9-e05a73d46c3c" testName="Nzr.ToolBox.Core.Tests.StringUtilsTest.IsEmpty_WithBlankString_ShouldReturnFalse" computerName="WORKSTATION" duration="00:00:00.0010000" startTime="2019-11-17T17:03:06.5701452-03:00" endTime="2019-11-17T17:03:06.5701455-03:00" testType="13cdc9d9-ddb5-4fa4-a97d-d965ccfc6d4b" outcome="Passed" testListId="8c84fa94-04c1-424b-9868-57a2d4851a1d" relativeResultsDirectory="79ab56cd-2963-45da-9528-f2debcd9c260" />
    <UnitTestResult executionId="a671c41e-0dce-47ad-a79c-c9742f4b0f7a" testId="e624c53d-a1cf-0c98-22e7-54295ab64bfd" testName="Nzr.ToolBox.Core.Tests.ObjectUtilsTest.IsAllNull_WithAllNull_ShouldReturnTrue" computerName="WORKSTATION" duration="00:00:00.0010000" startTime="2019-11-17T17:03:07.1288360-03:00" endTime="2019-11-17T17:03:07.1288362-03:00" testType="13cdc9d9-ddb5-4fa4-a97d-d965ccfc6d4b" outcome="Passed" testListId="8c84fa94-04c1-424b-9868-57a2d4851a1d" relativeResultsDirectory="a671c41e-0dce-47ad-a79c-c9742f4b0f7a" />
    <UnitTestResult executionId="a7684d41-be61-41e7-ac7a-a09001a9aa5c" testId="e621f990-2ff4-53a1-1046-2de89a2122fa" testName="Nzr.ToolBox.Core.Tests.BooleanUtilsTests.IsFalse_WithNullOrFalseValue_ShouldReturnTrue(value: null)" computerName="WORKSTATION" duration="00:00:00.0010000" startTime="2019-11-17T17:03:06.4961106-03:00" endTime="2019-11-17T17:03:06.4961108-03:00" testType="13cdc9d9-ddb5-4fa4-a97d-d965ccfc6d4b" outcome="Passed" testListId="8c84fa94-04c1-424b-9868-57a2d4851a1d" relativeResultsDirectory="a7684d41-be61-41e7-ac7a-a09001a9aa5c" />
    <UnitTestResult executionId="f912218b-8b2a-43b6-98c6-57fd0b8ebf88" testId="e8533fcc-bc29-5fe3-a5ee-e79f5f2b1440" testName="Nzr.ToolBox.Core.Tests.NumberUtilsTest.Abst_ShouldReturnAbsoluteValues" computerName="WORKSTATION" duration="00:00:00.1560000" startTime="2019-11-17T17:03:06.6089586-03:00" endTime="2019-11-17T17:03:06.6089588-03:00" testType="13cdc9d9-ddb5-4fa4-a97d-d965ccfc6d4b" outcome="Passed" testListId="8c84fa94-04c1-424b-9868-57a2d4851a1d" relativeResultsDirectory="f912218b-8b2a-43b6-98c6-57fd0b8ebf88" />
    <UnitTestResult executionId="435f12c9-9340-4793-bf99-1d582b119729" testId="17e8d1af-7513-6e4a-a197-e678fcd6fbf1" testName="Nzr.ToolBox.Core.Tests.CollectionUtilsTests.ContainsAny_WithNullSourceGenericEnumerable_ShouldReturnFalse" computerName="WORKSTATION" duration="00:00:00.0020000" startTime="2019-11-17T17:03:06.5739216-03:00" endTime="2019-11-17T17:03:06.5739218-03:00" testType="13cdc9d9-ddb5-4fa4-a97d-d965ccfc6d4b" outcome="Passed" testListId="8c84fa94-04c1-424b-9868-57a2d4851a1d" relativeResultsDirectory="435f12c9-9340-4793-bf99-1d582b119729" />
    <UnitTestResult executionId="c2a8df6b-4b3b-466e-b59c-27938fcd7a56" testId="7846d9ed-3cef-0cbd-2b1f-638be6a96222" testName="Nzr.ToolBox.Core.Tests.CollectionUtilsTests.ContainsAny_WithEnumerableAndNonOfOtherElements_ShouldReturnFalse" computerName="WORKSTATION" duration="00:00:00.0010000" startTime="2019-11-17T17:03:06.5778376-03:00" endTime="2019-11-17T17:03:06.5778378-03:00" testType="13cdc9d9-ddb5-4fa4-a97d-d965ccfc6d4b" outcome="Passed" testListId="8c84fa94-04c1-424b-9868-57a2d4851a1d" relativeResultsDirectory="c2a8df6b-4b3b-466e-b59c-27938fcd7a56" />
    <UnitTestResult executionId="957b9ac2-533e-4e2e-b026-59468e3ce6c2" testId="4d8283f4-8639-27d1-44ac-751f4d8f3078" testName="Nzr.ToolBox.Core.Tests.StringUtilsTest.ContainsAll_WithStringContainigAllSubstrings_ShouldReturnTrue" computerName="WORKSTATION" duration="00:00:00.0010000" startTime="2019-11-17T17:03:06.5246715-03:00" endTime="2019-11-17T17:03:06.5246719-03:00" testType="13cdc9d9-ddb5-4fa4-a97d-d965ccfc6d4b" outcome="Passed" testListId="8c84fa94-04c1-424b-9868-57a2d4851a1d" relativeResultsDirectory="957b9ac2-533e-4e2e-b026-59468e3ce6c2" />
    <UnitTestResult executionId="7edb1ef1-9243-43cf-ae42-180fd9833782" testId="19186bcb-3af3-b5ce-1c9e-381f7e643b61" testName="Nzr.ToolBox.Core.Tests.BooleanUtilsTests.ToBool_WithPositiveString_ShouldReturnTrue(value: &quot;Oui&quot;)" computerName="WORKSTATION" duration="00:00:00.0010000" startTime="2019-11-17T17:03:06.4878695-03:00" endTime="2019-11-17T17:03:06.4878698-03:00" testType="13cdc9d9-ddb5-4fa4-a97d-d965ccfc6d4b" outcome="Passed" testListId="8c84fa94-04c1-424b-9868-57a2d4851a1d" relativeResultsDirectory="7edb1ef1-9243-43cf-ae42-180fd9833782" />
    <UnitTestResult executionId="e5f6494f-174a-42d7-81bd-bbdc4bc42ca8" testId="db3b74da-9390-9353-7e36-7ce7be8597b2" testName="Nzr.ToolBox.Core.Tests.BooleanUtilsTests.ToBool_WithPositiveString_ShouldReturnTrue(value: &quot;1&quot;)" computerName="WORKSTATION" duration="00:00:00.0010000" startTime="2019-11-17T17:03:06.4872953-03:00" endTime="2019-11-17T17:03:06.4872956-03:00" testType="13cdc9d9-ddb5-4fa4-a97d-d965ccfc6d4b" outcome="Passed" testListId="8c84fa94-04c1-424b-9868-57a2d4851a1d" relativeResultsDirectory="e5f6494f-174a-42d7-81bd-bbdc4bc42ca8" />
    <UnitTestResult executionId="81e38fbd-3f42-4c9b-95bf-edac479f622e" testId="f473e635-7655-edd1-44e6-2fcea27cde20" testName="Nzr.ToolBox.Core.Tests.RandomUtilsTest.RandomFloat_ShouldReturnUniqueValues(iterations: 10000, seed: null)" computerName="WORKSTATION" duration="00:00:00.0660000" startTime="2019-11-17T17:03:07.0120178-03:00" endTime="2019-11-17T17:03:07.0120187-03:00" testType="13cdc9d9-ddb5-4fa4-a97d-d965ccfc6d4b" outcome="Passed" testListId="8c84fa94-04c1-424b-9868-57a2d4851a1d" relativeResultsDirectory="81e38fbd-3f42-4c9b-95bf-edac479f622e" />
    <UnitTestResult executionId="f7588340-3cbc-470d-8a79-909fe072e156" testId="c503249d-5537-fc1c-c402-620be402a09c" testName="Nzr.ToolBox.Core.Tests.BooleanUtilsTests.IsAnyTrue_WithOneTrueValue_ShouldReturnTrue" computerName="WORKSTATION" duration="00:00:00.0010000" startTime="2019-11-17T17:03:06.5160381-03:00" endTime="2019-11-17T17:03:06.5160384-03:00" testType="13cdc9d9-ddb5-4fa4-a97d-d965ccfc6d4b" outcome="Passed" testListId="8c84fa94-04c1-424b-9868-57a2d4851a1d" relativeResultsDirectory="f7588340-3cbc-470d-8a79-909fe072e156" />
    <UnitTestResult executionId="4ba40405-243c-4243-8d9a-8df857106538" testId="3b3f03b2-7036-9975-1ea0-fbee6b6a40d0" testName="Nzr.ToolBox.Core.Tests.CollectionUtilsTests.EmptyIfNull_WithNonNullGenericEnumerable_ShouldTheEnumerable" computerName="WORKSTATION" duration="00:00:00.0020000" startTime="2019-11-17T17:03:06.5741619-03:00" endTime="2019-11-17T17:03:06.5741621-03:00" testType="13cdc9d9-ddb5-4fa4-a97d-d965ccfc6d4b" outcome="Passed" testListId="8c84fa94-04c1-424b-9868-57a2d4851a1d" relativeResultsDirectory="4ba40405-243c-4243-8d9a-8df857106538" />
    <UnitTestResult executionId="a9c154ba-8b1f-4f26-9136-b45cda136f53" testId="35a949bc-25b1-b507-0940-c12b7933499b" testName="Nzr.ToolBox.Core.Tests.NumberUtilsTest.PadLeft_WithNumersOfSameSize_ShouldNotAppendChars" computerName="WORKSTATION" duration="00:00:00.0010000" startTime="2019-11-17T17:03:06.6198545-03:00" endTime="2019-11-17T17:03:06.6198547-03:00" testType="13cdc9d9-ddb5-4fa4-a97d-d965ccfc6d4b" outcome="Passed" testListId="8c84fa94-04c1-424b-9868-57a2d4851a1d" relativeResultsDirectory="a9c154ba-8b1f-4f26-9136-b45cda136f53" />
    <UnitTestResult executionId="c925907d-9636-436a-81ce-9a5e3be15060" testId="dbff4c7a-b8c7-3550-f81a-813f19773541" testName="Nzr.ToolBox.Core.Tests.StringUtilsTest.IsNotBlank_WithBlankString_ShouldReturnFalse" computerName="WORKSTATION" duration="00:00:00.0010000" startTime="2019-11-17T17:03:06.6083193-03:00" endTime="2019-11-17T17:03:06.6083196-03:00" testType="13cdc9d9-ddb5-4fa4-a97d-d965ccfc6d4b" outcome="Passed" testListId="8c84fa94-04c1-424b-9868-57a2d4851a1d" relativeResultsDirectory="c925907d-9636-436a-81ce-9a5e3be15060" />
    <UnitTestResult executionId="bb9cf43e-0931-4065-99e3-8b5aef816c93" testId="d28a0297-760c-4cec-387e-c15f0b69f3a0" testName="Nzr.ToolBox.Core.Tests.CollectionUtilsTests.IndexOf_WithNullArray_ShouldReturnMinusOne" computerName="WORKSTATION" duration="00:00:00.0010000" startTime="2019-11-17T17:03:06.5975249-03:00" endTime="2019-11-17T17:03:06.5975254-03:00" testType="13cdc9d9-ddb5-4fa4-a97d-d965ccfc6d4b" outcome="Passed" testListId="8c84fa94-04c1-424b-9868-57a2d4851a1d" relativeResultsDirectory="bb9cf43e-0931-4065-99e3-8b5aef816c93" />
    <UnitTestResult executionId="3ad86884-5110-4ff1-9ada-1c13481739b6" testId="3ab1d9fd-ee54-2c49-9b7b-7e9dfe78dfc4" testName="Nzr.ToolBox.Core.Tests.StringUtilsTest.IsAnyEmpty_WithNullOrEmptyStrings_ShouldReturnTrue" computerName="WORKSTATION" duration="00:00:00.0010000" startTime="2019-11-17T17:03:06.5693742-03:00" endTime="2019-11-17T17:03:06.5693746-03:00" testType="13cdc9d9-ddb5-4fa4-a97d-d965ccfc6d4b" outcome="Passed" testListId="8c84fa94-04c1-424b-9868-57a2d4851a1d" relativeResultsDirectory="3ad86884-5110-4ff1-9ada-1c13481739b6" />
    <UnitTestResult executionId="390b3283-1a6c-466c-a846-1b9502a663c3" testId="2c201a1d-9f85-d5be-eef4-f589b3eee5e9" testName="Nzr.ToolBox.Core.Tests.ObjectUtilsTest.ToDynamic_WithEntity_ShouldReturnDynamic" computerName="WORKSTATION" duration="00:00:00.2000000" startTime="2019-11-17T17:03:07.1268491-03:00" endTime="2019-11-17T17:03:07.1268499-03:00" testType="13cdc9d9-ddb5-4fa4-a97d-d965ccfc6d4b" outcome="Passed" testListId="8c84fa94-04c1-424b-9868-57a2d4851a1d" relativeResultsDirectory="390b3283-1a6c-466c-a846-1b9502a663c3" />
    <UnitTestResult executionId="6ebb8d6d-f3e2-4b3f-a5bc-55fd610d1c89" testId="a4e247c1-e033-133c-2021-0a91453ae408" testName="Nzr.ToolBox.Core.Tests.NumberUtilsTest.PadLeft_WithNumersOFLowerLength_ShouldAppendChars" computerName="WORKSTATION" duration="00:00:00.0010000" startTime="2019-11-17T17:03:06.4072891-03:00" endTime="2019-11-17T17:03:06.4072894-03:00" testType="13cdc9d9-ddb5-4fa4-a97d-d965ccfc6d4b" outcome="Passed" testListId="8c84fa94-04c1-424b-9868-57a2d4851a1d" relativeResultsDirectory="6ebb8d6d-f3e2-4b3f-a5bc-55fd610d1c89" />
    <UnitTestResult executionId="f1387033-ec58-450c-ba0e-e8d58e942cfe" testId="dac9dc92-a823-6cea-bf4c-1b3253c3dca3" testName="Nzr.ToolBox.Core.Tests.StringUtilsTest.Remove_WithNullString_ShouldReturnNull" computerName="WORKSTATION" duration="00:00:00.0010000" startTime="2019-11-17T17:03:06.4034006-03:00" endTime="2019-11-17T17:03:06.4034009-03:00" testType="13cdc9d9-ddb5-4fa4-a97d-d965ccfc6d4b" outcome="Passed" testListId="8c84fa94-04c1-424b-9868-57a2d4851a1d" relativeResultsDirectory="f1387033-ec58-450c-ba0e-e8d58e942cfe" />
    <UnitTestResult executionId="dd79f632-76c4-4a52-b9aa-94cad2322419" testId="16b669e8-8590-1a4a-5e26-b385242802e4" testName="Nzr.ToolBox.Core.Tests.RandomUtilsTest.RandomBoolean_ShouldReturnUniqueValues(iterations: 10000, seed: 1)" computerName="WORKSTATION" duration="00:00:00.0970000" startTime="2019-11-17T17:03:06.5935738-03:00" endTime="2019-11-17T17:03:06.5935745-03:00" testType="13cdc9d9-ddb5-4fa4-a97d-d965ccfc6d4b" outcome="Passed" testListId="8c84fa94-04c1-424b-9868-57a2d4851a1d" relativeResultsDirectory="dd79f632-76c4-4a52-b9aa-94cad2322419" />
    <UnitTestResult executionId="1b65b1ea-5a60-4710-ad9e-f73a61895100" testId="22bfdebd-96a0-0b21-9eb3-2ebda1d58ee2" testName="Nzr.ToolBox.Core.Tests.ObjectUtilsTest.FirstNonNull_WithAllNull_ShouldReturnNull" computerName="WORKSTATION" duration="00:00:00.0010000" startTime="2019-11-17T17:03:06.9150381-03:00" endTime="2019-11-17T17:03:06.9150385-03:00" testType="13cdc9d9-ddb5-4fa4-a97d-d965ccfc6d4b" outcome="Passed" testListId="8c84fa94-04c1-424b-9868-57a2d4851a1d" relativeResultsDirectory="1b65b1ea-5a60-4710-ad9e-f73a61895100" />
    <UnitTestResult executionId="7292e672-7ecb-4589-959a-1905ea74de53" testId="9fb46542-0618-28a9-23e6-da1922161605" testName="Nzr.ToolBox.Core.Tests.StringUtilsTest.ContainsAny_WithOrdinalIgnoreCaseNullString_ShouldReturnFalse" computerName="WORKSTATION" duration="00:00:00.0010000" startTime="2019-11-17T17:03:06.5244365-03:00" endTime="2019-11-17T17:03:06.5244368-03:00" testType="13cdc9d9-ddb5-4fa4-a97d-d965ccfc6d4b" outcome="Passed" testListId="8c84fa94-04c1-424b-9868-57a2d4851a1d" relativeResultsDirectory="7292e672-7ecb-4589-959a-1905ea74de53" />
    <UnitTestResult executionId="cecf99ac-1696-46d3-8ca6-1ddab490e6c7" testId="265af543-0d1a-56da-e209-7d56a3acc7da" testName="Nzr.ToolBox.Core.Tests.StringUtilsTest.RemoveStart_WithNull_ShouldReturnNull" computerName="WORKSTATION" duration="00:00:00.0010000" startTime="2019-11-17T17:03:06.5538536-03:00" endTime="2019-11-17T17:03:06.5538539-03:00" testType="13cdc9d9-ddb5-4fa4-a97d-d965ccfc6d4b" outcome="Passed" testListId="8c84fa94-04c1-424b-9868-57a2d4851a1d" relativeResultsDirectory="cecf99ac-1696-46d3-8ca6-1ddab490e6c7" />
    <UnitTestResult executionId="6128a8e2-884a-4ae8-a3d6-2192553515de" testId="8735994f-5f9e-38e3-dd8d-e45cd5a00faf" testName="Nzr.ToolBox.Core.Tests.CollectionUtilsTests.IsEmpty_WithNonEmpty_ShouldReturnFalse" computerName="WORKSTATION" duration="00:00:00.0010000" startTime="2019-11-17T17:03:06.5543426-03:00" endTime="2019-11-17T17:03:06.5543429-03:00" testType="13cdc9d9-ddb5-4fa4-a97d-d965ccfc6d4b" outcome="Passed" testListId="8c84fa94-04c1-424b-9868-57a2d4851a1d" relativeResultsDirectory="6128a8e2-884a-4ae8-a3d6-2192553515de" />
    <UnitTestResult executionId="f5d90297-472c-4d8b-97d0-e7c7e8fc95cd" testId="5c211a1b-af5c-0baa-3971-de7e6e4f1565" testName="Nzr.ToolBox.Core.Tests.StringUtilsTest.IsIsBlank_WithBlankString_ShouldReturnTrue" computerName="WORKSTATION" duration="00:00:00.0010000" startTime="2019-11-17T17:03:06.5492994-03:00" endTime="2019-11-17T17:03:06.5492997-03:00" testType="13cdc9d9-ddb5-4fa4-a97d-d965ccfc6d4b" outcome="Passed" testListId="8c84fa94-04c1-424b-9868-57a2d4851a1d" relativeResultsDirectory="f5d90297-472c-4d8b-97d0-e7c7e8fc95cd" />
    <UnitTestResult executionId="0ba9bda1-25d3-4f3a-9862-880edaa72c40" testId="8d4c2e72-586a-f338-d7f5-e113d3234b28" testName="Nzr.ToolBox.Core.Tests.StringUtilsTest.IsAnyEmpty_WithOneNonEmpty_ShouldReturnTrue" computerName="WORKSTATION" duration="00:00:00.0010000" startTime="2019-11-17T17:03:06.6159089-03:00" endTime="2019-11-17T17:03:06.6159091-03:00" testType="13cdc9d9-ddb5-4fa4-a97d-d965ccfc6d4b" outcome="Passed" testListId="8c84fa94-04c1-424b-9868-57a2d4851a1d" relativeResultsDirectory="0ba9bda1-25d3-4f3a-9862-880edaa72c40" />
    <UnitTestResult executionId="32a1abf3-6f9e-452a-a483-75af1e7f0e75" testId="897538ba-11dc-3a08-eecb-d0948a1cd8fe" testName="Nzr.ToolBox.Core.Tests.CollectionUtilsTests.ContainsAll_WithNullSourceEnumerable_ShouldReturnTrue" computerName="WORKSTATION" duration="00:00:00.0020000" startTime="2019-11-17T17:03:06.5742779-03:00" endTime="2019-11-17T17:03:06.5742782-03:00" testType="13cdc9d9-ddb5-4fa4-a97d-d965ccfc6d4b" outcome="Passed" testListId="8c84fa94-04c1-424b-9868-57a2d4851a1d" relativeResultsDirectory="32a1abf3-6f9e-452a-a483-75af1e7f0e75" />
    <UnitTestResult executionId="c8a906f8-6d43-46d1-a8a4-b89837c622ff" testId="7437cae0-313c-688c-b0a7-4e994a4fbb85" testName="Nzr.ToolBox.Core.Tests.BooleanUtilsTests.ToBool_WithPositiveString_ShouldReturnTrue(value: &quot;true&quot;)" computerName="WORKSTATION" duration="00:00:00.0010000" startTime="2019-11-17T17:03:06.4875908-03:00" endTime="2019-11-17T17:03:06.4875910-03:00" testType="13cdc9d9-ddb5-4fa4-a97d-d965ccfc6d4b" outcome="Passed" testListId="8c84fa94-04c1-424b-9868-57a2d4851a1d" relativeResultsDirectory="c8a906f8-6d43-46d1-a8a4-b89837c622ff" />
    <UnitTestResult executionId="39fb6882-c54e-4225-8b06-24405ed3ecfb" testId="50f24cab-68bb-0a36-1c30-0ae9a001fb12" testName="Nzr.ToolBox.Core.Tests.StringUtilsTest.ContainsNone_WithStringContainingOneOfSubstring_ShouldReturnFalse" computerName="WORKSTATION" duration="00:00:00.0010000" startTime="2019-11-17T17:03:06.5738066-03:00" endTime="2019-11-17T17:03:06.5738069-03:00" testType="13cdc9d9-ddb5-4fa4-a97d-d965ccfc6d4b" outcome="Passed" testListId="8c84fa94-04c1-424b-9868-57a2d4851a1d" relativeResultsDirectory="39fb6882-c54e-4225-8b06-24405ed3ecfb" />
    <UnitTestResult executionId="aeec25fb-fa75-4afa-bd13-29c22cf6133e" testId="b89dea80-2b79-97b6-0fdd-76dc58be24ef" testName="Nzr.ToolBox.Core.Tests.StringUtilsTest.DescribeIfNone_WithNull_ShouldReturnNullString" computerName="WORKSTATION" duration="00:00:00.0420000" startTime="2019-11-17T17:03:06.5979009-03:00" endTime="2019-11-17T17:03:06.5979012-03:00" testType="13cdc9d9-ddb5-4fa4-a97d-d965ccfc6d4b" outcome="Passed" testListId="8c84fa94-04c1-424b-9868-57a2d4851a1d" relativeResultsDirectory="aeec25fb-fa75-4afa-bd13-29c22cf6133e" />
    <UnitTestResult executionId="cb23af9a-de3c-42d0-8474-c4e33b7c2fc0" testId="6fbbc600-2200-4b3a-d83e-2d0b6029d73a" testName="Nzr.ToolBox.Core.Tests.StringUtilsTest.GetFirstNonEmpty_WithOnlyEmptyString_ShouldReturnNull" computerName="WORKSTATION" duration="00:00:00.0010000" startTime="2019-11-17T17:03:06.6120723-03:00" endTime="2019-11-17T17:03:06.6120725-03:00" testType="13cdc9d9-ddb5-4fa4-a97d-d965ccfc6d4b" outcome="Passed" testListId="8c84fa94-04c1-424b-9868-57a2d4851a1d" relativeResultsDirectory="cb23af9a-de3c-42d0-8474-c4e33b7c2fc0" />
    <UnitTestResult executionId="4b0c5a06-f866-45fa-8ced-bef299aa8fee" testId="bf218aab-52af-cc9e-72e7-0a8ba644e891" testName="Nzr.ToolBox.Core.Tests.ReflectionUtilsTest.GetValue_WithPropertyPath_ShouldReturnNestedValues" computerName="WORKSTATION" duration="00:00:00.0630000" startTime="2019-11-17T17:03:06.4780768-03:00" endTime="2019-11-17T17:03:06.4780771-03:00" testType="13cdc9d9-ddb5-4fa4-a97d-d965ccfc6d4b" outcome="Passed" testListId="8c84fa94-04c1-424b-9868-57a2d4851a1d" relativeResultsDirectory="4b0c5a06-f866-45fa-8ced-bef299aa8fee" />
    <UnitTestResult executionId="e8b14f47-87cf-4677-a6ca-2af483763a62" testId="4fc60e12-0185-2c5a-0a5f-4321c6a89099" testName="Nzr.ToolBox.Core.Tests.StringUtilsTest.IsAllEmpty_WithNullOrEmptyStrings_ShouldReturnTrue" computerName="WORKSTATION" duration="00:00:00.0010000" startTime="2019-11-17T17:03:06.5734187-03:00" endTime="2019-11-17T17:03:06.5734191-03:00" testType="13cdc9d9-ddb5-4fa4-a97d-d965ccfc6d4b" outcome="Passed" testListId="8c84fa94-04c1-424b-9868-57a2d4851a1d" relativeResultsDirectory="e8b14f47-87cf-4677-a6ca-2af483763a62" />
    <UnitTestResult executionId="a8a38e76-99c7-4479-97db-f09851ec6cdb" testId="8cfb34fe-4adc-92b2-4e95-dd104149bccb" testName="Nzr.ToolBox.Core.Tests.StringUtilsTest.Repeat_WithNonNull_ShouldReturnValuesTimesGiven" computerName="WORKSTATION" duration="00:00:00.0350000" startTime="2019-11-17T17:03:06.5854103-03:00" endTime="2019-11-17T17:03:06.5854107-03:00" testType="13cdc9d9-ddb5-4fa4-a97d-d965ccfc6d4b" outcome="Passed" testListId="8c84fa94-04c1-424b-9868-57a2d4851a1d" relativeResultsDirectory="a8a38e76-99c7-4479-97db-f09851ec6cdb" />
    <UnitTestResult executionId="1fe6f074-e28d-4f39-a6f5-2a83be1819ae" testId="011a8669-96b9-3bc3-27c4-fe49bafbe5b9" testName="Nzr.ToolBox.Core.Tests.StringUtilsTest.Prefix_WithExistingPrefix_ShouldNotAddPrefix" computerName="WORKSTATION" duration="00:00:00.0010000" startTime="2019-11-17T17:03:06.6085948-03:00" endTime="2019-11-17T17:03:06.6085951-03:00" testType="13cdc9d9-ddb5-4fa4-a97d-d965ccfc6d4b" outcome="Passed" testListId="8c84fa94-04c1-424b-9868-57a2d4851a1d" relativeResultsDirectory="1fe6f074-e28d-4f39-a6f5-2a83be1819ae" />
    <UnitTestResult executionId="7f0692be-16b6-47a8-91d2-9b5b55563cce" testId="3d424701-5226-50f9-524c-4e51fbb2a07f" testName="Nzr.ToolBox.Core.Tests.CollectionUtilsTests.GetKey_WithNullDictionary_ShouldReturnDefault" computerName="WORKSTATION" duration="00:00:00.0010000" startTime="2019-11-17T17:03:06.5852934-03:00" endTime="2019-11-17T17:03:06.5852941-03:00" testType="13cdc9d9-ddb5-4fa4-a97d-d965ccfc6d4b" outcome="Passed" testListId="8c84fa94-04c1-424b-9868-57a2d4851a1d" relativeResultsDirectory="7f0692be-16b6-47a8-91d2-9b5b55563cce" />
    <UnitTestResult executionId="f543393b-7262-4eb3-9ba2-3afda5c61cbe" testId="ef3db43b-1e0a-f198-9720-31d80f533fc8" testName="Nzr.ToolBox.Core.Tests.ObjectUtilsTest.FirstNonNull_WithAnyNonNull_ShouldReturnFirstNonNull" computerName="WORKSTATION" duration="00:00:00.0330000" startTime="2019-11-17T17:03:06.3957005-03:00" endTime="2019-11-17T17:03:06.3957013-03:00" testType="13cdc9d9-ddb5-4fa4-a97d-d965ccfc6d4b" outcome="Passed" testListId="8c84fa94-04c1-424b-9868-57a2d4851a1d" relativeResultsDirectory="f543393b-7262-4eb3-9ba2-3afda5c61cbe" />
    <UnitTestResult executionId="f3cc54a5-fd26-4f90-9e78-065bd6184803" testId="dab0ade5-f6da-c40f-8aa3-6cf074bc0e23" testName="Nzr.ToolBox.Core.Tests.RandomUtilsTest.RandomLong_ShouldReturnUniqueValues(iterations: 10000, seed: 1)" computerName="WORKSTATION" duration="00:00:00.0620000" startTime="2019-11-17T17:03:06.7453339-03:00" endTime="2019-11-17T17:03:06.7453356-03:00" testType="13cdc9d9-ddb5-4fa4-a97d-d965ccfc6d4b" outcome="Passed" testListId="8c84fa94-04c1-424b-9868-57a2d4851a1d" relativeResultsDirectory="f3cc54a5-fd26-4f90-9e78-065bd6184803" />
    <UnitTestResult executionId="c70e71b4-825e-4882-9b99-3c1532dc65ba" testId="4d537f97-5a8f-3fc0-24c7-b07e074344e7" testName="Nzr.ToolBox.Core.Tests.BooleanUtilsTests.ToBool_WithPositiveString_ShouldReturnTrue(value: &quot;Yes&quot;)" computerName="WORKSTATION" duration="00:00:00.0010000" startTime="2019-11-17T17:03:06.4877772-03:00" endTime="2019-11-17T17:03:06.4877774-03:00" testType="13cdc9d9-ddb5-4fa4-a97d-d965ccfc6d4b" outcome="Passed" testListId="8c84fa94-04c1-424b-9868-57a2d4851a1d" relativeResultsDirectory="c70e71b4-825e-4882-9b99-3c1532dc65ba" />
    <UnitTestResult executionId="fd5bc4e3-07f1-4ce5-bb37-00713e7cd8d7" testId="a34cc59c-504f-45fa-746c-15b1a11e5627" testName="Nzr.ToolBox.Core.Tests.BooleanUtilsTests.IsAnyFalse_WithOneFalseValue_ShouldReturnTrue" computerName="WORKSTATION" duration="00:00:00.0010000" startTime="2019-11-17T17:03:06.5118946-03:00" endTime="2019-11-17T17:03:06.5118949-03:00" testType="13cdc9d9-ddb5-4fa4-a97d-d965ccfc6d4b" outcome="Passed" testListId="8c84fa94-04c1-424b-9868-57a2d4851a1d" relativeResultsDirectory="fd5bc4e3-07f1-4ce5-bb37-00713e7cd8d7" />
    <UnitTestResult executionId="1a1e9bdb-9b84-416c-a7e6-fa2ae858fe35" testId="363f802a-8301-cdba-d629-1b88c66660e3" testName="Nzr.ToolBox.Core.Tests.CollectionUtilsTests.ForEach_WithEnumerable_ShouldExecuteFunction" computerName="WORKSTATION" duration="00:00:00.0010000" startTime="2019-11-17T17:03:06.6156367-03:00" endTime="2019-11-17T17:03:06.6156370-03:00" testType="13cdc9d9-ddb5-4fa4-a97d-d965ccfc6d4b" outcome="Passed" testListId="8c84fa94-04c1-424b-9868-57a2d4851a1d" relativeResultsDirectory="1a1e9bdb-9b84-416c-a7e6-fa2ae858fe35" />
    <UnitTestResult executionId="1b035574-09f9-45f9-9e09-cfab3165d225" testId="44eff8ca-e64d-d8d4-6361-cfa3c75ede11" testName="Nzr.ToolBox.Core.Tests.BooleanUtilsTests.Describe_WihTrueValueAndWithDefaultYesString_ShouldReturnYes" computerName="WORKSTATION" duration="00:00:00.0010000" startTime="2019-11-17T17:03:06.5156986-03:00" endTime="2019-11-17T17:03:06.5156989-03:00" testType="13cdc9d9-ddb5-4fa4-a97d-d965ccfc6d4b" outcome="Passed" testListId="8c84fa94-04c1-424b-9868-57a2d4851a1d" relativeResultsDirectory="1b035574-09f9-45f9-9e09-cfab3165d225" />
    <UnitTestResult executionId="5d6db0e4-6f12-49a0-ab56-706d403a22fc" testId="48363db6-7d73-92e2-7a0b-07d8a9dcb62e" testName="Nzr.ToolBox.Core.Tests.CollectionUtilsTests.Add_WithNullCollection_ShouldNotAddAllElements" computerName="WORKSTATION" duration="00:00:00.0010000" startTime="2019-11-17T17:03:06.6192598-03:00" endTime="2019-11-17T17:03:06.6192601-03:00" testType="13cdc9d9-ddb5-4fa4-a97d-d965ccfc6d4b" outcome="Passed" testListId="8c84fa94-04c1-424b-9868-57a2d4851a1d" relativeResultsDirectory="5d6db0e4-6f12-49a0-ab56-706d403a22fc" />
    <UnitTestResult executionId="d53afcdc-fd31-4b96-b428-e6a29bb1f47e" testId="d6c3c325-4119-8dd1-476b-5d0386c6cccf" testName="Nzr.ToolBox.Core.Tests.StringUtilsTest.DescribeIfNone_WithRegularString_ShouldReturnString" computerName="WORKSTATION" duration="00:00:00.0010000" startTime="2019-11-17T17:03:06.4779453-03:00" endTime="2019-11-17T17:03:06.4779457-03:00" testType="13cdc9d9-ddb5-4fa4-a97d-d965ccfc6d4b" outcome="Passed" testListId="8c84fa94-04c1-424b-9868-57a2d4851a1d" relativeResultsDirectory="d53afcdc-fd31-4b96-b428-e6a29bb1f47e" />
    <UnitTestResult executionId="a5832528-fc95-47cd-89f8-39bb330ba9be" testId="7afb5e69-89d1-7f64-d310-d8ca755d44a5" testName="Nzr.ToolBox.Core.Tests.NumberUtilsTest.Sum_ShouldReturnSummedValues" computerName="WORKSTATION" duration="00:00:00.0060000" startTime="2019-11-17T17:03:06.6197356-03:00" endTime="2019-11-17T17:03:06.6197359-03:00" testType="13cdc9d9-ddb5-4fa4-a97d-d965ccfc6d4b" outcome="Passed" testListId="8c84fa94-04c1-424b-9868-57a2d4851a1d" relativeResultsDirectory="a5832528-fc95-47cd-89f8-39bb330ba9be" />
    <UnitTestResult executionId="360ed91c-47a5-436a-b686-d5e598eb2e52" testId="5696e255-6884-a5ec-7659-9a5e21d95d2f" testName="Nzr.ToolBox.Core.Tests.DateTimeUtilsTest.Equals_WithMillisOfDiffAndNoTolerance_ShouldReturnFalse" computerName="WORKSTATION" duration="00:00:00.0010000" startTime="2019-11-17T17:03:06.4869495-03:00" endTime="2019-11-17T17:03:06.4869501-03:00" testType="13cdc9d9-ddb5-4fa4-a97d-d965ccfc6d4b" outcome="Passed" testListId="8c84fa94-04c1-424b-9868-57a2d4851a1d" relativeResultsDirectory="360ed91c-47a5-436a-b686-d5e598eb2e52" />
    <UnitTestResult executionId="38428ec3-d76c-4c49-92ad-51be3b5201d0" testId="e8ec249d-dc87-2471-df22-5e2bd5f5cfd6" testName="Nzr.ToolBox.Core.Tests.ObjectUtilsTest.RequireNonNull_WithNonNull_ShouldNotThrowExcetpion" computerName="WORKSTATION" duration="00:00:00.0010000" startTime="2019-11-17T17:03:06.9131755-03:00" endTime="2019-11-17T17:03:06.9131759-03:00" testType="13cdc9d9-ddb5-4fa4-a97d-d965ccfc6d4b" outcome="Passed" testListId="8c84fa94-04c1-424b-9868-57a2d4851a1d" relativeResultsDirectory="38428ec3-d76c-4c49-92ad-51be3b5201d0" />
    <UnitTestResult executionId="b2319907-d3c7-431b-931b-8c4656d4d280" testId="db495440-895e-2929-0413-74f28674d8ff" testName="Nzr.ToolBox.Core.Tests.RandomUtilsTest.RandomFloat_ShouldReturnUniqueValues(iterations: 10000, seed: 1)" computerName="WORKSTATION" duration="00:00:00.0560000" startTime="2019-11-17T17:03:07.0687129-03:00" endTime="2019-11-17T17:03:07.0687137-03:00" testType="13cdc9d9-ddb5-4fa4-a97d-d965ccfc6d4b" outcome="Passed" testListId="8c84fa94-04c1-424b-9868-57a2d4851a1d" relativeResultsDirectory="b2319907-d3c7-431b-931b-8c4656d4d280" />
    <UnitTestResult executionId="cdacbd6b-3521-47ad-890d-964b5cfd0da0" testId="f87c411f-32d8-e0c9-1a61-7c5c01be8af6" testName="Nzr.ToolBox.Core.Tests.RandomUtilsTest.RandomShort_ShouldReturnUniqueValues(iterations: 10000, seed: 1)" computerName="WORKSTATION" duration="00:00:00.0680000" startTime="2019-11-17T17:03:06.9116066-03:00" endTime="2019-11-17T17:03:06.9116069-03:00" testType="13cdc9d9-ddb5-4fa4-a97d-d965ccfc6d4b" outcome="Passed" testListId="8c84fa94-04c1-424b-9868-57a2d4851a1d" relativeResultsDirectory="cdacbd6b-3521-47ad-890d-964b5cfd0da0" />
    <UnitTestResult executionId="97318f5a-d888-4859-bd7d-16e60cae49cc" testId="61955263-2d18-b04f-1074-d886d947e055" testName="Nzr.ToolBox.Core.Tests.BooleanUtilsTests.ToBool_WithNonPositiveString_ShouldReturnFalse(value: &quot;Não&quot;)" computerName="WORKSTATION" duration="00:00:00.0010000" startTime="2019-11-17T17:03:06.4964320-03:00" endTime="2019-11-17T17:03:06.4964323-03:00" testType="13cdc9d9-ddb5-4fa4-a97d-d965ccfc6d4b" outcome="Passed" testListId="8c84fa94-04c1-424b-9868-57a2d4851a1d" relativeResultsDirectory="97318f5a-d888-4859-bd7d-16e60cae49cc" />
    <UnitTestResult executionId="12d591d4-15e7-4089-bf7c-894f5931adec" testId="185eb6a1-d1e2-a7ae-f655-06a68724793c" testName="Nzr.ToolBox.Core.Tests.CollectionUtilsTests.ContainsAny_WithNullRefEnumerable_ShouldReturnFalse" computerName="WORKSTATION" duration="00:00:00.0010000" startTime="2019-11-17T17:03:06.5939918-03:00" endTime="2019-11-17T17:03:06.5939922-03:00" testType="13cdc9d9-ddb5-4fa4-a97d-d965ccfc6d4b" outcome="Passed" testListId="8c84fa94-04c1-424b-9868-57a2d4851a1d" relativeResultsDirectory="12d591d4-15e7-4089-bf7c-894f5931adec" />
    <UnitTestResult executionId="f2d30674-3b45-490b-af29-bfa0a2314fdb" testId="ef1cb9b1-5ade-bdda-d597-f65de556664c" testName="Nzr.ToolBox.Core.Tests.CollectionUtilsTests.GetKey_WithNullInput_ShouldReturnNull" computerName="WORKSTATION" duration="00:00:00.0010000" startTime="2019-11-17T17:03:06.6162732-03:00" endTime="2019-11-17T17:03:06.6162735-03:00" testType="13cdc9d9-ddb5-4fa4-a97d-d965ccfc6d4b" outcome="Passed" testListId="8c84fa94-04c1-424b-9868-57a2d4851a1d" relativeResultsDirectory="f2d30674-3b45-490b-af29-bfa0a2314fdb" />
    <UnitTestResult executionId="915f757e-9bc4-4371-b3a7-864a1dd5955b" testId="8851b8ca-4481-2bea-be87-f6ae65909b6d" testName="Nzr.ToolBox.Core.Tests.CollectionUtilsTests.Get_WithEnumerableWithExistingIndex_ShouldReturnValue" computerName="WORKSTATION" duration="00:00:00.0010000" startTime="2019-11-17T17:03:06.6019990-03:00" endTime="2019-11-17T17:03:06.6019993-03:00" testType="13cdc9d9-ddb5-4fa4-a97d-d965ccfc6d4b" outcome="Passed" testListId="8c84fa94-04c1-424b-9868-57a2d4851a1d" relativeResultsDirectory="915f757e-9bc4-4371-b3a7-864a1dd5955b" />
    <UnitTestResult executionId="fde72e4d-ea0e-4da4-8081-50a99b837bb4" testId="abaeb843-e95d-5629-dacd-9477aefd8dd6" testName="Nzr.ToolBox.Core.Tests.NumberUtilsTest.Min_ShouldReturnMinValues" computerName="WORKSTATION" duration="00:00:00.0060000" startTime="2019-11-17T17:03:06.6269120-03:00" endTime="2019-11-17T17:03:06.6269126-03:00" testType="13cdc9d9-ddb5-4fa4-a97d-d965ccfc6d4b" outcome="Passed" testListId="8c84fa94-04c1-424b-9868-57a2d4851a1d" relativeResultsDirectory="fde72e4d-ea0e-4da4-8081-50a99b837bb4" />
    <UnitTestResult executionId="ea9b99f8-2e5d-47e2-be5d-1c93e8027dd0" testId="0895ad80-dce9-06a7-5602-3c72da5f8da6" testName="Nzr.ToolBox.Core.Tests.CollectionUtilsTests.Add_WithListAsArgument_ShouldAddAllElements" computerName="WORKSTATION" duration="00:00:00.0020000" startTime="2019-11-17T17:03:06.5851766-03:00" endTime="2019-11-17T17:03:06.5851769-03:00" testType="13cdc9d9-ddb5-4fa4-a97d-d965ccfc6d4b" outcome="Passed" testListId="8c84fa94-04c1-424b-9868-57a2d4851a1d" relativeResultsDirectory="ea9b99f8-2e5d-47e2-be5d-1c93e8027dd0" />
    <UnitTestResult executionId="bc6154ce-ff0d-4363-98ee-7f58bf5263f3" testId="7f60703b-ccac-d67a-af2c-d0f5218965ff" testName="Nzr.ToolBox.Core.Tests.BooleanUtilsTests.ToBool_WithPositiveString_ShouldReturnTrue(value: &quot;Sim&quot;)" computerName="WORKSTATION" duration="00:00:00.0010000" startTime="2019-11-17T17:03:06.4873903-03:00" endTime="2019-11-17T17:03:06.4873906-03:00" testType="13cdc9d9-ddb5-4fa4-a97d-d965ccfc6d4b" outcome="Passed" testListId="8c84fa94-04c1-424b-9868-57a2d4851a1d" relativeResultsDirectory="bc6154ce-ff0d-4363-98ee-7f58bf5263f3" />
    <UnitTestResult executionId="b94f4c26-91f5-4a78-b3f1-732b551e97fb" testId="0f07da2a-afe3-eb2a-982c-c9250d4e2995" testName="Nzr.ToolBox.Core.Tests.RandomUtilsTest.RandomString_WithSymbolsOnly_ShouldReturnSymbolOnlyString" computerName="WORKSTATION" duration="00:00:00.0010000" startTime="2019-11-17T17:03:07.1353035-03:00" endTime="2019-11-17T17:03:07.1353040-03:00" testType="13cdc9d9-ddb5-4fa4-a97d-d965ccfc6d4b" outcome="Passed" testListId="8c84fa94-04c1-424b-9868-57a2d4851a1d" relativeResultsDirectory="b94f4c26-91f5-4a78-b3f1-732b551e97fb" />
    <UnitTestResult executionId="1fa9572d-39f7-4b2f-8dc7-dec9f9f3d946" testId="d2556f65-3778-bd58-eecd-ae6ccb2c7885" testName="Nzr.ToolBox.Core.Tests.NumberUtilsTest.Max_ShouldReturnMaxValues" computerName="WORKSTATION" duration="00:00:00.0070000" startTime="2019-11-17T17:03:06.6200826-03:00" endTime="2019-11-17T17:03:06.6200828-03:00" testType="13cdc9d9-ddb5-4fa4-a97d-d965ccfc6d4b" outcome="Passed" testListId="8c84fa94-04c1-424b-9868-57a2d4851a1d" relativeResultsDirectory="1fa9572d-39f7-4b2f-8dc7-dec9f9f3d946" />
    <UnitTestResult executionId="104ded12-7661-404c-9d19-c8f695b58539" testId="9d1fdad2-86cb-58a0-0255-a31c1f4f628b" testName="Nzr.ToolBox.Core.Tests.BooleanUtilsTests.ToBool_WithNonPositiveString_ShouldReturnFalse(value: &quot;X&quot;)" computerName="WORKSTATION" duration="00:00:00.0010000" startTime="2019-11-17T17:03:06.4963353-03:00" endTime="2019-11-17T17:03:06.4963356-03:00" testType="13cdc9d9-ddb5-4fa4-a97d-d965ccfc6d4b" outcome="Passed" testListId="8c84fa94-04c1-424b-9868-57a2d4851a1d" relativeResultsDirectory="104ded12-7661-404c-9d19-c8f695b58539" />
    <UnitTestResult executionId="91a74c2b-5c3f-4f31-a1bf-30755c7a30e7" testId="605b98ce-b18c-dba8-4c19-a7179b0b35c6" testName="Nzr.ToolBox.Core.Tests.CollectionUtilsTests.GetKey_WithMappedInput_ShouldReturnKey" computerName="WORKSTATION" duration="00:00:00.0010000" startTime="2019-11-17T17:03:06.5942367-03:00" endTime="2019-11-17T17:03:06.5942370-03:00" testType="13cdc9d9-ddb5-4fa4-a97d-d965ccfc6d4b" outcome="Passed" testListId="8c84fa94-04c1-424b-9868-57a2d4851a1d" relativeResultsDirectory="91a74c2b-5c3f-4f31-a1bf-30755c7a30e7" />
    <UnitTestResult executionId="7f3b9060-3156-4402-baf9-de9109f496f1" testId="86f11f10-11c9-c8c1-f01b-fcc3e3965aaf" testName="Nzr.ToolBox.Core.Tests.CollectionUtilsTests.EmptyIfNull_WithNullEnumerable_ShouldNewEnumerable" computerName="WORKSTATION" duration="00:00:00.0020000" startTime="2019-11-17T17:03:06.5983477-03:00" endTime="2019-11-17T17:03:06.5983481-03:00" testType="13cdc9d9-ddb5-4fa4-a97d-d965ccfc6d4b" outcome="Passed" testListId="8c84fa94-04c1-424b-9868-57a2d4851a1d" relativeResultsDirectory="7f3b9060-3156-4402-baf9-de9109f496f1" />
    <UnitTestResult executionId="3254d4f4-f29c-459f-8e38-6162197c5e62" testId="ef6ada67-330a-0b9a-effa-9092d4393f41" testName="Nzr.ToolBox.Core.Tests.CollectionUtilsTests.ContainsAny_WithNullSourceEnumerable_ShouldReturnFalse" computerName="WORKSTATION" duration="00:00:00.0010000" startTime="2019-11-17T17:03:06.5781897-03:00" endTime="2019-11-17T17:03:06.5781900-03:00" testType="13cdc9d9-ddb5-4fa4-a97d-d965ccfc6d4b" outcome="Passed" testListId="8c84fa94-04c1-424b-9868-57a2d4851a1d" relativeResultsDirectory="3254d4f4-f29c-459f-8e38-6162197c5e62" />
    <UnitTestResult executionId="96dc88aa-14f0-4b97-9dd3-1e6480ea2483" testId="06062712-a9f6-15e0-bf35-38dc901029e7" testName="Nzr.ToolBox.Core.Tests.NumberUtilsTest.ToHexadecimal_WithNumberWithPrefix_ShouldReturnBinaryWithPrefix" computerName="WORKSTATION" duration="00:00:00.0010000" startTime="2019-11-17T17:03:06.6201982-03:00" endTime="2019-11-17T17:03:06.6201986-03:00" testType="13cdc9d9-ddb5-4fa4-a97d-d965ccfc6d4b" outcome="Passed" testListId="8c84fa94-04c1-424b-9868-57a2d4851a1d" relativeResultsDirectory="96dc88aa-14f0-4b97-9dd3-1e6480ea2483" />
    <UnitTestResult executionId="4466596a-c16d-4bb8-a743-735c6023878a" testId="23dfed38-6ff8-abe4-082e-3fdb4476dc12" testName="Nzr.ToolBox.Core.Tests.StringUtilsTest.RemoveDiacritics_WithNull_ShouldReturnNull" computerName="WORKSTATION" duration="00:00:00.0010000" startTime="2019-11-17T17:03:06.6124331-03:00" endTime="2019-11-17T17:03:06.6124334-03:00" testType="13cdc9d9-ddb5-4fa4-a97d-d965ccfc6d4b" outcome="Passed" testListId="8c84fa94-04c1-424b-9868-57a2d4851a1d" relativeResultsDirectory="4466596a-c16d-4bb8-a743-735c6023878a" />
    <UnitTestResult executionId="4c900f61-3e70-40a7-8f40-97815dee7ac3" testId="11a672c1-3304-329d-6cef-40a099ed2b03" testName="Nzr.ToolBox.Core.Tests.StringUtilsTest.IsNotNumber_WithNumeric_ShouldReturnFalse" computerName="WORKSTATION" duration="00:00:00.0010000" startTime="2019-11-17T17:03:06.5238328-03:00" endTime="2019-11-17T17:03:06.5238332-03:00" testType="13cdc9d9-ddb5-4fa4-a97d-d965ccfc6d4b" outcome="Passed" testListId="8c84fa94-04c1-424b-9868-57a2d4851a1d" relativeResultsDirectory="4c900f61-3e70-40a7-8f40-97815dee7ac3" />
    <UnitTestResult executionId="eb0cc00e-cd66-4c52-84b5-7be7f80d07db" testId="8668c16e-2e8c-3717-0d40-dca4b94235b7" testName="Nzr.ToolBox.Core.Tests.StringUtilsTest.RemoveDiacritics_WithString_ShouldReturnStringWihtouDiacritics" computerName="WORKSTATION" duration="00:00:00.0030000" startTime="2019-11-17T17:03:06.5541897-03:00" endTime="2019-11-17T17:03:06.5541900-03:00" testType="13cdc9d9-ddb5-4fa4-a97d-d965ccfc6d4b" outcome="Passed" testListId="8c84fa94-04c1-424b-9868-57a2d4851a1d" relativeResultsDirectory="eb0cc00e-cd66-4c52-84b5-7be7f80d07db" />
    <UnitTestResult executionId="0d44e3cb-ad93-4f11-86c5-09b640fc175c" testId="6b51fd93-cfcb-0aea-d26c-8be65f40eb5a" testName="Nzr.ToolBox.Core.Tests.StringUtilsTest.DefaultIfBlank_WitNonBlankString_ShouldReturnString" computerName="WORKSTATION" duration="00:00:00.0110000" startTime="2019-11-17T17:03:06.4910848-03:00" endTime="2019-11-17T17:03:06.4910850-03:00" testType="13cdc9d9-ddb5-4fa4-a97d-d965ccfc6d4b" outcome="Passed" testListId="8c84fa94-04c1-424b-9868-57a2d4851a1d" relativeResultsDirectory="0d44e3cb-ad93-4f11-86c5-09b640fc175c" />
    <UnitTestResult executionId="e51a080e-8dc0-4ce7-b5c5-e1537570ab3e" testId="2fe5b4ab-f3f5-15bc-6481-7df383a0aa00" testName="Nzr.ToolBox.Core.Tests.CollectionUtilsTests.ContainsAll_WithNullSourceEnumerable_ShouldReturnFalse" computerName="WORKSTATION" duration="00:00:00.0280000" startTime="2019-11-17T17:03:06.5936881-03:00" endTime="2019-11-17T17:03:06.5936884-03:00" testType="13cdc9d9-ddb5-4fa4-a97d-d965ccfc6d4b" outcome="Passed" testListId="8c84fa94-04c1-424b-9868-57a2d4851a1d" relativeResultsDirectory="e51a080e-8dc0-4ce7-b5c5-e1537570ab3e" />
    <UnitTestResult executionId="9565a6c1-5be2-4cfb-b940-00ec7004a596" testId="6bf46c1e-b943-b7c7-5a0c-85c17aef903c" testName="Nzr.ToolBox.Core.Tests.ReflectionUtilsTest.GetValue_WithPropertyPathToList_ShouldThrowException" computerName="WORKSTATION" duration="00:00:00.0030000" startTime="2019-11-17T17:03:06.4784756-03:00" endTime="2019-11-17T17:03:06.4784760-03:00" testType="13cdc9d9-ddb5-4fa4-a97d-d965ccfc6d4b" outcome="Passed" testListId="8c84fa94-04c1-424b-9868-57a2d4851a1d" relativeResultsDirectory="9565a6c1-5be2-4cfb-b940-00ec7004a596" />
    <UnitTestResult executionId="3fd859b0-162a-422e-8702-cb39abea6271" testId="87b56d62-9af1-eead-6483-716ab3bb23e0" testName="Nzr.ToolBox.Core.Tests.StringUtilsTest.ContainsAll_WithNullStringNotContainigAllSubstrings_ShouldReturnFalse" computerName="WORKSTATION" duration="00:00:00.0010000" startTime="2019-11-17T17:03:06.5536096-03:00" endTime="2019-11-17T17:03:06.5536099-03:00" testType="13cdc9d9-ddb5-4fa4-a97d-d965ccfc6d4b" outcome="Passed" testListId="8c84fa94-04c1-424b-9868-57a2d4851a1d" relativeResultsDirectory="3fd859b0-162a-422e-8702-cb39abea6271" />
    <UnitTestResult executionId="8874e219-f00a-4496-8e3f-b119d65c0333" testId="d96c4133-05ac-c52a-39ad-da9730d7d1d4" testName="Nzr.ToolBox.Core.Tests.ReflectionUtilsTest.GetPropertyNames_WithEntity_ShouldReturnPropertyNames" computerName="WORKSTATION" duration="00:00:00.0180000" startTime="2019-11-17T17:03:06.5002565-03:00" endTime="2019-11-17T17:03:06.5002568-03:00" testType="13cdc9d9-ddb5-4fa4-a97d-d965ccfc6d4b" outcome="Passed" testListId="8c84fa94-04c1-424b-9868-57a2d4851a1d" relativeResultsDirectory="8874e219-f00a-4496-8e3f-b119d65c0333" />
    <UnitTestResult executionId="07c7706c-395b-4820-99f5-395b919ed3d5" testId="0774dc1e-52ca-a68f-3053-17aa689d2f19" testName="Nzr.ToolBox.Core.Tests.RandomUtilsTest.RandomDouble_ShouldReturnUniqueValues(iterations: 10000, seed: 1)" computerName="WORKSTATION" duration="00:00:00.0600000" startTime="2019-11-17T17:03:06.6350243-03:00" endTime="2019-11-17T17:03:06.6350251-03:00" testType="13cdc9d9-ddb5-4fa4-a97d-d965ccfc6d4b" outcome="Passed" testListId="8c84fa94-04c1-424b-9868-57a2d4851a1d" relativeResultsDirectory="07c7706c-395b-4820-99f5-395b919ed3d5" />
    <UnitTestResult executionId="14821af1-75a3-41fe-976e-04a003a961b5" testId="cfdd33be-da19-c14d-63fe-484c25830585" testName="Nzr.ToolBox.Core.Tests.CollectionUtilsTests.ForEach_WithGenericList_ShouldExecuteAction" computerName="WORKSTATION" duration="00:00:00.0010000" startTime="2019-11-17T17:03:06.6082168-03:00" endTime="2019-11-17T17:03:06.6082172-03:00" testType="13cdc9d9-ddb5-4fa4-a97d-d965ccfc6d4b" outcome="Passed" testListId="8c84fa94-04c1-424b-9868-57a2d4851a1d" relativeResultsDirectory="14821af1-75a3-41fe-976e-04a003a961b5" />
    <UnitTestResult executionId="6539066a-4ef9-4e75-8da3-bb9974933964" testId="5062168a-47a4-716c-83cf-4566eb406f51" testName="Nzr.ToolBox.Core.Tests.NumberUtilsTest.Average_ShouldReturnAverageValues" computerName="WORKSTATION" duration="00:00:00.0050000" startTime="2019-11-17T17:03:06.6270464-03:00" endTime="2019-11-17T17:03:06.6270467-03:00" testType="13cdc9d9-ddb5-4fa4-a97d-d965ccfc6d4b" outcome="Passed" testListId="8c84fa94-04c1-424b-9868-57a2d4851a1d" relativeResultsDirectory="6539066a-4ef9-4e75-8da3-bb9974933964" />
    <UnitTestResult executionId="b4e90fa3-c758-4da8-9214-7d4441c659b0" testId="bd7fbd33-c44c-e435-efc2-06a8c4bb49ef" testName="Nzr.ToolBox.Core.Tests.DateTimeUtilsTest.Equals_WithMillisOfDiffAndWithTolerance_ShouldReturnTrue" computerName="WORKSTATION" duration="00:00:00.0010000" startTime="2019-11-17T17:03:06.4025567-03:00" endTime="2019-11-17T17:03:06.4025572-03:00" testType="13cdc9d9-ddb5-4fa4-a97d-d965ccfc6d4b" outcome="Passed" testListId="8c84fa94-04c1-424b-9868-57a2d4851a1d" relativeResultsDirectory="b4e90fa3-c758-4da8-9214-7d4441c659b0" />
    <UnitTestResult executionId="83925505-e405-4c38-b8e1-fecb49204aca" testId="df159263-51bd-d891-b020-758bba5e657f" testName="Nzr.ToolBox.Core.Tests.StringUtilsTest.IsAllBlank_WithOneEmpty_ShouldReturnTrue" computerName="WORKSTATION" duration="00:00:00.0010000" startTime="2019-11-17T17:03:06.6080839-03:00" endTime="2019-11-17T17:03:06.6080845-03:00" testType="13cdc9d9-ddb5-4fa4-a97d-d965ccfc6d4b" outcome="Passed" testListId="8c84fa94-04c1-424b-9868-57a2d4851a1d" relativeResultsDirectory="83925505-e405-4c38-b8e1-fecb49204aca" />
    <UnitTestResult executionId="30d77936-9af8-4c8b-8ba9-072cbf5b4089" testId="ea5fb2b5-6f99-ce02-6e35-cef974ce163a" testName="Nzr.ToolBox.Core.Tests.StringUtilsTest.ContainsAny_WithOrdinalIgnoreCaseStringNotContainingOneOfSubstring_ShouldReturnFalse" computerName="WORKSTATION" duration="00:00:00.0010000" startTime="2019-11-17T17:03:06.5534863-03:00" endTime="2019-11-17T17:03:06.5534867-03:00" testType="13cdc9d9-ddb5-4fa4-a97d-d965ccfc6d4b" outcome="Passed" testListId="8c84fa94-04c1-424b-9868-57a2d4851a1d" relativeResultsDirectory="30d77936-9af8-4c8b-8ba9-072cbf5b4089" />
    <UnitTestResult executionId="9fa71c05-3ff4-49b1-ae78-e371d1cd3e1d" testId="ddf79c4c-8da7-56b7-7410-d2ba78b09801" testName="Nzr.ToolBox.Core.Tests.BooleanUtilsTests.Describe_WihFalseValueAndWithDefaultFlaseString_ShouldReturnYes" computerName="WORKSTATION" duration="00:00:00.0010000" startTime="2019-11-17T17:03:06.5115447-03:00" endTime="2019-11-17T17:03:06.5115450-03:00" testType="13cdc9d9-ddb5-4fa4-a97d-d965ccfc6d4b" outcome="Passed" testListId="8c84fa94-04c1-424b-9868-57a2d4851a1d" relativeResultsDirectory="9fa71c05-3ff4-49b1-ae78-e371d1cd3e1d" />
    <UnitTestResult executionId="753524b5-892f-4646-b69a-ae91c32a5dd2" testId="fbdaa9da-fa50-bdbe-26ce-99c244b40305" testName="Nzr.ToolBox.Core.Tests.StringUtilsTest.Append_WithNullString_ShouldReturnNull" computerName="WORKSTATION" duration="00:00:00.0010000" startTime="2019-11-17T17:03:06.5240731-03:00" endTime="2019-11-17T17:03:06.5240734-03:00" testType="13cdc9d9-ddb5-4fa4-a97d-d965ccfc6d4b" outcome="Passed" testListId="8c84fa94-04c1-424b-9868-57a2d4851a1d" relativeResultsDirectory="753524b5-892f-4646-b69a-ae91c32a5dd2" />
    <UnitTestResult executionId="cf595eaf-ae72-4889-92ea-4d55d855d53c" testId="52dad561-c47f-93be-598b-ab4dd10490eb" testName="Nzr.ToolBox.Core.Tests.CollectionUtilsTests.ContainsAll_WithNullEnumerables_ShouldReturnTrue" computerName="WORKSTATION" duration="00:00:00.0010000" startTime="2019-11-17T17:03:06.5537205-03:00" endTime="2019-11-17T17:03:06.5537208-03:00" testType="13cdc9d9-ddb5-4fa4-a97d-d965ccfc6d4b" outcome="Passed" testListId="8c84fa94-04c1-424b-9868-57a2d4851a1d" relativeResultsDirectory="cf595eaf-ae72-4889-92ea-4d55d855d53c" />
    <UnitTestResult executionId="811b0b24-1b11-4e09-998f-c68f79d73915" testId="b950fa42-ed92-dfa2-1b7a-99f41db426b6" testName="Nzr.ToolBox.Core.Tests.StringUtilsTest.IsIsBlank_WithNonBlankString_ShouldReturnTrue" computerName="WORKSTATION" duration="00:00:00.0090000" startTime="2019-11-17T17:03:06.4029881-03:00" endTime="2019-11-17T17:03:06.4029884-03:00" testType="13cdc9d9-ddb5-4fa4-a97d-d965ccfc6d4b" outcome="Passed" testListId="8c84fa94-04c1-424b-9868-57a2d4851a1d" relativeResultsDirectory="811b0b24-1b11-4e09-998f-c68f79d73915" />
    <UnitTestResult executionId="e582667d-87de-479b-a8f2-18d0e6212373" testId="474289fd-78a2-44f4-466e-fab96cf061fe" testName="Nzr.ToolBox.Core.Tests.CollectionUtilsTests.ForEach_WithNull_ShouldNotExecuteAction" computerName="WORKSTATION" duration="00:00:00.0010000" startTime="2019-11-17T17:03:06.6160063-03:00" endTime="2019-11-17T17:03:06.6160065-03:00" testType="13cdc9d9-ddb5-4fa4-a97d-d965ccfc6d4b" outcome="Passed" testListId="8c84fa94-04c1-424b-9868-57a2d4851a1d" relativeResultsDirectory="e582667d-87de-479b-a8f2-18d0e6212373" />
    <UnitTestResult executionId="b5172d54-521e-4f5d-b990-bde466eb25bf" testId="67ba80d0-ee46-5ac8-0538-37c6daf3607e" testName="Nzr.ToolBox.Core.Tests.BooleanUtilsTests.ToBool_WithNonPositiveString_ShouldReturnFalse(value: &quot;0&quot;)" computerName="WORKSTATION" duration="00:00:00.0010000" startTime="2019-11-17T17:03:06.4962333-03:00" endTime="2019-11-17T17:03:06.4962336-03:00" testType="13cdc9d9-ddb5-4fa4-a97d-d965ccfc6d4b" outcome="Passed" testListId="8c84fa94-04c1-424b-9868-57a2d4851a1d" relativeResultsDirectory="b5172d54-521e-4f5d-b990-bde466eb25bf" />
    <UnitTestResult executionId="19a3a742-6e55-40b5-8cd0-4009ebe8c1f7" testId="e881bc04-2bbf-5c16-1290-362a120099d0" testName="Nzr.ToolBox.Core.Tests.StringUtilsTest.DefaultIfEmpty_WitBlankString_ShouldReturnString" computerName="WORKSTATION" duration="00:00:00.0010000" startTime="2019-11-17T17:03:06.6121894-03:00" endTime="2019-11-17T17:03:06.6121896-03:00" testType="13cdc9d9-ddb5-4fa4-a97d-d965ccfc6d4b" outcome="Passed" testListId="8c84fa94-04c1-424b-9868-57a2d4851a1d" relativeResultsDirectory="19a3a742-6e55-40b5-8cd0-4009ebe8c1f7" />
    <UnitTestResult executionId="987bd147-8ac6-43cb-9725-3c15fa4cdc2d" testId="82b6aab1-e835-8e28-1aa8-e6764ddd6ce8" testName="Nzr.ToolBox.Core.Tests.RandomUtilsTest.RandomString_WithNumbersOnly_ShouldReturnNumericString" computerName="WORKSTATION" duration="00:00:00.0010000" startTime="2019-11-17T17:03:06.6363160-03:00" endTime="2019-11-17T17:03:06.6363165-03:00" testType="13cdc9d9-ddb5-4fa4-a97d-d965ccfc6d4b" outcome="Passed" testListId="8c84fa94-04c1-424b-9868-57a2d4851a1d" relativeResultsDirectory="987bd147-8ac6-43cb-9725-3c15fa4cdc2d" />
    <UnitTestResult executionId="7f9250db-c162-431a-aaf8-7a39dbee9bd9" testId="2fe27f4d-780b-bc6e-57d1-a34e746519d2" testName="Nzr.ToolBox.Core.Tests.NumberUtilsTest.ToBinary_WithDecimalWithoutPrefix_ShouldReturnBinaryNumbersOnly" computerName="WORKSTATION" duration="00:00:00.0250000" startTime="2019-11-17T17:03:06.4067355-03:00" endTime="2019-11-17T17:03:06.4067359-03:00" testType="13cdc9d9-ddb5-4fa4-a97d-d965ccfc6d4b" outcome="Passed" testListId="8c84fa94-04c1-424b-9868-57a2d4851a1d" relativeResultsDirectory="7f9250db-c162-431a-aaf8-7a39dbee9bd9" />
    <UnitTestResult executionId="a088cc7f-3e79-4cf9-b83c-5c88fa914d51" testId="48caecef-a5fa-613e-d718-f1276bb5ba57" testName="Nzr.ToolBox.Core.Tests.BooleanUtilsTests.ToBool_WithPositiveString_ShouldReturnTrue(value: &quot;Ja&quot;)" computerName="WORKSTATION" duration="00:00:00.0010000" startTime="2019-11-17T17:03:06.4874841-03:00" endTime="2019-11-17T17:03:06.4874843-03:00" testType="13cdc9d9-ddb5-4fa4-a97d-d965ccfc6d4b" outcome="Passed" testListId="8c84fa94-04c1-424b-9868-57a2d4851a1d" relativeResultsDirectory="a088cc7f-3e79-4cf9-b83c-5c88fa914d51" />
    <UnitTestResult executionId="d308e960-a8a6-4ba2-84da-912642b5c152" testId="cdc95a43-d3d9-ea09-2bf0-c5d1cc0a2f68" testName="Nzr.ToolBox.Core.Tests.BooleanUtilsTests.IsTrue_WithNullOrFalseValue_ShouldReturnFalse(value: False)" computerName="WORKSTATION" duration="00:00:00.0010000" startTime="2019-11-17T17:03:06.5158187-03:00" endTime="2019-11-17T17:03:06.5158191-03:00" testType="13cdc9d9-ddb5-4fa4-a97d-d965ccfc6d4b" outcome="Passed" testListId="8c84fa94-04c1-424b-9868-57a2d4851a1d" relativeResultsDirectory="d308e960-a8a6-4ba2-84da-912642b5c152" />
    <UnitTestResult executionId="eb6f119b-109d-42c1-8dbd-50ca0f39118a" testId="e47e56e9-5385-922b-8aae-4a5f9fc8708e" testName="Nzr.ToolBox.Core.Tests.ObjectUtilsTest.IsAnyNonNull_WithOneNonNull_ShouldReturnTrue" computerName="WORKSTATION" duration="00:00:00.0010000" startTime="2019-11-17T17:03:06.8844586-03:00" endTime="2019-11-17T17:03:06.8844591-03:00" testType="13cdc9d9-ddb5-4fa4-a97d-d965ccfc6d4b" outcome="Passed" testListId="8c84fa94-04c1-424b-9868-57a2d4851a1d" relativeResultsDirectory="eb6f119b-109d-42c1-8dbd-50ca0f39118a" />
    <UnitTestResult executionId="f2acd633-f212-4d42-9e40-e486843b4145" testId="bed34e53-72a5-3fd2-6674-42d2c22e4e8b" testName="Nzr.ToolBox.Core.Tests.CollectionUtilsTests.ContainsAll_WithGenericEnumerableAndDiffElements_ShouldReturnFalse" computerName="WORKSTATION" duration="00:00:00.0010000" startTime="2019-11-17T17:03:06.5944821-03:00" endTime="2019-11-17T17:03:06.5944824-03:00" testType="13cdc9d9-ddb5-4fa4-a97d-d965ccfc6d4b" outcome="Passed" testListId="8c84fa94-04c1-424b-9868-57a2d4851a1d" relativeResultsDirectory="f2acd633-f212-4d42-9e40-e486843b4145" />
    <UnitTestResult executionId="084febfa-4ed0-4025-8b62-4046eaf0031e" testId="917e9e48-1d67-c1aa-1b6e-9c13215e36a0" testName="Nzr.ToolBox.Core.Tests.BooleanUtilsTests.ToBool_WithPositiveString_ShouldReturnTrue(value: &quot;S&quot;)" computerName="WORKSTATION" duration="00:00:00.0010000" startTime="2019-11-17T17:03:06.4876844-03:00" endTime="2019-11-17T17:03:06.4876847-03:00" testType="13cdc9d9-ddb5-4fa4-a97d-d965ccfc6d4b" outcome="Passed" testListId="8c84fa94-04c1-424b-9868-57a2d4851a1d" relativeResultsDirectory="084febfa-4ed0-4025-8b62-4046eaf0031e" />
    <UnitTestResult executionId="9d760da5-77f0-4c10-aad6-8cf7adb6b887" testId="a9c9a902-559f-8aa4-faab-16816a4be232" testName="Nzr.ToolBox.Core.Tests.ObjectUtilsTest.IfNotNull_WithNonNullValue_ShouldNotThrowException" computerName="WORKSTATION" duration="00:00:00.0070000" startTime="2019-11-17T17:03:06.8919232-03:00" endTime="2019-11-17T17:03:06.8919242-03:00" testType="13cdc9d9-ddb5-4fa4-a97d-d965ccfc6d4b" outcome="Passed" testListId="8c84fa94-04c1-424b-9868-57a2d4851a1d" relativeResultsDirectory="9d760da5-77f0-4c10-aad6-8cf7adb6b887" />
    <UnitTestResult executionId="5d2d52a4-0982-4194-b2f1-ef7f485a0a3c" testId="b34056e1-a0f1-b9c6-4cf9-a385bfe323c6" testName="Nzr.ToolBox.Core.Tests.StringUtilsTest.IsEmpty_WithNullString_ShouldReturnTrue" computerName="WORKSTATION" duration="00:00:00.0010000" startTime="2019-11-17T17:03:06.5980281-03:00" endTime="2019-11-17T17:03:06.5980285-03:00" testType="13cdc9d9-ddb5-4fa4-a97d-d965ccfc6d4b" outcome="Passed" testListId="8c84fa94-04c1-424b-9868-57a2d4851a1d" relativeResultsDirectory="5d2d52a4-0982-4194-b2f1-ef7f485a0a3c" />
    <UnitTestResult executionId="33247fdb-3403-473d-b73e-d3fa81ad3983" testId="d1e50dfe-89f9-2e1e-ee5f-3ce8755a7d24" testName="Nzr.ToolBox.Core.Tests.RandomUtilsTest.RandomInt_ShouldReturnUniqueValues(iterations: 10000, seed: null)" computerName="WORKSTATION" duration="00:00:00.0180000" startTime="2019-11-17T17:03:07.1942005-03:00" endTime="2019-11-17T17:03:07.1942011-03:00" testType="13cdc9d9-ddb5-4fa4-a97d-d965ccfc6d4b" outcome="Passed" testListId="8c84fa94-04c1-424b-9868-57a2d4851a1d" relativeResultsDirectory="33247fdb-3403-473d-b73e-d3fa81ad3983" />
    <UnitTestResult executionId="8f8d1b50-510a-4bbb-821a-0afaec994eaa" testId="75d1fee2-de8d-1cd6-eaa6-403797b3cf12" testName="Nzr.ToolBox.Core.Tests.CollectionUtilsTests.Get_WithNullEnumerabl_ShouldReturnNull" computerName="WORKSTATION" duration="00:00:00.0010000" startTime="2019-11-17T17:03:06.5849420-03:00" endTime="2019-11-17T17:03:06.5849423-03:00" testType="13cdc9d9-ddb5-4fa4-a97d-d965ccfc6d4b" outcome="Passed" testListId="8c84fa94-04c1-424b-9868-57a2d4851a1d" relativeResultsDirectory="8f8d1b50-510a-4bbb-821a-0afaec994eaa" />
    <UnitTestResult executionId="0d8f7f38-e238-4663-9f4e-c51636db5d83" testId="f97de579-490f-3478-7018-3655f4bebed4" testName="Nzr.ToolBox.Core.Tests.StringUtilsTest.IsNumber_WithAlhphanumeric_ShouldReturnFalse" computerName="WORKSTATION" duration="00:00:00.0010000" startTime="2019-11-17T17:03:06.5657707-03:00" endTime="2019-11-17T17:03:06.5657710-03:00" testType="13cdc9d9-ddb5-4fa4-a97d-d965ccfc6d4b" outcome="Passed" testListId="8c84fa94-04c1-424b-9868-57a2d4851a1d" relativeResultsDirectory="0d8f7f38-e238-4663-9f4e-c51636db5d83" />
    <UnitTestResult executionId="361befac-8716-4e92-bed4-68c718b6a963" testId="4e688b3a-c6fa-9e06-b2ea-25f4e79d1af0" testName="Nzr.ToolBox.Core.Tests.StringUtilsTest.Prefix_WithNullString_ShouldReturnPrefix" computerName="WORKSTATION" duration="00:00:00.0010000" startTime="2019-11-17T17:03:06.5203504-03:00" endTime="2019-11-17T17:03:06.5203507-03:00" testType="13cdc9d9-ddb5-4fa4-a97d-d965ccfc6d4b" outcome="Passed" testListId="8c84fa94-04c1-424b-9868-57a2d4851a1d" relativeResultsDirectory="361befac-8716-4e92-bed4-68c718b6a963" />
    <UnitTestResult executionId="02eb6a63-668a-47ba-a6ad-c9703974642d" testId="9395d62a-bb73-ed55-16b7-2f3d5b4afa0d" testName="Nzr.ToolBox.Core.Tests.BooleanUtilsTests.Describe_WihNullValueAndWithDefaultNullString_ShouldReturnYes" computerName="WORKSTATION" duration="00:00:00.0010000" startTime="2019-11-17T17:03:06.4999819-03:00" endTime="2019-11-17T17:03:06.4999821-03:00" testType="13cdc9d9-ddb5-4fa4-a97d-d965ccfc6d4b" outcome="Passed" testListId="8c84fa94-04c1-424b-9868-57a2d4851a1d" relativeResultsDirectory="02eb6a63-668a-47ba-a6ad-c9703974642d" />
    <UnitTestResult executionId="63a8633a-652d-4a5b-82dd-1a6afbb2d7e4" testId="f17c6f13-62c6-75d6-4586-0ee5d254add5" testName="Nzr.ToolBox.Core.Tests.StringUtilsTest.IsAnyEmpty_WithOneNullStrings_ShouldReturnTrue" computerName="WORKSTATION" duration="00:00:00.0010000" startTime="2019-11-17T17:03:06.6021223-03:00" endTime="2019-11-17T17:03:06.6021226-03:00" testType="13cdc9d9-ddb5-4fa4-a97d-d965ccfc6d4b" outcome="Passed" testListId="8c84fa94-04c1-424b-9868-57a2d4851a1d" relativeResultsDirectory="63a8633a-652d-4a5b-82dd-1a6afbb2d7e4" />
    <UnitTestResult executionId="63db0f9a-8554-496c-b8c7-f41ee43ab7f2" testId="f69da90d-10ac-e902-c8cf-752cc6502d57" testName="Nzr.ToolBox.Core.Tests.BooleanUtilsTests.IsAllFalse_WithOneTrueValue_ShouldReturnFalse" computerName="WORKSTATION" duration="00:00:00.0010000" startTime="2019-11-17T17:03:06.5114235-03:00" endTime="2019-11-17T17:03:06.5114238-03:00" testType="13cdc9d9-ddb5-4fa4-a97d-d965ccfc6d4b" outcome="Passed" testListId="8c84fa94-04c1-424b-9868-57a2d4851a1d" relativeResultsDirectory="63db0f9a-8554-496c-b8c7-f41ee43ab7f2" />
    <UnitTestResult executionId="9ddfc4a9-f81e-474f-a40d-2a556fad8380" testId="f4fbfb1c-5ed6-31b9-32df-2fb927eec7fc" testName="Nzr.ToolBox.Core.Tests.StringUtilsTest.Capitalize_WithNull_ShouldReturnNull" computerName="WORKSTATION" duration="00:00:00.0010000" startTime="2019-11-17T17:03:06.4073880-03:00" endTime="2019-11-17T17:03:06.4073883-03:00" testType="13cdc9d9-ddb5-4fa4-a97d-d965ccfc6d4b" outcome="Passed" testListId="8c84fa94-04c1-424b-9868-57a2d4851a1d" relativeResultsDirectory="9ddfc4a9-f81e-474f-a40d-2a556fad8380" />
    <UnitTestResult executionId="9edd5b81-0ba7-49ee-98d7-4db5da9f988a" testId="244ddabb-e392-9319-5f0f-5351f15a9ac9" testName="Nzr.ToolBox.Core.Tests.CollectionUtilsTests.EmptyIfNull_WithNullGenericEnumerable_ShouldNewEnumerable" computerName="WORKSTATION" duration="00:00:00.0010000" startTime="2019-11-17T17:03:06.6122425-03:00" endTime="2019-11-17T17:03:06.6122428-03:00" testType="13cdc9d9-ddb5-4fa4-a97d-d965ccfc6d4b" outcome="Passed" testListId="8c84fa94-04c1-424b-9868-57a2d4851a1d" relativeResultsDirectory="9edd5b81-0ba7-49ee-98d7-4db5da9f988a" />
    <UnitTestResult executionId="0ee00265-a182-4236-996e-eb8354b4ff0b" testId="6b882545-0a6d-aed1-f25f-b5bd7a59a2f3" testName="Nzr.ToolBox.Core.Tests.StringUtilsTest.IsAnyBlank_WithNullStrings_ShouldReturnTrue" computerName="WORKSTATION" duration="00:00:00.0020000" startTime="2019-11-17T17:03:06.5161349-03:00" endTime="2019-11-17T17:03:06.5161353-03:00" testType="13cdc9d9-ddb5-4fa4-a97d-d965ccfc6d4b" outcome="Passed" testListId="8c84fa94-04c1-424b-9868-57a2d4851a1d" relativeResultsDirectory="0ee00265-a182-4236-996e-eb8354b4ff0b" />
    <UnitTestResult executionId="e35819db-525f-4766-ab39-d87757cb05de" testId="45a98e74-dccd-011e-e0c0-d734f1cc5ec4" testName="Nzr.ToolBox.Core.Tests.StringUtilsTest.Format_WithFormatStringWithCulture_ShouldReturnFormatedString" computerName="WORKSTATION" duration="00:00:00.0010000" startTime="2019-11-17T17:03:06.5658958-03:00" endTime="2019-11-17T17:03:06.5658960-03:00" testType="13cdc9d9-ddb5-4fa4-a97d-d965ccfc6d4b" outcome="Passed" testListId="8c84fa94-04c1-424b-9868-57a2d4851a1d" relativeResultsDirectory="e35819db-525f-4766-ab39-d87757cb05de" />
    <UnitTestResult executionId="107d53f9-837b-4391-87a0-ce8bcee93853" testId="bd59e0c8-65f6-24f7-250c-df15260ab31a" testName="Nzr.ToolBox.Core.Tests.ObjectUtilsTest.RequireNonNull_WithNullWitCustomMessage_ShouldThrowExcetpionWithCustomMessage" computerName="WORKSTATION" duration="00:00:00.0010000" startTime="2019-11-17T17:03:06.9161352-03:00" endTime="2019-11-17T17:03:06.9161356-03:00" testType="13cdc9d9-ddb5-4fa4-a97d-d965ccfc6d4b" outcome="Passed" testListId="8c84fa94-04c1-424b-9868-57a2d4851a1d" relativeResultsDirectory="107d53f9-837b-4391-87a0-ce8bcee93853" />
    <UnitTestResult executionId="a2937731-faf5-45c1-84d8-868d603a6946" testId="b39dab9a-0d55-2e3f-5d47-ce0f5ed831f6" testName="Nzr.ToolBox.Core.Tests.ReflectionUtilsTest.ExecuteForEachProperty_ShouldExecuteAction" computerName="WORKSTATION" duration="00:00:00.0260000" startTime="2019-11-17T17:03:06.5496558-03:00" endTime="2019-11-17T17:03:06.5496561-03:00" testType="13cdc9d9-ddb5-4fa4-a97d-d965ccfc6d4b" outcome="Passed" testListId="8c84fa94-04c1-424b-9868-57a2d4851a1d" relativeResultsDirectory="a2937731-faf5-45c1-84d8-868d603a6946" />
    <UnitTestResult executionId="0906d7e4-fbf9-49f8-b38e-4ed6c1492db5" testId="de25e89d-7e39-180e-63d8-8a6c03a05fc0" testName="Nzr.ToolBox.Core.Tests.StringUtilsTest.Append_WithString_ShouldReturnStringWithAppendedValues" computerName="WORKSTATION" duration="00:00:00.0020000" startTime="2019-11-17T17:03:06.5204707-03:00" endTime="2019-11-17T17:03:06.5204710-03:00" testType="13cdc9d9-ddb5-4fa4-a97d-d965ccfc6d4b" outcome="Passed" testListId="8c84fa94-04c1-424b-9868-57a2d4851a1d" relativeResultsDirectory="0906d7e4-fbf9-49f8-b38e-4ed6c1492db5" />
    <UnitTestResult executionId="f147360d-7d97-421f-ad7f-e6e7acb2990b" testId="09d5c966-f53d-e4e1-2d68-1fc4cd5c9934" testName="Nzr.ToolBox.Core.Tests.CollectionUtilsTests.Contains_WithExistingItem_ShouldReturnTrue" computerName="WORKSTATION" duration="00:00:00.0010000" startTime="2019-11-17T17:03:06.6119498-03:00" endTime="2019-11-17T17:03:06.6119500-03:00" testType="13cdc9d9-ddb5-4fa4-a97d-d965ccfc6d4b" outcome="Passed" testListId="8c84fa94-04c1-424b-9868-57a2d4851a1d" relativeResultsDirectory="f147360d-7d97-421f-ad7f-e6e7acb2990b" />
    <UnitTestResult executionId="d6bbb91f-fc40-43d5-9172-aedd58757c53" testId="b389fce4-9131-dbd6-6cb1-9add0a76b08c" testName="Nzr.ToolBox.Core.Tests.StringUtilsTest.DefaultIfBlank_WithNullString_ShouldReturnDefault" computerName="WORKSTATION" duration="00:00:00.0010000" startTime="2019-11-17T17:03:06.5700102-03:00" endTime="2019-11-17T17:03:06.5700105-03:00" testType="13cdc9d9-ddb5-4fa4-a97d-d965ccfc6d4b" outcome="Passed" testListId="8c84fa94-04c1-424b-9868-57a2d4851a1d" relativeResultsDirectory="d6bbb91f-fc40-43d5-9172-aedd58757c53" />
    <UnitTestResult executionId="99a53239-7a10-40a8-a5f3-e51b99d0cde1" testId="55323239-0a74-748e-14c5-c6ce0fbffcf4" testName="Nzr.ToolBox.Core.Tests.RandomUtilsTest.RandomInt_ShouldReturnUniqueValues(iterations: 10000, seed: 1)" computerName="WORKSTATION" duration="00:00:00.0400000" startTime="2019-11-17T17:03:07.1759016-03:00" endTime="2019-11-17T17:03:07.1759022-03:00" testType="13cdc9d9-ddb5-4fa4-a97d-d965ccfc6d4b" outcome="Passed" testListId="8c84fa94-04c1-424b-9868-57a2d4851a1d" relativeResultsDirectory="99a53239-7a10-40a8-a5f3-e51b99d0cde1" />
    <UnitTestResult executionId="c09d1585-e914-439b-8165-aa326c1c4083" testId="f92e77b4-ee0e-9f1a-2342-b94f560f0dac" testName="Nzr.ToolBox.Core.Tests.RandomUtilsTest.RandomString_WithDefaultOptions_ShouldReturnString" computerName="WORKSTATION" duration="00:00:00.0010000" startTime="2019-11-17T17:03:07.0690828-03:00" endTime="2019-11-17T17:03:07.0690831-03:00" testType="13cdc9d9-ddb5-4fa4-a97d-d965ccfc6d4b" outcome="Passed" testListId="8c84fa94-04c1-424b-9868-57a2d4851a1d" relativeResultsDirectory="c09d1585-e914-439b-8165-aa326c1c4083" />
    <UnitTestResult executionId="877e038b-1533-4b84-a732-93cb4372764e" testId="236a92cf-3924-1f9e-9e0c-dac1bdd2fdae" testName="Nzr.ToolBox.Core.Tests.StringUtilsTest.ReplaceNonNumeric_WithAlphanumeric_ShouldReturnNumericString" computerName="WORKSTATION" duration="00:00:00.0010000" startTime="2019-11-17T17:03:06.6018740-03:00" endTime="2019-11-17T17:03:06.6018743-03:00" testType="13cdc9d9-ddb5-4fa4-a97d-d965ccfc6d4b" outcome="Passed" testListId="8c84fa94-04c1-424b-9868-57a2d4851a1d" relativeResultsDirectory="877e038b-1533-4b84-a732-93cb4372764e" />
    <UnitTestResult executionId="4accab99-d3f5-4bac-9b01-03bfa750542f" testId="21d2f5b5-8824-b5dc-5b55-bc862d5c638c" testName="Nzr.ToolBox.Core.Tests.CollectionUtilsTests.ForEach_WithGenericList_ShouldExecuteFunction" computerName="WORKSTATION" duration="00:00:00.0020000" startTime="2019-11-17T17:03:06.5780750-03:00" endTime="2019-11-17T17:03:06.5780753-03:00" testType="13cdc9d9-ddb5-4fa4-a97d-d965ccfc6d4b" outcome="Passed" testListId="8c84fa94-04c1-424b-9868-57a2d4851a1d" relativeResultsDirectory="4accab99-d3f5-4bac-9b01-03bfa750542f" />
    <UnitTestResult executionId="527f5566-f514-4081-8686-5d156f515e9e" testId="4727a2e5-b0ef-54dd-d5b7-4bdc9cbfa65b" testName="Nzr.ToolBox.Core.Tests.StringUtilsTest.IsNotNumber_WithAlhphanumeric_ShouldReturnTrue" computerName="WORKSTATION" duration="00:00:00.0010000" startTime="2019-11-17T17:03:06.6126727-03:00" endTime="2019-11-17T17:03:06.6126729-03:00" testType="13cdc9d9-ddb5-4fa4-a97d-d965ccfc6d4b" outcome="Passed" testListId="8c84fa94-04c1-424b-9868-57a2d4851a1d" relativeResultsDirectory="527f5566-f514-4081-8686-5d156f515e9e" />
    <UnitTestResult executionId="b230f14c-3fe6-409a-af44-5de3ebab1754" testId="f5642f76-0883-ad8b-d556-29e3eb347cee" testName="Nzr.ToolBox.Core.Tests.ObjectUtilsTest.IsAllNull_WithOneNonNull_ShouldReturnFalse" computerName="WORKSTATION" duration="00:00:00.0010000" startTime="2019-11-17T17:03:07.1288990-03:00" endTime="2019-11-17T17:03:07.1288992-03:00" testType="13cdc9d9-ddb5-4fa4-a97d-d965ccfc6d4b" outcome="Passed" testListId="8c84fa94-04c1-424b-9868-57a2d4851a1d" relativeResultsDirectory="b230f14c-3fe6-409a-af44-5de3ebab1754" />
    <UnitTestResult executionId="9c5ed6d0-80d5-4865-9d0b-4a3644b0fd46" testId="16e225c7-ff41-4d1e-ea8a-a910d30a164b" testName="Nzr.ToolBox.Core.Tests.StringUtilsTest.Repeat_WithNull_ShouldReturnNull" computerName="WORKSTATION" duration="00:00:00.0010000" startTime="2019-11-17T17:03:06.5163723-03:00" endTime="2019-11-17T17:03:06.5163726-03:00" testType="13cdc9d9-ddb5-4fa4-a97d-d965ccfc6d4b" outcome="Passed" testListId="8c84fa94-04c1-424b-9868-57a2d4851a1d" relativeResultsDirectory="9c5ed6d0-80d5-4865-9d0b-4a3644b0fd46" />
    <UnitTestResult executionId="58a4d59e-18b3-497d-b52d-848e25def426" testId="78387f85-e5e6-fa65-b4de-446c8486e80c" testName="Nzr.ToolBox.Core.Tests.StringUtilsTest.RemoveEnd_WithNull_ShouldReturnNull" computerName="WORKSTATION" duration="00:00:00.0020000" startTime="2019-11-17T17:03:06.3966215-03:00" endTime="2019-11-17T17:03:06.3966219-03:00" testType="13cdc9d9-ddb5-4fa4-a97d-d965ccfc6d4b" outcome="Passed" testListId="8c84fa94-04c1-424b-9868-57a2d4851a1d" relativeResultsDirectory="58a4d59e-18b3-497d-b52d-848e25def426" />
    <UnitTestResult executionId="feb8246f-a835-47e1-bb8c-273bf524bc19" testId="098b15f3-4cbc-4c40-9ad2-8835c9d6e501" testName="Nzr.ToolBox.Core.Tests.BooleanUtilsTests.ToBool_WithPositiveString_ShouldReturnTrue(value: &quot;Y&quot;)" computerName="WORKSTATION" duration="00:00:00.0010000" startTime="2019-11-17T17:03:06.4909542-03:00" endTime="2019-11-17T17:03:06.4909545-03:00" testType="13cdc9d9-ddb5-4fa4-a97d-d965ccfc6d4b" outcome="Passed" testListId="8c84fa94-04c1-424b-9868-57a2d4851a1d" relativeResultsDirectory="feb8246f-a835-47e1-bb8c-273bf524bc19" />
    <UnitTestResult executionId="deac405c-0779-414b-92ba-ce4464b1bb6c" testId="c86af186-3a97-3d11-9fd7-06dc90451dd3" testName="Nzr.ToolBox.Core.Tests.CollectionUtilsTests.IsNotEmpty_WithNull_ShouldReturnFalse" computerName="WORKSTATION" duration="00:00:00.0010000" startTime="2019-11-17T17:03:06.5856592-03:00" endTime="2019-11-17T17:03:06.5856594-03:00" testType="13cdc9d9-ddb5-4fa4-a97d-d965ccfc6d4b" outcome="Passed" testListId="8c84fa94-04c1-424b-9868-57a2d4851a1d" relativeResultsDirectory="deac405c-0779-414b-92ba-ce4464b1bb6c" />
    <UnitTestResult executionId="1b8b5e4e-7651-4529-a92a-e236a3c329f5" testId="a7cd429d-9ea9-105f-832c-f5c0d894de31" testName="Nzr.ToolBox.Core.Tests.ObjectUtilsTest.IfNotNull_WithNonNullValue_ShouldExecuteNotNullAction" computerName="WORKSTATION" duration="00:00:00.0020000" startTime="2019-11-17T17:03:06.9002354-03:00" endTime="2019-11-17T17:03:06.9002358-03:00" testType="13cdc9d9-ddb5-4fa4-a97d-d965ccfc6d4b" outcome="Passed" testListId="8c84fa94-04c1-424b-9868-57a2d4851a1d" relativeResultsDirectory="1b8b5e4e-7651-4529-a92a-e236a3c329f5" />
    <UnitTestResult executionId="99afd8bd-154e-479b-a94a-89f9b5e47448" testId="4d473892-3743-8866-0d73-fc4fe78c5f0e" testName="Nzr.ToolBox.Core.Tests.BooleanUtilsTests.IsAllTrue_WithOneFalseValue_ShouldReturnFalse" computerName="WORKSTATION" duration="00:00:00.0010000" startTime="2019-11-17T17:03:06.4957457-03:00" endTime="2019-11-17T17:03:06.4957461-03:00" testType="13cdc9d9-ddb5-4fa4-a97d-d965ccfc6d4b" outcome="Passed" testListId="8c84fa94-04c1-424b-9868-57a2d4851a1d" relativeResultsDirectory="99afd8bd-154e-479b-a94a-89f9b5e47448" />
    <UnitTestResult executionId="ec784c5c-fbfa-45ba-80d6-47615aec57d9" testId="9cb43f95-30da-e6bd-d3fb-74053a6f7143" testName="Nzr.ToolBox.Core.Tests.DateTimeUtilsTest.FromEpoch_WithEpoch_ShouldReturnDateTime" computerName="WORKSTATION" duration="00:00:00.0230000" startTime="2019-11-17T17:03:06.3973926-03:00" endTime="2019-11-17T17:03:06.3973928-03:00" testType="13cdc9d9-ddb5-4fa4-a97d-d965ccfc6d4b" outcome="Passed" testListId="8c84fa94-04c1-424b-9868-57a2d4851a1d" relativeResultsDirectory="ec784c5c-fbfa-45ba-80d6-47615aec57d9" />
    <UnitTestResult executionId="0917327b-75c5-47f7-880c-57fdad38a8c0" testId="a57e4f15-3c8a-cc65-2059-f1f5f83c9ba5" testName="Nzr.ToolBox.Core.Tests.ObjectUtilsTest.IsAllNonNull_WithAllNonNull_ShouldReturnTrue" computerName="WORKSTATION" duration="00:00:00.0010000" startTime="2019-11-17T17:03:07.1287623-03:00" endTime="2019-11-17T17:03:07.1287625-03:00" testType="13cdc9d9-ddb5-4fa4-a97d-d965ccfc6d4b" outcome="Passed" testListId="8c84fa94-04c1-424b-9868-57a2d4851a1d" relativeResultsDirectory="0917327b-75c5-47f7-880c-57fdad38a8c0" />
    <UnitTestResult executionId="823032e6-b6ab-4524-aae4-7c7bd951a8c7" testId="13760aec-c151-d4f0-b168-bf9cab7e1792" testName="Nzr.ToolBox.Core.Tests.StringUtilsTest.DescribeIfNone_WithEmpty_ShouldReturnEmptyString" computerName="WORKSTATION" duration="00:00:00.0010000" startTime="2019-11-17T17:03:06.5491607-03:00" endTime="2019-11-17T17:03:06.5491610-03:00" testType="13cdc9d9-ddb5-4fa4-a97d-d965ccfc6d4b" outcome="Passed" testListId="8c84fa94-04c1-424b-9868-57a2d4851a1d" relativeResultsDirectory="823032e6-b6ab-4524-aae4-7c7bd951a8c7" />
    <UnitTestResult executionId="22430fa3-df8b-41d9-812b-52012daef238" testId="98b1c38a-5944-2142-0122-daf0761a7b67" testName="Nzr.ToolBox.Core.Tests.CollectionUtilsTests.ContainsAll_WithNullRefEnumerable_ShouldReturnTrue" computerName="WORKSTATION" duration="00:00:00.0010000" startTime="2019-11-17T17:03:06.5777053-03:00" endTime="2019-11-17T17:03:06.5777056-03:00" testType="13cdc9d9-ddb5-4fa4-a97d-d965ccfc6d4b" outcome="Passed" testListId="8c84fa94-04c1-424b-9868-57a2d4851a1d" relativeResultsDirectory="22430fa3-df8b-41d9-812b-52012daef238" />
    <UnitTestResult executionId="88d9c937-da45-4b24-8e65-1c1d7d6e4aa3" testId="b292ce2e-5824-fb2a-2909-216dafdf7687" testName="Nzr.ToolBox.Core.Tests.StringUtilsTest.IsNotBlank_WithEmptyString_ShouldReturnFalse" computerName="WORKSTATION" duration="00:00:00.0010000" startTime="2019-11-17T17:03:06.5696236-03:00" endTime="2019-11-17T17:03:06.5696241-03:00" testType="13cdc9d9-ddb5-4fa4-a97d-d965ccfc6d4b" outcome="Passed" testListId="8c84fa94-04c1-424b-9868-57a2d4851a1d" relativeResultsDirectory="88d9c937-da45-4b24-8e65-1c1d7d6e4aa3" />
    <UnitTestResult executionId="1a0a0516-137a-41c5-9202-dbda0a0f58fc" testId="3f13a7b6-337e-e068-e2f4-569bb1afc599" testName="Nzr.ToolBox.Core.Tests.BooleanUtilsTests.IsAnyTrue_WithAllFalseValues_ShouldReturnFalse" computerName="WORKSTATION" duration="00:00:00.0030000" startTime="2019-11-17T17:03:06.4912107-03:00" endTime="2019-11-17T17:03:06.4912109-03:00" testType="13cdc9d9-ddb5-4fa4-a97d-d965ccfc6d4b" outcome="Passed" testListId="8c84fa94-04c1-424b-9868-57a2d4851a1d" relativeResultsDirectory="1a0a0516-137a-41c5-9202-dbda0a0f58fc" />
    <UnitTestResult executionId="f60f2ab5-6e3a-4618-aed9-b7ac501d4bd2" testId="10c60c49-fc34-a570-7e27-f72cbc125676" testName="Nzr.ToolBox.Core.Tests.CollectionUtilsTests.GetKey_WithNotMappedInput_ShouldReturnNull" computerName="WORKSTATION" duration="00:00:00.0010000" startTime="2019-11-17T17:03:06.6194996-03:00" endTime="2019-11-17T17:03:06.6194998-03:00" testType="13cdc9d9-ddb5-4fa4-a97d-d965ccfc6d4b" outcome="Passed" testListId="8c84fa94-04c1-424b-9868-57a2d4851a1d" relativeResultsDirectory="f60f2ab5-6e3a-4618-aed9-b7ac501d4bd2" />
    <UnitTestResult executionId="9788c522-e2f7-4256-8fdc-088d524d55ef" testId="ef8414b8-93fc-9937-7131-0c62836c71c1" testName="Nzr.ToolBox.Core.Tests.StringUtilsTest.ContainsAny_WithOrdinalIgnoreCaseStringContainingOneOfSubstring_ShouldReturnTrue" computerName="WORKSTATION" duration="00:00:00.0010000" startTime="2019-11-17T17:03:06.5494196-03:00" endTime="2019-11-17T17:03:06.5494199-03:00" testType="13cdc9d9-ddb5-4fa4-a97d-d965ccfc6d4b" outcome="Passed" testListId="8c84fa94-04c1-424b-9868-57a2d4851a1d" relativeResultsDirectory="9788c522-e2f7-4256-8fdc-088d524d55ef" />
    <UnitTestResult executionId="24277abd-767b-46c4-b70e-b137dd6ff204" testId="1dfcddc7-2376-1f70-3151-1b7cb4b3c7c1" testName="Nzr.ToolBox.Core.Tests.StringUtilsTest.RemoveStart_WithExistingStringsUsingOrdinalCase_ShouldNotRemoveStarts" computerName="WORKSTATION" duration="00:00:00.0010000" startTime="2019-11-17T17:03:06.3972406-03:00" endTime="2019-11-17T17:03:06.3972409-03:00" testType="13cdc9d9-ddb5-4fa4-a97d-d965ccfc6d4b" outcome="Passed" testListId="8c84fa94-04c1-424b-9868-57a2d4851a1d" relativeResultsDirectory="24277abd-767b-46c4-b70e-b137dd6ff204" />
    <UnitTestResult executionId="7bb15d82-b178-450e-bacc-7fd69783f44b" testId="b5c65171-5bde-d993-6882-e95aac21805c" testName="Nzr.ToolBox.Core.Tests.StringUtilsTest.ContainsAll_WithNullStringContainigAllNullSubstrings_ShouldReturnTrue" computerName="WORKSTATION" duration="00:00:00.0010000" startTime="2019-11-17T17:03:06.6125549-03:00" endTime="2019-11-17T17:03:06.6125551-03:00" testType="13cdc9d9-ddb5-4fa4-a97d-d965ccfc6d4b" outcome="Passed" testListId="8c84fa94-04c1-424b-9868-57a2d4851a1d" relativeResultsDirectory="7bb15d82-b178-450e-bacc-7fd69783f44b" />
    <UnitTestResult executionId="401a27a9-7910-4fa9-9ab0-b343a803926f" testId="512ec98d-2185-5ebc-b040-4a9df6c7ed1a" testName="Nzr.ToolBox.Core.Tests.StringUtilsTest.Replace_WithNonNullString_ShouldReplaceOldValueWithNewOne" computerName="WORKSTATION" duration="00:00:00.0010000" startTime="2019-11-17T17:03:06.6016256-03:00" endTime="2019-11-17T17:03:06.6016259-03:00" testType="13cdc9d9-ddb5-4fa4-a97d-d965ccfc6d4b" outcome="Passed" testListId="8c84fa94-04c1-424b-9868-57a2d4851a1d" relativeResultsDirectory="401a27a9-7910-4fa9-9ab0-b343a803926f" />
    <UnitTestResult executionId="822bde8a-3bbf-45c0-aa70-08c2e2c10a8e" testId="472f486e-769d-9d63-2be1-4ee1c9a10ec8" testName="Nzr.ToolBox.Core.Tests.CollectionUtilsTests.ForEach_WithNullList_ShouldNotExecuteAction" computerName="WORKSTATION" duration="00:00:00.0010000" startTime="2019-11-17T17:03:06.6014984-03:00" endTime="2019-11-17T17:03:06.6014988-03:00" testType="13cdc9d9-ddb5-4fa4-a97d-d965ccfc6d4b" outcome="Passed" testListId="8c84fa94-04c1-424b-9868-57a2d4851a1d" relativeResultsDirectory="822bde8a-3bbf-45c0-aa70-08c2e2c10a8e" />
    <UnitTestResult executionId="0e9f0f75-d035-489e-8e40-ff38e00e8ee4" testId="39856355-a5fb-aec1-b06d-ff7431c95990" testName="Nzr.ToolBox.Core.Tests.StringUtilsTest.IsNotEmpty_WithNullString_ShouldReturnFalse" computerName="WORKSTATION" duration="00:00:00.0010000" startTime="2019-11-17T17:03:06.4071617-03:00" endTime="2019-11-17T17:03:06.4071621-03:00" testType="13cdc9d9-ddb5-4fa4-a97d-d965ccfc6d4b" outcome="Passed" testListId="8c84fa94-04c1-424b-9868-57a2d4851a1d" relativeResultsDirectory="0e9f0f75-d035-489e-8e40-ff38e00e8ee4" />
    <UnitTestResult executionId="bafc19a9-3e99-4984-9376-fe74297c45ba" testId="3c08c190-08d7-dfc9-ae9e-484d70f645bc" testName="Nzr.ToolBox.Core.Tests.BooleanUtilsTests.IsFalse_WithTrueValue_ShouldReturnFalse" computerName="WORKSTATION" duration="00:00:00.0010000" startTime="2019-11-17T17:03:06.5154414-03:00" endTime="2019-11-17T17:03:06.5154422-03:00" testType="13cdc9d9-ddb5-4fa4-a97d-d965ccfc6d4b" outcome="Passed" testListId="8c84fa94-04c1-424b-9868-57a2d4851a1d" relativeResultsDirectory="bafc19a9-3e99-4984-9376-fe74297c45ba" />
    <UnitTestResult executionId="1526424b-ac9b-4846-9ed5-382544aa8c94" testId="ac4d6dc8-ac9c-ed69-2ea1-c142e3a580cd" testName="Nzr.ToolBox.Core.Tests.StringUtilsTest.ContainsNone_WithStringNotContainingOneOfSubstring_ShouldReturnTrue" computerName="WORKSTATION" duration="00:00:00.0010000" startTime="2019-11-17T17:03:06.5243185-03:00" endTime="2019-11-17T17:03:06.5243191-03:00" testType="13cdc9d9-ddb5-4fa4-a97d-d965ccfc6d4b" outcome="Passed" testListId="8c84fa94-04c1-424b-9868-57a2d4851a1d" relativeResultsDirectory="1526424b-ac9b-4846-9ed5-382544aa8c94" />
    <UnitTestResult executionId="423ffc4e-1aa9-4a1a-992d-1c93c11ffe68" testId="e4ef8062-0dbe-6974-71e4-0c8dfc386479" testName="Nzr.ToolBox.Core.Tests.StringUtilsTest.DefaultIfEmpty_WithNullString_ShouldReturnDefault" computerName="WORKSTATION" duration="00:00:00.0010000" startTime="2019-11-17T17:03:06.5241949-03:00" endTime="2019-11-17T17:03:06.5241953-03:00" testType="13cdc9d9-ddb5-4fa4-a97d-d965ccfc6d4b" outcome="Passed" testListId="8c84fa94-04c1-424b-9868-57a2d4851a1d" relativeResultsDirectory="423ffc4e-1aa9-4a1a-992d-1c93c11ffe68" />
    <UnitTestResult executionId="c1269572-6eee-4fa9-bbb7-3bac18a82e54" testId="7105bf79-1b8a-62bc-ff30-e967b860c8fb" testName="Nzr.ToolBox.Core.Tests.StringUtilsTest.Prefix_WithExistingPrefixAndOverride_ShouldAddPrefix" computerName="WORKSTATION" duration="00:00:00.0010000" startTime="2019-11-17T17:03:06.6087171-03:00" endTime="2019-11-17T17:03:06.6087174-03:00" testType="13cdc9d9-ddb5-4fa4-a97d-d965ccfc6d4b" outcome="Passed" testListId="8c84fa94-04c1-424b-9868-57a2d4851a1d" relativeResultsDirectory="c1269572-6eee-4fa9-bbb7-3bac18a82e54" />
    <UnitTestResult executionId="41471565-19da-4c5f-bd35-f5ad3c0291a2" testId="3c116de1-cd29-a2eb-b3ef-190f69cec8ec" testName="Nzr.ToolBox.Core.Tests.StringUtilsTest.IsBlank_WithEmptyString_ShouldReturnTrue" computerName="WORKSTATION" duration="00:00:00.0010000" startTime="2019-11-17T17:03:06.6013741-03:00" endTime="2019-11-17T17:03:06.6013746-03:00" testType="13cdc9d9-ddb5-4fa4-a97d-d965ccfc6d4b" outcome="Passed" testListId="8c84fa94-04c1-424b-9868-57a2d4851a1d" relativeResultsDirectory="41471565-19da-4c5f-bd35-f5ad3c0291a2" />
    <UnitTestResult executionId="46d081c5-3cc8-4883-94ee-8f2ef1d3b0be" testId="6f76a51f-b8cd-e6f5-cb70-61af9779673e" testName="Nzr.ToolBox.Core.Tests.CollectionUtilsTests.ContainsAny_WithEnumerableAndDiffSize_ShouldReturnFalse" computerName="WORKSTATION" duration="00:00:00.0010000" startTime="2019-11-17T17:03:06.5848050-03:00" endTime="2019-11-17T17:03:06.5848057-03:00" testType="13cdc9d9-ddb5-4fa4-a97d-d965ccfc6d4b" outcome="Passed" testListId="8c84fa94-04c1-424b-9868-57a2d4851a1d" relativeResultsDirectory="46d081c5-3cc8-4883-94ee-8f2ef1d3b0be" />
    <UnitTestResult executionId="86d13576-d161-4a4e-98e8-a19a142d757e" testId="d40c6e0c-b4ac-c82e-a0d9-6e696ff5e301" testName="Nzr.ToolBox.Core.Tests.StringUtilsTest.DefaultIfEmpty_WitEmptyString_ShouldReturnDefault" computerName="WORKSTATION" duration="00:00:00.0010000" startTime="2019-11-17T17:03:06.6118276-03:00" endTime="2019-11-17T17:03:06.6118280-03:00" testType="13cdc9d9-ddb5-4fa4-a97d-d965ccfc6d4b" outcome="Passed" testListId="8c84fa94-04c1-424b-9868-57a2d4851a1d" relativeResultsDirectory="86d13576-d161-4a4e-98e8-a19a142d757e" />
    <UnitTestResult executionId="e806502c-e628-4b65-a2aa-717d61da280e" testId="bd4840b2-65f4-1738-f51a-39c1c1a95ff4" testName="Nzr.ToolBox.Core.Tests.RandomUtilsTest.RandomByte_ShouldReturnUniqueValues(iterations: 255, seed: 1)" computerName="WORKSTATION" duration="00:00:00.0010000" startTime="2019-11-17T17:03:06.4958786-03:00" endTime="2019-11-17T17:03:06.4958788-03:00" testType="13cdc9d9-ddb5-4fa4-a97d-d965ccfc6d4b" outcome="Passed" testListId="8c84fa94-04c1-424b-9868-57a2d4851a1d" relativeResultsDirectory="e806502c-e628-4b65-a2aa-717d61da280e" />
    <UnitTestResult executionId="37f0309b-9962-45fc-ac2e-8135b9cad7c8" testId="14b6413c-e1eb-0334-1dc2-58a621540c17" testName="Nzr.ToolBox.Core.Tests.DateTimeUtilsTest.IsSameDay_WithDatesWithSameDay_ShouldReturnTrue" computerName="WORKSTATION" duration="00:00:00.0010000" startTime="2019-11-17T17:03:06.4026891-03:00" endTime="2019-11-17T17:03:06.4026895-03:00" testType="13cdc9d9-ddb5-4fa4-a97d-d965ccfc6d4b" outcome="Passed" testListId="8c84fa94-04c1-424b-9868-57a2d4851a1d" relativeResultsDirectory="37f0309b-9962-45fc-ac2e-8135b9cad7c8" />
    <UnitTestResult executionId="d32c4927-5499-4cef-9400-e82b3d946af7" testId="cbba7763-672f-ddfc-9a60-f6df272eaad6" testName="Nzr.ToolBox.Core.Tests.RandomUtilsTest.RandomDouble_ShouldReturnUniqueValues(iterations: 10000, seed: null)" computerName="WORKSTATION" duration="00:00:00.0530000" startTime="2019-11-17T17:03:06.6272528-03:00" endTime="2019-11-17T17:03:06.6272530-03:00" testType="13cdc9d9-ddb5-4fa4-a97d-d965ccfc6d4b" outcome="Passed" testListId="8c84fa94-04c1-424b-9868-57a2d4851a1d" relativeResultsDirectory="d32c4927-5499-4cef-9400-e82b3d946af7" />
    <UnitTestResult executionId="e9ea7a3f-f750-4310-b445-3ddb96fe433d" testId="47f688d2-7bfa-d12d-71a0-9be24af61148" testName="Nzr.ToolBox.Core.Tests.EnumUtilsTest.GetEnumNames_ShouldReturnEnumNamesAsList" computerName="WORKSTATION" duration="00:00:00.0380000" startTime="2019-11-17T17:03:06.3971702-03:00" endTime="2019-11-17T17:03:06.3971706-03:00" testType="13cdc9d9-ddb5-4fa4-a97d-d965ccfc6d4b" outcome="Passed" testListId="8c84fa94-04c1-424b-9868-57a2d4851a1d" relativeResultsDirectory="e9ea7a3f-f750-4310-b445-3ddb96fe433d" />
    <UnitTestResult executionId="77f4aab6-bb7a-4400-9b38-21ee07ba6d45" testId="54aad836-ba4f-5dbf-bad2-7c309c3d8a21" testName="Nzr.ToolBox.Core.Tests.BooleanUtilsTests.ToBool_WithNonPositiveString_ShouldReturnFalse(value: &quot;No&quot;)" computerName="WORKSTATION" duration="00:00:00.0010000" startTime="2019-11-17T17:03:06.4965387-03:00" endTime="2019-11-17T17:03:06.4965389-03:00" testType="13cdc9d9-ddb5-4fa4-a97d-d965ccfc6d4b" outcome="Passed" testListId="8c84fa94-04c1-424b-9868-57a2d4851a1d" relativeResultsDirectory="77f4aab6-bb7a-4400-9b38-21ee07ba6d45" />
    <UnitTestResult executionId="fb1cb5f2-72a6-4fe1-9ac6-a2f0f1e503f5" testId="f2f029e7-8888-f5a1-ddde-656322b453e5" testName="Nzr.ToolBox.Core.Tests.ObjectUtilsTest.IsAnyNull_WithOneNull_ShouldReturnTrue" computerName="WORKSTATION" duration="00:00:00.0010000" startTime="2019-11-17T17:03:06.9222959-03:00" endTime="2019-11-17T17:03:06.9222963-03:00" testType="13cdc9d9-ddb5-4fa4-a97d-d965ccfc6d4b" outcome="Passed" testListId="8c84fa94-04c1-424b-9868-57a2d4851a1d" relativeResultsDirectory="fb1cb5f2-72a6-4fe1-9ac6-a2f0f1e503f5" />
    <UnitTestResult executionId="f800d22a-b3e4-4517-ad04-5c1aab3d7427" testId="eb0227c1-b25a-b6ec-c3b3-242fa974349b" testName="Nzr.ToolBox.Core.Tests.StringUtilsTest.IsNotNumber_WithNull_ShouldReturnTrue" computerName="WORKSTATION" duration="00:00:00.0010000" startTime="2019-11-17T17:03:06.5656493-03:00" endTime="2019-11-17T17:03:06.5656496-03:00" testType="13cdc9d9-ddb5-4fa4-a97d-d965ccfc6d4b" outcome="Passed" testListId="8c84fa94-04c1-424b-9868-57a2d4851a1d" relativeResultsDirectory="f800d22a-b3e4-4517-ad04-5c1aab3d7427" />
    <UnitTestResult executionId="b6203f90-55ce-421a-a962-15e13f61ce93" testId="39187814-7948-31bd-4290-daef6ab2e603" testName="Nzr.ToolBox.Core.Tests.CollectionUtilsTests.IndexOf_WithNonExistingItem_ShouldReturnMinusOne" computerName="WORKSTATION" duration="00:00:00.0630000" startTime="2019-11-17T17:03:06.5497659-03:00" endTime="2019-11-17T17:03:06.5497662-03:00" testType="13cdc9d9-ddb5-4fa4-a97d-d965ccfc6d4b" outcome="Passed" testListId="8c84fa94-04c1-424b-9868-57a2d4851a1d" relativeResultsDirectory="b6203f90-55ce-421a-a962-15e13f61ce93" />
    <UnitTestResult executionId="861dc93f-70f0-42b7-b758-9fb7f3d1635c" testId="eacb19b9-5be6-0659-6867-c371141d3e61" testName="Nzr.ToolBox.Core.Tests.StringUtilsTest.ContainsAll_WithStringNotContainigAllSubstrings_ShouldReturnFalse" computerName="WORKSTATION" duration="00:00:00.0020000" startTime="2019-11-17T17:03:06.5201190-03:00" endTime="2019-11-17T17:03:06.5201192-03:00" testType="13cdc9d9-ddb5-4fa4-a97d-d965ccfc6d4b" outcome="Passed" testListId="8c84fa94-04c1-424b-9868-57a2d4851a1d" relativeResultsDirectory="861dc93f-70f0-42b7-b758-9fb7f3d1635c" />
    <UnitTestResult executionId="ea3d445f-9539-42c2-8931-d1fa08d01f9e" testId="0f0fd9c4-310b-8f5e-8547-15872b5cb4b0" testName="Nzr.ToolBox.Core.Tests.DateTimeUtilsTest.ToEpoch_WithDateTime_ShouldReturnEpochTime" computerName="WORKSTATION" duration="00:00:00.0220000" startTime="2019-11-17T17:03:06.4782119-03:00" endTime="2019-11-17T17:03:06.4782122-03:00" testType="13cdc9d9-ddb5-4fa4-a97d-d965ccfc6d4b" outcome="Passed" testListId="8c84fa94-04c1-424b-9868-57a2d4851a1d" relativeResultsDirectory="ea3d445f-9539-42c2-8931-d1fa08d01f9e" />
    <UnitTestResult executionId="f4d84f3d-d34e-4d1c-b1b1-a3a787151394" testId="4dcc4c87-6654-099d-1fa3-33b06e586a9e" testName="Nzr.ToolBox.Core.Tests.StringUtilsTest.Reverse_WithNull_ShouldReturnNull" computerName="WORKSTATION" duration="00:00:00.0010000" startTime="2019-11-17T17:03:06.5236971-03:00" endTime="2019-11-17T17:03:06.5236976-03:00" testType="13cdc9d9-ddb5-4fa4-a97d-d965ccfc6d4b" outcome="Passed" testListId="8c84fa94-04c1-424b-9868-57a2d4851a1d" relativeResultsDirectory="f4d84f3d-d34e-4d1c-b1b1-a3a787151394" />
    <UnitTestResult executionId="ee160139-5770-46b9-bae3-b664e7c5e45d" testId="2e474251-5f54-ef3f-b13d-35076f43dc38" testName="Nzr.ToolBox.Core.Tests.CollectionUtilsTests.Add_WithNullCollectionSourceAndListAsArgument_ShouldNotAddAllElements" computerName="WORKSTATION" duration="00:00:00.0060000" startTime="2019-11-17T17:03:06.5702646-03:00" endTime="2019-11-17T17:03:06.5702649-03:00" testType="13cdc9d9-ddb5-4fa4-a97d-d965ccfc6d4b" outcome="Passed" testListId="8c84fa94-04c1-424b-9868-57a2d4851a1d" relativeResultsDirectory="ee160139-5770-46b9-bae3-b664e7c5e45d" />
    <UnitTestResult executionId="0c23b13c-f15f-4f66-b786-84efe8cf4da1" testId="9d68ecd9-7bbb-710d-bc5c-7fb6bcf70625" testName="Nzr.ToolBox.Core.Tests.StringUtilsTest.IsNotEmpty_WithBlankString_ShouldReturnTrue" computerName="WORKSTATION" duration="00:00:00.0010000" startTime="2019-11-17T17:03:06.4778053-03:00" endTime="2019-11-17T17:03:06.4778059-03:00" testType="13cdc9d9-ddb5-4fa4-a97d-d965ccfc6d4b" outcome="Passed" testListId="8c84fa94-04c1-424b-9868-57a2d4851a1d" relativeResultsDirectory="0c23b13c-f15f-4f66-b786-84efe8cf4da1" />
    <UnitTestResult executionId="8783788f-7dbb-4ac2-ba3e-7664a483dbf8" testId="04deb678-c0aa-afd7-f73a-807625f6aa4a" testName="Nzr.ToolBox.Core.Tests.BooleanUtilsTests.ToBool_WithZeroOrNegative_ShouldReturnFalse(b: -1, s: -2, i: -3, l: -4, f: -5, d: -6, m: -7)" computerName="WORKSTATION" duration="00:00:00.0020000" startTime="2019-11-17T17:03:06.4916322-03:00" endTime="2019-11-17T17:03:06.4916325-03:00" testType="13cdc9d9-ddb5-4fa4-a97d-d965ccfc6d4b" outcome="Passed" testListId="8c84fa94-04c1-424b-9868-57a2d4851a1d" relativeResultsDirectory="8783788f-7dbb-4ac2-ba3e-7664a483dbf8" />
    <UnitTestResult executionId="acb036b6-fdc7-442f-9ae6-78f314482b28" testId="c7cdf179-33e4-784c-82e2-b5da92e111f8" testName="Nzr.ToolBox.Core.Tests.StringUtilsTest.Suffix_WithNonExistingSuffix_ShouldAddSuffix" computerName="WORKSTATION" duration="00:00:00.0010000" startTime="2019-11-17T17:03:06.3967616-03:00" endTime="2019-11-17T17:03:06.3967647-03:00" testType="13cdc9d9-ddb5-4fa4-a97d-d965ccfc6d4b" outcome="Passed" testListId="8c84fa94-04c1-424b-9868-57a2d4851a1d" relativeResultsDirectory="acb036b6-fdc7-442f-9ae6-78f314482b28" />
    <UnitTestResult executionId="71aa549f-1bbb-46ba-b70c-49877e5f623e" testId="349b454a-4a6b-82e1-71a0-9c64f08b3642" testName="Nzr.ToolBox.Core.Tests.ObjectUtilsTest.IfNull_WithNotNullValue_ShouldExecuteNotNullAction" computerName="WORKSTATION" duration="00:00:00.0020000" startTime="2019-11-17T17:03:06.9218826-03:00" endTime="2019-11-17T17:03:06.9218832-03:00" testType="13cdc9d9-ddb5-4fa4-a97d-d965ccfc6d4b" outcome="Passed" testListId="8c84fa94-04c1-424b-9868-57a2d4851a1d" relativeResultsDirectory="71aa549f-1bbb-46ba-b70c-49877e5f623e" />
    <UnitTestResult executionId="d6fbb559-5bf3-44d6-815e-36fa74b645b8" testId="bd159b72-9284-1885-d99e-8e5744e9e126" testName="Nzr.ToolBox.Core.Tests.CollectionUtilsTests.ForEach_WithNull_ShouldNotExecuteFunction" computerName="WORKSTATION" duration="00:00:00.0010000" startTime="2019-11-17T17:03:06.6193822-03:00" endTime="2019-11-17T17:03:06.6193824-03:00" testType="13cdc9d9-ddb5-4fa4-a97d-d965ccfc6d4b" outcome="Passed" testListId="8c84fa94-04c1-424b-9868-57a2d4851a1d" relativeResultsDirectory="d6fbb559-5bf3-44d6-815e-36fa74b645b8" />
    <UnitTestResult executionId="cc64d9d6-da38-49dd-be77-9fc6a7892e1a" testId="4e7127f8-744d-1e07-a920-a821e9fe9f93" testName="Nzr.ToolBox.Core.Tests.CollectionUtilsTests.ContainsAll_WithEnumerableAndSameElements_ShouldReturnTrue" computerName="WORKSTATION" duration="00:00:00.0030000" startTime="2019-11-17T17:03:06.5976638-03:00" endTime="2019-11-17T17:03:06.5976641-03:00" testType="13cdc9d9-ddb5-4fa4-a97d-d965ccfc6d4b" outcome="Passed" testListId="8c84fa94-04c1-424b-9868-57a2d4851a1d" relativeResultsDirectory="cc64d9d6-da38-49dd-be77-9fc6a7892e1a" />
    <UnitTestResult executionId="19d09bdb-4d11-4b94-9b59-677da560b2d4" testId="5242f9b9-ee1f-923c-f0c3-d5fb3e0359c6" testName="Nzr.ToolBox.Core.Tests.StringUtilsTest.IsNumber_WithNumeric_ShouldReturnTrue" computerName="WORKSTATION" duration="00:00:00.0010000" startTime="2019-11-17T17:03:06.5490229-03:00" endTime="2019-11-17T17:03:06.5490236-03:00" testType="13cdc9d9-ddb5-4fa4-a97d-d965ccfc6d4b" outcome="Passed" testListId="8c84fa94-04c1-424b-9868-57a2d4851a1d" relativeResultsDirectory="19d09bdb-4d11-4b94-9b59-677da560b2d4" />
    <UnitTestResult executionId="86139f4b-1f38-41a2-ba6c-7dd9cf90a41b" testId="efc2d993-18be-3c80-9e27-1d4e6cfd44ac" testName="Nzr.ToolBox.Core.Tests.StringUtilsTest.IsAnyBlank_WithOneBlank_ShouldReturnTrue" computerName="WORKSTATION" duration="00:00:00.0010000" startTime="2019-11-17T17:03:06.6088393-03:00" endTime="2019-11-17T17:03:06.6088396-03:00" testType="13cdc9d9-ddb5-4fa4-a97d-d965ccfc6d4b" outcome="Passed" testListId="8c84fa94-04c1-424b-9868-57a2d4851a1d" relativeResultsDirectory="86139f4b-1f38-41a2-ba6c-7dd9cf90a41b" />
    <UnitTestResult executionId="17a21197-748a-4e30-9ae3-ae8bc9f9a704" testId="131c3a52-0a16-0ae5-0512-93dbda72ea85" testName="Nzr.ToolBox.Core.Tests.StringUtilsTest.Remove_WithNonNullString_ShouldRemoveGiveStrings" computerName="WORKSTATION" duration="00:00:00.0010000" startTime="2019-11-17T17:03:06.5198841-03:00" endTime="2019-11-17T17:03:06.5198844-03:00" testType="13cdc9d9-ddb5-4fa4-a97d-d965ccfc6d4b" outcome="Passed" testListId="8c84fa94-04c1-424b-9868-57a2d4851a1d" relativeResultsDirectory="17a21197-748a-4e30-9ae3-ae8bc9f9a704" />
    <UnitTestResult executionId="b202a334-3888-4183-aa79-660851c1664d" testId="40b5fac7-b71c-8e77-a229-0b6dd2bc7930" testName="Nzr.ToolBox.Core.Tests.CollectionUtilsTests.ContainsAll_WithGenericEnumerableAndDiffSize_ShouldReturnFalse" computerName="WORKSTATION" duration="00:00:00.0010000" startTime="2019-11-17T17:03:06.5943611-03:00" endTime="2019-11-17T17:03:06.5943617-03:00" testType="13cdc9d9-ddb5-4fa4-a97d-d965ccfc6d4b" outcome="Passed" testListId="8c84fa94-04c1-424b-9868-57a2d4851a1d" relativeResultsDirectory="b202a334-3888-4183-aa79-660851c1664d" />
    <UnitTestResult executionId="67414b39-a639-4caa-912d-a484c52e85d5" testId="60b85a90-aaf8-7e93-2f6c-9526d81382d3" testName="Nzr.ToolBox.Core.Tests.ObjectUtilsTest.IfNotNull_WithNullValue_ShouldExecuteNullAction" computerName="WORKSTATION" duration="00:00:00.0040000" startTime="2019-11-17T17:03:06.9259500-03:00" endTime="2019-11-17T17:03:06.9259505-03:00" testType="13cdc9d9-ddb5-4fa4-a97d-d965ccfc6d4b" outcome="Passed" testListId="8c84fa94-04c1-424b-9868-57a2d4851a1d" relativeResultsDirectory="67414b39-a639-4caa-912d-a484c52e85d5" />
    <UnitTestResult executionId="3f9aa613-8f47-4872-bd39-9789e8fae165" testId="ffdd3661-fbf5-5fd8-8d4d-955844eb2b7f" testName="Nzr.ToolBox.Core.Tests.BooleanUtilsTests.Describe_WihFalseValueAndWitCustomFalseString_ShouldReturnCustomString" computerName="WORKSTATION" duration="00:00:00.0010000" startTime="2019-11-17T17:03:06.4997545-03:00" endTime="2019-11-17T17:03:06.4997547-03:00" testType="13cdc9d9-ddb5-4fa4-a97d-d965ccfc6d4b" outcome="Passed" testListId="8c84fa94-04c1-424b-9868-57a2d4851a1d" relativeResultsDirectory="3f9aa613-8f47-4872-bd39-9789e8fae165" />
    <UnitTestResult executionId="defd6c91-1587-4443-9c68-a1d92cfa8943" testId="f66c2c72-8186-4752-6374-d287cc46a9fe" testName="Nzr.ToolBox.Core.Tests.StringUtilsTest.IsAllBlank_WithNullOrBlankStrings_ShouldReturnTrue" computerName="WORKSTATION" duration="00:00:00.0010000" startTime="2019-11-17T17:03:06.3969032-03:00" endTime="2019-11-17T17:03:06.3969036-03:00" testType="13cdc9d9-ddb5-4fa4-a97d-d965ccfc6d4b" outcome="Passed" testListId="8c84fa94-04c1-424b-9868-57a2d4851a1d" relativeResultsDirectory="defd6c91-1587-4443-9c68-a1d92cfa8943" />
    <UnitTestResult executionId="813af7de-2701-4384-abdf-df222893b076" testId="357dbec3-6c88-60fc-92df-88a3a0d59998" testName="Nzr.ToolBox.Core.Tests.CollectionUtilsTests.ContainsAll_WithNullRefEnumerable_ShouldReturnFalse" computerName="WORKSTATION" duration="00:00:00.0010000" startTime="2019-11-17T17:03:06.5977818-03:00" endTime="2019-11-17T17:03:06.5977821-03:00" testType="13cdc9d9-ddb5-4fa4-a97d-d965ccfc6d4b" outcome="Passed" testListId="8c84fa94-04c1-424b-9868-57a2d4851a1d" relativeResultsDirectory="813af7de-2701-4384-abdf-df222893b076" />
    <UnitTestResult executionId="bcfd3f4b-78b4-4e11-9403-f25144024878" testId="266b6884-84e9-585c-ee2b-eff743317cdb" testName="Nzr.ToolBox.Core.Tests.BooleanUtilsTests.ToBool_WithPositiveString_ShouldReturnTrue(value: &quot;Si&quot;)" computerName="WORKSTATION" duration="00:00:00.0010000" startTime="2019-11-17T17:03:06.4871951-03:00" endTime="2019-11-17T17:03:06.4871954-03:00" testType="13cdc9d9-ddb5-4fa4-a97d-d965ccfc6d4b" outcome="Passed" testListId="8c84fa94-04c1-424b-9868-57a2d4851a1d" relativeResultsDirectory="bcfd3f4b-78b4-4e11-9403-f25144024878" />
    <UnitTestResult executionId="ba62040f-d836-4771-88c9-7b40fab8706f" testId="50b7ff87-3945-9d72-59f5-8be54b69e4af" testName="Nzr.ToolBox.Core.Tests.StringUtilsTest.Suffix_WithExistingSuffix_ShouldNotAddSuffix" computerName="WORKSTATION" duration="00:00:00.0010000" startTime="2019-11-17T17:03:06.5200010-03:00" endTime="2019-11-17T17:03:06.5200013-03:00" testType="13cdc9d9-ddb5-4fa4-a97d-d965ccfc6d4b" outcome="Passed" testListId="8c84fa94-04c1-424b-9868-57a2d4851a1d" relativeResultsDirectory="ba62040f-d836-4771-88c9-7b40fab8706f" />
    <UnitTestResult executionId="ef166d56-0008-4961-9243-48fc53786734" testId="16241dba-eaf4-0213-d6e5-c7da05851618" testName="Nzr.ToolBox.Core.Tests.StringUtilsTest.IsNumber_WithNull_ShouldReturnFalse" computerName="WORKSTATION" duration="00:00:00.0010000" startTime="2019-11-17T17:03:06.4032535-03:00" endTime="2019-11-17T17:03:06.4032538-03:00" testType="13cdc9d9-ddb5-4fa4-a97d-d965ccfc6d4b" outcome="Passed" testListId="8c84fa94-04c1-424b-9868-57a2d4851a1d" relativeResultsDirectory="ef166d56-0008-4961-9243-48fc53786734" />
    <UnitTestResult executionId="8577d648-3ebe-4feb-b025-8aeb36a37bd2" testId="625b6eef-9fde-b5ef-1db7-16257d35bad4" testName="Nzr.ToolBox.Core.Tests.StringUtilsTest.RemoveEnd_WithExistingStrings_ShouldReturnCleanedString" computerName="WORKSTATION" duration="00:00:00.0010000" startTime="2019-11-17T17:03:06.4075446-03:00" endTime="2019-11-17T17:03:06.4075449-03:00" testType="13cdc9d9-ddb5-4fa4-a97d-d965ccfc6d4b" outcome="Passed" testListId="8c84fa94-04c1-424b-9868-57a2d4851a1d" relativeResultsDirectory="8577d648-3ebe-4feb-b025-8aeb36a37bd2" />
    <UnitTestResult executionId="1119c9c8-cda4-465d-834d-a305e8b10d4f" testId="222f7168-7e34-cd8e-2834-adc8122c855d" testName="Nzr.ToolBox.Core.Tests.CollectionUtilsTests.IsNotEmpty_WithNonEmpty_ShouldReturnTrue" computerName="WORKSTATION" duration="00:00:00.0010000" startTime="2019-11-17T17:03:06.5772246-03:00" endTime="2019-11-17T17:03:06.5772250-03:00" testType="13cdc9d9-ddb5-4fa4-a97d-d965ccfc6d4b" outcome="Passed" testListId="8c84fa94-04c1-424b-9868-57a2d4851a1d" relativeResultsDirectory="1119c9c8-cda4-465d-834d-a305e8b10d4f" />
    <UnitTestResult executionId="044571dd-ce51-442c-9eb8-5353350c6e59" testId="57a7a709-5f41-6a40-bb89-55bb8181b369" testName="Nzr.ToolBox.Core.Tests.StringUtilsTest.DefaultIfBlank_WitBlankString_ShouldReturnDefault" computerName="WORKSTATION" duration="00:00:00.0010000" startTime="2019-11-17T17:03:06.3570163-03:00" endTime="2019-11-17T17:03:06.3570169-03:00" testType="13cdc9d9-ddb5-4fa4-a97d-d965ccfc6d4b" outcome="Passed" testListId="8c84fa94-04c1-424b-9868-57a2d4851a1d" relativeResultsDirectory="044571dd-ce51-442c-9eb8-5353350c6e59" />
    <UnitTestResult executionId="0668fc10-c1c0-4288-b5fa-1a4fa565d753" testId="164b891a-cd2a-f888-7f37-eb0e28476c0f" testName="Nzr.ToolBox.Core.Tests.ObjectUtilsTest.LastNonNull_WithAnyNonNull_ShouldReturnLastNonNull" computerName="WORKSTATION" duration="00:00:00.0030000" startTime="2019-11-17T17:03:06.8982271-03:00" endTime="2019-11-17T17:03:06.8982276-03:00" testType="13cdc9d9-ddb5-4fa4-a97d-d965ccfc6d4b" outcome="Passed" testListId="8c84fa94-04c1-424b-9868-57a2d4851a1d" relativeResultsDirectory="0668fc10-c1c0-4288-b5fa-1a4fa565d753" />
    <UnitTestResult executionId="f8cc205e-c2fc-4cd0-8383-757a320da571" testId="11236b60-ddaa-8517-7929-26428de182b4" testName="Nzr.ToolBox.Core.Tests.StringUtilsTest.IsEmpty_WithEmptyString_ShouldReturnTrue" computerName="WORKSTATION" duration="00:00:00.0010000" startTime="2019-11-17T17:03:06.6022486-03:00" endTime="2019-11-17T17:03:06.6022489-03:00" testType="13cdc9d9-ddb5-4fa4-a97d-d965ccfc6d4b" outcome="Passed" testListId="8c84fa94-04c1-424b-9868-57a2d4851a1d" relativeResultsDirectory="f8cc205e-c2fc-4cd0-8383-757a320da571" />
    <UnitTestResult executionId="dc2c43cd-abf1-44e2-b5e2-96b2d80680d5" testId="ccffac2f-6628-9393-88cb-889ebe715882" testName="Nzr.ToolBox.Core.Tests.StringUtilsTest.Truncate_WithStringLargerThanLimit_ShouldReturnTruncatedString" computerName="WORKSTATION" duration="00:00:00.0010000" startTime="2019-11-17T17:03:06.5981493-03:00" endTime="2019-11-17T17:03:06.5981496-03:00" testType="13cdc9d9-ddb5-4fa4-a97d-d965ccfc6d4b" outcome="Passed" testListId="8c84fa94-04c1-424b-9868-57a2d4851a1d" relativeResultsDirectory="dc2c43cd-abf1-44e2-b5e2-96b2d80680d5" />
    <UnitTestResult executionId="f47ca4d3-7bdd-411c-b3cf-171498f1573f" testId="b334286c-9c15-1dd5-c77e-1b9fe030040e" testName="Nzr.ToolBox.Core.Tests.StringUtilsTest.IsNotBlank_WithBlankString_ShouldReturnTrue" computerName="WORKSTATION" duration="00:00:00.0020000" startTime="2019-11-17T17:03:06.3572389-03:00" endTime="2019-11-17T17:03:06.3572393-03:00" testType="13cdc9d9-ddb5-4fa4-a97d-d965ccfc6d4b" outcome="Passed" testListId="8c84fa94-04c1-424b-9868-57a2d4851a1d" relativeResultsDirectory="f47ca4d3-7bdd-411c-b3cf-171498f1573f" />
    <UnitTestResult executionId="7b2cf6ce-c44a-40b4-8d66-3796f8c07197" testId="74f87d91-26ae-d1ee-e1f8-2525d41bbd83" testName="Nzr.ToolBox.Core.Tests.BooleanUtilsTests.ToBool_WithNonPositiveString_ShouldReturnFalse(value: &quot;N&quot;)" computerName="WORKSTATION" duration="00:00:00.0010000" startTime="2019-11-17T17:03:06.4996165-03:00" endTime="2019-11-17T17:03:06.4996167-03:00" testType="13cdc9d9-ddb5-4fa4-a97d-d965ccfc6d4b" outcome="Passed" testListId="8c84fa94-04c1-424b-9868-57a2d4851a1d" relativeResultsDirectory="7b2cf6ce-c44a-40b4-8d66-3796f8c07197" />
    <UnitTestResult executionId="609e9b2f-a57e-4680-b558-91000d3cbaf1" testId="9847e038-8e7e-bbcd-0cca-216082d13779" testName="Nzr.ToolBox.Core.Tests.StringUtilsTest.Format_WithFormatString_ShouldReturnFormatedString" computerName="WORKSTATION" duration="00:00:00.0010000" startTime="2019-11-17T17:03:06.6157893-03:00" endTime="2019-11-17T17:03:06.6157896-03:00" testType="13cdc9d9-ddb5-4fa4-a97d-d965ccfc6d4b" outcome="Passed" testListId="8c84fa94-04c1-424b-9868-57a2d4851a1d" relativeResultsDirectory="609e9b2f-a57e-4680-b558-91000d3cbaf1" />
    <UnitTestResult executionId="3dc474cf-b51b-479a-a289-c0c6ee8fe7be" testId="2deffabc-0f2a-cf1f-0473-12f60ef9456b" testName="Nzr.ToolBox.Core.Tests.ObjectUtilsTest.LastNonNull_WithAllNull_ShouldReturnNull" computerName="WORKSTATION" duration="00:00:00.0010000" startTime="2019-11-17T17:03:06.9006797-03:00" endTime="2019-11-17T17:03:06.9006801-03:00" testType="13cdc9d9-ddb5-4fa4-a97d-d965ccfc6d4b" outcome="Passed" testListId="8c84fa94-04c1-424b-9868-57a2d4851a1d" relativeResultsDirectory="3dc474cf-b51b-479a-a289-c0c6ee8fe7be" />
    <UnitTestResult executionId="0bba09c8-3362-4f3b-81a6-49cd67677892" testId="7e9381b8-1011-a83d-71c0-1a4700f44a6a" testName="Nzr.ToolBox.Core.Tests.RandomUtilsTest.RandomLong_ShouldReturnUniqueValues(iterations: 10000, seed: null)" computerName="WORKSTATION" duration="00:00:00.0460000" startTime="2019-11-17T17:03:06.6828160-03:00" endTime="2019-11-17T17:03:06.6828170-03:00" testType="13cdc9d9-ddb5-4fa4-a97d-d965ccfc6d4b" outcome="Passed" testListId="8c84fa94-04c1-424b-9868-57a2d4851a1d" relativeResultsDirectory="0bba09c8-3362-4f3b-81a6-49cd67677892" />
    <UnitTestResult executionId="c4494b5d-e15d-4d8f-85a4-02230172a4a8" testId="fea88c74-eaa4-e751-b2f0-898db2073835" testName="Nzr.ToolBox.Core.Tests.DateTimeUtilsTest.IsSameDay_WithDatesWithoutSameDay_ShouldReturnFalse" computerName="WORKSTATION" duration="00:00:00.0010000" startTime="2019-11-17T17:03:06.4785997-03:00" endTime="2019-11-17T17:03:06.4786001-03:00" testType="13cdc9d9-ddb5-4fa4-a97d-d965ccfc6d4b" outcome="Passed" testListId="8c84fa94-04c1-424b-9868-57a2d4851a1d" relativeResultsDirectory="c4494b5d-e15d-4d8f-85a4-02230172a4a8" />
    <UnitTestResult executionId="ddd2551a-0f0e-4aaa-be09-e92c06724c8b" testId="fee75939-4381-ef54-486d-351d5845cf43" testName="Nzr.ToolBox.Core.Tests.CollectionUtilsTests.ForEach_WithList_ShouldExecuteAction" computerName="WORKSTATION" duration="00:00:00.0170000" startTime="2019-11-17T17:03:06.5855128-03:00" endTime="2019-11-17T17:03:06.5855132-03:00" testType="13cdc9d9-ddb5-4fa4-a97d-d965ccfc6d4b" outcome="Passed" testListId="8c84fa94-04c1-424b-9868-57a2d4851a1d" relativeResultsDirectory="ddd2551a-0f0e-4aaa-be09-e92c06724c8b" />
    <UnitTestResult executionId="dc39a633-8e9f-49b6-9c39-8632f2fc2ac2" testId="31b0f7a4-7814-de1a-ba42-99fccbedaf77" testName="Nzr.ToolBox.Core.Tests.ObjectUtilsTest.IsAllNonNull_WithOneNull_ShouldReturnFalse" computerName="WORKSTATION" duration="00:00:00.0010000" startTime="2019-11-17T17:03:06.9143644-03:00" endTime="2019-11-17T17:03:06.9143648-03:00" testType="13cdc9d9-ddb5-4fa4-a97d-d965ccfc6d4b" outcome="Passed" testListId="8c84fa94-04c1-424b-9868-57a2d4851a1d" relativeResultsDirectory="dc39a633-8e9f-49b6-9c39-8632f2fc2ac2" />
    <UnitTestResult executionId="89f66f23-32c6-4fa4-9c0f-5dc6d6309bf7" testId="0d7388ec-535d-bdbd-7333-2708e1a2ca4e" testName="Nzr.ToolBox.Core.Tests.StringUtilsTest.IsNotEmpty_WithEmptyString_ShouldReturnFalse" computerName="WORKSTATION" duration="00:00:00.0010000" startTime="2019-11-17T17:03:06.5735535-03:00" endTime="2019-11-17T17:03:06.5735541-03:00" testType="13cdc9d9-ddb5-4fa4-a97d-d965ccfc6d4b" outcome="Passed" testListId="8c84fa94-04c1-424b-9868-57a2d4851a1d" relativeResultsDirectory="89f66f23-32c6-4fa4-9c0f-5dc6d6309bf7" />
    <UnitTestResult executionId="66d9cb5f-61fa-4c1c-9640-0f6b73c1e38f" testId="c27f5798-ba92-8771-15a7-731f0a36872c" testName="Nzr.ToolBox.Core.Tests.BooleanUtilsTests.Describe_WihTrueValueAndWitCustomYesString_ShouldReturnCustomString" computerName="WORKSTATION" duration="00:00:00.0010000" startTime="2019-11-17T17:03:06.4998695-03:00" endTime="2019-11-17T17:03:06.4998697-03:00" testType="13cdc9d9-ddb5-4fa4-a97d-d965ccfc6d4b" outcome="Passed" testListId="8c84fa94-04c1-424b-9868-57a2d4851a1d" relativeResultsDirectory="66d9cb5f-61fa-4c1c-9640-0f6b73c1e38f" />
    <UnitTestResult executionId="2302c09a-7eab-4b05-a979-01fef2afcec3" testId="3481e80b-1f65-cc03-2307-099b3c1f0f7c" testName="Nzr.ToolBox.Core.Tests.DateTimeUtilsTest.IsSameDay_WithCurrentDayAndNull_ShouldReturnTrue" computerName="WORKSTATION" duration="00:00:00.0010000" startTime="2019-11-17T17:03:06.4783465-03:00" endTime="2019-11-17T17:03:06.4783469-03:00" testType="13cdc9d9-ddb5-4fa4-a97d-d965ccfc6d4b" outcome="Passed" testListId="8c84fa94-04c1-424b-9868-57a2d4851a1d" relativeResultsDirectory="2302c09a-7eab-4b05-a979-01fef2afcec3" />
    <UnitTestResult executionId="8347db49-4fe9-4dda-833d-548dd7d2aceb" testId="da642cc4-82fe-b6d1-55ca-0b6105cd1909" testName="Nzr.ToolBox.Core.Tests.StringUtilsTest.Replace_WithNullString_ShouldReturnDefault" computerName="WORKSTATION" duration="00:00:00.0010000" startTime="2019-11-17T17:03:06.5697666-03:00" endTime="2019-11-17T17:03:06.5697669-03:00" testType="13cdc9d9-ddb5-4fa4-a97d-d965ccfc6d4b" outcome="Passed" testListId="8c84fa94-04c1-424b-9868-57a2d4851a1d" relativeResultsDirectory="8347db49-4fe9-4dda-833d-548dd7d2aceb" />
    <UnitTestResult executionId="85eb1cd8-41a6-499b-9ffd-b310de32e37a" testId="e4949cfa-e33d-2fd1-5bcc-b5f6b9db1ce9" testName="Nzr.ToolBox.Core.Tests.StringUtilsTest.Reverse_WithString_ShouldReturnReversedString" computerName="WORKSTATION" duration="00:00:00.0010000" startTime="2019-11-17T17:03:06.5239540-03:00" endTime="2019-11-17T17:03:06.5239543-03:00" testType="13cdc9d9-ddb5-4fa4-a97d-d965ccfc6d4b" outcome="Passed" testListId="8c84fa94-04c1-424b-9868-57a2d4851a1d" relativeResultsDirectory="85eb1cd8-41a6-499b-9ffd-b310de32e37a" />
    <UnitTestResult executionId="3db93eaa-6eb8-46b1-8eca-51108a3993c4" testId="f54f88da-7c5b-63a5-454a-c31c248124f8" testName="Nzr.ToolBox.Core.Tests.BooleanUtilsTests.IsTrue_WithNullOrFalseValue_ShouldReturnFalse(value: null)" computerName="WORKSTATION" duration="00:00:00.0010000" startTime="2019-11-17T17:03:06.5159185-03:00" endTime="2019-11-17T17:03:06.5159188-03:00" testType="13cdc9d9-ddb5-4fa4-a97d-d965ccfc6d4b" outcome="Passed" testListId="8c84fa94-04c1-424b-9868-57a2d4851a1d" relativeResultsDirectory="3db93eaa-6eb8-46b1-8eca-51108a3993c4" />
    <UnitTestResult executionId="8bb4a7f0-1a9c-433f-acdd-fb2022fd79b6" testId="ef1d6b74-13c8-dcd2-26ac-7f5ae1d5273c" testName="Nzr.ToolBox.Core.Tests.ObjectUtilsTest.IfNull_WithNullValue_ShouldExecuteNullAction" computerName="WORKSTATION" duration="00:00:00.5900000" startTime="2019-11-17T17:03:06.8836116-03:00" endTime="2019-11-17T17:03:06.8836126-03:00" testType="13cdc9d9-ddb5-4fa4-a97d-d965ccfc6d4b" outcome="Passed" testListId="8c84fa94-04c1-424b-9868-57a2d4851a1d" relativeResultsDirectory="8bb4a7f0-1a9c-433f-acdd-fb2022fd79b6" />
    <UnitTestResult executionId="909eed4b-b4e2-4737-b3d4-a530aeb56ca2" testId="105843c0-8d25-e16e-687e-24c0c02b7966" testName="Nzr.ToolBox.Core.Tests.CollectionUtilsTests.IsNotEmpty_WithEmpty_ShouldReturnFalse" computerName="WORKSTATION" duration="00:00:00.0010000" startTime="2019-11-17T17:03:06.6084720-03:00" endTime="2019-11-17T17:03:06.6084723-03:00" testType="13cdc9d9-ddb5-4fa4-a97d-d965ccfc6d4b" outcome="Passed" testListId="8c84fa94-04c1-424b-9868-57a2d4851a1d" relativeResultsDirectory="909eed4b-b4e2-4737-b3d4-a530aeb56ca2" />
    <UnitTestResult executionId="664196b9-0b80-4ef1-ac89-e6dc908a4c9f" testId="a412f5de-b33e-e409-c4ae-50c16bfae988" testName="Nzr.ToolBox.Core.Tests.StringUtilsTest.DefaultIfBlank_WitEmptyString_ShouldReturnDefault" computerName="WORKSTATION" duration="00:00:00.0010000" startTime="2019-11-17T17:03:06.5661481-03:00" endTime="2019-11-17T17:03:06.5661484-03:00" testType="13cdc9d9-ddb5-4fa4-a97d-d965ccfc6d4b" outcome="Passed" testListId="8c84fa94-04c1-424b-9868-57a2d4851a1d" relativeResultsDirectory="664196b9-0b80-4ef1-ac89-e6dc908a4c9f" />
    <UnitTestResult executionId="04a397ec-8cc4-4ffc-bcfa-34fd14d123df" testId="70966e50-d79f-4259-d654-7885bec2e3ae" testName="Nzr.ToolBox.Core.Tests.CollectionUtilsTests.ForEach_WithNullEnumerable_ShouldNotExecuteFunction" computerName="WORKSTATION" duration="00:00:00.0010000" startTime="2019-11-17T17:03:06.5740445-03:00" endTime="2019-11-17T17:03:06.5740448-03:00" testType="13cdc9d9-ddb5-4fa4-a97d-d965ccfc6d4b" outcome="Passed" testListId="8c84fa94-04c1-424b-9868-57a2d4851a1d" relativeResultsDirectory="04a397ec-8cc4-4ffc-bcfa-34fd14d123df" />
    <UnitTestResult executionId="2a556f96-01ca-4efb-841a-46c8d863fa73" testId="9a91ff0d-5561-cbe9-f49d-60edb014a514" testName="Nzr.ToolBox.Core.Tests.StringUtilsTest.ReplaceNonNumeric_WithNull_ShouldReturnNull" computerName="WORKSTATION" duration="00:00:00.0010000" startTime="2019-11-17T17:03:06.5539715-03:00" endTime="2019-11-17T17:03:06.5539721-03:00" testType="13cdc9d9-ddb5-4fa4-a97d-d965ccfc6d4b" outcome="Passed" testListId="8c84fa94-04c1-424b-9868-57a2d4851a1d" relativeResultsDirectory="2a556f96-01ca-4efb-841a-46c8d863fa73" />
    <UnitTestResult executionId="b8abe481-65e5-4939-9ad1-9332b2688e74" testId="a17b2044-60f5-4812-5bc4-2de8d6ca5463" testName="Nzr.ToolBox.Core.Tests.RandomUtilsTest.RandomDecimal_ShouldReturnUniqueValues(iterations: 10000, seed: null)" computerName="WORKSTATION" duration="00:00:00.0390000" startTime="2019-11-17T17:03:06.8421316-03:00" endTime="2019-11-17T17:03:06.8421323-03:00" testType="13cdc9d9-ddb5-4fa4-a97d-d965ccfc6d4b" outcome="Passed" testListId="8c84fa94-04c1-424b-9868-57a2d4851a1d" relativeResultsDirectory="b8abe481-65e5-4939-9ad1-9332b2688e74" />
    <UnitTestResult executionId="2e5d2327-6e33-4fcc-ac5c-2e11bf5cc386" testId="28e678a0-2d75-ba44-cf85-f12a6e015f2f" testName="Nzr.ToolBox.Core.Tests.BooleanUtilsTests.IsFalse_WithNullOrFalseValue_ShouldReturnTrue(value: False)" computerName="WORKSTATION" duration="00:00:00.0010000" startTime="2019-11-17T17:03:06.4960111-03:00" endTime="2019-11-17T17:03:06.4960113-03:00" testType="13cdc9d9-ddb5-4fa4-a97d-d965ccfc6d4b" outcome="Passed" testListId="8c84fa94-04c1-424b-9868-57a2d4851a1d" relativeResultsDirectory="2e5d2327-6e33-4fcc-ac5c-2e11bf5cc386" />
    <UnitTestResult executionId="1efe5485-aa18-4e40-ba86-b3cfc62ac998" testId="82fbae66-d014-68f8-a29c-7a33350f0be4" testName="Nzr.ToolBox.Core.Tests.CollectionUtilsTests.IndexOf_WithExistingItem_ShouldReturnIndex" computerName="WORKSTATION" duration="00:00:00.0020000" startTime="2019-11-17T17:03:06.5773543-03:00" endTime="2019-11-17T17:03:06.5773545-03:00" testType="13cdc9d9-ddb5-4fa4-a97d-d965ccfc6d4b" outcome="Passed" testListId="8c84fa94-04c1-424b-9868-57a2d4851a1d" relativeResultsDirectory="1efe5485-aa18-4e40-ba86-b3cfc62ac998" />
    <UnitTestResult executionId="3b2c2e39-f126-4445-b7e1-5db8aaecd9d8" testId="aa9cc0cb-14c6-ae07-bdfd-bae5f2a9924a" testName="Nzr.ToolBox.Core.Tests.CollectionUtilsTests.EmptyIfNull_WithNonNullEnumerable_ShouldTheEnumerable" computerName="WORKSTATION" duration="00:00:00.0010000" startTime="2019-11-17T17:03:06.5775897-03:00" endTime="2019-11-17T17:03:06.5775899-03:00" testType="13cdc9d9-ddb5-4fa4-a97d-d965ccfc6d4b" outcome="Passed" testListId="8c84fa94-04c1-424b-9868-57a2d4851a1d" relativeResultsDirectory="3b2c2e39-f126-4445-b7e1-5db8aaecd9d8" />
    <UnitTestResult executionId="403225a3-f9ad-4498-8c67-0a2fe271d426" testId="79e2a514-0ea2-3daf-f0aa-1fc63dbc9aa2" testName="Nzr.ToolBox.Core.Tests.StringUtilsTest.Suffix_WithNullString_ShouldReturnSuffix" computerName="WORKSTATION" duration="00:00:00.0010000" startTime="2019-11-17T17:03:06.5196495-03:00" endTime="2019-11-17T17:03:06.5196498-03:00" testType="13cdc9d9-ddb5-4fa4-a97d-d965ccfc6d4b" outcome="Passed" testListId="8c84fa94-04c1-424b-9868-57a2d4851a1d" relativeResultsDirectory="403225a3-f9ad-4498-8c67-0a2fe271d426" />
    <UnitTestResult executionId="732d2b3d-19ab-496f-afc2-db23030d9d3a" testId="49936fc4-4825-29e4-106c-2b5397c160c6" testName="Nzr.ToolBox.Core.Tests.StringUtilsTest.RemoveEnd_WithExistingStringsUsingOrdinalCase_ShouldNotRemoveEnds" computerName="WORKSTATION" duration="00:00:00.0010000" startTime="2019-11-17T17:03:06.5498937-03:00" endTime="2019-11-17T17:03:06.5498940-03:00" testType="13cdc9d9-ddb5-4fa4-a97d-d965ccfc6d4b" outcome="Passed" testListId="8c84fa94-04c1-424b-9868-57a2d4851a1d" relativeResultsDirectory="732d2b3d-19ab-496f-afc2-db23030d9d3a" />
    <UnitTestResult executionId="f1df89d6-b352-42f8-83c5-07985336cf3b" testId="456e732c-388b-f135-86e0-02f4f82041c1" testName="Nzr.ToolBox.Core.Tests.StringUtilsTest.ContainsNone_WithOrdinalIgnoreCaseStringNotContainingOneOfSubstring_ShouldReturnTrue" computerName="WORKSTATION" duration="00:00:00.0010000" startTime="2019-11-17T17:03:06.5660253-03:00" endTime="2019-11-17T17:03:06.5660256-03:00" testType="13cdc9d9-ddb5-4fa4-a97d-d965ccfc6d4b" outcome="Passed" testListId="8c84fa94-04c1-424b-9868-57a2d4851a1d" relativeResultsDirectory="f1df89d6-b352-42f8-83c5-07985336cf3b" />
    <UnitTestResult executionId="c66280ff-50de-4b4a-a906-1989bba9e5ff" testId="e7c5d70f-845a-794e-5db5-61ecf0bcf4a3" testName="Nzr.ToolBox.Core.Tests.StringUtilsTest.IsAllEmpty_WithNullStrings_ShouldReturnTrue" computerName="WORKSTATION" duration="00:00:00.0010000" startTime="2019-11-17T17:03:06.5652386-03:00" endTime="2019-11-17T17:03:06.5652392-03:00" testType="13cdc9d9-ddb5-4fa4-a97d-d965ccfc6d4b" outcome="Passed" testListId="8c84fa94-04c1-424b-9868-57a2d4851a1d" relativeResultsDirectory="c66280ff-50de-4b4a-a906-1989bba9e5ff" />
    <UnitTestResult executionId="223d08fc-bb27-428b-b5fb-e7b2a63b7996" testId="81f4be93-f58a-fe7a-4fed-525380a4a47a" testName="Nzr.ToolBox.Core.Tests.StringUtilsTest.ContainsNone_WithOrdinalIgnoreCaseStringContainingOneOfSubstring_ShouldReturnFalse" computerName="WORKSTATION" duration="00:00:00.0010000" startTime="2019-11-17T17:03:06.5695026-03:00" endTime="2019-11-17T17:03:06.5695029-03:00" testType="13cdc9d9-ddb5-4fa4-a97d-d965ccfc6d4b" outcome="Passed" testListId="8c84fa94-04c1-424b-9868-57a2d4851a1d" relativeResultsDirectory="223d08fc-bb27-428b-b5fb-e7b2a63b7996" />
    <UnitTestResult executionId="4c49e5c8-d920-4ac9-9769-d185e03cab81" testId="a8aeaf6c-55aa-4255-8afb-adec0e7c74a8" testName="Nzr.ToolBox.Core.Tests.StringUtilsTest.ContainsAny_WithOrdinalIgnoreCaseNullStringWithNullAsSubstrings_ShouldReturnTrue" computerName="WORKSTATION" duration="00:00:00.0010000" startTime="2019-11-17T17:03:06.4068876-03:00" endTime="2019-11-17T17:03:06.4068880-03:00" testType="13cdc9d9-ddb5-4fa4-a97d-d965ccfc6d4b" outcome="Passed" testListId="8c84fa94-04c1-424b-9868-57a2d4851a1d" relativeResultsDirectory="4c49e5c8-d920-4ac9-9769-d185e03cab81" />
    <UnitTestResult executionId="5d6da0f4-8513-46d1-9891-3464218f50e6" testId="e8d09c68-4f4a-59e8-3c44-66cd53ed8164" testName="Nzr.ToolBox.Core.Tests.CollectionUtilsTests.ContainsAll_WithNullSourceAndRefGenericEnumerable_ShouldReturnTrue" computerName="WORKSTATION" duration="00:00:00.0010000" startTime="2019-11-17T17:03:06.5850621-03:00" endTime="2019-11-17T17:03:06.5850625-03:00" testType="13cdc9d9-ddb5-4fa4-a97d-d965ccfc6d4b" outcome="Passed" testListId="8c84fa94-04c1-424b-9868-57a2d4851a1d" relativeResultsDirectory="5d6da0f4-8513-46d1-9891-3464218f50e6" />
    <UnitTestResult executionId="b1dc07c2-0500-49f1-9b59-beaad32baeec" testId="1f8d595f-ee42-36d5-5d96-e0c86c183647" testName="Nzr.ToolBox.Core.Tests.RandomUtilsTest.RandomString_WithoutAnyChar_ShouldThrowException" computerName="WORKSTATION" duration="00:00:00.0010000" startTime="2019-11-17T17:03:07.1948942-03:00" endTime="2019-11-17T17:03:07.1948945-03:00" testType="13cdc9d9-ddb5-4fa4-a97d-d965ccfc6d4b" outcome="Passed" testListId="8c84fa94-04c1-424b-9868-57a2d4851a1d" relativeResultsDirectory="b1dc07c2-0500-49f1-9b59-beaad32baeec" />
    <UnitTestResult executionId="4b5103b5-1edd-4182-ac9f-3d1bf565fb3e" testId="f681d49e-3f25-06a7-6205-1c8f2398b635" testName="Nzr.ToolBox.Core.Tests.BooleanUtilsTests.ToBool_WithPositiveNonZero_ShouldReturnTrue(b: 1, s: 1, i: 1, l: 1, f: 1, d: 1, m: 1)" computerName="WORKSTATION" duration="00:00:00.0010000" startTime="2019-11-17T17:03:06.5116678-03:00" endTime="2019-11-17T17:03:06.5116681-03:00" testType="13cdc9d9-ddb5-4fa4-a97d-d965ccfc6d4b" outcome="Passed" testListId="8c84fa94-04c1-424b-9868-57a2d4851a1d" relativeResultsDirectory="4b5103b5-1edd-4182-ac9f-3d1bf565fb3e" />
    <UnitTestResult executionId="8b113f5b-6718-4941-a249-143f16aaae3f" testId="85b4abf3-134f-3845-e5fb-2d701e34abae" testName="Nzr.ToolBox.Core.Tests.StringUtilsTest.GetFirstNonBlank_WithNonBlankString_ShouldReturnNonBlankString" computerName="WORKSTATION" duration="00:00:00.0010000" startTime="2019-11-17T17:03:06.3970342-03:00" endTime="2019-11-17T17:03:06.3970345-03:00" testType="13cdc9d9-ddb5-4fa4-a97d-d965ccfc6d4b" outcome="Passed" testListId="8c84fa94-04c1-424b-9868-57a2d4851a1d" relativeResultsDirectory="8b113f5b-6718-4941-a249-143f16aaae3f" />
    <UnitTestResult executionId="f767f7ea-cef3-4ffc-a0f0-66a1f6b817ee" testId="4efab8f9-2009-4299-fc70-4c6c544935fe" testName="Nzr.ToolBox.Core.Tests.CollectionUtilsTests.Contains_WithNonExistingItem_ShouldReturnFalse" computerName="WORKSTATION" duration="00:00:00.0030000" startTime="2019-11-17T17:03:06.5941172-03:00" endTime="2019-11-17T17:03:06.5941175-03:00" testType="13cdc9d9-ddb5-4fa4-a97d-d965ccfc6d4b" outcome="Passed" testListId="8c84fa94-04c1-424b-9868-57a2d4851a1d" relativeResultsDirectory="f767f7ea-cef3-4ffc-a0f0-66a1f6b817ee" />
    <UnitTestResult executionId="63fd6edb-3bfe-4093-8f36-350ed4fdd6a7" testId="aa3a386d-4e0e-5a63-1b9c-2e9bdb13caac" testName="Nzr.ToolBox.Core.Tests.StringUtilsTest.ContainsAny_WithStringContainingOneOfSubstring_ShouldReturnTrue" computerName="WORKSTATION" duration="00:00:00.0010000" startTime="2019-11-17T17:03:06.4076697-03:00" endTime="2019-11-17T17:03:06.4076700-03:00" testType="13cdc9d9-ddb5-4fa4-a97d-d965ccfc6d4b" outcome="Passed" testListId="8c84fa94-04c1-424b-9868-57a2d4851a1d" relativeResultsDirectory="63fd6edb-3bfe-4093-8f36-350ed4fdd6a7" />
    <UnitTestResult executionId="1c48dc40-dc08-4a26-a421-c9bf8786ca6f" testId="dec4b2e5-eff9-2a89-8e71-4aef758046da" testName="Nzr.ToolBox.Core.Tests.StringUtilsTest.IsNotBlank_WithNullString_ShouldReturnFalse" computerName="WORKSTATION" duration="00:00:00.0010000" startTime="2019-11-17T17:03:06.6155276-03:00" endTime="2019-11-17T17:03:06.6155280-03:00" testType="13cdc9d9-ddb5-4fa4-a97d-d965ccfc6d4b" outcome="Passed" testListId="8c84fa94-04c1-424b-9868-57a2d4851a1d" relativeResultsDirectory="1c48dc40-dc08-4a26-a421-c9bf8786ca6f" />
    <UnitTestResult executionId="179c527b-f136-4827-93b6-cfe88b99b1cd" testId="4b89d93e-7058-25e8-68ff-2910059c6bc1" testName="Nzr.ToolBox.Core.Tests.RandomUtilsTest.RandomString_WithSpecificChars_ShouldReturnSpecificString" computerName="WORKSTATION" duration="00:00:00.0650000" startTime="2019-11-17T17:03:07.1343681-03:00" endTime="2019-11-17T17:03:07.1343688-03:00" testType="13cdc9d9-ddb5-4fa4-a97d-d965ccfc6d4b" outcome="Passed" testListId="8c84fa94-04c1-424b-9868-57a2d4851a1d" relativeResultsDirectory="179c527b-f136-4827-93b6-cfe88b99b1cd" />
    <UnitTestResult executionId="efee2183-c41d-4666-90ae-96c0b4542266" testId="80448ca3-d219-127e-a239-9050478b7a03" testName="Nzr.ToolBox.Core.Tests.CollectionUtilsTests.Contains_WithNullArray_ShouldReturnFalse" computerName="WORKSTATION" duration="00:00:00.0010000" startTime="2019-11-17T17:03:06.5779611-03:00" endTime="2019-11-17T17:03:06.5779613-03:00" testType="13cdc9d9-ddb5-4fa4-a97d-d965ccfc6d4b" outcome="Passed" testListId="8c84fa94-04c1-424b-9868-57a2d4851a1d" relativeResultsDirectory="efee2183-c41d-4666-90ae-96c0b4542266" />
    <UnitTestResult executionId="455b1a7d-f96a-4a26-bf33-c50030258fe0" testId="fcc50950-38b5-c695-4000-d6bf47ed8831" testName="Nzr.ToolBox.Core.Tests.StringUtilsTest.IsAnyBlank_WithNullOrEmptyStrings_ShouldReturnTrue" computerName="WORKSTATION" duration="00:00:00.0010000" startTime="2019-11-17T17:03:06.5655188-03:00" endTime="2019-11-17T17:03:06.5655190-03:00" testType="13cdc9d9-ddb5-4fa4-a97d-d965ccfc6d4b" outcome="Passed" testListId="8c84fa94-04c1-424b-9868-57a2d4851a1d" relativeResultsDirectory="455b1a7d-f96a-4a26-bf33-c50030258fe0" />
    <UnitTestResult executionId="c45921bc-7be3-4939-8bb6-db4c0804ed8b" testId="847d8ff3-d803-cf60-f02c-496786a7423f" testName="Nzr.ToolBox.Core.Tests.CollectionUtilsTests.ContainsAny_WithNullRefGenericEnumerable_ShouldReturnFalse" computerName="WORKSTATION" duration="00:00:00.0010000" startTime="2019-11-17T17:03:06.6196266-03:00" endTime="2019-11-17T17:03:06.6196269-03:00" testType="13cdc9d9-ddb5-4fa4-a97d-d965ccfc6d4b" outcome="Passed" testListId="8c84fa94-04c1-424b-9868-57a2d4851a1d" relativeResultsDirectory="c45921bc-7be3-4939-8bb6-db4c0804ed8b" />
    <UnitTestResult executionId="51122ee3-88fa-4ff9-9576-8588a6465806" testId="742450a8-e573-0feb-532b-212dbe3a2108" testName="Nzr.ToolBox.Core.Tests.BooleanUtilsTests.Describe_WihNullValueAndWitCustomNullString_ShouldReturnCustomString" computerName="WORKSTATION" duration="00:00:00.0010000" startTime="2019-11-17T17:03:06.5112963-03:00" endTime="2019-11-17T17:03:06.5112967-03:00" testType="13cdc9d9-ddb5-4fa4-a97d-d965ccfc6d4b" outcome="Passed" testListId="8c84fa94-04c1-424b-9868-57a2d4851a1d" relativeResultsDirectory="51122ee3-88fa-4ff9-9576-8588a6465806" />
    <UnitTestResult executionId="1eab477a-ead4-45a4-b758-4df392f841e2" testId="1d7cc1dd-bfaa-4d32-a622-84b65b12bf5d" testName="Nzr.ToolBox.Core.Tests.RandomUtilsTest.RandomBoolean_ShouldReturnUniqueValues(iterations: 10000, seed: null)" computerName="WORKSTATION" duration="00:00:00.0820000" startTime="2019-11-17T17:03:06.6271326-03:00" endTime="2019-11-17T17:03:06.6271329-03:00" testType="13cdc9d9-ddb5-4fa4-a97d-d965ccfc6d4b" outcome="Passed" testListId="8c84fa94-04c1-424b-9868-57a2d4851a1d" relativeResultsDirectory="1eab477a-ead4-45a4-b758-4df392f841e2" />
    <UnitTestResult executionId="f0f9bfc9-5ea8-4759-ad31-0a417d769ebc" testId="2084ff50-0c57-008d-1c5e-051f3c6d2a19" testName="Nzr.ToolBox.Core.Tests.CollectionUtilsTests.GetKey_WithNullValueForKvpAndInput_ShouldReturnKey" computerName="WORKSTATION" duration="00:00:00.0040000" startTime="2019-11-17T17:03:06.5540934-03:00" endTime="2019-11-17T17:03:06.5540937-03:00" testType="13cdc9d9-ddb5-4fa4-a97d-d965ccfc6d4b" outcome="Passed" testListId="8c84fa94-04c1-424b-9868-57a2d4851a1d" relativeResultsDirectory="f0f9bfc9-5ea8-4759-ad31-0a417d769ebc" />
    <UnitTestResult executionId="e9e38d24-a099-4f6a-b638-8e3ca052d078" testId="0ff73cd5-37ec-83b6-cca6-080e829305d1" testName="Nzr.ToolBox.Core.Tests.BooleanUtilsTests.IsAllFalse_WithAllFalseValues_ShouldReturnTrue" computerName="WORKSTATION" duration="00:00:00.0010000" startTime="2019-11-17T17:03:06.5155709-03:00" endTime="2019-11-17T17:03:06.5155714-03:00" testType="13cdc9d9-ddb5-4fa4-a97d-d965ccfc6d4b" outcome="Passed" testListId="8c84fa94-04c1-424b-9868-57a2d4851a1d" relativeResultsDirectory="e9e38d24-a099-4f6a-b638-8e3ca052d078" />
    <UnitTestResult executionId="761c6b84-f26c-4d8a-b38b-d4ac76817e5e" testId="045fcd17-dfed-1627-66be-e391ac5023f4" testName="Nzr.ToolBox.Core.Tests.StringUtilsTest.Truncate_WithNull_ShouldReturnNull" computerName="WORKSTATION" duration="00:00:00.0010000" startTime="2019-11-17T17:03:06.5197675-03:00" endTime="2019-11-17T17:03:06.5197678-03:00" testType="13cdc9d9-ddb5-4fa4-a97d-d965ccfc6d4b" outcome="Passed" testListId="8c84fa94-04c1-424b-9868-57a2d4851a1d" relativeResultsDirectory="761c6b84-f26c-4d8a-b38b-d4ac76817e5e" />
    <UnitTestResult executionId="db5f8549-14ca-424a-82ef-3410d141b963" testId="e397fe5c-dda2-b97d-97d4-6dd12c3d68a3" testName="Nzr.ToolBox.Core.Tests.StringUtilsTest.GetFirstNonEmpty_WithNonEmptyString_ShouldReturnNonEmptyString" computerName="WORKSTATION" duration="00:00:00.0010000" startTime="2019-11-17T17:03:06.5495375-03:00" endTime="2019-11-17T17:03:06.5495378-03:00" testType="13cdc9d9-ddb5-4fa4-a97d-d965ccfc6d4b" outcome="Passed" testListId="8c84fa94-04c1-424b-9868-57a2d4851a1d" relativeResultsDirectory="db5f8549-14ca-424a-82ef-3410d141b963" />
    <UnitTestResult executionId="777e47da-66f7-477a-a140-f21669eae706" testId="c6c7d0b1-8655-bb37-7b06-f95f79a47486" testName="Nzr.ToolBox.Core.Tests.ObjectUtilsTest.IsAnyNull_WithAllNonNull_ShouldReturnFalse" computerName="WORKSTATION" duration="00:00:00.0100000" startTime="2019-11-17T17:03:06.9120211-03:00" endTime="2019-11-17T17:03:06.9120215-03:00" testType="13cdc9d9-ddb5-4fa4-a97d-d965ccfc6d4b" outcome="Passed" testListId="8c84fa94-04c1-424b-9868-57a2d4851a1d" relativeResultsDirectory="777e47da-66f7-477a-a140-f21669eae706" />
    <UnitTestResult executionId="11522f30-e9b7-4d73-83f3-c2c4c4767a86" testId="017f2681-1481-dbaa-ea0e-6a10d0c9b02d" testName="Nzr.ToolBox.Core.Tests.StringUtilsTest.GetFirstNonBlank_WithOnlyEmptyString_ShouldReturnNull" computerName="WORKSTATION" duration="00:00:00.0010000" startTime="2019-11-17T17:03:06.6161563-03:00" endTime="2019-11-17T17:03:06.6161566-03:00" testType="13cdc9d9-ddb5-4fa4-a97d-d965ccfc6d4b" outcome="Passed" testListId="8c84fa94-04c1-424b-9868-57a2d4851a1d" relativeResultsDirectory="11522f30-e9b7-4d73-83f3-c2c4c4767a86" />
    <UnitTestResult executionId="8b0a08f9-50b0-4d95-bc21-1ebc7414d3c2" testId="38aa400d-53ce-7d63-25db-acb1a6beac35" testName="Nzr.ToolBox.Core.Tests.StringUtilsTest.DescribeIfNone_WithBlank_ShouldReturnBlankString" computerName="WORKSTATION" duration="00:00:00.0010000" startTime="2019-11-17T17:03:06.6163628-03:00" endTime="2019-11-17T17:03:06.6163630-03:00" testType="13cdc9d9-ddb5-4fa4-a97d-d965ccfc6d4b" outcome="Passed" testListId="8c84fa94-04c1-424b-9868-57a2d4851a1d" relativeResultsDirectory="8b0a08f9-50b0-4d95-bc21-1ebc7414d3c2" />
    <UnitTestResult executionId="235eb3ca-20f1-4845-bfa0-9f5915576e8a" testId="f3c32f73-938b-755c-965c-616e71f330bf" testName="Nzr.ToolBox.Core.Tests.ObjectUtilsTest.IsAnyNonNull_WithAllNull_ShouldReturnFalse" computerName="WORKSTATION" duration="00:00:00.0010000" startTime="2019-11-17T17:03:06.9126726-03:00" endTime="2019-11-17T17:03:06.9126730-03:00" testType="13cdc9d9-ddb5-4fa4-a97d-d965ccfc6d4b" outcome="Passed" testListId="8c84fa94-04c1-424b-9868-57a2d4851a1d" relativeResultsDirectory="235eb3ca-20f1-4845-bfa0-9f5915576e8a" />
    <UnitTestResult executionId="9664c289-63c3-4b45-8141-85a1043f2dbe" testId="621f5184-bf98-2fcc-5c3b-580eeb41f3a6" testName="Nzr.ToolBox.Core.Tests.RandomUtilsTest.RandomShort_ShouldReturnUniqueValues(iterations: 10000, seed: null)" computerName="WORKSTATION" duration="00:00:00.0360000" startTime="2019-11-17T17:03:06.9460972-03:00" endTime="2019-11-17T17:03:06.9460980-03:00" testType="13cdc9d9-ddb5-4fa4-a97d-d965ccfc6d4b" outcome="Passed" testListId="8c84fa94-04c1-424b-9868-57a2d4851a1d" relativeResultsDirectory="9664c289-63c3-4b45-8141-85a1043f2dbe" />
    <UnitTestResult executionId="fe422b79-1677-4fe8-8d84-fd8a5be1fe46" testId="dd50d1ab-aaa8-9c9d-a472-909eef6612ee" testName="Nzr.ToolBox.Core.Tests.StringUtilsTest.Capitalize_WithNonCapitalized_ShouldReturnCapitalized" computerName="WORKSTATION" duration="00:00:00.0010000" startTime="2019-11-17T17:03:06.5162524-03:00" endTime="2019-11-17T17:03:06.5162528-03:00" testType="13cdc9d9-ddb5-4fa4-a97d-d965ccfc6d4b" outcome="Passed" testListId="8c84fa94-04c1-424b-9868-57a2d4851a1d" relativeResultsDirectory="fe422b79-1677-4fe8-8d84-fd8a5be1fe46" />
    <UnitTestResult executionId="bb6e0f78-bcf0-436b-b5a3-47c6451e50a1" testId="9dc87ca8-7c89-25db-241a-e9ae33f8a42e" testName="Nzr.ToolBox.Core.Tests.StringUtilsTest.Truncate_WithStringShorterThanLimit_ShouldReturnString" computerName="WORKSTATION" duration="00:00:00.0010000" startTime="2019-11-17T17:03:06.5698903-03:00" endTime="2019-11-17T17:03:06.5698906-03:00" testType="13cdc9d9-ddb5-4fa4-a97d-d965ccfc6d4b" outcome="Passed" testListId="8c84fa94-04c1-424b-9868-57a2d4851a1d" relativeResultsDirectory="bb6e0f78-bcf0-436b-b5a3-47c6451e50a1" />
    <UnitTestResult executionId="914f45c0-e863-48eb-b90d-67de25669554" testId="f037f0e5-645a-5ce7-bffe-ad45531b131d" testName="Nzr.ToolBox.Core.Tests.StringUtilsTest.IsBlank_WithNullString_ShouldReturnTrue" computerName="WORKSTATION" duration="00:00:00.0210000" startTime="2019-11-17T17:03:06.3147646-03:00" endTime="2019-11-17T17:03:06.3147762-03:00" testType="13cdc9d9-ddb5-4fa4-a97d-d965ccfc6d4b" outcome="Passed" testListId="8c84fa94-04c1-424b-9868-57a2d4851a1d" relativeResultsDirectory="914f45c0-e863-48eb-b90d-67de25669554" />
    <UnitTestResult executionId="e6c54352-b7b6-43b5-9ff9-4ba1ad400912" testId="af6775fd-d269-907e-4174-20941ea53792" testName="Nzr.ToolBox.Core.Tests.RandomUtilsTest.RandomDecimal_ShouldReturnUniqueValues(iterations: 10000, seed: 1)" computerName="WORKSTATION" duration="00:00:00.0560000" startTime="2019-11-17T17:03:06.8025268-03:00" endTime="2019-11-17T17:03:06.8025279-03:00" testType="13cdc9d9-ddb5-4fa4-a97d-d965ccfc6d4b" outcome="Passed" testListId="8c84fa94-04c1-424b-9868-57a2d4851a1d" relativeResultsDirectory="e6c54352-b7b6-43b5-9ff9-4ba1ad400912" />
    <UnitTestResult executionId="e055c958-a803-4d0a-9c7c-07328675336c" testId="7bbc11f3-00e0-acc2-4df2-e8e0d97bb209" testName="Nzr.ToolBox.Core.Tests.CollectionUtilsTests.Get_WithGenericEnumerableWithExistingIndex_ShouldReturnValue" computerName="WORKSTATION" duration="00:00:00.0010000" startTime="2019-11-17T17:03:06.6017509-03:00" endTime="2019-11-17T17:03:06.6017512-03:00" testType="13cdc9d9-ddb5-4fa4-a97d-d965ccfc6d4b" outcome="Passed" testListId="8c84fa94-04c1-424b-9868-57a2d4851a1d" relativeResultsDirectory="e055c958-a803-4d0a-9c7c-07328675336c" />
    <UnitTestResult executionId="098dc779-3937-473e-b6df-a596327896b0" testId="4a5c20cb-2c1d-4475-6cd5-7c6e3e33b758" testName="Nzr.ToolBox.Core.Tests.BooleanUtilsTests.IsTrue_WithTrueValue_ShouldReturnTrue" computerName="WORKSTATION" duration="00:00:00.0010000" startTime="2019-11-17T17:03:06.4913277-03:00" endTime="2019-11-17T17:03:06.4913280-03:00" testType="13cdc9d9-ddb5-4fa4-a97d-d965ccfc6d4b" outcome="Passed" testListId="8c84fa94-04c1-424b-9868-57a2d4851a1d" relativeResultsDirectory="098dc779-3937-473e-b6df-a596327896b0" />
    <UnitTestResult executionId="e8fdf1b2-2e45-4994-8465-936392f0f2f9" testId="a8873542-1747-c963-22ae-667f3818d7ed" testName="Nzr.ToolBox.Core.Tests.CollectionUtilsTests.Add_ShouldAddAllElements" computerName="WORKSTATION" duration="00:00:00.0020000" startTime="2019-11-17T17:03:06.5938336-03:00" endTime="2019-11-17T17:03:06.5938339-03:00" testType="13cdc9d9-ddb5-4fa4-a97d-d965ccfc6d4b" outcome="Passed" testListId="8c84fa94-04c1-424b-9868-57a2d4851a1d" relativeResultsDirectory="e8fdf1b2-2e45-4994-8465-936392f0f2f9" />
    <UnitTestResult executionId="109c2682-d8a3-4cea-a7d3-6a85ecfdd3b8" testId="dc5791cb-7903-211e-65c9-770b2ab7868e" testName="Nzr.ToolBox.Core.Tests.ObjectUtilsTest.IfNotNull_WithNullValue_ShouldThrowException" computerName="WORKSTATION" duration="00:00:00.0030000" startTime="2019-11-17T17:03:06.8953764-03:00" endTime="2019-11-17T17:03:06.8953773-03:00" testType="13cdc9d9-ddb5-4fa4-a97d-d965ccfc6d4b" outcome="Passed" testListId="8c84fa94-04c1-424b-9868-57a2d4851a1d" relativeResultsDirectory="109c2682-d8a3-4cea-a7d3-6a85ecfdd3b8" />
    <UnitTestResult executionId="86cbd518-6b57-4e13-b696-0fbcfa91ca41" testId="28ef9235-5d17-493e-f387-17901bee93d7" testName="Nzr.ToolBox.Core.Tests.BooleanUtilsTests.IsAnyFalse_WithAllTrueValues_ShouldReturnFalse" computerName="WORKSTATION" duration="00:00:00.0030000" startTime="2019-11-17T17:03:06.5111530-03:00" endTime="2019-11-17T17:03:06.5111536-03:00" testType="13cdc9d9-ddb5-4fa4-a97d-d965ccfc6d4b" outcome="Passed" testListId="8c84fa94-04c1-424b-9868-57a2d4851a1d" relativeResultsDirectory="86cbd518-6b57-4e13-b696-0fbcfa91ca41" />
    <UnitTestResult executionId="f4f4278e-a742-433a-bef8-26f060526748" testId="d6c18a40-784b-6849-0320-923e0a1eba0e" testName="Nzr.ToolBox.Core.Tests.CollectionUtilsTests.IsEmpty_WithNull_ShouldReturnTrue" computerName="WORKSTATION" duration="00:00:00.0010000" startTime="2019-11-17T17:03:06.5653827-03:00" endTime="2019-11-17T17:03:06.5653830-03:00" testType="13cdc9d9-ddb5-4fa4-a97d-d965ccfc6d4b" outcome="Passed" testListId="8c84fa94-04c1-424b-9868-57a2d4851a1d" relativeResultsDirectory="f4f4278e-a742-433a-bef8-26f060526748" />
    <UnitTestResult executionId="d3edb17d-511c-4354-88c0-e721943f2abb" testId="8b06dbf8-2d8a-5226-9011-d08c484cab2f" testName="Nzr.ToolBox.Core.Tests.CollectionUtilsTests.IsEmpty_WithEmpty_ShouldReturnTrue" computerName="WORKSTATION" duration="00:00:00.0010000" startTime="2019-11-17T17:03:06.5774739-03:00" endTime="2019-11-17T17:03:06.5774741-03:00" testType="13cdc9d9-ddb5-4fa4-a97d-d965ccfc6d4b" outcome="Passed" testListId="8c84fa94-04c1-424b-9868-57a2d4851a1d" relativeResultsDirectory="d3edb17d-511c-4354-88c0-e721943f2abb" />
    <UnitTestResult executionId="7ff91cb8-2668-4c6f-954b-3000a5512b44" testId="c4344ebc-44df-a5d3-990c-fd3ab1fb80b1" testName="Nzr.ToolBox.Core.Tests.NumberUtilsTest.ToBinary_WithNumberWithPrefix_ShouldReturnBinaryWithPrefix" computerName="WORKSTATION" duration="00:00:00.0010000" startTime="2019-11-17T17:03:06.6199696-03:00" endTime="2019-11-17T17:03:06.6199698-03:00" testType="13cdc9d9-ddb5-4fa4-a97d-d965ccfc6d4b" outcome="Passed" testListId="8c84fa94-04c1-424b-9868-57a2d4851a1d" relativeResultsDirectory="7ff91cb8-2668-4c6f-954b-3000a5512b44" />
    <UnitTestResult executionId="37c6eb88-627d-4bdd-9044-5f5865092867" testId="f35f6eae-a2f2-9704-db53-5b689fdd1bea" testName="Nzr.ToolBox.Core.Tests.BooleanUtilsTests.ToBool_WithNonPositiveString_ShouldReturnFalse(value: &quot;&quot;)" computerName="WORKSTATION" duration="00:00:00.0010000" startTime="2019-11-17T17:03:06.4995142-03:00" endTime="2019-11-17T17:03:06.4995145-03:00" testType="13cdc9d9-ddb5-4fa4-a97d-d965ccfc6d4b" outcome="Passed" testListId="8c84fa94-04c1-424b-9868-57a2d4851a1d" relativeResultsDirectory="37c6eb88-627d-4bdd-9044-5f5865092867" />
    <UnitTestResult executionId="7b9e3707-a1fe-4966-8aa4-9ba60227231c" testId="7d18c862-cf05-abcb-0928-990c2f1e2fc6" testName="Nzr.ToolBox.Core.Tests.StringUtilsTest.IsAllBlank_WithNullStrings_ShouldReturnTrue" computerName="WORKSTATION" duration="00:00:00.0010000" startTime="2019-11-17T17:03:06.4031189-03:00" endTime="2019-11-17T17:03:06.4031193-03:00" testType="13cdc9d9-ddb5-4fa4-a97d-d965ccfc6d4b" outcome="Passed" testListId="8c84fa94-04c1-424b-9868-57a2d4851a1d" relativeResultsDirectory="7b9e3707-a1fe-4966-8aa4-9ba60227231c" />
  </Results>
  <TestDefinitions>
    <UnitTest name="Nzr.ToolBox.Core.Tests.StringUtilsTest.IsAllEmpty_WithNullStrings_ShouldReturnTrue" storage="c:\workspace\personal\nzr.toolbox\dotnet\nzr.toolbox.core.tests\bin\debug\netcoreapp2.2\nzr.toolbox.core.tests.dll" id="e7c5d70f-845a-794e-5db5-61ecf0bcf4a3">
      <Execution id="c66280ff-50de-4b4a-a906-1989bba9e5ff" />
      <TestMethod codeBase="C:\workspace\personal\Nzr.ToolBox\dotnet\Nzr.ToolBox.Core.Tests\bin\Debug\netcoreapp2.2\Nzr.ToolBox.Core.Tests.dll" adapterTypeName="executor://xunit/VsTestRunner2/netcoreapp" className="Nzr.ToolBox.Core.Tests.StringUtilsTest" name="Nzr.ToolBox.Core.Tests.StringUtilsTest.IsAllEmpty_WithNullStrings_ShouldReturnTrue" />
    </UnitTest>
    <UnitTest name="Nzr.ToolBox.Core.Tests.StringUtilsTest.Reverse_WithString_ShouldReturnReversedString" storage="c:\workspace\personal\nzr.toolbox\dotnet\nzr.toolbox.core.tests\bin\debug\netcoreapp2.2\nzr.toolbox.core.tests.dll" id="e4949cfa-e33d-2fd1-5bcc-b5f6b9db1ce9">
      <Execution id="85eb1cd8-41a6-499b-9ffd-b310de32e37a" />
      <TestMethod codeBase="C:\workspace\personal\Nzr.ToolBox\dotnet\Nzr.ToolBox.Core.Tests\bin\Debug\netcoreapp2.2\Nzr.ToolBox.Core.Tests.dll" adapterTypeName="executor://xunit/VsTestRunner2/netcoreapp" className="Nzr.ToolBox.Core.Tests.StringUtilsTest" name="Nzr.ToolBox.Core.Tests.StringUtilsTest.Reverse_WithString_ShouldReturnReversedString" />
    </UnitTest>
    <UnitTest name="Nzr.ToolBox.Core.Tests.StringUtilsTest.ContainsAny_WithOrdinalIgnoreCaseStringContainingOneOfSubstring_ShouldReturnTrue" storage="c:\workspace\personal\nzr.toolbox\dotnet\nzr.toolbox.core.tests\bin\debug\netcoreapp2.2\nzr.toolbox.core.tests.dll" id="ef8414b8-93fc-9937-7131-0c62836c71c1">
      <Execution id="9788c522-e2f7-4256-8fdc-088d524d55ef" />
      <TestMethod codeBase="C:\workspace\personal\Nzr.ToolBox\dotnet\Nzr.ToolBox.Core.Tests\bin\Debug\netcoreapp2.2\Nzr.ToolBox.Core.Tests.dll" adapterTypeName="executor://xunit/VsTestRunner2/netcoreapp" className="Nzr.ToolBox.Core.Tests.StringUtilsTest" name="Nzr.ToolBox.Core.Tests.StringUtilsTest.ContainsAny_WithOrdinalIgnoreCaseStringContainingOneOfSubstring_ShouldReturnTrue" />
    </UnitTest>
    <UnitTest name="Nzr.ToolBox.Core.Tests.RandomUtilsTest.RandomBoolean_ShouldReturnUniqueValues(iterations: 10000, seed: null)" storage="c:\workspace\personal\nzr.toolbox\dotnet\nzr.toolbox.core.tests\bin\debug\netcoreapp2.2\nzr.toolbox.core.tests.dll" id="1d7cc1dd-bfaa-4d32-a622-84b65b12bf5d">
      <Execution id="1eab477a-ead4-45a4-b758-4df392f841e2" />
      <TestMethod codeBase="C:\workspace\personal\Nzr.ToolBox\dotnet\Nzr.ToolBox.Core.Tests\bin\Debug\netcoreapp2.2\Nzr.ToolBox.Core.Tests.dll" adapterTypeName="executor://xunit/VsTestRunner2/netcoreapp" className="Nzr.ToolBox.Core.Tests.RandomUtilsTest" name="Nzr.ToolBox.Core.Tests.RandomUtilsTest.RandomBoolean_ShouldReturnUniqueValues(iterations: 10000, seed: null)" />
    </UnitTest>
    <UnitTest name="Nzr.ToolBox.Core.Tests.BooleanUtilsTests.IsFalse_WithTrueValue_ShouldReturnFalse" storage="c:\workspace\personal\nzr.toolbox\dotnet\nzr.toolbox.core.tests\bin\debug\netcoreapp2.2\nzr.toolbox.core.tests.dll" id="3c08c190-08d7-dfc9-ae9e-484d70f645bc">
      <Execution id="bafc19a9-3e99-4984-9376-fe74297c45ba" />
      <TestMethod codeBase="C:\workspace\personal\Nzr.ToolBox\dotnet\Nzr.ToolBox.Core.Tests\bin\Debug\netcoreapp2.2\Nzr.ToolBox.Core.Tests.dll" adapterTypeName="executor://xunit/VsTestRunner2/netcoreapp" className="Nzr.ToolBox.Core.Tests.BooleanUtilsTests" name="Nzr.ToolBox.Core.Tests.BooleanUtilsTests.IsFalse_WithTrueValue_ShouldReturnFalse" />
    </UnitTest>
    <UnitTest name="Nzr.ToolBox.Core.Tests.BooleanUtilsTests.IsAnyFalse_WithOneFalseValue_ShouldReturnTrue" storage="c:\workspace\personal\nzr.toolbox\dotnet\nzr.toolbox.core.tests\bin\debug\netcoreapp2.2\nzr.toolbox.core.tests.dll" id="a34cc59c-504f-45fa-746c-15b1a11e5627">
      <Execution id="fd5bc4e3-07f1-4ce5-bb37-00713e7cd8d7" />
      <TestMethod codeBase="C:\workspace\personal\Nzr.ToolBox\dotnet\Nzr.ToolBox.Core.Tests\bin\Debug\netcoreapp2.2\Nzr.ToolBox.Core.Tests.dll" adapterTypeName="executor://xunit/VsTestRunner2/netcoreapp" className="Nzr.ToolBox.Core.Tests.BooleanUtilsTests" name="Nzr.ToolBox.Core.Tests.BooleanUtilsTests.IsAnyFalse_WithOneFalseValue_ShouldReturnTrue" />
    </UnitTest>
    <UnitTest name="Nzr.ToolBox.Core.Tests.StringUtilsTest.RemoveEnd_WithExistingStringsUsingOrdinalCase_ShouldNotRemoveEnds" storage="c:\workspace\personal\nzr.toolbox\dotnet\nzr.toolbox.core.tests\bin\debug\netcoreapp2.2\nzr.toolbox.core.tests.dll" id="49936fc4-4825-29e4-106c-2b5397c160c6">
      <Execution id="732d2b3d-19ab-496f-afc2-db23030d9d3a" />
      <TestMethod codeBase="C:\workspace\personal\Nzr.ToolBox\dotnet\Nzr.ToolBox.Core.Tests\bin\Debug\netcoreapp2.2\Nzr.ToolBox.Core.Tests.dll" adapterTypeName="executor://xunit/VsTestRunner2/netcoreapp" className="Nzr.ToolBox.Core.Tests.StringUtilsTest" name="Nzr.ToolBox.Core.Tests.StringUtilsTest.RemoveEnd_WithExistingStringsUsingOrdinalCase_ShouldNotRemoveEnds" />
    </UnitTest>
    <UnitTest name="Nzr.ToolBox.Core.Tests.CollectionUtilsTests.GetKey_WithMappedInput_ShouldReturnKey" storage="c:\workspace\personal\nzr.toolbox\dotnet\nzr.toolbox.core.tests\bin\debug\netcoreapp2.2\nzr.toolbox.core.tests.dll" id="605b98ce-b18c-dba8-4c19-a7179b0b35c6">
      <Execution id="91a74c2b-5c3f-4f31-a1bf-30755c7a30e7" />
      <TestMethod codeBase="C:\workspace\personal\Nzr.ToolBox\dotnet\Nzr.ToolBox.Core.Tests\bin\Debug\netcoreapp2.2\Nzr.ToolBox.Core.Tests.dll" adapterTypeName="executor://xunit/VsTestRunner2/netcoreapp" className="Nzr.ToolBox.Core.Tests.CollectionUtilsTests" name="Nzr.ToolBox.Core.Tests.CollectionUtilsTests.GetKey_WithMappedInput_ShouldReturnKey" />
    </UnitTest>
    <UnitTest name="Nzr.ToolBox.Core.Tests.CollectionUtilsTests.Get_WithEnumerableWithExistingIndex_ShouldReturnValue" storage="c:\workspace\personal\nzr.toolbox\dotnet\nzr.toolbox.core.tests\bin\debug\netcoreapp2.2\nzr.toolbox.core.tests.dll" id="8851b8ca-4481-2bea-be87-f6ae65909b6d">
      <Execution id="915f757e-9bc4-4371-b3a7-864a1dd5955b" />
      <TestMethod codeBase="C:\workspace\personal\Nzr.ToolBox\dotnet\Nzr.ToolBox.Core.Tests\bin\Debug\netcoreapp2.2\Nzr.ToolBox.Core.Tests.dll" adapterTypeName="executor://xunit/VsTestRunner2/netcoreapp" className="Nzr.ToolBox.Core.Tests.CollectionUtilsTests" name="Nzr.ToolBox.Core.Tests.CollectionUtilsTests.Get_WithEnumerableWithExistingIndex_ShouldReturnValue" />
    </UnitTest>
    <UnitTest name="Nzr.ToolBox.Core.Tests.StringUtilsTest.RemoveStart_WithExistingStrings_ShouldReturnCleanedString" storage="c:\workspace\personal\nzr.toolbox\dotnet\nzr.toolbox.core.tests\bin\debug\netcoreapp2.2\nzr.toolbox.core.tests.dll" id="df88d8b1-a81b-086c-6c41-e23fcac9c165">
      <Execution id="b8103ff7-3fdd-4f4d-8805-f49e65ce85a8" />
      <TestMethod codeBase="C:\workspace\personal\Nzr.ToolBox\dotnet\Nzr.ToolBox.Core.Tests\bin\Debug\netcoreapp2.2\Nzr.ToolBox.Core.Tests.dll" adapterTypeName="executor://xunit/VsTestRunner2/netcoreapp" className="Nzr.ToolBox.Core.Tests.StringUtilsTest" name="Nzr.ToolBox.Core.Tests.StringUtilsTest.RemoveStart_WithExistingStrings_ShouldReturnCleanedString" />
    </UnitTest>
    <UnitTest name="Nzr.ToolBox.Core.Tests.BooleanUtilsTests.IsAnyTrue_WithAllFalseValues_ShouldReturnFalse" storage="c:\workspace\personal\nzr.toolbox\dotnet\nzr.toolbox.core.tests\bin\debug\netcoreapp2.2\nzr.toolbox.core.tests.dll" id="3f13a7b6-337e-e068-e2f4-569bb1afc599">
      <Execution id="1a0a0516-137a-41c5-9202-dbda0a0f58fc" />
      <TestMethod codeBase="C:\workspace\personal\Nzr.ToolBox\dotnet\Nzr.ToolBox.Core.Tests\bin\Debug\netcoreapp2.2\Nzr.ToolBox.Core.Tests.dll" adapterTypeName="executor://xunit/VsTestRunner2/netcoreapp" className="Nzr.ToolBox.Core.Tests.BooleanUtilsTests" name="Nzr.ToolBox.Core.Tests.BooleanUtilsTests.IsAnyTrue_WithAllFalseValues_ShouldReturnFalse" />
    </UnitTest>
    <UnitTest name="Nzr.ToolBox.Core.Tests.StringUtilsTest.Append_WithNullString_ShouldReturnNull" storage="c:\workspace\personal\nzr.toolbox\dotnet\nzr.toolbox.core.tests\bin\debug\netcoreapp2.2\nzr.toolbox.core.tests.dll" id="fbdaa9da-fa50-bdbe-26ce-99c244b40305">
      <Execution id="753524b5-892f-4646-b69a-ae91c32a5dd2" />
      <TestMethod codeBase="C:\workspace\personal\Nzr.ToolBox\dotnet\Nzr.ToolBox.Core.Tests\bin\Debug\netcoreapp2.2\Nzr.ToolBox.Core.Tests.dll" adapterTypeName="executor://xunit/VsTestRunner2/netcoreapp" className="Nzr.ToolBox.Core.Tests.StringUtilsTest" name="Nzr.ToolBox.Core.Tests.StringUtilsTest.Append_WithNullString_ShouldReturnNull" />
    </UnitTest>
    <UnitTest name="Nzr.ToolBox.Core.Tests.ObjectUtilsTest.IsAnyNonNull_WithAllNull_ShouldReturnFalse" storage="c:\workspace\personal\nzr.toolbox\dotnet\nzr.toolbox.core.tests\bin\debug\netcoreapp2.2\nzr.toolbox.core.tests.dll" id="f3c32f73-938b-755c-965c-616e71f330bf">
      <Execution id="235eb3ca-20f1-4845-bfa0-9f5915576e8a" />
      <TestMethod codeBase="C:\workspace\personal\Nzr.ToolBox\dotnet\Nzr.ToolBox.Core.Tests\bin\Debug\netcoreapp2.2\Nzr.ToolBox.Core.Tests.dll" adapterTypeName="executor://xunit/VsTestRunner2/netcoreapp" className="Nzr.ToolBox.Core.Tests.ObjectUtilsTest" name="Nzr.ToolBox.Core.Tests.ObjectUtilsTest.IsAnyNonNull_WithAllNull_ShouldReturnFalse" />
    </UnitTest>
    <UnitTest name="Nzr.ToolBox.Core.Tests.CollectionUtilsTests.Get_WithNullEnumerabl_ShouldReturnNull" storage="c:\workspace\personal\nzr.toolbox\dotnet\nzr.toolbox.core.tests\bin\debug\netcoreapp2.2\nzr.toolbox.core.tests.dll" id="75d1fee2-de8d-1cd6-eaa6-403797b3cf12">
      <Execution id="8f8d1b50-510a-4bbb-821a-0afaec994eaa" />
      <TestMethod codeBase="C:\workspace\personal\Nzr.ToolBox\dotnet\Nzr.ToolBox.Core.Tests\bin\Debug\netcoreapp2.2\Nzr.ToolBox.Core.Tests.dll" adapterTypeName="executor://xunit/VsTestRunner2/netcoreapp" className="Nzr.ToolBox.Core.Tests.CollectionUtilsTests" name="Nzr.ToolBox.Core.Tests.CollectionUtilsTests.Get_WithNullEnumerabl_ShouldReturnNull" />
    </UnitTest>
    <UnitTest name="Nzr.ToolBox.Core.Tests.RandomUtilsTest.RandomShort_ShouldReturnUniqueValues(iterations: 10000, seed: 1)" storage="c:\workspace\personal\nzr.toolbox\dotnet\nzr.toolbox.core.tests\bin\debug\netcoreapp2.2\nzr.toolbox.core.tests.dll" id="f87c411f-32d8-e0c9-1a61-7c5c01be8af6">
      <Execution id="cdacbd6b-3521-47ad-890d-964b5cfd0da0" />
      <TestMethod codeBase="C:\workspace\personal\Nzr.ToolBox\dotnet\Nzr.ToolBox.Core.Tests\bin\Debug\netcoreapp2.2\Nzr.ToolBox.Core.Tests.dll" adapterTypeName="executor://xunit/VsTestRunner2/netcoreapp" className="Nzr.ToolBox.Core.Tests.RandomUtilsTest" name="Nzr.ToolBox.Core.Tests.RandomUtilsTest.RandomShort_ShouldReturnUniqueValues(iterations: 10000, seed: 1)" />
    </UnitTest>
    <UnitTest name="Nzr.ToolBox.Core.Tests.StringUtilsTest.IsNotBlank_WithNullString_ShouldReturnFalse" storage="c:\workspace\personal\nzr.toolbox\dotnet\nzr.toolbox.core.tests\bin\debug\netcoreapp2.2\nzr.toolbox.core.tests.dll" id="dec4b2e5-eff9-2a89-8e71-4aef758046da">
      <Execution id="1c48dc40-dc08-4a26-a421-c9bf8786ca6f" />
      <TestMethod codeBase="C:\workspace\personal\Nzr.ToolBox\dotnet\Nzr.ToolBox.Core.Tests\bin\Debug\netcoreapp2.2\Nzr.ToolBox.Core.Tests.dll" adapterTypeName="executor://xunit/VsTestRunner2/netcoreapp" className="Nzr.ToolBox.Core.Tests.StringUtilsTest" name="Nzr.ToolBox.Core.Tests.StringUtilsTest.IsNotBlank_WithNullString_ShouldReturnFalse" />
    </UnitTest>
    <UnitTest name="Nzr.ToolBox.Core.Tests.BooleanUtilsTests.ToBool_WithPositiveNonZero_ShouldReturnTrue(b: 1, s: 1, i: 1, l: 1, f: 1, d: 1, m: 1)" storage="c:\workspace\personal\nzr.toolbox\dotnet\nzr.toolbox.core.tests\bin\debug\netcoreapp2.2\nzr.toolbox.core.tests.dll" id="f681d49e-3f25-06a7-6205-1c8f2398b635">
      <Execution id="4b5103b5-1edd-4182-ac9f-3d1bf565fb3e" />
      <TestMethod codeBase="C:\workspace\personal\Nzr.ToolBox\dotnet\Nzr.ToolBox.Core.Tests\bin\Debug\netcoreapp2.2\Nzr.ToolBox.Core.Tests.dll" adapterTypeName="executor://xunit/VsTestRunner2/netcoreapp" className="Nzr.ToolBox.Core.Tests.BooleanUtilsTests" name="Nzr.ToolBox.Core.Tests.BooleanUtilsTests.ToBool_WithPositiveNonZero_ShouldReturnTrue(b: 1, s: 1, i: 1, l: 1, f: 1, d: 1, m: 1)" />
    </UnitTest>
    <UnitTest name="Nzr.ToolBox.Core.Tests.StringUtilsTest.ContainsNone_WithOrdinalIgnoreCaseStringNotContainingOneOfSubstring_ShouldReturnTrue" storage="c:\workspace\personal\nzr.toolbox\dotnet\nzr.toolbox.core.tests\bin\debug\netcoreapp2.2\nzr.toolbox.core.tests.dll" id="456e732c-388b-f135-86e0-02f4f82041c1">
      <Execution id="f1df89d6-b352-42f8-83c5-07985336cf3b" />
      <TestMethod codeBase="C:\workspace\personal\Nzr.ToolBox\dotnet\Nzr.ToolBox.Core.Tests\bin\Debug\netcoreapp2.2\Nzr.ToolBox.Core.Tests.dll" adapterTypeName="executor://xunit/VsTestRunner2/netcoreapp" className="Nzr.ToolBox.Core.Tests.StringUtilsTest" name="Nzr.ToolBox.Core.Tests.StringUtilsTest.ContainsNone_WithOrdinalIgnoreCaseStringNotContainingOneOfSubstring_ShouldReturnTrue" />
    </UnitTest>
    <UnitTest name="Nzr.ToolBox.Core.Tests.DateTimeUtilsTest.IsSameDay_WithDatesWithSameDay_ShouldReturnTrue" storage="c:\workspace\personal\nzr.toolbox\dotnet\nzr.toolbox.core.tests\bin\debug\netcoreapp2.2\nzr.toolbox.core.tests.dll" id="14b6413c-e1eb-0334-1dc2-58a621540c17">
      <Execution id="37f0309b-9962-45fc-ac2e-8135b9cad7c8" />
      <TestMethod codeBase="C:\workspace\personal\Nzr.ToolBox\dotnet\Nzr.ToolBox.Core.Tests\bin\Debug\netcoreapp2.2\Nzr.ToolBox.Core.Tests.dll" adapterTypeName="executor://xunit/VsTestRunner2/netcoreapp" className="Nzr.ToolBox.Core.Tests.DateTimeUtilsTest" name="Nzr.ToolBox.Core.Tests.DateTimeUtilsTest.IsSameDay_WithDatesWithSameDay_ShouldReturnTrue" />
    </UnitTest>
    <UnitTest name="Nzr.ToolBox.Core.Tests.ObjectUtilsTest.IsAnyNull_WithAllNonNull_ShouldReturnFalse" storage="c:\workspace\personal\nzr.toolbox\dotnet\nzr.toolbox.core.tests\bin\debug\netcoreapp2.2\nzr.toolbox.core.tests.dll" id="c6c7d0b1-8655-bb37-7b06-f95f79a47486">
      <Execution id="777e47da-66f7-477a-a140-f21669eae706" />
      <TestMethod codeBase="C:\workspace\personal\Nzr.ToolBox\dotnet\Nzr.ToolBox.Core.Tests\bin\Debug\netcoreapp2.2\Nzr.ToolBox.Core.Tests.dll" adapterTypeName="executor://xunit/VsTestRunner2/netcoreapp" className="Nzr.ToolBox.Core.Tests.ObjectUtilsTest" name="Nzr.ToolBox.Core.Tests.ObjectUtilsTest.IsAnyNull_WithAllNonNull_ShouldReturnFalse" />
    </UnitTest>
    <UnitTest name="Nzr.ToolBox.Core.Tests.DateTimeUtilsTest.IsSameDay_WithCurrentDayAndNull_ShouldReturnTrue" storage="c:\workspace\personal\nzr.toolbox\dotnet\nzr.toolbox.core.tests\bin\debug\netcoreapp2.2\nzr.toolbox.core.tests.dll" id="3481e80b-1f65-cc03-2307-099b3c1f0f7c">
      <Execution id="2302c09a-7eab-4b05-a979-01fef2afcec3" />
      <TestMethod codeBase="C:\workspace\personal\Nzr.ToolBox\dotnet\Nzr.ToolBox.Core.Tests\bin\Debug\netcoreapp2.2\Nzr.ToolBox.Core.Tests.dll" adapterTypeName="executor://xunit/VsTestRunner2/netcoreapp" className="Nzr.ToolBox.Core.Tests.DateTimeUtilsTest" name="Nzr.ToolBox.Core.Tests.DateTimeUtilsTest.IsSameDay_WithCurrentDayAndNull_ShouldReturnTrue" />
    </UnitTest>
    <UnitTest name="Nzr.ToolBox.Core.Tests.DateTimeUtilsTest.FromEpoch_WithEpoch_ShouldReturnDateTime" storage="c:\workspace\personal\nzr.toolbox\dotnet\nzr.toolbox.core.tests\bin\debug\netcoreapp2.2\nzr.toolbox.core.tests.dll" id="9cb43f95-30da-e6bd-d3fb-74053a6f7143">
      <Execution id="ec784c5c-fbfa-45ba-80d6-47615aec57d9" />
      <TestMethod codeBase="C:\workspace\personal\Nzr.ToolBox\dotnet\Nzr.ToolBox.Core.Tests\bin\Debug\netcoreapp2.2\Nzr.ToolBox.Core.Tests.dll" adapterTypeName="executor://xunit/VsTestRunner2/netcoreapp" className="Nzr.ToolBox.Core.Tests.DateTimeUtilsTest" name="Nzr.ToolBox.Core.Tests.DateTimeUtilsTest.FromEpoch_WithEpoch_ShouldReturnDateTime" />
    </UnitTest>
    <UnitTest name="Nzr.ToolBox.Core.Tests.CollectionUtilsTests.EmptyIfNull_WithNullGenericEnumerable_ShouldNewEnumerable" storage="c:\workspace\personal\nzr.toolbox\dotnet\nzr.toolbox.core.tests\bin\debug\netcoreapp2.2\nzr.toolbox.core.tests.dll" id="244ddabb-e392-9319-5f0f-5351f15a9ac9">
      <Execution id="9edd5b81-0ba7-49ee-98d7-4db5da9f988a" />
      <TestMethod codeBase="C:\workspace\personal\Nzr.ToolBox\dotnet\Nzr.ToolBox.Core.Tests\bin\Debug\netcoreapp2.2\Nzr.ToolBox.Core.Tests.dll" adapterTypeName="executor://xunit/VsTestRunner2/netcoreapp" className="Nzr.ToolBox.Core.Tests.CollectionUtilsTests" name="Nzr.ToolBox.Core.Tests.CollectionUtilsTests.EmptyIfNull_WithNullGenericEnumerable_ShouldNewEnumerable" />
    </UnitTest>
    <UnitTest name="Nzr.ToolBox.Core.Tests.StringUtilsTest.IsAnyBlank_WithOneBlank_ShouldReturnTrue" storage="c:\workspace\personal\nzr.toolbox\dotnet\nzr.toolbox.core.tests\bin\debug\netcoreapp2.2\nzr.toolbox.core.tests.dll" id="efc2d993-18be-3c80-9e27-1d4e6cfd44ac">
      <Execution id="86139f4b-1f38-41a2-ba6c-7dd9cf90a41b" />
      <TestMethod codeBase="C:\workspace\personal\Nzr.ToolBox\dotnet\Nzr.ToolBox.Core.Tests\bin\Debug\netcoreapp2.2\Nzr.ToolBox.Core.Tests.dll" adapterTypeName="executor://xunit/VsTestRunner2/netcoreapp" className="Nzr.ToolBox.Core.Tests.StringUtilsTest" name="Nzr.ToolBox.Core.Tests.StringUtilsTest.IsAnyBlank_WithOneBlank_ShouldReturnTrue" />
    </UnitTest>
    <UnitTest name="Nzr.ToolBox.Core.Tests.BooleanUtilsTests.IsAnyFalse_WithAllTrueValues_ShouldReturnFalse" storage="c:\workspace\personal\nzr.toolbox\dotnet\nzr.toolbox.core.tests\bin\debug\netcoreapp2.2\nzr.toolbox.core.tests.dll" id="28ef9235-5d17-493e-f387-17901bee93d7">
      <Execution id="86cbd518-6b57-4e13-b696-0fbcfa91ca41" />
      <TestMethod codeBase="C:\workspace\personal\Nzr.ToolBox\dotnet\Nzr.ToolBox.Core.Tests\bin\Debug\netcoreapp2.2\Nzr.ToolBox.Core.Tests.dll" adapterTypeName="executor://xunit/VsTestRunner2/netcoreapp" className="Nzr.ToolBox.Core.Tests.BooleanUtilsTests" name="Nzr.ToolBox.Core.Tests.BooleanUtilsTests.IsAnyFalse_WithAllTrueValues_ShouldReturnFalse" />
    </UnitTest>
    <UnitTest name="Nzr.ToolBox.Core.Tests.StringUtilsTest.Format_WithNullString_ShouldReturnNull" storage="c:\workspace\personal\nzr.toolbox\dotnet\nzr.toolbox.core.tests\bin\debug\netcoreapp2.2\nzr.toolbox.core.tests.dll" id="39dfd282-5fe4-ceef-3391-cce4f58db31f">
      <Execution id="193a6d36-f0fe-4d8e-aa52-b0dac2ab9416" />
      <TestMethod codeBase="C:\workspace\personal\Nzr.ToolBox\dotnet\Nzr.ToolBox.Core.Tests\bin\Debug\netcoreapp2.2\Nzr.ToolBox.Core.Tests.dll" adapterTypeName="executor://xunit/VsTestRunner2/netcoreapp" className="Nzr.ToolBox.Core.Tests.StringUtilsTest" name="Nzr.ToolBox.Core.Tests.StringUtilsTest.Format_WithNullString_ShouldReturnNull" />
    </UnitTest>
    <UnitTest name="Nzr.ToolBox.Core.Tests.CollectionUtilsTests.ContainsAll_WithNullRefEnumerable_ShouldReturnFalse" storage="c:\workspace\personal\nzr.toolbox\dotnet\nzr.toolbox.core.tests\bin\debug\netcoreapp2.2\nzr.toolbox.core.tests.dll" id="357dbec3-6c88-60fc-92df-88a3a0d59998">
      <Execution id="813af7de-2701-4384-abdf-df222893b076" />
      <TestMethod codeBase="C:\workspace\personal\Nzr.ToolBox\dotnet\Nzr.ToolBox.Core.Tests\bin\Debug\netcoreapp2.2\Nzr.ToolBox.Core.Tests.dll" adapterTypeName="executor://xunit/VsTestRunner2/netcoreapp" className="Nzr.ToolBox.Core.Tests.CollectionUtilsTests" name="Nzr.ToolBox.Core.Tests.CollectionUtilsTests.ContainsAll_WithNullRefEnumerable_ShouldReturnFalse" />
    </UnitTest>
    <UnitTest name="Nzr.ToolBox.Core.Tests.StringUtilsTest.IsAnyEmpty_WithNullOrEmptyStrings_ShouldReturnTrue" storage="c:\workspace\personal\nzr.toolbox\dotnet\nzr.toolbox.core.tests\bin\debug\netcoreapp2.2\nzr.toolbox.core.tests.dll" id="3ab1d9fd-ee54-2c49-9b7b-7e9dfe78dfc4">
      <Execution id="3ad86884-5110-4ff1-9ada-1c13481739b6" />
      <TestMethod codeBase="C:\workspace\personal\Nzr.ToolBox\dotnet\Nzr.ToolBox.Core.Tests\bin\Debug\netcoreapp2.2\Nzr.ToolBox.Core.Tests.dll" adapterTypeName="executor://xunit/VsTestRunner2/netcoreapp" className="Nzr.ToolBox.Core.Tests.StringUtilsTest" name="Nzr.ToolBox.Core.Tests.StringUtilsTest.IsAnyEmpty_WithNullOrEmptyStrings_ShouldReturnTrue" />
    </UnitTest>
    <UnitTest name="Nzr.ToolBox.Core.Tests.DateTimeUtilsTest.Equals_WithMillisOfDiffAndNoTolerance_ShouldReturnFalse" storage="c:\workspace\personal\nzr.toolbox\dotnet\nzr.toolbox.core.tests\bin\debug\netcoreapp2.2\nzr.toolbox.core.tests.dll" id="5696e255-6884-a5ec-7659-9a5e21d95d2f">
      <Execution id="360ed91c-47a5-436a-b686-d5e598eb2e52" />
      <TestMethod codeBase="C:\workspace\personal\Nzr.ToolBox\dotnet\Nzr.ToolBox.Core.Tests\bin\Debug\netcoreapp2.2\Nzr.ToolBox.Core.Tests.dll" adapterTypeName="executor://xunit/VsTestRunner2/netcoreapp" className="Nzr.ToolBox.Core.Tests.DateTimeUtilsTest" name="Nzr.ToolBox.Core.Tests.DateTimeUtilsTest.Equals_WithMillisOfDiffAndNoTolerance_ShouldReturnFalse" />
    </UnitTest>
    <UnitTest name="Nzr.ToolBox.Core.Tests.StringUtilsTest.IsAnyEmpty_WithOneNonEmpty_ShouldReturnTrue" storage="c:\workspace\personal\nzr.toolbox\dotnet\nzr.toolbox.core.tests\bin\debug\netcoreapp2.2\nzr.toolbox.core.tests.dll" id="8d4c2e72-586a-f338-d7f5-e113d3234b28">
      <Execution id="0ba9bda1-25d3-4f3a-9862-880edaa72c40" />
      <TestMethod codeBase="C:\workspace\personal\Nzr.ToolBox\dotnet\Nzr.ToolBox.Core.Tests\bin\Debug\netcoreapp2.2\Nzr.ToolBox.Core.Tests.dll" adapterTypeName="executor://xunit/VsTestRunner2/netcoreapp" className="Nzr.ToolBox.Core.Tests.StringUtilsTest" name="Nzr.ToolBox.Core.Tests.StringUtilsTest.IsAnyEmpty_WithOneNonEmpty_ShouldReturnTrue" />
    </UnitTest>
    <UnitTest name="Nzr.ToolBox.Core.Tests.CollectionUtilsTests.ContainsAll_WithNullSourceAndRefGenericEnumerable_ShouldReturnTrue" storage="c:\workspace\personal\nzr.toolbox\dotnet\nzr.toolbox.core.tests\bin\debug\netcoreapp2.2\nzr.toolbox.core.tests.dll" id="e8d09c68-4f4a-59e8-3c44-66cd53ed8164">
      <Execution id="5d6da0f4-8513-46d1-9891-3464218f50e6" />
      <TestMethod codeBase="C:\workspace\personal\Nzr.ToolBox\dotnet\Nzr.ToolBox.Core.Tests\bin\Debug\netcoreapp2.2\Nzr.ToolBox.Core.Tests.dll" adapterTypeName="executor://xunit/VsTestRunner2/netcoreapp" className="Nzr.ToolBox.Core.Tests.CollectionUtilsTests" name="Nzr.ToolBox.Core.Tests.CollectionUtilsTests.ContainsAll_WithNullSourceAndRefGenericEnumerable_ShouldReturnTrue" />
    </UnitTest>
    <UnitTest name="Nzr.ToolBox.Core.Tests.DateTimeUtilsTest.IsSameDay_WithDatesWithoutSameDay_ShouldReturnFalse" storage="c:\workspace\personal\nzr.toolbox\dotnet\nzr.toolbox.core.tests\bin\debug\netcoreapp2.2\nzr.toolbox.core.tests.dll" id="fea88c74-eaa4-e751-b2f0-898db2073835">
      <Execution id="c4494b5d-e15d-4d8f-85a4-02230172a4a8" />
      <TestMethod codeBase="C:\workspace\personal\Nzr.ToolBox\dotnet\Nzr.ToolBox.Core.Tests\bin\Debug\netcoreapp2.2\Nzr.ToolBox.Core.Tests.dll" adapterTypeName="executor://xunit/VsTestRunner2/netcoreapp" className="Nzr.ToolBox.Core.Tests.DateTimeUtilsTest" name="Nzr.ToolBox.Core.Tests.DateTimeUtilsTest.IsSameDay_WithDatesWithoutSameDay_ShouldReturnFalse" />
    </UnitTest>
    <UnitTest name="Nzr.ToolBox.Core.Tests.BooleanUtilsTests.ToBool_WithNonPositiveString_ShouldReturnFalse(value: &quot;Não&quot;)" storage="c:\workspace\personal\nzr.toolbox\dotnet\nzr.toolbox.core.tests\bin\debug\netcoreapp2.2\nzr.toolbox.core.tests.dll" id="61955263-2d18-b04f-1074-d886d947e055">
      <Execution id="97318f5a-d888-4859-bd7d-16e60cae49cc" />
      <TestMethod codeBase="C:\workspace\personal\Nzr.ToolBox\dotnet\Nzr.ToolBox.Core.Tests\bin\Debug\netcoreapp2.2\Nzr.ToolBox.Core.Tests.dll" adapterTypeName="executor://xunit/VsTestRunner2/netcoreapp" className="Nzr.ToolBox.Core.Tests.BooleanUtilsTests" name="Nzr.ToolBox.Core.Tests.BooleanUtilsTests.ToBool_WithNonPositiveString_ShouldReturnFalse(value: &quot;Não&quot;)" />
    </UnitTest>
    <UnitTest name="Nzr.ToolBox.Core.Tests.DateTimeUtilsTest.Equals_WithMillisOfDiffAndWithTolerance_ShouldReturnTrue" storage="c:\workspace\personal\nzr.toolbox\dotnet\nzr.toolbox.core.tests\bin\debug\netcoreapp2.2\nzr.toolbox.core.tests.dll" id="bd7fbd33-c44c-e435-efc2-06a8c4bb49ef">
      <Execution id="b4e90fa3-c758-4da8-9214-7d4441c659b0" />
      <TestMethod codeBase="C:\workspace\personal\Nzr.ToolBox\dotnet\Nzr.ToolBox.Core.Tests\bin\Debug\netcoreapp2.2\Nzr.ToolBox.Core.Tests.dll" adapterTypeName="executor://xunit/VsTestRunner2/netcoreapp" className="Nzr.ToolBox.Core.Tests.DateTimeUtilsTest" name="Nzr.ToolBox.Core.Tests.DateTimeUtilsTest.Equals_WithMillisOfDiffAndWithTolerance_ShouldReturnTrue" />
    </UnitTest>
    <UnitTest name="Nzr.ToolBox.Core.Tests.ObjectUtilsTest.FirstNonNull_WithAllNull_ShouldReturnNull" storage="c:\workspace\personal\nzr.toolbox\dotnet\nzr.toolbox.core.tests\bin\debug\netcoreapp2.2\nzr.toolbox.core.tests.dll" id="22bfdebd-96a0-0b21-9eb3-2ebda1d58ee2">
      <Execution id="1b65b1ea-5a60-4710-ad9e-f73a61895100" />
      <TestMethod codeBase="C:\workspace\personal\Nzr.ToolBox\dotnet\Nzr.ToolBox.Core.Tests\bin\Debug\netcoreapp2.2\Nzr.ToolBox.Core.Tests.dll" adapterTypeName="executor://xunit/VsTestRunner2/netcoreapp" className="Nzr.ToolBox.Core.Tests.ObjectUtilsTest" name="Nzr.ToolBox.Core.Tests.ObjectUtilsTest.FirstNonNull_WithAllNull_ShouldReturnNull" />
    </UnitTest>
    <UnitTest name="Nzr.ToolBox.Core.Tests.StringUtilsTest.ContainsAny_WithStringNotContainingOneOfSubstring_ShouldReturnFalse" storage="c:\workspace\personal\nzr.toolbox\dotnet\nzr.toolbox.core.tests\bin\debug\netcoreapp2.2\nzr.toolbox.core.tests.dll" id="c068e1c4-6913-d79e-f58c-fd0cdae20144">
      <Execution id="cb3b69e0-7d0a-4bcb-9275-77be7b6cc96a" />
      <TestMethod codeBase="C:\workspace\personal\Nzr.ToolBox\dotnet\Nzr.ToolBox.Core.Tests\bin\Debug\netcoreapp2.2\Nzr.ToolBox.Core.Tests.dll" adapterTypeName="executor://xunit/VsTestRunner2/netcoreapp" className="Nzr.ToolBox.Core.Tests.StringUtilsTest" name="Nzr.ToolBox.Core.Tests.StringUtilsTest.ContainsAny_WithStringNotContainingOneOfSubstring_ShouldReturnFalse" />
    </UnitTest>
    <UnitTest name="Nzr.ToolBox.Core.Tests.StringUtilsTest.DefaultIfEmpty_WitEmptyString_ShouldReturnDefault" storage="c:\workspace\personal\nzr.toolbox\dotnet\nzr.toolbox.core.tests\bin\debug\netcoreapp2.2\nzr.toolbox.core.tests.dll" id="d40c6e0c-b4ac-c82e-a0d9-6e696ff5e301">
      <Execution id="86d13576-d161-4a4e-98e8-a19a142d757e" />
      <TestMethod codeBase="C:\workspace\personal\Nzr.ToolBox\dotnet\Nzr.ToolBox.Core.Tests\bin\Debug\netcoreapp2.2\Nzr.ToolBox.Core.Tests.dll" adapterTypeName="executor://xunit/VsTestRunner2/netcoreapp" className="Nzr.ToolBox.Core.Tests.StringUtilsTest" name="Nzr.ToolBox.Core.Tests.StringUtilsTest.DefaultIfEmpty_WitEmptyString_ShouldReturnDefault" />
    </UnitTest>
    <UnitTest name="Nzr.ToolBox.Core.Tests.CollectionUtilsTests.Contains_WithNonExistingItem_ShouldReturnFalse" storage="c:\workspace\personal\nzr.toolbox\dotnet\nzr.toolbox.core.tests\bin\debug\netcoreapp2.2\nzr.toolbox.core.tests.dll" id="4efab8f9-2009-4299-fc70-4c6c544935fe">
      <Execution id="f767f7ea-cef3-4ffc-a0f0-66a1f6b817ee" />
      <TestMethod codeBase="C:\workspace\personal\Nzr.ToolBox\dotnet\Nzr.ToolBox.Core.Tests\bin\Debug\netcoreapp2.2\Nzr.ToolBox.Core.Tests.dll" adapterTypeName="executor://xunit/VsTestRunner2/netcoreapp" className="Nzr.ToolBox.Core.Tests.CollectionUtilsTests" name="Nzr.ToolBox.Core.Tests.CollectionUtilsTests.Contains_WithNonExistingItem_ShouldReturnFalse" />
    </UnitTest>
    <UnitTest name="Nzr.ToolBox.Core.Tests.StringUtilsTest.Capitalize_WithNonCapitalized_ShouldReturnCapitalized" storage="c:\workspace\personal\nzr.toolbox\dotnet\nzr.toolbox.core.tests\bin\debug\netcoreapp2.2\nzr.toolbox.core.tests.dll" id="dd50d1ab-aaa8-9c9d-a472-909eef6612ee">
      <Execution id="fe422b79-1677-4fe8-8d84-fd8a5be1fe46" />
      <TestMethod codeBase="C:\workspace\personal\Nzr.ToolBox\dotnet\Nzr.ToolBox.Core.Tests\bin\Debug\netcoreapp2.2\Nzr.ToolBox.Core.Tests.dll" adapterTypeName="executor://xunit/VsTestRunner2/netcoreapp" className="Nzr.ToolBox.Core.Tests.StringUtilsTest" name="Nzr.ToolBox.Core.Tests.StringUtilsTest.Capitalize_WithNonCapitalized_ShouldReturnCapitalized" />
    </UnitTest>
    <UnitTest name="Nzr.ToolBox.Core.Tests.StringUtilsTest.GetFirstNonEmpty_WithOnlyEmptyString_ShouldReturnNull" storage="c:\workspace\personal\nzr.toolbox\dotnet\nzr.toolbox.core.tests\bin\debug\netcoreapp2.2\nzr.toolbox.core.tests.dll" id="6fbbc600-2200-4b3a-d83e-2d0b6029d73a">
      <Execution id="cb23af9a-de3c-42d0-8474-c4e33b7c2fc0" />
      <TestMethod codeBase="C:\workspace\personal\Nzr.ToolBox\dotnet\Nzr.ToolBox.Core.Tests\bin\Debug\netcoreapp2.2\Nzr.ToolBox.Core.Tests.dll" adapterTypeName="executor://xunit/VsTestRunner2/netcoreapp" className="Nzr.ToolBox.Core.Tests.StringUtilsTest" name="Nzr.ToolBox.Core.Tests.StringUtilsTest.GetFirstNonEmpty_WithOnlyEmptyString_ShouldReturnNull" />
    </UnitTest>
    <UnitTest name="Nzr.ToolBox.Core.Tests.StringUtilsTest.IsAllBlank_WithOneEmpty_ShouldReturnTrue" storage="c:\workspace\personal\nzr.toolbox\dotnet\nzr.toolbox.core.tests\bin\debug\netcoreapp2.2\nzr.toolbox.core.tests.dll" id="df159263-51bd-d891-b020-758bba5e657f">
      <Execution id="83925505-e405-4c38-b8e1-fecb49204aca" />
      <TestMethod codeBase="C:\workspace\personal\Nzr.ToolBox\dotnet\Nzr.ToolBox.Core.Tests\bin\Debug\netcoreapp2.2\Nzr.ToolBox.Core.Tests.dll" adapterTypeName="executor://xunit/VsTestRunner2/netcoreapp" className="Nzr.ToolBox.Core.Tests.StringUtilsTest" name="Nzr.ToolBox.Core.Tests.StringUtilsTest.IsAllBlank_WithOneEmpty_ShouldReturnTrue" />
    </UnitTest>
    <UnitTest name="Nzr.ToolBox.Core.Tests.StringUtilsTest.IsNotNumber_WithNumeric_ShouldReturnFalse" storage="c:\workspace\personal\nzr.toolbox\dotnet\nzr.toolbox.core.tests\bin\debug\netcoreapp2.2\nzr.toolbox.core.tests.dll" id="11a672c1-3304-329d-6cef-40a099ed2b03">
      <Execution id="4c900f61-3e70-40a7-8f40-97815dee7ac3" />
      <TestMethod codeBase="C:\workspace\personal\Nzr.ToolBox\dotnet\Nzr.ToolBox.Core.Tests\bin\Debug\netcoreapp2.2\Nzr.ToolBox.Core.Tests.dll" adapterTypeName="executor://xunit/VsTestRunner2/netcoreapp" className="Nzr.ToolBox.Core.Tests.StringUtilsTest" name="Nzr.ToolBox.Core.Tests.StringUtilsTest.IsNotNumber_WithNumeric_ShouldReturnFalse" />
    </UnitTest>
    <UnitTest name="Nzr.ToolBox.Core.Tests.BooleanUtilsTests.ToBool_WithPositiveString_ShouldReturnTrue(value: &quot;1&quot;)" storage="c:\workspace\personal\nzr.toolbox\dotnet\nzr.toolbox.core.tests\bin\debug\netcoreapp2.2\nzr.toolbox.core.tests.dll" id="db3b74da-9390-9353-7e36-7ce7be8597b2">
      <Execution id="e5f6494f-174a-42d7-81bd-bbdc4bc42ca8" />
      <TestMethod codeBase="C:\workspace\personal\Nzr.ToolBox\dotnet\Nzr.ToolBox.Core.Tests\bin\Debug\netcoreapp2.2\Nzr.ToolBox.Core.Tests.dll" adapterTypeName="executor://xunit/VsTestRunner2/netcoreapp" className="Nzr.ToolBox.Core.Tests.BooleanUtilsTests" name="Nzr.ToolBox.Core.Tests.BooleanUtilsTests.ToBool_WithPositiveString_ShouldReturnTrue(value: &quot;1&quot;)" />
    </UnitTest>
    <UnitTest name="Nzr.ToolBox.Core.Tests.BooleanUtilsTests.IsAllFalse_WithAllFalseValues_ShouldReturnTrue" storage="c:\workspace\personal\nzr.toolbox\dotnet\nzr.toolbox.core.tests\bin\debug\netcoreapp2.2\nzr.toolbox.core.tests.dll" id="0ff73cd5-37ec-83b6-cca6-080e829305d1">
      <Execution id="e9e38d24-a099-4f6a-b638-8e3ca052d078" />
      <TestMethod codeBase="C:\workspace\personal\Nzr.ToolBox\dotnet\Nzr.ToolBox.Core.Tests\bin\Debug\netcoreapp2.2\Nzr.ToolBox.Core.Tests.dll" adapterTypeName="executor://xunit/VsTestRunner2/netcoreapp" className="Nzr.ToolBox.Core.Tests.BooleanUtilsTests" name="Nzr.ToolBox.Core.Tests.BooleanUtilsTests.IsAllFalse_WithAllFalseValues_ShouldReturnTrue" />
    </UnitTest>
    <UnitTest name="Nzr.ToolBox.Core.Tests.StringUtilsTest.Truncate_WithNull_ShouldReturnNull" storage="c:\workspace\personal\nzr.toolbox\dotnet\nzr.toolbox.core.tests\bin\debug\netcoreapp2.2\nzr.toolbox.core.tests.dll" id="045fcd17-dfed-1627-66be-e391ac5023f4">
      <Execution id="761c6b84-f26c-4d8a-b38b-d4ac76817e5e" />
      <TestMethod codeBase="C:\workspace\personal\Nzr.ToolBox\dotnet\Nzr.ToolBox.Core.Tests\bin\Debug\netcoreapp2.2\Nzr.ToolBox.Core.Tests.dll" adapterTypeName="executor://xunit/VsTestRunner2/netcoreapp" className="Nzr.ToolBox.Core.Tests.StringUtilsTest" name="Nzr.ToolBox.Core.Tests.StringUtilsTest.Truncate_WithNull_ShouldReturnNull" />
    </UnitTest>
    <UnitTest name="Nzr.ToolBox.Core.Tests.CollectionUtilsTests.EmptyIfNull_WithNullEnumerable_ShouldNewEnumerable" storage="c:\workspace\personal\nzr.toolbox\dotnet\nzr.toolbox.core.tests\bin\debug\netcoreapp2.2\nzr.toolbox.core.tests.dll" id="86f11f10-11c9-c8c1-f01b-fcc3e3965aaf">
      <Execution id="7f3b9060-3156-4402-baf9-de9109f496f1" />
      <TestMethod codeBase="C:\workspace\personal\Nzr.ToolBox\dotnet\Nzr.ToolBox.Core.Tests\bin\Debug\netcoreapp2.2\Nzr.ToolBox.Core.Tests.dll" adapterTypeName="executor://xunit/VsTestRunner2/netcoreapp" className="Nzr.ToolBox.Core.Tests.CollectionUtilsTests" name="Nzr.ToolBox.Core.Tests.CollectionUtilsTests.EmptyIfNull_WithNullEnumerable_ShouldNewEnumerable" />
    </UnitTest>
    <UnitTest name="Nzr.ToolBox.Core.Tests.ObjectUtilsTest.FirstNonNull_WithAnyNonNull_ShouldReturnFirstNonNull" storage="c:\workspace\personal\nzr.toolbox\dotnet\nzr.toolbox.core.tests\bin\debug\netcoreapp2.2\nzr.toolbox.core.tests.dll" id="ef3db43b-1e0a-f198-9720-31d80f533fc8">
      <Execution id="f543393b-7262-4eb3-9ba2-3afda5c61cbe" />
      <TestMethod codeBase="C:\workspace\personal\Nzr.ToolBox\dotnet\Nzr.ToolBox.Core.Tests\bin\Debug\netcoreapp2.2\Nzr.ToolBox.Core.Tests.dll" adapterTypeName="executor://xunit/VsTestRunner2/netcoreapp" className="Nzr.ToolBox.Core.Tests.ObjectUtilsTest" name="Nzr.ToolBox.Core.Tests.ObjectUtilsTest.FirstNonNull_WithAnyNonNull_ShouldReturnFirstNonNull" />
    </UnitTest>
    <UnitTest name="Nzr.ToolBox.Core.Tests.ObjectUtilsTest.IsAllNonNull_WithOneNull_ShouldReturnFalse" storage="c:\workspace\personal\nzr.toolbox\dotnet\nzr.toolbox.core.tests\bin\debug\netcoreapp2.2\nzr.toolbox.core.tests.dll" id="31b0f7a4-7814-de1a-ba42-99fccbedaf77">
      <Execution id="dc39a633-8e9f-49b6-9c39-8632f2fc2ac2" />
      <TestMethod codeBase="C:\workspace\personal\Nzr.ToolBox\dotnet\Nzr.ToolBox.Core.Tests\bin\Debug\netcoreapp2.2\Nzr.ToolBox.Core.Tests.dll" adapterTypeName="executor://xunit/VsTestRunner2/netcoreapp" className="Nzr.ToolBox.Core.Tests.ObjectUtilsTest" name="Nzr.ToolBox.Core.Tests.ObjectUtilsTest.IsAllNonNull_WithOneNull_ShouldReturnFalse" />
    </UnitTest>
    <UnitTest name="Nzr.ToolBox.Core.Tests.BooleanUtilsTests.ToBool_WithNonPositiveString_ShouldReturnFalse(value: &quot;No&quot;)" storage="c:\workspace\personal\nzr.toolbox\dotnet\nzr.toolbox.core.tests\bin\debug\netcoreapp2.2\nzr.toolbox.core.tests.dll" id="54aad836-ba4f-5dbf-bad2-7c309c3d8a21">
      <Execution id="77f4aab6-bb7a-4400-9b38-21ee07ba6d45" />
      <TestMethod codeBase="C:\workspace\personal\Nzr.ToolBox\dotnet\Nzr.ToolBox.Core.Tests\bin\Debug\netcoreapp2.2\Nzr.ToolBox.Core.Tests.dll" adapterTypeName="executor://xunit/VsTestRunner2/netcoreapp" className="Nzr.ToolBox.Core.Tests.BooleanUtilsTests" name="Nzr.ToolBox.Core.Tests.BooleanUtilsTests.ToBool_WithNonPositiveString_ShouldReturnFalse(value: &quot;No&quot;)" />
    </UnitTest>
    <UnitTest name="Nzr.ToolBox.Core.Tests.BooleanUtilsTests.Describe_WihFalseValueAndWithDefaultFlaseString_ShouldReturnYes" storage="c:\workspace\personal\nzr.toolbox\dotnet\nzr.toolbox.core.tests\bin\debug\netcoreapp2.2\nzr.toolbox.core.tests.dll" id="ddf79c4c-8da7-56b7-7410-d2ba78b09801">
      <Execution id="9fa71c05-3ff4-49b1-ae78-e371d1cd3e1d" />
      <TestMethod codeBase="C:\workspace\personal\Nzr.ToolBox\dotnet\Nzr.ToolBox.Core.Tests\bin\Debug\netcoreapp2.2\Nzr.ToolBox.Core.Tests.dll" adapterTypeName="executor://xunit/VsTestRunner2/netcoreapp" className="Nzr.ToolBox.Core.Tests.BooleanUtilsTests" name="Nzr.ToolBox.Core.Tests.BooleanUtilsTests.Describe_WihFalseValueAndWithDefaultFlaseString_ShouldReturnYes" />
    </UnitTest>
    <UnitTest name="Nzr.ToolBox.Core.Tests.RandomUtilsTest.RandomString_WithDefaultOptions_ShouldReturnString" storage="c:\workspace\personal\nzr.toolbox\dotnet\nzr.toolbox.core.tests\bin\debug\netcoreapp2.2\nzr.toolbox.core.tests.dll" id="f92e77b4-ee0e-9f1a-2342-b94f560f0dac">
      <Execution id="c09d1585-e914-439b-8165-aa326c1c4083" />
      <TestMethod codeBase="C:\workspace\personal\Nzr.ToolBox\dotnet\Nzr.ToolBox.Core.Tests\bin\Debug\netcoreapp2.2\Nzr.ToolBox.Core.Tests.dll" adapterTypeName="executor://xunit/VsTestRunner2/netcoreapp" className="Nzr.ToolBox.Core.Tests.RandomUtilsTest" name="Nzr.ToolBox.Core.Tests.RandomUtilsTest.RandomString_WithDefaultOptions_ShouldReturnString" />
    </UnitTest>
    <UnitTest name="Nzr.ToolBox.Core.Tests.StringUtilsTest.Suffix_WithNullString_ShouldReturnSuffix" storage="c:\workspace\personal\nzr.toolbox\dotnet\nzr.toolbox.core.tests\bin\debug\netcoreapp2.2\nzr.toolbox.core.tests.dll" id="79e2a514-0ea2-3daf-f0aa-1fc63dbc9aa2">
      <Execution id="403225a3-f9ad-4498-8c67-0a2fe271d426" />
      <TestMethod codeBase="C:\workspace\personal\Nzr.ToolBox\dotnet\Nzr.ToolBox.Core.Tests\bin\Debug\netcoreapp2.2\Nzr.ToolBox.Core.Tests.dll" adapterTypeName="executor://xunit/VsTestRunner2/netcoreapp" className="Nzr.ToolBox.Core.Tests.StringUtilsTest" name="Nzr.ToolBox.Core.Tests.StringUtilsTest.Suffix_WithNullString_ShouldReturnSuffix" />
    </UnitTest>
    <UnitTest name="Nzr.ToolBox.Core.Tests.ReflectionUtilsTest.GetValue_WithPropertyPath_ShouldReturnNestedValues" storage="c:\workspace\personal\nzr.toolbox\dotnet\nzr.toolbox.core.tests\bin\debug\netcoreapp2.2\nzr.toolbox.core.tests.dll" id="bf218aab-52af-cc9e-72e7-0a8ba644e891">
      <Execution id="4b0c5a06-f866-45fa-8ced-bef299aa8fee" />
      <TestMethod codeBase="C:\workspace\personal\Nzr.ToolBox\dotnet\Nzr.ToolBox.Core.Tests\bin\Debug\netcoreapp2.2\Nzr.ToolBox.Core.Tests.dll" adapterTypeName="executor://xunit/VsTestRunner2/netcoreapp" className="Nzr.ToolBox.Core.Tests.ReflectionUtilsTest" name="Nzr.ToolBox.Core.Tests.ReflectionUtilsTest.GetValue_WithPropertyPath_ShouldReturnNestedValues" />
    </UnitTest>
    <UnitTest name="Nzr.ToolBox.Core.Tests.BooleanUtilsTests.ToBool_WithNonPositiveString_ShouldReturnFalse(value: &quot;0&quot;)" storage="c:\workspace\personal\nzr.toolbox\dotnet\nzr.toolbox.core.tests\bin\debug\netcoreapp2.2\nzr.toolbox.core.tests.dll" id="67ba80d0-ee46-5ac8-0538-37c6daf3607e">
      <Execution id="b5172d54-521e-4f5d-b990-bde466eb25bf" />
      <TestMethod codeBase="C:\workspace\personal\Nzr.ToolBox\dotnet\Nzr.ToolBox.Core.Tests\bin\Debug\netcoreapp2.2\Nzr.ToolBox.Core.Tests.dll" adapterTypeName="executor://xunit/VsTestRunner2/netcoreapp" className="Nzr.ToolBox.Core.Tests.BooleanUtilsTests" name="Nzr.ToolBox.Core.Tests.BooleanUtilsTests.ToBool_WithNonPositiveString_ShouldReturnFalse(value: &quot;0&quot;)" />
    </UnitTest>
    <UnitTest name="Nzr.ToolBox.Core.Tests.BooleanUtilsTests.IsAllTrue_WithAllTrueValues_ShouldReturnTrue" storage="c:\workspace\personal\nzr.toolbox\dotnet\nzr.toolbox.core.tests\bin\debug\netcoreapp2.2\nzr.toolbox.core.tests.dll" id="7b7495d8-e0d9-d205-be09-e167ea98fa50">
      <Execution id="4ee389b9-4583-4ca4-8d5d-355c83de1629" />
      <TestMethod codeBase="C:\workspace\personal\Nzr.ToolBox\dotnet\Nzr.ToolBox.Core.Tests\bin\Debug\netcoreapp2.2\Nzr.ToolBox.Core.Tests.dll" adapterTypeName="executor://xunit/VsTestRunner2/netcoreapp" className="Nzr.ToolBox.Core.Tests.BooleanUtilsTests" name="Nzr.ToolBox.Core.Tests.BooleanUtilsTests.IsAllTrue_WithAllTrueValues_ShouldReturnTrue" />
    </UnitTest>
    <UnitTest name="Nzr.ToolBox.Core.Tests.RandomUtilsTest.RandomInt_ShouldReturnUniqueValues(iterations: 10000, seed: 1)" storage="c:\workspace\personal\nzr.toolbox\dotnet\nzr.toolbox.core.tests\bin\debug\netcoreapp2.2\nzr.toolbox.core.tests.dll" id="55323239-0a74-748e-14c5-c6ce0fbffcf4">
      <Execution id="99a53239-7a10-40a8-a5f3-e51b99d0cde1" />
      <TestMethod codeBase="C:\workspace\personal\Nzr.ToolBox\dotnet\Nzr.ToolBox.Core.Tests\bin\Debug\netcoreapp2.2\Nzr.ToolBox.Core.Tests.dll" adapterTypeName="executor://xunit/VsTestRunner2/netcoreapp" className="Nzr.ToolBox.Core.Tests.RandomUtilsTest" name="Nzr.ToolBox.Core.Tests.RandomUtilsTest.RandomInt_ShouldReturnUniqueValues(iterations: 10000, seed: 1)" />
    </UnitTest>
    <UnitTest name="Nzr.ToolBox.Core.Tests.StringUtilsTest.Suffix_WithExistingSuffix_ShouldNotAddSuffix" storage="c:\workspace\personal\nzr.toolbox\dotnet\nzr.toolbox.core.tests\bin\debug\netcoreapp2.2\nzr.toolbox.core.tests.dll" id="50b7ff87-3945-9d72-59f5-8be54b69e4af">
      <Execution id="ba62040f-d836-4771-88c9-7b40fab8706f" />
      <TestMethod codeBase="C:\workspace\personal\Nzr.ToolBox\dotnet\Nzr.ToolBox.Core.Tests\bin\Debug\netcoreapp2.2\Nzr.ToolBox.Core.Tests.dll" adapterTypeName="executor://xunit/VsTestRunner2/netcoreapp" className="Nzr.ToolBox.Core.Tests.StringUtilsTest" name="Nzr.ToolBox.Core.Tests.StringUtilsTest.Suffix_WithExistingSuffix_ShouldNotAddSuffix" />
    </UnitTest>
    <UnitTest name="Nzr.ToolBox.Core.Tests.CollectionUtilsTests.GetKey_WithNullInput_ShouldReturnNull" storage="c:\workspace\personal\nzr.toolbox\dotnet\nzr.toolbox.core.tests\bin\debug\netcoreapp2.2\nzr.toolbox.core.tests.dll" id="ef1cb9b1-5ade-bdda-d597-f65de556664c">
      <Execution id="f2d30674-3b45-490b-af29-bfa0a2314fdb" />
      <TestMethod codeBase="C:\workspace\personal\Nzr.ToolBox\dotnet\Nzr.ToolBox.Core.Tests\bin\Debug\netcoreapp2.2\Nzr.ToolBox.Core.Tests.dll" adapterTypeName="executor://xunit/VsTestRunner2/netcoreapp" className="Nzr.ToolBox.Core.Tests.CollectionUtilsTests" name="Nzr.ToolBox.Core.Tests.CollectionUtilsTests.GetKey_WithNullInput_ShouldReturnNull" />
    </UnitTest>
    <UnitTest name="Nzr.ToolBox.Core.Tests.CollectionUtilsTests.ForEach_WithNullList_ShouldNotExecuteAction" storage="c:\workspace\personal\nzr.toolbox\dotnet\nzr.toolbox.core.tests\bin\debug\netcoreapp2.2\nzr.toolbox.core.tests.dll" id="472f486e-769d-9d63-2be1-4ee1c9a10ec8">
      <Execution id="822bde8a-3bbf-45c0-aa70-08c2e2c10a8e" />
      <TestMethod codeBase="C:\workspace\personal\Nzr.ToolBox\dotnet\Nzr.ToolBox.Core.Tests\bin\Debug\netcoreapp2.2\Nzr.ToolBox.Core.Tests.dll" adapterTypeName="executor://xunit/VsTestRunner2/netcoreapp" className="Nzr.ToolBox.Core.Tests.CollectionUtilsTests" name="Nzr.ToolBox.Core.Tests.CollectionUtilsTests.ForEach_WithNullList_ShouldNotExecuteAction" />
    </UnitTest>
    <UnitTest name="Nzr.ToolBox.Core.Tests.BooleanUtilsTests.ToBool_WithPositiveString_ShouldReturnTrue(value: &quot;Oui&quot;)" storage="c:\workspace\personal\nzr.toolbox\dotnet\nzr.toolbox.core.tests\bin\debug\netcoreapp2.2\nzr.toolbox.core.tests.dll" id="19186bcb-3af3-b5ce-1c9e-381f7e643b61">
      <Execution id="7edb1ef1-9243-43cf-ae42-180fd9833782" />
      <TestMethod codeBase="C:\workspace\personal\Nzr.ToolBox\dotnet\Nzr.ToolBox.Core.Tests\bin\Debug\netcoreapp2.2\Nzr.ToolBox.Core.Tests.dll" adapterTypeName="executor://xunit/VsTestRunner2/netcoreapp" className="Nzr.ToolBox.Core.Tests.BooleanUtilsTests" name="Nzr.ToolBox.Core.Tests.BooleanUtilsTests.ToBool_WithPositiveString_ShouldReturnTrue(value: &quot;Oui&quot;)" />
    </UnitTest>
    <UnitTest name="Nzr.ToolBox.Core.Tests.StringUtilsTest.RemoveStart_WithExistingStringsUsingOrdinalCase_ShouldNotRemoveStarts" storage="c:\workspace\personal\nzr.toolbox\dotnet\nzr.toolbox.core.tests\bin\debug\netcoreapp2.2\nzr.toolbox.core.tests.dll" id="1dfcddc7-2376-1f70-3151-1b7cb4b3c7c1">
      <Execution id="24277abd-767b-46c4-b70e-b137dd6ff204" />
      <TestMethod codeBase="C:\workspace\personal\Nzr.ToolBox\dotnet\Nzr.ToolBox.Core.Tests\bin\Debug\netcoreapp2.2\Nzr.ToolBox.Core.Tests.dll" adapterTypeName="executor://xunit/VsTestRunner2/netcoreapp" className="Nzr.ToolBox.Core.Tests.StringUtilsTest" name="Nzr.ToolBox.Core.Tests.StringUtilsTest.RemoveStart_WithExistingStringsUsingOrdinalCase_ShouldNotRemoveStarts" />
    </UnitTest>
    <UnitTest name="Nzr.ToolBox.Core.Tests.ObjectUtilsTest.ToDynamic_WithEntity_ShouldReturnDynamic" storage="c:\workspace\personal\nzr.toolbox\dotnet\nzr.toolbox.core.tests\bin\debug\netcoreapp2.2\nzr.toolbox.core.tests.dll" id="2c201a1d-9f85-d5be-eef4-f589b3eee5e9">
      <Execution id="390b3283-1a6c-466c-a846-1b9502a663c3" />
      <TestMethod codeBase="C:\workspace\personal\Nzr.ToolBox\dotnet\Nzr.ToolBox.Core.Tests\bin\Debug\netcoreapp2.2\Nzr.ToolBox.Core.Tests.dll" adapterTypeName="executor://xunit/VsTestRunner2/netcoreapp" className="Nzr.ToolBox.Core.Tests.ObjectUtilsTest" name="Nzr.ToolBox.Core.Tests.ObjectUtilsTest.ToDynamic_WithEntity_ShouldReturnDynamic" />
    </UnitTest>
    <UnitTest name="Nzr.ToolBox.Core.Tests.BooleanUtilsTests.Describe_WihNullValueAndWitCustomNullString_ShouldReturnCustomString" storage="c:\workspace\personal\nzr.toolbox\dotnet\nzr.toolbox.core.tests\bin\debug\netcoreapp2.2\nzr.toolbox.core.tests.dll" id="742450a8-e573-0feb-532b-212dbe3a2108">
      <Execution id="51122ee3-88fa-4ff9-9576-8588a6465806" />
      <TestMethod codeBase="C:\workspace\personal\Nzr.ToolBox\dotnet\Nzr.ToolBox.Core.Tests\bin\Debug\netcoreapp2.2\Nzr.ToolBox.Core.Tests.dll" adapterTypeName="executor://xunit/VsTestRunner2/netcoreapp" className="Nzr.ToolBox.Core.Tests.BooleanUtilsTests" name="Nzr.ToolBox.Core.Tests.BooleanUtilsTests.Describe_WihNullValueAndWitCustomNullString_ShouldReturnCustomString" />
    </UnitTest>
    <UnitTest name="Nzr.ToolBox.Core.Tests.BooleanUtilsTests.ToBool_WithNonPositiveString_ShouldReturnFalse(value: &quot;N&quot;)" storage="c:\workspace\personal\nzr.toolbox\dotnet\nzr.toolbox.core.tests\bin\debug\netcoreapp2.2\nzr.toolbox.core.tests.dll" id="74f87d91-26ae-d1ee-e1f8-2525d41bbd83">
      <Execution id="7b2cf6ce-c44a-40b4-8d66-3796f8c07197" />
      <TestMethod codeBase="C:\workspace\personal\Nzr.ToolBox\dotnet\Nzr.ToolBox.Core.Tests\bin\Debug\netcoreapp2.2\Nzr.ToolBox.Core.Tests.dll" adapterTypeName="executor://xunit/VsTestRunner2/netcoreapp" className="Nzr.ToolBox.Core.Tests.BooleanUtilsTests" name="Nzr.ToolBox.Core.Tests.BooleanUtilsTests.ToBool_WithNonPositiveString_ShouldReturnFalse(value: &quot;N&quot;)" />
    </UnitTest>
    <UnitTest name="Nzr.ToolBox.Core.Tests.StringUtilsTest.ContainsAll_WithNullStringNotContainigAllSubstrings_ShouldReturnFalse" storage="c:\workspace\personal\nzr.toolbox\dotnet\nzr.toolbox.core.tests\bin\debug\netcoreapp2.2\nzr.toolbox.core.tests.dll" id="87b56d62-9af1-eead-6483-716ab3bb23e0">
      <Execution id="3fd859b0-162a-422e-8702-cb39abea6271" />
      <TestMethod codeBase="C:\workspace\personal\Nzr.ToolBox\dotnet\Nzr.ToolBox.Core.Tests\bin\Debug\netcoreapp2.2\Nzr.ToolBox.Core.Tests.dll" adapterTypeName="executor://xunit/VsTestRunner2/netcoreapp" className="Nzr.ToolBox.Core.Tests.StringUtilsTest" name="Nzr.ToolBox.Core.Tests.StringUtilsTest.ContainsAll_WithNullStringNotContainigAllSubstrings_ShouldReturnFalse" />
    </UnitTest>
    <UnitTest name="Nzr.ToolBox.Core.Tests.BooleanUtilsTests.Describe_WihTrueValueAndWitCustomYesString_ShouldReturnCustomString" storage="c:\workspace\personal\nzr.toolbox\dotnet\nzr.toolbox.core.tests\bin\debug\netcoreapp2.2\nzr.toolbox.core.tests.dll" id="c27f5798-ba92-8771-15a7-731f0a36872c">
      <Execution id="66d9cb5f-61fa-4c1c-9640-0f6b73c1e38f" />
      <TestMethod codeBase="C:\workspace\personal\Nzr.ToolBox\dotnet\Nzr.ToolBox.Core.Tests\bin\Debug\netcoreapp2.2\Nzr.ToolBox.Core.Tests.dll" adapterTypeName="executor://xunit/VsTestRunner2/netcoreapp" className="Nzr.ToolBox.Core.Tests.BooleanUtilsTests" name="Nzr.ToolBox.Core.Tests.BooleanUtilsTests.Describe_WihTrueValueAndWitCustomYesString_ShouldReturnCustomString" />
    </UnitTest>
    <UnitTest name="Nzr.ToolBox.Core.Tests.NumberUtilsTest.Min_ShouldReturnMinValues" storage="c:\workspace\personal\nzr.toolbox\dotnet\nzr.toolbox.core.tests\bin\debug\netcoreapp2.2\nzr.toolbox.core.tests.dll" id="abaeb843-e95d-5629-dacd-9477aefd8dd6">
      <Execution id="fde72e4d-ea0e-4da4-8081-50a99b837bb4" />
      <TestMethod codeBase="C:\workspace\personal\Nzr.ToolBox\dotnet\Nzr.ToolBox.Core.Tests\bin\Debug\netcoreapp2.2\Nzr.ToolBox.Core.Tests.dll" adapterTypeName="executor://xunit/VsTestRunner2/netcoreapp" className="Nzr.ToolBox.Core.Tests.NumberUtilsTest" name="Nzr.ToolBox.Core.Tests.NumberUtilsTest.Min_ShouldReturnMinValues" />
    </UnitTest>
    <UnitTest name="Nzr.ToolBox.Core.Tests.CollectionUtilsTests.ContainsAny_WithNullRefGenericEnumerable_ShouldReturnFalse" storage="c:\workspace\personal\nzr.toolbox\dotnet\nzr.toolbox.core.tests\bin\debug\netcoreapp2.2\nzr.toolbox.core.tests.dll" id="847d8ff3-d803-cf60-f02c-496786a7423f">
      <Execution id="c45921bc-7be3-4939-8bb6-db4c0804ed8b" />
      <TestMethod codeBase="C:\workspace\personal\Nzr.ToolBox\dotnet\Nzr.ToolBox.Core.Tests\bin\Debug\netcoreapp2.2\Nzr.ToolBox.Core.Tests.dll" adapterTypeName="executor://xunit/VsTestRunner2/netcoreapp" className="Nzr.ToolBox.Core.Tests.CollectionUtilsTests" name="Nzr.ToolBox.Core.Tests.CollectionUtilsTests.ContainsAny_WithNullRefGenericEnumerable_ShouldReturnFalse" />
    </UnitTest>
    <UnitTest name="Nzr.ToolBox.Core.Tests.StringUtilsTest.Replace_WithNonNullString_ShouldReplaceOldValueWithNewOne" storage="c:\workspace\personal\nzr.toolbox\dotnet\nzr.toolbox.core.tests\bin\debug\netcoreapp2.2\nzr.toolbox.core.tests.dll" id="512ec98d-2185-5ebc-b040-4a9df6c7ed1a">
      <Execution id="401a27a9-7910-4fa9-9ab0-b343a803926f" />
      <TestMethod codeBase="C:\workspace\personal\Nzr.ToolBox\dotnet\Nzr.ToolBox.Core.Tests\bin\Debug\netcoreapp2.2\Nzr.ToolBox.Core.Tests.dll" adapterTypeName="executor://xunit/VsTestRunner2/netcoreapp" className="Nzr.ToolBox.Core.Tests.StringUtilsTest" name="Nzr.ToolBox.Core.Tests.StringUtilsTest.Replace_WithNonNullString_ShouldReplaceOldValueWithNewOne" />
    </UnitTest>
    <UnitTest name="Nzr.ToolBox.Core.Tests.CollectionUtilsTests.ForEach_WithNull_ShouldNotExecuteAction" storage="c:\workspace\personal\nzr.toolbox\dotnet\nzr.toolbox.core.tests\bin\debug\netcoreapp2.2\nzr.toolbox.core.tests.dll" id="474289fd-78a2-44f4-466e-fab96cf061fe">
      <Execution id="e582667d-87de-479b-a8f2-18d0e6212373" />
      <TestMethod codeBase="C:\workspace\personal\Nzr.ToolBox\dotnet\Nzr.ToolBox.Core.Tests\bin\Debug\netcoreapp2.2\Nzr.ToolBox.Core.Tests.dll" adapterTypeName="executor://xunit/VsTestRunner2/netcoreapp" className="Nzr.ToolBox.Core.Tests.CollectionUtilsTests" name="Nzr.ToolBox.Core.Tests.CollectionUtilsTests.ForEach_WithNull_ShouldNotExecuteAction" />
    </UnitTest>
    <UnitTest name="Nzr.ToolBox.Core.Tests.StringUtilsTest.ContainsAll_WithStringContainigAllSubstrings_ShouldReturnTrue" storage="c:\workspace\personal\nzr.toolbox\dotnet\nzr.toolbox.core.tests\bin\debug\netcoreapp2.2\nzr.toolbox.core.tests.dll" id="4d8283f4-8639-27d1-44ac-751f4d8f3078">
      <Execution id="957b9ac2-533e-4e2e-b026-59468e3ce6c2" />
      <TestMethod codeBase="C:\workspace\personal\Nzr.ToolBox\dotnet\Nzr.ToolBox.Core.Tests\bin\Debug\netcoreapp2.2\Nzr.ToolBox.Core.Tests.dll" adapterTypeName="executor://xunit/VsTestRunner2/netcoreapp" className="Nzr.ToolBox.Core.Tests.StringUtilsTest" name="Nzr.ToolBox.Core.Tests.StringUtilsTest.ContainsAll_WithStringContainigAllSubstrings_ShouldReturnTrue" />
    </UnitTest>
    <UnitTest name="Nzr.ToolBox.Core.Tests.StringUtilsTest.IsEmpty_WithNullString_ShouldReturnTrue" storage="c:\workspace\personal\nzr.toolbox\dotnet\nzr.toolbox.core.tests\bin\debug\netcoreapp2.2\nzr.toolbox.core.tests.dll" id="b34056e1-a0f1-b9c6-4cf9-a385bfe323c6">
      <Execution id="5d2d52a4-0982-4194-b2f1-ef7f485a0a3c" />
      <TestMethod codeBase="C:\workspace\personal\Nzr.ToolBox\dotnet\Nzr.ToolBox.Core.Tests\bin\Debug\netcoreapp2.2\Nzr.ToolBox.Core.Tests.dll" adapterTypeName="executor://xunit/VsTestRunner2/netcoreapp" className="Nzr.ToolBox.Core.Tests.StringUtilsTest" name="Nzr.ToolBox.Core.Tests.StringUtilsTest.IsEmpty_WithNullString_ShouldReturnTrue" />
    </UnitTest>
    <UnitTest name="Nzr.ToolBox.Core.Tests.StringUtilsTest.Prefix_WithNonExistingPrefix_ShouldAddPrefix" storage="c:\workspace\personal\nzr.toolbox\dotnet\nzr.toolbox.core.tests\bin\debug\netcoreapp2.2\nzr.toolbox.core.tests.dll" id="467648af-fb2a-b6b9-e76e-8f94779eb7f6">
      <Execution id="99b97395-cdcb-4f3c-9d73-11decf87f8dd" />
      <TestMethod codeBase="C:\workspace\personal\Nzr.ToolBox\dotnet\Nzr.ToolBox.Core.Tests\bin\Debug\netcoreapp2.2\Nzr.ToolBox.Core.Tests.dll" adapterTypeName="executor://xunit/VsTestRunner2/netcoreapp" className="Nzr.ToolBox.Core.Tests.StringUtilsTest" name="Nzr.ToolBox.Core.Tests.StringUtilsTest.Prefix_WithNonExistingPrefix_ShouldAddPrefix" />
    </UnitTest>
    <UnitTest name="Nzr.ToolBox.Core.Tests.RandomUtilsTest.RandomString_WithNumbersOnly_ShouldReturnNumericString" storage="c:\workspace\personal\nzr.toolbox\dotnet\nzr.toolbox.core.tests\bin\debug\netcoreapp2.2\nzr.toolbox.core.tests.dll" id="82b6aab1-e835-8e28-1aa8-e6764ddd6ce8">
      <Execution id="987bd147-8ac6-43cb-9725-3c15fa4cdc2d" />
      <TestMethod codeBase="C:\workspace\personal\Nzr.ToolBox\dotnet\Nzr.ToolBox.Core.Tests\bin\Debug\netcoreapp2.2\Nzr.ToolBox.Core.Tests.dll" adapterTypeName="executor://xunit/VsTestRunner2/netcoreapp" className="Nzr.ToolBox.Core.Tests.RandomUtilsTest" name="Nzr.ToolBox.Core.Tests.RandomUtilsTest.RandomString_WithNumbersOnly_ShouldReturnNumericString" />
    </UnitTest>
    <UnitTest name="Nzr.ToolBox.Core.Tests.RandomUtilsTest.RandomString_WithoutAnyChar_ShouldThrowException" storage="c:\workspace\personal\nzr.toolbox\dotnet\nzr.toolbox.core.tests\bin\debug\netcoreapp2.2\nzr.toolbox.core.tests.dll" id="1f8d595f-ee42-36d5-5d96-e0c86c183647">
      <Execution id="b1dc07c2-0500-49f1-9b59-beaad32baeec" />
      <TestMethod codeBase="C:\workspace\personal\Nzr.ToolBox\dotnet\Nzr.ToolBox.Core.Tests\bin\Debug\netcoreapp2.2\Nzr.ToolBox.Core.Tests.dll" adapterTypeName="executor://xunit/VsTestRunner2/netcoreapp" className="Nzr.ToolBox.Core.Tests.RandomUtilsTest" name="Nzr.ToolBox.Core.Tests.RandomUtilsTest.RandomString_WithoutAnyChar_ShouldThrowException" />
    </UnitTest>
    <UnitTest name="Nzr.ToolBox.Core.Tests.BooleanUtilsTests.ToBool_WithPositiveString_ShouldReturnTrue(value: &quot;Yes&quot;)" storage="c:\workspace\personal\nzr.toolbox\dotnet\nzr.toolbox.core.tests\bin\debug\netcoreapp2.2\nzr.toolbox.core.tests.dll" id="4d537f97-5a8f-3fc0-24c7-b07e074344e7">
      <Execution id="c70e71b4-825e-4882-9b99-3c1532dc65ba" />
      <TestMethod codeBase="C:\workspace\personal\Nzr.ToolBox\dotnet\Nzr.ToolBox.Core.Tests\bin\Debug\netcoreapp2.2\Nzr.ToolBox.Core.Tests.dll" adapterTypeName="executor://xunit/VsTestRunner2/netcoreapp" className="Nzr.ToolBox.Core.Tests.BooleanUtilsTests" name="Nzr.ToolBox.Core.Tests.BooleanUtilsTests.ToBool_WithPositiveString_ShouldReturnTrue(value: &quot;Yes&quot;)" />
    </UnitTest>
    <UnitTest name="Nzr.ToolBox.Core.Tests.StringUtilsTest.ContainsAny_WithStringContainingOneOfSubstring_ShouldReturnTrue" storage="c:\workspace\personal\nzr.toolbox\dotnet\nzr.toolbox.core.tests\bin\debug\netcoreapp2.2\nzr.toolbox.core.tests.dll" id="aa3a386d-4e0e-5a63-1b9c-2e9bdb13caac">
      <Execution id="63fd6edb-3bfe-4093-8f36-350ed4fdd6a7" />
      <TestMethod codeBase="C:\workspace\personal\Nzr.ToolBox\dotnet\Nzr.ToolBox.Core.Tests\bin\Debug\netcoreapp2.2\Nzr.ToolBox.Core.Tests.dll" adapterTypeName="executor://xunit/VsTestRunner2/netcoreapp" className="Nzr.ToolBox.Core.Tests.StringUtilsTest" name="Nzr.ToolBox.Core.Tests.StringUtilsTest.ContainsAny_WithStringContainingOneOfSubstring_ShouldReturnTrue" />
    </UnitTest>
    <UnitTest name="Nzr.ToolBox.Core.Tests.CollectionUtilsTests.ForEach_WithEnumerable_ShouldExecuteFunction" storage="c:\workspace\personal\nzr.toolbox\dotnet\nzr.toolbox.core.tests\bin\debug\netcoreapp2.2\nzr.toolbox.core.tests.dll" id="363f802a-8301-cdba-d629-1b88c66660e3">
      <Execution id="1a1e9bdb-9b84-416c-a7e6-fa2ae858fe35" />
      <TestMethod codeBase="C:\workspace\personal\Nzr.ToolBox\dotnet\Nzr.ToolBox.Core.Tests\bin\Debug\netcoreapp2.2\Nzr.ToolBox.Core.Tests.dll" adapterTypeName="executor://xunit/VsTestRunner2/netcoreapp" className="Nzr.ToolBox.Core.Tests.CollectionUtilsTests" name="Nzr.ToolBox.Core.Tests.CollectionUtilsTests.ForEach_WithEnumerable_ShouldExecuteFunction" />
    </UnitTest>
    <UnitTest name="Nzr.ToolBox.Core.Tests.StringUtilsTest.IsNotNumber_WithAlhphanumeric_ShouldReturnTrue" storage="c:\workspace\personal\nzr.toolbox\dotnet\nzr.toolbox.core.tests\bin\debug\netcoreapp2.2\nzr.toolbox.core.tests.dll" id="4727a2e5-b0ef-54dd-d5b7-4bdc9cbfa65b">
      <Execution id="527f5566-f514-4081-8686-5d156f515e9e" />
      <TestMethod codeBase="C:\workspace\personal\Nzr.ToolBox\dotnet\Nzr.ToolBox.Core.Tests\bin\Debug\netcoreapp2.2\Nzr.ToolBox.Core.Tests.dll" adapterTypeName="executor://xunit/VsTestRunner2/netcoreapp" className="Nzr.ToolBox.Core.Tests.StringUtilsTest" name="Nzr.ToolBox.Core.Tests.StringUtilsTest.IsNotNumber_WithAlhphanumeric_ShouldReturnTrue" />
    </UnitTest>
    <UnitTest name="Nzr.ToolBox.Core.Tests.CollectionUtilsTests.ContainsAll_WithNullRefEnumerable_ShouldReturnTrue" storage="c:\workspace\personal\nzr.toolbox\dotnet\nzr.toolbox.core.tests\bin\debug\netcoreapp2.2\nzr.toolbox.core.tests.dll" id="98b1c38a-5944-2142-0122-daf0761a7b67">
      <Execution id="22430fa3-df8b-41d9-812b-52012daef238" />
      <TestMethod codeBase="C:\workspace\personal\Nzr.ToolBox\dotnet\Nzr.ToolBox.Core.Tests\bin\Debug\netcoreapp2.2\Nzr.ToolBox.Core.Tests.dll" adapterTypeName="executor://xunit/VsTestRunner2/netcoreapp" className="Nzr.ToolBox.Core.Tests.CollectionUtilsTests" name="Nzr.ToolBox.Core.Tests.CollectionUtilsTests.ContainsAll_WithNullRefEnumerable_ShouldReturnTrue" />
    </UnitTest>
    <UnitTest name="Nzr.ToolBox.Core.Tests.CollectionUtilsTests.Get_WithGenericEnumerableWithExistingIndex_ShouldReturnValue" storage="c:\workspace\personal\nzr.toolbox\dotnet\nzr.toolbox.core.tests\bin\debug\netcoreapp2.2\nzr.toolbox.core.tests.dll" id="7bbc11f3-00e0-acc2-4df2-e8e0d97bb209">
      <Execution id="e055c958-a803-4d0a-9c7c-07328675336c" />
      <TestMethod codeBase="C:\workspace\personal\Nzr.ToolBox\dotnet\Nzr.ToolBox.Core.Tests\bin\Debug\netcoreapp2.2\Nzr.ToolBox.Core.Tests.dll" adapterTypeName="executor://xunit/VsTestRunner2/netcoreapp" className="Nzr.ToolBox.Core.Tests.CollectionUtilsTests" name="Nzr.ToolBox.Core.Tests.CollectionUtilsTests.Get_WithGenericEnumerableWithExistingIndex_ShouldReturnValue" />
    </UnitTest>
    <UnitTest name="Nzr.ToolBox.Core.Tests.StringUtilsTest.GetFirstNonBlank_WithNonBlankString_ShouldReturnNonBlankString" storage="c:\workspace\personal\nzr.toolbox\dotnet\nzr.toolbox.core.tests\bin\debug\netcoreapp2.2\nzr.toolbox.core.tests.dll" id="85b4abf3-134f-3845-e5fb-2d701e34abae">
      <Execution id="8b113f5b-6718-4941-a249-143f16aaae3f" />
      <TestMethod codeBase="C:\workspace\personal\Nzr.ToolBox\dotnet\Nzr.ToolBox.Core.Tests\bin\Debug\netcoreapp2.2\Nzr.ToolBox.Core.Tests.dll" adapterTypeName="executor://xunit/VsTestRunner2/netcoreapp" className="Nzr.ToolBox.Core.Tests.StringUtilsTest" name="Nzr.ToolBox.Core.Tests.StringUtilsTest.GetFirstNonBlank_WithNonBlankString_ShouldReturnNonBlankString" />
    </UnitTest>
    <UnitTest name="Nzr.ToolBox.Core.Tests.StringUtilsTest.IsAnyBlank_WithNullOrEmptyStrings_ShouldReturnTrue" storage="c:\workspace\personal\nzr.toolbox\dotnet\nzr.toolbox.core.tests\bin\debug\netcoreapp2.2\nzr.toolbox.core.tests.dll" id="fcc50950-38b5-c695-4000-d6bf47ed8831">
      <Execution id="455b1a7d-f96a-4a26-bf33-c50030258fe0" />
      <TestMethod codeBase="C:\workspace\personal\Nzr.ToolBox\dotnet\Nzr.ToolBox.Core.Tests\bin\Debug\netcoreapp2.2\Nzr.ToolBox.Core.Tests.dll" adapterTypeName="executor://xunit/VsTestRunner2/netcoreapp" className="Nzr.ToolBox.Core.Tests.StringUtilsTest" name="Nzr.ToolBox.Core.Tests.StringUtilsTest.IsAnyBlank_WithNullOrEmptyStrings_ShouldReturnTrue" />
    </UnitTest>
    <UnitTest name="Nzr.ToolBox.Core.Tests.CollectionUtilsTests.Add_ShouldAddAllElements" storage="c:\workspace\personal\nzr.toolbox\dotnet\nzr.toolbox.core.tests\bin\debug\netcoreapp2.2\nzr.toolbox.core.tests.dll" id="a8873542-1747-c963-22ae-667f3818d7ed">
      <Execution id="e8fdf1b2-2e45-4994-8465-936392f0f2f9" />
      <TestMethod codeBase="C:\workspace\personal\Nzr.ToolBox\dotnet\Nzr.ToolBox.Core.Tests\bin\Debug\netcoreapp2.2\Nzr.ToolBox.Core.Tests.dll" adapterTypeName="executor://xunit/VsTestRunner2/netcoreapp" className="Nzr.ToolBox.Core.Tests.CollectionUtilsTests" name="Nzr.ToolBox.Core.Tests.CollectionUtilsTests.Add_ShouldAddAllElements" />
    </UnitTest>
    <UnitTest name="Nzr.ToolBox.Core.Tests.BooleanUtilsTests.ToBool_WithPositiveString_ShouldReturnTrue(value: &quot;Y&quot;)" storage="c:\workspace\personal\nzr.toolbox\dotnet\nzr.toolbox.core.tests\bin\debug\netcoreapp2.2\nzr.toolbox.core.tests.dll" id="098b15f3-4cbc-4c40-9ad2-8835c9d6e501">
      <Execution id="feb8246f-a835-47e1-bb8c-273bf524bc19" />
      <TestMethod codeBase="C:\workspace\personal\Nzr.ToolBox\dotnet\Nzr.ToolBox.Core.Tests\bin\Debug\netcoreapp2.2\Nzr.ToolBox.Core.Tests.dll" adapterTypeName="executor://xunit/VsTestRunner2/netcoreapp" className="Nzr.ToolBox.Core.Tests.BooleanUtilsTests" name="Nzr.ToolBox.Core.Tests.BooleanUtilsTests.ToBool_WithPositiveString_ShouldReturnTrue(value: &quot;Y&quot;)" />
    </UnitTest>
    <UnitTest name="Nzr.ToolBox.Core.Tests.CollectionUtilsTests.Add_WithListAsArgument_ShouldAddAllElements" storage="c:\workspace\personal\nzr.toolbox\dotnet\nzr.toolbox.core.tests\bin\debug\netcoreapp2.2\nzr.toolbox.core.tests.dll" id="0895ad80-dce9-06a7-5602-3c72da5f8da6">
      <Execution id="ea9b99f8-2e5d-47e2-be5d-1c93e8027dd0" />
      <TestMethod codeBase="C:\workspace\personal\Nzr.ToolBox\dotnet\Nzr.ToolBox.Core.Tests\bin\Debug\netcoreapp2.2\Nzr.ToolBox.Core.Tests.dll" adapterTypeName="executor://xunit/VsTestRunner2/netcoreapp" className="Nzr.ToolBox.Core.Tests.CollectionUtilsTests" name="Nzr.ToolBox.Core.Tests.CollectionUtilsTests.Add_WithListAsArgument_ShouldAddAllElements" />
    </UnitTest>
    <UnitTest name="Nzr.ToolBox.Core.Tests.CollectionUtilsTests.Add_WithNullCollectionSourceAndListAsArgument_ShouldNotAddAllElements" storage="c:\workspace\personal\nzr.toolbox\dotnet\nzr.toolbox.core.tests\bin\debug\netcoreapp2.2\nzr.toolbox.core.tests.dll" id="2e474251-5f54-ef3f-b13d-35076f43dc38">
      <Execution id="ee160139-5770-46b9-bae3-b664e7c5e45d" />
      <TestMethod codeBase="C:\workspace\personal\Nzr.ToolBox\dotnet\Nzr.ToolBox.Core.Tests\bin\Debug\netcoreapp2.2\Nzr.ToolBox.Core.Tests.dll" adapterTypeName="executor://xunit/VsTestRunner2/netcoreapp" className="Nzr.ToolBox.Core.Tests.CollectionUtilsTests" name="Nzr.ToolBox.Core.Tests.CollectionUtilsTests.Add_WithNullCollectionSourceAndListAsArgument_ShouldNotAddAllElements" />
    </UnitTest>
    <UnitTest name="Nzr.ToolBox.Core.Tests.StringUtilsTest.Capitalize_WithNull_ShouldReturnNull" storage="c:\workspace\personal\nzr.toolbox\dotnet\nzr.toolbox.core.tests\bin\debug\netcoreapp2.2\nzr.toolbox.core.tests.dll" id="f4fbfb1c-5ed6-31b9-32df-2fb927eec7fc">
      <Execution id="9ddfc4a9-f81e-474f-a40d-2a556fad8380" />
      <TestMethod codeBase="C:\workspace\personal\Nzr.ToolBox\dotnet\Nzr.ToolBox.Core.Tests\bin\Debug\netcoreapp2.2\Nzr.ToolBox.Core.Tests.dll" adapterTypeName="executor://xunit/VsTestRunner2/netcoreapp" className="Nzr.ToolBox.Core.Tests.StringUtilsTest" name="Nzr.ToolBox.Core.Tests.StringUtilsTest.Capitalize_WithNull_ShouldReturnNull" />
    </UnitTest>
    <UnitTest name="Nzr.ToolBox.Core.Tests.BooleanUtilsTests.IsTrue_WithTrueValue_ShouldReturnTrue" storage="c:\workspace\personal\nzr.toolbox\dotnet\nzr.toolbox.core.tests\bin\debug\netcoreapp2.2\nzr.toolbox.core.tests.dll" id="4a5c20cb-2c1d-4475-6cd5-7c6e3e33b758">
      <Execution id="098dc779-3937-473e-b6df-a596327896b0" />
      <TestMethod codeBase="C:\workspace\personal\Nzr.ToolBox\dotnet\Nzr.ToolBox.Core.Tests\bin\Debug\netcoreapp2.2\Nzr.ToolBox.Core.Tests.dll" adapterTypeName="executor://xunit/VsTestRunner2/netcoreapp" className="Nzr.ToolBox.Core.Tests.BooleanUtilsTests" name="Nzr.ToolBox.Core.Tests.BooleanUtilsTests.IsTrue_WithTrueValue_ShouldReturnTrue" />
    </UnitTest>
    <UnitTest name="Nzr.ToolBox.Core.Tests.ObjectUtilsTest.IfNull_WithNotNullValue_ShouldExecuteNotNullAction" storage="c:\workspace\personal\nzr.toolbox\dotnet\nzr.toolbox.core.tests\bin\debug\netcoreapp2.2\nzr.toolbox.core.tests.dll" id="349b454a-4a6b-82e1-71a0-9c64f08b3642">
      <Execution id="71aa549f-1bbb-46ba-b70c-49877e5f623e" />
      <TestMethod codeBase="C:\workspace\personal\Nzr.ToolBox\dotnet\Nzr.ToolBox.Core.Tests\bin\Debug\netcoreapp2.2\Nzr.ToolBox.Core.Tests.dll" adapterTypeName="executor://xunit/VsTestRunner2/netcoreapp" className="Nzr.ToolBox.Core.Tests.ObjectUtilsTest" name="Nzr.ToolBox.Core.Tests.ObjectUtilsTest.IfNull_WithNotNullValue_ShouldExecuteNotNullAction" />
    </UnitTest>
    <UnitTest name="Nzr.ToolBox.Core.Tests.ObjectUtilsTest.LastNonNull_WithAllNull_ShouldReturnNull" storage="c:\workspace\personal\nzr.toolbox\dotnet\nzr.toolbox.core.tests\bin\debug\netcoreapp2.2\nzr.toolbox.core.tests.dll" id="2deffabc-0f2a-cf1f-0473-12f60ef9456b">
      <Execution id="3dc474cf-b51b-479a-a289-c0c6ee8fe7be" />
      <TestMethod codeBase="C:\workspace\personal\Nzr.ToolBox\dotnet\Nzr.ToolBox.Core.Tests\bin\Debug\netcoreapp2.2\Nzr.ToolBox.Core.Tests.dll" adapterTypeName="executor://xunit/VsTestRunner2/netcoreapp" className="Nzr.ToolBox.Core.Tests.ObjectUtilsTest" name="Nzr.ToolBox.Core.Tests.ObjectUtilsTest.LastNonNull_WithAllNull_ShouldReturnNull" />
    </UnitTest>
    <UnitTest name="Nzr.ToolBox.Core.Tests.ObjectUtilsTest.IfNull_WithNullValue_ShouldExecuteNullAction" storage="c:\workspace\personal\nzr.toolbox\dotnet\nzr.toolbox.core.tests\bin\debug\netcoreapp2.2\nzr.toolbox.core.tests.dll" id="ef1d6b74-13c8-dcd2-26ac-7f5ae1d5273c">
      <Execution id="8bb4a7f0-1a9c-433f-acdd-fb2022fd79b6" />
      <TestMethod codeBase="C:\workspace\personal\Nzr.ToolBox\dotnet\Nzr.ToolBox.Core.Tests\bin\Debug\netcoreapp2.2\Nzr.ToolBox.Core.Tests.dll" adapterTypeName="executor://xunit/VsTestRunner2/netcoreapp" className="Nzr.ToolBox.Core.Tests.ObjectUtilsTest" name="Nzr.ToolBox.Core.Tests.ObjectUtilsTest.IfNull_WithNullValue_ShouldExecuteNullAction" />
    </UnitTest>
    <UnitTest name="Nzr.ToolBox.Core.Tests.CollectionUtilsTests.IndexOf_WithExistingItem_ShouldReturnIndex" storage="c:\workspace\personal\nzr.toolbox\dotnet\nzr.toolbox.core.tests\bin\debug\netcoreapp2.2\nzr.toolbox.core.tests.dll" id="82fbae66-d014-68f8-a29c-7a33350f0be4">
      <Execution id="1efe5485-aa18-4e40-ba86-b3cfc62ac998" />
      <TestMethod codeBase="C:\workspace\personal\Nzr.ToolBox\dotnet\Nzr.ToolBox.Core.Tests\bin\Debug\netcoreapp2.2\Nzr.ToolBox.Core.Tests.dll" adapterTypeName="executor://xunit/VsTestRunner2/netcoreapp" className="Nzr.ToolBox.Core.Tests.CollectionUtilsTests" name="Nzr.ToolBox.Core.Tests.CollectionUtilsTests.IndexOf_WithExistingItem_ShouldReturnIndex" />
    </UnitTest>
    <UnitTest name="Nzr.ToolBox.Core.Tests.RandomUtilsTest.RandomDecimal_ShouldReturnUniqueValues(iterations: 10000, seed: 1)" storage="c:\workspace\personal\nzr.toolbox\dotnet\nzr.toolbox.core.tests\bin\debug\netcoreapp2.2\nzr.toolbox.core.tests.dll" id="af6775fd-d269-907e-4174-20941ea53792">
      <Execution id="e6c54352-b7b6-43b5-9ff9-4ba1ad400912" />
      <TestMethod codeBase="C:\workspace\personal\Nzr.ToolBox\dotnet\Nzr.ToolBox.Core.Tests\bin\Debug\netcoreapp2.2\Nzr.ToolBox.Core.Tests.dll" adapterTypeName="executor://xunit/VsTestRunner2/netcoreapp" className="Nzr.ToolBox.Core.Tests.RandomUtilsTest" name="Nzr.ToolBox.Core.Tests.RandomUtilsTest.RandomDecimal_ShouldReturnUniqueValues(iterations: 10000, seed: 1)" />
    </UnitTest>
    <UnitTest name="Nzr.ToolBox.Core.Tests.CollectionUtilsTests.Contains_WithExistingItem_ShouldReturnTrue" storage="c:\workspace\personal\nzr.toolbox\dotnet\nzr.toolbox.core.tests\bin\debug\netcoreapp2.2\nzr.toolbox.core.tests.dll" id="09d5c966-f53d-e4e1-2d68-1fc4cd5c9934">
      <Execution id="f147360d-7d97-421f-ad7f-e6e7acb2990b" />
      <TestMethod codeBase="C:\workspace\personal\Nzr.ToolBox\dotnet\Nzr.ToolBox.Core.Tests\bin\Debug\netcoreapp2.2\Nzr.ToolBox.Core.Tests.dll" adapterTypeName="executor://xunit/VsTestRunner2/netcoreapp" className="Nzr.ToolBox.Core.Tests.CollectionUtilsTests" name="Nzr.ToolBox.Core.Tests.CollectionUtilsTests.Contains_WithExistingItem_ShouldReturnTrue" />
    </UnitTest>
    <UnitTest name="Nzr.ToolBox.Core.Tests.CollectionUtilsTests.ContainsAll_WithEnumerableAndSameElements_ShouldReturnTrue" storage="c:\workspace\personal\nzr.toolbox\dotnet\nzr.toolbox.core.tests\bin\debug\netcoreapp2.2\nzr.toolbox.core.tests.dll" id="4e7127f8-744d-1e07-a920-a821e9fe9f93">
      <Execution id="cc64d9d6-da38-49dd-be77-9fc6a7892e1a" />
      <TestMethod codeBase="C:\workspace\personal\Nzr.ToolBox\dotnet\Nzr.ToolBox.Core.Tests\bin\Debug\netcoreapp2.2\Nzr.ToolBox.Core.Tests.dll" adapterTypeName="executor://xunit/VsTestRunner2/netcoreapp" className="Nzr.ToolBox.Core.Tests.CollectionUtilsTests" name="Nzr.ToolBox.Core.Tests.CollectionUtilsTests.ContainsAll_WithEnumerableAndSameElements_ShouldReturnTrue" />
    </UnitTest>
    <UnitTest name="Nzr.ToolBox.Core.Tests.StringUtilsTest.Format_WithFormatString_ShouldReturnFormatedString" storage="c:\workspace\personal\nzr.toolbox\dotnet\nzr.toolbox.core.tests\bin\debug\netcoreapp2.2\nzr.toolbox.core.tests.dll" id="9847e038-8e7e-bbcd-0cca-216082d13779">
      <Execution id="609e9b2f-a57e-4680-b558-91000d3cbaf1" />
      <TestMethod codeBase="C:\workspace\personal\Nzr.ToolBox\dotnet\Nzr.ToolBox.Core.Tests\bin\Debug\netcoreapp2.2\Nzr.ToolBox.Core.Tests.dll" adapterTypeName="executor://xunit/VsTestRunner2/netcoreapp" className="Nzr.ToolBox.Core.Tests.StringUtilsTest" name="Nzr.ToolBox.Core.Tests.StringUtilsTest.Format_WithFormatString_ShouldReturnFormatedString" />
    </UnitTest>
    <UnitTest name="Nzr.ToolBox.Core.Tests.BooleanUtilsTests.IsAnyTrue_WithOneTrueValue_ShouldReturnTrue" storage="c:\workspace\personal\nzr.toolbox\dotnet\nzr.toolbox.core.tests\bin\debug\netcoreapp2.2\nzr.toolbox.core.tests.dll" id="c503249d-5537-fc1c-c402-620be402a09c">
      <Execution id="f7588340-3cbc-470d-8a79-909fe072e156" />
      <TestMethod codeBase="C:\workspace\personal\Nzr.ToolBox\dotnet\Nzr.ToolBox.Core.Tests\bin\Debug\netcoreapp2.2\Nzr.ToolBox.Core.Tests.dll" adapterTypeName="executor://xunit/VsTestRunner2/netcoreapp" className="Nzr.ToolBox.Core.Tests.BooleanUtilsTests" name="Nzr.ToolBox.Core.Tests.BooleanUtilsTests.IsAnyTrue_WithOneTrueValue_ShouldReturnTrue" />
    </UnitTest>
    <UnitTest name="Nzr.ToolBox.Core.Tests.BooleanUtilsTests.ToBool_WithPositiveNonZero_ShouldReturnTrue(b: 2, s: 3, i: 4, l: 5, f: 6, d: 7, m: 8)" storage="c:\workspace\personal\nzr.toolbox\dotnet\nzr.toolbox.core.tests\bin\debug\netcoreapp2.2\nzr.toolbox.core.tests.dll" id="c5f701a1-fcd5-1f87-4fee-cd5b137b31a8">
      <Execution id="e37d0350-429e-4941-a07f-c6f9b68fe8b2" />
      <TestMethod codeBase="C:\workspace\personal\Nzr.ToolBox\dotnet\Nzr.ToolBox.Core.Tests\bin\Debug\netcoreapp2.2\Nzr.ToolBox.Core.Tests.dll" adapterTypeName="executor://xunit/VsTestRunner2/netcoreapp" className="Nzr.ToolBox.Core.Tests.BooleanUtilsTests" name="Nzr.ToolBox.Core.Tests.BooleanUtilsTests.ToBool_WithPositiveNonZero_ShouldReturnTrue(b: 2, s: 3, i: 4, l: 5, f: 6, d: 7, m: 8)" />
    </UnitTest>
    <UnitTest name="Nzr.ToolBox.Core.Tests.ObjectUtilsTest.IfNotNull_WithNullValue_ShouldExecuteNullAction" storage="c:\workspace\personal\nzr.toolbox\dotnet\nzr.toolbox.core.tests\bin\debug\netcoreapp2.2\nzr.toolbox.core.tests.dll" id="60b85a90-aaf8-7e93-2f6c-9526d81382d3">
      <Execution id="67414b39-a639-4caa-912d-a484c52e85d5" />
      <TestMethod codeBase="C:\workspace\personal\Nzr.ToolBox\dotnet\Nzr.ToolBox.Core.Tests\bin\Debug\netcoreapp2.2\Nzr.ToolBox.Core.Tests.dll" adapterTypeName="executor://xunit/VsTestRunner2/netcoreapp" className="Nzr.ToolBox.Core.Tests.ObjectUtilsTest" name="Nzr.ToolBox.Core.Tests.ObjectUtilsTest.IfNotNull_WithNullValue_ShouldExecuteNullAction" />
    </UnitTest>
    <UnitTest name="Nzr.ToolBox.Core.Tests.CollectionUtilsTests.EmptyIfNull_WithNonNullGenericEnumerable_ShouldTheEnumerable" storage="c:\workspace\personal\nzr.toolbox\dotnet\nzr.toolbox.core.tests\bin\debug\netcoreapp2.2\nzr.toolbox.core.tests.dll" id="3b3f03b2-7036-9975-1ea0-fbee6b6a40d0">
      <Execution id="4ba40405-243c-4243-8d9a-8df857106538" />
      <TestMethod codeBase="C:\workspace\personal\Nzr.ToolBox\dotnet\Nzr.ToolBox.Core.Tests\bin\Debug\netcoreapp2.2\Nzr.ToolBox.Core.Tests.dll" adapterTypeName="executor://xunit/VsTestRunner2/netcoreapp" className="Nzr.ToolBox.Core.Tests.CollectionUtilsTests" name="Nzr.ToolBox.Core.Tests.CollectionUtilsTests.EmptyIfNull_WithNonNullGenericEnumerable_ShouldTheEnumerable" />
    </UnitTest>
    <UnitTest name="Nzr.ToolBox.Core.Tests.StringUtilsTest.RemoveEnd_WithExistingStrings_ShouldReturnCleanedString" storage="c:\workspace\personal\nzr.toolbox\dotnet\nzr.toolbox.core.tests\bin\debug\netcoreapp2.2\nzr.toolbox.core.tests.dll" id="625b6eef-9fde-b5ef-1db7-16257d35bad4">
      <Execution id="8577d648-3ebe-4feb-b025-8aeb36a37bd2" />
      <TestMethod codeBase="C:\workspace\personal\Nzr.ToolBox\dotnet\Nzr.ToolBox.Core.Tests\bin\Debug\netcoreapp2.2\Nzr.ToolBox.Core.Tests.dll" adapterTypeName="executor://xunit/VsTestRunner2/netcoreapp" className="Nzr.ToolBox.Core.Tests.StringUtilsTest" name="Nzr.ToolBox.Core.Tests.StringUtilsTest.RemoveEnd_WithExistingStrings_ShouldReturnCleanedString" />
    </UnitTest>
    <UnitTest name="Nzr.ToolBox.Core.Tests.StringUtilsTest.ContainsAny_WithOrdinalIgnoreCaseNullString_ShouldReturnFalse" storage="c:\workspace\personal\nzr.toolbox\dotnet\nzr.toolbox.core.tests\bin\debug\netcoreapp2.2\nzr.toolbox.core.tests.dll" id="9fb46542-0618-28a9-23e6-da1922161605">
      <Execution id="7292e672-7ecb-4589-959a-1905ea74de53" />
      <TestMethod codeBase="C:\workspace\personal\Nzr.ToolBox\dotnet\Nzr.ToolBox.Core.Tests\bin\Debug\netcoreapp2.2\Nzr.ToolBox.Core.Tests.dll" adapterTypeName="executor://xunit/VsTestRunner2/netcoreapp" className="Nzr.ToolBox.Core.Tests.StringUtilsTest" name="Nzr.ToolBox.Core.Tests.StringUtilsTest.ContainsAny_WithOrdinalIgnoreCaseNullString_ShouldReturnFalse" />
    </UnitTest>
    <UnitTest name="Nzr.ToolBox.Core.Tests.CollectionUtilsTests.GetKey_WithNullValueForKvpAndInput_ShouldReturnKey" storage="c:\workspace\personal\nzr.toolbox\dotnet\nzr.toolbox.core.tests\bin\debug\netcoreapp2.2\nzr.toolbox.core.tests.dll" id="2084ff50-0c57-008d-1c5e-051f3c6d2a19">
      <Execution id="f0f9bfc9-5ea8-4759-ad31-0a417d769ebc" />
      <TestMethod codeBase="C:\workspace\personal\Nzr.ToolBox\dotnet\Nzr.ToolBox.Core.Tests\bin\Debug\netcoreapp2.2\Nzr.ToolBox.Core.Tests.dll" adapterTypeName="executor://xunit/VsTestRunner2/netcoreapp" className="Nzr.ToolBox.Core.Tests.CollectionUtilsTests" name="Nzr.ToolBox.Core.Tests.CollectionUtilsTests.GetKey_WithNullValueForKvpAndInput_ShouldReturnKey" />
    </UnitTest>
    <UnitTest name="Nzr.ToolBox.Core.Tests.StringUtilsTest.RemoveDiacritics_WithString_ShouldReturnStringWihtouDiacritics" storage="c:\workspace\personal\nzr.toolbox\dotnet\nzr.toolbox.core.tests\bin\debug\netcoreapp2.2\nzr.toolbox.core.tests.dll" id="8668c16e-2e8c-3717-0d40-dca4b94235b7">
      <Execution id="eb0cc00e-cd66-4c52-84b5-7be7f80d07db" />
      <TestMethod codeBase="C:\workspace\personal\Nzr.ToolBox\dotnet\Nzr.ToolBox.Core.Tests\bin\Debug\netcoreapp2.2\Nzr.ToolBox.Core.Tests.dll" adapterTypeName="executor://xunit/VsTestRunner2/netcoreapp" className="Nzr.ToolBox.Core.Tests.StringUtilsTest" name="Nzr.ToolBox.Core.Tests.StringUtilsTest.RemoveDiacritics_WithString_ShouldReturnStringWihtouDiacritics" />
    </UnitTest>
    <UnitTest name="Nzr.ToolBox.Core.Tests.BooleanUtilsTests.IsTrue_WithNullOrFalseValue_ShouldReturnFalse(value: False)" storage="c:\workspace\personal\nzr.toolbox\dotnet\nzr.toolbox.core.tests\bin\debug\netcoreapp2.2\nzr.toolbox.core.tests.dll" id="cdc95a43-d3d9-ea09-2bf0-c5d1cc0a2f68">
      <Execution id="d308e960-a8a6-4ba2-84da-912642b5c152" />
      <TestMethod codeBase="C:\workspace\personal\Nzr.ToolBox\dotnet\Nzr.ToolBox.Core.Tests\bin\Debug\netcoreapp2.2\Nzr.ToolBox.Core.Tests.dll" adapterTypeName="executor://xunit/VsTestRunner2/netcoreapp" className="Nzr.ToolBox.Core.Tests.BooleanUtilsTests" name="Nzr.ToolBox.Core.Tests.BooleanUtilsTests.IsTrue_WithNullOrFalseValue_ShouldReturnFalse(value: False)" />
    </UnitTest>
    <UnitTest name="Nzr.ToolBox.Core.Tests.CollectionUtilsTests.IsNotEmpty_WithNull_ShouldReturnFalse" storage="c:\workspace\personal\nzr.toolbox\dotnet\nzr.toolbox.core.tests\bin\debug\netcoreapp2.2\nzr.toolbox.core.tests.dll" id="c86af186-3a97-3d11-9fd7-06dc90451dd3">
      <Execution id="deac405c-0779-414b-92ba-ce4464b1bb6c" />
      <TestMethod codeBase="C:\workspace\personal\Nzr.ToolBox\dotnet\Nzr.ToolBox.Core.Tests\bin\Debug\netcoreapp2.2\Nzr.ToolBox.Core.Tests.dll" adapterTypeName="executor://xunit/VsTestRunner2/netcoreapp" className="Nzr.ToolBox.Core.Tests.CollectionUtilsTests" name="Nzr.ToolBox.Core.Tests.CollectionUtilsTests.IsNotEmpty_WithNull_ShouldReturnFalse" />
    </UnitTest>
    <UnitTest name="Nzr.ToolBox.Core.Tests.ReflectionUtilsTest.GetValue_WithPropertyPathToList_ShouldThrowException" storage="c:\workspace\personal\nzr.toolbox\dotnet\nzr.toolbox.core.tests\bin\debug\netcoreapp2.2\nzr.toolbox.core.tests.dll" id="6bf46c1e-b943-b7c7-5a0c-85c17aef903c">
      <Execution id="9565a6c1-5be2-4cfb-b940-00ec7004a596" />
      <TestMethod codeBase="C:\workspace\personal\Nzr.ToolBox\dotnet\Nzr.ToolBox.Core.Tests\bin\Debug\netcoreapp2.2\Nzr.ToolBox.Core.Tests.dll" adapterTypeName="executor://xunit/VsTestRunner2/netcoreapp" className="Nzr.ToolBox.Core.Tests.ReflectionUtilsTest" name="Nzr.ToolBox.Core.Tests.ReflectionUtilsTest.GetValue_WithPropertyPathToList_ShouldThrowException" />
    </UnitTest>
    <UnitTest name="Nzr.ToolBox.Core.Tests.NumberUtilsTest.PadLeft_WithNumersOFLowerLength_ShouldAppendChars" storage="c:\workspace\personal\nzr.toolbox\dotnet\nzr.toolbox.core.tests\bin\debug\netcoreapp2.2\nzr.toolbox.core.tests.dll" id="a4e247c1-e033-133c-2021-0a91453ae408">
      <Execution id="6ebb8d6d-f3e2-4b3f-a5bc-55fd610d1c89" />
      <TestMethod codeBase="C:\workspace\personal\Nzr.ToolBox\dotnet\Nzr.ToolBox.Core.Tests\bin\Debug\netcoreapp2.2\Nzr.ToolBox.Core.Tests.dll" adapterTypeName="executor://xunit/VsTestRunner2/netcoreapp" className="Nzr.ToolBox.Core.Tests.NumberUtilsTest" name="Nzr.ToolBox.Core.Tests.NumberUtilsTest.PadLeft_WithNumersOFLowerLength_ShouldAppendChars" />
    </UnitTest>
    <UnitTest name="Nzr.ToolBox.Core.Tests.ObjectUtilsTest.LastNonNull_WithAnyNonNull_ShouldReturnLastNonNull" storage="c:\workspace\personal\nzr.toolbox\dotnet\nzr.toolbox.core.tests\bin\debug\netcoreapp2.2\nzr.toolbox.core.tests.dll" id="164b891a-cd2a-f888-7f37-eb0e28476c0f">
      <Execution id="0668fc10-c1c0-4288-b5fa-1a4fa565d753" />
      <TestMethod codeBase="C:\workspace\personal\Nzr.ToolBox\dotnet\Nzr.ToolBox.Core.Tests\bin\Debug\netcoreapp2.2\Nzr.ToolBox.Core.Tests.dll" adapterTypeName="executor://xunit/VsTestRunner2/netcoreapp" className="Nzr.ToolBox.Core.Tests.ObjectUtilsTest" name="Nzr.ToolBox.Core.Tests.ObjectUtilsTest.LastNonNull_WithAnyNonNull_ShouldReturnLastNonNull" />
    </UnitTest>
    <UnitTest name="Nzr.ToolBox.Core.Tests.StringUtilsTest.ContainsAll_WithNullStringContainigAllNullSubstrings_ShouldReturnTrue" storage="c:\workspace\personal\nzr.toolbox\dotnet\nzr.toolbox.core.tests\bin\debug\netcoreapp2.2\nzr.toolbox.core.tests.dll" id="b5c65171-5bde-d993-6882-e95aac21805c">
      <Execution id="7bb15d82-b178-450e-bacc-7fd69783f44b" />
      <TestMethod codeBase="C:\workspace\personal\Nzr.ToolBox\dotnet\Nzr.ToolBox.Core.Tests\bin\Debug\netcoreapp2.2\Nzr.ToolBox.Core.Tests.dll" adapterTypeName="executor://xunit/VsTestRunner2/netcoreapp" className="Nzr.ToolBox.Core.Tests.StringUtilsTest" name="Nzr.ToolBox.Core.Tests.StringUtilsTest.ContainsAll_WithNullStringContainigAllNullSubstrings_ShouldReturnTrue" />
    </UnitTest>
    <UnitTest name="Nzr.ToolBox.Core.Tests.CollectionUtilsTests.ContainsAny_WithEnumerableAndDiffSize_ShouldReturnFalse" storage="c:\workspace\personal\nzr.toolbox\dotnet\nzr.toolbox.core.tests\bin\debug\netcoreapp2.2\nzr.toolbox.core.tests.dll" id="6f76a51f-b8cd-e6f5-cb70-61af9779673e">
      <Execution id="46d081c5-3cc8-4883-94ee-8f2ef1d3b0be" />
      <TestMethod codeBase="C:\workspace\personal\Nzr.ToolBox\dotnet\Nzr.ToolBox.Core.Tests\bin\Debug\netcoreapp2.2\Nzr.ToolBox.Core.Tests.dll" adapterTypeName="executor://xunit/VsTestRunner2/netcoreapp" className="Nzr.ToolBox.Core.Tests.CollectionUtilsTests" name="Nzr.ToolBox.Core.Tests.CollectionUtilsTests.ContainsAny_WithEnumerableAndDiffSize_ShouldReturnFalse" />
    </UnitTest>
    <UnitTest name="Nzr.ToolBox.Core.Tests.StringUtilsTest.DefaultIfBlank_WithNullString_ShouldReturnDefault" storage="c:\workspace\personal\nzr.toolbox\dotnet\nzr.toolbox.core.tests\bin\debug\netcoreapp2.2\nzr.toolbox.core.tests.dll" id="b389fce4-9131-dbd6-6cb1-9add0a76b08c">
      <Execution id="d6bbb91f-fc40-43d5-9172-aedd58757c53" />
      <TestMethod codeBase="C:\workspace\personal\Nzr.ToolBox\dotnet\Nzr.ToolBox.Core.Tests\bin\Debug\netcoreapp2.2\Nzr.ToolBox.Core.Tests.dll" adapterTypeName="executor://xunit/VsTestRunner2/netcoreapp" className="Nzr.ToolBox.Core.Tests.StringUtilsTest" name="Nzr.ToolBox.Core.Tests.StringUtilsTest.DefaultIfBlank_WithNullString_ShouldReturnDefault" />
    </UnitTest>
    <UnitTest name="Nzr.ToolBox.Core.Tests.StringUtilsTest.DefaultIfEmpty_WithNullString_ShouldReturnDefault" storage="c:\workspace\personal\nzr.toolbox\dotnet\nzr.toolbox.core.tests\bin\debug\netcoreapp2.2\nzr.toolbox.core.tests.dll" id="e4ef8062-0dbe-6974-71e4-0c8dfc386479">
      <Execution id="423ffc4e-1aa9-4a1a-992d-1c93c11ffe68" />
      <TestMethod codeBase="C:\workspace\personal\Nzr.ToolBox\dotnet\Nzr.ToolBox.Core.Tests\bin\Debug\netcoreapp2.2\Nzr.ToolBox.Core.Tests.dll" adapterTypeName="executor://xunit/VsTestRunner2/netcoreapp" className="Nzr.ToolBox.Core.Tests.StringUtilsTest" name="Nzr.ToolBox.Core.Tests.StringUtilsTest.DefaultIfEmpty_WithNullString_ShouldReturnDefault" />
    </UnitTest>
    <UnitTest name="Nzr.ToolBox.Core.Tests.StringUtilsTest.Repeat_WithNonNull_ShouldReturnValuesTimesGiven" storage="c:\workspace\personal\nzr.toolbox\dotnet\nzr.toolbox.core.tests\bin\debug\netcoreapp2.2\nzr.toolbox.core.tests.dll" id="8cfb34fe-4adc-92b2-4e95-dd104149bccb">
      <Execution id="a8a38e76-99c7-4479-97db-f09851ec6cdb" />
      <TestMethod codeBase="C:\workspace\personal\Nzr.ToolBox\dotnet\Nzr.ToolBox.Core.Tests\bin\Debug\netcoreapp2.2\Nzr.ToolBox.Core.Tests.dll" adapterTypeName="executor://xunit/VsTestRunner2/netcoreapp" className="Nzr.ToolBox.Core.Tests.StringUtilsTest" name="Nzr.ToolBox.Core.Tests.StringUtilsTest.Repeat_WithNonNull_ShouldReturnValuesTimesGiven" />
    </UnitTest>
    <UnitTest name="Nzr.ToolBox.Core.Tests.StringUtilsTest.Remove_WithNullString_ShouldReturnNull" storage="c:\workspace\personal\nzr.toolbox\dotnet\nzr.toolbox.core.tests\bin\debug\netcoreapp2.2\nzr.toolbox.core.tests.dll" id="dac9dc92-a823-6cea-bf4c-1b3253c3dca3">
      <Execution id="f1387033-ec58-450c-ba0e-e8d58e942cfe" />
      <TestMethod codeBase="C:\workspace\personal\Nzr.ToolBox\dotnet\Nzr.ToolBox.Core.Tests\bin\Debug\netcoreapp2.2\Nzr.ToolBox.Core.Tests.dll" adapterTypeName="executor://xunit/VsTestRunner2/netcoreapp" className="Nzr.ToolBox.Core.Tests.StringUtilsTest" name="Nzr.ToolBox.Core.Tests.StringUtilsTest.Remove_WithNullString_ShouldReturnNull" />
    </UnitTest>
    <UnitTest name="Nzr.ToolBox.Core.Tests.BooleanUtilsTests.ToBool_WithPositiveString_ShouldReturnTrue(value: &quot;Sim&quot;)" storage="c:\workspace\personal\nzr.toolbox\dotnet\nzr.toolbox.core.tests\bin\debug\netcoreapp2.2\nzr.toolbox.core.tests.dll" id="7f60703b-ccac-d67a-af2c-d0f5218965ff">
      <Execution id="bc6154ce-ff0d-4363-98ee-7f58bf5263f3" />
      <TestMethod codeBase="C:\workspace\personal\Nzr.ToolBox\dotnet\Nzr.ToolBox.Core.Tests\bin\Debug\netcoreapp2.2\Nzr.ToolBox.Core.Tests.dll" adapterTypeName="executor://xunit/VsTestRunner2/netcoreapp" className="Nzr.ToolBox.Core.Tests.BooleanUtilsTests" name="Nzr.ToolBox.Core.Tests.BooleanUtilsTests.ToBool_WithPositiveString_ShouldReturnTrue(value: &quot;Sim&quot;)" />
    </UnitTest>
    <UnitTest name="Nzr.ToolBox.Core.Tests.BooleanUtilsTests.IsAllFalse_WithOneTrueValue_ShouldReturnFalse" storage="c:\workspace\personal\nzr.toolbox\dotnet\nzr.toolbox.core.tests\bin\debug\netcoreapp2.2\nzr.toolbox.core.tests.dll" id="f69da90d-10ac-e902-c8cf-752cc6502d57">
      <Execution id="63db0f9a-8554-496c-b8c7-f41ee43ab7f2" />
      <TestMethod codeBase="C:\workspace\personal\Nzr.ToolBox\dotnet\Nzr.ToolBox.Core.Tests\bin\Debug\netcoreapp2.2\Nzr.ToolBox.Core.Tests.dll" adapterTypeName="executor://xunit/VsTestRunner2/netcoreapp" className="Nzr.ToolBox.Core.Tests.BooleanUtilsTests" name="Nzr.ToolBox.Core.Tests.BooleanUtilsTests.IsAllFalse_WithOneTrueValue_ShouldReturnFalse" />
    </UnitTest>
    <UnitTest name="Nzr.ToolBox.Core.Tests.StringUtilsTest.IsNotBlank_WithEmptyString_ShouldReturnFalse" storage="c:\workspace\personal\nzr.toolbox\dotnet\nzr.toolbox.core.tests\bin\debug\netcoreapp2.2\nzr.toolbox.core.tests.dll" id="b292ce2e-5824-fb2a-2909-216dafdf7687">
      <Execution id="88d9c937-da45-4b24-8e65-1c1d7d6e4aa3" />
      <TestMethod codeBase="C:\workspace\personal\Nzr.ToolBox\dotnet\Nzr.ToolBox.Core.Tests\bin\Debug\netcoreapp2.2\Nzr.ToolBox.Core.Tests.dll" adapterTypeName="executor://xunit/VsTestRunner2/netcoreapp" className="Nzr.ToolBox.Core.Tests.StringUtilsTest" name="Nzr.ToolBox.Core.Tests.StringUtilsTest.IsNotBlank_WithEmptyString_ShouldReturnFalse" />
    </UnitTest>
    <UnitTest name="Nzr.ToolBox.Core.Tests.ObjectUtilsTest.IfNotNull_WithNonNullValue_ShouldNotThrowException" storage="c:\workspace\personal\nzr.toolbox\dotnet\nzr.toolbox.core.tests\bin\debug\netcoreapp2.2\nzr.toolbox.core.tests.dll" id="a9c9a902-559f-8aa4-faab-16816a4be232">
      <Execution id="9d760da5-77f0-4c10-aad6-8cf7adb6b887" />
      <TestMethod codeBase="C:\workspace\personal\Nzr.ToolBox\dotnet\Nzr.ToolBox.Core.Tests\bin\Debug\netcoreapp2.2\Nzr.ToolBox.Core.Tests.dll" adapterTypeName="executor://xunit/VsTestRunner2/netcoreapp" className="Nzr.ToolBox.Core.Tests.ObjectUtilsTest" name="Nzr.ToolBox.Core.Tests.ObjectUtilsTest.IfNotNull_WithNonNullValue_ShouldNotThrowException" />
    </UnitTest>
    <UnitTest name="Nzr.ToolBox.Core.Tests.CollectionUtilsTests.ContainsAny_WithNullSourceEnumerable_ShouldReturnFalse" storage="c:\workspace\personal\nzr.toolbox\dotnet\nzr.toolbox.core.tests\bin\debug\netcoreapp2.2\nzr.toolbox.core.tests.dll" id="ef6ada67-330a-0b9a-effa-9092d4393f41">
      <Execution id="3254d4f4-f29c-459f-8e38-6162197c5e62" />
      <TestMethod codeBase="C:\workspace\personal\Nzr.ToolBox\dotnet\Nzr.ToolBox.Core.Tests\bin\Debug\netcoreapp2.2\Nzr.ToolBox.Core.Tests.dll" adapterTypeName="executor://xunit/VsTestRunner2/netcoreapp" className="Nzr.ToolBox.Core.Tests.CollectionUtilsTests" name="Nzr.ToolBox.Core.Tests.CollectionUtilsTests.ContainsAny_WithNullSourceEnumerable_ShouldReturnFalse" />
    </UnitTest>
    <UnitTest name="Nzr.ToolBox.Core.Tests.BooleanUtilsTests.Describe_WihFalseValueAndWitCustomFalseString_ShouldReturnCustomString" storage="c:\workspace\personal\nzr.toolbox\dotnet\nzr.toolbox.core.tests\bin\debug\netcoreapp2.2\nzr.toolbox.core.tests.dll" id="ffdd3661-fbf5-5fd8-8d4d-955844eb2b7f">
      <Execution id="3f9aa613-8f47-4872-bd39-9789e8fae165" />
      <TestMethod codeBase="C:\workspace\personal\Nzr.ToolBox\dotnet\Nzr.ToolBox.Core.Tests\bin\Debug\netcoreapp2.2\Nzr.ToolBox.Core.Tests.dll" adapterTypeName="executor://xunit/VsTestRunner2/netcoreapp" className="Nzr.ToolBox.Core.Tests.BooleanUtilsTests" name="Nzr.ToolBox.Core.Tests.BooleanUtilsTests.Describe_WihFalseValueAndWitCustomFalseString_ShouldReturnCustomString" />
    </UnitTest>
    <UnitTest name="Nzr.ToolBox.Core.Tests.StringUtilsTest.GetFirstNonEmpty_WithNonEmptyString_ShouldReturnNonEmptyString" storage="c:\workspace\personal\nzr.toolbox\dotnet\nzr.toolbox.core.tests\bin\debug\netcoreapp2.2\nzr.toolbox.core.tests.dll" id="e397fe5c-dda2-b97d-97d4-6dd12c3d68a3">
      <Execution id="db5f8549-14ca-424a-82ef-3410d141b963" />
      <TestMethod codeBase="C:\workspace\personal\Nzr.ToolBox\dotnet\Nzr.ToolBox.Core.Tests\bin\Debug\netcoreapp2.2\Nzr.ToolBox.Core.Tests.dll" adapterTypeName="executor://xunit/VsTestRunner2/netcoreapp" className="Nzr.ToolBox.Core.Tests.StringUtilsTest" name="Nzr.ToolBox.Core.Tests.StringUtilsTest.GetFirstNonEmpty_WithNonEmptyString_ShouldReturnNonEmptyString" />
    </UnitTest>
    <UnitTest name="Nzr.ToolBox.Core.Tests.StringUtilsTest.IsNotEmpty_WithEmptyString_ShouldReturnFalse" storage="c:\workspace\personal\nzr.toolbox\dotnet\nzr.toolbox.core.tests\bin\debug\netcoreapp2.2\nzr.toolbox.core.tests.dll" id="0d7388ec-535d-bdbd-7333-2708e1a2ca4e">
      <Execution id="89f66f23-32c6-4fa4-9c0f-5dc6d6309bf7" />
      <TestMethod codeBase="C:\workspace\personal\Nzr.ToolBox\dotnet\Nzr.ToolBox.Core.Tests\bin\Debug\netcoreapp2.2\Nzr.ToolBox.Core.Tests.dll" adapterTypeName="executor://xunit/VsTestRunner2/netcoreapp" className="Nzr.ToolBox.Core.Tests.StringUtilsTest" name="Nzr.ToolBox.Core.Tests.StringUtilsTest.IsNotEmpty_WithEmptyString_ShouldReturnFalse" />
    </UnitTest>
    <UnitTest name="Nzr.ToolBox.Core.Tests.RandomUtilsTest.RandomBoolean_ShouldReturnUniqueValues(iterations: 10000, seed: 1)" storage="c:\workspace\personal\nzr.toolbox\dotnet\nzr.toolbox.core.tests\bin\debug\netcoreapp2.2\nzr.toolbox.core.tests.dll" id="16b669e8-8590-1a4a-5e26-b385242802e4">
      <Execution id="dd79f632-76c4-4a52-b9aa-94cad2322419" />
      <TestMethod codeBase="C:\workspace\personal\Nzr.ToolBox\dotnet\Nzr.ToolBox.Core.Tests\bin\Debug\netcoreapp2.2\Nzr.ToolBox.Core.Tests.dll" adapterTypeName="executor://xunit/VsTestRunner2/netcoreapp" className="Nzr.ToolBox.Core.Tests.RandomUtilsTest" name="Nzr.ToolBox.Core.Tests.RandomUtilsTest.RandomBoolean_ShouldReturnUniqueValues(iterations: 10000, seed: 1)" />
    </UnitTest>
    <UnitTest name="Nzr.ToolBox.Core.Tests.NumberUtilsTest.PadLeft_WithNumersOfSameSize_ShouldNotAppendChars" storage="c:\workspace\personal\nzr.toolbox\dotnet\nzr.toolbox.core.tests\bin\debug\netcoreapp2.2\nzr.toolbox.core.tests.dll" id="35a949bc-25b1-b507-0940-c12b7933499b">
      <Execution id="a9c154ba-8b1f-4f26-9136-b45cda136f53" />
      <TestMethod codeBase="C:\workspace\personal\Nzr.ToolBox\dotnet\Nzr.ToolBox.Core.Tests\bin\Debug\netcoreapp2.2\Nzr.ToolBox.Core.Tests.dll" adapterTypeName="executor://xunit/VsTestRunner2/netcoreapp" className="Nzr.ToolBox.Core.Tests.NumberUtilsTest" name="Nzr.ToolBox.Core.Tests.NumberUtilsTest.PadLeft_WithNumersOfSameSize_ShouldNotAppendChars" />
    </UnitTest>
    <UnitTest name="Nzr.ToolBox.Core.Tests.ObjectUtilsTest.RequireNonNull_WithNonNull_ShouldNotThrowExcetpion" storage="c:\workspace\personal\nzr.toolbox\dotnet\nzr.toolbox.core.tests\bin\debug\netcoreapp2.2\nzr.toolbox.core.tests.dll" id="e8ec249d-dc87-2471-df22-5e2bd5f5cfd6">
      <Execution id="38428ec3-d76c-4c49-92ad-51be3b5201d0" />
      <TestMethod codeBase="C:\workspace\personal\Nzr.ToolBox\dotnet\Nzr.ToolBox.Core.Tests\bin\Debug\netcoreapp2.2\Nzr.ToolBox.Core.Tests.dll" adapterTypeName="executor://xunit/VsTestRunner2/netcoreapp" className="Nzr.ToolBox.Core.Tests.ObjectUtilsTest" name="Nzr.ToolBox.Core.Tests.ObjectUtilsTest.RequireNonNull_WithNonNull_ShouldNotThrowExcetpion" />
    </UnitTest>
    <UnitTest name="Nzr.ToolBox.Core.Tests.StringUtilsTest.DescribeIfNone_WithRegularString_ShouldReturnString" storage="c:\workspace\personal\nzr.toolbox\dotnet\nzr.toolbox.core.tests\bin\debug\netcoreapp2.2\nzr.toolbox.core.tests.dll" id="d6c3c325-4119-8dd1-476b-5d0386c6cccf">
      <Execution id="d53afcdc-fd31-4b96-b428-e6a29bb1f47e" />
      <TestMethod codeBase="C:\workspace\personal\Nzr.ToolBox\dotnet\Nzr.ToolBox.Core.Tests\bin\Debug\netcoreapp2.2\Nzr.ToolBox.Core.Tests.dll" adapterTypeName="executor://xunit/VsTestRunner2/netcoreapp" className="Nzr.ToolBox.Core.Tests.StringUtilsTest" name="Nzr.ToolBox.Core.Tests.StringUtilsTest.DescribeIfNone_WithRegularString_ShouldReturnString" />
    </UnitTest>
    <UnitTest name="Nzr.ToolBox.Core.Tests.StringUtilsTest.IsIsBlank_WithBlankString_ShouldReturnTrue" storage="c:\workspace\personal\nzr.toolbox\dotnet\nzr.toolbox.core.tests\bin\debug\netcoreapp2.2\nzr.toolbox.core.tests.dll" id="5c211a1b-af5c-0baa-3971-de7e6e4f1565">
      <Execution id="f5d90297-472c-4d8b-97d0-e7c7e8fc95cd" />
      <TestMethod codeBase="C:\workspace\personal\Nzr.ToolBox\dotnet\Nzr.ToolBox.Core.Tests\bin\Debug\netcoreapp2.2\Nzr.ToolBox.Core.Tests.dll" adapterTypeName="executor://xunit/VsTestRunner2/netcoreapp" className="Nzr.ToolBox.Core.Tests.StringUtilsTest" name="Nzr.ToolBox.Core.Tests.StringUtilsTest.IsIsBlank_WithBlankString_ShouldReturnTrue" />
    </UnitTest>
    <UnitTest name="Nzr.ToolBox.Core.Tests.CollectionUtilsTests.ContainsAll_WithGenericEnumerableAndDiffElements_ShouldReturnFalse" storage="c:\workspace\personal\nzr.toolbox\dotnet\nzr.toolbox.core.tests\bin\debug\netcoreapp2.2\nzr.toolbox.core.tests.dll" id="bed34e53-72a5-3fd2-6674-42d2c22e4e8b">
      <Execution id="f2acd633-f212-4d42-9e40-e486843b4145" />
      <TestMethod codeBase="C:\workspace\personal\Nzr.ToolBox\dotnet\Nzr.ToolBox.Core.Tests\bin\Debug\netcoreapp2.2\Nzr.ToolBox.Core.Tests.dll" adapterTypeName="executor://xunit/VsTestRunner2/netcoreapp" className="Nzr.ToolBox.Core.Tests.CollectionUtilsTests" name="Nzr.ToolBox.Core.Tests.CollectionUtilsTests.ContainsAll_WithGenericEnumerableAndDiffElements_ShouldReturnFalse" />
    </UnitTest>
    <UnitTest name="Nzr.ToolBox.Core.Tests.StringUtilsTest.DescribeIfNone_WithNull_ShouldReturnNullString" storage="c:\workspace\personal\nzr.toolbox\dotnet\nzr.toolbox.core.tests\bin\debug\netcoreapp2.2\nzr.toolbox.core.tests.dll" id="b89dea80-2b79-97b6-0fdd-76dc58be24ef">
      <Execution id="aeec25fb-fa75-4afa-bd13-29c22cf6133e" />
      <TestMethod codeBase="C:\workspace\personal\Nzr.ToolBox\dotnet\Nzr.ToolBox.Core.Tests\bin\Debug\netcoreapp2.2\Nzr.ToolBox.Core.Tests.dll" adapterTypeName="executor://xunit/VsTestRunner2/netcoreapp" className="Nzr.ToolBox.Core.Tests.StringUtilsTest" name="Nzr.ToolBox.Core.Tests.StringUtilsTest.DescribeIfNone_WithNull_ShouldReturnNullString" />
    </UnitTest>
    <UnitTest name="Nzr.ToolBox.Core.Tests.StringUtilsTest.ContainsAny_WithOrdinalIgnoreCaseNullStringWithNullAsSubstrings_ShouldReturnTrue" storage="c:\workspace\personal\nzr.toolbox\dotnet\nzr.toolbox.core.tests\bin\debug\netcoreapp2.2\nzr.toolbox.core.tests.dll" id="a8aeaf6c-55aa-4255-8afb-adec0e7c74a8">
      <Execution id="4c49e5c8-d920-4ac9-9769-d185e03cab81" />
      <TestMethod codeBase="C:\workspace\personal\Nzr.ToolBox\dotnet\Nzr.ToolBox.Core.Tests\bin\Debug\netcoreapp2.2\Nzr.ToolBox.Core.Tests.dll" adapterTypeName="executor://xunit/VsTestRunner2/netcoreapp" className="Nzr.ToolBox.Core.Tests.StringUtilsTest" name="Nzr.ToolBox.Core.Tests.StringUtilsTest.ContainsAny_WithOrdinalIgnoreCaseNullStringWithNullAsSubstrings_ShouldReturnTrue" />
    </UnitTest>
    <UnitTest name="Nzr.ToolBox.Core.Tests.RandomUtilsTest.RandomShort_ShouldReturnUniqueValues(iterations: 10000, seed: null)" storage="c:\workspace\personal\nzr.toolbox\dotnet\nzr.toolbox.core.tests\bin\debug\netcoreapp2.2\nzr.toolbox.core.tests.dll" id="621f5184-bf98-2fcc-5c3b-580eeb41f3a6">
      <Execution id="9664c289-63c3-4b45-8141-85a1043f2dbe" />
      <TestMethod codeBase="C:\workspace\personal\Nzr.ToolBox\dotnet\Nzr.ToolBox.Core.Tests\bin\Debug\netcoreapp2.2\Nzr.ToolBox.Core.Tests.dll" adapterTypeName="executor://xunit/VsTestRunner2/netcoreapp" className="Nzr.ToolBox.Core.Tests.RandomUtilsTest" name="Nzr.ToolBox.Core.Tests.RandomUtilsTest.RandomShort_ShouldReturnUniqueValues(iterations: 10000, seed: null)" />
    </UnitTest>
    <UnitTest name="Nzr.ToolBox.Core.Tests.StringUtilsTest.IsAnyEmpty_WithOneNullStrings_ShouldReturnTrue" storage="c:\workspace\personal\nzr.toolbox\dotnet\nzr.toolbox.core.tests\bin\debug\netcoreapp2.2\nzr.toolbox.core.tests.dll" id="f17c6f13-62c6-75d6-4586-0ee5d254add5">
      <Execution id="63a8633a-652d-4a5b-82dd-1a6afbb2d7e4" />
      <TestMethod codeBase="C:\workspace\personal\Nzr.ToolBox\dotnet\Nzr.ToolBox.Core.Tests\bin\Debug\netcoreapp2.2\Nzr.ToolBox.Core.Tests.dll" adapterTypeName="executor://xunit/VsTestRunner2/netcoreapp" className="Nzr.ToolBox.Core.Tests.StringUtilsTest" name="Nzr.ToolBox.Core.Tests.StringUtilsTest.IsAnyEmpty_WithOneNullStrings_ShouldReturnTrue" />
    </UnitTest>
    <UnitTest name="Nzr.ToolBox.Core.Tests.CollectionUtilsTests.GetKey_WithNotMappedInput_ShouldReturnNull" storage="c:\workspace\personal\nzr.toolbox\dotnet\nzr.toolbox.core.tests\bin\debug\netcoreapp2.2\nzr.toolbox.core.tests.dll" id="10c60c49-fc34-a570-7e27-f72cbc125676">
      <Execution id="f60f2ab5-6e3a-4618-aed9-b7ac501d4bd2" />
      <TestMethod codeBase="C:\workspace\personal\Nzr.ToolBox\dotnet\Nzr.ToolBox.Core.Tests\bin\Debug\netcoreapp2.2\Nzr.ToolBox.Core.Tests.dll" adapterTypeName="executor://xunit/VsTestRunner2/netcoreapp" className="Nzr.ToolBox.Core.Tests.CollectionUtilsTests" name="Nzr.ToolBox.Core.Tests.CollectionUtilsTests.GetKey_WithNotMappedInput_ShouldReturnNull" />
    </UnitTest>
    <UnitTest name="Nzr.ToolBox.Core.Tests.StringUtilsTest.ContainsNone_WithStringNotContainingOneOfSubstring_ShouldReturnTrue" storage="c:\workspace\personal\nzr.toolbox\dotnet\nzr.toolbox.core.tests\bin\debug\netcoreapp2.2\nzr.toolbox.core.tests.dll" id="ac4d6dc8-ac9c-ed69-2ea1-c142e3a580cd">
      <Execution id="1526424b-ac9b-4846-9ed5-382544aa8c94" />
      <TestMethod codeBase="C:\workspace\personal\Nzr.ToolBox\dotnet\Nzr.ToolBox.Core.Tests\bin\Debug\netcoreapp2.2\Nzr.ToolBox.Core.Tests.dll" adapterTypeName="executor://xunit/VsTestRunner2/netcoreapp" className="Nzr.ToolBox.Core.Tests.StringUtilsTest" name="Nzr.ToolBox.Core.Tests.StringUtilsTest.ContainsNone_WithStringNotContainingOneOfSubstring_ShouldReturnTrue" />
    </UnitTest>
    <UnitTest name="Nzr.ToolBox.Core.Tests.ObjectUtilsTest.IsAllNull_WithOneNonNull_ShouldReturnFalse" storage="c:\workspace\personal\nzr.toolbox\dotnet\nzr.toolbox.core.tests\bin\debug\netcoreapp2.2\nzr.toolbox.core.tests.dll" id="f5642f76-0883-ad8b-d556-29e3eb347cee">
      <Execution id="b230f14c-3fe6-409a-af44-5de3ebab1754" />
      <TestMethod codeBase="C:\workspace\personal\Nzr.ToolBox\dotnet\Nzr.ToolBox.Core.Tests\bin\Debug\netcoreapp2.2\Nzr.ToolBox.Core.Tests.dll" adapterTypeName="executor://xunit/VsTestRunner2/netcoreapp" className="Nzr.ToolBox.Core.Tests.ObjectUtilsTest" name="Nzr.ToolBox.Core.Tests.ObjectUtilsTest.IsAllNull_WithOneNonNull_ShouldReturnFalse" />
    </UnitTest>
    <UnitTest name="Nzr.ToolBox.Core.Tests.StringUtilsTest.ReplaceNonNumeric_WithAlphanumeric_ShouldReturnNumericString" storage="c:\workspace\personal\nzr.toolbox\dotnet\nzr.toolbox.core.tests\bin\debug\netcoreapp2.2\nzr.toolbox.core.tests.dll" id="236a92cf-3924-1f9e-9e0c-dac1bdd2fdae">
      <Execution id="877e038b-1533-4b84-a732-93cb4372764e" />
      <TestMethod codeBase="C:\workspace\personal\Nzr.ToolBox\dotnet\Nzr.ToolBox.Core.Tests\bin\Debug\netcoreapp2.2\Nzr.ToolBox.Core.Tests.dll" adapterTypeName="executor://xunit/VsTestRunner2/netcoreapp" className="Nzr.ToolBox.Core.Tests.StringUtilsTest" name="Nzr.ToolBox.Core.Tests.StringUtilsTest.ReplaceNonNumeric_WithAlphanumeric_ShouldReturnNumericString" />
    </UnitTest>
    <UnitTest name="Nzr.ToolBox.Core.Tests.StringUtilsTest.DefaultIfBlank_WitBlankString_ShouldReturnDefault" storage="c:\workspace\personal\nzr.toolbox\dotnet\nzr.toolbox.core.tests\bin\debug\netcoreapp2.2\nzr.toolbox.core.tests.dll" id="57a7a709-5f41-6a40-bb89-55bb8181b369">
      <Execution id="044571dd-ce51-442c-9eb8-5353350c6e59" />
      <TestMethod codeBase="C:\workspace\personal\Nzr.ToolBox\dotnet\Nzr.ToolBox.Core.Tests\bin\Debug\netcoreapp2.2\Nzr.ToolBox.Core.Tests.dll" adapterTypeName="executor://xunit/VsTestRunner2/netcoreapp" className="Nzr.ToolBox.Core.Tests.StringUtilsTest" name="Nzr.ToolBox.Core.Tests.StringUtilsTest.DefaultIfBlank_WitBlankString_ShouldReturnDefault" />
    </UnitTest>
    <UnitTest name="Nzr.ToolBox.Core.Tests.BooleanUtilsTests.Describe_WihNullValueAndWithDefaultNullString_ShouldReturnYes" storage="c:\workspace\personal\nzr.toolbox\dotnet\nzr.toolbox.core.tests\bin\debug\netcoreapp2.2\nzr.toolbox.core.tests.dll" id="9395d62a-bb73-ed55-16b7-2f3d5b4afa0d">
      <Execution id="02eb6a63-668a-47ba-a6ad-c9703974642d" />
      <TestMethod codeBase="C:\workspace\personal\Nzr.ToolBox\dotnet\Nzr.ToolBox.Core.Tests\bin\Debug\netcoreapp2.2\Nzr.ToolBox.Core.Tests.dll" adapterTypeName="executor://xunit/VsTestRunner2/netcoreapp" className="Nzr.ToolBox.Core.Tests.BooleanUtilsTests" name="Nzr.ToolBox.Core.Tests.BooleanUtilsTests.Describe_WihNullValueAndWithDefaultNullString_ShouldReturnYes" />
    </UnitTest>
    <UnitTest name="Nzr.ToolBox.Core.Tests.ObjectUtilsTest.IfNotNull_WithNonNullValue_ShouldExecuteNotNullAction" storage="c:\workspace\personal\nzr.toolbox\dotnet\nzr.toolbox.core.tests\bin\debug\netcoreapp2.2\nzr.toolbox.core.tests.dll" id="a7cd429d-9ea9-105f-832c-f5c0d894de31">
      <Execution id="1b8b5e4e-7651-4529-a92a-e236a3c329f5" />
      <TestMethod codeBase="C:\workspace\personal\Nzr.ToolBox\dotnet\Nzr.ToolBox.Core.Tests\bin\Debug\netcoreapp2.2\Nzr.ToolBox.Core.Tests.dll" adapterTypeName="executor://xunit/VsTestRunner2/netcoreapp" className="Nzr.ToolBox.Core.Tests.ObjectUtilsTest" name="Nzr.ToolBox.Core.Tests.ObjectUtilsTest.IfNotNull_WithNonNullValue_ShouldExecuteNotNullAction" />
    </UnitTest>
    <UnitTest name="Nzr.ToolBox.Core.Tests.BooleanUtilsTests.IsFalse_WithNullOrFalseValue_ShouldReturnTrue(value: null)" storage="c:\workspace\personal\nzr.toolbox\dotnet\nzr.toolbox.core.tests\bin\debug\netcoreapp2.2\nzr.toolbox.core.tests.dll" id="e621f990-2ff4-53a1-1046-2de89a2122fa">
      <Execution id="a7684d41-be61-41e7-ac7a-a09001a9aa5c" />
      <TestMethod codeBase="C:\workspace\personal\Nzr.ToolBox\dotnet\Nzr.ToolBox.Core.Tests\bin\Debug\netcoreapp2.2\Nzr.ToolBox.Core.Tests.dll" adapterTypeName="executor://xunit/VsTestRunner2/netcoreapp" className="Nzr.ToolBox.Core.Tests.BooleanUtilsTests" name="Nzr.ToolBox.Core.Tests.BooleanUtilsTests.IsFalse_WithNullOrFalseValue_ShouldReturnTrue(value: null)" />
    </UnitTest>
    <UnitTest name="Nzr.ToolBox.Core.Tests.CollectionUtilsTests.IndexOf_WithNullArray_ShouldReturnMinusOne" storage="c:\workspace\personal\nzr.toolbox\dotnet\nzr.toolbox.core.tests\bin\debug\netcoreapp2.2\nzr.toolbox.core.tests.dll" id="d28a0297-760c-4cec-387e-c15f0b69f3a0">
      <Execution id="bb9cf43e-0931-4065-99e3-8b5aef816c93" />
      <TestMethod codeBase="C:\workspace\personal\Nzr.ToolBox\dotnet\Nzr.ToolBox.Core.Tests\bin\Debug\netcoreapp2.2\Nzr.ToolBox.Core.Tests.dll" adapterTypeName="executor://xunit/VsTestRunner2/netcoreapp" className="Nzr.ToolBox.Core.Tests.CollectionUtilsTests" name="Nzr.ToolBox.Core.Tests.CollectionUtilsTests.IndexOf_WithNullArray_ShouldReturnMinusOne" />
    </UnitTest>
    <UnitTest name="Nzr.ToolBox.Core.Tests.StringUtilsTest.RemoveEnd_WithNull_ShouldReturnNull" storage="c:\workspace\personal\nzr.toolbox\dotnet\nzr.toolbox.core.tests\bin\debug\netcoreapp2.2\nzr.toolbox.core.tests.dll" id="78387f85-e5e6-fa65-b4de-446c8486e80c">
      <Execution id="58a4d59e-18b3-497d-b52d-848e25def426" />
      <TestMethod codeBase="C:\workspace\personal\Nzr.ToolBox\dotnet\Nzr.ToolBox.Core.Tests\bin\Debug\netcoreapp2.2\Nzr.ToolBox.Core.Tests.dll" adapterTypeName="executor://xunit/VsTestRunner2/netcoreapp" className="Nzr.ToolBox.Core.Tests.StringUtilsTest" name="Nzr.ToolBox.Core.Tests.StringUtilsTest.RemoveEnd_WithNull_ShouldReturnNull" />
    </UnitTest>
    <UnitTest name="Nzr.ToolBox.Core.Tests.StringUtilsTest.Prefix_WithExistingPrefixAndOverride_ShouldAddPrefix" storage="c:\workspace\personal\nzr.toolbox\dotnet\nzr.toolbox.core.tests\bin\debug\netcoreapp2.2\nzr.toolbox.core.tests.dll" id="7105bf79-1b8a-62bc-ff30-e967b860c8fb">
      <Execution id="c1269572-6eee-4fa9-bbb7-3bac18a82e54" />
      <TestMethod codeBase="C:\workspace\personal\Nzr.ToolBox\dotnet\Nzr.ToolBox.Core.Tests\bin\Debug\netcoreapp2.2\Nzr.ToolBox.Core.Tests.dll" adapterTypeName="executor://xunit/VsTestRunner2/netcoreapp" className="Nzr.ToolBox.Core.Tests.StringUtilsTest" name="Nzr.ToolBox.Core.Tests.StringUtilsTest.Prefix_WithExistingPrefixAndOverride_ShouldAddPrefix" />
    </UnitTest>
    <UnitTest name="Nzr.ToolBox.Core.Tests.StringUtilsTest.IsNotEmpty_WithNullString_ShouldReturnFalse" storage="c:\workspace\personal\nzr.toolbox\dotnet\nzr.toolbox.core.tests\bin\debug\netcoreapp2.2\nzr.toolbox.core.tests.dll" id="39856355-a5fb-aec1-b06d-ff7431c95990">
      <Execution id="0e9f0f75-d035-489e-8e40-ff38e00e8ee4" />
      <TestMethod codeBase="C:\workspace\personal\Nzr.ToolBox\dotnet\Nzr.ToolBox.Core.Tests\bin\Debug\netcoreapp2.2\Nzr.ToolBox.Core.Tests.dll" adapterTypeName="executor://xunit/VsTestRunner2/netcoreapp" className="Nzr.ToolBox.Core.Tests.StringUtilsTest" name="Nzr.ToolBox.Core.Tests.StringUtilsTest.IsNotEmpty_WithNullString_ShouldReturnFalse" />
    </UnitTest>
    <UnitTest name="Nzr.ToolBox.Core.Tests.StringUtilsTest.Prefix_WithNullString_ShouldReturnPrefix" storage="c:\workspace\personal\nzr.toolbox\dotnet\nzr.toolbox.core.tests\bin\debug\netcoreapp2.2\nzr.toolbox.core.tests.dll" id="4e688b3a-c6fa-9e06-b2ea-25f4e79d1af0">
      <Execution id="361befac-8716-4e92-bed4-68c718b6a963" />
      <TestMethod codeBase="C:\workspace\personal\Nzr.ToolBox\dotnet\Nzr.ToolBox.Core.Tests\bin\Debug\netcoreapp2.2\Nzr.ToolBox.Core.Tests.dll" adapterTypeName="executor://xunit/VsTestRunner2/netcoreapp" className="Nzr.ToolBox.Core.Tests.StringUtilsTest" name="Nzr.ToolBox.Core.Tests.StringUtilsTest.Prefix_WithNullString_ShouldReturnPrefix" />
    </UnitTest>
    <UnitTest name="Nzr.ToolBox.Core.Tests.RandomUtilsTest.RandomString_WithLetterOnly_ShouldReturnAlphaString" storage="c:\workspace\personal\nzr.toolbox\dotnet\nzr.toolbox.core.tests\bin\debug\netcoreapp2.2\nzr.toolbox.core.tests.dll" id="3c6ff78b-37a5-1893-6545-c9982c97f098">
      <Execution id="69f7f8ac-0243-4434-9d4a-187a1ce2631b" />
      <TestMethod codeBase="C:\workspace\personal\Nzr.ToolBox\dotnet\Nzr.ToolBox.Core.Tests\bin\Debug\netcoreapp2.2\Nzr.ToolBox.Core.Tests.dll" adapterTypeName="executor://xunit/VsTestRunner2/netcoreapp" className="Nzr.ToolBox.Core.Tests.RandomUtilsTest" name="Nzr.ToolBox.Core.Tests.RandomUtilsTest.RandomString_WithLetterOnly_ShouldReturnAlphaString" />
    </UnitTest>
    <UnitTest name="Nzr.ToolBox.Core.Tests.CollectionUtilsTests.ContainsAny_WithNullSourceGenericEnumerable_ShouldReturnFalse" storage="c:\workspace\personal\nzr.toolbox\dotnet\nzr.toolbox.core.tests\bin\debug\netcoreapp2.2\nzr.toolbox.core.tests.dll" id="17e8d1af-7513-6e4a-a197-e678fcd6fbf1">
      <Execution id="435f12c9-9340-4793-bf99-1d582b119729" />
      <TestMethod codeBase="C:\workspace\personal\Nzr.ToolBox\dotnet\Nzr.ToolBox.Core.Tests\bin\Debug\netcoreapp2.2\Nzr.ToolBox.Core.Tests.dll" adapterTypeName="executor://xunit/VsTestRunner2/netcoreapp" className="Nzr.ToolBox.Core.Tests.CollectionUtilsTests" name="Nzr.ToolBox.Core.Tests.CollectionUtilsTests.ContainsAny_WithNullSourceGenericEnumerable_ShouldReturnFalse" />
    </UnitTest>
    <UnitTest name="Nzr.ToolBox.Core.Tests.ReflectionUtilsTest.GetPropertyNames_WithEntity_ShouldReturnPropertyNames" storage="c:\workspace\personal\nzr.toolbox\dotnet\nzr.toolbox.core.tests\bin\debug\netcoreapp2.2\nzr.toolbox.core.tests.dll" id="d96c4133-05ac-c52a-39ad-da9730d7d1d4">
      <Execution id="8874e219-f00a-4496-8e3f-b119d65c0333" />
      <TestMethod codeBase="C:\workspace\personal\Nzr.ToolBox\dotnet\Nzr.ToolBox.Core.Tests\bin\Debug\netcoreapp2.2\Nzr.ToolBox.Core.Tests.dll" adapterTypeName="executor://xunit/VsTestRunner2/netcoreapp" className="Nzr.ToolBox.Core.Tests.ReflectionUtilsTest" name="Nzr.ToolBox.Core.Tests.ReflectionUtilsTest.GetPropertyNames_WithEntity_ShouldReturnPropertyNames" />
    </UnitTest>
    <UnitTest name="Nzr.ToolBox.Core.Tests.StringUtilsTest.IsNotBlank_WithBlankString_ShouldReturnFalse" storage="c:\workspace\personal\nzr.toolbox\dotnet\nzr.toolbox.core.tests\bin\debug\netcoreapp2.2\nzr.toolbox.core.tests.dll" id="dbff4c7a-b8c7-3550-f81a-813f19773541">
      <Execution id="c925907d-9636-436a-81ce-9a5e3be15060" />
      <TestMethod codeBase="C:\workspace\personal\Nzr.ToolBox\dotnet\Nzr.ToolBox.Core.Tests\bin\Debug\netcoreapp2.2\Nzr.ToolBox.Core.Tests.dll" adapterTypeName="executor://xunit/VsTestRunner2/netcoreapp" className="Nzr.ToolBox.Core.Tests.StringUtilsTest" name="Nzr.ToolBox.Core.Tests.StringUtilsTest.IsNotBlank_WithBlankString_ShouldReturnFalse" />
    </UnitTest>
    <UnitTest name="Nzr.ToolBox.Core.Tests.StringUtilsTest.Append_WithString_ShouldReturnStringWithAppendedValues" storage="c:\workspace\personal\nzr.toolbox\dotnet\nzr.toolbox.core.tests\bin\debug\netcoreapp2.2\nzr.toolbox.core.tests.dll" id="de25e89d-7e39-180e-63d8-8a6c03a05fc0">
      <Execution id="0906d7e4-fbf9-49f8-b38e-4ed6c1492db5" />
      <TestMethod codeBase="C:\workspace\personal\Nzr.ToolBox\dotnet\Nzr.ToolBox.Core.Tests\bin\Debug\netcoreapp2.2\Nzr.ToolBox.Core.Tests.dll" adapterTypeName="executor://xunit/VsTestRunner2/netcoreapp" className="Nzr.ToolBox.Core.Tests.StringUtilsTest" name="Nzr.ToolBox.Core.Tests.StringUtilsTest.Append_WithString_ShouldReturnStringWithAppendedValues" />
    </UnitTest>
    <UnitTest name="Nzr.ToolBox.Core.Tests.StringUtilsTest.Truncate_WithStringLargerThanLimit_ShouldReturnTruncatedString" storage="c:\workspace\personal\nzr.toolbox\dotnet\nzr.toolbox.core.tests\bin\debug\netcoreapp2.2\nzr.toolbox.core.tests.dll" id="ccffac2f-6628-9393-88cb-889ebe715882">
      <Execution id="dc2c43cd-abf1-44e2-b5e2-96b2d80680d5" />
      <TestMethod codeBase="C:\workspace\personal\Nzr.ToolBox\dotnet\Nzr.ToolBox.Core.Tests\bin\Debug\netcoreapp2.2\Nzr.ToolBox.Core.Tests.dll" adapterTypeName="executor://xunit/VsTestRunner2/netcoreapp" className="Nzr.ToolBox.Core.Tests.StringUtilsTest" name="Nzr.ToolBox.Core.Tests.StringUtilsTest.Truncate_WithStringLargerThanLimit_ShouldReturnTruncatedString" />
    </UnitTest>
    <UnitTest name="Nzr.ToolBox.Core.Tests.BooleanUtilsTests.IsFalse_WithNullOrFalseValue_ShouldReturnTrue(value: False)" storage="c:\workspace\personal\nzr.toolbox\dotnet\nzr.toolbox.core.tests\bin\debug\netcoreapp2.2\nzr.toolbox.core.tests.dll" id="28e678a0-2d75-ba44-cf85-f12a6e015f2f">
      <Execution id="2e5d2327-6e33-4fcc-ac5c-2e11bf5cc386" />
      <TestMethod codeBase="C:\workspace\personal\Nzr.ToolBox\dotnet\Nzr.ToolBox.Core.Tests\bin\Debug\netcoreapp2.2\Nzr.ToolBox.Core.Tests.dll" adapterTypeName="executor://xunit/VsTestRunner2/netcoreapp" className="Nzr.ToolBox.Core.Tests.BooleanUtilsTests" name="Nzr.ToolBox.Core.Tests.BooleanUtilsTests.IsFalse_WithNullOrFalseValue_ShouldReturnTrue(value: False)" />
    </UnitTest>
    <UnitTest name="Nzr.ToolBox.Core.Tests.NumberUtilsTest.Abst_ShouldReturnAbsoluteValues" storage="c:\workspace\personal\nzr.toolbox\dotnet\nzr.toolbox.core.tests\bin\debug\netcoreapp2.2\nzr.toolbox.core.tests.dll" id="e8533fcc-bc29-5fe3-a5ee-e79f5f2b1440">
      <Execution id="f912218b-8b2a-43b6-98c6-57fd0b8ebf88" />
      <TestMethod codeBase="C:\workspace\personal\Nzr.ToolBox\dotnet\Nzr.ToolBox.Core.Tests\bin\Debug\netcoreapp2.2\Nzr.ToolBox.Core.Tests.dll" adapterTypeName="executor://xunit/VsTestRunner2/netcoreapp" className="Nzr.ToolBox.Core.Tests.NumberUtilsTest" name="Nzr.ToolBox.Core.Tests.NumberUtilsTest.Abst_ShouldReturnAbsoluteValues" />
    </UnitTest>
    <UnitTest name="Nzr.ToolBox.Core.Tests.StringUtilsTest.RemoveStart_WithNull_ShouldReturnNull" storage="c:\workspace\personal\nzr.toolbox\dotnet\nzr.toolbox.core.tests\bin\debug\netcoreapp2.2\nzr.toolbox.core.tests.dll" id="265af543-0d1a-56da-e209-7d56a3acc7da">
      <Execution id="cecf99ac-1696-46d3-8ca6-1ddab490e6c7" />
      <TestMethod codeBase="C:\workspace\personal\Nzr.ToolBox\dotnet\Nzr.ToolBox.Core.Tests\bin\Debug\netcoreapp2.2\Nzr.ToolBox.Core.Tests.dll" adapterTypeName="executor://xunit/VsTestRunner2/netcoreapp" className="Nzr.ToolBox.Core.Tests.StringUtilsTest" name="Nzr.ToolBox.Core.Tests.StringUtilsTest.RemoveStart_WithNull_ShouldReturnNull" />
    </UnitTest>
    <UnitTest name="Nzr.ToolBox.Core.Tests.StringUtilsTest.Replace_WithNullString_ShouldReturnDefault" storage="c:\workspace\personal\nzr.toolbox\dotnet\nzr.toolbox.core.tests\bin\debug\netcoreapp2.2\nzr.toolbox.core.tests.dll" id="da642cc4-82fe-b6d1-55ca-0b6105cd1909">
      <Execution id="8347db49-4fe9-4dda-833d-548dd7d2aceb" />
      <TestMethod codeBase="C:\workspace\personal\Nzr.ToolBox\dotnet\Nzr.ToolBox.Core.Tests\bin\Debug\netcoreapp2.2\Nzr.ToolBox.Core.Tests.dll" adapterTypeName="executor://xunit/VsTestRunner2/netcoreapp" className="Nzr.ToolBox.Core.Tests.StringUtilsTest" name="Nzr.ToolBox.Core.Tests.StringUtilsTest.Replace_WithNullString_ShouldReturnDefault" />
    </UnitTest>
    <UnitTest name="Nzr.ToolBox.Core.Tests.NumberUtilsTest.ToHexadecimal_WithNumberWithoutPrefix_ShouldReturnBinaryNumbersOnly" storage="c:\workspace\personal\nzr.toolbox\dotnet\nzr.toolbox.core.tests\bin\debug\netcoreapp2.2\nzr.toolbox.core.tests.dll" id="13153add-9bc0-f723-33ce-d424523eb081">
      <Execution id="d7ce0757-7951-47a5-a567-910a6e8901bb" />
      <TestMethod codeBase="C:\workspace\personal\Nzr.ToolBox\dotnet\Nzr.ToolBox.Core.Tests\bin\Debug\netcoreapp2.2\Nzr.ToolBox.Core.Tests.dll" adapterTypeName="executor://xunit/VsTestRunner2/netcoreapp" className="Nzr.ToolBox.Core.Tests.NumberUtilsTest" name="Nzr.ToolBox.Core.Tests.NumberUtilsTest.ToHexadecimal_WithNumberWithoutPrefix_ShouldReturnBinaryNumbersOnly" />
    </UnitTest>
    <UnitTest name="Nzr.ToolBox.Core.Tests.StringUtilsTest.ReplaceNonNumeric_WithNull_ShouldReturnNull" storage="c:\workspace\personal\nzr.toolbox\dotnet\nzr.toolbox.core.tests\bin\debug\netcoreapp2.2\nzr.toolbox.core.tests.dll" id="9a91ff0d-5561-cbe9-f49d-60edb014a514">
      <Execution id="2a556f96-01ca-4efb-841a-46c8d863fa73" />
      <TestMethod codeBase="C:\workspace\personal\Nzr.ToolBox\dotnet\Nzr.ToolBox.Core.Tests\bin\Debug\netcoreapp2.2\Nzr.ToolBox.Core.Tests.dll" adapterTypeName="executor://xunit/VsTestRunner2/netcoreapp" className="Nzr.ToolBox.Core.Tests.StringUtilsTest" name="Nzr.ToolBox.Core.Tests.StringUtilsTest.ReplaceNonNumeric_WithNull_ShouldReturnNull" />
    </UnitTest>
    <UnitTest name="Nzr.ToolBox.Core.Tests.StringUtilsTest.Remove_WithNonNullString_ShouldRemoveGiveStrings" storage="c:\workspace\personal\nzr.toolbox\dotnet\nzr.toolbox.core.tests\bin\debug\netcoreapp2.2\nzr.toolbox.core.tests.dll" id="131c3a52-0a16-0ae5-0512-93dbda72ea85">
      <Execution id="17a21197-748a-4e30-9ae3-ae8bc9f9a704" />
      <TestMethod codeBase="C:\workspace\personal\Nzr.ToolBox\dotnet\Nzr.ToolBox.Core.Tests\bin\Debug\netcoreapp2.2\Nzr.ToolBox.Core.Tests.dll" adapterTypeName="executor://xunit/VsTestRunner2/netcoreapp" className="Nzr.ToolBox.Core.Tests.StringUtilsTest" name="Nzr.ToolBox.Core.Tests.StringUtilsTest.Remove_WithNonNullString_ShouldRemoveGiveStrings" />
    </UnitTest>
    <UnitTest name="Nzr.ToolBox.Core.Tests.StringUtilsTest.IsNotEmpty_WithBlankString_ShouldReturnTrue" storage="c:\workspace\personal\nzr.toolbox\dotnet\nzr.toolbox.core.tests\bin\debug\netcoreapp2.2\nzr.toolbox.core.tests.dll" id="9d68ecd9-7bbb-710d-bc5c-7fb6bcf70625">
      <Execution id="0c23b13c-f15f-4f66-b786-84efe8cf4da1" />
      <TestMethod codeBase="C:\workspace\personal\Nzr.ToolBox\dotnet\Nzr.ToolBox.Core.Tests\bin\Debug\netcoreapp2.2\Nzr.ToolBox.Core.Tests.dll" adapterTypeName="executor://xunit/VsTestRunner2/netcoreapp" className="Nzr.ToolBox.Core.Tests.StringUtilsTest" name="Nzr.ToolBox.Core.Tests.StringUtilsTest.IsNotEmpty_WithBlankString_ShouldReturnTrue" />
    </UnitTest>
    <UnitTest name="Nzr.ToolBox.Core.Tests.BooleanUtilsTests.ToBool_WithNonPositiveString_ShouldReturnFalse(value: &quot;X&quot;)" storage="c:\workspace\personal\nzr.toolbox\dotnet\nzr.toolbox.core.tests\bin\debug\netcoreapp2.2\nzr.toolbox.core.tests.dll" id="9d1fdad2-86cb-58a0-0255-a31c1f4f628b">
      <Execution id="104ded12-7661-404c-9d19-c8f695b58539" />
      <TestMethod codeBase="C:\workspace\personal\Nzr.ToolBox\dotnet\Nzr.ToolBox.Core.Tests\bin\Debug\netcoreapp2.2\Nzr.ToolBox.Core.Tests.dll" adapterTypeName="executor://xunit/VsTestRunner2/netcoreapp" className="Nzr.ToolBox.Core.Tests.BooleanUtilsTests" name="Nzr.ToolBox.Core.Tests.BooleanUtilsTests.ToBool_WithNonPositiveString_ShouldReturnFalse(value: &quot;X&quot;)" />
    </UnitTest>
    <UnitTest name="Nzr.ToolBox.Core.Tests.CollectionUtilsTests.ForEach_WithNullEnumerable_ShouldNotExecuteFunction" storage="c:\workspace\personal\nzr.toolbox\dotnet\nzr.toolbox.core.tests\bin\debug\netcoreapp2.2\nzr.toolbox.core.tests.dll" id="70966e50-d79f-4259-d654-7885bec2e3ae">
      <Execution id="04a397ec-8cc4-4ffc-bcfa-34fd14d123df" />
      <TestMethod codeBase="C:\workspace\personal\Nzr.ToolBox\dotnet\Nzr.ToolBox.Core.Tests\bin\Debug\netcoreapp2.2\Nzr.ToolBox.Core.Tests.dll" adapterTypeName="executor://xunit/VsTestRunner2/netcoreapp" className="Nzr.ToolBox.Core.Tests.CollectionUtilsTests" name="Nzr.ToolBox.Core.Tests.CollectionUtilsTests.ForEach_WithNullEnumerable_ShouldNotExecuteFunction" />
    </UnitTest>
    <UnitTest name="Nzr.ToolBox.Core.Tests.StringUtilsTest.Format_WithFormatStringWithCulture_ShouldReturnFormatedString" storage="c:\workspace\personal\nzr.toolbox\dotnet\nzr.toolbox.core.tests\bin\debug\netcoreapp2.2\nzr.toolbox.core.tests.dll" id="45a98e74-dccd-011e-e0c0-d734f1cc5ec4">
      <Execution id="e35819db-525f-4766-ab39-d87757cb05de" />
      <TestMethod codeBase="C:\workspace\personal\Nzr.ToolBox\dotnet\Nzr.ToolBox.Core.Tests\bin\Debug\netcoreapp2.2\Nzr.ToolBox.Core.Tests.dll" adapterTypeName="executor://xunit/VsTestRunner2/netcoreapp" className="Nzr.ToolBox.Core.Tests.StringUtilsTest" name="Nzr.ToolBox.Core.Tests.StringUtilsTest.Format_WithFormatStringWithCulture_ShouldReturnFormatedString" />
    </UnitTest>
    <UnitTest name="Nzr.ToolBox.Core.Tests.CollectionUtilsTests.Add_WithNullCollection_ShouldNotAddAllElements" storage="c:\workspace\personal\nzr.toolbox\dotnet\nzr.toolbox.core.tests\bin\debug\netcoreapp2.2\nzr.toolbox.core.tests.dll" id="48363db6-7d73-92e2-7a0b-07d8a9dcb62e">
      <Execution id="5d6db0e4-6f12-49a0-ab56-706d403a22fc" />
      <TestMethod codeBase="C:\workspace\personal\Nzr.ToolBox\dotnet\Nzr.ToolBox.Core.Tests\bin\Debug\netcoreapp2.2\Nzr.ToolBox.Core.Tests.dll" adapterTypeName="executor://xunit/VsTestRunner2/netcoreapp" className="Nzr.ToolBox.Core.Tests.CollectionUtilsTests" name="Nzr.ToolBox.Core.Tests.CollectionUtilsTests.Add_WithNullCollection_ShouldNotAddAllElements" />
    </UnitTest>
    <UnitTest name="Nzr.ToolBox.Core.Tests.EnumUtilsTest.GetEnumNames_ShouldReturnEnumNamesAsList" storage="c:\workspace\personal\nzr.toolbox\dotnet\nzr.toolbox.core.tests\bin\debug\netcoreapp2.2\nzr.toolbox.core.tests.dll" id="47f688d2-7bfa-d12d-71a0-9be24af61148">
      <Execution id="e9ea7a3f-f750-4310-b445-3ddb96fe433d" />
      <TestMethod codeBase="C:\workspace\personal\Nzr.ToolBox\dotnet\Nzr.ToolBox.Core.Tests\bin\Debug\netcoreapp2.2\Nzr.ToolBox.Core.Tests.dll" adapterTypeName="executor://xunit/VsTestRunner2/netcoreapp" className="Nzr.ToolBox.Core.Tests.EnumUtilsTest" name="Nzr.ToolBox.Core.Tests.EnumUtilsTest.GetEnumNames_ShouldReturnEnumNamesAsList" />
    </UnitTest>
    <UnitTest name="Nzr.ToolBox.Core.Tests.BooleanUtilsTests.ToBool_WithPositiveString_ShouldReturnTrue(value: &quot;Si&quot;)" storage="c:\workspace\personal\nzr.toolbox\dotnet\nzr.toolbox.core.tests\bin\debug\netcoreapp2.2\nzr.toolbox.core.tests.dll" id="266b6884-84e9-585c-ee2b-eff743317cdb">
      <Execution id="bcfd3f4b-78b4-4e11-9403-f25144024878" />
      <TestMethod codeBase="C:\workspace\personal\Nzr.ToolBox\dotnet\Nzr.ToolBox.Core.Tests\bin\Debug\netcoreapp2.2\Nzr.ToolBox.Core.Tests.dll" adapterTypeName="executor://xunit/VsTestRunner2/netcoreapp" className="Nzr.ToolBox.Core.Tests.BooleanUtilsTests" name="Nzr.ToolBox.Core.Tests.BooleanUtilsTests.ToBool_WithPositiveString_ShouldReturnTrue(value: &quot;Si&quot;)" />
    </UnitTest>
    <UnitTest name="Nzr.ToolBox.Core.Tests.NumberUtilsTest.Sum_ShouldReturnSummedValues" storage="c:\workspace\personal\nzr.toolbox\dotnet\nzr.toolbox.core.tests\bin\debug\netcoreapp2.2\nzr.toolbox.core.tests.dll" id="7afb5e69-89d1-7f64-d310-d8ca755d44a5">
      <Execution id="a5832528-fc95-47cd-89f8-39bb330ba9be" />
      <TestMethod codeBase="C:\workspace\personal\Nzr.ToolBox\dotnet\Nzr.ToolBox.Core.Tests\bin\Debug\netcoreapp2.2\Nzr.ToolBox.Core.Tests.dll" adapterTypeName="executor://xunit/VsTestRunner2/netcoreapp" className="Nzr.ToolBox.Core.Tests.NumberUtilsTest" name="Nzr.ToolBox.Core.Tests.NumberUtilsTest.Sum_ShouldReturnSummedValues" />
    </UnitTest>
    <UnitTest name="Nzr.ToolBox.Core.Tests.CollectionUtilsTests.IsEmpty_WithNonEmpty_ShouldReturnFalse" storage="c:\workspace\personal\nzr.toolbox\dotnet\nzr.toolbox.core.tests\bin\debug\netcoreapp2.2\nzr.toolbox.core.tests.dll" id="8735994f-5f9e-38e3-dd8d-e45cd5a00faf">
      <Execution id="6128a8e2-884a-4ae8-a3d6-2192553515de" />
      <TestMethod codeBase="C:\workspace\personal\Nzr.ToolBox\dotnet\Nzr.ToolBox.Core.Tests\bin\Debug\netcoreapp2.2\Nzr.ToolBox.Core.Tests.dll" adapterTypeName="executor://xunit/VsTestRunner2/netcoreapp" className="Nzr.ToolBox.Core.Tests.CollectionUtilsTests" name="Nzr.ToolBox.Core.Tests.CollectionUtilsTests.IsEmpty_WithNonEmpty_ShouldReturnFalse" />
    </UnitTest>
    <UnitTest name="Nzr.ToolBox.Core.Tests.BooleanUtilsTests.ToBool_WithZeroOrNegative_ShouldReturnFalse(b: -1, s: -2, i: -3, l: -4, f: -5, d: -6, m: -7)" storage="c:\workspace\personal\nzr.toolbox\dotnet\nzr.toolbox.core.tests\bin\debug\netcoreapp2.2\nzr.toolbox.core.tests.dll" id="04deb678-c0aa-afd7-f73a-807625f6aa4a">
      <Execution id="8783788f-7dbb-4ac2-ba3e-7664a483dbf8" />
      <TestMethod codeBase="C:\workspace\personal\Nzr.ToolBox\dotnet\Nzr.ToolBox.Core.Tests\bin\Debug\netcoreapp2.2\Nzr.ToolBox.Core.Tests.dll" adapterTypeName="executor://xunit/VsTestRunner2/netcoreapp" className="Nzr.ToolBox.Core.Tests.BooleanUtilsTests" name="Nzr.ToolBox.Core.Tests.BooleanUtilsTests.ToBool_WithZeroOrNegative_ShouldReturnFalse(b: -1, s: -2, i: -3, l: -4, f: -5, d: -6, m: -7)" />
    </UnitTest>
    <UnitTest name="Nzr.ToolBox.Core.Tests.StringUtilsTest.IsBlank_WithEmptyString_ShouldReturnTrue" storage="c:\workspace\personal\nzr.toolbox\dotnet\nzr.toolbox.core.tests\bin\debug\netcoreapp2.2\nzr.toolbox.core.tests.dll" id="3c116de1-cd29-a2eb-b3ef-190f69cec8ec">
      <Execution id="41471565-19da-4c5f-bd35-f5ad3c0291a2" />
      <TestMethod codeBase="C:\workspace\personal\Nzr.ToolBox\dotnet\Nzr.ToolBox.Core.Tests\bin\Debug\netcoreapp2.2\Nzr.ToolBox.Core.Tests.dll" adapterTypeName="executor://xunit/VsTestRunner2/netcoreapp" className="Nzr.ToolBox.Core.Tests.StringUtilsTest" name="Nzr.ToolBox.Core.Tests.StringUtilsTest.IsBlank_WithEmptyString_ShouldReturnTrue" />
    </UnitTest>
    <UnitTest name="Nzr.ToolBox.Core.Tests.StringUtilsTest.DescribeIfNone_WithEmpty_ShouldReturnEmptyString" storage="c:\workspace\personal\nzr.toolbox\dotnet\nzr.toolbox.core.tests\bin\debug\netcoreapp2.2\nzr.toolbox.core.tests.dll" id="13760aec-c151-d4f0-b168-bf9cab7e1792">
      <Execution id="823032e6-b6ab-4524-aae4-7c7bd951a8c7" />
      <TestMethod codeBase="C:\workspace\personal\Nzr.ToolBox\dotnet\Nzr.ToolBox.Core.Tests\bin\Debug\netcoreapp2.2\Nzr.ToolBox.Core.Tests.dll" adapterTypeName="executor://xunit/VsTestRunner2/netcoreapp" className="Nzr.ToolBox.Core.Tests.StringUtilsTest" name="Nzr.ToolBox.Core.Tests.StringUtilsTest.DescribeIfNone_WithEmpty_ShouldReturnEmptyString" />
    </UnitTest>
    <UnitTest name="Nzr.ToolBox.Core.Tests.ReflectionUtilsTest.ExecuteForEachProperty_ShouldExecuteAction" storage="c:\workspace\personal\nzr.toolbox\dotnet\nzr.toolbox.core.tests\bin\debug\netcoreapp2.2\nzr.toolbox.core.tests.dll" id="b39dab9a-0d55-2e3f-5d47-ce0f5ed831f6">
      <Execution id="a2937731-faf5-45c1-84d8-868d603a6946" />
      <TestMethod codeBase="C:\workspace\personal\Nzr.ToolBox\dotnet\Nzr.ToolBox.Core.Tests\bin\Debug\netcoreapp2.2\Nzr.ToolBox.Core.Tests.dll" adapterTypeName="executor://xunit/VsTestRunner2/netcoreapp" className="Nzr.ToolBox.Core.Tests.ReflectionUtilsTest" name="Nzr.ToolBox.Core.Tests.ReflectionUtilsTest.ExecuteForEachProperty_ShouldExecuteAction" />
    </UnitTest>
    <UnitTest name="Nzr.ToolBox.Core.Tests.RandomUtilsTest.RandomLong_ShouldReturnUniqueValues(iterations: 10000, seed: 1)" storage="c:\workspace\personal\nzr.toolbox\dotnet\nzr.toolbox.core.tests\bin\debug\netcoreapp2.2\nzr.toolbox.core.tests.dll" id="dab0ade5-f6da-c40f-8aa3-6cf074bc0e23">
      <Execution id="f3cc54a5-fd26-4f90-9e78-065bd6184803" />
      <TestMethod codeBase="C:\workspace\personal\Nzr.ToolBox\dotnet\Nzr.ToolBox.Core.Tests\bin\Debug\netcoreapp2.2\Nzr.ToolBox.Core.Tests.dll" adapterTypeName="executor://xunit/VsTestRunner2/netcoreapp" className="Nzr.ToolBox.Core.Tests.RandomUtilsTest" name="Nzr.ToolBox.Core.Tests.RandomUtilsTest.RandomLong_ShouldReturnUniqueValues(iterations: 10000, seed: 1)" />
    </UnitTest>
    <UnitTest name="Nzr.ToolBox.Core.Tests.CollectionUtilsTests.Contains_WithNullArray_ShouldReturnFalse" storage="c:\workspace\personal\nzr.toolbox\dotnet\nzr.toolbox.core.tests\bin\debug\netcoreapp2.2\nzr.toolbox.core.tests.dll" id="80448ca3-d219-127e-a239-9050478b7a03">
      <Execution id="efee2183-c41d-4666-90ae-96c0b4542266" />
      <TestMethod codeBase="C:\workspace\personal\Nzr.ToolBox\dotnet\Nzr.ToolBox.Core.Tests\bin\Debug\netcoreapp2.2\Nzr.ToolBox.Core.Tests.dll" adapterTypeName="executor://xunit/VsTestRunner2/netcoreapp" className="Nzr.ToolBox.Core.Tests.CollectionUtilsTests" name="Nzr.ToolBox.Core.Tests.CollectionUtilsTests.Contains_WithNullArray_ShouldReturnFalse" />
    </UnitTest>
    <UnitTest name="Nzr.ToolBox.Core.Tests.CollectionUtilsTests.GetKey_WithNullDictionary_ShouldReturnDefault" storage="c:\workspace\personal\nzr.toolbox\dotnet\nzr.toolbox.core.tests\bin\debug\netcoreapp2.2\nzr.toolbox.core.tests.dll" id="3d424701-5226-50f9-524c-4e51fbb2a07f">
      <Execution id="7f0692be-16b6-47a8-91d2-9b5b55563cce" />
      <TestMethod codeBase="C:\workspace\personal\Nzr.ToolBox\dotnet\Nzr.ToolBox.Core.Tests\bin\Debug\netcoreapp2.2\Nzr.ToolBox.Core.Tests.dll" adapterTypeName="executor://xunit/VsTestRunner2/netcoreapp" className="Nzr.ToolBox.Core.Tests.CollectionUtilsTests" name="Nzr.ToolBox.Core.Tests.CollectionUtilsTests.GetKey_WithNullDictionary_ShouldReturnDefault" />
    </UnitTest>
    <UnitTest name="Nzr.ToolBox.Core.Tests.StringUtilsTest.ContainsAny_WithOrdinalIgnoreCaseStringNotContainingOneOfSubstring_ShouldReturnFalse" storage="c:\workspace\personal\nzr.toolbox\dotnet\nzr.toolbox.core.tests\bin\debug\netcoreapp2.2\nzr.toolbox.core.tests.dll" id="ea5fb2b5-6f99-ce02-6e35-cef974ce163a">
      <Execution id="30d77936-9af8-4c8b-8ba9-072cbf5b4089" />
      <TestMethod codeBase="C:\workspace\personal\Nzr.ToolBox\dotnet\Nzr.ToolBox.Core.Tests\bin\Debug\netcoreapp2.2\Nzr.ToolBox.Core.Tests.dll" adapterTypeName="executor://xunit/VsTestRunner2/netcoreapp" className="Nzr.ToolBox.Core.Tests.StringUtilsTest" name="Nzr.ToolBox.Core.Tests.StringUtilsTest.ContainsAny_WithOrdinalIgnoreCaseStringNotContainingOneOfSubstring_ShouldReturnFalse" />
    </UnitTest>
    <UnitTest name="Nzr.ToolBox.Core.Tests.CollectionUtilsTests.ForEach_WithGenericList_ShouldExecuteAction" storage="c:\workspace\personal\nzr.toolbox\dotnet\nzr.toolbox.core.tests\bin\debug\netcoreapp2.2\nzr.toolbox.core.tests.dll" id="cfdd33be-da19-c14d-63fe-484c25830585">
      <Execution id="14821af1-75a3-41fe-976e-04a003a961b5" />
      <TestMethod codeBase="C:\workspace\personal\Nzr.ToolBox\dotnet\Nzr.ToolBox.Core.Tests\bin\Debug\netcoreapp2.2\Nzr.ToolBox.Core.Tests.dll" adapterTypeName="executor://xunit/VsTestRunner2/netcoreapp" className="Nzr.ToolBox.Core.Tests.CollectionUtilsTests" name="Nzr.ToolBox.Core.Tests.CollectionUtilsTests.ForEach_WithGenericList_ShouldExecuteAction" />
    </UnitTest>
    <UnitTest name="Nzr.ToolBox.Core.Tests.StringUtilsTest.IsIsBlank_WithNonBlankString_ShouldReturnTrue" storage="c:\workspace\personal\nzr.toolbox\dotnet\nzr.toolbox.core.tests\bin\debug\netcoreapp2.2\nzr.toolbox.core.tests.dll" id="b950fa42-ed92-dfa2-1b7a-99f41db426b6">
      <Execution id="811b0b24-1b11-4e09-998f-c68f79d73915" />
      <TestMethod codeBase="C:\workspace\personal\Nzr.ToolBox\dotnet\Nzr.ToolBox.Core.Tests\bin\Debug\netcoreapp2.2\Nzr.ToolBox.Core.Tests.dll" adapterTypeName="executor://xunit/VsTestRunner2/netcoreapp" className="Nzr.ToolBox.Core.Tests.StringUtilsTest" name="Nzr.ToolBox.Core.Tests.StringUtilsTest.IsIsBlank_WithNonBlankString_ShouldReturnTrue" />
    </UnitTest>
    <UnitTest name="Nzr.ToolBox.Core.Tests.StringUtilsTest.ContainsAll_WithStringNotContainigAllSubstrings_ShouldReturnFalse" storage="c:\workspace\personal\nzr.toolbox\dotnet\nzr.toolbox.core.tests\bin\debug\netcoreapp2.2\nzr.toolbox.core.tests.dll" id="eacb19b9-5be6-0659-6867-c371141d3e61">
      <Execution id="861dc93f-70f0-42b7-b758-9fb7f3d1635c" />
      <TestMethod codeBase="C:\workspace\personal\Nzr.ToolBox\dotnet\Nzr.ToolBox.Core.Tests\bin\Debug\netcoreapp2.2\Nzr.ToolBox.Core.Tests.dll" adapterTypeName="executor://xunit/VsTestRunner2/netcoreapp" className="Nzr.ToolBox.Core.Tests.StringUtilsTest" name="Nzr.ToolBox.Core.Tests.StringUtilsTest.ContainsAll_WithStringNotContainigAllSubstrings_ShouldReturnFalse" />
    </UnitTest>
    <UnitTest name="Nzr.ToolBox.Core.Tests.CollectionUtilsTests.IsEmpty_WithNull_ShouldReturnTrue" storage="c:\workspace\personal\nzr.toolbox\dotnet\nzr.toolbox.core.tests\bin\debug\netcoreapp2.2\nzr.toolbox.core.tests.dll" id="d6c18a40-784b-6849-0320-923e0a1eba0e">
      <Execution id="f4f4278e-a742-433a-bef8-26f060526748" />
      <TestMethod codeBase="C:\workspace\personal\Nzr.ToolBox\dotnet\Nzr.ToolBox.Core.Tests\bin\Debug\netcoreapp2.2\Nzr.ToolBox.Core.Tests.dll" adapterTypeName="executor://xunit/VsTestRunner2/netcoreapp" className="Nzr.ToolBox.Core.Tests.CollectionUtilsTests" name="Nzr.ToolBox.Core.Tests.CollectionUtilsTests.IsEmpty_WithNull_ShouldReturnTrue" />
    </UnitTest>
    <UnitTest name="Nzr.ToolBox.Core.Tests.StringUtilsTest.IsNumber_WithNull_ShouldReturnFalse" storage="c:\workspace\personal\nzr.toolbox\dotnet\nzr.toolbox.core.tests\bin\debug\netcoreapp2.2\nzr.toolbox.core.tests.dll" id="16241dba-eaf4-0213-d6e5-c7da05851618">
      <Execution id="ef166d56-0008-4961-9243-48fc53786734" />
      <TestMethod codeBase="C:\workspace\personal\Nzr.ToolBox\dotnet\Nzr.ToolBox.Core.Tests\bin\Debug\netcoreapp2.2\Nzr.ToolBox.Core.Tests.dll" adapterTypeName="executor://xunit/VsTestRunner2/netcoreapp" className="Nzr.ToolBox.Core.Tests.StringUtilsTest" name="Nzr.ToolBox.Core.Tests.StringUtilsTest.IsNumber_WithNull_ShouldReturnFalse" />
    </UnitTest>
    <UnitTest name="Nzr.ToolBox.Core.Tests.RandomUtilsTest.RandomFloat_ShouldReturnUniqueValues(iterations: 10000, seed: 1)" storage="c:\workspace\personal\nzr.toolbox\dotnet\nzr.toolbox.core.tests\bin\debug\netcoreapp2.2\nzr.toolbox.core.tests.dll" id="db495440-895e-2929-0413-74f28674d8ff">
      <Execution id="b2319907-d3c7-431b-931b-8c4656d4d280" />
      <TestMethod codeBase="C:\workspace\personal\Nzr.ToolBox\dotnet\Nzr.ToolBox.Core.Tests\bin\Debug\netcoreapp2.2\Nzr.ToolBox.Core.Tests.dll" adapterTypeName="executor://xunit/VsTestRunner2/netcoreapp" className="Nzr.ToolBox.Core.Tests.RandomUtilsTest" name="Nzr.ToolBox.Core.Tests.RandomUtilsTest.RandomFloat_ShouldReturnUniqueValues(iterations: 10000, seed: 1)" />
    </UnitTest>
    <UnitTest name="Nzr.ToolBox.Core.Tests.StringUtilsTest.Reverse_WithNull_ShouldReturnNull" storage="c:\workspace\personal\nzr.toolbox\dotnet\nzr.toolbox.core.tests\bin\debug\netcoreapp2.2\nzr.toolbox.core.tests.dll" id="4dcc4c87-6654-099d-1fa3-33b06e586a9e">
      <Execution id="f4d84f3d-d34e-4d1c-b1b1-a3a787151394" />
      <TestMethod codeBase="C:\workspace\personal\Nzr.ToolBox\dotnet\Nzr.ToolBox.Core.Tests\bin\Debug\netcoreapp2.2\Nzr.ToolBox.Core.Tests.dll" adapterTypeName="executor://xunit/VsTestRunner2/netcoreapp" className="Nzr.ToolBox.Core.Tests.StringUtilsTest" name="Nzr.ToolBox.Core.Tests.StringUtilsTest.Reverse_WithNull_ShouldReturnNull" />
    </UnitTest>
    <UnitTest name="Nzr.ToolBox.Core.Tests.ObjectUtilsTest.IsAllNonNull_WithAllNonNull_ShouldReturnTrue" storage="c:\workspace\personal\nzr.toolbox\dotnet\nzr.toolbox.core.tests\bin\debug\netcoreapp2.2\nzr.toolbox.core.tests.dll" id="a57e4f15-3c8a-cc65-2059-f1f5f83c9ba5">
      <Execution id="0917327b-75c5-47f7-880c-57fdad38a8c0" />
      <TestMethod codeBase="C:\workspace\personal\Nzr.ToolBox\dotnet\Nzr.ToolBox.Core.Tests\bin\Debug\netcoreapp2.2\Nzr.ToolBox.Core.Tests.dll" adapterTypeName="executor://xunit/VsTestRunner2/netcoreapp" className="Nzr.ToolBox.Core.Tests.ObjectUtilsTest" name="Nzr.ToolBox.Core.Tests.ObjectUtilsTest.IsAllNonNull_WithAllNonNull_ShouldReturnTrue" />
    </UnitTest>
    <UnitTest name="Nzr.ToolBox.Core.Tests.BooleanUtilsTests.ToBool_WithPositiveString_ShouldReturnTrue(value: &quot;S&quot;)" storage="c:\workspace\personal\nzr.toolbox\dotnet\nzr.toolbox.core.tests\bin\debug\netcoreapp2.2\nzr.toolbox.core.tests.dll" id="917e9e48-1d67-c1aa-1b6e-9c13215e36a0">
      <Execution id="084febfa-4ed0-4025-8b62-4046eaf0031e" />
      <TestMethod codeBase="C:\workspace\personal\Nzr.ToolBox\dotnet\Nzr.ToolBox.Core.Tests\bin\Debug\netcoreapp2.2\Nzr.ToolBox.Core.Tests.dll" adapterTypeName="executor://xunit/VsTestRunner2/netcoreapp" className="Nzr.ToolBox.Core.Tests.BooleanUtilsTests" name="Nzr.ToolBox.Core.Tests.BooleanUtilsTests.ToBool_WithPositiveString_ShouldReturnTrue(value: &quot;S&quot;)" />
    </UnitTest>
    <UnitTest name="Nzr.ToolBox.Core.Tests.NumberUtilsTest.Average_ShouldReturnAverageValues" storage="c:\workspace\personal\nzr.toolbox\dotnet\nzr.toolbox.core.tests\bin\debug\netcoreapp2.2\nzr.toolbox.core.tests.dll" id="5062168a-47a4-716c-83cf-4566eb406f51">
      <Execution id="6539066a-4ef9-4e75-8da3-bb9974933964" />
      <TestMethod codeBase="C:\workspace\personal\Nzr.ToolBox\dotnet\Nzr.ToolBox.Core.Tests\bin\Debug\netcoreapp2.2\Nzr.ToolBox.Core.Tests.dll" adapterTypeName="executor://xunit/VsTestRunner2/netcoreapp" className="Nzr.ToolBox.Core.Tests.NumberUtilsTest" name="Nzr.ToolBox.Core.Tests.NumberUtilsTest.Average_ShouldReturnAverageValues" />
    </UnitTest>
    <UnitTest name="Nzr.ToolBox.Core.Tests.RandomUtilsTest.RandomString_WithSymbolsOnly_ShouldReturnSymbolOnlyString" storage="c:\workspace\personal\nzr.toolbox\dotnet\nzr.toolbox.core.tests\bin\debug\netcoreapp2.2\nzr.toolbox.core.tests.dll" id="0f07da2a-afe3-eb2a-982c-c9250d4e2995">
      <Execution id="b94f4c26-91f5-4a78-b3f1-732b551e97fb" />
      <TestMethod codeBase="C:\workspace\personal\Nzr.ToolBox\dotnet\Nzr.ToolBox.Core.Tests\bin\Debug\netcoreapp2.2\Nzr.ToolBox.Core.Tests.dll" adapterTypeName="executor://xunit/VsTestRunner2/netcoreapp" className="Nzr.ToolBox.Core.Tests.RandomUtilsTest" name="Nzr.ToolBox.Core.Tests.RandomUtilsTest.RandomString_WithSymbolsOnly_ShouldReturnSymbolOnlyString" />
    </UnitTest>
    <UnitTest name="Nzr.ToolBox.Core.Tests.StringUtilsTest.ContainsNone_WithOrdinalIgnoreCaseStringContainingOneOfSubstring_ShouldReturnFalse" storage="c:\workspace\personal\nzr.toolbox\dotnet\nzr.toolbox.core.tests\bin\debug\netcoreapp2.2\nzr.toolbox.core.tests.dll" id="81f4be93-f58a-fe7a-4fed-525380a4a47a">
      <Execution id="223d08fc-bb27-428b-b5fb-e7b2a63b7996" />
      <TestMethod codeBase="C:\workspace\personal\Nzr.ToolBox\dotnet\Nzr.ToolBox.Core.Tests\bin\Debug\netcoreapp2.2\Nzr.ToolBox.Core.Tests.dll" adapterTypeName="executor://xunit/VsTestRunner2/netcoreapp" className="Nzr.ToolBox.Core.Tests.StringUtilsTest" name="Nzr.ToolBox.Core.Tests.StringUtilsTest.ContainsNone_WithOrdinalIgnoreCaseStringContainingOneOfSubstring_ShouldReturnFalse" />
    </UnitTest>
    <UnitTest name="Nzr.ToolBox.Core.Tests.NumberUtilsTest.ToBinary_WithNumberWithPrefix_ShouldReturnBinaryWithPrefix" storage="c:\workspace\personal\nzr.toolbox\dotnet\nzr.toolbox.core.tests\bin\debug\netcoreapp2.2\nzr.toolbox.core.tests.dll" id="c4344ebc-44df-a5d3-990c-fd3ab1fb80b1">
      <Execution id="7ff91cb8-2668-4c6f-954b-3000a5512b44" />
      <TestMethod codeBase="C:\workspace\personal\Nzr.ToolBox\dotnet\Nzr.ToolBox.Core.Tests\bin\Debug\netcoreapp2.2\Nzr.ToolBox.Core.Tests.dll" adapterTypeName="executor://xunit/VsTestRunner2/netcoreapp" className="Nzr.ToolBox.Core.Tests.NumberUtilsTest" name="Nzr.ToolBox.Core.Tests.NumberUtilsTest.ToBinary_WithNumberWithPrefix_ShouldReturnBinaryWithPrefix" />
    </UnitTest>
    <UnitTest name="Nzr.ToolBox.Core.Tests.BooleanUtilsTests.Describe_WihTrueValueAndWithDefaultYesString_ShouldReturnYes" storage="c:\workspace\personal\nzr.toolbox\dotnet\nzr.toolbox.core.tests\bin\debug\netcoreapp2.2\nzr.toolbox.core.tests.dll" id="44eff8ca-e64d-d8d4-6361-cfa3c75ede11">
      <Execution id="1b035574-09f9-45f9-9e09-cfab3165d225" />
      <TestMethod codeBase="C:\workspace\personal\Nzr.ToolBox\dotnet\Nzr.ToolBox.Core.Tests\bin\Debug\netcoreapp2.2\Nzr.ToolBox.Core.Tests.dll" adapterTypeName="executor://xunit/VsTestRunner2/netcoreapp" className="Nzr.ToolBox.Core.Tests.BooleanUtilsTests" name="Nzr.ToolBox.Core.Tests.BooleanUtilsTests.Describe_WihTrueValueAndWithDefaultYesString_ShouldReturnYes" />
    </UnitTest>
    <UnitTest name="Nzr.ToolBox.Core.Tests.StringUtilsTest.IsAnyBlank_WithNullStrings_ShouldReturnTrue" storage="c:\workspace\personal\nzr.toolbox\dotnet\nzr.toolbox.core.tests\bin\debug\netcoreapp2.2\nzr.toolbox.core.tests.dll" id="6b882545-0a6d-aed1-f25f-b5bd7a59a2f3">
      <Execution id="0ee00265-a182-4236-996e-eb8354b4ff0b" />
      <TestMethod codeBase="C:\workspace\personal\Nzr.ToolBox\dotnet\Nzr.ToolBox.Core.Tests\bin\Debug\netcoreapp2.2\Nzr.ToolBox.Core.Tests.dll" adapterTypeName="executor://xunit/VsTestRunner2/netcoreapp" className="Nzr.ToolBox.Core.Tests.StringUtilsTest" name="Nzr.ToolBox.Core.Tests.StringUtilsTest.IsAnyBlank_WithNullStrings_ShouldReturnTrue" />
    </UnitTest>
    <UnitTest name="Nzr.ToolBox.Core.Tests.CollectionUtilsTests.ContainsAll_WithNullEnumerables_ShouldReturnTrue" storage="c:\workspace\personal\nzr.toolbox\dotnet\nzr.toolbox.core.tests\bin\debug\netcoreapp2.2\nzr.toolbox.core.tests.dll" id="52dad561-c47f-93be-598b-ab4dd10490eb">
      <Execution id="cf595eaf-ae72-4889-92ea-4d55d855d53c" />
      <TestMethod codeBase="C:\workspace\personal\Nzr.ToolBox\dotnet\Nzr.ToolBox.Core.Tests\bin\Debug\netcoreapp2.2\Nzr.ToolBox.Core.Tests.dll" adapterTypeName="executor://xunit/VsTestRunner2/netcoreapp" className="Nzr.ToolBox.Core.Tests.CollectionUtilsTests" name="Nzr.ToolBox.Core.Tests.CollectionUtilsTests.ContainsAll_WithNullEnumerables_ShouldReturnTrue" />
    </UnitTest>
    <UnitTest name="Nzr.ToolBox.Core.Tests.ObjectUtilsTest.IsAnyNull_WithOneNull_ShouldReturnTrue" storage="c:\workspace\personal\nzr.toolbox\dotnet\nzr.toolbox.core.tests\bin\debug\netcoreapp2.2\nzr.toolbox.core.tests.dll" id="f2f029e7-8888-f5a1-ddde-656322b453e5">
      <Execution id="fb1cb5f2-72a6-4fe1-9ac6-a2f0f1e503f5" />
      <TestMethod codeBase="C:\workspace\personal\Nzr.ToolBox\dotnet\Nzr.ToolBox.Core.Tests\bin\Debug\netcoreapp2.2\Nzr.ToolBox.Core.Tests.dll" adapterTypeName="executor://xunit/VsTestRunner2/netcoreapp" className="Nzr.ToolBox.Core.Tests.ObjectUtilsTest" name="Nzr.ToolBox.Core.Tests.ObjectUtilsTest.IsAnyNull_WithOneNull_ShouldReturnTrue" />
    </UnitTest>
    <UnitTest name="Nzr.ToolBox.Core.Tests.NumberUtilsTest.ToBinary_WithDecimalWithoutPrefix_ShouldReturnBinaryNumbersOnly" storage="c:\workspace\personal\nzr.toolbox\dotnet\nzr.toolbox.core.tests\bin\debug\netcoreapp2.2\nzr.toolbox.core.tests.dll" id="2fe27f4d-780b-bc6e-57d1-a34e746519d2">
      <Execution id="7f9250db-c162-431a-aaf8-7a39dbee9bd9" />
      <TestMethod codeBase="C:\workspace\personal\Nzr.ToolBox\dotnet\Nzr.ToolBox.Core.Tests\bin\Debug\netcoreapp2.2\Nzr.ToolBox.Core.Tests.dll" adapterTypeName="executor://xunit/VsTestRunner2/netcoreapp" className="Nzr.ToolBox.Core.Tests.NumberUtilsTest" name="Nzr.ToolBox.Core.Tests.NumberUtilsTest.ToBinary_WithDecimalWithoutPrefix_ShouldReturnBinaryNumbersOnly" />
    </UnitTest>
    <UnitTest name="Nzr.ToolBox.Core.Tests.BooleanUtilsTests.IsTrue_WithNullOrFalseValue_ShouldReturnFalse(value: null)" storage="c:\workspace\personal\nzr.toolbox\dotnet\nzr.toolbox.core.tests\bin\debug\netcoreapp2.2\nzr.toolbox.core.tests.dll" id="f54f88da-7c5b-63a5-454a-c31c248124f8">
      <Execution id="3db93eaa-6eb8-46b1-8eca-51108a3993c4" />
      <TestMethod codeBase="C:\workspace\personal\Nzr.ToolBox\dotnet\Nzr.ToolBox.Core.Tests\bin\Debug\netcoreapp2.2\Nzr.ToolBox.Core.Tests.dll" adapterTypeName="executor://xunit/VsTestRunner2/netcoreapp" className="Nzr.ToolBox.Core.Tests.BooleanUtilsTests" name="Nzr.ToolBox.Core.Tests.BooleanUtilsTests.IsTrue_WithNullOrFalseValue_ShouldReturnFalse(value: null)" />
    </UnitTest>
    <UnitTest name="Nzr.ToolBox.Core.Tests.StringUtilsTest.DefaultIfEmpty_WitBlankString_ShouldReturnString" storage="c:\workspace\personal\nzr.toolbox\dotnet\nzr.toolbox.core.tests\bin\debug\netcoreapp2.2\nzr.toolbox.core.tests.dll" id="e881bc04-2bbf-5c16-1290-362a120099d0">
      <Execution id="19a3a742-6e55-40b5-8cd0-4009ebe8c1f7" />
      <TestMethod codeBase="C:\workspace\personal\Nzr.ToolBox\dotnet\Nzr.ToolBox.Core.Tests\bin\Debug\netcoreapp2.2\Nzr.ToolBox.Core.Tests.dll" adapterTypeName="executor://xunit/VsTestRunner2/netcoreapp" className="Nzr.ToolBox.Core.Tests.StringUtilsTest" name="Nzr.ToolBox.Core.Tests.StringUtilsTest.DefaultIfEmpty_WitBlankString_ShouldReturnString" />
    </UnitTest>
    <UnitTest name="Nzr.ToolBox.Core.Tests.CollectionUtilsTests.ContainsAll_WithGenericEnumerableAndDiffSize_ShouldReturnFalse" storage="c:\workspace\personal\nzr.toolbox\dotnet\nzr.toolbox.core.tests\bin\debug\netcoreapp2.2\nzr.toolbox.core.tests.dll" id="40b5fac7-b71c-8e77-a229-0b6dd2bc7930">
      <Execution id="b202a334-3888-4183-aa79-660851c1664d" />
      <TestMethod codeBase="C:\workspace\personal\Nzr.ToolBox\dotnet\Nzr.ToolBox.Core.Tests\bin\Debug\netcoreapp2.2\Nzr.ToolBox.Core.Tests.dll" adapterTypeName="executor://xunit/VsTestRunner2/netcoreapp" className="Nzr.ToolBox.Core.Tests.CollectionUtilsTests" name="Nzr.ToolBox.Core.Tests.CollectionUtilsTests.ContainsAll_WithGenericEnumerableAndDiffSize_ShouldReturnFalse" />
    </UnitTest>
    <UnitTest name="Nzr.ToolBox.Core.Tests.ObjectUtilsTest.IfNotNull_WithNullValue_ShouldThrowException" storage="c:\workspace\personal\nzr.toolbox\dotnet\nzr.toolbox.core.tests\bin\debug\netcoreapp2.2\nzr.toolbox.core.tests.dll" id="dc5791cb-7903-211e-65c9-770b2ab7868e">
      <Execution id="109c2682-d8a3-4cea-a7d3-6a85ecfdd3b8" />
      <TestMethod codeBase="C:\workspace\personal\Nzr.ToolBox\dotnet\Nzr.ToolBox.Core.Tests\bin\Debug\netcoreapp2.2\Nzr.ToolBox.Core.Tests.dll" adapterTypeName="executor://xunit/VsTestRunner2/netcoreapp" className="Nzr.ToolBox.Core.Tests.ObjectUtilsTest" name="Nzr.ToolBox.Core.Tests.ObjectUtilsTest.IfNotNull_WithNullValue_ShouldThrowException" />
    </UnitTest>
    <UnitTest name="Nzr.ToolBox.Core.Tests.RandomUtilsTest.RandomDouble_ShouldReturnUniqueValues(iterations: 10000, seed: 1)" storage="c:\workspace\personal\nzr.toolbox\dotnet\nzr.toolbox.core.tests\bin\debug\netcoreapp2.2\nzr.toolbox.core.tests.dll" id="0774dc1e-52ca-a68f-3053-17aa689d2f19">
      <Execution id="07c7706c-395b-4820-99f5-395b919ed3d5" />
      <TestMethod codeBase="C:\workspace\personal\Nzr.ToolBox\dotnet\Nzr.ToolBox.Core.Tests\bin\Debug\netcoreapp2.2\Nzr.ToolBox.Core.Tests.dll" adapterTypeName="executor://xunit/VsTestRunner2/netcoreapp" className="Nzr.ToolBox.Core.Tests.RandomUtilsTest" name="Nzr.ToolBox.Core.Tests.RandomUtilsTest.RandomDouble_ShouldReturnUniqueValues(iterations: 10000, seed: 1)" />
    </UnitTest>
    <UnitTest name="Nzr.ToolBox.Core.Tests.StringUtilsTest.IsEmpty_WithEmptyString_ShouldReturnTrue" storage="c:\workspace\personal\nzr.toolbox\dotnet\nzr.toolbox.core.tests\bin\debug\netcoreapp2.2\nzr.toolbox.core.tests.dll" id="11236b60-ddaa-8517-7929-26428de182b4">
      <Execution id="f8cc205e-c2fc-4cd0-8383-757a320da571" />
      <TestMethod codeBase="C:\workspace\personal\Nzr.ToolBox\dotnet\Nzr.ToolBox.Core.Tests\bin\Debug\netcoreapp2.2\Nzr.ToolBox.Core.Tests.dll" adapterTypeName="executor://xunit/VsTestRunner2/netcoreapp" className="Nzr.ToolBox.Core.Tests.StringUtilsTest" name="Nzr.ToolBox.Core.Tests.StringUtilsTest.IsEmpty_WithEmptyString_ShouldReturnTrue" />
    </UnitTest>
    <UnitTest name="Nzr.ToolBox.Core.Tests.StringUtilsTest.Truncate_WithStringShorterThanLimit_ShouldReturnString" storage="c:\workspace\personal\nzr.toolbox\dotnet\nzr.toolbox.core.tests\bin\debug\netcoreapp2.2\nzr.toolbox.core.tests.dll" id="9dc87ca8-7c89-25db-241a-e9ae33f8a42e">
      <Execution id="bb6e0f78-bcf0-436b-b5a3-47c6451e50a1" />
      <TestMethod codeBase="C:\workspace\personal\Nzr.ToolBox\dotnet\Nzr.ToolBox.Core.Tests\bin\Debug\netcoreapp2.2\Nzr.ToolBox.Core.Tests.dll" adapterTypeName="executor://xunit/VsTestRunner2/netcoreapp" className="Nzr.ToolBox.Core.Tests.StringUtilsTest" name="Nzr.ToolBox.Core.Tests.StringUtilsTest.Truncate_WithStringShorterThanLimit_ShouldReturnString" />
    </UnitTest>
    <UnitTest name="Nzr.ToolBox.Core.Tests.CollectionUtilsTests.ContainsAny_WithEnumerableAndNonOfOtherElements_ShouldReturnFalse" storage="c:\workspace\personal\nzr.toolbox\dotnet\nzr.toolbox.core.tests\bin\debug\netcoreapp2.2\nzr.toolbox.core.tests.dll" id="7846d9ed-3cef-0cbd-2b1f-638be6a96222">
      <Execution id="c2a8df6b-4b3b-466e-b59c-27938fcd7a56" />
      <TestMethod codeBase="C:\workspace\personal\Nzr.ToolBox\dotnet\Nzr.ToolBox.Core.Tests\bin\Debug\netcoreapp2.2\Nzr.ToolBox.Core.Tests.dll" adapterTypeName="executor://xunit/VsTestRunner2/netcoreapp" className="Nzr.ToolBox.Core.Tests.CollectionUtilsTests" name="Nzr.ToolBox.Core.Tests.CollectionUtilsTests.ContainsAny_WithEnumerableAndNonOfOtherElements_ShouldReturnFalse" />
    </UnitTest>
    <UnitTest name="Nzr.ToolBox.Core.Tests.StringUtilsTest.IsNumber_WithAlhphanumeric_ShouldReturnFalse" storage="c:\workspace\personal\nzr.toolbox\dotnet\nzr.toolbox.core.tests\bin\debug\netcoreapp2.2\nzr.toolbox.core.tests.dll" id="f97de579-490f-3478-7018-3655f4bebed4">
      <Execution id="0d8f7f38-e238-4663-9f4e-c51636db5d83" />
      <TestMethod codeBase="C:\workspace\personal\Nzr.ToolBox\dotnet\Nzr.ToolBox.Core.Tests\bin\Debug\netcoreapp2.2\Nzr.ToolBox.Core.Tests.dll" adapterTypeName="executor://xunit/VsTestRunner2/netcoreapp" className="Nzr.ToolBox.Core.Tests.StringUtilsTest" name="Nzr.ToolBox.Core.Tests.StringUtilsTest.IsNumber_WithAlhphanumeric_ShouldReturnFalse" />
    </UnitTest>
    <UnitTest name="Nzr.ToolBox.Core.Tests.CollectionUtilsTests.IndexOf_WithNonExistingItem_ShouldReturnMinusOne" storage="c:\workspace\personal\nzr.toolbox\dotnet\nzr.toolbox.core.tests\bin\debug\netcoreapp2.2\nzr.toolbox.core.tests.dll" id="39187814-7948-31bd-4290-daef6ab2e603">
      <Execution id="b6203f90-55ce-421a-a962-15e13f61ce93" />
      <TestMethod codeBase="C:\workspace\personal\Nzr.ToolBox\dotnet\Nzr.ToolBox.Core.Tests\bin\Debug\netcoreapp2.2\Nzr.ToolBox.Core.Tests.dll" adapterTypeName="executor://xunit/VsTestRunner2/netcoreapp" className="Nzr.ToolBox.Core.Tests.CollectionUtilsTests" name="Nzr.ToolBox.Core.Tests.CollectionUtilsTests.IndexOf_WithNonExistingItem_ShouldReturnMinusOne" />
    </UnitTest>
    <UnitTest name="Nzr.ToolBox.Core.Tests.BooleanUtilsTests.ToBool_WithPositiveString_ShouldReturnTrue(value: &quot;true&quot;)" storage="c:\workspace\personal\nzr.toolbox\dotnet\nzr.toolbox.core.tests\bin\debug\netcoreapp2.2\nzr.toolbox.core.tests.dll" id="7437cae0-313c-688c-b0a7-4e994a4fbb85">
      <Execution id="c8a906f8-6d43-46d1-a8a4-b89837c622ff" />
      <TestMethod codeBase="C:\workspace\personal\Nzr.ToolBox\dotnet\Nzr.ToolBox.Core.Tests\bin\Debug\netcoreapp2.2\Nzr.ToolBox.Core.Tests.dll" adapterTypeName="executor://xunit/VsTestRunner2/netcoreapp" className="Nzr.ToolBox.Core.Tests.BooleanUtilsTests" name="Nzr.ToolBox.Core.Tests.BooleanUtilsTests.ToBool_WithPositiveString_ShouldReturnTrue(value: &quot;true&quot;)" />
    </UnitTest>
    <UnitTest name="Nzr.ToolBox.Core.Tests.ObjectUtilsTest.RequireNonNull_WithNullWithoutCustomMessage_ShouldThrowExcetpion" storage="c:\workspace\personal\nzr.toolbox\dotnet\nzr.toolbox.core.tests\bin\debug\netcoreapp2.2\nzr.toolbox.core.tests.dll" id="7e6b2287-0f2b-eed8-29a1-fa6a6b5f85fd">
      <Execution id="9950b1b3-b6d4-4ac5-9682-09ac6150b692" />
      <TestMethod codeBase="C:\workspace\personal\Nzr.ToolBox\dotnet\Nzr.ToolBox.Core.Tests\bin\Debug\netcoreapp2.2\Nzr.ToolBox.Core.Tests.dll" adapterTypeName="executor://xunit/VsTestRunner2/netcoreapp" className="Nzr.ToolBox.Core.Tests.ObjectUtilsTest" name="Nzr.ToolBox.Core.Tests.ObjectUtilsTest.RequireNonNull_WithNullWithoutCustomMessage_ShouldThrowExcetpion" />
    </UnitTest>
    <UnitTest name="Nzr.ToolBox.Core.Tests.BooleanUtilsTests.ToBool_WithPositiveString_ShouldReturnTrue(value: &quot;Ja&quot;)" storage="c:\workspace\personal\nzr.toolbox\dotnet\nzr.toolbox.core.tests\bin\debug\netcoreapp2.2\nzr.toolbox.core.tests.dll" id="48caecef-a5fa-613e-d718-f1276bb5ba57">
      <Execution id="a088cc7f-3e79-4cf9-b83c-5c88fa914d51" />
      <TestMethod codeBase="C:\workspace\personal\Nzr.ToolBox\dotnet\Nzr.ToolBox.Core.Tests\bin\Debug\netcoreapp2.2\Nzr.ToolBox.Core.Tests.dll" adapterTypeName="executor://xunit/VsTestRunner2/netcoreapp" className="Nzr.ToolBox.Core.Tests.BooleanUtilsTests" name="Nzr.ToolBox.Core.Tests.BooleanUtilsTests.ToBool_WithPositiveString_ShouldReturnTrue(value: &quot;Ja&quot;)" />
    </UnitTest>
    <UnitTest name="Nzr.ToolBox.Core.Tests.RandomUtilsTest.RandomDouble_ShouldReturnUniqueValues(iterations: 10000, seed: null)" storage="c:\workspace\personal\nzr.toolbox\dotnet\nzr.toolbox.core.tests\bin\debug\netcoreapp2.2\nzr.toolbox.core.tests.dll" id="cbba7763-672f-ddfc-9a60-f6df272eaad6">
      <Execution id="d32c4927-5499-4cef-9400-e82b3d946af7" />
      <TestMethod codeBase="C:\workspace\personal\Nzr.ToolBox\dotnet\Nzr.ToolBox.Core.Tests\bin\Debug\netcoreapp2.2\Nzr.ToolBox.Core.Tests.dll" adapterTypeName="executor://xunit/VsTestRunner2/netcoreapp" className="Nzr.ToolBox.Core.Tests.RandomUtilsTest" name="Nzr.ToolBox.Core.Tests.RandomUtilsTest.RandomDouble_ShouldReturnUniqueValues(iterations: 10000, seed: null)" />
    </UnitTest>
    <UnitTest name="Nzr.ToolBox.Core.Tests.NumberUtilsTest.ToHexadecimal_WithNumberWithPrefix_ShouldReturnBinaryWithPrefix" storage="c:\workspace\personal\nzr.toolbox\dotnet\nzr.toolbox.core.tests\bin\debug\netcoreapp2.2\nzr.toolbox.core.tests.dll" id="06062712-a9f6-15e0-bf35-38dc901029e7">
      <Execution id="96dc88aa-14f0-4b97-9dd3-1e6480ea2483" />
      <TestMethod codeBase="C:\workspace\personal\Nzr.ToolBox\dotnet\Nzr.ToolBox.Core.Tests\bin\Debug\netcoreapp2.2\Nzr.ToolBox.Core.Tests.dll" adapterTypeName="executor://xunit/VsTestRunner2/netcoreapp" className="Nzr.ToolBox.Core.Tests.NumberUtilsTest" name="Nzr.ToolBox.Core.Tests.NumberUtilsTest.ToHexadecimal_WithNumberWithPrefix_ShouldReturnBinaryWithPrefix" />
    </UnitTest>
    <UnitTest name="Nzr.ToolBox.Core.Tests.CollectionUtilsTests.IsNotEmpty_WithEmpty_ShouldReturnFalse" storage="c:\workspace\personal\nzr.toolbox\dotnet\nzr.toolbox.core.tests\bin\debug\netcoreapp2.2\nzr.toolbox.core.tests.dll" id="105843c0-8d25-e16e-687e-24c0c02b7966">
      <Execution id="909eed4b-b4e2-4737-b3d4-a530aeb56ca2" />
      <TestMethod codeBase="C:\workspace\personal\Nzr.ToolBox\dotnet\Nzr.ToolBox.Core.Tests\bin\Debug\netcoreapp2.2\Nzr.ToolBox.Core.Tests.dll" adapterTypeName="executor://xunit/VsTestRunner2/netcoreapp" className="Nzr.ToolBox.Core.Tests.CollectionUtilsTests" name="Nzr.ToolBox.Core.Tests.CollectionUtilsTests.IsNotEmpty_WithEmpty_ShouldReturnFalse" />
    </UnitTest>
    <UnitTest name="Nzr.ToolBox.Core.Tests.CollectionUtilsTests.ContainsAll_WithNullSourceEnumerable_ShouldReturnFalse" storage="c:\workspace\personal\nzr.toolbox\dotnet\nzr.toolbox.core.tests\bin\debug\netcoreapp2.2\nzr.toolbox.core.tests.dll" id="2fe5b4ab-f3f5-15bc-6481-7df383a0aa00">
      <Execution id="e51a080e-8dc0-4ce7-b5c5-e1537570ab3e" />
      <TestMethod codeBase="C:\workspace\personal\Nzr.ToolBox\dotnet\Nzr.ToolBox.Core.Tests\bin\Debug\netcoreapp2.2\Nzr.ToolBox.Core.Tests.dll" adapterTypeName="executor://xunit/VsTestRunner2/netcoreapp" className="Nzr.ToolBox.Core.Tests.CollectionUtilsTests" name="Nzr.ToolBox.Core.Tests.CollectionUtilsTests.ContainsAll_WithNullSourceEnumerable_ShouldReturnFalse" />
    </UnitTest>
    <UnitTest name="Nzr.ToolBox.Core.Tests.StringUtilsTest.Repeat_WithNull_ShouldReturnNull" storage="c:\workspace\personal\nzr.toolbox\dotnet\nzr.toolbox.core.tests\bin\debug\netcoreapp2.2\nzr.toolbox.core.tests.dll" id="16e225c7-ff41-4d1e-ea8a-a910d30a164b">
      <Execution id="9c5ed6d0-80d5-4865-9d0b-4a3644b0fd46" />
      <TestMethod codeBase="C:\workspace\personal\Nzr.ToolBox\dotnet\Nzr.ToolBox.Core.Tests\bin\Debug\netcoreapp2.2\Nzr.ToolBox.Core.Tests.dll" adapterTypeName="executor://xunit/VsTestRunner2/netcoreapp" className="Nzr.ToolBox.Core.Tests.StringUtilsTest" name="Nzr.ToolBox.Core.Tests.StringUtilsTest.Repeat_WithNull_ShouldReturnNull" />
    </UnitTest>
    <UnitTest name="Nzr.ToolBox.Core.Tests.StringUtilsTest.DefaultIfBlank_WitNonBlankString_ShouldReturnString" storage="c:\workspace\personal\nzr.toolbox\dotnet\nzr.toolbox.core.tests\bin\debug\netcoreapp2.2\nzr.toolbox.core.tests.dll" id="6b51fd93-cfcb-0aea-d26c-8be65f40eb5a">
      <Execution id="0d44e3cb-ad93-4f11-86c5-09b640fc175c" />
      <TestMethod codeBase="C:\workspace\personal\Nzr.ToolBox\dotnet\Nzr.ToolBox.Core.Tests\bin\Debug\netcoreapp2.2\Nzr.ToolBox.Core.Tests.dll" adapterTypeName="executor://xunit/VsTestRunner2/netcoreapp" className="Nzr.ToolBox.Core.Tests.StringUtilsTest" name="Nzr.ToolBox.Core.Tests.StringUtilsTest.DefaultIfBlank_WitNonBlankString_ShouldReturnString" />
    </UnitTest>
    <UnitTest name="Nzr.ToolBox.Core.Tests.CollectionUtilsTests.ForEach_WithGenericList_ShouldExecuteFunction" storage="c:\workspace\personal\nzr.toolbox\dotnet\nzr.toolbox.core.tests\bin\debug\netcoreapp2.2\nzr.toolbox.core.tests.dll" id="21d2f5b5-8824-b5dc-5b55-bc862d5c638c">
      <Execution id="4accab99-d3f5-4bac-9b01-03bfa750542f" />
      <TestMethod codeBase="C:\workspace\personal\Nzr.ToolBox\dotnet\Nzr.ToolBox.Core.Tests\bin\Debug\netcoreapp2.2\Nzr.ToolBox.Core.Tests.dll" adapterTypeName="executor://xunit/VsTestRunner2/netcoreapp" className="Nzr.ToolBox.Core.Tests.CollectionUtilsTests" name="Nzr.ToolBox.Core.Tests.CollectionUtilsTests.ForEach_WithGenericList_ShouldExecuteFunction" />
    </UnitTest>
    <UnitTest name="Nzr.ToolBox.Core.Tests.RandomUtilsTest.RandomDecimal_ShouldReturnUniqueValues(iterations: 10000, seed: null)" storage="c:\workspace\personal\nzr.toolbox\dotnet\nzr.toolbox.core.tests\bin\debug\netcoreapp2.2\nzr.toolbox.core.tests.dll" id="a17b2044-60f5-4812-5bc4-2de8d6ca5463">
      <Execution id="b8abe481-65e5-4939-9ad1-9332b2688e74" />
      <TestMethod codeBase="C:\workspace\personal\Nzr.ToolBox\dotnet\Nzr.ToolBox.Core.Tests\bin\Debug\netcoreapp2.2\Nzr.ToolBox.Core.Tests.dll" adapterTypeName="executor://xunit/VsTestRunner2/netcoreapp" className="Nzr.ToolBox.Core.Tests.RandomUtilsTest" name="Nzr.ToolBox.Core.Tests.RandomUtilsTest.RandomDecimal_ShouldReturnUniqueValues(iterations: 10000, seed: null)" />
    </UnitTest>
    <UnitTest name="Nzr.ToolBox.Core.Tests.CollectionUtilsTests.IsNotEmpty_WithNonEmpty_ShouldReturnTrue" storage="c:\workspace\personal\nzr.toolbox\dotnet\nzr.toolbox.core.tests\bin\debug\netcoreapp2.2\nzr.toolbox.core.tests.dll" id="222f7168-7e34-cd8e-2834-adc8122c855d">
      <Execution id="1119c9c8-cda4-465d-834d-a305e8b10d4f" />
      <TestMethod codeBase="C:\workspace\personal\Nzr.ToolBox\dotnet\Nzr.ToolBox.Core.Tests\bin\Debug\netcoreapp2.2\Nzr.ToolBox.Core.Tests.dll" adapterTypeName="executor://xunit/VsTestRunner2/netcoreapp" className="Nzr.ToolBox.Core.Tests.CollectionUtilsTests" name="Nzr.ToolBox.Core.Tests.CollectionUtilsTests.IsNotEmpty_WithNonEmpty_ShouldReturnTrue" />
    </UnitTest>
    <UnitTest name="Nzr.ToolBox.Core.Tests.CollectionUtilsTests.EmptyIfNull_WithNonNullEnumerable_ShouldTheEnumerable" storage="c:\workspace\personal\nzr.toolbox\dotnet\nzr.toolbox.core.tests\bin\debug\netcoreapp2.2\nzr.toolbox.core.tests.dll" id="aa9cc0cb-14c6-ae07-bdfd-bae5f2a9924a">
      <Execution id="3b2c2e39-f126-4445-b7e1-5db8aaecd9d8" />
      <TestMethod codeBase="C:\workspace\personal\Nzr.ToolBox\dotnet\Nzr.ToolBox.Core.Tests\bin\Debug\netcoreapp2.2\Nzr.ToolBox.Core.Tests.dll" adapterTypeName="executor://xunit/VsTestRunner2/netcoreapp" className="Nzr.ToolBox.Core.Tests.CollectionUtilsTests" name="Nzr.ToolBox.Core.Tests.CollectionUtilsTests.EmptyIfNull_WithNonNullEnumerable_ShouldTheEnumerable" />
    </UnitTest>
    <UnitTest name="Nzr.ToolBox.Core.Tests.RandomUtilsTest.RandomByte_ShouldReturnUniqueValues(iterations: 255, seed: 1)" storage="c:\workspace\personal\nzr.toolbox\dotnet\nzr.toolbox.core.tests\bin\debug\netcoreapp2.2\nzr.toolbox.core.tests.dll" id="bd4840b2-65f4-1738-f51a-39c1c1a95ff4">
      <Execution id="e806502c-e628-4b65-a2aa-717d61da280e" />
      <TestMethod codeBase="C:\workspace\personal\Nzr.ToolBox\dotnet\Nzr.ToolBox.Core.Tests\bin\Debug\netcoreapp2.2\Nzr.ToolBox.Core.Tests.dll" adapterTypeName="executor://xunit/VsTestRunner2/netcoreapp" className="Nzr.ToolBox.Core.Tests.RandomUtilsTest" name="Nzr.ToolBox.Core.Tests.RandomUtilsTest.RandomByte_ShouldReturnUniqueValues(iterations: 255, seed: 1)" />
    </UnitTest>
    <UnitTest name="Nzr.ToolBox.Core.Tests.RandomUtilsTest.RandomString_WithSpecificChars_ShouldReturnSpecificString" storage="c:\workspace\personal\nzr.toolbox\dotnet\nzr.toolbox.core.tests\bin\debug\netcoreapp2.2\nzr.toolbox.core.tests.dll" id="4b89d93e-7058-25e8-68ff-2910059c6bc1">
      <Execution id="179c527b-f136-4827-93b6-cfe88b99b1cd" />
      <TestMethod codeBase="C:\workspace\personal\Nzr.ToolBox\dotnet\Nzr.ToolBox.Core.Tests\bin\Debug\netcoreapp2.2\Nzr.ToolBox.Core.Tests.dll" adapterTypeName="executor://xunit/VsTestRunner2/netcoreapp" className="Nzr.ToolBox.Core.Tests.RandomUtilsTest" name="Nzr.ToolBox.Core.Tests.RandomUtilsTest.RandomString_WithSpecificChars_ShouldReturnSpecificString" />
    </UnitTest>
    <UnitTest name="Nzr.ToolBox.Core.Tests.BooleanUtilsTests.ToBool_WithZeroOrNegative_ShouldReturnFalse(b: 0, s: 0, i: 0, l: 0, f: 0, d: 0, m: 0)" storage="c:\workspace\personal\nzr.toolbox\dotnet\nzr.toolbox.core.tests\bin\debug\netcoreapp2.2\nzr.toolbox.core.tests.dll" id="ec3e09c5-8729-567e-bf4a-d5990aad45d6">
      <Execution id="77e9ec31-2e17-4d8c-8a14-cc44d3944780" />
      <TestMethod codeBase="C:\workspace\personal\Nzr.ToolBox\dotnet\Nzr.ToolBox.Core.Tests\bin\Debug\netcoreapp2.2\Nzr.ToolBox.Core.Tests.dll" adapterTypeName="executor://xunit/VsTestRunner2/netcoreapp" className="Nzr.ToolBox.Core.Tests.BooleanUtilsTests" name="Nzr.ToolBox.Core.Tests.BooleanUtilsTests.ToBool_WithZeroOrNegative_ShouldReturnFalse(b: 0, s: 0, i: 0, l: 0, f: 0, d: 0, m: 0)" />
    </UnitTest>
    <UnitTest name="Nzr.ToolBox.Core.Tests.DateTimeUtilsTest.ToEpoch_WithDateTime_ShouldReturnEpochTime" storage="c:\workspace\personal\nzr.toolbox\dotnet\nzr.toolbox.core.tests\bin\debug\netcoreapp2.2\nzr.toolbox.core.tests.dll" id="0f0fd9c4-310b-8f5e-8547-15872b5cb4b0">
      <Execution id="ea3d445f-9539-42c2-8931-d1fa08d01f9e" />
      <TestMethod codeBase="C:\workspace\personal\Nzr.ToolBox\dotnet\Nzr.ToolBox.Core.Tests\bin\Debug\netcoreapp2.2\Nzr.ToolBox.Core.Tests.dll" adapterTypeName="executor://xunit/VsTestRunner2/netcoreapp" className="Nzr.ToolBox.Core.Tests.DateTimeUtilsTest" name="Nzr.ToolBox.Core.Tests.DateTimeUtilsTest.ToEpoch_WithDateTime_ShouldReturnEpochTime" />
    </UnitTest>
    <UnitTest name="Nzr.ToolBox.Core.Tests.NumberUtilsTest.Max_ShouldReturnMaxValues" storage="c:\workspace\personal\nzr.toolbox\dotnet\nzr.toolbox.core.tests\bin\debug\netcoreapp2.2\nzr.toolbox.core.tests.dll" id="d2556f65-3778-bd58-eecd-ae6ccb2c7885">
      <Execution id="1fa9572d-39f7-4b2f-8dc7-dec9f9f3d946" />
      <TestMethod codeBase="C:\workspace\personal\Nzr.ToolBox\dotnet\Nzr.ToolBox.Core.Tests\bin\Debug\netcoreapp2.2\Nzr.ToolBox.Core.Tests.dll" adapterTypeName="executor://xunit/VsTestRunner2/netcoreapp" className="Nzr.ToolBox.Core.Tests.NumberUtilsTest" name="Nzr.ToolBox.Core.Tests.NumberUtilsTest.Max_ShouldReturnMaxValues" />
    </UnitTest>
    <UnitTest name="Nzr.ToolBox.Core.Tests.ObjectUtilsTest.IsAllNull_WithAllNull_ShouldReturnTrue" storage="c:\workspace\personal\nzr.toolbox\dotnet\nzr.toolbox.core.tests\bin\debug\netcoreapp2.2\nzr.toolbox.core.tests.dll" id="e624c53d-a1cf-0c98-22e7-54295ab64bfd">
      <Execution id="a671c41e-0dce-47ad-a79c-c9742f4b0f7a" />
      <TestMethod codeBase="C:\workspace\personal\Nzr.ToolBox\dotnet\Nzr.ToolBox.Core.Tests\bin\Debug\netcoreapp2.2\Nzr.ToolBox.Core.Tests.dll" adapterTypeName="executor://xunit/VsTestRunner2/netcoreapp" className="Nzr.ToolBox.Core.Tests.ObjectUtilsTest" name="Nzr.ToolBox.Core.Tests.ObjectUtilsTest.IsAllNull_WithAllNull_ShouldReturnTrue" />
    </UnitTest>
    <UnitTest name="Nzr.ToolBox.Core.Tests.StringUtilsTest.GetFirstNonBlank_WithOnlyEmptyString_ShouldReturnNull" storage="c:\workspace\personal\nzr.toolbox\dotnet\nzr.toolbox.core.tests\bin\debug\netcoreapp2.2\nzr.toolbox.core.tests.dll" id="017f2681-1481-dbaa-ea0e-6a10d0c9b02d">
      <Execution id="11522f30-e9b7-4d73-83f3-c2c4c4767a86" />
      <TestMethod codeBase="C:\workspace\personal\Nzr.ToolBox\dotnet\Nzr.ToolBox.Core.Tests\bin\Debug\netcoreapp2.2\Nzr.ToolBox.Core.Tests.dll" adapterTypeName="executor://xunit/VsTestRunner2/netcoreapp" className="Nzr.ToolBox.Core.Tests.StringUtilsTest" name="Nzr.ToolBox.Core.Tests.StringUtilsTest.GetFirstNonBlank_WithOnlyEmptyString_ShouldReturnNull" />
    </UnitTest>
    <UnitTest name="Nzr.ToolBox.Core.Tests.StringUtilsTest.DescribeIfNone_WithBlank_ShouldReturnBlankString" storage="c:\workspace\personal\nzr.toolbox\dotnet\nzr.toolbox.core.tests\bin\debug\netcoreapp2.2\nzr.toolbox.core.tests.dll" id="38aa400d-53ce-7d63-25db-acb1a6beac35">
      <Execution id="8b0a08f9-50b0-4d95-bc21-1ebc7414d3c2" />
      <TestMethod codeBase="C:\workspace\personal\Nzr.ToolBox\dotnet\Nzr.ToolBox.Core.Tests\bin\Debug\netcoreapp2.2\Nzr.ToolBox.Core.Tests.dll" adapterTypeName="executor://xunit/VsTestRunner2/netcoreapp" className="Nzr.ToolBox.Core.Tests.StringUtilsTest" name="Nzr.ToolBox.Core.Tests.StringUtilsTest.DescribeIfNone_WithBlank_ShouldReturnBlankString" />
    </UnitTest>
    <UnitTest name="Nzr.ToolBox.Core.Tests.CollectionUtilsTests.ForEach_WithList_ShouldExecuteAction" storage="c:\workspace\personal\nzr.toolbox\dotnet\nzr.toolbox.core.tests\bin\debug\netcoreapp2.2\nzr.toolbox.core.tests.dll" id="fee75939-4381-ef54-486d-351d5845cf43">
      <Execution id="ddd2551a-0f0e-4aaa-be09-e92c06724c8b" />
      <TestMethod codeBase="C:\workspace\personal\Nzr.ToolBox\dotnet\Nzr.ToolBox.Core.Tests\bin\Debug\netcoreapp2.2\Nzr.ToolBox.Core.Tests.dll" adapterTypeName="executor://xunit/VsTestRunner2/netcoreapp" className="Nzr.ToolBox.Core.Tests.CollectionUtilsTests" name="Nzr.ToolBox.Core.Tests.CollectionUtilsTests.ForEach_WithList_ShouldExecuteAction" />
    </UnitTest>
    <UnitTest name="Nzr.ToolBox.Core.Tests.StringUtilsTest.IsAllBlank_WithNullOrBlankStrings_ShouldReturnTrue" storage="c:\workspace\personal\nzr.toolbox\dotnet\nzr.toolbox.core.tests\bin\debug\netcoreapp2.2\nzr.toolbox.core.tests.dll" id="f66c2c72-8186-4752-6374-d287cc46a9fe">
      <Execution id="defd6c91-1587-4443-9c68-a1d92cfa8943" />
      <TestMethod codeBase="C:\workspace\personal\Nzr.ToolBox\dotnet\Nzr.ToolBox.Core.Tests\bin\Debug\netcoreapp2.2\Nzr.ToolBox.Core.Tests.dll" adapterTypeName="executor://xunit/VsTestRunner2/netcoreapp" className="Nzr.ToolBox.Core.Tests.StringUtilsTest" name="Nzr.ToolBox.Core.Tests.StringUtilsTest.IsAllBlank_WithNullOrBlankStrings_ShouldReturnTrue" />
    </UnitTest>
    <UnitTest name="Nzr.ToolBox.Core.Tests.StringUtilsTest.IsAllEmpty_WithNullOrEmptyStrings_ShouldReturnTrue" storage="c:\workspace\personal\nzr.toolbox\dotnet\nzr.toolbox.core.tests\bin\debug\netcoreapp2.2\nzr.toolbox.core.tests.dll" id="4fc60e12-0185-2c5a-0a5f-4321c6a89099">
      <Execution id="e8b14f47-87cf-4677-a6ca-2af483763a62" />
      <TestMethod codeBase="C:\workspace\personal\Nzr.ToolBox\dotnet\Nzr.ToolBox.Core.Tests\bin\Debug\netcoreapp2.2\Nzr.ToolBox.Core.Tests.dll" adapterTypeName="executor://xunit/VsTestRunner2/netcoreapp" className="Nzr.ToolBox.Core.Tests.StringUtilsTest" name="Nzr.ToolBox.Core.Tests.StringUtilsTest.IsAllEmpty_WithNullOrEmptyStrings_ShouldReturnTrue" />
    </UnitTest>
    <UnitTest name="Nzr.ToolBox.Core.Tests.CollectionUtilsTests.ForEach_WithNull_ShouldNotExecuteFunction" storage="c:\workspace\personal\nzr.toolbox\dotnet\nzr.toolbox.core.tests\bin\debug\netcoreapp2.2\nzr.toolbox.core.tests.dll" id="bd159b72-9284-1885-d99e-8e5744e9e126">
      <Execution id="d6fbb559-5bf3-44d6-815e-36fa74b645b8" />
      <TestMethod codeBase="C:\workspace\personal\Nzr.ToolBox\dotnet\Nzr.ToolBox.Core.Tests\bin\Debug\netcoreapp2.2\Nzr.ToolBox.Core.Tests.dll" adapterTypeName="executor://xunit/VsTestRunner2/netcoreapp" className="Nzr.ToolBox.Core.Tests.CollectionUtilsTests" name="Nzr.ToolBox.Core.Tests.CollectionUtilsTests.ForEach_WithNull_ShouldNotExecuteFunction" />
    </UnitTest>
    <UnitTest name="Nzr.ToolBox.Core.Tests.StringUtilsTest.IsEmpty_WithBlankString_ShouldReturnFalse" storage="c:\workspace\personal\nzr.toolbox\dotnet\nzr.toolbox.core.tests\bin\debug\netcoreapp2.2\nzr.toolbox.core.tests.dll" id="ccc6233d-7912-eee3-5bd9-e05a73d46c3c">
      <Execution id="79ab56cd-2963-45da-9528-f2debcd9c260" />
      <TestMethod codeBase="C:\workspace\personal\Nzr.ToolBox\dotnet\Nzr.ToolBox.Core.Tests\bin\Debug\netcoreapp2.2\Nzr.ToolBox.Core.Tests.dll" adapterTypeName="executor://xunit/VsTestRunner2/netcoreapp" className="Nzr.ToolBox.Core.Tests.StringUtilsTest" name="Nzr.ToolBox.Core.Tests.StringUtilsTest.IsEmpty_WithBlankString_ShouldReturnFalse" />
    </UnitTest>
    <UnitTest name="Nzr.ToolBox.Core.Tests.StringUtilsTest.Prefix_WithExistingPrefix_ShouldNotAddPrefix" storage="c:\workspace\personal\nzr.toolbox\dotnet\nzr.toolbox.core.tests\bin\debug\netcoreapp2.2\nzr.toolbox.core.tests.dll" id="011a8669-96b9-3bc3-27c4-fe49bafbe5b9">
      <Execution id="1fe6f074-e28d-4f39-a6f5-2a83be1819ae" />
      <TestMethod codeBase="C:\workspace\personal\Nzr.ToolBox\dotnet\Nzr.ToolBox.Core.Tests\bin\Debug\netcoreapp2.2\Nzr.ToolBox.Core.Tests.dll" adapterTypeName="executor://xunit/VsTestRunner2/netcoreapp" className="Nzr.ToolBox.Core.Tests.StringUtilsTest" name="Nzr.ToolBox.Core.Tests.StringUtilsTest.Prefix_WithExistingPrefix_ShouldNotAddPrefix" />
    </UnitTest>
    <UnitTest name="Nzr.ToolBox.Core.Tests.StringUtilsTest.ContainsNone_WithStringContainingOneOfSubstring_ShouldReturnFalse" storage="c:\workspace\personal\nzr.toolbox\dotnet\nzr.toolbox.core.tests\bin\debug\netcoreapp2.2\nzr.toolbox.core.tests.dll" id="50f24cab-68bb-0a36-1c30-0ae9a001fb12">
      <Execution id="39fb6882-c54e-4225-8b06-24405ed3ecfb" />
      <TestMethod codeBase="C:\workspace\personal\Nzr.ToolBox\dotnet\Nzr.ToolBox.Core.Tests\bin\Debug\netcoreapp2.2\Nzr.ToolBox.Core.Tests.dll" adapterTypeName="executor://xunit/VsTestRunner2/netcoreapp" className="Nzr.ToolBox.Core.Tests.StringUtilsTest" name="Nzr.ToolBox.Core.Tests.StringUtilsTest.ContainsNone_WithStringContainingOneOfSubstring_ShouldReturnFalse" />
    </UnitTest>
    <UnitTest name="Nzr.ToolBox.Core.Tests.CollectionUtilsTests.ContainsAll_WithNullSourceEnumerable_ShouldReturnTrue" storage="c:\workspace\personal\nzr.toolbox\dotnet\nzr.toolbox.core.tests\bin\debug\netcoreapp2.2\nzr.toolbox.core.tests.dll" id="897538ba-11dc-3a08-eecb-d0948a1cd8fe">
      <Execution id="32a1abf3-6f9e-452a-a483-75af1e7f0e75" />
      <TestMethod codeBase="C:\workspace\personal\Nzr.ToolBox\dotnet\Nzr.ToolBox.Core.Tests\bin\Debug\netcoreapp2.2\Nzr.ToolBox.Core.Tests.dll" adapterTypeName="executor://xunit/VsTestRunner2/netcoreapp" className="Nzr.ToolBox.Core.Tests.CollectionUtilsTests" name="Nzr.ToolBox.Core.Tests.CollectionUtilsTests.ContainsAll_WithNullSourceEnumerable_ShouldReturnTrue" />
    </UnitTest>
    <UnitTest name="Nzr.ToolBox.Core.Tests.ObjectUtilsTest.RequireNonNull_WithNullWitCustomMessage_ShouldThrowExcetpionWithCustomMessage" storage="c:\workspace\personal\nzr.toolbox\dotnet\nzr.toolbox.core.tests\bin\debug\netcoreapp2.2\nzr.toolbox.core.tests.dll" id="bd59e0c8-65f6-24f7-250c-df15260ab31a">
      <Execution id="107d53f9-837b-4391-87a0-ce8bcee93853" />
      <TestMethod codeBase="C:\workspace\personal\Nzr.ToolBox\dotnet\Nzr.ToolBox.Core.Tests\bin\Debug\netcoreapp2.2\Nzr.ToolBox.Core.Tests.dll" adapterTypeName="executor://xunit/VsTestRunner2/netcoreapp" className="Nzr.ToolBox.Core.Tests.ObjectUtilsTest" name="Nzr.ToolBox.Core.Tests.ObjectUtilsTest.RequireNonNull_WithNullWitCustomMessage_ShouldThrowExcetpionWithCustomMessage" />
    </UnitTest>
    <UnitTest name="Nzr.ToolBox.Core.Tests.StringUtilsTest.IsNotNumber_WithNull_ShouldReturnTrue" storage="c:\workspace\personal\nzr.toolbox\dotnet\nzr.toolbox.core.tests\bin\debug\netcoreapp2.2\nzr.toolbox.core.tests.dll" id="eb0227c1-b25a-b6ec-c3b3-242fa974349b">
      <Execution id="f800d22a-b3e4-4517-ad04-5c1aab3d7427" />
      <TestMethod codeBase="C:\workspace\personal\Nzr.ToolBox\dotnet\Nzr.ToolBox.Core.Tests\bin\Debug\netcoreapp2.2\Nzr.ToolBox.Core.Tests.dll" adapterTypeName="executor://xunit/VsTestRunner2/netcoreapp" className="Nzr.ToolBox.Core.Tests.StringUtilsTest" name="Nzr.ToolBox.Core.Tests.StringUtilsTest.IsNotNumber_WithNull_ShouldReturnTrue" />
    </UnitTest>
    <UnitTest name="Nzr.ToolBox.Core.Tests.RandomUtilsTest.RandomLong_ShouldReturnUniqueValues(iterations: 10000, seed: null)" storage="c:\workspace\personal\nzr.toolbox\dotnet\nzr.toolbox.core.tests\bin\debug\netcoreapp2.2\nzr.toolbox.core.tests.dll" id="7e9381b8-1011-a83d-71c0-1a4700f44a6a">
      <Execution id="0bba09c8-3362-4f3b-81a6-49cd67677892" />
      <TestMethod codeBase="C:\workspace\personal\Nzr.ToolBox\dotnet\Nzr.ToolBox.Core.Tests\bin\Debug\netcoreapp2.2\Nzr.ToolBox.Core.Tests.dll" adapterTypeName="executor://xunit/VsTestRunner2/netcoreapp" className="Nzr.ToolBox.Core.Tests.RandomUtilsTest" name="Nzr.ToolBox.Core.Tests.RandomUtilsTest.RandomLong_ShouldReturnUniqueValues(iterations: 10000, seed: null)" />
    </UnitTest>
    <UnitTest name="Nzr.ToolBox.Core.Tests.BooleanUtilsTests.IsAllTrue_WithOneFalseValue_ShouldReturnFalse" storage="c:\workspace\personal\nzr.toolbox\dotnet\nzr.toolbox.core.tests\bin\debug\netcoreapp2.2\nzr.toolbox.core.tests.dll" id="4d473892-3743-8866-0d73-fc4fe78c5f0e">
      <Execution id="99afd8bd-154e-479b-a94a-89f9b5e47448" />
      <TestMethod codeBase="C:\workspace\personal\Nzr.ToolBox\dotnet\Nzr.ToolBox.Core.Tests\bin\Debug\netcoreapp2.2\Nzr.ToolBox.Core.Tests.dll" adapterTypeName="executor://xunit/VsTestRunner2/netcoreapp" className="Nzr.ToolBox.Core.Tests.BooleanUtilsTests" name="Nzr.ToolBox.Core.Tests.BooleanUtilsTests.IsAllTrue_WithOneFalseValue_ShouldReturnFalse" />
    </UnitTest>
    <UnitTest name="Nzr.ToolBox.Core.Tests.CollectionUtilsTests.IsEmpty_WithEmpty_ShouldReturnTrue" storage="c:\workspace\personal\nzr.toolbox\dotnet\nzr.toolbox.core.tests\bin\debug\netcoreapp2.2\nzr.toolbox.core.tests.dll" id="8b06dbf8-2d8a-5226-9011-d08c484cab2f">
      <Execution id="d3edb17d-511c-4354-88c0-e721943f2abb" />
      <TestMethod codeBase="C:\workspace\personal\Nzr.ToolBox\dotnet\Nzr.ToolBox.Core.Tests\bin\Debug\netcoreapp2.2\Nzr.ToolBox.Core.Tests.dll" adapterTypeName="executor://xunit/VsTestRunner2/netcoreapp" className="Nzr.ToolBox.Core.Tests.CollectionUtilsTests" name="Nzr.ToolBox.Core.Tests.CollectionUtilsTests.IsEmpty_WithEmpty_ShouldReturnTrue" />
    </UnitTest>
    <UnitTest name="Nzr.ToolBox.Core.Tests.StringUtilsTest.RemoveDiacritics_WithNull_ShouldReturnNull" storage="c:\workspace\personal\nzr.toolbox\dotnet\nzr.toolbox.core.tests\bin\debug\netcoreapp2.2\nzr.toolbox.core.tests.dll" id="23dfed38-6ff8-abe4-082e-3fdb4476dc12">
      <Execution id="4466596a-c16d-4bb8-a743-735c6023878a" />
      <TestMethod codeBase="C:\workspace\personal\Nzr.ToolBox\dotnet\Nzr.ToolBox.Core.Tests\bin\Debug\netcoreapp2.2\Nzr.ToolBox.Core.Tests.dll" adapterTypeName="executor://xunit/VsTestRunner2/netcoreapp" className="Nzr.ToolBox.Core.Tests.StringUtilsTest" name="Nzr.ToolBox.Core.Tests.StringUtilsTest.RemoveDiacritics_WithNull_ShouldReturnNull" />
    </UnitTest>
    <UnitTest name="Nzr.ToolBox.Core.Tests.StringUtilsTest.IsAllEmpty_WithOneNonEmpty_ShouldReturnFalse" storage="c:\workspace\personal\nzr.toolbox\dotnet\nzr.toolbox.core.tests\bin\debug\netcoreapp2.2\nzr.toolbox.core.tests.dll" id="1c25c6c6-b1fb-4092-255b-2ef33baa6d85">
      <Execution id="86c2c04f-4f38-4721-965f-55e90f96e182" />
      <TestMethod codeBase="C:\workspace\personal\Nzr.ToolBox\dotnet\Nzr.ToolBox.Core.Tests\bin\Debug\netcoreapp2.2\Nzr.ToolBox.Core.Tests.dll" adapterTypeName="executor://xunit/VsTestRunner2/netcoreapp" className="Nzr.ToolBox.Core.Tests.StringUtilsTest" name="Nzr.ToolBox.Core.Tests.StringUtilsTest.IsAllEmpty_WithOneNonEmpty_ShouldReturnFalse" />
    </UnitTest>
    <UnitTest name="Nzr.ToolBox.Core.Tests.CollectionUtilsTests.ContainsAny_WithEnumerableAndSomeOfOtherElements_ShouldReturnTrue" storage="c:\workspace\personal\nzr.toolbox\dotnet\nzr.toolbox.core.tests\bin\debug\netcoreapp2.2\nzr.toolbox.core.tests.dll" id="2821175c-220a-922a-c241-441509e8a4e0">
      <Execution id="78d8b0aa-f738-4989-b994-4c88f36d2713" />
      <TestMethod codeBase="C:\workspace\personal\Nzr.ToolBox\dotnet\Nzr.ToolBox.Core.Tests\bin\Debug\netcoreapp2.2\Nzr.ToolBox.Core.Tests.dll" adapterTypeName="executor://xunit/VsTestRunner2/netcoreapp" className="Nzr.ToolBox.Core.Tests.CollectionUtilsTests" name="Nzr.ToolBox.Core.Tests.CollectionUtilsTests.ContainsAny_WithEnumerableAndSomeOfOtherElements_ShouldReturnTrue" />
    </UnitTest>
    <UnitTest name="Nzr.ToolBox.Core.Tests.StringUtilsTest.Suffix_WithExistingSuffixAndOverride_ShouldAddSuffix" storage="c:\workspace\personal\nzr.toolbox\dotnet\nzr.toolbox.core.tests\bin\debug\netcoreapp2.2\nzr.toolbox.core.tests.dll" id="b634ef42-9b28-3107-af12-f47c9a5062cb">
      <Execution id="1546a128-2efc-4141-bfd5-bbbccb8f0694" />
      <TestMethod codeBase="C:\workspace\personal\Nzr.ToolBox\dotnet\Nzr.ToolBox.Core.Tests\bin\Debug\netcoreapp2.2\Nzr.ToolBox.Core.Tests.dll" adapterTypeName="executor://xunit/VsTestRunner2/netcoreapp" className="Nzr.ToolBox.Core.Tests.StringUtilsTest" name="Nzr.ToolBox.Core.Tests.StringUtilsTest.Suffix_WithExistingSuffixAndOverride_ShouldAddSuffix" />
    </UnitTest>
    <UnitTest name="Nzr.ToolBox.Core.Tests.RandomUtilsTest.RandomInt_ShouldReturnUniqueValues(iterations: 10000, seed: null)" storage="c:\workspace\personal\nzr.toolbox\dotnet\nzr.toolbox.core.tests\bin\debug\netcoreapp2.2\nzr.toolbox.core.tests.dll" id="d1e50dfe-89f9-2e1e-ee5f-3ce8755a7d24">
      <Execution id="33247fdb-3403-473d-b73e-d3fa81ad3983" />
      <TestMethod codeBase="C:\workspace\personal\Nzr.ToolBox\dotnet\Nzr.ToolBox.Core.Tests\bin\Debug\netcoreapp2.2\Nzr.ToolBox.Core.Tests.dll" adapterTypeName="executor://xunit/VsTestRunner2/netcoreapp" className="Nzr.ToolBox.Core.Tests.RandomUtilsTest" name="Nzr.ToolBox.Core.Tests.RandomUtilsTest.RandomInt_ShouldReturnUniqueValues(iterations: 10000, seed: null)" />
    </UnitTest>
    <UnitTest name="Nzr.ToolBox.Core.Tests.RandomUtilsTest.RandomFloat_ShouldReturnUniqueValues(iterations: 10000, seed: null)" storage="c:\workspace\personal\nzr.toolbox\dotnet\nzr.toolbox.core.tests\bin\debug\netcoreapp2.2\nzr.toolbox.core.tests.dll" id="f473e635-7655-edd1-44e6-2fcea27cde20">
      <Execution id="81e38fbd-3f42-4c9b-95bf-edac479f622e" />
      <TestMethod codeBase="C:\workspace\personal\Nzr.ToolBox\dotnet\Nzr.ToolBox.Core.Tests\bin\Debug\netcoreapp2.2\Nzr.ToolBox.Core.Tests.dll" adapterTypeName="executor://xunit/VsTestRunner2/netcoreapp" className="Nzr.ToolBox.Core.Tests.RandomUtilsTest" name="Nzr.ToolBox.Core.Tests.RandomUtilsTest.RandomFloat_ShouldReturnUniqueValues(iterations: 10000, seed: null)" />
    </UnitTest>
    <UnitTest name="Nzr.ToolBox.Core.Tests.StringUtilsTest.IsNotBlank_WithBlankString_ShouldReturnTrue" storage="c:\workspace\personal\nzr.toolbox\dotnet\nzr.toolbox.core.tests\bin\debug\netcoreapp2.2\nzr.toolbox.core.tests.dll" id="b334286c-9c15-1dd5-c77e-1b9fe030040e">
      <Execution id="f47ca4d3-7bdd-411c-b3cf-171498f1573f" />
      <TestMethod codeBase="C:\workspace\personal\Nzr.ToolBox\dotnet\Nzr.ToolBox.Core.Tests\bin\Debug\netcoreapp2.2\Nzr.ToolBox.Core.Tests.dll" adapterTypeName="executor://xunit/VsTestRunner2/netcoreapp" className="Nzr.ToolBox.Core.Tests.StringUtilsTest" name="Nzr.ToolBox.Core.Tests.StringUtilsTest.IsNotBlank_WithBlankString_ShouldReturnTrue" />
    </UnitTest>
    <UnitTest name="Nzr.ToolBox.Core.Tests.RandomUtilsTest.RandomByte_ShouldReturnUniqueValues(iterations: 255, seed: null)" storage="c:\workspace\personal\nzr.toolbox\dotnet\nzr.toolbox.core.tests\bin\debug\netcoreapp2.2\nzr.toolbox.core.tests.dll" id="efac6178-2331-78d0-58dd-df1f5a698301">
      <Execution id="eb06785c-a988-4713-ae7c-dc1c332b1237" />
      <TestMethod codeBase="C:\workspace\personal\Nzr.ToolBox\dotnet\Nzr.ToolBox.Core.Tests\bin\Debug\netcoreapp2.2\Nzr.ToolBox.Core.Tests.dll" adapterTypeName="executor://xunit/VsTestRunner2/netcoreapp" className="Nzr.ToolBox.Core.Tests.RandomUtilsTest" name="Nzr.ToolBox.Core.Tests.RandomUtilsTest.RandomByte_ShouldReturnUniqueValues(iterations: 255, seed: null)" />
    </UnitTest>
    <UnitTest name="Nzr.ToolBox.Core.Tests.StringUtilsTest.IsBlank_WithNullString_ShouldReturnTrue" storage="c:\workspace\personal\nzr.toolbox\dotnet\nzr.toolbox.core.tests\bin\debug\netcoreapp2.2\nzr.toolbox.core.tests.dll" id="f037f0e5-645a-5ce7-bffe-ad45531b131d">
      <Execution id="914f45c0-e863-48eb-b90d-67de25669554" />
      <TestMethod codeBase="C:\workspace\personal\Nzr.ToolBox\dotnet\Nzr.ToolBox.Core.Tests\bin\Debug\netcoreapp2.2\Nzr.ToolBox.Core.Tests.dll" adapterTypeName="executor://xunit/VsTestRunner2/netcoreapp" className="Nzr.ToolBox.Core.Tests.StringUtilsTest" name="Nzr.ToolBox.Core.Tests.StringUtilsTest.IsBlank_WithNullString_ShouldReturnTrue" />
    </UnitTest>
    <UnitTest name="Nzr.ToolBox.Core.Tests.BooleanUtilsTests.ToBool_WithNonPositiveString_ShouldReturnFalse(value: &quot;&quot;)" storage="c:\workspace\personal\nzr.toolbox\dotnet\nzr.toolbox.core.tests\bin\debug\netcoreapp2.2\nzr.toolbox.core.tests.dll" id="f35f6eae-a2f2-9704-db53-5b689fdd1bea">
      <Execution id="37c6eb88-627d-4bdd-9044-5f5865092867" />
      <TestMethod codeBase="C:\workspace\personal\Nzr.ToolBox\dotnet\Nzr.ToolBox.Core.Tests\bin\Debug\netcoreapp2.2\Nzr.ToolBox.Core.Tests.dll" adapterTypeName="executor://xunit/VsTestRunner2/netcoreapp" className="Nzr.ToolBox.Core.Tests.BooleanUtilsTests" name="Nzr.ToolBox.Core.Tests.BooleanUtilsTests.ToBool_WithNonPositiveString_ShouldReturnFalse(value: &quot;&quot;)" />
    </UnitTest>
    <UnitTest name="Nzr.ToolBox.Core.Tests.StringUtilsTest.DefaultIfBlank_WitEmptyString_ShouldReturnDefault" storage="c:\workspace\personal\nzr.toolbox\dotnet\nzr.toolbox.core.tests\bin\debug\netcoreapp2.2\nzr.toolbox.core.tests.dll" id="a412f5de-b33e-e409-c4ae-50c16bfae988">
      <Execution id="664196b9-0b80-4ef1-ac89-e6dc908a4c9f" />
      <TestMethod codeBase="C:\workspace\personal\Nzr.ToolBox\dotnet\Nzr.ToolBox.Core.Tests\bin\Debug\netcoreapp2.2\Nzr.ToolBox.Core.Tests.dll" adapterTypeName="executor://xunit/VsTestRunner2/netcoreapp" className="Nzr.ToolBox.Core.Tests.StringUtilsTest" name="Nzr.ToolBox.Core.Tests.StringUtilsTest.DefaultIfBlank_WitEmptyString_ShouldReturnDefault" />
    </UnitTest>
    <UnitTest name="Nzr.ToolBox.Core.Tests.StringUtilsTest.IsNumber_WithNumeric_ShouldReturnTrue" storage="c:\workspace\personal\nzr.toolbox\dotnet\nzr.toolbox.core.tests\bin\debug\netcoreapp2.2\nzr.toolbox.core.tests.dll" id="5242f9b9-ee1f-923c-f0c3-d5fb3e0359c6">
      <Execution id="19d09bdb-4d11-4b94-9b59-677da560b2d4" />
      <TestMethod codeBase="C:\workspace\personal\Nzr.ToolBox\dotnet\Nzr.ToolBox.Core.Tests\bin\Debug\netcoreapp2.2\Nzr.ToolBox.Core.Tests.dll" adapterTypeName="executor://xunit/VsTestRunner2/netcoreapp" className="Nzr.ToolBox.Core.Tests.StringUtilsTest" name="Nzr.ToolBox.Core.Tests.StringUtilsTest.IsNumber_WithNumeric_ShouldReturnTrue" />
    </UnitTest>
    <UnitTest name="Nzr.ToolBox.Core.Tests.StringUtilsTest.Suffix_WithNonExistingSuffix_ShouldAddSuffix" storage="c:\workspace\personal\nzr.toolbox\dotnet\nzr.toolbox.core.tests\bin\debug\netcoreapp2.2\nzr.toolbox.core.tests.dll" id="c7cdf179-33e4-784c-82e2-b5da92e111f8">
      <Execution id="acb036b6-fdc7-442f-9ae6-78f314482b28" />
      <TestMethod codeBase="C:\workspace\personal\Nzr.ToolBox\dotnet\Nzr.ToolBox.Core.Tests\bin\Debug\netcoreapp2.2\Nzr.ToolBox.Core.Tests.dll" adapterTypeName="executor://xunit/VsTestRunner2/netcoreapp" className="Nzr.ToolBox.Core.Tests.StringUtilsTest" name="Nzr.ToolBox.Core.Tests.StringUtilsTest.Suffix_WithNonExistingSuffix_ShouldAddSuffix" />
    </UnitTest>
    <UnitTest name="Nzr.ToolBox.Core.Tests.CollectionUtilsTests.ContainsAny_WithNullRefEnumerable_ShouldReturnFalse" storage="c:\workspace\personal\nzr.toolbox\dotnet\nzr.toolbox.core.tests\bin\debug\netcoreapp2.2\nzr.toolbox.core.tests.dll" id="185eb6a1-d1e2-a7ae-f655-06a68724793c">
      <Execution id="12d591d4-15e7-4089-bf7c-894f5931adec" />
      <TestMethod codeBase="C:\workspace\personal\Nzr.ToolBox\dotnet\Nzr.ToolBox.Core.Tests\bin\Debug\netcoreapp2.2\Nzr.ToolBox.Core.Tests.dll" adapterTypeName="executor://xunit/VsTestRunner2/netcoreapp" className="Nzr.ToolBox.Core.Tests.CollectionUtilsTests" name="Nzr.ToolBox.Core.Tests.CollectionUtilsTests.ContainsAny_WithNullRefEnumerable_ShouldReturnFalse" />
    </UnitTest>
    <UnitTest name="Nzr.ToolBox.Core.Tests.StringUtilsTest.IsAllBlank_WithNullStrings_ShouldReturnTrue" storage="c:\workspace\personal\nzr.toolbox\dotnet\nzr.toolbox.core.tests\bin\debug\netcoreapp2.2\nzr.toolbox.core.tests.dll" id="7d18c862-cf05-abcb-0928-990c2f1e2fc6">
      <Execution id="7b9e3707-a1fe-4966-8aa4-9ba60227231c" />
      <TestMethod codeBase="C:\workspace\personal\Nzr.ToolBox\dotnet\Nzr.ToolBox.Core.Tests\bin\Debug\netcoreapp2.2\Nzr.ToolBox.Core.Tests.dll" adapterTypeName="executor://xunit/VsTestRunner2/netcoreapp" className="Nzr.ToolBox.Core.Tests.StringUtilsTest" name="Nzr.ToolBox.Core.Tests.StringUtilsTest.IsAllBlank_WithNullStrings_ShouldReturnTrue" />
    </UnitTest>
    <UnitTest name="Nzr.ToolBox.Core.Tests.ObjectUtilsTest.IsAnyNonNull_WithOneNonNull_ShouldReturnTrue" storage="c:\workspace\personal\nzr.toolbox\dotnet\nzr.toolbox.core.tests\bin\debug\netcoreapp2.2\nzr.toolbox.core.tests.dll" id="e47e56e9-5385-922b-8aae-4a5f9fc8708e">
      <Execution id="eb6f119b-109d-42c1-8dbd-50ca0f39118a" />
      <TestMethod codeBase="C:\workspace\personal\Nzr.ToolBox\dotnet\Nzr.ToolBox.Core.Tests\bin\Debug\netcoreapp2.2\Nzr.ToolBox.Core.Tests.dll" adapterTypeName="executor://xunit/VsTestRunner2/netcoreapp" className="Nzr.ToolBox.Core.Tests.ObjectUtilsTest" name="Nzr.ToolBox.Core.Tests.ObjectUtilsTest.IsAnyNonNull_WithOneNonNull_ShouldReturnTrue" />
    </UnitTest>
  </TestDefinitions>
  <TestEntries>
    <TestEntry testId="3c6ff78b-37a5-1893-6545-c9982c97f098" executionId="69f7f8ac-0243-4434-9d4a-187a1ce2631b" testListId="8c84fa94-04c1-424b-9868-57a2d4851a1d" />
    <TestEntry testId="1c25c6c6-b1fb-4092-255b-2ef33baa6d85" executionId="86c2c04f-4f38-4721-965f-55e90f96e182" testListId="8c84fa94-04c1-424b-9868-57a2d4851a1d" />
    <TestEntry testId="2821175c-220a-922a-c241-441509e8a4e0" executionId="78d8b0aa-f738-4989-b994-4c88f36d2713" testListId="8c84fa94-04c1-424b-9868-57a2d4851a1d" />
    <TestEntry testId="c068e1c4-6913-d79e-f58c-fd0cdae20144" executionId="cb3b69e0-7d0a-4bcb-9275-77be7b6cc96a" testListId="8c84fa94-04c1-424b-9868-57a2d4851a1d" />
    <TestEntry testId="df88d8b1-a81b-086c-6c41-e23fcac9c165" executionId="b8103ff7-3fdd-4f4d-8805-f49e65ce85a8" testListId="8c84fa94-04c1-424b-9868-57a2d4851a1d" />
    <TestEntry testId="efac6178-2331-78d0-58dd-df1f5a698301" executionId="eb06785c-a988-4713-ae7c-dc1c332b1237" testListId="8c84fa94-04c1-424b-9868-57a2d4851a1d" />
    <TestEntry testId="7e6b2287-0f2b-eed8-29a1-fa6a6b5f85fd" executionId="9950b1b3-b6d4-4ac5-9682-09ac6150b692" testListId="8c84fa94-04c1-424b-9868-57a2d4851a1d" />
    <TestEntry testId="467648af-fb2a-b6b9-e76e-8f94779eb7f6" executionId="99b97395-cdcb-4f3c-9d73-11decf87f8dd" testListId="8c84fa94-04c1-424b-9868-57a2d4851a1d" />
    <TestEntry testId="13153add-9bc0-f723-33ce-d424523eb081" executionId="d7ce0757-7951-47a5-a567-910a6e8901bb" testListId="8c84fa94-04c1-424b-9868-57a2d4851a1d" />
    <TestEntry testId="ec3e09c5-8729-567e-bf4a-d5990aad45d6" executionId="77e9ec31-2e17-4d8c-8a14-cc44d3944780" testListId="8c84fa94-04c1-424b-9868-57a2d4851a1d" />
    <TestEntry testId="c5f701a1-fcd5-1f87-4fee-cd5b137b31a8" executionId="e37d0350-429e-4941-a07f-c6f9b68fe8b2" testListId="8c84fa94-04c1-424b-9868-57a2d4851a1d" />
    <TestEntry testId="b634ef42-9b28-3107-af12-f47c9a5062cb" executionId="1546a128-2efc-4141-bfd5-bbbccb8f0694" testListId="8c84fa94-04c1-424b-9868-57a2d4851a1d" />
    <TestEntry testId="39dfd282-5fe4-ceef-3391-cce4f58db31f" executionId="193a6d36-f0fe-4d8e-aa52-b0dac2ab9416" testListId="8c84fa94-04c1-424b-9868-57a2d4851a1d" />
    <TestEntry testId="7b7495d8-e0d9-d205-be09-e167ea98fa50" executionId="4ee389b9-4583-4ca4-8d5d-355c83de1629" testListId="8c84fa94-04c1-424b-9868-57a2d4851a1d" />
    <TestEntry testId="ccc6233d-7912-eee3-5bd9-e05a73d46c3c" executionId="79ab56cd-2963-45da-9528-f2debcd9c260" testListId="8c84fa94-04c1-424b-9868-57a2d4851a1d" />
    <TestEntry testId="e624c53d-a1cf-0c98-22e7-54295ab64bfd" executionId="a671c41e-0dce-47ad-a79c-c9742f4b0f7a" testListId="8c84fa94-04c1-424b-9868-57a2d4851a1d" />
    <TestEntry testId="e621f990-2ff4-53a1-1046-2de89a2122fa" executionId="a7684d41-be61-41e7-ac7a-a09001a9aa5c" testListId="8c84fa94-04c1-424b-9868-57a2d4851a1d" />
    <TestEntry testId="e8533fcc-bc29-5fe3-a5ee-e79f5f2b1440" executionId="f912218b-8b2a-43b6-98c6-57fd0b8ebf88" testListId="8c84fa94-04c1-424b-9868-57a2d4851a1d" />
    <TestEntry testId="17e8d1af-7513-6e4a-a197-e678fcd6fbf1" executionId="435f12c9-9340-4793-bf99-1d582b119729" testListId="8c84fa94-04c1-424b-9868-57a2d4851a1d" />
    <TestEntry testId="7846d9ed-3cef-0cbd-2b1f-638be6a96222" executionId="c2a8df6b-4b3b-466e-b59c-27938fcd7a56" testListId="8c84fa94-04c1-424b-9868-57a2d4851a1d" />
    <TestEntry testId="4d8283f4-8639-27d1-44ac-751f4d8f3078" executionId="957b9ac2-533e-4e2e-b026-59468e3ce6c2" testListId="8c84fa94-04c1-424b-9868-57a2d4851a1d" />
    <TestEntry testId="19186bcb-3af3-b5ce-1c9e-381f7e643b61" executionId="7edb1ef1-9243-43cf-ae42-180fd9833782" testListId="8c84fa94-04c1-424b-9868-57a2d4851a1d" />
    <TestEntry testId="db3b74da-9390-9353-7e36-7ce7be8597b2" executionId="e5f6494f-174a-42d7-81bd-bbdc4bc42ca8" testListId="8c84fa94-04c1-424b-9868-57a2d4851a1d" />
    <TestEntry testId="f473e635-7655-edd1-44e6-2fcea27cde20" executionId="81e38fbd-3f42-4c9b-95bf-edac479f622e" testListId="8c84fa94-04c1-424b-9868-57a2d4851a1d" />
    <TestEntry testId="c503249d-5537-fc1c-c402-620be402a09c" executionId="f7588340-3cbc-470d-8a79-909fe072e156" testListId="8c84fa94-04c1-424b-9868-57a2d4851a1d" />
    <TestEntry testId="3b3f03b2-7036-9975-1ea0-fbee6b6a40d0" executionId="4ba40405-243c-4243-8d9a-8df857106538" testListId="8c84fa94-04c1-424b-9868-57a2d4851a1d" />
    <TestEntry testId="35a949bc-25b1-b507-0940-c12b7933499b" executionId="a9c154ba-8b1f-4f26-9136-b45cda136f53" testListId="8c84fa94-04c1-424b-9868-57a2d4851a1d" />
    <TestEntry testId="dbff4c7a-b8c7-3550-f81a-813f19773541" executionId="c925907d-9636-436a-81ce-9a5e3be15060" testListId="8c84fa94-04c1-424b-9868-57a2d4851a1d" />
    <TestEntry testId="d28a0297-760c-4cec-387e-c15f0b69f3a0" executionId="bb9cf43e-0931-4065-99e3-8b5aef816c93" testListId="8c84fa94-04c1-424b-9868-57a2d4851a1d" />
    <TestEntry testId="3ab1d9fd-ee54-2c49-9b7b-7e9dfe78dfc4" executionId="3ad86884-5110-4ff1-9ada-1c13481739b6" testListId="8c84fa94-04c1-424b-9868-57a2d4851a1d" />
    <TestEntry testId="2c201a1d-9f85-d5be-eef4-f589b3eee5e9" executionId="390b3283-1a6c-466c-a846-1b9502a663c3" testListId="8c84fa94-04c1-424b-9868-57a2d4851a1d" />
    <TestEntry testId="a4e247c1-e033-133c-2021-0a91453ae408" executionId="6ebb8d6d-f3e2-4b3f-a5bc-55fd610d1c89" testListId="8c84fa94-04c1-424b-9868-57a2d4851a1d" />
    <TestEntry testId="dac9dc92-a823-6cea-bf4c-1b3253c3dca3" executionId="f1387033-ec58-450c-ba0e-e8d58e942cfe" testListId="8c84fa94-04c1-424b-9868-57a2d4851a1d" />
    <TestEntry testId="16b669e8-8590-1a4a-5e26-b385242802e4" executionId="dd79f632-76c4-4a52-b9aa-94cad2322419" testListId="8c84fa94-04c1-424b-9868-57a2d4851a1d" />
    <TestEntry testId="22bfdebd-96a0-0b21-9eb3-2ebda1d58ee2" executionId="1b65b1ea-5a60-4710-ad9e-f73a61895100" testListId="8c84fa94-04c1-424b-9868-57a2d4851a1d" />
    <TestEntry testId="9fb46542-0618-28a9-23e6-da1922161605" executionId="7292e672-7ecb-4589-959a-1905ea74de53" testListId="8c84fa94-04c1-424b-9868-57a2d4851a1d" />
    <TestEntry testId="265af543-0d1a-56da-e209-7d56a3acc7da" executionId="cecf99ac-1696-46d3-8ca6-1ddab490e6c7" testListId="8c84fa94-04c1-424b-9868-57a2d4851a1d" />
    <TestEntry testId="8735994f-5f9e-38e3-dd8d-e45cd5a00faf" executionId="6128a8e2-884a-4ae8-a3d6-2192553515de" testListId="8c84fa94-04c1-424b-9868-57a2d4851a1d" />
    <TestEntry testId="5c211a1b-af5c-0baa-3971-de7e6e4f1565" executionId="f5d90297-472c-4d8b-97d0-e7c7e8fc95cd" testListId="8c84fa94-04c1-424b-9868-57a2d4851a1d" />
    <TestEntry testId="8d4c2e72-586a-f338-d7f5-e113d3234b28" executionId="0ba9bda1-25d3-4f3a-9862-880edaa72c40" testListId="8c84fa94-04c1-424b-9868-57a2d4851a1d" />
    <TestEntry testId="897538ba-11dc-3a08-eecb-d0948a1cd8fe" executionId="32a1abf3-6f9e-452a-a483-75af1e7f0e75" testListId="8c84fa94-04c1-424b-9868-57a2d4851a1d" />
    <TestEntry testId="7437cae0-313c-688c-b0a7-4e994a4fbb85" executionId="c8a906f8-6d43-46d1-a8a4-b89837c622ff" testListId="8c84fa94-04c1-424b-9868-57a2d4851a1d" />
    <TestEntry testId="50f24cab-68bb-0a36-1c30-0ae9a001fb12" executionId="39fb6882-c54e-4225-8b06-24405ed3ecfb" testListId="8c84fa94-04c1-424b-9868-57a2d4851a1d" />
    <TestEntry testId="b89dea80-2b79-97b6-0fdd-76dc58be24ef" executionId="aeec25fb-fa75-4afa-bd13-29c22cf6133e" testListId="8c84fa94-04c1-424b-9868-57a2d4851a1d" />
    <TestEntry testId="6fbbc600-2200-4b3a-d83e-2d0b6029d73a" executionId="cb23af9a-de3c-42d0-8474-c4e33b7c2fc0" testListId="8c84fa94-04c1-424b-9868-57a2d4851a1d" />
    <TestEntry testId="bf218aab-52af-cc9e-72e7-0a8ba644e891" executionId="4b0c5a06-f866-45fa-8ced-bef299aa8fee" testListId="8c84fa94-04c1-424b-9868-57a2d4851a1d" />
    <TestEntry testId="4fc60e12-0185-2c5a-0a5f-4321c6a89099" executionId="e8b14f47-87cf-4677-a6ca-2af483763a62" testListId="8c84fa94-04c1-424b-9868-57a2d4851a1d" />
    <TestEntry testId="8cfb34fe-4adc-92b2-4e95-dd104149bccb" executionId="a8a38e76-99c7-4479-97db-f09851ec6cdb" testListId="8c84fa94-04c1-424b-9868-57a2d4851a1d" />
    <TestEntry testId="011a8669-96b9-3bc3-27c4-fe49bafbe5b9" executionId="1fe6f074-e28d-4f39-a6f5-2a83be1819ae" testListId="8c84fa94-04c1-424b-9868-57a2d4851a1d" />
    <TestEntry testId="3d424701-5226-50f9-524c-4e51fbb2a07f" executionId="7f0692be-16b6-47a8-91d2-9b5b55563cce" testListId="8c84fa94-04c1-424b-9868-57a2d4851a1d" />
    <TestEntry testId="ef3db43b-1e0a-f198-9720-31d80f533fc8" executionId="f543393b-7262-4eb3-9ba2-3afda5c61cbe" testListId="8c84fa94-04c1-424b-9868-57a2d4851a1d" />
    <TestEntry testId="dab0ade5-f6da-c40f-8aa3-6cf074bc0e23" executionId="f3cc54a5-fd26-4f90-9e78-065bd6184803" testListId="8c84fa94-04c1-424b-9868-57a2d4851a1d" />
    <TestEntry testId="4d537f97-5a8f-3fc0-24c7-b07e074344e7" executionId="c70e71b4-825e-4882-9b99-3c1532dc65ba" testListId="8c84fa94-04c1-424b-9868-57a2d4851a1d" />
    <TestEntry testId="a34cc59c-504f-45fa-746c-15b1a11e5627" executionId="fd5bc4e3-07f1-4ce5-bb37-00713e7cd8d7" testListId="8c84fa94-04c1-424b-9868-57a2d4851a1d" />
    <TestEntry testId="363f802a-8301-cdba-d629-1b88c66660e3" executionId="1a1e9bdb-9b84-416c-a7e6-fa2ae858fe35" testListId="8c84fa94-04c1-424b-9868-57a2d4851a1d" />
    <TestEntry testId="44eff8ca-e64d-d8d4-6361-cfa3c75ede11" executionId="1b035574-09f9-45f9-9e09-cfab3165d225" testListId="8c84fa94-04c1-424b-9868-57a2d4851a1d" />
    <TestEntry testId="48363db6-7d73-92e2-7a0b-07d8a9dcb62e" executionId="5d6db0e4-6f12-49a0-ab56-706d403a22fc" testListId="8c84fa94-04c1-424b-9868-57a2d4851a1d" />
    <TestEntry testId="d6c3c325-4119-8dd1-476b-5d0386c6cccf" executionId="d53afcdc-fd31-4b96-b428-e6a29bb1f47e" testListId="8c84fa94-04c1-424b-9868-57a2d4851a1d" />
    <TestEntry testId="7afb5e69-89d1-7f64-d310-d8ca755d44a5" executionId="a5832528-fc95-47cd-89f8-39bb330ba9be" testListId="8c84fa94-04c1-424b-9868-57a2d4851a1d" />
    <TestEntry testId="5696e255-6884-a5ec-7659-9a5e21d95d2f" executionId="360ed91c-47a5-436a-b686-d5e598eb2e52" testListId="8c84fa94-04c1-424b-9868-57a2d4851a1d" />
    <TestEntry testId="e8ec249d-dc87-2471-df22-5e2bd5f5cfd6" executionId="38428ec3-d76c-4c49-92ad-51be3b5201d0" testListId="8c84fa94-04c1-424b-9868-57a2d4851a1d" />
    <TestEntry testId="db495440-895e-2929-0413-74f28674d8ff" executionId="b2319907-d3c7-431b-931b-8c4656d4d280" testListId="8c84fa94-04c1-424b-9868-57a2d4851a1d" />
    <TestEntry testId="f87c411f-32d8-e0c9-1a61-7c5c01be8af6" executionId="cdacbd6b-3521-47ad-890d-964b5cfd0da0" testListId="8c84fa94-04c1-424b-9868-57a2d4851a1d" />
    <TestEntry testId="61955263-2d18-b04f-1074-d886d947e055" executionId="97318f5a-d888-4859-bd7d-16e60cae49cc" testListId="8c84fa94-04c1-424b-9868-57a2d4851a1d" />
    <TestEntry testId="185eb6a1-d1e2-a7ae-f655-06a68724793c" executionId="12d591d4-15e7-4089-bf7c-894f5931adec" testListId="8c84fa94-04c1-424b-9868-57a2d4851a1d" />
    <TestEntry testId="ef1cb9b1-5ade-bdda-d597-f65de556664c" executionId="f2d30674-3b45-490b-af29-bfa0a2314fdb" testListId="8c84fa94-04c1-424b-9868-57a2d4851a1d" />
    <TestEntry testId="8851b8ca-4481-2bea-be87-f6ae65909b6d" executionId="915f757e-9bc4-4371-b3a7-864a1dd5955b" testListId="8c84fa94-04c1-424b-9868-57a2d4851a1d" />
    <TestEntry testId="abaeb843-e95d-5629-dacd-9477aefd8dd6" executionId="fde72e4d-ea0e-4da4-8081-50a99b837bb4" testListId="8c84fa94-04c1-424b-9868-57a2d4851a1d" />
    <TestEntry testId="0895ad80-dce9-06a7-5602-3c72da5f8da6" executionId="ea9b99f8-2e5d-47e2-be5d-1c93e8027dd0" testListId="8c84fa94-04c1-424b-9868-57a2d4851a1d" />
    <TestEntry testId="7f60703b-ccac-d67a-af2c-d0f5218965ff" executionId="bc6154ce-ff0d-4363-98ee-7f58bf5263f3" testListId="8c84fa94-04c1-424b-9868-57a2d4851a1d" />
    <TestEntry testId="0f07da2a-afe3-eb2a-982c-c9250d4e2995" executionId="b94f4c26-91f5-4a78-b3f1-732b551e97fb" testListId="8c84fa94-04c1-424b-9868-57a2d4851a1d" />
    <TestEntry testId="d2556f65-3778-bd58-eecd-ae6ccb2c7885" executionId="1fa9572d-39f7-4b2f-8dc7-dec9f9f3d946" testListId="8c84fa94-04c1-424b-9868-57a2d4851a1d" />
    <TestEntry testId="9d1fdad2-86cb-58a0-0255-a31c1f4f628b" executionId="104ded12-7661-404c-9d19-c8f695b58539" testListId="8c84fa94-04c1-424b-9868-57a2d4851a1d" />
    <TestEntry testId="605b98ce-b18c-dba8-4c19-a7179b0b35c6" executionId="91a74c2b-5c3f-4f31-a1bf-30755c7a30e7" testListId="8c84fa94-04c1-424b-9868-57a2d4851a1d" />
    <TestEntry testId="86f11f10-11c9-c8c1-f01b-fcc3e3965aaf" executionId="7f3b9060-3156-4402-baf9-de9109f496f1" testListId="8c84fa94-04c1-424b-9868-57a2d4851a1d" />
    <TestEntry testId="ef6ada67-330a-0b9a-effa-9092d4393f41" executionId="3254d4f4-f29c-459f-8e38-6162197c5e62" testListId="8c84fa94-04c1-424b-9868-57a2d4851a1d" />
    <TestEntry testId="06062712-a9f6-15e0-bf35-38dc901029e7" executionId="96dc88aa-14f0-4b97-9dd3-1e6480ea2483" testListId="8c84fa94-04c1-424b-9868-57a2d4851a1d" />
    <TestEntry testId="23dfed38-6ff8-abe4-082e-3fdb4476dc12" executionId="4466596a-c16d-4bb8-a743-735c6023878a" testListId="8c84fa94-04c1-424b-9868-57a2d4851a1d" />
    <TestEntry testId="11a672c1-3304-329d-6cef-40a099ed2b03" executionId="4c900f61-3e70-40a7-8f40-97815dee7ac3" testListId="8c84fa94-04c1-424b-9868-57a2d4851a1d" />
    <TestEntry testId="8668c16e-2e8c-3717-0d40-dca4b94235b7" executionId="eb0cc00e-cd66-4c52-84b5-7be7f80d07db" testListId="8c84fa94-04c1-424b-9868-57a2d4851a1d" />
    <TestEntry testId="6b51fd93-cfcb-0aea-d26c-8be65f40eb5a" executionId="0d44e3cb-ad93-4f11-86c5-09b640fc175c" testListId="8c84fa94-04c1-424b-9868-57a2d4851a1d" />
    <TestEntry testId="2fe5b4ab-f3f5-15bc-6481-7df383a0aa00" executionId="e51a080e-8dc0-4ce7-b5c5-e1537570ab3e" testListId="8c84fa94-04c1-424b-9868-57a2d4851a1d" />
    <TestEntry testId="6bf46c1e-b943-b7c7-5a0c-85c17aef903c" executionId="9565a6c1-5be2-4cfb-b940-00ec7004a596" testListId="8c84fa94-04c1-424b-9868-57a2d4851a1d" />
    <TestEntry testId="87b56d62-9af1-eead-6483-716ab3bb23e0" executionId="3fd859b0-162a-422e-8702-cb39abea6271" testListId="8c84fa94-04c1-424b-9868-57a2d4851a1d" />
    <TestEntry testId="d96c4133-05ac-c52a-39ad-da9730d7d1d4" executionId="8874e219-f00a-4496-8e3f-b119d65c0333" testListId="8c84fa94-04c1-424b-9868-57a2d4851a1d" />
    <TestEntry testId="0774dc1e-52ca-a68f-3053-17aa689d2f19" executionId="07c7706c-395b-4820-99f5-395b919ed3d5" testListId="8c84fa94-04c1-424b-9868-57a2d4851a1d" />
    <TestEntry testId="cfdd33be-da19-c14d-63fe-484c25830585" executionId="14821af1-75a3-41fe-976e-04a003a961b5" testListId="8c84fa94-04c1-424b-9868-57a2d4851a1d" />
    <TestEntry testId="5062168a-47a4-716c-83cf-4566eb406f51" executionId="6539066a-4ef9-4e75-8da3-bb9974933964" testListId="8c84fa94-04c1-424b-9868-57a2d4851a1d" />
    <TestEntry testId="bd7fbd33-c44c-e435-efc2-06a8c4bb49ef" executionId="b4e90fa3-c758-4da8-9214-7d4441c659b0" testListId="8c84fa94-04c1-424b-9868-57a2d4851a1d" />
    <TestEntry testId="df159263-51bd-d891-b020-758bba5e657f" executionId="83925505-e405-4c38-b8e1-fecb49204aca" testListId="8c84fa94-04c1-424b-9868-57a2d4851a1d" />
    <TestEntry testId="ea5fb2b5-6f99-ce02-6e35-cef974ce163a" executionId="30d77936-9af8-4c8b-8ba9-072cbf5b4089" testListId="8c84fa94-04c1-424b-9868-57a2d4851a1d" />
    <TestEntry testId="ddf79c4c-8da7-56b7-7410-d2ba78b09801" executionId="9fa71c05-3ff4-49b1-ae78-e371d1cd3e1d" testListId="8c84fa94-04c1-424b-9868-57a2d4851a1d" />
    <TestEntry testId="fbdaa9da-fa50-bdbe-26ce-99c244b40305" executionId="753524b5-892f-4646-b69a-ae91c32a5dd2" testListId="8c84fa94-04c1-424b-9868-57a2d4851a1d" />
    <TestEntry testId="52dad561-c47f-93be-598b-ab4dd10490eb" executionId="cf595eaf-ae72-4889-92ea-4d55d855d53c" testListId="8c84fa94-04c1-424b-9868-57a2d4851a1d" />
    <TestEntry testId="b950fa42-ed92-dfa2-1b7a-99f41db426b6" executionId="811b0b24-1b11-4e09-998f-c68f79d73915" testListId="8c84fa94-04c1-424b-9868-57a2d4851a1d" />
    <TestEntry testId="474289fd-78a2-44f4-466e-fab96cf061fe" executionId="e582667d-87de-479b-a8f2-18d0e6212373" testListId="8c84fa94-04c1-424b-9868-57a2d4851a1d" />
    <TestEntry testId="67ba80d0-ee46-5ac8-0538-37c6daf3607e" executionId="b5172d54-521e-4f5d-b990-bde466eb25bf" testListId="8c84fa94-04c1-424b-9868-57a2d4851a1d" />
    <TestEntry testId="e881bc04-2bbf-5c16-1290-362a120099d0" executionId="19a3a742-6e55-40b5-8cd0-4009ebe8c1f7" testListId="8c84fa94-04c1-424b-9868-57a2d4851a1d" />
    <TestEntry testId="82b6aab1-e835-8e28-1aa8-e6764ddd6ce8" executionId="987bd147-8ac6-43cb-9725-3c15fa4cdc2d" testListId="8c84fa94-04c1-424b-9868-57a2d4851a1d" />
    <TestEntry testId="2fe27f4d-780b-bc6e-57d1-a34e746519d2" executionId="7f9250db-c162-431a-aaf8-7a39dbee9bd9" testListId="8c84fa94-04c1-424b-9868-57a2d4851a1d" />
    <TestEntry testId="48caecef-a5fa-613e-d718-f1276bb5ba57" executionId="a088cc7f-3e79-4cf9-b83c-5c88fa914d51" testListId="8c84fa94-04c1-424b-9868-57a2d4851a1d" />
    <TestEntry testId="cdc95a43-d3d9-ea09-2bf0-c5d1cc0a2f68" executionId="d308e960-a8a6-4ba2-84da-912642b5c152" testListId="8c84fa94-04c1-424b-9868-57a2d4851a1d" />
    <TestEntry testId="e47e56e9-5385-922b-8aae-4a5f9fc8708e" executionId="eb6f119b-109d-42c1-8dbd-50ca0f39118a" testListId="8c84fa94-04c1-424b-9868-57a2d4851a1d" />
    <TestEntry testId="bed34e53-72a5-3fd2-6674-42d2c22e4e8b" executionId="f2acd633-f212-4d42-9e40-e486843b4145" testListId="8c84fa94-04c1-424b-9868-57a2d4851a1d" />
    <TestEntry testId="917e9e48-1d67-c1aa-1b6e-9c13215e36a0" executionId="084febfa-4ed0-4025-8b62-4046eaf0031e" testListId="8c84fa94-04c1-424b-9868-57a2d4851a1d" />
    <TestEntry testId="a9c9a902-559f-8aa4-faab-16816a4be232" executionId="9d760da5-77f0-4c10-aad6-8cf7adb6b887" testListId="8c84fa94-04c1-424b-9868-57a2d4851a1d" />
    <TestEntry testId="b34056e1-a0f1-b9c6-4cf9-a385bfe323c6" executionId="5d2d52a4-0982-4194-b2f1-ef7f485a0a3c" testListId="8c84fa94-04c1-424b-9868-57a2d4851a1d" />
    <TestEntry testId="d1e50dfe-89f9-2e1e-ee5f-3ce8755a7d24" executionId="33247fdb-3403-473d-b73e-d3fa81ad3983" testListId="8c84fa94-04c1-424b-9868-57a2d4851a1d" />
    <TestEntry testId="75d1fee2-de8d-1cd6-eaa6-403797b3cf12" executionId="8f8d1b50-510a-4bbb-821a-0afaec994eaa" testListId="8c84fa94-04c1-424b-9868-57a2d4851a1d" />
    <TestEntry testId="f97de579-490f-3478-7018-3655f4bebed4" executionId="0d8f7f38-e238-4663-9f4e-c51636db5d83" testListId="8c84fa94-04c1-424b-9868-57a2d4851a1d" />
    <TestEntry testId="4e688b3a-c6fa-9e06-b2ea-25f4e79d1af0" executionId="361befac-8716-4e92-bed4-68c718b6a963" testListId="8c84fa94-04c1-424b-9868-57a2d4851a1d" />
    <TestEntry testId="9395d62a-bb73-ed55-16b7-2f3d5b4afa0d" executionId="02eb6a63-668a-47ba-a6ad-c9703974642d" testListId="8c84fa94-04c1-424b-9868-57a2d4851a1d" />
    <TestEntry testId="f17c6f13-62c6-75d6-4586-0ee5d254add5" executionId="63a8633a-652d-4a5b-82dd-1a6afbb2d7e4" testListId="8c84fa94-04c1-424b-9868-57a2d4851a1d" />
    <TestEntry testId="f69da90d-10ac-e902-c8cf-752cc6502d57" executionId="63db0f9a-8554-496c-b8c7-f41ee43ab7f2" testListId="8c84fa94-04c1-424b-9868-57a2d4851a1d" />
    <TestEntry testId="f4fbfb1c-5ed6-31b9-32df-2fb927eec7fc" executionId="9ddfc4a9-f81e-474f-a40d-2a556fad8380" testListId="8c84fa94-04c1-424b-9868-57a2d4851a1d" />
    <TestEntry testId="244ddabb-e392-9319-5f0f-5351f15a9ac9" executionId="9edd5b81-0ba7-49ee-98d7-4db5da9f988a" testListId="8c84fa94-04c1-424b-9868-57a2d4851a1d" />
    <TestEntry testId="6b882545-0a6d-aed1-f25f-b5bd7a59a2f3" executionId="0ee00265-a182-4236-996e-eb8354b4ff0b" testListId="8c84fa94-04c1-424b-9868-57a2d4851a1d" />
    <TestEntry testId="45a98e74-dccd-011e-e0c0-d734f1cc5ec4" executionId="e35819db-525f-4766-ab39-d87757cb05de" testListId="8c84fa94-04c1-424b-9868-57a2d4851a1d" />
    <TestEntry testId="bd59e0c8-65f6-24f7-250c-df15260ab31a" executionId="107d53f9-837b-4391-87a0-ce8bcee93853" testListId="8c84fa94-04c1-424b-9868-57a2d4851a1d" />
    <TestEntry testId="b39dab9a-0d55-2e3f-5d47-ce0f5ed831f6" executionId="a2937731-faf5-45c1-84d8-868d603a6946" testListId="8c84fa94-04c1-424b-9868-57a2d4851a1d" />
    <TestEntry testId="de25e89d-7e39-180e-63d8-8a6c03a05fc0" executionId="0906d7e4-fbf9-49f8-b38e-4ed6c1492db5" testListId="8c84fa94-04c1-424b-9868-57a2d4851a1d" />
    <TestEntry testId="09d5c966-f53d-e4e1-2d68-1fc4cd5c9934" executionId="f147360d-7d97-421f-ad7f-e6e7acb2990b" testListId="8c84fa94-04c1-424b-9868-57a2d4851a1d" />
    <TestEntry testId="b389fce4-9131-dbd6-6cb1-9add0a76b08c" executionId="d6bbb91f-fc40-43d5-9172-aedd58757c53" testListId="8c84fa94-04c1-424b-9868-57a2d4851a1d" />
    <TestEntry testId="55323239-0a74-748e-14c5-c6ce0fbffcf4" executionId="99a53239-7a10-40a8-a5f3-e51b99d0cde1" testListId="8c84fa94-04c1-424b-9868-57a2d4851a1d" />
    <TestEntry testId="f92e77b4-ee0e-9f1a-2342-b94f560f0dac" executionId="c09d1585-e914-439b-8165-aa326c1c4083" testListId="8c84fa94-04c1-424b-9868-57a2d4851a1d" />
    <TestEntry testId="236a92cf-3924-1f9e-9e0c-dac1bdd2fdae" executionId="877e038b-1533-4b84-a732-93cb4372764e" testListId="8c84fa94-04c1-424b-9868-57a2d4851a1d" />
    <TestEntry testId="21d2f5b5-8824-b5dc-5b55-bc862d5c638c" executionId="4accab99-d3f5-4bac-9b01-03bfa750542f" testListId="8c84fa94-04c1-424b-9868-57a2d4851a1d" />
    <TestEntry testId="4727a2e5-b0ef-54dd-d5b7-4bdc9cbfa65b" executionId="527f5566-f514-4081-8686-5d156f515e9e" testListId="8c84fa94-04c1-424b-9868-57a2d4851a1d" />
    <TestEntry testId="f5642f76-0883-ad8b-d556-29e3eb347cee" executionId="b230f14c-3fe6-409a-af44-5de3ebab1754" testListId="8c84fa94-04c1-424b-9868-57a2d4851a1d" />
    <TestEntry testId="16e225c7-ff41-4d1e-ea8a-a910d30a164b" executionId="9c5ed6d0-80d5-4865-9d0b-4a3644b0fd46" testListId="8c84fa94-04c1-424b-9868-57a2d4851a1d" />
    <TestEntry testId="78387f85-e5e6-fa65-b4de-446c8486e80c" executionId="58a4d59e-18b3-497d-b52d-848e25def426" testListId="8c84fa94-04c1-424b-9868-57a2d4851a1d" />
    <TestEntry testId="098b15f3-4cbc-4c40-9ad2-8835c9d6e501" executionId="feb8246f-a835-47e1-bb8c-273bf524bc19" testListId="8c84fa94-04c1-424b-9868-57a2d4851a1d" />
    <TestEntry testId="c86af186-3a97-3d11-9fd7-06dc90451dd3" executionId="deac405c-0779-414b-92ba-ce4464b1bb6c" testListId="8c84fa94-04c1-424b-9868-57a2d4851a1d" />
    <TestEntry testId="a7cd429d-9ea9-105f-832c-f5c0d894de31" executionId="1b8b5e4e-7651-4529-a92a-e236a3c329f5" testListId="8c84fa94-04c1-424b-9868-57a2d4851a1d" />
    <TestEntry testId="4d473892-3743-8866-0d73-fc4fe78c5f0e" executionId="99afd8bd-154e-479b-a94a-89f9b5e47448" testListId="8c84fa94-04c1-424b-9868-57a2d4851a1d" />
    <TestEntry testId="9cb43f95-30da-e6bd-d3fb-74053a6f7143" executionId="ec784c5c-fbfa-45ba-80d6-47615aec57d9" testListId="8c84fa94-04c1-424b-9868-57a2d4851a1d" />
    <TestEntry testId="a57e4f15-3c8a-cc65-2059-f1f5f83c9ba5" executionId="0917327b-75c5-47f7-880c-57fdad38a8c0" testListId="8c84fa94-04c1-424b-9868-57a2d4851a1d" />
    <TestEntry testId="13760aec-c151-d4f0-b168-bf9cab7e1792" executionId="823032e6-b6ab-4524-aae4-7c7bd951a8c7" testListId="8c84fa94-04c1-424b-9868-57a2d4851a1d" />
    <TestEntry testId="98b1c38a-5944-2142-0122-daf0761a7b67" executionId="22430fa3-df8b-41d9-812b-52012daef238" testListId="8c84fa94-04c1-424b-9868-57a2d4851a1d" />
    <TestEntry testId="b292ce2e-5824-fb2a-2909-216dafdf7687" executionId="88d9c937-da45-4b24-8e65-1c1d7d6e4aa3" testListId="8c84fa94-04c1-424b-9868-57a2d4851a1d" />
    <TestEntry testId="3f13a7b6-337e-e068-e2f4-569bb1afc599" executionId="1a0a0516-137a-41c5-9202-dbda0a0f58fc" testListId="8c84fa94-04c1-424b-9868-57a2d4851a1d" />
    <TestEntry testId="10c60c49-fc34-a570-7e27-f72cbc125676" executionId="f60f2ab5-6e3a-4618-aed9-b7ac501d4bd2" testListId="8c84fa94-04c1-424b-9868-57a2d4851a1d" />
    <TestEntry testId="ef8414b8-93fc-9937-7131-0c62836c71c1" executionId="9788c522-e2f7-4256-8fdc-088d524d55ef" testListId="8c84fa94-04c1-424b-9868-57a2d4851a1d" />
    <TestEntry testId="1dfcddc7-2376-1f70-3151-1b7cb4b3c7c1" executionId="24277abd-767b-46c4-b70e-b137dd6ff204" testListId="8c84fa94-04c1-424b-9868-57a2d4851a1d" />
    <TestEntry testId="b5c65171-5bde-d993-6882-e95aac21805c" executionId="7bb15d82-b178-450e-bacc-7fd69783f44b" testListId="8c84fa94-04c1-424b-9868-57a2d4851a1d" />
    <TestEntry testId="512ec98d-2185-5ebc-b040-4a9df6c7ed1a" executionId="401a27a9-7910-4fa9-9ab0-b343a803926f" testListId="8c84fa94-04c1-424b-9868-57a2d4851a1d" />
    <TestEntry testId="472f486e-769d-9d63-2be1-4ee1c9a10ec8" executionId="822bde8a-3bbf-45c0-aa70-08c2e2c10a8e" testListId="8c84fa94-04c1-424b-9868-57a2d4851a1d" />
    <TestEntry testId="39856355-a5fb-aec1-b06d-ff7431c95990" executionId="0e9f0f75-d035-489e-8e40-ff38e00e8ee4" testListId="8c84fa94-04c1-424b-9868-57a2d4851a1d" />
    <TestEntry testId="3c08c190-08d7-dfc9-ae9e-484d70f645bc" executionId="bafc19a9-3e99-4984-9376-fe74297c45ba" testListId="8c84fa94-04c1-424b-9868-57a2d4851a1d" />
    <TestEntry testId="ac4d6dc8-ac9c-ed69-2ea1-c142e3a580cd" executionId="1526424b-ac9b-4846-9ed5-382544aa8c94" testListId="8c84fa94-04c1-424b-9868-57a2d4851a1d" />
    <TestEntry testId="e4ef8062-0dbe-6974-71e4-0c8dfc386479" executionId="423ffc4e-1aa9-4a1a-992d-1c93c11ffe68" testListId="8c84fa94-04c1-424b-9868-57a2d4851a1d" />
    <TestEntry testId="7105bf79-1b8a-62bc-ff30-e967b860c8fb" executionId="c1269572-6eee-4fa9-bbb7-3bac18a82e54" testListId="8c84fa94-04c1-424b-9868-57a2d4851a1d" />
    <TestEntry testId="3c116de1-cd29-a2eb-b3ef-190f69cec8ec" executionId="41471565-19da-4c5f-bd35-f5ad3c0291a2" testListId="8c84fa94-04c1-424b-9868-57a2d4851a1d" />
    <TestEntry testId="6f76a51f-b8cd-e6f5-cb70-61af9779673e" executionId="46d081c5-3cc8-4883-94ee-8f2ef1d3b0be" testListId="8c84fa94-04c1-424b-9868-57a2d4851a1d" />
    <TestEntry testId="d40c6e0c-b4ac-c82e-a0d9-6e696ff5e301" executionId="86d13576-d161-4a4e-98e8-a19a142d757e" testListId="8c84fa94-04c1-424b-9868-57a2d4851a1d" />
    <TestEntry testId="bd4840b2-65f4-1738-f51a-39c1c1a95ff4" executionId="e806502c-e628-4b65-a2aa-717d61da280e" testListId="8c84fa94-04c1-424b-9868-57a2d4851a1d" />
    <TestEntry testId="14b6413c-e1eb-0334-1dc2-58a621540c17" executionId="37f0309b-9962-45fc-ac2e-8135b9cad7c8" testListId="8c84fa94-04c1-424b-9868-57a2d4851a1d" />
    <TestEntry testId="cbba7763-672f-ddfc-9a60-f6df272eaad6" executionId="d32c4927-5499-4cef-9400-e82b3d946af7" testListId="8c84fa94-04c1-424b-9868-57a2d4851a1d" />
    <TestEntry testId="47f688d2-7bfa-d12d-71a0-9be24af61148" executionId="e9ea7a3f-f750-4310-b445-3ddb96fe433d" testListId="8c84fa94-04c1-424b-9868-57a2d4851a1d" />
    <TestEntry testId="54aad836-ba4f-5dbf-bad2-7c309c3d8a21" executionId="77f4aab6-bb7a-4400-9b38-21ee07ba6d45" testListId="8c84fa94-04c1-424b-9868-57a2d4851a1d" />
    <TestEntry testId="f2f029e7-8888-f5a1-ddde-656322b453e5" executionId="fb1cb5f2-72a6-4fe1-9ac6-a2f0f1e503f5" testListId="8c84fa94-04c1-424b-9868-57a2d4851a1d" />
    <TestEntry testId="eb0227c1-b25a-b6ec-c3b3-242fa974349b" executionId="f800d22a-b3e4-4517-ad04-5c1aab3d7427" testListId="8c84fa94-04c1-424b-9868-57a2d4851a1d" />
    <TestEntry testId="39187814-7948-31bd-4290-daef6ab2e603" executionId="b6203f90-55ce-421a-a962-15e13f61ce93" testListId="8c84fa94-04c1-424b-9868-57a2d4851a1d" />
    <TestEntry testId="eacb19b9-5be6-0659-6867-c371141d3e61" executionId="861dc93f-70f0-42b7-b758-9fb7f3d1635c" testListId="8c84fa94-04c1-424b-9868-57a2d4851a1d" />
    <TestEntry testId="0f0fd9c4-310b-8f5e-8547-15872b5cb4b0" executionId="ea3d445f-9539-42c2-8931-d1fa08d01f9e" testListId="8c84fa94-04c1-424b-9868-57a2d4851a1d" />
    <TestEntry testId="4dcc4c87-6654-099d-1fa3-33b06e586a9e" executionId="f4d84f3d-d34e-4d1c-b1b1-a3a787151394" testListId="8c84fa94-04c1-424b-9868-57a2d4851a1d" />
    <TestEntry testId="2e474251-5f54-ef3f-b13d-35076f43dc38" executionId="ee160139-5770-46b9-bae3-b664e7c5e45d" testListId="8c84fa94-04c1-424b-9868-57a2d4851a1d" />
    <TestEntry testId="9d68ecd9-7bbb-710d-bc5c-7fb6bcf70625" executionId="0c23b13c-f15f-4f66-b786-84efe8cf4da1" testListId="8c84fa94-04c1-424b-9868-57a2d4851a1d" />
    <TestEntry testId="04deb678-c0aa-afd7-f73a-807625f6aa4a" executionId="8783788f-7dbb-4ac2-ba3e-7664a483dbf8" testListId="8c84fa94-04c1-424b-9868-57a2d4851a1d" />
    <TestEntry testId="c7cdf179-33e4-784c-82e2-b5da92e111f8" executionId="acb036b6-fdc7-442f-9ae6-78f314482b28" testListId="8c84fa94-04c1-424b-9868-57a2d4851a1d" />
    <TestEntry testId="349b454a-4a6b-82e1-71a0-9c64f08b3642" executionId="71aa549f-1bbb-46ba-b70c-49877e5f623e" testListId="8c84fa94-04c1-424b-9868-57a2d4851a1d" />
    <TestEntry testId="bd159b72-9284-1885-d99e-8e5744e9e126" executionId="d6fbb559-5bf3-44d6-815e-36fa74b645b8" testListId="8c84fa94-04c1-424b-9868-57a2d4851a1d" />
    <TestEntry testId="4e7127f8-744d-1e07-a920-a821e9fe9f93" executionId="cc64d9d6-da38-49dd-be77-9fc6a7892e1a" testListId="8c84fa94-04c1-424b-9868-57a2d4851a1d" />
    <TestEntry testId="5242f9b9-ee1f-923c-f0c3-d5fb3e0359c6" executionId="19d09bdb-4d11-4b94-9b59-677da560b2d4" testListId="8c84fa94-04c1-424b-9868-57a2d4851a1d" />
    <TestEntry testId="efc2d993-18be-3c80-9e27-1d4e6cfd44ac" executionId="86139f4b-1f38-41a2-ba6c-7dd9cf90a41b" testListId="8c84fa94-04c1-424b-9868-57a2d4851a1d" />
    <TestEntry testId="131c3a52-0a16-0ae5-0512-93dbda72ea85" executionId="17a21197-748a-4e30-9ae3-ae8bc9f9a704" testListId="8c84fa94-04c1-424b-9868-57a2d4851a1d" />
    <TestEntry testId="40b5fac7-b71c-8e77-a229-0b6dd2bc7930" executionId="b202a334-3888-4183-aa79-660851c1664d" testListId="8c84fa94-04c1-424b-9868-57a2d4851a1d" />
    <TestEntry testId="60b85a90-aaf8-7e93-2f6c-9526d81382d3" executionId="67414b39-a639-4caa-912d-a484c52e85d5" testListId="8c84fa94-04c1-424b-9868-57a2d4851a1d" />
    <TestEntry testId="ffdd3661-fbf5-5fd8-8d4d-955844eb2b7f" executionId="3f9aa613-8f47-4872-bd39-9789e8fae165" testListId="8c84fa94-04c1-424b-9868-57a2d4851a1d" />
    <TestEntry testId="f66c2c72-8186-4752-6374-d287cc46a9fe" executionId="defd6c91-1587-4443-9c68-a1d92cfa8943" testListId="8c84fa94-04c1-424b-9868-57a2d4851a1d" />
    <TestEntry testId="357dbec3-6c88-60fc-92df-88a3a0d59998" executionId="813af7de-2701-4384-abdf-df222893b076" testListId="8c84fa94-04c1-424b-9868-57a2d4851a1d" />
    <TestEntry testId="266b6884-84e9-585c-ee2b-eff743317cdb" executionId="bcfd3f4b-78b4-4e11-9403-f25144024878" testListId="8c84fa94-04c1-424b-9868-57a2d4851a1d" />
    <TestEntry testId="50b7ff87-3945-9d72-59f5-8be54b69e4af" executionId="ba62040f-d836-4771-88c9-7b40fab8706f" testListId="8c84fa94-04c1-424b-9868-57a2d4851a1d" />
    <TestEntry testId="16241dba-eaf4-0213-d6e5-c7da05851618" executionId="ef166d56-0008-4961-9243-48fc53786734" testListId="8c84fa94-04c1-424b-9868-57a2d4851a1d" />
    <TestEntry testId="625b6eef-9fde-b5ef-1db7-16257d35bad4" executionId="8577d648-3ebe-4feb-b025-8aeb36a37bd2" testListId="8c84fa94-04c1-424b-9868-57a2d4851a1d" />
    <TestEntry testId="222f7168-7e34-cd8e-2834-adc8122c855d" executionId="1119c9c8-cda4-465d-834d-a305e8b10d4f" testListId="8c84fa94-04c1-424b-9868-57a2d4851a1d" />
    <TestEntry testId="57a7a709-5f41-6a40-bb89-55bb8181b369" executionId="044571dd-ce51-442c-9eb8-5353350c6e59" testListId="8c84fa94-04c1-424b-9868-57a2d4851a1d" />
    <TestEntry testId="164b891a-cd2a-f888-7f37-eb0e28476c0f" executionId="0668fc10-c1c0-4288-b5fa-1a4fa565d753" testListId="8c84fa94-04c1-424b-9868-57a2d4851a1d" />
    <TestEntry testId="11236b60-ddaa-8517-7929-26428de182b4" executionId="f8cc205e-c2fc-4cd0-8383-757a320da571" testListId="8c84fa94-04c1-424b-9868-57a2d4851a1d" />
    <TestEntry testId="ccffac2f-6628-9393-88cb-889ebe715882" executionId="dc2c43cd-abf1-44e2-b5e2-96b2d80680d5" testListId="8c84fa94-04c1-424b-9868-57a2d4851a1d" />
    <TestEntry testId="b334286c-9c15-1dd5-c77e-1b9fe030040e" executionId="f47ca4d3-7bdd-411c-b3cf-171498f1573f" testListId="8c84fa94-04c1-424b-9868-57a2d4851a1d" />
    <TestEntry testId="74f87d91-26ae-d1ee-e1f8-2525d41bbd83" executionId="7b2cf6ce-c44a-40b4-8d66-3796f8c07197" testListId="8c84fa94-04c1-424b-9868-57a2d4851a1d" />
    <TestEntry testId="9847e038-8e7e-bbcd-0cca-216082d13779" executionId="609e9b2f-a57e-4680-b558-91000d3cbaf1" testListId="8c84fa94-04c1-424b-9868-57a2d4851a1d" />
    <TestEntry testId="2deffabc-0f2a-cf1f-0473-12f60ef9456b" executionId="3dc474cf-b51b-479a-a289-c0c6ee8fe7be" testListId="8c84fa94-04c1-424b-9868-57a2d4851a1d" />
    <TestEntry testId="7e9381b8-1011-a83d-71c0-1a4700f44a6a" executionId="0bba09c8-3362-4f3b-81a6-49cd67677892" testListId="8c84fa94-04c1-424b-9868-57a2d4851a1d" />
    <TestEntry testId="fea88c74-eaa4-e751-b2f0-898db2073835" executionId="c4494b5d-e15d-4d8f-85a4-02230172a4a8" testListId="8c84fa94-04c1-424b-9868-57a2d4851a1d" />
    <TestEntry testId="fee75939-4381-ef54-486d-351d5845cf43" executionId="ddd2551a-0f0e-4aaa-be09-e92c06724c8b" testListId="8c84fa94-04c1-424b-9868-57a2d4851a1d" />
    <TestEntry testId="31b0f7a4-7814-de1a-ba42-99fccbedaf77" executionId="dc39a633-8e9f-49b6-9c39-8632f2fc2ac2" testListId="8c84fa94-04c1-424b-9868-57a2d4851a1d" />
    <TestEntry testId="0d7388ec-535d-bdbd-7333-2708e1a2ca4e" executionId="89f66f23-32c6-4fa4-9c0f-5dc6d6309bf7" testListId="8c84fa94-04c1-424b-9868-57a2d4851a1d" />
    <TestEntry testId="c27f5798-ba92-8771-15a7-731f0a36872c" executionId="66d9cb5f-61fa-4c1c-9640-0f6b73c1e38f" testListId="8c84fa94-04c1-424b-9868-57a2d4851a1d" />
    <TestEntry testId="3481e80b-1f65-cc03-2307-099b3c1f0f7c" executionId="2302c09a-7eab-4b05-a979-01fef2afcec3" testListId="8c84fa94-04c1-424b-9868-57a2d4851a1d" />
    <TestEntry testId="da642cc4-82fe-b6d1-55ca-0b6105cd1909" executionId="8347db49-4fe9-4dda-833d-548dd7d2aceb" testListId="8c84fa94-04c1-424b-9868-57a2d4851a1d" />
    <TestEntry testId="e4949cfa-e33d-2fd1-5bcc-b5f6b9db1ce9" executionId="85eb1cd8-41a6-499b-9ffd-b310de32e37a" testListId="8c84fa94-04c1-424b-9868-57a2d4851a1d" />
    <TestEntry testId="f54f88da-7c5b-63a5-454a-c31c248124f8" executionId="3db93eaa-6eb8-46b1-8eca-51108a3993c4" testListId="8c84fa94-04c1-424b-9868-57a2d4851a1d" />
    <TestEntry testId="ef1d6b74-13c8-dcd2-26ac-7f5ae1d5273c" executionId="8bb4a7f0-1a9c-433f-acdd-fb2022fd79b6" testListId="8c84fa94-04c1-424b-9868-57a2d4851a1d" />
    <TestEntry testId="105843c0-8d25-e16e-687e-24c0c02b7966" executionId="909eed4b-b4e2-4737-b3d4-a530aeb56ca2" testListId="8c84fa94-04c1-424b-9868-57a2d4851a1d" />
    <TestEntry testId="a412f5de-b33e-e409-c4ae-50c16bfae988" executionId="664196b9-0b80-4ef1-ac89-e6dc908a4c9f" testListId="8c84fa94-04c1-424b-9868-57a2d4851a1d" />
    <TestEntry testId="70966e50-d79f-4259-d654-7885bec2e3ae" executionId="04a397ec-8cc4-4ffc-bcfa-34fd14d123df" testListId="8c84fa94-04c1-424b-9868-57a2d4851a1d" />
    <TestEntry testId="9a91ff0d-5561-cbe9-f49d-60edb014a514" executionId="2a556f96-01ca-4efb-841a-46c8d863fa73" testListId="8c84fa94-04c1-424b-9868-57a2d4851a1d" />
    <TestEntry testId="a17b2044-60f5-4812-5bc4-2de8d6ca5463" executionId="b8abe481-65e5-4939-9ad1-9332b2688e74" testListId="8c84fa94-04c1-424b-9868-57a2d4851a1d" />
    <TestEntry testId="28e678a0-2d75-ba44-cf85-f12a6e015f2f" executionId="2e5d2327-6e33-4fcc-ac5c-2e11bf5cc386" testListId="8c84fa94-04c1-424b-9868-57a2d4851a1d" />
    <TestEntry testId="82fbae66-d014-68f8-a29c-7a33350f0be4" executionId="1efe5485-aa18-4e40-ba86-b3cfc62ac998" testListId="8c84fa94-04c1-424b-9868-57a2d4851a1d" />
    <TestEntry testId="aa9cc0cb-14c6-ae07-bdfd-bae5f2a9924a" executionId="3b2c2e39-f126-4445-b7e1-5db8aaecd9d8" testListId="8c84fa94-04c1-424b-9868-57a2d4851a1d" />
    <TestEntry testId="79e2a514-0ea2-3daf-f0aa-1fc63dbc9aa2" executionId="403225a3-f9ad-4498-8c67-0a2fe271d426" testListId="8c84fa94-04c1-424b-9868-57a2d4851a1d" />
    <TestEntry testId="49936fc4-4825-29e4-106c-2b5397c160c6" executionId="732d2b3d-19ab-496f-afc2-db23030d9d3a" testListId="8c84fa94-04c1-424b-9868-57a2d4851a1d" />
    <TestEntry testId="456e732c-388b-f135-86e0-02f4f82041c1" executionId="f1df89d6-b352-42f8-83c5-07985336cf3b" testListId="8c84fa94-04c1-424b-9868-57a2d4851a1d" />
    <TestEntry testId="e7c5d70f-845a-794e-5db5-61ecf0bcf4a3" executionId="c66280ff-50de-4b4a-a906-1989bba9e5ff" testListId="8c84fa94-04c1-424b-9868-57a2d4851a1d" />
    <TestEntry testId="81f4be93-f58a-fe7a-4fed-525380a4a47a" executionId="223d08fc-bb27-428b-b5fb-e7b2a63b7996" testListId="8c84fa94-04c1-424b-9868-57a2d4851a1d" />
    <TestEntry testId="a8aeaf6c-55aa-4255-8afb-adec0e7c74a8" executionId="4c49e5c8-d920-4ac9-9769-d185e03cab81" testListId="8c84fa94-04c1-424b-9868-57a2d4851a1d" />
    <TestEntry testId="e8d09c68-4f4a-59e8-3c44-66cd53ed8164" executionId="5d6da0f4-8513-46d1-9891-3464218f50e6" testListId="8c84fa94-04c1-424b-9868-57a2d4851a1d" />
    <TestEntry testId="1f8d595f-ee42-36d5-5d96-e0c86c183647" executionId="b1dc07c2-0500-49f1-9b59-beaad32baeec" testListId="8c84fa94-04c1-424b-9868-57a2d4851a1d" />
    <TestEntry testId="f681d49e-3f25-06a7-6205-1c8f2398b635" executionId="4b5103b5-1edd-4182-ac9f-3d1bf565fb3e" testListId="8c84fa94-04c1-424b-9868-57a2d4851a1d" />
    <TestEntry testId="85b4abf3-134f-3845-e5fb-2d701e34abae" executionId="8b113f5b-6718-4941-a249-143f16aaae3f" testListId="8c84fa94-04c1-424b-9868-57a2d4851a1d" />
    <TestEntry testId="4efab8f9-2009-4299-fc70-4c6c544935fe" executionId="f767f7ea-cef3-4ffc-a0f0-66a1f6b817ee" testListId="8c84fa94-04c1-424b-9868-57a2d4851a1d" />
    <TestEntry testId="aa3a386d-4e0e-5a63-1b9c-2e9bdb13caac" executionId="63fd6edb-3bfe-4093-8f36-350ed4fdd6a7" testListId="8c84fa94-04c1-424b-9868-57a2d4851a1d" />
    <TestEntry testId="dec4b2e5-eff9-2a89-8e71-4aef758046da" executionId="1c48dc40-dc08-4a26-a421-c9bf8786ca6f" testListId="8c84fa94-04c1-424b-9868-57a2d4851a1d" />
    <TestEntry testId="4b89d93e-7058-25e8-68ff-2910059c6bc1" executionId="179c527b-f136-4827-93b6-cfe88b99b1cd" testListId="8c84fa94-04c1-424b-9868-57a2d4851a1d" />
    <TestEntry testId="80448ca3-d219-127e-a239-9050478b7a03" executionId="efee2183-c41d-4666-90ae-96c0b4542266" testListId="8c84fa94-04c1-424b-9868-57a2d4851a1d" />
    <TestEntry testId="fcc50950-38b5-c695-4000-d6bf47ed8831" executionId="455b1a7d-f96a-4a26-bf33-c50030258fe0" testListId="8c84fa94-04c1-424b-9868-57a2d4851a1d" />
    <TestEntry testId="847d8ff3-d803-cf60-f02c-496786a7423f" executionId="c45921bc-7be3-4939-8bb6-db4c0804ed8b" testListId="8c84fa94-04c1-424b-9868-57a2d4851a1d" />
    <TestEntry testId="742450a8-e573-0feb-532b-212dbe3a2108" executionId="51122ee3-88fa-4ff9-9576-8588a6465806" testListId="8c84fa94-04c1-424b-9868-57a2d4851a1d" />
    <TestEntry testId="1d7cc1dd-bfaa-4d32-a622-84b65b12bf5d" executionId="1eab477a-ead4-45a4-b758-4df392f841e2" testListId="8c84fa94-04c1-424b-9868-57a2d4851a1d" />
    <TestEntry testId="2084ff50-0c57-008d-1c5e-051f3c6d2a19" executionId="f0f9bfc9-5ea8-4759-ad31-0a417d769ebc" testListId="8c84fa94-04c1-424b-9868-57a2d4851a1d" />
    <TestEntry testId="0ff73cd5-37ec-83b6-cca6-080e829305d1" executionId="e9e38d24-a099-4f6a-b638-8e3ca052d078" testListId="8c84fa94-04c1-424b-9868-57a2d4851a1d" />
    <TestEntry testId="045fcd17-dfed-1627-66be-e391ac5023f4" executionId="761c6b84-f26c-4d8a-b38b-d4ac76817e5e" testListId="8c84fa94-04c1-424b-9868-57a2d4851a1d" />
    <TestEntry testId="e397fe5c-dda2-b97d-97d4-6dd12c3d68a3" executionId="db5f8549-14ca-424a-82ef-3410d141b963" testListId="8c84fa94-04c1-424b-9868-57a2d4851a1d" />
    <TestEntry testId="c6c7d0b1-8655-bb37-7b06-f95f79a47486" executionId="777e47da-66f7-477a-a140-f21669eae706" testListId="8c84fa94-04c1-424b-9868-57a2d4851a1d" />
    <TestEntry testId="017f2681-1481-dbaa-ea0e-6a10d0c9b02d" executionId="11522f30-e9b7-4d73-83f3-c2c4c4767a86" testListId="8c84fa94-04c1-424b-9868-57a2d4851a1d" />
    <TestEntry testId="38aa400d-53ce-7d63-25db-acb1a6beac35" executionId="8b0a08f9-50b0-4d95-bc21-1ebc7414d3c2" testListId="8c84fa94-04c1-424b-9868-57a2d4851a1d" />
    <TestEntry testId="f3c32f73-938b-755c-965c-616e71f330bf" executionId="235eb3ca-20f1-4845-bfa0-9f5915576e8a" testListId="8c84fa94-04c1-424b-9868-57a2d4851a1d" />
    <TestEntry testId="621f5184-bf98-2fcc-5c3b-580eeb41f3a6" executionId="9664c289-63c3-4b45-8141-85a1043f2dbe" testListId="8c84fa94-04c1-424b-9868-57a2d4851a1d" />
    <TestEntry testId="dd50d1ab-aaa8-9c9d-a472-909eef6612ee" executionId="fe422b79-1677-4fe8-8d84-fd8a5be1fe46" testListId="8c84fa94-04c1-424b-9868-57a2d4851a1d" />
    <TestEntry testId="9dc87ca8-7c89-25db-241a-e9ae33f8a42e" executionId="bb6e0f78-bcf0-436b-b5a3-47c6451e50a1" testListId="8c84fa94-04c1-424b-9868-57a2d4851a1d" />
    <TestEntry testId="f037f0e5-645a-5ce7-bffe-ad45531b131d" executionId="914f45c0-e863-48eb-b90d-67de25669554" testListId="8c84fa94-04c1-424b-9868-57a2d4851a1d" />
    <TestEntry testId="af6775fd-d269-907e-4174-20941ea53792" executionId="e6c54352-b7b6-43b5-9ff9-4ba1ad400912" testListId="8c84fa94-04c1-424b-9868-57a2d4851a1d" />
    <TestEntry testId="7bbc11f3-00e0-acc2-4df2-e8e0d97bb209" executionId="e055c958-a803-4d0a-9c7c-07328675336c" testListId="8c84fa94-04c1-424b-9868-57a2d4851a1d" />
    <TestEntry testId="4a5c20cb-2c1d-4475-6cd5-7c6e3e33b758" executionId="098dc779-3937-473e-b6df-a596327896b0" testListId="8c84fa94-04c1-424b-9868-57a2d4851a1d" />
    <TestEntry testId="a8873542-1747-c963-22ae-667f3818d7ed" executionId="e8fdf1b2-2e45-4994-8465-936392f0f2f9" testListId="8c84fa94-04c1-424b-9868-57a2d4851a1d" />
    <TestEntry testId="dc5791cb-7903-211e-65c9-770b2ab7868e" executionId="109c2682-d8a3-4cea-a7d3-6a85ecfdd3b8" testListId="8c84fa94-04c1-424b-9868-57a2d4851a1d" />
    <TestEntry testId="28ef9235-5d17-493e-f387-17901bee93d7" executionId="86cbd518-6b57-4e13-b696-0fbcfa91ca41" testListId="8c84fa94-04c1-424b-9868-57a2d4851a1d" />
    <TestEntry testId="d6c18a40-784b-6849-0320-923e0a1eba0e" executionId="f4f4278e-a742-433a-bef8-26f060526748" testListId="8c84fa94-04c1-424b-9868-57a2d4851a1d" />
    <TestEntry testId="8b06dbf8-2d8a-5226-9011-d08c484cab2f" executionId="d3edb17d-511c-4354-88c0-e721943f2abb" testListId="8c84fa94-04c1-424b-9868-57a2d4851a1d" />
    <TestEntry testId="c4344ebc-44df-a5d3-990c-fd3ab1fb80b1" executionId="7ff91cb8-2668-4c6f-954b-3000a5512b44" testListId="8c84fa94-04c1-424b-9868-57a2d4851a1d" />
    <TestEntry testId="f35f6eae-a2f2-9704-db53-5b689fdd1bea" executionId="37c6eb88-627d-4bdd-9044-5f5865092867" testListId="8c84fa94-04c1-424b-9868-57a2d4851a1d" />
    <TestEntry testId="7d18c862-cf05-abcb-0928-990c2f1e2fc6" executionId="7b9e3707-a1fe-4966-8aa4-9ba60227231c" testListId="8c84fa94-04c1-424b-9868-57a2d4851a1d" />
  </TestEntries>
  <TestLists>
    <TestList name="Results Not in a List" id="8c84fa94-04c1-424b-9868-57a2d4851a1d" />
    <TestList name="All Loaded Results" id="19431567-8539-422a-85d7-44ee4e166bda" />
  </TestLists>
  <ResultSummary outcome="Completed">
    <Counters total="255" executed="255" passed="255" failed="0" error="0" timeout="0" aborted="0" inconclusive="0" passedButRunAborted="0" notRunnable="0" notExecuted="0" disconnected="0" warning="0" completed="0" inProgress="0" pending="0" />
    <Output>
      <StdOut>[xUnit.net 00:00:00.00] xUnit.net VSTest Adapter v2.4.1 (64-bit .NET Core 4.6.27817.03)&#xD;
[xUnit.net 00:00:12.19]   Discovering: Nzr.ToolBox.Core.Tests&#xD;
[xUnit.net 00:00:12.39]   Discovered:  Nzr.ToolBox.Core.Tests&#xD;
[xUnit.net 00:00:12.40]   Starting:    Nzr.ToolBox.Core.Tests&#xD;
[xUnit.net 00:00:13.61]   Finished:    Nzr.ToolBox.Core.Tests&#xD;
</StdOut>
    </Output>
  </ResultSummary>
</TestRun>