<?xml version="1.0" encoding="utf-8"?>
<TestRun id="e870b113-ad4c-406c-805b-c8d0612ab827" name="mario.santos@BLMG01DE-NTB014 2020-01-13 17:41:54" runUser="BLIVE-TI\mario.santos" xmlns="http://microsoft.com/schemas/VisualStudio/TeamTest/2010">
  <Times creation="2020-01-13T17:41:54.8762594-03:00" queuing="2020-01-13T17:41:54.8762608-03:00" start="2020-01-13T17:41:53.7839928-03:00" finish="2020-01-13T17:41:55.1493720-03:00" />
  <TestSettings name="default" id="a33566b9-910e-401d-931a-627ac7e86c2e">
    <Deployment runDeploymentRoot="mario.santos_BLMG01DE-NTB014_2020-01-13_17_41_54" />
  </TestSettings>
  <Results>
    <UnitTestResult executionId="001f303c-41d5-4dc1-b652-45dcfc678fd8" testId="b634ef42-9b28-3107-af12-f47c9a5062cb" testName="Nzr.ToolBox.Core.Tests.StringUtilsTest.Suffix_WithExistingSuffixAndOverride_ShouldAddSuffix" computerName="BLMG01DE-NTB014" duration="00:00:00.0010000" startTime="2020-01-13T17:41:54.8599617-03:00" endTime="2020-01-13T17:41:54.8599617-03:00" testType="13cdc9d9-ddb5-4fa4-a97d-d965ccfc6d4b" outcome="Passed" testListId="8c84fa94-04c1-424b-9868-57a2d4851a1d" relativeResultsDirectory="001f303c-41d5-4dc1-b652-45dcfc678fd8" />
    <UnitTestResult executionId="c9ca4437-e4ec-4be4-953b-ac12c3aa6896" testId="c27f5798-ba92-8771-15a7-731f0a36872c" testName="Nzr.ToolBox.Core.Tests.BooleanUtilsTests.Describe_WihTrueValueAndWitCustomYesString_ShouldReturnCustomString" computerName="BLMG01DE-NTB014" duration="00:00:00.0010000" startTime="2020-01-13T17:41:54.8518547-03:00" endTime="2020-01-13T17:41:54.8518548-03:00" testType="13cdc9d9-ddb5-4fa4-a97d-d965ccfc6d4b" outcome="Passed" testListId="8c84fa94-04c1-424b-9868-57a2d4851a1d" relativeResultsDirectory="c9ca4437-e4ec-4be4-953b-ac12c3aa6896" />
    <UnitTestResult executionId="d8d9b8b3-d5a3-44f9-bb83-8fb14b627be8" testId="4efab8f9-2009-4299-fc70-4c6c544935fe" testName="Nzr.ToolBox.Core.Tests.CollectionUtilsTests.Contains_WithNonExistingItem_ShouldReturnFalse" computerName="BLMG01DE-NTB014" duration="00:00:00.0020000" startTime="2020-01-13T17:41:54.8712134-03:00" endTime="2020-01-13T17:41:54.8712134-03:00" testType="13cdc9d9-ddb5-4fa4-a97d-d965ccfc6d4b" outcome="Passed" testListId="8c84fa94-04c1-424b-9868-57a2d4851a1d" relativeResultsDirectory="d8d9b8b3-d5a3-44f9-bb83-8fb14b627be8" />
    <UnitTestResult executionId="dde3bd63-1734-4f6c-b6a9-4feddaf1ace8" testId="9847e038-8e7e-bbcd-0cca-216082d13779" testName="Nzr.ToolBox.Core.Tests.StringUtilsTest.Format_WithFormatString_ShouldReturnFormatedString" computerName="BLMG01DE-NTB014" duration="00:00:00.0010000" startTime="2020-01-13T17:41:54.8754613-03:00" endTime="2020-01-13T17:41:54.8754616-03:00" testType="13cdc9d9-ddb5-4fa4-a97d-d965ccfc6d4b" outcome="Passed" testListId="8c84fa94-04c1-424b-9868-57a2d4851a1d" relativeResultsDirectory="dde3bd63-1734-4f6c-b6a9-4feddaf1ace8" />
    <UnitTestResult executionId="b5369cfb-e1db-4c65-9ccb-4a809a1222d5" testId="c503249d-5537-fc1c-c402-620be402a09c" testName="Nzr.ToolBox.Core.Tests.BooleanUtilsTests.IsAnyTrue_WithOneTrueValue_ShouldReturnTrue" computerName="BLMG01DE-NTB014" duration="00:00:00.0010000" startTime="2020-01-13T17:41:54.8572798-03:00" endTime="2020-01-13T17:41:54.8572799-03:00" testType="13cdc9d9-ddb5-4fa4-a97d-d965ccfc6d4b" outcome="Passed" testListId="8c84fa94-04c1-424b-9868-57a2d4851a1d" relativeResultsDirectory="b5369cfb-e1db-4c65-9ccb-4a809a1222d5" />
    <UnitTestResult executionId="116b7dc4-c0da-4be2-ada0-d62760561f85" testId="265af543-0d1a-56da-e209-7d56a3acc7da" testName="Nzr.ToolBox.Core.Tests.StringUtilsTest.RemoveStart_WithNull_ShouldReturnNull" computerName="BLMG01DE-NTB014" duration="00:00:00.0010000" startTime="2020-01-13T17:41:54.8654797-03:00" endTime="2020-01-13T17:41:54.8654798-03:00" testType="13cdc9d9-ddb5-4fa4-a97d-d965ccfc6d4b" outcome="Passed" testListId="8c84fa94-04c1-424b-9868-57a2d4851a1d" relativeResultsDirectory="116b7dc4-c0da-4be2-ada0-d62760561f85" />
    <UnitTestResult executionId="3d6aa053-2143-42f3-bd32-019431782129" testId="8668c16e-2e8c-3717-0d40-dca4b94235b7" testName="Nzr.ToolBox.Core.Tests.StringUtilsTest.RemoveDiacritics_WithString_ShouldReturnStringWihtouDiacritics" computerName="BLMG01DE-NTB014" duration="00:00:00.0010000" startTime="2020-01-13T17:41:54.8655784-03:00" endTime="2020-01-13T17:41:54.8655784-03:00" testType="13cdc9d9-ddb5-4fa4-a97d-d965ccfc6d4b" outcome="Passed" testListId="8c84fa94-04c1-424b-9868-57a2d4851a1d" relativeResultsDirectory="3d6aa053-2143-42f3-bd32-019431782129" />
    <UnitTestResult executionId="65d836ce-a774-4002-8b62-aac557437a4d" testId="52d99a4c-3e0d-3433-cee1-97bb1b8bac8c" testName="Nzr.ToolBox.Core.Tests.StringUtilsTest.Equal_WithIgnoreDiacriticsOptionAndWithOneNullValues_ShouldReturnFalse" computerName="BLMG01DE-NTB014" duration="00:00:00.0010000" startTime="2020-01-13T17:41:54.8667059-03:00" endTime="2020-01-13T17:41:54.8667061-03:00" testType="13cdc9d9-ddb5-4fa4-a97d-d965ccfc6d4b" outcome="Passed" testListId="8c84fa94-04c1-424b-9868-57a2d4851a1d" relativeResultsDirectory="65d836ce-a774-4002-8b62-aac557437a4d" />
    <UnitTestResult executionId="57dd82d4-48ac-4d10-997a-8f52523319a2" testId="e397fe5c-dda2-b97d-97d4-6dd12c3d68a3" testName="Nzr.ToolBox.Core.Tests.StringUtilsTest.GetFirstNonEmpty_WithNonEmptyString_ShouldReturnNonEmptyString" computerName="BLMG01DE-NTB014" duration="00:00:00.0010000" startTime="2020-01-13T17:41:54.8652810-03:00" endTime="2020-01-13T17:41:54.8652810-03:00" testType="13cdc9d9-ddb5-4fa4-a97d-d965ccfc6d4b" outcome="Passed" testListId="8c84fa94-04c1-424b-9868-57a2d4851a1d" relativeResultsDirectory="57dd82d4-48ac-4d10-997a-8f52523319a2" />
    <UnitTestResult executionId="7f5ebaf0-b6fc-4a7d-9af1-b59941d56b69" testId="b5c65171-5bde-d993-6882-e95aac21805c" testName="Nzr.ToolBox.Core.Tests.StringUtilsTest.ContainsAll_WithNullStringContainigAllNullSubstrings_ShouldReturnTrue" computerName="BLMG01DE-NTB014" duration="00:00:00.0010000" startTime="2020-01-13T17:41:54.8743782-03:00" endTime="2020-01-13T17:41:54.8743783-03:00" testType="13cdc9d9-ddb5-4fa4-a97d-d965ccfc6d4b" outcome="Passed" testListId="8c84fa94-04c1-424b-9868-57a2d4851a1d" relativeResultsDirectory="7f5ebaf0-b6fc-4a7d-9af1-b59941d56b69" />
    <UnitTestResult executionId="bdd15c25-ea98-4f37-9a9e-3d132a6686fd" testId="164b891a-cd2a-f888-7f37-eb0e28476c0f" testName="Nzr.ToolBox.Core.Tests.ObjectUtilsTest.LastNonNull_WithAnyNonNull_ShouldReturnLastNonNull" computerName="BLMG01DE-NTB014" duration="00:00:00.0010000" startTime="2020-01-13T17:41:54.9574057-03:00" endTime="2020-01-13T17:41:54.9574060-03:00" testType="13cdc9d9-ddb5-4fa4-a97d-d965ccfc6d4b" outcome="Passed" testListId="8c84fa94-04c1-424b-9868-57a2d4851a1d" relativeResultsDirectory="bdd15c25-ea98-4f37-9a9e-3d132a6686fd" />
    <UnitTestResult executionId="a24a58d5-88a2-4539-95e1-b66b7999c92a" testId="3b3f03b2-7036-9975-1ea0-fbee6b6a40d0" testName="Nzr.ToolBox.Core.Tests.CollectionUtilsTests.EmptyIfNull_WithNonNullGenericEnumerable_ShouldTheEnumerable" computerName="BLMG01DE-NTB014" duration="00:00:00.0010000" startTime="2020-01-13T17:41:54.8588845-03:00" endTime="2020-01-13T17:41:54.8588849-03:00" testType="13cdc9d9-ddb5-4fa4-a97d-d965ccfc6d4b" outcome="Passed" testListId="8c84fa94-04c1-424b-9868-57a2d4851a1d" relativeResultsDirectory="a24a58d5-88a2-4539-95e1-b66b7999c92a" />
    <UnitTestResult executionId="01cf4420-a63d-4b16-940a-d4b5588445df" testId="87b56d62-9af1-eead-6483-716ab3bb23e0" testName="Nzr.ToolBox.Core.Tests.StringUtilsTest.ContainsAll_WithNullStringNotContainigAllSubstrings_ShouldReturnFalse" computerName="BLMG01DE-NTB014" duration="00:00:00.0010000" startTime="2020-01-13T17:41:54.8654284-03:00" endTime="2020-01-13T17:41:54.8654284-03:00" testType="13cdc9d9-ddb5-4fa4-a97d-d965ccfc6d4b" outcome="Passed" testListId="8c84fa94-04c1-424b-9868-57a2d4851a1d" relativeResultsDirectory="01cf4420-a63d-4b16-940a-d4b5588445df" />
    <UnitTestResult executionId="d152a8d1-0d56-44a9-8d40-1483e76b3740" testId="7afb5e69-89d1-7f64-d310-d8ca755d44a5" testName="Nzr.ToolBox.Core.Tests.NumberUtilsTest.Sum_ShouldReturnSummedValues" computerName="BLMG01DE-NTB014" duration="00:00:00.0040000" startTime="2020-01-13T17:41:54.8555406-03:00" endTime="2020-01-13T17:41:54.8555406-03:00" testType="13cdc9d9-ddb5-4fa4-a97d-d965ccfc6d4b" outcome="Passed" testListId="8c84fa94-04c1-424b-9868-57a2d4851a1d" relativeResultsDirectory="d152a8d1-0d56-44a9-8d40-1483e76b3740" />
    <UnitTestResult executionId="28468357-0222-4572-9d36-0cbc1671012f" testId="2fe5b4ab-f3f5-15bc-6481-7df383a0aa00" testName="Nzr.ToolBox.Core.Tests.CollectionUtilsTests.ContainsAll_WithNullSourceEnumerable_ShouldReturnFalse" computerName="BLMG01DE-NTB014" duration="00:00:00.0010000" startTime="2020-01-13T17:41:54.8677821-03:00" endTime="2020-01-13T17:41:54.8677821-03:00" testType="13cdc9d9-ddb5-4fa4-a97d-d965ccfc6d4b" outcome="Passed" testListId="8c84fa94-04c1-424b-9868-57a2d4851a1d" relativeResultsDirectory="28468357-0222-4572-9d36-0cbc1671012f" />
    <UnitTestResult executionId="aea6dd38-e4b7-43f0-9f35-1a8e0c697f4b" testId="13760aec-c151-d4f0-b168-bf9cab7e1792" testName="Nzr.ToolBox.Core.Tests.StringUtilsTest.DescribeIfNone_WithEmpty_ShouldReturnEmptyString" computerName="BLMG01DE-NTB014" duration="00:00:00.0010000" startTime="2020-01-13T17:41:54.8637897-03:00" endTime="2020-01-13T17:41:54.8637898-03:00" testType="13cdc9d9-ddb5-4fa4-a97d-d965ccfc6d4b" outcome="Passed" testListId="8c84fa94-04c1-424b-9868-57a2d4851a1d" relativeResultsDirectory="aea6dd38-e4b7-43f0-9f35-1a8e0c697f4b" />
    <UnitTestResult executionId="0e5ba21b-ee79-49eb-886c-c8a72423340e" testId="8cfb34fe-4adc-92b2-4e95-dd104149bccb" testName="Nzr.ToolBox.Core.Tests.StringUtilsTest.Repeat_WithNonNull_ShouldReturnValuesTimesGiven" computerName="BLMG01DE-NTB014" duration="00:00:00.0010000" startTime="2020-01-13T17:41:54.8710839-03:00" endTime="2020-01-13T17:41:54.8710842-03:00" testType="13cdc9d9-ddb5-4fa4-a97d-d965ccfc6d4b" outcome="Passed" testListId="8c84fa94-04c1-424b-9868-57a2d4851a1d" relativeResultsDirectory="0e5ba21b-ee79-49eb-886c-c8a72423340e" />
    <UnitTestResult executionId="0baeb73a-11f4-4b51-b934-c79904e34fbe" testId="57a7a709-5f41-6a40-bb89-55bb8181b369" testName="Nzr.ToolBox.Core.Tests.StringUtilsTest.DefaultIfBlank_WitBlankString_ShouldReturnDefault" computerName="BLMG01DE-NTB014" duration="00:00:00.0030000" startTime="2020-01-13T17:41:54.8378912-03:00" endTime="2020-01-13T17:41:54.8378916-03:00" testType="13cdc9d9-ddb5-4fa4-a97d-d965ccfc6d4b" outcome="Passed" testListId="8c84fa94-04c1-424b-9868-57a2d4851a1d" relativeResultsDirectory="0baeb73a-11f4-4b51-b934-c79904e34fbe" />
    <UnitTestResult executionId="f33df048-99b4-433f-b84e-e971da6f7b22" testId="48363db6-7d73-92e2-7a0b-07d8a9dcb62e" testName="Nzr.ToolBox.Core.Tests.CollectionUtilsTests.Add_WithNullCollection_ShouldNotAddAllElements" computerName="BLMG01DE-NTB014" duration="00:00:00.0010000" startTime="2020-01-13T17:41:54.8775488-03:00" endTime="2020-01-13T17:41:54.8775488-03:00" testType="13cdc9d9-ddb5-4fa4-a97d-d965ccfc6d4b" outcome="Passed" testListId="8c84fa94-04c1-424b-9868-57a2d4851a1d" relativeResultsDirectory="f33df048-99b4-433f-b84e-e971da6f7b22" />
    <UnitTestResult executionId="b209d5f1-3ce4-4713-867d-0e6172e62268" testId="d96c4133-05ac-c52a-39ad-da9730d7d1d4" testName="Nzr.ToolBox.Core.Tests.ReflectionUtilsTest.GetPropertyNames_WithEntity_ShouldReturnPropertyNames" computerName="BLMG01DE-NTB014" duration="00:00:00.0040000" startTime="2020-01-13T17:41:54.8472113-03:00" endTime="2020-01-13T17:41:54.8472113-03:00" testType="13cdc9d9-ddb5-4fa4-a97d-d965ccfc6d4b" outcome="Passed" testListId="8c84fa94-04c1-424b-9868-57a2d4851a1d" relativeResultsDirectory="b209d5f1-3ce4-4713-867d-0e6172e62268" />
    <UnitTestResult executionId="d1816240-d83e-4406-a64f-6f353bb7e091" testId="0ff73cd5-37ec-83b6-cca6-080e829305d1" testName="Nzr.ToolBox.Core.Tests.BooleanUtilsTests.IsAllFalse_WithAllFalseValues_ShouldReturnTrue" computerName="BLMG01DE-NTB014" duration="00:00:00.0010000" startTime="2020-01-13T17:41:54.8562755-03:00" endTime="2020-01-13T17:41:54.8562756-03:00" testType="13cdc9d9-ddb5-4fa4-a97d-d965ccfc6d4b" outcome="Passed" testListId="8c84fa94-04c1-424b-9868-57a2d4851a1d" relativeResultsDirectory="d1816240-d83e-4406-a64f-6f353bb7e091" />
    <UnitTestResult executionId="9f3f7f6e-c424-4135-8909-c90b99ac09d3" testId="045fcd17-dfed-1627-66be-e391ac5023f4" testName="Nzr.ToolBox.Core.Tests.StringUtilsTest.Truncate_WithNull_ShouldReturnNull" computerName="BLMG01DE-NTB014" duration="00:00:00.0010000" startTime="2020-01-13T17:41:54.8574226-03:00" endTime="2020-01-13T17:41:54.8574227-03:00" testType="13cdc9d9-ddb5-4fa4-a97d-d965ccfc6d4b" outcome="Passed" testListId="8c84fa94-04c1-424b-9868-57a2d4851a1d" relativeResultsDirectory="9f3f7f6e-c424-4135-8909-c90b99ac09d3" />
    <UnitTestResult executionId="96e1bcc7-04c7-4254-8d7e-f6599db5c3cc" testId="86f11f10-11c9-c8c1-f01b-fcc3e3965aaf" testName="Nzr.ToolBox.Core.Tests.CollectionUtilsTests.EmptyIfNull_WithNullEnumerable_ShouldNewEnumerable" computerName="BLMG01DE-NTB014" duration="00:00:00.0010000" startTime="2020-01-13T17:41:54.8745684-03:00" endTime="2020-01-13T17:41:54.8745685-03:00" testType="13cdc9d9-ddb5-4fa4-a97d-d965ccfc6d4b" outcome="Passed" testListId="8c84fa94-04c1-424b-9868-57a2d4851a1d" relativeResultsDirectory="96e1bcc7-04c7-4254-8d7e-f6599db5c3cc" />
    <UnitTestResult executionId="68593e2b-bb3e-4f64-a689-82291fea5d1b" testId="c6c7d0b1-8655-bb37-7b06-f95f79a47486" testName="Nzr.ToolBox.Core.Tests.ObjectUtilsTest.IsAnyNull_WithAllNonNull_ShouldReturnFalse" computerName="BLMG01DE-NTB014" duration="00:00:00.0010000" startTime="2020-01-13T17:41:54.9598584-03:00" endTime="2020-01-13T17:41:54.9598586-03:00" testType="13cdc9d9-ddb5-4fa4-a97d-d965ccfc6d4b" outcome="Passed" testListId="8c84fa94-04c1-424b-9868-57a2d4851a1d" relativeResultsDirectory="68593e2b-bb3e-4f64-a689-82291fea5d1b" />
    <UnitTestResult executionId="75ec1201-1388-4e1f-8ee6-6d6284e53dc3" testId="9cb43f95-30da-e6bd-d3fb-74053a6f7143" testName="Nzr.ToolBox.Core.Tests.DateTimeUtilsTest.FromEpoch_WithEpoch_ShouldReturnDateTime" computerName="BLMG01DE-NTB014" duration="00:00:00.0100000" startTime="2020-01-13T17:41:54.7851088-03:00" endTime="2020-01-13T17:41:54.7851088-03:00" testType="13cdc9d9-ddb5-4fa4-a97d-d965ccfc6d4b" outcome="Passed" testListId="8c84fa94-04c1-424b-9868-57a2d4851a1d" relativeResultsDirectory="75ec1201-1388-4e1f-8ee6-6d6284e53dc3" />
    <UnitTestResult executionId="a1451a63-6b0a-40a8-b5d9-ff9e79572b81" testId="b292ce2e-5824-fb2a-2909-216dafdf7687" testName="Nzr.ToolBox.Core.Tests.StringUtilsTest.IsNotBlank_WithEmptyString_ShouldReturnFalse" computerName="BLMG01DE-NTB014" duration="00:00:00.0010000" startTime="2020-01-13T17:41:54.8678671-03:00" endTime="2020-01-13T17:41:54.8678671-03:00" testType="13cdc9d9-ddb5-4fa4-a97d-d965ccfc6d4b" outcome="Passed" testListId="8c84fa94-04c1-424b-9868-57a2d4851a1d" relativeResultsDirectory="a1451a63-6b0a-40a8-b5d9-ff9e79572b81" />
    <UnitTestResult executionId="ec3c94f8-dce6-4d98-b5b3-2f012bcf64c4" testId="85b4abf3-134f-3845-e5fb-2d701e34abae" testName="Nzr.ToolBox.Core.Tests.StringUtilsTest.GetFirstNonBlank_WithNonBlankString_ShouldReturnNonBlankString" computerName="BLMG01DE-NTB014" duration="00:00:00.0010000" startTime="2020-01-13T17:41:54.8445032-03:00" endTime="2020-01-13T17:41:54.8445032-03:00" testType="13cdc9d9-ddb5-4fa4-a97d-d965ccfc6d4b" outcome="Passed" testListId="8c84fa94-04c1-424b-9868-57a2d4851a1d" relativeResultsDirectory="ec3c94f8-dce6-4d98-b5b3-2f012bcf64c4" />
    <UnitTestResult executionId="0f56c3cc-8a57-4d42-8718-d9a435f99759" testId="eacb19b9-5be6-0659-6867-c371141d3e61" testName="Nzr.ToolBox.Core.Tests.StringUtilsTest.ContainsAll_WithStringNotContainigAllSubstrings_ShouldReturnFalse" computerName="BLMG01DE-NTB014" duration="00:00:00.0010000" startTime="2020-01-13T17:41:54.8599261-03:00" endTime="2020-01-13T17:41:54.8599262-03:00" testType="13cdc9d9-ddb5-4fa4-a97d-d965ccfc6d4b" outcome="Passed" testListId="8c84fa94-04c1-424b-9868-57a2d4851a1d" relativeResultsDirectory="0f56c3cc-8a57-4d42-8718-d9a435f99759" />
    <UnitTestResult executionId="b2b6cd37-d7a6-4db2-9176-2852691246b8" testId="4b89d93e-7058-25e8-68ff-2910059c6bc1" testName="Nzr.ToolBox.Core.Tests.RandomUtilsTest.RandomString_WithSpecificChars_ShouldReturnSpecificString" computerName="BLMG01DE-NTB014" duration="00:00:00.0280000" startTime="2020-01-13T17:41:55.0516896-03:00" endTime="2020-01-13T17:41:55.0516899-03:00" testType="13cdc9d9-ddb5-4fa4-a97d-d965ccfc6d4b" outcome="Passed" testListId="8c84fa94-04c1-424b-9868-57a2d4851a1d" relativeResultsDirectory="b2b6cd37-d7a6-4db2-9176-2852691246b8" />
    <UnitTestResult executionId="75e74f4c-06c3-408f-8f71-15c0cc9446e6" testId="ccffac2f-6628-9393-88cb-889ebe715882" testName="Nzr.ToolBox.Core.Tests.StringUtilsTest.Truncate_WithStringLargerThanLimit_ShouldReturnTruncatedString" computerName="BLMG01DE-NTB014" duration="00:00:00.0010000" startTime="2020-01-13T17:41:54.8711838-03:00" endTime="2020-01-13T17:41:54.8711838-03:00" testType="13cdc9d9-ddb5-4fa4-a97d-d965ccfc6d4b" outcome="Passed" testListId="8c84fa94-04c1-424b-9868-57a2d4851a1d" relativeResultsDirectory="75e74f4c-06c3-408f-8f71-15c0cc9446e6" />
    <UnitTestResult executionId="bd5cd5cf-1796-4913-b80b-4b485ebe375d" testId="39187814-7948-31bd-4290-daef6ab2e603" testName="Nzr.ToolBox.Core.Tests.CollectionUtilsTests.IndexOf_WithNonExistingItem_ShouldReturnMinusOne" computerName="BLMG01DE-NTB014" duration="00:00:00.0050000" startTime="2020-01-13T17:41:54.8400510-03:00" endTime="2020-01-13T17:41:54.8400510-03:00" testType="13cdc9d9-ddb5-4fa4-a97d-d965ccfc6d4b" outcome="Passed" testListId="8c84fa94-04c1-424b-9868-57a2d4851a1d" relativeResultsDirectory="bd5cd5cf-1796-4913-b80b-4b485ebe375d" />
    <UnitTestResult executionId="2dd7075f-9c0b-485d-90e4-c50b30b74ee2" testId="6b882545-0a6d-aed1-f25f-b5bd7a59a2f3" testName="Nzr.ToolBox.Core.Tests.StringUtilsTest.IsAnyBlank_WithNullStrings_ShouldReturnTrue" computerName="BLMG01DE-NTB014" duration="00:00:00.0010000" startTime="2020-01-13T17:41:54.8554981-03:00" endTime="2020-01-13T17:41:54.8554981-03:00" testType="13cdc9d9-ddb5-4fa4-a97d-d965ccfc6d4b" outcome="Passed" testListId="8c84fa94-04c1-424b-9868-57a2d4851a1d" relativeResultsDirectory="2dd7075f-9c0b-485d-90e4-c50b30b74ee2" />
    <UnitTestResult executionId="b694e79a-f611-4d5b-a494-a123f3a0d73b" testId="c4344ebc-44df-a5d3-990c-fd3ab1fb80b1" testName="Nzr.ToolBox.Core.Tests.NumberUtilsTest.ToBinary_WithNumberWithPrefix_ShouldReturnBinaryWithPrefix" computerName="BLMG01DE-NTB014" duration="00:00:00.0010000" startTime="2020-01-13T17:41:54.8563303-03:00" endTime="2020-01-13T17:41:54.8563303-03:00" testType="13cdc9d9-ddb5-4fa4-a97d-d965ccfc6d4b" outcome="Passed" testListId="8c84fa94-04c1-424b-9868-57a2d4851a1d" relativeResultsDirectory="b694e79a-f611-4d5b-a494-a123f3a0d73b" />
    <UnitTestResult executionId="ac02805b-4987-4073-850c-775394b5960f" testId="dc5791cb-7903-211e-65c9-770b2ab7868e" testName="Nzr.ToolBox.Core.Tests.ObjectUtilsTest.IfNotNull_WithNullValue_ShouldThrowException" computerName="BLMG01DE-NTB014" duration="00:00:00.0010000" startTime="2020-01-13T17:41:54.9565687-03:00" endTime="2020-01-13T17:41:54.9565688-03:00" testType="13cdc9d9-ddb5-4fa4-a97d-d965ccfc6d4b" outcome="Passed" testListId="8c84fa94-04c1-424b-9868-57a2d4851a1d" relativeResultsDirectory="ac02805b-4987-4073-850c-775394b5960f" />
    <UnitTestResult executionId="0d09c22f-2829-4029-905d-d35cbcccfb0f" testId="098b15f3-4cbc-4c40-9ad2-8835c9d6e501" testName="Nzr.ToolBox.Core.Tests.BooleanUtilsTests.ToBool_WithPositiveString_ShouldReturnTrue(value: &quot;Y&quot;)" computerName="BLMG01DE-NTB014" duration="00:00:00.0010000" startTime="2020-01-13T17:41:54.8470863-03:00" endTime="2020-01-13T17:41:54.8470865-03:00" testType="13cdc9d9-ddb5-4fa4-a97d-d965ccfc6d4b" outcome="Passed" testListId="8c84fa94-04c1-424b-9868-57a2d4851a1d" relativeResultsDirectory="0d09c22f-2829-4029-905d-d35cbcccfb0f" />
    <UnitTestResult executionId="4f521cda-27f0-4fff-bff0-3ceb1369b26e" testId="19186bcb-3af3-b5ce-1c9e-381f7e643b61" testName="Nzr.ToolBox.Core.Tests.BooleanUtilsTests.ToBool_WithPositiveString_ShouldReturnTrue(value: &quot;Oui&quot;)" computerName="BLMG01DE-NTB014" duration="00:00:00.0010000" startTime="2020-01-13T17:41:54.8463545-03:00" endTime="2020-01-13T17:41:54.8463545-03:00" testType="13cdc9d9-ddb5-4fa4-a97d-d965ccfc6d4b" outcome="Passed" testListId="8c84fa94-04c1-424b-9868-57a2d4851a1d" relativeResultsDirectory="4f521cda-27f0-4fff-bff0-3ceb1369b26e" />
    <UnitTestResult executionId="12c2cd45-d857-49ce-86ac-7be3b83c55af" testId="0d7388ec-535d-bdbd-7333-2708e1a2ca4e" testName="Nzr.ToolBox.Core.Tests.StringUtilsTest.IsNotEmpty_WithEmptyString_ShouldReturnFalse" computerName="BLMG01DE-NTB014" duration="00:00:00.0010000" startTime="2020-01-13T17:41:54.8689898-03:00" endTime="2020-01-13T17:41:54.8689899-03:00" testType="13cdc9d9-ddb5-4fa4-a97d-d965ccfc6d4b" outcome="Passed" testListId="8c84fa94-04c1-424b-9868-57a2d4851a1d" relativeResultsDirectory="12c2cd45-d857-49ce-86ac-7be3b83c55af" />
    <UnitTestResult executionId="37cd98ce-956f-46a5-90cd-ad8f8ad758c6" testId="79e2a514-0ea2-3daf-f0aa-1fc63dbc9aa2" testName="Nzr.ToolBox.Core.Tests.StringUtilsTest.Suffix_WithNullString_ShouldReturnSuffix" computerName="BLMG01DE-NTB014" duration="00:00:00.0010000" startTime="2020-01-13T17:41:54.8573525-03:00" endTime="2020-01-13T17:41:54.8573526-03:00" testType="13cdc9d9-ddb5-4fa4-a97d-d965ccfc6d4b" outcome="Passed" testListId="8c84fa94-04c1-424b-9868-57a2d4851a1d" relativeResultsDirectory="37cd98ce-956f-46a5-90cd-ad8f8ad758c6" />
    <UnitTestResult executionId="ebf5d85f-620e-4a3c-bdec-f38d5bdc99fc" testId="fbdaa9da-fa50-bdbe-26ce-99c244b40305" testName="Nzr.ToolBox.Core.Tests.StringUtilsTest.Append_WithNullString_ShouldReturnNull" computerName="BLMG01DE-NTB014" duration="00:00:00.0010000" startTime="2020-01-13T17:41:54.8610207-03:00" endTime="2020-01-13T17:41:54.8610207-03:00" testType="13cdc9d9-ddb5-4fa4-a97d-d965ccfc6d4b" outcome="Passed" testListId="8c84fa94-04c1-424b-9868-57a2d4851a1d" relativeResultsDirectory="ebf5d85f-620e-4a3c-bdec-f38d5bdc99fc" />
    <UnitTestResult executionId="bbd6e85e-eafc-4060-8fe9-ae0d56cd2d6c" testId="349b454a-4a6b-82e1-71a0-9c64f08b3642" testName="Nzr.ToolBox.Core.Tests.ObjectUtilsTest.IfNull_WithNotNullValue_ShouldExecuteNotNullAction" computerName="BLMG01DE-NTB014" duration="00:00:00.0010000" startTime="2020-01-13T17:41:54.9619172-03:00" endTime="2020-01-13T17:41:54.9619174-03:00" testType="13cdc9d9-ddb5-4fa4-a97d-d965ccfc6d4b" outcome="Passed" testListId="8c84fa94-04c1-424b-9868-57a2d4851a1d" relativeResultsDirectory="bbd6e85e-eafc-4060-8fe9-ae0d56cd2d6c" />
    <UnitTestResult executionId="139c39c7-9fa6-422c-946b-c16908b818b2" testId="d2556f65-3778-bd58-eecd-ae6ccb2c7885" testName="Nzr.ToolBox.Core.Tests.NumberUtilsTest.Max_ShouldReturnMaxValues" computerName="BLMG01DE-NTB014" duration="00:00:00.0030000" startTime="2020-01-13T17:41:54.8589448-03:00" endTime="2020-01-13T17:41:54.8589449-03:00" testType="13cdc9d9-ddb5-4fa4-a97d-d965ccfc6d4b" outcome="Passed" testListId="8c84fa94-04c1-424b-9868-57a2d4851a1d" relativeResultsDirectory="139c39c7-9fa6-422c-946b-c16908b818b2" />
    <UnitTestResult executionId="d0c27ab1-7da5-44cd-9d0a-c0b3d86ab36a" testId="e4949cfa-e33d-2fd1-5bcc-b5f6b9db1ce9" testName="Nzr.ToolBox.Core.Tests.StringUtilsTest.Reverse_WithString_ShouldReturnReversedString" computerName="BLMG01DE-NTB014" duration="00:00:00.0010000" startTime="2020-01-13T17:41:54.8609927-03:00" endTime="2020-01-13T17:41:54.8609927-03:00" testType="13cdc9d9-ddb5-4fa4-a97d-d965ccfc6d4b" outcome="Passed" testListId="8c84fa94-04c1-424b-9868-57a2d4851a1d" relativeResultsDirectory="d0c27ab1-7da5-44cd-9d0a-c0b3d86ab36a" />
    <UnitTestResult executionId="5840df56-984c-4e44-bdcc-71da50dde764" testId="aa3a386d-4e0e-5a63-1b9c-2e9bdb13caac" testName="Nzr.ToolBox.Core.Tests.StringUtilsTest.ContainsAny_WithStringContainingOneOfSubstring_ShouldReturnTrue" computerName="BLMG01DE-NTB014" duration="00:00:00.0010000" startTime="2020-01-13T17:41:54.8486258-03:00" endTime="2020-01-13T17:41:54.8486259-03:00" testType="13cdc9d9-ddb5-4fa4-a97d-d965ccfc6d4b" outcome="Passed" testListId="8c84fa94-04c1-424b-9868-57a2d4851a1d" relativeResultsDirectory="5840df56-984c-4e44-bdcc-71da50dde764" />
    <UnitTestResult executionId="16351f8d-5b98-4183-84c7-01483643728c" testId="472f486e-769d-9d63-2be1-4ee1c9a10ec8" testName="Nzr.ToolBox.Core.Tests.CollectionUtilsTests.ForEach_WithNullList_ShouldNotExecuteAction" computerName="BLMG01DE-NTB014" duration="00:00:00.0010000" startTime="2020-01-13T17:41:54.8755562-03:00" endTime="2020-01-13T17:41:54.8755562-03:00" testType="13cdc9d9-ddb5-4fa4-a97d-d965ccfc6d4b" outcome="Passed" testListId="8c84fa94-04c1-424b-9868-57a2d4851a1d" relativeResultsDirectory="16351f8d-5b98-4183-84c7-01483643728c" />
    <UnitTestResult executionId="eb07ad4e-01bb-455f-8389-15769b6c194e" testId="16b669e8-8590-1a4a-5e26-b385242802e4" testName="Nzr.ToolBox.Core.Tests.RandomUtilsTest.RandomBoolean_ShouldReturnUniqueValues(iterations: 10000, seed: 1)" computerName="BLMG01DE-NTB014" duration="00:00:00.0280000" startTime="2020-01-13T17:41:54.8745276-03:00" endTime="2020-01-13T17:41:54.8745277-03:00" testType="13cdc9d9-ddb5-4fa4-a97d-d965ccfc6d4b" outcome="Passed" testListId="8c84fa94-04c1-424b-9868-57a2d4851a1d" relativeResultsDirectory="eb07ad4e-01bb-455f-8389-15769b6c194e" />
    <UnitTestResult executionId="62c2e290-fced-471e-9a76-cd47e41d0f29" testId="f681d49e-3f25-06a7-6205-1c8f2398b635" testName="Nzr.ToolBox.Core.Tests.BooleanUtilsTests.ToBool_WithPositiveNonZero_ShouldReturnTrue(b: 1, s: 1, i: 1, l: 1, f: 1, d: 1, m: 1)" computerName="BLMG01DE-NTB014" duration="00:00:00.0010000" startTime="2020-01-13T17:41:54.8536070-03:00" endTime="2020-01-13T17:41:54.8536072-03:00" testType="13cdc9d9-ddb5-4fa4-a97d-d965ccfc6d4b" outcome="Passed" testListId="8c84fa94-04c1-424b-9868-57a2d4851a1d" relativeResultsDirectory="62c2e290-fced-471e-9a76-cd47e41d0f29" />
    <UnitTestResult executionId="b643b0e3-dc90-4830-8d8b-1a0d30ab23fc" testId="a9c9a902-559f-8aa4-faab-16816a4be232" testName="Nzr.ToolBox.Core.Tests.ObjectUtilsTest.IfNotNull_WithNonNullValue_ShouldNotThrowException" computerName="BLMG01DE-NTB014" duration="00:00:00.0020000" startTime="2020-01-13T17:41:54.9555114-03:00" endTime="2020-01-13T17:41:54.9555119-03:00" testType="13cdc9d9-ddb5-4fa4-a97d-d965ccfc6d4b" outcome="Passed" testListId="8c84fa94-04c1-424b-9868-57a2d4851a1d" relativeResultsDirectory="b643b0e3-dc90-4830-8d8b-1a0d30ab23fc" />
    <UnitTestResult executionId="c2821a82-a500-4d66-97b6-3ce779ec17c2" testId="74f87d91-26ae-d1ee-e1f8-2525d41bbd83" testName="Nzr.ToolBox.Core.Tests.BooleanUtilsTests.ToBool_WithNonPositiveString_ShouldReturnFalse(value: &quot;N&quot;)" computerName="BLMG01DE-NTB014" duration="00:00:00.0010000" startTime="2020-01-13T17:41:54.8515968-03:00" endTime="2020-01-13T17:41:54.8515970-03:00" testType="13cdc9d9-ddb5-4fa4-a97d-d965ccfc6d4b" outcome="Passed" testListId="8c84fa94-04c1-424b-9868-57a2d4851a1d" relativeResultsDirectory="c2821a82-a500-4d66-97b6-3ce779ec17c2" />
    <UnitTestResult executionId="f58c32ff-2274-4929-958b-a7f80b8add9c" testId="b950fa42-ed92-dfa2-1b7a-99f41db426b6" testName="Nzr.ToolBox.Core.Tests.StringUtilsTest.IsIsBlank_WithNonBlankString_ShouldReturnTrue" computerName="BLMG01DE-NTB014" duration="00:00:00.0010000" startTime="2020-01-13T17:41:54.8452588-03:00" endTime="2020-01-13T17:41:54.8452589-03:00" testType="13cdc9d9-ddb5-4fa4-a97d-d965ccfc6d4b" outcome="Passed" testListId="8c84fa94-04c1-424b-9868-57a2d4851a1d" relativeResultsDirectory="f58c32ff-2274-4929-958b-a7f80b8add9c" />
    <UnitTestResult executionId="5929ab59-f3fc-40bf-b720-abad9542f4d2" testId="742450a8-e573-0feb-532b-212dbe3a2108" testName="Nzr.ToolBox.Core.Tests.BooleanUtilsTests.Describe_WihNullValueAndWitCustomNullString_ShouldReturnCustomString" computerName="BLMG01DE-NTB014" duration="00:00:00.0010000" startTime="2020-01-13T17:41:54.8533711-03:00" endTime="2020-01-13T17:41:54.8533713-03:00" testType="13cdc9d9-ddb5-4fa4-a97d-d965ccfc6d4b" outcome="Passed" testListId="8c84fa94-04c1-424b-9868-57a2d4851a1d" relativeResultsDirectory="5929ab59-f3fc-40bf-b720-abad9542f4d2" />
    <UnitTestResult executionId="4e6ab475-bb20-4d5b-9eb6-c2181273c2e2" testId="49936fc4-4825-29e4-106c-2b5397c160c6" testName="Nzr.ToolBox.Core.Tests.StringUtilsTest.RemoveEnd_WithExistingStringsUsingOrdinalCase_ShouldNotRemoveEnds" computerName="BLMG01DE-NTB014" duration="00:00:00.0010000" startTime="2020-01-13T17:41:54.8653333-03:00" endTime="2020-01-13T17:41:54.8653333-03:00" testType="13cdc9d9-ddb5-4fa4-a97d-d965ccfc6d4b" outcome="Passed" testListId="8c84fa94-04c1-424b-9868-57a2d4851a1d" relativeResultsDirectory="4e6ab475-bb20-4d5b-9eb6-c2181273c2e2" />
    <UnitTestResult executionId="e27758f6-8406-46dd-868a-b1cc3d39ec24" testId="eb0227c1-b25a-b6ec-c3b3-242fa974349b" testName="Nzr.ToolBox.Core.Tests.StringUtilsTest.IsNotNumber_WithNull_ShouldReturnTrue" computerName="BLMG01DE-NTB014" duration="00:00:00.0010000" startTime="2020-01-13T17:41:54.8667974-03:00" endTime="2020-01-13T17:41:54.8667974-03:00" testType="13cdc9d9-ddb5-4fa4-a97d-d965ccfc6d4b" outcome="Passed" testListId="8c84fa94-04c1-424b-9868-57a2d4851a1d" relativeResultsDirectory="e27758f6-8406-46dd-868a-b1cc3d39ec24" />
    <UnitTestResult executionId="c62cb66c-eadd-47fa-bcba-c693102762e5" testId="48caecef-a5fa-613e-d718-f1276bb5ba57" testName="Nzr.ToolBox.Core.Tests.BooleanUtilsTests.ToBool_WithPositiveString_ShouldReturnTrue(value: &quot;Ja&quot;)" computerName="BLMG01DE-NTB014" duration="00:00:00.0010000" startTime="2020-01-13T17:41:54.8462613-03:00" endTime="2020-01-13T17:41:54.8462614-03:00" testType="13cdc9d9-ddb5-4fa4-a97d-d965ccfc6d4b" outcome="Passed" testListId="8c84fa94-04c1-424b-9868-57a2d4851a1d" relativeResultsDirectory="c62cb66c-eadd-47fa-bcba-c693102762e5" />
    <UnitTestResult executionId="c2b43537-9663-4a5f-8351-c0c5dcf89367" testId="4fc60e12-0185-2c5a-0a5f-4321c6a89099" testName="Nzr.ToolBox.Core.Tests.StringUtilsTest.IsAllEmpty_WithNullOrEmptyStrings_ShouldReturnTrue" computerName="BLMG01DE-NTB014" duration="00:00:00.0010000" startTime="2020-01-13T17:41:54.8689612-03:00" endTime="2020-01-13T17:41:54.8689612-03:00" testType="13cdc9d9-ddb5-4fa4-a97d-d965ccfc6d4b" outcome="Passed" testListId="8c84fa94-04c1-424b-9868-57a2d4851a1d" relativeResultsDirectory="c2b43537-9663-4a5f-8351-c0c5dcf89367" />
    <UnitTestResult executionId="2ece8453-1182-4bad-b564-d3d63f781e68" testId="e8533fcc-bc29-5fe3-a5ee-e79f5f2b1440" testName="Nzr.ToolBox.Core.Tests.NumberUtilsTest.Abst_ShouldReturnAbsoluteValues" computerName="BLMG01DE-NTB014" duration="00:00:00.0100000" startTime="2020-01-13T17:41:54.8483715-03:00" endTime="2020-01-13T17:41:54.8483716-03:00" testType="13cdc9d9-ddb5-4fa4-a97d-d965ccfc6d4b" outcome="Passed" testListId="8c84fa94-04c1-424b-9868-57a2d4851a1d" relativeResultsDirectory="2ece8453-1182-4bad-b564-d3d63f781e68" />
    <UnitTestResult executionId="e373a56e-c01c-405c-b0c3-5152994bc0ee" testId="2e474251-5f54-ef3f-b13d-35076f43dc38" testName="Nzr.ToolBox.Core.Tests.CollectionUtilsTests.Add_WithNullCollectionSourceAndListAsArgument_ShouldNotAddAllElements" computerName="BLMG01DE-NTB014" duration="00:00:00.0030000" startTime="2020-01-13T17:41:54.8554686-03:00" endTime="2020-01-13T17:41:54.8554687-03:00" testType="13cdc9d9-ddb5-4fa4-a97d-d965ccfc6d4b" outcome="Passed" testListId="8c84fa94-04c1-424b-9868-57a2d4851a1d" relativeResultsDirectory="e373a56e-c01c-405c-b0c3-5152994bc0ee" />
    <UnitTestResult executionId="4e223467-890b-4d01-b5bf-4a43630c1e93" testId="65dbe27c-6774-84e7-f9f4-c2515b79fdeb" testName="Nzr.ToolBox.Core.Tests.StringUtilsTest.Equal_WithIgnoreDiacriticsOptionFalseAndSimilarWords_ShouldReturnFalse" computerName="BLMG01DE-NTB014" duration="00:00:00.0010000" startTime="2020-01-13T17:41:54.8383982-03:00" endTime="2020-01-13T17:41:54.8383982-03:00" testType="13cdc9d9-ddb5-4fa4-a97d-d965ccfc6d4b" outcome="Passed" testListId="8c84fa94-04c1-424b-9868-57a2d4851a1d" relativeResultsDirectory="4e223467-890b-4d01-b5bf-4a43630c1e93" />
    <UnitTestResult executionId="cad69eff-994d-4e0d-a07e-3b3527babe73" testId="11a672c1-3304-329d-6cef-40a099ed2b03" testName="Nzr.ToolBox.Core.Tests.StringUtilsTest.IsNotNumber_WithNumeric_ShouldReturnFalse" computerName="BLMG01DE-NTB014" duration="00:00:00.0010000" startTime="2020-01-13T17:41:54.8609369-03:00" endTime="2020-01-13T17:41:54.8609369-03:00" testType="13cdc9d9-ddb5-4fa4-a97d-d965ccfc6d4b" outcome="Passed" testListId="8c84fa94-04c1-424b-9868-57a2d4851a1d" relativeResultsDirectory="cad69eff-994d-4e0d-a07e-3b3527babe73" />
    <UnitTestResult executionId="bc834c5a-cf06-4543-ba58-09ea1325010d" testId="2deffabc-0f2a-cf1f-0473-12f60ef9456b" testName="Nzr.ToolBox.Core.Tests.ObjectUtilsTest.LastNonNull_WithAllNull_ShouldReturnNull" computerName="BLMG01DE-NTB014" duration="00:00:00.0010000" startTime="2020-01-13T17:41:54.9588490-03:00" endTime="2020-01-13T17:41:54.9588492-03:00" testType="13cdc9d9-ddb5-4fa4-a97d-d965ccfc6d4b" outcome="Passed" testListId="8c84fa94-04c1-424b-9868-57a2d4851a1d" relativeResultsDirectory="bc834c5a-cf06-4543-ba58-09ea1325010d" />
    <UnitTestResult executionId="e0ea6022-3b6f-4ecd-9cab-4f5468e84c75" testId="9fb46542-0618-28a9-23e6-da1922161605" testName="Nzr.ToolBox.Core.Tests.StringUtilsTest.ContainsAny_WithOrdinalIgnoreCaseNullString_ShouldReturnFalse" computerName="BLMG01DE-NTB014" duration="00:00:00.0010000" startTime="2020-01-13T17:41:54.8627724-03:00" endTime="2020-01-13T17:41:54.8627725-03:00" testType="13cdc9d9-ddb5-4fa4-a97d-d965ccfc6d4b" outcome="Passed" testListId="8c84fa94-04c1-424b-9868-57a2d4851a1d" relativeResultsDirectory="e0ea6022-3b6f-4ecd-9cab-4f5468e84c75" />
    <UnitTestResult executionId="3f3e27cf-5930-40b7-8af2-0a7c45622752" testId="a4e247c1-e033-133c-2021-0a91453ae408" testName="Nzr.ToolBox.Core.Tests.NumberUtilsTest.PadLeft_WithNumersOFLowerLength_ShouldAppendChars" computerName="BLMG01DE-NTB014" duration="00:00:00.0010000" startTime="2020-01-13T17:41:54.8358616-03:00" endTime="2020-01-13T17:41:54.8358616-03:00" testType="13cdc9d9-ddb5-4fa4-a97d-d965ccfc6d4b" outcome="Passed" testListId="8c84fa94-04c1-424b-9868-57a2d4851a1d" relativeResultsDirectory="3f3e27cf-5930-40b7-8af2-0a7c45622752" />
    <UnitTestResult executionId="4b6a3f83-d598-43b3-940e-662ac9d9e07c" testId="db3b74da-9390-9353-7e36-7ce7be8597b2" testName="Nzr.ToolBox.Core.Tests.BooleanUtilsTests.ToBool_WithPositiveString_ShouldReturnTrue(value: &quot;1&quot;)" computerName="BLMG01DE-NTB014" duration="00:00:00.0010000" startTime="2020-01-13T17:41:54.8461922-03:00" endTime="2020-01-13T17:41:54.8461922-03:00" testType="13cdc9d9-ddb5-4fa4-a97d-d965ccfc6d4b" outcome="Passed" testListId="8c84fa94-04c1-424b-9868-57a2d4851a1d" relativeResultsDirectory="4b6a3f83-d598-43b3-940e-662ac9d9e07c" />
    <UnitTestResult executionId="50de3a7f-dcc8-4f73-9052-0e1454cbe1e9" testId="16241dba-eaf4-0213-d6e5-c7da05851618" testName="Nzr.ToolBox.Core.Tests.StringUtilsTest.IsNumber_WithNull_ShouldReturnFalse" computerName="BLMG01DE-NTB014" duration="00:00:00.0010000" startTime="2020-01-13T17:41:54.8453877-03:00" endTime="2020-01-13T17:41:54.8453878-03:00" testType="13cdc9d9-ddb5-4fa4-a97d-d965ccfc6d4b" outcome="Passed" testListId="8c84fa94-04c1-424b-9868-57a2d4851a1d" relativeResultsDirectory="50de3a7f-dcc8-4f73-9052-0e1454cbe1e9" />
    <UnitTestResult executionId="a8c77705-0ad6-4013-a1f4-8f1223d5cfb3" testId="35a949bc-25b1-b507-0940-c12b7933499b" testName="Nzr.ToolBox.Core.Tests.NumberUtilsTest.PadLeft_WithNumersOfSameSize_ShouldNotAppendChars" computerName="BLMG01DE-NTB014" duration="00:00:00.0010000" startTime="2020-01-13T17:41:54.8562470-03:00" endTime="2020-01-13T17:41:54.8562471-03:00" testType="13cdc9d9-ddb5-4fa4-a97d-d965ccfc6d4b" outcome="Passed" testListId="8c84fa94-04c1-424b-9868-57a2d4851a1d" relativeResultsDirectory="a8c77705-0ad6-4013-a1f4-8f1223d5cfb3" />
    <UnitTestResult executionId="a038cacf-f837-4b07-83ba-2ab84342afac" testId="dab0ade5-f6da-c40f-8aa3-6cf074bc0e23" testName="Nzr.ToolBox.Core.Tests.RandomUtilsTest.RandomLong_ShouldReturnUniqueValues(iterations: 10000, seed: 1)" computerName="BLMG01DE-NTB014" duration="00:00:00.0200000" startTime="2020-01-13T17:41:54.9071574-03:00" endTime="2020-01-13T17:41:54.9071577-03:00" testType="13cdc9d9-ddb5-4fa4-a97d-d965ccfc6d4b" outcome="Passed" testListId="8c84fa94-04c1-424b-9868-57a2d4851a1d" relativeResultsDirectory="a038cacf-f837-4b07-83ba-2ab84342afac" />
    <UnitTestResult executionId="88716d46-56f8-4481-b992-3212f50a518d" testId="011a8669-96b9-3bc3-27c4-fe49bafbe5b9" testName="Nzr.ToolBox.Core.Tests.StringUtilsTest.Prefix_WithExistingPrefix_ShouldNotAddPrefix" computerName="BLMG01DE-NTB014" duration="00:00:00.0010000" startTime="2020-01-13T17:41:54.8730131-03:00" endTime="2020-01-13T17:41:54.8730131-03:00" testType="13cdc9d9-ddb5-4fa4-a97d-d965ccfc6d4b" outcome="Passed" testListId="8c84fa94-04c1-424b-9868-57a2d4851a1d" relativeResultsDirectory="88716d46-56f8-4481-b992-3212f50a518d" />
    <UnitTestResult executionId="7234ec20-e73c-4cb5-ae32-8956a54be44c" testId="45a98e74-dccd-011e-e0c0-d734f1cc5ec4" testName="Nzr.ToolBox.Core.Tests.StringUtilsTest.Format_WithFormatStringWithCulture_ShouldReturnFormatedString" computerName="BLMG01DE-NTB014" duration="00:00:00.0010000" startTime="2020-01-13T17:41:54.8668530-03:00" endTime="2020-01-13T17:41:54.8668531-03:00" testType="13cdc9d9-ddb5-4fa4-a97d-d965ccfc6d4b" outcome="Passed" testListId="8c84fa94-04c1-424b-9868-57a2d4851a1d" relativeResultsDirectory="7234ec20-e73c-4cb5-ae32-8956a54be44c" />
    <UnitTestResult executionId="1dc52550-cdde-40af-9af0-474c8a5dc39a" testId="236a92cf-3924-1f9e-9e0c-dac1bdd2fdae" testName="Nzr.ToolBox.Core.Tests.StringUtilsTest.ReplaceNonNumeric_WithAlphanumeric_ShouldReturnNumericString" computerName="BLMG01DE-NTB014" duration="00:00:00.0010000" startTime="2020-01-13T17:41:54.8721176-03:00" endTime="2020-01-13T17:41:54.8721177-03:00" testType="13cdc9d9-ddb5-4fa4-a97d-d965ccfc6d4b" outcome="Passed" testListId="8c84fa94-04c1-424b-9868-57a2d4851a1d" relativeResultsDirectory="1dc52550-cdde-40af-9af0-474c8a5dc39a" />
    <UnitTestResult executionId="d7992643-d234-4737-b3ac-cb36c5ae7ca2" testId="9a91ff0d-5561-cbe9-f49d-60edb014a514" testName="Nzr.ToolBox.Core.Tests.StringUtilsTest.ReplaceNonNumeric_WithNull_ShouldReturnNull" computerName="BLMG01DE-NTB014" duration="00:00:00.0010000" startTime="2020-01-13T17:41:54.8655285-03:00" endTime="2020-01-13T17:41:54.8655285-03:00" testType="13cdc9d9-ddb5-4fa4-a97d-d965ccfc6d4b" outcome="Passed" testListId="8c84fa94-04c1-424b-9868-57a2d4851a1d" relativeResultsDirectory="d7992643-d234-4737-b3ac-cb36c5ae7ca2" />
    <UnitTestResult executionId="4e04b787-af82-47af-9008-a276b9a53f4f" testId="54aad836-ba4f-5dbf-bad2-7c309c3d8a21" testName="Nzr.ToolBox.Core.Tests.BooleanUtilsTests.ToBool_WithNonPositiveString_ShouldReturnFalse(value: &quot;No&quot;)" computerName="BLMG01DE-NTB014" duration="00:00:00.0010000" startTime="2020-01-13T17:41:54.8502772-03:00" endTime="2020-01-13T17:41:54.8502773-03:00" testType="13cdc9d9-ddb5-4fa4-a97d-d965ccfc6d4b" outcome="Passed" testListId="8c84fa94-04c1-424b-9868-57a2d4851a1d" relativeResultsDirectory="4e04b787-af82-47af-9008-a276b9a53f4f" />
    <UnitTestResult executionId="666832f1-c725-4ce8-8af7-a750670d7b8c" testId="b389fce4-9131-dbd6-6cb1-9add0a76b08c" testName="Nzr.ToolBox.Core.Tests.StringUtilsTest.DefaultIfBlank_WithNullString_ShouldReturnDefault" computerName="BLMG01DE-NTB014" duration="00:00:00.0010000" startTime="2020-01-13T17:41:54.8688831-03:00" endTime="2020-01-13T17:41:54.8688832-03:00" testType="13cdc9d9-ddb5-4fa4-a97d-d965ccfc6d4b" outcome="Passed" testListId="8c84fa94-04c1-424b-9868-57a2d4851a1d" relativeResultsDirectory="666832f1-c725-4ce8-8af7-a750670d7b8c" />
    <UnitTestResult executionId="c7b7acab-fce9-4caa-b4ff-8c9b2366968c" testId="23dfed38-6ff8-abe4-082e-3fdb4476dc12" testName="Nzr.ToolBox.Core.Tests.StringUtilsTest.RemoveDiacritics_WithNull_ShouldReturnNull" computerName="BLMG01DE-NTB014" duration="00:00:00.0010000" startTime="2020-01-13T17:41:54.8743294-03:00" endTime="2020-01-13T17:41:54.8743295-03:00" testType="13cdc9d9-ddb5-4fa4-a97d-d965ccfc6d4b" outcome="Passed" testListId="8c84fa94-04c1-424b-9868-57a2d4851a1d" relativeResultsDirectory="c7b7acab-fce9-4caa-b4ff-8c9b2366968c" />
    <UnitTestResult executionId="5a67043e-1b2f-4e73-ba5d-e864116de44f" testId="ec3e09c5-8729-567e-bf4a-d5990aad45d6" testName="Nzr.ToolBox.Core.Tests.BooleanUtilsTests.ToBool_WithZeroOrNegative_ShouldReturnFalse(b: 0, s: 0, i: 0, l: 0, f: 0, d: 0, m: 0)" computerName="BLMG01DE-NTB014" duration="00:00:00.0010000" startTime="2020-01-13T17:41:54.8484125-03:00" endTime="2020-01-13T17:41:54.8484126-03:00" testType="13cdc9d9-ddb5-4fa4-a97d-d965ccfc6d4b" outcome="Passed" testListId="8c84fa94-04c1-424b-9868-57a2d4851a1d" relativeResultsDirectory="5a67043e-1b2f-4e73-ba5d-e864116de44f" />
    <UnitTestResult executionId="6e588d29-ad22-4e8f-aade-7cc3d26f02ba" testId="47f688d2-7bfa-d12d-71a0-9be24af61148" testName="Nzr.ToolBox.Core.Tests.EnumUtilsTest.GetEnumNames_ShouldReturnEnumNamesAsList" computerName="BLMG01DE-NTB014" duration="00:00:00.0100000" startTime="2020-01-13T17:41:54.7851205-03:00" endTime="2020-01-13T17:41:54.7851205-03:00" testType="13cdc9d9-ddb5-4fa4-a97d-d965ccfc6d4b" outcome="Passed" testListId="8c84fa94-04c1-424b-9868-57a2d4851a1d" relativeResultsDirectory="6e588d29-ad22-4e8f-aade-7cc3d26f02ba" />
    <UnitTestResult executionId="a4cd90d5-38b5-47a6-951e-beb8890ec7a8" testId="98b1c38a-5944-2142-0122-daf0761a7b67" testName="Nzr.ToolBox.Core.Tests.CollectionUtilsTests.ContainsAll_WithNullRefEnumerable_ShouldReturnTrue" computerName="BLMG01DE-NTB014" duration="00:00:00.0010000" startTime="2020-01-13T17:41:54.8601405-03:00" endTime="2020-01-13T17:41:54.8601405-03:00" testType="13cdc9d9-ddb5-4fa4-a97d-d965ccfc6d4b" outcome="Passed" testListId="8c84fa94-04c1-424b-9868-57a2d4851a1d" relativeResultsDirectory="a4cd90d5-38b5-47a6-951e-beb8890ec7a8" />
    <UnitTestResult executionId="24ff5365-a594-44f7-908e-32a082de876e" testId="a57e4f15-3c8a-cc65-2059-f1f5f83c9ba5" testName="Nzr.ToolBox.Core.Tests.ObjectUtilsTest.IsAllNonNull_WithAllNonNull_ShouldReturnTrue" computerName="BLMG01DE-NTB014" duration="00:00:00.0010000" startTime="2020-01-13T17:41:55.0432511-03:00" endTime="2020-01-13T17:41:55.0432513-03:00" testType="13cdc9d9-ddb5-4fa4-a97d-d965ccfc6d4b" outcome="Passed" testListId="8c84fa94-04c1-424b-9868-57a2d4851a1d" relativeResultsDirectory="24ff5365-a594-44f7-908e-32a082de876e" />
    <UnitTestResult executionId="0cc2c407-6d8a-4c67-a690-f8aa4ca4328a" testId="5696e255-6884-a5ec-7659-9a5e21d95d2f" testName="Nzr.ToolBox.Core.Tests.DateTimeUtilsTest.Equals_WithMillisOfDiffAndNoTolerance_ShouldReturnFalse" computerName="BLMG01DE-NTB014" duration="00:00:00.0010000" startTime="2020-01-13T17:41:54.8454163-03:00" endTime="2020-01-13T17:41:54.8454163-03:00" testType="13cdc9d9-ddb5-4fa4-a97d-d965ccfc6d4b" outcome="Passed" testListId="8c84fa94-04c1-424b-9868-57a2d4851a1d" relativeResultsDirectory="0cc2c407-6d8a-4c67-a690-f8aa4ca4328a" />
    <UnitTestResult executionId="6faddaae-7023-45d4-9aca-af790762b94b" testId="3c116de1-cd29-a2eb-b3ef-190f69cec8ec" testName="Nzr.ToolBox.Core.Tests.StringUtilsTest.IsBlank_WithEmptyString_ShouldReturnTrue" computerName="BLMG01DE-NTB014" duration="00:00:00.0010000" startTime="2020-01-13T17:41:54.8713021-03:00" endTime="2020-01-13T17:41:54.8713021-03:00" testType="13cdc9d9-ddb5-4fa4-a97d-d965ccfc6d4b" outcome="Passed" testListId="8c84fa94-04c1-424b-9868-57a2d4851a1d" relativeResultsDirectory="6faddaae-7023-45d4-9aca-af790762b94b" />
    <UnitTestResult executionId="1efafa5e-4fea-4fd3-b5a4-925e54403961" testId="2821175c-220a-922a-c241-441509e8a4e0" testName="Nzr.ToolBox.Core.Tests.CollectionUtilsTests.ContainsAny_WithEnumerableAndSomeOfOtherElements_ShouldReturnTrue" computerName="BLMG01DE-NTB014" duration="00:00:00.0090000" startTime="2020-01-13T17:41:54.7850552-03:00" endTime="2020-01-13T17:41:54.7850555-03:00" testType="13cdc9d9-ddb5-4fa4-a97d-d965ccfc6d4b" outcome="Passed" testListId="8c84fa94-04c1-424b-9868-57a2d4851a1d" relativeResultsDirectory="1efafa5e-4fea-4fd3-b5a4-925e54403961" />
    <UnitTestResult executionId="72ca9175-cb03-4c71-a750-4799992a8d77" testId="b34056e1-a0f1-b9c6-4cf9-a385bfe323c6" testName="Nzr.ToolBox.Core.Tests.StringUtilsTest.IsEmpty_WithNullString_ShouldReturnTrue" computerName="BLMG01DE-NTB014" duration="00:00:00.0010000" startTime="2020-01-13T17:41:54.8711521-03:00" endTime="2020-01-13T17:41:54.8711522-03:00" testType="13cdc9d9-ddb5-4fa4-a97d-d965ccfc6d4b" outcome="Passed" testListId="8c84fa94-04c1-424b-9868-57a2d4851a1d" relativeResultsDirectory="72ca9175-cb03-4c71-a750-4799992a8d77" />
    <UnitTestResult executionId="60e62b05-ed07-4bd2-b571-8c1c2ac945ef" testId="9dc87ca8-7c89-25db-241a-e9ae33f8a42e" testName="Nzr.ToolBox.Core.Tests.StringUtilsTest.Truncate_WithStringShorterThanLimit_ShouldReturnString" computerName="BLMG01DE-NTB014" duration="00:00:00.0010000" startTime="2020-01-13T17:41:54.8687840-03:00" endTime="2020-01-13T17:41:54.8687842-03:00" testType="13cdc9d9-ddb5-4fa4-a97d-d965ccfc6d4b" outcome="Passed" testListId="8c84fa94-04c1-424b-9868-57a2d4851a1d" relativeResultsDirectory="60e62b05-ed07-4bd2-b571-8c1c2ac945ef" />
    <UnitTestResult executionId="1ef12ea2-2b6c-4204-8529-dabd904f9577" testId="22bfdebd-96a0-0b21-9eb3-2ebda1d58ee2" testName="Nzr.ToolBox.Core.Tests.ObjectUtilsTest.FirstNonNull_WithAllNull_ShouldReturnNull" computerName="BLMG01DE-NTB014" duration="00:00:00.0010000" startTime="2020-01-13T17:41:54.9612297-03:00" endTime="2020-01-13T17:41:54.9612297-03:00" testType="13cdc9d9-ddb5-4fa4-a97d-d965ccfc6d4b" outcome="Passed" testListId="8c84fa94-04c1-424b-9868-57a2d4851a1d" relativeResultsDirectory="1ef12ea2-2b6c-4204-8529-dabd904f9577" />
    <UnitTestResult executionId="32474352-1233-48dd-a494-855b53154f26" testId="7b7495d8-e0d9-d205-be09-e167ea98fa50" testName="Nzr.ToolBox.Core.Tests.BooleanUtilsTests.IsAllTrue_WithAllTrueValues_ShouldReturnTrue" computerName="BLMG01DE-NTB014" duration="00:00:00.0010000" startTime="2020-01-13T17:41:54.8554389-03:00" endTime="2020-01-13T17:41:54.8554389-03:00" testType="13cdc9d9-ddb5-4fa4-a97d-d965ccfc6d4b" outcome="Passed" testListId="8c84fa94-04c1-424b-9868-57a2d4851a1d" relativeResultsDirectory="32474352-1233-48dd-a494-855b53154f26" />
    <UnitTestResult executionId="ed0b1b7c-4dff-45c6-9164-7abe3e4fa1df" testId="2084ff50-0c57-008d-1c5e-051f3c6d2a19" testName="Nzr.ToolBox.Core.Tests.CollectionUtilsTests.GetKey_WithNullValueForKvpAndInput_ShouldReturnKey" computerName="BLMG01DE-NTB014" duration="00:00:00.0040000" startTime="2020-01-13T17:41:54.8499993-03:00" endTime="2020-01-13T17:41:54.8499995-03:00" testType="13cdc9d9-ddb5-4fa4-a97d-d965ccfc6d4b" outcome="Passed" testListId="8c84fa94-04c1-424b-9868-57a2d4851a1d" relativeResultsDirectory="ed0b1b7c-4dff-45c6-9164-7abe3e4fa1df" />
    <UnitTestResult executionId="7ef39a0a-4b1e-41ac-9936-5579ff0c1adc" testId="82fbae66-d014-68f8-a29c-7a33350f0be4" testName="Nzr.ToolBox.Core.Tests.CollectionUtilsTests.IndexOf_WithExistingItem_ShouldReturnIndex" computerName="BLMG01DE-NTB014" duration="00:00:00.0010000" startTime="2020-01-13T17:41:54.8600242-03:00" endTime="2020-01-13T17:41:54.8600243-03:00" testType="13cdc9d9-ddb5-4fa4-a97d-d965ccfc6d4b" outcome="Passed" testListId="8c84fa94-04c1-424b-9868-57a2d4851a1d" relativeResultsDirectory="7ef39a0a-4b1e-41ac-9936-5579ff0c1adc" />
    <UnitTestResult executionId="596ae031-e3fc-454d-896e-efdf03668b8e" testId="621f5184-bf98-2fcc-5c3b-580eeb41f3a6" testName="Nzr.ToolBox.Core.Tests.RandomUtilsTest.RandomShort_ShouldReturnUniqueValues(iterations: 10000, seed: null)" computerName="BLMG01DE-NTB014" duration="00:00:00.0080000" startTime="2020-01-13T17:41:54.9825475-03:00" endTime="2020-01-13T17:41:54.9825478-03:00" testType="13cdc9d9-ddb5-4fa4-a97d-d965ccfc6d4b" outcome="Passed" testListId="8c84fa94-04c1-424b-9868-57a2d4851a1d" relativeResultsDirectory="596ae031-e3fc-454d-896e-efdf03668b8e" />
    <UnitTestResult executionId="d18557eb-30dc-4f44-82a7-90952eed8771" testId="c7cdf179-33e4-784c-82e2-b5da92e111f8" testName="Nzr.ToolBox.Core.Tests.StringUtilsTest.Suffix_WithNonExistingSuffix_ShouldAddSuffix" computerName="BLMG01DE-NTB014" duration="00:00:00.0010000" startTime="2020-01-13T17:41:54.8399850-03:00" endTime="2020-01-13T17:41:54.8399853-03:00" testType="13cdc9d9-ddb5-4fa4-a97d-d965ccfc6d4b" outcome="Passed" testListId="8c84fa94-04c1-424b-9868-57a2d4851a1d" relativeResultsDirectory="d18557eb-30dc-4f44-82a7-90952eed8771" />
    <UnitTestResult executionId="9846fac0-1d2c-42d1-933f-657b8e4821f0" testId="244ddabb-e392-9319-5f0f-5351f15a9ac9" testName="Nzr.ToolBox.Core.Tests.CollectionUtilsTests.EmptyIfNull_WithNullGenericEnumerable_ShouldNewEnumerable" computerName="BLMG01DE-NTB014" duration="00:00:00.0010000" startTime="2020-01-13T17:41:54.8773460-03:00" endTime="2020-01-13T17:41:54.8773460-03:00" testType="13cdc9d9-ddb5-4fa4-a97d-d965ccfc6d4b" outcome="Passed" testListId="8c84fa94-04c1-424b-9868-57a2d4851a1d" relativeResultsDirectory="9846fac0-1d2c-42d1-933f-657b8e4821f0" />
    <UnitTestResult executionId="2bb7c86e-fc1e-43b6-ad74-17401e03fdaa" testId="31b0f7a4-7814-de1a-ba42-99fccbedaf77" testName="Nzr.ToolBox.Core.Tests.ObjectUtilsTest.IsAllNonNull_WithOneNull_ShouldReturnFalse" computerName="BLMG01DE-NTB014" duration="00:00:00.0010000" startTime="2020-01-13T17:41:54.9611863-03:00" endTime="2020-01-13T17:41:54.9611863-03:00" testType="13cdc9d9-ddb5-4fa4-a97d-d965ccfc6d4b" outcome="Passed" testListId="8c84fa94-04c1-424b-9868-57a2d4851a1d" relativeResultsDirectory="2bb7c86e-fc1e-43b6-ad74-17401e03fdaa" />
    <UnitTestResult executionId="b3cbe49a-8aed-4357-97d8-c41b4d20f262" testId="e881bc04-2bbf-5c16-1290-362a120099d0" testName="Nzr.ToolBox.Core.Tests.StringUtilsTest.DefaultIfEmpty_WitBlankString_ShouldReturnString" computerName="BLMG01DE-NTB014" duration="00:00:00.0010000" startTime="2020-01-13T17:41:54.8742651-03:00" endTime="2020-01-13T17:41:54.8742654-03:00" testType="13cdc9d9-ddb5-4fa4-a97d-d965ccfc6d4b" outcome="Passed" testListId="8c84fa94-04c1-424b-9868-57a2d4851a1d" relativeResultsDirectory="b3cbe49a-8aed-4357-97d8-c41b4d20f262" />
    <UnitTestResult executionId="34f136bf-1f22-4be7-8a2e-d0b88104a71a" testId="a8873542-1747-c963-22ae-667f3818d7ed" testName="Nzr.ToolBox.Core.Tests.CollectionUtilsTests.Add_ShouldAddAllElements" computerName="BLMG01DE-NTB014" duration="00:00:00.0010000" startTime="2020-01-13T17:41:54.8678955-03:00" endTime="2020-01-13T17:41:54.8678956-03:00" testType="13cdc9d9-ddb5-4fa4-a97d-d965ccfc6d4b" outcome="Passed" testListId="8c84fa94-04c1-424b-9868-57a2d4851a1d" relativeResultsDirectory="34f136bf-1f22-4be7-8a2e-d0b88104a71a" />
    <UnitTestResult executionId="eb98c4e2-5805-4c2c-bf24-aec015de11ee" testId="512ec98d-2185-5ebc-b040-4a9df6c7ed1a" testName="Nzr.ToolBox.Core.Tests.StringUtilsTest.Replace_WithNonNullString_ShouldReplaceOldValueWithNewOne" computerName="BLMG01DE-NTB014" duration="00:00:00.0010000" startTime="2020-01-13T17:41:54.8720507-03:00" endTime="2020-01-13T17:41:54.8720509-03:00" testType="13cdc9d9-ddb5-4fa4-a97d-d965ccfc6d4b" outcome="Passed" testListId="8c84fa94-04c1-424b-9868-57a2d4851a1d" relativeResultsDirectory="eb98c4e2-5805-4c2c-bf24-aec015de11ee" />
    <UnitTestResult executionId="4fe07aa9-275e-41b5-a41f-3c73c4eefb6e" testId="0774dc1e-52ca-a68f-3053-17aa689d2f19" testName="Nzr.ToolBox.Core.Tests.RandomUtilsTest.RandomDouble_ShouldReturnUniqueValues(iterations: 10000, seed: 1)" computerName="BLMG01DE-NTB014" duration="00:00:00.0230000" startTime="2020-01-13T17:41:54.8816133-03:00" endTime="2020-01-13T17:41:54.8816133-03:00" testType="13cdc9d9-ddb5-4fa4-a97d-d965ccfc6d4b" outcome="Passed" testListId="8c84fa94-04c1-424b-9868-57a2d4851a1d" relativeResultsDirectory="4fe07aa9-275e-41b5-a41f-3c73c4eefb6e" />
    <UnitTestResult executionId="996fe911-b016-48d6-962f-91a011bfe105" testId="39856355-a5fb-aec1-b06d-ff7431c95990" testName="Nzr.ToolBox.Core.Tests.StringUtilsTest.IsNotEmpty_WithNullString_ShouldReturnFalse" computerName="BLMG01DE-NTB014" duration="00:00:00.0010000" startTime="2020-01-13T17:41:54.8472409-03:00" endTime="2020-01-13T17:41:54.8472410-03:00" testType="13cdc9d9-ddb5-4fa4-a97d-d965ccfc6d4b" outcome="Passed" testListId="8c84fa94-04c1-424b-9868-57a2d4851a1d" relativeResultsDirectory="996fe911-b016-48d6-962f-91a011bfe105" />
    <UnitTestResult executionId="6ac53e94-0028-41ee-91f9-0cc12395627f" testId="28ef9235-5d17-493e-f387-17901bee93d7" testName="Nzr.ToolBox.Core.Tests.BooleanUtilsTests.IsAnyFalse_WithAllTrueValues_ShouldReturnFalse" computerName="BLMG01DE-NTB014" duration="00:00:00.0010000" startTime="2020-01-13T17:41:54.8533167-03:00" endTime="2020-01-13T17:41:54.8533169-03:00" testType="13cdc9d9-ddb5-4fa4-a97d-d965ccfc6d4b" outcome="Passed" testListId="8c84fa94-04c1-424b-9868-57a2d4851a1d" relativeResultsDirectory="6ac53e94-0028-41ee-91f9-0cc12395627f" />
    <UnitTestResult executionId="a43f567f-3ec3-4e9e-91f2-713b760c2dbb" testId="cdc95a43-d3d9-ea09-2bf0-c5d1cc0a2f68" testName="Nzr.ToolBox.Core.Tests.BooleanUtilsTests.IsTrue_WithNullOrFalseValue_ShouldReturnFalse(value: False)" computerName="BLMG01DE-NTB014" duration="00:00:00.0010000" startTime="2020-01-13T17:41:54.8564168-03:00" endTime="2020-01-13T17:41:54.8564168-03:00" testType="13cdc9d9-ddb5-4fa4-a97d-d965ccfc6d4b" outcome="Passed" testListId="8c84fa94-04c1-424b-9868-57a2d4851a1d" relativeResultsDirectory="a43f567f-3ec3-4e9e-91f2-713b760c2dbb" />
    <UnitTestResult executionId="3216e502-7c51-4240-b26e-351cda6bf040" testId="28e678a0-2d75-ba44-cf85-f12a6e015f2f" testName="Nzr.ToolBox.Core.Tests.BooleanUtilsTests.IsFalse_WithNullOrFalseValue_ShouldReturnTrue(value: False)" computerName="BLMG01DE-NTB014" duration="00:00:00.0010000" startTime="2020-01-13T17:41:54.8500433-03:00" endTime="2020-01-13T17:41:54.8500435-03:00" testType="13cdc9d9-ddb5-4fa4-a97d-d965ccfc6d4b" outcome="Passed" testListId="8c84fa94-04c1-424b-9868-57a2d4851a1d" relativeResultsDirectory="3216e502-7c51-4240-b26e-351cda6bf040" />
    <UnitTestResult executionId="f5c698ec-dfa3-4780-9c8e-53db2bc5d784" testId="e621f990-2ff4-53a1-1046-2de89a2122fa" testName="Nzr.ToolBox.Core.Tests.BooleanUtilsTests.IsFalse_WithNullOrFalseValue_ShouldReturnTrue(value: null)" computerName="BLMG01DE-NTB014" duration="00:00:00.0010000" startTime="2020-01-13T17:41:54.8501017-03:00" endTime="2020-01-13T17:41:54.8501018-03:00" testType="13cdc9d9-ddb5-4fa4-a97d-d965ccfc6d4b" outcome="Passed" testListId="8c84fa94-04c1-424b-9868-57a2d4851a1d" relativeResultsDirectory="f5c698ec-dfa3-4780-9c8e-53db2bc5d784" />
    <UnitTestResult executionId="e6665928-68d9-4f79-bcec-beb55388cc2f" testId="fcc50950-38b5-c695-4000-d6bf47ed8831" testName="Nzr.ToolBox.Core.Tests.StringUtilsTest.IsAnyBlank_WithNullOrEmptyStrings_ShouldReturnTrue" computerName="BLMG01DE-NTB014" duration="00:00:00.0010000" startTime="2020-01-13T17:41:54.8667697-03:00" endTime="2020-01-13T17:41:54.8667697-03:00" testType="13cdc9d9-ddb5-4fa4-a97d-d965ccfc6d4b" outcome="Passed" testListId="8c84fa94-04c1-424b-9868-57a2d4851a1d" relativeResultsDirectory="e6665928-68d9-4f79-bcec-beb55388cc2f" />
    <UnitTestResult executionId="c57d1e92-a9e5-4485-bed1-3187da0a2ab1" testId="50b7ff87-3945-9d72-59f5-8be54b69e4af" testName="Nzr.ToolBox.Core.Tests.StringUtilsTest.Suffix_WithExistingSuffix_ShouldNotAddSuffix" computerName="BLMG01DE-NTB014" duration="00:00:00.0010000" startTime="2020-01-13T17:41:54.8590510-03:00" endTime="2020-01-13T17:41:54.8590510-03:00" testType="13cdc9d9-ddb5-4fa4-a97d-d965ccfc6d4b" outcome="Passed" testListId="8c84fa94-04c1-424b-9868-57a2d4851a1d" relativeResultsDirectory="c57d1e92-a9e5-4485-bed1-3187da0a2ab1" />
    <UnitTestResult executionId="773dc91d-f8bb-424c-871c-80a9d9f0a436" testId="bf218aab-52af-cc9e-72e7-0a8ba644e891" testName="Nzr.ToolBox.Core.Tests.ReflectionUtilsTest.GetValue_WithPropertyPath_ShouldReturnNestedValues" computerName="BLMG01DE-NTB014" duration="00:00:00.0190000" startTime="2020-01-13T17:41:54.8383301-03:00" endTime="2020-01-13T17:41:54.8383302-03:00" testType="13cdc9d9-ddb5-4fa4-a97d-d965ccfc6d4b" outcome="Passed" testListId="8c84fa94-04c1-424b-9868-57a2d4851a1d" relativeResultsDirectory="773dc91d-f8bb-424c-871c-80a9d9f0a436" />
    <UnitTestResult executionId="8cddf217-195d-4fcc-896e-685116be35aa" testId="9395d62a-bb73-ed55-16b7-2f3d5b4afa0d" testName="Nzr.ToolBox.Core.Tests.BooleanUtilsTests.Describe_WihNullValueAndWithDefaultNullString_ShouldReturnYes" computerName="BLMG01DE-NTB014" duration="00:00:00.0010000" startTime="2020-01-13T17:41:54.8519010-03:00" endTime="2020-01-13T17:41:54.8519011-03:00" testType="13cdc9d9-ddb5-4fa4-a97d-d965ccfc6d4b" outcome="Passed" testListId="8c84fa94-04c1-424b-9868-57a2d4851a1d" relativeResultsDirectory="8cddf217-195d-4fcc-896e-685116be35aa" />
    <UnitTestResult executionId="3aac3daa-a0ea-4978-85a1-02c9af45631d" testId="c86af186-3a97-3d11-9fd7-06dc90451dd3" testName="Nzr.ToolBox.Core.Tests.CollectionUtilsTests.IsNotEmpty_WithNull_ShouldReturnFalse" computerName="BLMG01DE-NTB014" duration="00:00:00.0010000" startTime="2020-01-13T17:41:54.8677508-03:00" endTime="2020-01-13T17:41:54.8677509-03:00" testType="13cdc9d9-ddb5-4fa4-a97d-d965ccfc6d4b" outcome="Passed" testListId="8c84fa94-04c1-424b-9868-57a2d4851a1d" relativeResultsDirectory="3aac3daa-a0ea-4978-85a1-02c9af45631d" />
    <UnitTestResult executionId="8068015c-bea7-4f11-a43f-702ad7b1aa8e" testId="04deb678-c0aa-afd7-f73a-807625f6aa4a" testName="Nzr.ToolBox.Core.Tests.BooleanUtilsTests.ToBool_WithZeroOrNegative_ShouldReturnFalse(b: -1, s: -2, i: -3, l: -4, f: -5, d: -6, m: -7)" computerName="BLMG01DE-NTB014" duration="00:00:00.0010000" startTime="2020-01-13T17:41:54.8472706-03:00" endTime="2020-01-13T17:41:54.8472706-03:00" testType="13cdc9d9-ddb5-4fa4-a97d-d965ccfc6d4b" outcome="Passed" testListId="8c84fa94-04c1-424b-9868-57a2d4851a1d" relativeResultsDirectory="8068015c-bea7-4f11-a43f-702ad7b1aa8e" />
    <UnitTestResult executionId="6028e43b-55e3-410e-8b4e-0979bf61808e" testId="52dad561-c47f-93be-598b-ab4dd10490eb" testName="Nzr.ToolBox.Core.Tests.CollectionUtilsTests.ContainsAll_WithNullEnumerables_ShouldReturnTrue" computerName="BLMG01DE-NTB014" duration="00:00:00.0040000" startTime="2020-01-13T17:41:54.8461815-03:00" endTime="2020-01-13T17:41:54.8461816-03:00" testType="13cdc9d9-ddb5-4fa4-a97d-d965ccfc6d4b" outcome="Passed" testListId="8c84fa94-04c1-424b-9868-57a2d4851a1d" relativeResultsDirectory="6028e43b-55e3-410e-8b4e-0979bf61808e" />
    <UnitTestResult executionId="dc2e571f-e949-48c8-acec-12afae9adcf6" testId="f473e635-7655-edd1-44e6-2fcea27cde20" testName="Nzr.ToolBox.Core.Tests.RandomUtilsTest.RandomFloat_ShouldReturnUniqueValues(iterations: 10000, seed: null)" computerName="BLMG01DE-NTB014" duration="00:00:00.0210000" startTime="2020-01-13T17:41:55.0035626-03:00" endTime="2020-01-13T17:41:55.0035629-03:00" testType="13cdc9d9-ddb5-4fa4-a97d-d965ccfc6d4b" outcome="Passed" testListId="8c84fa94-04c1-424b-9868-57a2d4851a1d" relativeResultsDirectory="dc2e571f-e949-48c8-acec-12afae9adcf6" />
    <UnitTestResult executionId="c72c8071-c739-4ce3-a3f3-db57ec9d020a" testId="4dcc4c87-6654-099d-1fa3-33b06e586a9e" testName="Nzr.ToolBox.Core.Tests.StringUtilsTest.Reverse_WithNull_ShouldReturnNull" computerName="BLMG01DE-NTB014" duration="00:00:00.0010000" startTime="2020-01-13T17:41:54.8608743-03:00" endTime="2020-01-13T17:41:54.8608743-03:00" testType="13cdc9d9-ddb5-4fa4-a97d-d965ccfc6d4b" outcome="Passed" testListId="8c84fa94-04c1-424b-9868-57a2d4851a1d" relativeResultsDirectory="c72c8071-c739-4ce3-a3f3-db57ec9d020a" />
    <UnitTestResult executionId="db946c18-2b26-4511-9b0e-1f51acb5757b" testId="fee75939-4381-ef54-486d-351d5845cf43" testName="Nzr.ToolBox.Core.Tests.CollectionUtilsTests.ForEach_WithList_ShouldExecuteAction" computerName="BLMG01DE-NTB014" duration="00:00:00.0030000" startTime="2020-01-13T17:41:54.8669379-03:00" endTime="2020-01-13T17:41:54.8669380-03:00" testType="13cdc9d9-ddb5-4fa4-a97d-d965ccfc6d4b" outcome="Passed" testListId="8c84fa94-04c1-424b-9868-57a2d4851a1d" relativeResultsDirectory="db946c18-2b26-4511-9b0e-1f51acb5757b" />
    <UnitTestResult executionId="e8b41a0c-edb0-4268-a5f2-daabe86062a8" testId="17e8d1af-7513-6e4a-a197-e678fcd6fbf1" testName="Nzr.ToolBox.Core.Tests.CollectionUtilsTests.ContainsAny_WithNullSourceGenericEnumerable_ShouldReturnFalse" computerName="BLMG01DE-NTB014" duration="00:00:00.0010000" startTime="2020-01-13T17:41:54.8572363-03:00" endTime="2020-01-13T17:41:54.8572364-03:00" testType="13cdc9d9-ddb5-4fa4-a97d-d965ccfc6d4b" outcome="Passed" testListId="8c84fa94-04c1-424b-9868-57a2d4851a1d" relativeResultsDirectory="e8b41a0c-edb0-4268-a5f2-daabe86062a8" />
    <UnitTestResult executionId="c587ed43-1b9f-4526-bc98-9c36236eda82" testId="ef1d6b74-13c8-dcd2-26ac-7f5ae1d5273c" testName="Nzr.ToolBox.Core.Tests.ObjectUtilsTest.IfNull_WithNullValue_ShouldExecuteNullAction" computerName="BLMG01DE-NTB014" duration="00:00:00.1770000" startTime="2020-01-13T17:41:54.9527421-03:00" endTime="2020-01-13T17:41:54.9527425-03:00" testType="13cdc9d9-ddb5-4fa4-a97d-d965ccfc6d4b" outcome="Passed" testListId="8c84fa94-04c1-424b-9868-57a2d4851a1d" relativeResultsDirectory="c587ed43-1b9f-4526-bc98-9c36236eda82" />
    <UnitTestResult executionId="086f2477-9e94-4908-a89e-ce38a07f59ff" testId="f92e77b4-ee0e-9f1a-2342-b94f560f0dac" testName="Nzr.ToolBox.Core.Tests.RandomUtilsTest.RandomString_WithDefaultOptions_ShouldReturnString" computerName="BLMG01DE-NTB014" duration="00:00:00.0010000" startTime="2020-01-13T17:41:55.0237290-03:00" endTime="2020-01-13T17:41:55.0237291-03:00" testType="13cdc9d9-ddb5-4fa4-a97d-d965ccfc6d4b" outcome="Passed" testListId="8c84fa94-04c1-424b-9868-57a2d4851a1d" relativeResultsDirectory="086f2477-9e94-4908-a89e-ce38a07f59ff" />
    <UnitTestResult executionId="a01b8087-6500-4a21-bb79-28922825c078" testId="d28a0297-760c-4cec-387e-c15f0b69f3a0" testName="Nzr.ToolBox.Core.Tests.CollectionUtilsTests.IndexOf_WithNullArray_ShouldReturnMinusOne" computerName="BLMG01DE-NTB014" duration="00:00:00.0010000" startTime="2020-01-13T17:41:54.8722172-03:00" endTime="2020-01-13T17:41:54.8722173-03:00" testType="13cdc9d9-ddb5-4fa4-a97d-d965ccfc6d4b" outcome="Passed" testListId="8c84fa94-04c1-424b-9868-57a2d4851a1d" relativeResultsDirectory="a01b8087-6500-4a21-bb79-28922825c078" />
    <UnitTestResult executionId="bb0dec7e-2d4e-45e0-aaf3-837e93f35198" testId="ea5fb2b5-6f99-ce02-6e35-cef974ce163a" testName="Nzr.ToolBox.Core.Tests.StringUtilsTest.ContainsAny_WithOrdinalIgnoreCaseStringNotContainingOneOfSubstring_ShouldReturnFalse" computerName="BLMG01DE-NTB014" duration="00:00:00.0010000" startTime="2020-01-13T17:41:54.8653812-03:00" endTime="2020-01-13T17:41:54.8653812-03:00" testType="13cdc9d9-ddb5-4fa4-a97d-d965ccfc6d4b" outcome="Passed" testListId="8c84fa94-04c1-424b-9868-57a2d4851a1d" relativeResultsDirectory="bb0dec7e-2d4e-45e0-aaf3-837e93f35198" />
    <UnitTestResult executionId="bb3eefc2-f34b-46f6-965e-be9e2cfd7526" testId="b39dab9a-0d55-2e3f-5d47-ce0f5ed831f6" testName="Nzr.ToolBox.Core.Tests.ReflectionUtilsTest.ExecuteForEachProperty_ShouldExecuteAction" computerName="BLMG01DE-NTB014" duration="00:00:00.0040000" startTime="2020-01-13T17:41:54.8534169-03:00" endTime="2020-01-13T17:41:54.8534170-03:00" testType="13cdc9d9-ddb5-4fa4-a97d-d965ccfc6d4b" outcome="Passed" testListId="8c84fa94-04c1-424b-9868-57a2d4851a1d" relativeResultsDirectory="bb3eefc2-f34b-46f6-965e-be9e2cfd7526" />
    <UnitTestResult executionId="8e6d0d45-4651-40a3-a15f-aeb372116c94" testId="0895ad80-dce9-06a7-5602-3c72da5f8da6" testName="Nzr.ToolBox.Core.Tests.CollectionUtilsTests.Add_WithListAsArgument_ShouldAddAllElements" computerName="BLMG01DE-NTB014" duration="00:00:00.0010000" startTime="2020-01-13T17:41:54.8639376-03:00" endTime="2020-01-13T17:41:54.8639376-03:00" testType="13cdc9d9-ddb5-4fa4-a97d-d965ccfc6d4b" outcome="Passed" testListId="8c84fa94-04c1-424b-9868-57a2d4851a1d" relativeResultsDirectory="8e6d0d45-4651-40a3-a15f-aeb372116c94" />
    <UnitTestResult executionId="2c731c59-4fe0-4c5c-8526-6f5f4b44d0dc" testId="474289fd-78a2-44f4-466e-fab96cf061fe" testName="Nzr.ToolBox.Core.Tests.CollectionUtilsTests.ForEach_WithNull_ShouldNotExecuteAction" computerName="BLMG01DE-NTB014" duration="00:00:00.0010000" startTime="2020-01-13T17:41:54.8774457-03:00" endTime="2020-01-13T17:41:54.8774458-03:00" testType="13cdc9d9-ddb5-4fa4-a97d-d965ccfc6d4b" outcome="Passed" testListId="8c84fa94-04c1-424b-9868-57a2d4851a1d" relativeResultsDirectory="2c731c59-4fe0-4c5c-8526-6f5f4b44d0dc" />
    <UnitTestResult executionId="17123a65-66d8-44ea-9b6a-dcba005067eb" testId="363f802a-8301-cdba-d629-1b88c66660e3" testName="Nzr.ToolBox.Core.Tests.CollectionUtilsTests.ForEach_WithEnumerable_ShouldExecuteFunction" computerName="BLMG01DE-NTB014" duration="00:00:00.0050000" startTime="2020-01-13T17:41:54.8773964-03:00" endTime="2020-01-13T17:41:54.8773965-03:00" testType="13cdc9d9-ddb5-4fa4-a97d-d965ccfc6d4b" outcome="Passed" testListId="8c84fa94-04c1-424b-9868-57a2d4851a1d" relativeResultsDirectory="17123a65-66d8-44ea-9b6a-dcba005067eb" />
    <UnitTestResult executionId="ee046112-6bb5-424c-bd30-240a0ead18bb" testId="dbff4c7a-b8c7-3550-f81a-813f19773541" testName="Nzr.ToolBox.Core.Tests.StringUtilsTest.IsNotBlank_WithBlankString_ShouldReturnFalse" computerName="BLMG01DE-NTB014" duration="00:00:00.0010000" startTime="2020-01-13T17:41:54.8729805-03:00" endTime="2020-01-13T17:41:54.8729807-03:00" testType="13cdc9d9-ddb5-4fa4-a97d-d965ccfc6d4b" outcome="Passed" testListId="8c84fa94-04c1-424b-9868-57a2d4851a1d" relativeResultsDirectory="ee046112-6bb5-424c-bd30-240a0ead18bb" />
    <UnitTestResult executionId="ffa0afc9-2f6f-4c6b-ae36-183a35af76d6" testId="ce609f5d-f2a0-fb82-0615-6999b7950665" testName="Nzr.ToolBox.Core.Tests.StringUtilsTest.Equal_WithIgnoreDiacriticsOptionTrueAndSimilarWords_ShouldReturnTrue" computerName="BLMG01DE-NTB014" duration="00:00:00.0010000" startTime="2020-01-13T17:41:54.8589862-03:00" endTime="2020-01-13T17:41:54.8589863-03:00" testType="13cdc9d9-ddb5-4fa4-a97d-d965ccfc6d4b" outcome="Passed" testListId="8c84fa94-04c1-424b-9868-57a2d4851a1d" relativeResultsDirectory="ffa0afc9-2f6f-4c6b-ae36-183a35af76d6" />
    <UnitTestResult executionId="9ccddfd9-584b-4509-839b-036c49f23c0a" testId="f17c6f13-62c6-75d6-4586-0ee5d254add5" testName="Nzr.ToolBox.Core.Tests.StringUtilsTest.IsAnyEmpty_WithOneNullStrings_ShouldReturnTrue" computerName="BLMG01DE-NTB014" duration="00:00:00.0010000" startTime="2020-01-13T17:41:54.8721673-03:00" endTime="2020-01-13T17:41:54.8721674-03:00" testType="13cdc9d9-ddb5-4fa4-a97d-d965ccfc6d4b" outcome="Passed" testListId="8c84fa94-04c1-424b-9868-57a2d4851a1d" relativeResultsDirectory="9ccddfd9-584b-4509-839b-036c49f23c0a" />
    <UnitTestResult executionId="32dae7df-7674-4f50-a2d8-d8bc04b7205c" testId="605b98ce-b18c-dba8-4c19-a7179b0b35c6" testName="Nzr.ToolBox.Core.Tests.CollectionUtilsTests.GetKey_WithMappedInput_ShouldReturnKey" computerName="BLMG01DE-NTB014" duration="00:00:00.0010000" startTime="2020-01-13T17:41:54.8712743-03:00" endTime="2020-01-13T17:41:54.8712743-03:00" testType="13cdc9d9-ddb5-4fa4-a97d-d965ccfc6d4b" outcome="Passed" testListId="8c84fa94-04c1-424b-9868-57a2d4851a1d" relativeResultsDirectory="32dae7df-7674-4f50-a2d8-d8bc04b7205c" />
    <UnitTestResult executionId="788e14a2-1e72-4240-b905-858b0ea2e702" testId="ef6ada67-330a-0b9a-effa-9092d4393f41" testName="Nzr.ToolBox.Core.Tests.CollectionUtilsTests.ContainsAny_WithNullSourceEnumerable_ShouldReturnFalse" computerName="BLMG01DE-NTB014" duration="00:00:00.0010000" startTime="2020-01-13T17:41:54.8628011-03:00" endTime="2020-01-13T17:41:54.8628011-03:00" testType="13cdc9d9-ddb5-4fa4-a97d-d965ccfc6d4b" outcome="Passed" testListId="8c84fa94-04c1-424b-9868-57a2d4851a1d" relativeResultsDirectory="788e14a2-1e72-4240-b905-858b0ea2e702" />
    <UnitTestResult executionId="ca3885d5-ba5e-4c68-a0a5-1ec271a009a2" testId="d6b5d745-8540-7046-4377-0f1373a8f399" testName="Nzr.ToolBox.Core.Tests.DateTimeUtilsTest.Subtract_WithOneYear_ShouldReturnLastYear" computerName="BLMG01DE-NTB014" duration="00:00:00.0010000" startTime="2020-01-13T17:41:54.8384599-03:00" endTime="2020-01-13T17:41:54.8384600-03:00" testType="13cdc9d9-ddb5-4fa4-a97d-d965ccfc6d4b" outcome="Passed" testListId="8c84fa94-04c1-424b-9868-57a2d4851a1d" relativeResultsDirectory="ca3885d5-ba5e-4c68-a0a5-1ec271a009a2" />
    <UnitTestResult executionId="079603d6-d052-4a8a-9232-37543486cca7" testId="1f8d595f-ee42-36d5-5d96-e0c86c183647" testName="Nzr.ToolBox.Core.Tests.RandomUtilsTest.RandomString_WithoutAnyChar_ShouldThrowException" computerName="BLMG01DE-NTB014" duration="00:00:00.0010000" startTime="2020-01-13T17:41:55.0830518-03:00" endTime="2020-01-13T17:41:55.0830519-03:00" testType="13cdc9d9-ddb5-4fa4-a97d-d965ccfc6d4b" outcome="Passed" testListId="8c84fa94-04c1-424b-9868-57a2d4851a1d" relativeResultsDirectory="079603d6-d052-4a8a-9232-37543486cca7" />
    <UnitTestResult executionId="b7d94915-d989-482c-8893-8be1631f7bc7" testId="7105bf79-1b8a-62bc-ff30-e967b860c8fb" testName="Nzr.ToolBox.Core.Tests.StringUtilsTest.Prefix_WithExistingPrefixAndOverride_ShouldAddPrefix" computerName="BLMG01DE-NTB014" duration="00:00:00.0010000" startTime="2020-01-13T17:41:54.8730414-03:00" endTime="2020-01-13T17:41:54.8730414-03:00" testType="13cdc9d9-ddb5-4fa4-a97d-d965ccfc6d4b" outcome="Passed" testListId="8c84fa94-04c1-424b-9868-57a2d4851a1d" relativeResultsDirectory="b7d94915-d989-482c-8893-8be1631f7bc7" />
    <UnitTestResult executionId="5cd8c107-eae1-41ee-81e1-51dd0e67a232" testId="de25e89d-7e39-180e-63d8-8a6c03a05fc0" testName="Nzr.ToolBox.Core.Tests.StringUtilsTest.Append_WithString_ShouldReturnStringWithAppendedValues" computerName="BLMG01DE-NTB014" duration="00:00:00.0010000" startTime="2020-01-13T17:41:54.8601115-03:00" endTime="2020-01-13T17:41:54.8601116-03:00" testType="13cdc9d9-ddb5-4fa4-a97d-d965ccfc6d4b" outcome="Passed" testListId="8c84fa94-04c1-424b-9868-57a2d4851a1d" relativeResultsDirectory="5cd8c107-eae1-41ee-81e1-51dd0e67a232" />
    <UnitTestResult executionId="736355c5-2ef7-4fd8-a305-0ab7f5d3fa59" testId="185eb6a1-d1e2-a7ae-f655-06a68724793c" testName="Nzr.ToolBox.Core.Tests.CollectionUtilsTests.ContainsAny_WithNullRefEnumerable_ShouldReturnFalse" computerName="BLMG01DE-NTB014" duration="00:00:00.0010000" startTime="2020-01-13T17:41:54.8688346-03:00" endTime="2020-01-13T17:41:54.8688346-03:00" testType="13cdc9d9-ddb5-4fa4-a97d-d965ccfc6d4b" outcome="Passed" testListId="8c84fa94-04c1-424b-9868-57a2d4851a1d" relativeResultsDirectory="736355c5-2ef7-4fd8-a305-0ab7f5d3fa59" />
    <UnitTestResult executionId="222a8a53-cd9f-4e3e-88ac-171964fd3177" testId="017f2681-1481-dbaa-ea0e-6a10d0c9b02d" testName="Nzr.ToolBox.Core.Tests.StringUtilsTest.GetFirstNonBlank_WithOnlyEmptyString_ShouldReturnNull" computerName="BLMG01DE-NTB014" duration="00:00:00.0010000" startTime="2020-01-13T17:41:54.8756057-03:00" endTime="2020-01-13T17:41:54.8756058-03:00" testType="13cdc9d9-ddb5-4fa4-a97d-d965ccfc6d4b" outcome="Passed" testListId="8c84fa94-04c1-424b-9868-57a2d4851a1d" relativeResultsDirectory="222a8a53-cd9f-4e3e-88ac-171964fd3177" />
    <UnitTestResult executionId="64e3d4ab-7b45-4233-8c59-3794b68e50e0" testId="39dfd282-5fe4-ceef-3391-cce4f58db31f" testName="Nzr.ToolBox.Core.Tests.StringUtilsTest.Format_WithNullString_ShouldReturnNull" computerName="BLMG01DE-NTB014" duration="00:00:00.0010000" startTime="2020-01-13T17:41:54.8636197-03:00" endTime="2020-01-13T17:41:54.8636198-03:00" testType="13cdc9d9-ddb5-4fa4-a97d-d965ccfc6d4b" outcome="Passed" testListId="8c84fa94-04c1-424b-9868-57a2d4851a1d" relativeResultsDirectory="64e3d4ab-7b45-4233-8c59-3794b68e50e0" />
    <UnitTestResult executionId="c8ab1dc2-8068-4fc5-84a3-48d636988ae9" testId="14b6413c-e1eb-0334-1dc2-58a621540c17" testName="Nzr.ToolBox.Core.Tests.DateTimeUtilsTest.IsSameDay_WithDatesWithSameDay_ShouldReturnTrue" computerName="BLMG01DE-NTB014" duration="00:00:00.0010000" startTime="2020-01-13T17:41:54.8401022-03:00" endTime="2020-01-13T17:41:54.8401023-03:00" testType="13cdc9d9-ddb5-4fa4-a97d-d965ccfc6d4b" outcome="Passed" testListId="8c84fa94-04c1-424b-9868-57a2d4851a1d" relativeResultsDirectory="c8ab1dc2-8068-4fc5-84a3-48d636988ae9" />
    <UnitTestResult executionId="cfd49f21-f634-4ba3-8ab2-d7f6a1ef42e8" testId="efac6178-2331-78d0-58dd-df1f5a698301" testName="Nzr.ToolBox.Core.Tests.RandomUtilsTest.RandomByte_ShouldReturnUniqueValues(iterations: 255, seed: null)" computerName="BLMG01DE-NTB014" duration="00:00:00.0110000" startTime="2020-01-13T17:41:54.7851458-03:00" endTime="2020-01-13T17:41:54.7851458-03:00" testType="13cdc9d9-ddb5-4fa4-a97d-d965ccfc6d4b" outcome="Passed" testListId="8c84fa94-04c1-424b-9868-57a2d4851a1d" relativeResultsDirectory="cfd49f21-f634-4ba3-8ab2-d7f6a1ef42e8" />
    <UnitTestResult executionId="4985051b-bf72-402b-9d92-8ebdbc9bda4e" testId="9d1fdad2-86cb-58a0-0255-a31c1f4f628b" testName="Nzr.ToolBox.Core.Tests.BooleanUtilsTests.ToBool_WithNonPositiveString_ShouldReturnFalse(value: &quot;X&quot;)" computerName="BLMG01DE-NTB014" duration="00:00:00.0010000" startTime="2020-01-13T17:41:54.8501941-03:00" endTime="2020-01-13T17:41:54.8501942-03:00" testType="13cdc9d9-ddb5-4fa4-a97d-d965ccfc6d4b" outcome="Passed" testListId="8c84fa94-04c1-424b-9868-57a2d4851a1d" relativeResultsDirectory="4985051b-bf72-402b-9d92-8ebdbc9bda4e" />
    <UnitTestResult executionId="d173d1a6-c869-4de0-bfc4-695a9fe96712" testId="50f24cab-68bb-0a36-1c30-0ae9a001fb12" testName="Nzr.ToolBox.Core.Tests.StringUtilsTest.ContainsNone_WithStringContainingOneOfSubstring_ShouldReturnFalse" computerName="BLMG01DE-NTB014" duration="00:00:00.0010000" startTime="2020-01-13T17:41:54.8690466-03:00" endTime="2020-01-13T17:41:54.8690467-03:00" testType="13cdc9d9-ddb5-4fa4-a97d-d965ccfc6d4b" outcome="Passed" testListId="8c84fa94-04c1-424b-9868-57a2d4851a1d" relativeResultsDirectory="d173d1a6-c869-4de0-bfc4-695a9fe96712" />
    <UnitTestResult executionId="b4dfee48-5048-4ccc-8f7a-97ce7e617a08" testId="625b6eef-9fde-b5ef-1db7-16257d35bad4" testName="Nzr.ToolBox.Core.Tests.StringUtilsTest.RemoveEnd_WithExistingStrings_ShouldReturnCleanedString" computerName="BLMG01DE-NTB014" duration="00:00:00.0010000" startTime="2020-01-13T17:41:54.8485042-03:00" endTime="2020-01-13T17:41:54.8485044-03:00" testType="13cdc9d9-ddb5-4fa4-a97d-d965ccfc6d4b" outcome="Passed" testListId="8c84fa94-04c1-424b-9868-57a2d4851a1d" relativeResultsDirectory="b4dfee48-5048-4ccc-8f7a-97ce7e617a08" />
    <UnitTestResult executionId="f9f9b705-53c3-4e71-9e73-794f3993057c" testId="cbba7763-672f-ddfc-9a60-f6df272eaad6" testName="Nzr.ToolBox.Core.Tests.RandomUtilsTest.RandomDouble_ShouldReturnUniqueValues(iterations: 10000, seed: null)" computerName="BLMG01DE-NTB014" duration="00:00:00.0150000" startTime="2020-01-13T17:41:54.8815817-03:00" endTime="2020-01-13T17:41:54.8815820-03:00" testType="13cdc9d9-ddb5-4fa4-a97d-d965ccfc6d4b" outcome="Passed" testListId="8c84fa94-04c1-424b-9868-57a2d4851a1d" relativeResultsDirectory="f9f9b705-53c3-4e71-9e73-794f3993057c" />
    <UnitTestResult executionId="5bd20802-1154-4042-b61d-95f998677e65" testId="f69da90d-10ac-e902-c8cf-752cc6502d57" testName="Nzr.ToolBox.Core.Tests.BooleanUtilsTests.IsAllFalse_WithOneTrueValue_ShouldReturnFalse" computerName="BLMG01DE-NTB014" duration="00:00:00.0010000" startTime="2020-01-13T17:41:54.8534535-03:00" endTime="2020-01-13T17:41:54.8534536-03:00" testType="13cdc9d9-ddb5-4fa4-a97d-d965ccfc6d4b" outcome="Passed" testListId="8c84fa94-04c1-424b-9868-57a2d4851a1d" relativeResultsDirectory="5bd20802-1154-4042-b61d-95f998677e65" />
    <UnitTestResult executionId="d5a17017-6928-4c6b-8ae6-cf11eebffeb7" testId="44eff8ca-e64d-d8d4-6361-cfa3c75ede11" testName="Nzr.ToolBox.Core.Tests.BooleanUtilsTests.Describe_WihTrueValueAndWithDefaultYesString_ShouldReturnYes" computerName="BLMG01DE-NTB014" duration="00:00:00.0010000" startTime="2020-01-13T17:41:54.8563664-03:00" endTime="2020-01-13T17:41:54.8563664-03:00" testType="13cdc9d9-ddb5-4fa4-a97d-d965ccfc6d4b" outcome="Passed" testListId="8c84fa94-04c1-424b-9868-57a2d4851a1d" relativeResultsDirectory="d5a17017-6928-4c6b-8ae6-cf11eebffeb7" />
    <UnitTestResult executionId="9f9b3c48-e289-41d2-9fa9-3fa9d5e6b367" testId="61955263-2d18-b04f-1074-d886d947e055" testName="Nzr.ToolBox.Core.Tests.BooleanUtilsTests.ToBool_WithNonPositiveString_ShouldReturnFalse(value: &quot;Não&quot;)" computerName="BLMG01DE-NTB014" duration="00:00:00.0010000" startTime="2020-01-13T17:41:54.8502374-03:00" endTime="2020-01-13T17:41:54.8502374-03:00" testType="13cdc9d9-ddb5-4fa4-a97d-d965ccfc6d4b" outcome="Passed" testListId="8c84fa94-04c1-424b-9868-57a2d4851a1d" relativeResultsDirectory="9f9b3c48-e289-41d2-9fa9-3fa9d5e6b367" />
    <UnitTestResult executionId="45c0b2bb-c378-4233-b870-18758238c3ce" testId="f35f6eae-a2f2-9704-db53-5b689fdd1bea" testName="Nzr.ToolBox.Core.Tests.BooleanUtilsTests.ToBool_WithNonPositiveString_ShouldReturnFalse(value: &quot;&quot;)" computerName="BLMG01DE-NTB014" duration="00:00:00.0010000" startTime="2020-01-13T17:41:54.8503186-03:00" endTime="2020-01-13T17:41:54.8503187-03:00" testType="13cdc9d9-ddb5-4fa4-a97d-d965ccfc6d4b" outcome="Passed" testListId="8c84fa94-04c1-424b-9868-57a2d4851a1d" relativeResultsDirectory="45c0b2bb-c378-4233-b870-18758238c3ce" />
    <UnitTestResult executionId="011802ce-c5da-49e2-a52b-4f4f75a1734b" testId="9d68ecd9-7bbb-710d-bc5c-7fb6bcf70625" testName="Nzr.ToolBox.Core.Tests.StringUtilsTest.IsNotEmpty_WithBlankString_ShouldReturnTrue" computerName="BLMG01DE-NTB014" duration="00:00:00.0010000" startTime="2020-01-13T17:41:54.8486787-03:00" endTime="2020-01-13T17:41:54.8486788-03:00" testType="13cdc9d9-ddb5-4fa4-a97d-d965ccfc6d4b" outcome="Passed" testListId="8c84fa94-04c1-424b-9868-57a2d4851a1d" relativeResultsDirectory="011802ce-c5da-49e2-a52b-4f4f75a1734b" />
    <UnitTestResult executionId="3c400738-ae1d-4f89-aa9b-cd2f6a414f3f" testId="a8aeaf6c-55aa-4255-8afb-adec0e7c74a8" testName="Nzr.ToolBox.Core.Tests.StringUtilsTest.ContainsAny_WithOrdinalIgnoreCaseNullStringWithNullAsSubstrings_ShouldReturnTrue" computerName="BLMG01DE-NTB014" duration="00:00:00.0020000" startTime="2020-01-13T17:41:54.8471719-03:00" endTime="2020-01-13T17:41:54.8471720-03:00" testType="13cdc9d9-ddb5-4fa4-a97d-d965ccfc6d4b" outcome="Passed" testListId="8c84fa94-04c1-424b-9868-57a2d4851a1d" relativeResultsDirectory="3c400738-ae1d-4f89-aa9b-cd2f6a414f3f" />
    <UnitTestResult executionId="eb61c0ea-aa73-4625-afa8-94abc96eb4b1" testId="4d8283f4-8639-27d1-44ac-751f4d8f3078" testName="Nzr.ToolBox.Core.Tests.StringUtilsTest.ContainsAll_WithStringContainigAllSubstrings_ShouldReturnTrue" computerName="BLMG01DE-NTB014" duration="00:00:00.0010000" startTime="2020-01-13T17:41:54.8637058-03:00" endTime="2020-01-13T17:41:54.8637059-03:00" testType="13cdc9d9-ddb5-4fa4-a97d-d965ccfc6d4b" outcome="Passed" testListId="8c84fa94-04c1-424b-9868-57a2d4851a1d" relativeResultsDirectory="eb61c0ea-aa73-4625-afa8-94abc96eb4b1" />
    <UnitTestResult executionId="eef95801-62fe-4f1e-8d9a-9f1e018491f9" testId="80448ca3-d219-127e-a239-9050478b7a03" testName="Nzr.ToolBox.Core.Tests.CollectionUtilsTests.Contains_WithNullArray_ShouldReturnFalse" computerName="BLMG01DE-NTB014" duration="00:00:00.0010000" startTime="2020-01-13T17:41:54.8609645-03:00" endTime="2020-01-13T17:41:54.8609645-03:00" testType="13cdc9d9-ddb5-4fa4-a97d-d965ccfc6d4b" outcome="Passed" testListId="8c84fa94-04c1-424b-9868-57a2d4851a1d" relativeResultsDirectory="eef95801-62fe-4f1e-8d9a-9f1e018491f9" />
    <UnitTestResult executionId="0f0e383c-9d51-4140-9be2-fb14b089cb76" testId="3f13a7b6-337e-e068-e2f4-569bb1afc599" testName="Nzr.ToolBox.Core.Tests.BooleanUtilsTests.IsAnyTrue_WithAllFalseValues_ShouldReturnFalse" computerName="BLMG01DE-NTB014" duration="00:00:00.0010000" startTime="2020-01-13T17:41:54.8471215-03:00" endTime="2020-01-13T17:41:54.8471216-03:00" testType="13cdc9d9-ddb5-4fa4-a97d-d965ccfc6d4b" outcome="Passed" testListId="8c84fa94-04c1-424b-9868-57a2d4851a1d" relativeResultsDirectory="0f0e383c-9d51-4140-9be2-fb14b089cb76" />
    <UnitTestResult executionId="c6ef9a96-3f35-4a6d-b17b-237afdfc668c" testId="e624c53d-a1cf-0c98-22e7-54295ab64bfd" testName="Nzr.ToolBox.Core.Tests.ObjectUtilsTest.IsAllNull_WithAllNull_ShouldReturnTrue" computerName="BLMG01DE-NTB014" duration="00:00:00.0010000" startTime="2020-01-13T17:41:55.0434108-03:00" endTime="2020-01-13T17:41:55.0434109-03:00" testType="13cdc9d9-ddb5-4fa4-a97d-d965ccfc6d4b" outcome="Passed" testListId="8c84fa94-04c1-424b-9868-57a2d4851a1d" relativeResultsDirectory="c6ef9a96-3f35-4a6d-b17b-237afdfc668c" />
    <UnitTestResult executionId="42698962-679e-477a-a114-b6bde93f7eed" testId="aa9cc0cb-14c6-ae07-bdfd-bae5f2a9924a" testName="Nzr.ToolBox.Core.Tests.CollectionUtilsTests.EmptyIfNull_WithNonNullEnumerable_ShouldTheEnumerable" computerName="BLMG01DE-NTB014" duration="00:00:00.0010000" startTime="2020-01-13T17:41:54.8600836-03:00" endTime="2020-01-13T17:41:54.8600837-03:00" testType="13cdc9d9-ddb5-4fa4-a97d-d965ccfc6d4b" outcome="Passed" testListId="8c84fa94-04c1-424b-9868-57a2d4851a1d" relativeResultsDirectory="42698962-679e-477a-a114-b6bde93f7eed" />
    <UnitTestResult executionId="fe5230d0-4d35-4c28-9830-eaa8a0a7fb96" testId="d40c6e0c-b4ac-c82e-a0d9-6e696ff5e301" testName="Nzr.ToolBox.Core.Tests.StringUtilsTest.DefaultIfEmpty_WitEmptyString_ShouldReturnDefault" computerName="BLMG01DE-NTB014" duration="00:00:00.0010000" startTime="2020-01-13T17:41:54.8731571-03:00" endTime="2020-01-13T17:41:54.8731572-03:00" testType="13cdc9d9-ddb5-4fa4-a97d-d965ccfc6d4b" outcome="Passed" testListId="8c84fa94-04c1-424b-9868-57a2d4851a1d" relativeResultsDirectory="fe5230d0-4d35-4c28-9830-eaa8a0a7fb96" />
    <UnitTestResult executionId="7e9248db-76d6-482f-bf9d-fd7d457ca8c1" testId="266b6884-84e9-585c-ee2b-eff743317cdb" testName="Nzr.ToolBox.Core.Tests.BooleanUtilsTests.ToBool_WithPositiveString_ShouldReturnTrue(value: &quot;Si&quot;)" computerName="BLMG01DE-NTB014" duration="00:00:00.0020000" startTime="2020-01-13T17:41:54.8454660-03:00" endTime="2020-01-13T17:41:54.8454660-03:00" testType="13cdc9d9-ddb5-4fa4-a97d-d965ccfc6d4b" outcome="Passed" testListId="8c84fa94-04c1-424b-9868-57a2d4851a1d" relativeResultsDirectory="7e9248db-76d6-482f-bf9d-fd7d457ca8c1" />
    <UnitTestResult executionId="46f47e81-946d-4d55-aea0-dcedc9db07af" testId="f54f88da-7c5b-63a5-454a-c31c248124f8" testName="Nzr.ToolBox.Core.Tests.BooleanUtilsTests.IsTrue_WithNullOrFalseValue_ShouldReturnFalse(value: null)" computerName="BLMG01DE-NTB014" duration="00:00:00.0010000" startTime="2020-01-13T17:41:54.8571898-03:00" endTime="2020-01-13T17:41:54.8571900-03:00" testType="13cdc9d9-ddb5-4fa4-a97d-d965ccfc6d4b" outcome="Passed" testListId="8c84fa94-04c1-424b-9868-57a2d4851a1d" relativeResultsDirectory="46f47e81-946d-4d55-aea0-dcedc9db07af" />
    <UnitTestResult executionId="a55d7344-55c3-4758-b65e-04ed13456d43" testId="ef1cb9b1-5ade-bdda-d597-f65de556664c" testName="Nzr.ToolBox.Core.Tests.CollectionUtilsTests.GetKey_WithNullInput_ShouldReturnNull" computerName="BLMG01DE-NTB014" duration="00:00:00.0010000" startTime="2020-01-13T17:41:54.8774969-03:00" endTime="2020-01-13T17:41:54.8774969-03:00" testType="13cdc9d9-ddb5-4fa4-a97d-d965ccfc6d4b" outcome="Passed" testListId="8c84fa94-04c1-424b-9868-57a2d4851a1d" relativeResultsDirectory="a55d7344-55c3-4758-b65e-04ed13456d43" />
    <UnitTestResult executionId="633f03d7-dfd2-46e6-80a2-4e9269a90ade" testId="a412f5de-b33e-e409-c4ae-50c16bfae988" testName="Nzr.ToolBox.Core.Tests.StringUtilsTest.DefaultIfBlank_WitEmptyString_ShouldReturnDefault" computerName="BLMG01DE-NTB014" duration="00:00:00.0010000" startTime="2020-01-13T17:41:54.8677177-03:00" endTime="2020-01-13T17:41:54.8677179-03:00" testType="13cdc9d9-ddb5-4fa4-a97d-d965ccfc6d4b" outcome="Passed" testListId="8c84fa94-04c1-424b-9868-57a2d4851a1d" relativeResultsDirectory="633f03d7-dfd2-46e6-80a2-4e9269a90ade" />
    <UnitTestResult executionId="a1ed6f12-ec36-4f9b-91dc-ecf626e07d57" testId="7846d9ed-3cef-0cbd-2b1f-638be6a96222" testName="Nzr.ToolBox.Core.Tests.CollectionUtilsTests.ContainsAny_WithEnumerableAndNonOfOtherElements_ShouldReturnFalse" computerName="BLMG01DE-NTB014" duration="00:00:00.0010000" startTime="2020-01-13T17:41:54.8609067-03:00" endTime="2020-01-13T17:41:54.8609067-03:00" testType="13cdc9d9-ddb5-4fa4-a97d-d965ccfc6d4b" outcome="Passed" testListId="8c84fa94-04c1-424b-9868-57a2d4851a1d" relativeResultsDirectory="a1ed6f12-ec36-4f9b-91dc-ecf626e07d57" />
    <UnitTestResult executionId="21c917d4-45e1-4948-a8a5-41896a473705" testId="ef8414b8-93fc-9937-7131-0c62836c71c1" testName="Nzr.ToolBox.Core.Tests.StringUtilsTest.ContainsAny_WithOrdinalIgnoreCaseStringContainingOneOfSubstring_ShouldReturnTrue" computerName="BLMG01DE-NTB014" duration="00:00:00.0010000" startTime="2020-01-13T17:41:54.8638878-03:00" endTime="2020-01-13T17:41:54.8638878-03:00" testType="13cdc9d9-ddb5-4fa4-a97d-d965ccfc6d4b" outcome="Passed" testListId="8c84fa94-04c1-424b-9868-57a2d4851a1d" relativeResultsDirectory="21c917d4-45e1-4948-a8a5-41896a473705" />
    <UnitTestResult executionId="686408a3-3f26-494d-9671-4b9f94906de2" testId="7f60703b-ccac-d67a-af2c-d0f5218965ff" testName="Nzr.ToolBox.Core.Tests.BooleanUtilsTests.ToBool_WithPositiveString_ShouldReturnTrue(value: &quot;Sim&quot;)" computerName="BLMG01DE-NTB014" duration="00:00:00.0010000" startTime="2020-01-13T17:41:54.8462346-03:00" endTime="2020-01-13T17:41:54.8462347-03:00" testType="13cdc9d9-ddb5-4fa4-a97d-d965ccfc6d4b" outcome="Passed" testListId="8c84fa94-04c1-424b-9868-57a2d4851a1d" relativeResultsDirectory="686408a3-3f26-494d-9671-4b9f94906de2" />
    <UnitTestResult executionId="7084fdec-da5f-4ea8-9378-302be8ffd361" testId="4a5c20cb-2c1d-4475-6cd5-7c6e3e33b758" testName="Nzr.ToolBox.Core.Tests.BooleanUtilsTests.IsTrue_WithTrueValue_ShouldReturnTrue" computerName="BLMG01DE-NTB014" duration="00:00:00.0010000" startTime="2020-01-13T17:41:54.8471508-03:00" endTime="2020-01-13T17:41:54.8471509-03:00" testType="13cdc9d9-ddb5-4fa4-a97d-d965ccfc6d4b" outcome="Passed" testListId="8c84fa94-04c1-424b-9868-57a2d4851a1d" relativeResultsDirectory="7084fdec-da5f-4ea8-9378-302be8ffd361" />
    <UnitTestResult executionId="8f9901b5-44f7-4d0d-a2c0-79c6141c1e53" testId="fea88c74-eaa4-e751-b2f0-898db2073835" testName="Nzr.ToolBox.Core.Tests.DateTimeUtilsTest.IsSameDay_WithDatesWithoutSameDay_ShouldReturnFalse" computerName="BLMG01DE-NTB014" duration="00:00:00.0010000" startTime="2020-01-13T17:41:54.8446271-03:00" endTime="2020-01-13T17:41:54.8446271-03:00" testType="13cdc9d9-ddb5-4fa4-a97d-d965ccfc6d4b" outcome="Passed" testListId="8c84fa94-04c1-424b-9868-57a2d4851a1d" relativeResultsDirectory="8f9901b5-44f7-4d0d-a2c0-79c6141c1e53" />
    <UnitTestResult executionId="661d6e25-ce90-4f21-886f-a9e9baf23332" testId="b89dea80-2b79-97b6-0fdd-76dc58be24ef" testName="Nzr.ToolBox.Core.Tests.StringUtilsTest.DescribeIfNone_WithNull_ShouldReturnNullString" computerName="BLMG01DE-NTB014" duration="00:00:00.0010000" startTime="2020-01-13T17:41:54.8711230-03:00" endTime="2020-01-13T17:41:54.8711230-03:00" testType="13cdc9d9-ddb5-4fa4-a97d-d965ccfc6d4b" outcome="Passed" testListId="8c84fa94-04c1-424b-9868-57a2d4851a1d" relativeResultsDirectory="661d6e25-ce90-4f21-886f-a9e9baf23332" />
    <UnitTestResult executionId="5ad6835f-6845-4af8-97f5-9558131d9fa3" testId="131c3a52-0a16-0ae5-0512-93dbda72ea85" testName="Nzr.ToolBox.Core.Tests.StringUtilsTest.Remove_WithNonNullString_ShouldRemoveGiveStrings" computerName="BLMG01DE-NTB014" duration="00:00:00.0010000" startTime="2020-01-13T17:41:54.8574902-03:00" endTime="2020-01-13T17:41:54.8574903-03:00" testType="13cdc9d9-ddb5-4fa4-a97d-d965ccfc6d4b" outcome="Passed" testListId="8c84fa94-04c1-424b-9868-57a2d4851a1d" relativeResultsDirectory="5ad6835f-6845-4af8-97f5-9558131d9fa3" />
    <UnitTestResult executionId="39670701-bee2-4324-85d4-7881581ad108" testId="0f07da2a-afe3-eb2a-982c-c9250d4e2995" testName="Nzr.ToolBox.Core.Tests.RandomUtilsTest.RandomString_WithSymbolsOnly_ShouldReturnSymbolOnlyString" computerName="BLMG01DE-NTB014" duration="00:00:00.0010000" startTime="2020-01-13T17:41:55.0525496-03:00" endTime="2020-01-13T17:41:55.0525497-03:00" testType="13cdc9d9-ddb5-4fa4-a97d-d965ccfc6d4b" outcome="Passed" testListId="8c84fa94-04c1-424b-9868-57a2d4851a1d" relativeResultsDirectory="39670701-bee2-4324-85d4-7881581ad108" />
    <UnitTestResult executionId="99035d95-a151-410f-b229-09cf97c8cbf5" testId="abaeb843-e95d-5629-dacd-9477aefd8dd6" testName="Nzr.ToolBox.Core.Tests.NumberUtilsTest.Min_ShouldReturnMinValues" computerName="BLMG01DE-NTB014" duration="00:00:00.0030000" startTime="2020-01-13T17:41:54.8608439-03:00" endTime="2020-01-13T17:41:54.8608440-03:00" testType="13cdc9d9-ddb5-4fa4-a97d-d965ccfc6d4b" outcome="Passed" testListId="8c84fa94-04c1-424b-9868-57a2d4851a1d" relativeResultsDirectory="99035d95-a151-410f-b229-09cf97c8cbf5" />
    <UnitTestResult executionId="ffbaa43f-dd74-449d-9b9c-abe4fe208e76" testId="f66c2c72-8186-4752-6374-d287cc46a9fe" testName="Nzr.ToolBox.Core.Tests.StringUtilsTest.IsAllBlank_WithNullOrBlankStrings_ShouldReturnTrue" computerName="BLMG01DE-NTB014" duration="00:00:00.0010000" startTime="2020-01-13T17:41:54.8402194-03:00" endTime="2020-01-13T17:41:54.8402195-03:00" testType="13cdc9d9-ddb5-4fa4-a97d-d965ccfc6d4b" outcome="Passed" testListId="8c84fa94-04c1-424b-9868-57a2d4851a1d" relativeResultsDirectory="ffbaa43f-dd74-449d-9b9c-abe4fe208e76" />
    <UnitTestResult executionId="4ab069a3-eb94-4fff-b606-7d4561037342" testId="5062168a-47a4-716c-83cf-4566eb406f51" testName="Nzr.ToolBox.Core.Tests.NumberUtilsTest.Average_ShouldReturnAverageValues" computerName="BLMG01DE-NTB014" duration="00:00:00.0020000" startTime="2020-01-13T17:41:54.8628572-03:00" endTime="2020-01-13T17:41:54.8628572-03:00" testType="13cdc9d9-ddb5-4fa4-a97d-d965ccfc6d4b" outcome="Passed" testListId="8c84fa94-04c1-424b-9868-57a2d4851a1d" relativeResultsDirectory="4ab069a3-eb94-4fff-b606-7d4561037342" />
    <UnitTestResult executionId="b30867b6-411d-4e65-8da2-45450cde1590" testId="38aa400d-53ce-7d63-25db-acb1a6beac35" testName="Nzr.ToolBox.Core.Tests.StringUtilsTest.DescribeIfNone_WithBlank_ShouldReturnBlankString" computerName="BLMG01DE-NTB014" duration="00:00:00.0010000" startTime="2020-01-13T17:41:54.8757001-03:00" endTime="2020-01-13T17:41:54.8757002-03:00" testType="13cdc9d9-ddb5-4fa4-a97d-d965ccfc6d4b" outcome="Passed" testListId="8c84fa94-04c1-424b-9868-57a2d4851a1d" relativeResultsDirectory="b30867b6-411d-4e65-8da2-45450cde1590" />
    <UnitTestResult executionId="2586d1ae-c14a-459e-84de-133407be2118" testId="a7cd429d-9ea9-105f-832c-f5c0d894de31" testName="Nzr.ToolBox.Core.Tests.ObjectUtilsTest.IfNotNull_WithNonNullValue_ShouldExecuteNotNullAction" computerName="BLMG01DE-NTB014" duration="00:00:00.0010000" startTime="2020-01-13T17:41:54.9584016-03:00" endTime="2020-01-13T17:41:54.9584021-03:00" testType="13cdc9d9-ddb5-4fa4-a97d-d965ccfc6d4b" outcome="Passed" testListId="8c84fa94-04c1-424b-9868-57a2d4851a1d" relativeResultsDirectory="2586d1ae-c14a-459e-84de-133407be2118" />
    <UnitTestResult executionId="82b65803-2828-4289-a90e-9f5defeb9d40" testId="82b6aab1-e835-8e28-1aa8-e6764ddd6ce8" testName="Nzr.ToolBox.Core.Tests.RandomUtilsTest.RandomString_WithNumbersOnly_ShouldReturnNumericString" computerName="BLMG01DE-NTB014" duration="00:00:00.0010000" startTime="2020-01-13T17:41:54.8816418-03:00" endTime="2020-01-13T17:41:54.8816419-03:00" testType="13cdc9d9-ddb5-4fa4-a97d-d965ccfc6d4b" outcome="Passed" testListId="8c84fa94-04c1-424b-9868-57a2d4851a1d" relativeResultsDirectory="82b65803-2828-4289-a90e-9f5defeb9d40" />
    <UnitTestResult executionId="d8d7ae81-b84b-49ce-b851-77d3e24bf6ed" testId="2fe27f4d-780b-bc6e-57d1-a34e746519d2" testName="Nzr.ToolBox.Core.Tests.NumberUtilsTest.ToBinary_WithDecimalWithoutPrefix_ShouldReturnBinaryNumbersOnly" computerName="BLMG01DE-NTB014" duration="00:00:00.0090000" startTime="2020-01-13T17:41:54.7850928-03:00" endTime="2020-01-13T17:41:54.7850928-03:00" testType="13cdc9d9-ddb5-4fa4-a97d-d965ccfc6d4b" outcome="Passed" testListId="8c84fa94-04c1-424b-9868-57a2d4851a1d" relativeResultsDirectory="d8d7ae81-b84b-49ce-b851-77d3e24bf6ed" />
    <UnitTestResult executionId="d3279ce6-f6b5-4dce-b37f-63734301c4e0" testId="81f4be93-f58a-fe7a-4fed-525380a4a47a" testName="Nzr.ToolBox.Core.Tests.StringUtilsTest.ContainsNone_WithOrdinalIgnoreCaseStringContainingOneOfSubstring_ShouldReturnFalse" computerName="BLMG01DE-NTB014" duration="00:00:00.0010000" startTime="2020-01-13T17:41:54.8678389-03:00" endTime="2020-01-13T17:41:54.8678390-03:00" testType="13cdc9d9-ddb5-4fa4-a97d-d965ccfc6d4b" outcome="Passed" testListId="8c84fa94-04c1-424b-9868-57a2d4851a1d" relativeResultsDirectory="d3279ce6-f6b5-4dce-b37f-63734301c4e0" />
    <UnitTestResult executionId="a5a99c32-2e97-40ca-a7eb-b3685be915b5" testId="c5f701a1-fcd5-1f87-4fee-cd5b137b31a8" testName="Nzr.ToolBox.Core.Tests.BooleanUtilsTests.ToBool_WithPositiveNonZero_ShouldReturnTrue(b: 2, s: 3, i: 4, l: 5, f: 6, d: 7, m: 8)" computerName="BLMG01DE-NTB014" duration="00:00:00.0010000" startTime="2020-01-13T17:41:54.8536495-03:00" endTime="2020-01-13T17:41:54.8536496-03:00" testType="13cdc9d9-ddb5-4fa4-a97d-d965ccfc6d4b" outcome="Passed" testListId="8c84fa94-04c1-424b-9868-57a2d4851a1d" relativeResultsDirectory="a5a99c32-2e97-40ca-a7eb-b3685be915b5" />
    <UnitTestResult executionId="7e5a90f4-1d1c-4f3c-a44f-e555b796f5f2" testId="06062712-a9f6-15e0-bf35-38dc901029e7" testName="Nzr.ToolBox.Core.Tests.NumberUtilsTest.ToHexadecimal_WithNumberWithPrefix_ShouldReturnBinaryWithPrefix" computerName="BLMG01DE-NTB014" duration="00:00:00.0010000" startTime="2020-01-13T17:41:54.8590183-03:00" endTime="2020-01-13T17:41:54.8590183-03:00" testType="13cdc9d9-ddb5-4fa4-a97d-d965ccfc6d4b" outcome="Passed" testListId="8c84fa94-04c1-424b-9868-57a2d4851a1d" relativeResultsDirectory="7e5a90f4-1d1c-4f3c-a44f-e555b796f5f2" />
    <UnitTestResult executionId="ecba37d0-b707-449e-b0e9-284ad0046c97" testId="af6775fd-d269-907e-4174-20941ea53792" testName="Nzr.ToolBox.Core.Tests.RandomUtilsTest.RandomDecimal_ShouldReturnUniqueValues(iterations: 10000, seed: 1)" computerName="BLMG01DE-NTB014" duration="00:00:00.0290000" startTime="2020-01-13T17:41:54.9358971-03:00" endTime="2020-01-13T17:41:54.9358974-03:00" testType="13cdc9d9-ddb5-4fa4-a97d-d965ccfc6d4b" outcome="Passed" testListId="8c84fa94-04c1-424b-9868-57a2d4851a1d" relativeResultsDirectory="ecba37d0-b707-449e-b0e9-284ad0046c97" />
    <UnitTestResult executionId="1307d2d1-7517-43a4-9061-2b1f14e27927" testId="7e9381b8-1011-a83d-71c0-1a4700f44a6a" testName="Nzr.ToolBox.Core.Tests.RandomUtilsTest.RandomLong_ShouldReturnUniqueValues(iterations: 10000, seed: null)" computerName="BLMG01DE-NTB014" duration="00:00:00.0130000" startTime="2020-01-13T17:41:54.8872547-03:00" endTime="2020-01-13T17:41:54.8872551-03:00" testType="13cdc9d9-ddb5-4fa4-a97d-d965ccfc6d4b" outcome="Passed" testListId="8c84fa94-04c1-424b-9868-57a2d4851a1d" relativeResultsDirectory="1307d2d1-7517-43a4-9061-2b1f14e27927" />
    <UnitTestResult executionId="f081c8dc-7dcf-4ab5-97cc-a7410630add0" testId="dec4b2e5-eff9-2a89-8e71-4aef758046da" testName="Nzr.ToolBox.Core.Tests.StringUtilsTest.IsNotBlank_WithNullString_ShouldReturnFalse" computerName="BLMG01DE-NTB014" duration="00:00:00.0010000" startTime="2020-01-13T17:41:54.8744820-03:00" endTime="2020-01-13T17:41:54.8744821-03:00" testType="13cdc9d9-ddb5-4fa4-a97d-d965ccfc6d4b" outcome="Passed" testListId="8c84fa94-04c1-424b-9868-57a2d4851a1d" relativeResultsDirectory="f081c8dc-7dcf-4ab5-97cc-a7410630add0" />
    <UnitTestResult executionId="450697d8-eca9-47fe-9c6b-813399592412" testId="16e225c7-ff41-4d1e-ea8a-a910d30a164b" testName="Nzr.ToolBox.Core.Tests.StringUtilsTest.Repeat_WithNull_ShouldReturnNull" computerName="BLMG01DE-NTB014" duration="00:00:00.0010000" startTime="2020-01-13T17:41:54.8563961-03:00" endTime="2020-01-13T17:41:54.8563962-03:00" testType="13cdc9d9-ddb5-4fa4-a97d-d965ccfc6d4b" outcome="Passed" testListId="8c84fa94-04c1-424b-9868-57a2d4851a1d" relativeResultsDirectory="450697d8-eca9-47fe-9c6b-813399592412" />
    <UnitTestResult executionId="6bcced72-d1f9-4715-bfaa-214fb744dbf5" testId="75d1fee2-de8d-1cd6-eaa6-403797b3cf12" testName="Nzr.ToolBox.Core.Tests.CollectionUtilsTests.Get_WithNullEnumerabl_ShouldReturnNull" computerName="BLMG01DE-NTB014" duration="00:00:00.0010000" startTime="2020-01-13T17:41:54.8628778-03:00" endTime="2020-01-13T17:41:54.8628778-03:00" testType="13cdc9d9-ddb5-4fa4-a97d-d965ccfc6d4b" outcome="Passed" testListId="8c84fa94-04c1-424b-9868-57a2d4851a1d" relativeResultsDirectory="6bcced72-d1f9-4715-bfaa-214fb744dbf5" />
    <UnitTestResult executionId="5b22808f-6214-488d-b3a0-235b1a8cbeea" testId="ef3db43b-1e0a-f198-9720-31d80f533fc8" testName="Nzr.ToolBox.Core.Tests.ObjectUtilsTest.FirstNonNull_WithAnyNonNull_ShouldReturnFirstNonNull" computerName="BLMG01DE-NTB014" duration="00:00:00.0110000" startTime="2020-01-13T17:41:54.7851346-03:00" endTime="2020-01-13T17:41:54.7851346-03:00" testType="13cdc9d9-ddb5-4fa4-a97d-d965ccfc6d4b" outcome="Passed" testListId="8c84fa94-04c1-424b-9868-57a2d4851a1d" relativeResultsDirectory="5b22808f-6214-488d-b3a0-235b1a8cbeea" />
    <UnitTestResult executionId="f41d2741-7ce7-4521-96fc-306026c04710" testId="bd4840b2-65f4-1738-f51a-39c1c1a95ff4" testName="Nzr.ToolBox.Core.Tests.RandomUtilsTest.RandomByte_ShouldReturnUniqueValues(iterations: 255, seed: 1)" computerName="BLMG01DE-NTB014" duration="00:00:00.0010000" startTime="2020-01-13T17:41:54.8354823-03:00" endTime="2020-01-13T17:41:54.8354824-03:00" testType="13cdc9d9-ddb5-4fa4-a97d-d965ccfc6d4b" outcome="Passed" testListId="8c84fa94-04c1-424b-9868-57a2d4851a1d" relativeResultsDirectory="f41d2741-7ce7-4521-96fc-306026c04710" />
    <UnitTestResult executionId="3470895b-63c9-4edc-92b2-34e36d2a94a4" testId="7e6b2287-0f2b-eed8-29a1-fa6a6b5f85fd" testName="Nzr.ToolBox.Core.Tests.ObjectUtilsTest.RequireNonNull_WithNullWithoutCustomMessage_ShouldThrowExcetpion" computerName="BLMG01DE-NTB014" duration="00:00:00.0010000" startTime="2020-01-13T17:41:54.9594262-03:00" endTime="2020-01-13T17:41:54.9594265-03:00" testType="13cdc9d9-ddb5-4fa4-a97d-d965ccfc6d4b" outcome="Passed" testListId="8c84fa94-04c1-424b-9868-57a2d4851a1d" relativeResultsDirectory="3470895b-63c9-4edc-92b2-34e36d2a94a4" />
    <UnitTestResult executionId="b6f8aa62-4144-4452-9991-df6a615ecf7d" testId="8d4c2e72-586a-f338-d7f5-e113d3234b28" testName="Nzr.ToolBox.Core.Tests.StringUtilsTest.IsAnyEmpty_WithOneNonEmpty_ShouldReturnTrue" computerName="BLMG01DE-NTB014" duration="00:00:00.0010000" startTime="2020-01-13T17:41:54.8755127-03:00" endTime="2020-01-13T17:41:54.8755127-03:00" testType="13cdc9d9-ddb5-4fa4-a97d-d965ccfc6d4b" outcome="Passed" testListId="8c84fa94-04c1-424b-9868-57a2d4851a1d" relativeResultsDirectory="b6f8aa62-4144-4452-9991-df6a615ecf7d" />
    <UnitTestResult executionId="874d874a-bcba-435b-9d2a-7f9eae29716f" testId="4727a2e5-b0ef-54dd-d5b7-4bdc9cbfa65b" testName="Nzr.ToolBox.Core.Tests.StringUtilsTest.IsNotNumber_WithAlhphanumeric_ShouldReturnTrue" computerName="BLMG01DE-NTB014" duration="00:00:00.0010000" startTime="2020-01-13T17:41:54.8744221-03:00" endTime="2020-01-13T17:41:54.8744222-03:00" testType="13cdc9d9-ddb5-4fa4-a97d-d965ccfc6d4b" outcome="Passed" testListId="8c84fa94-04c1-424b-9868-57a2d4851a1d" relativeResultsDirectory="874d874a-bcba-435b-9d2a-7f9eae29716f" />
    <UnitTestResult executionId="15538add-33f6-47cc-8e7b-47f6c3926030" testId="917e9e48-1d67-c1aa-1b6e-9c13215e36a0" testName="Nzr.ToolBox.Core.Tests.BooleanUtilsTests.ToBool_WithPositiveString_ShouldReturnTrue(value: &quot;S&quot;)" computerName="BLMG01DE-NTB014" duration="00:00:00.0010000" startTime="2020-01-13T17:41:54.8463079-03:00" endTime="2020-01-13T17:41:54.8463079-03:00" testType="13cdc9d9-ddb5-4fa4-a97d-d965ccfc6d4b" outcome="Passed" testListId="8c84fa94-04c1-424b-9868-57a2d4851a1d" relativeResultsDirectory="15538add-33f6-47cc-8e7b-47f6c3926030" />
    <UnitTestResult executionId="af5c4f05-7111-4a21-8196-5067d40f4a48" testId="2c201a1d-9f85-d5be-eef4-f589b3eee5e9" testName="Nzr.ToolBox.Core.Tests.ObjectUtilsTest.ToDynamic_WithEntity_ShouldReturnDynamic" computerName="BLMG01DE-NTB014" duration="00:00:00.0800000" startTime="2020-01-13T17:41:55.0429349-03:00" endTime="2020-01-13T17:41:55.0429353-03:00" testType="13cdc9d9-ddb5-4fa4-a97d-d965ccfc6d4b" outcome="Passed" testListId="8c84fa94-04c1-424b-9868-57a2d4851a1d" relativeResultsDirectory="af5c4f05-7111-4a21-8196-5067d40f4a48" />
    <UnitTestResult executionId="7b4de174-34af-4622-a526-c47cdbb80d2b" testId="60b85a90-aaf8-7e93-2f6c-9526d81382d3" testName="Nzr.ToolBox.Core.Tests.ObjectUtilsTest.IfNotNull_WithNullValue_ShouldExecuteNullAction" computerName="BLMG01DE-NTB014" duration="00:00:00.0010000" startTime="2020-01-13T17:41:54.9627619-03:00" endTime="2020-01-13T17:41:54.9627620-03:00" testType="13cdc9d9-ddb5-4fa4-a97d-d965ccfc6d4b" outcome="Passed" testListId="8c84fa94-04c1-424b-9868-57a2d4851a1d" relativeResultsDirectory="7b4de174-34af-4622-a526-c47cdbb80d2b" />
    <UnitTestResult executionId="e35a6589-fe26-4d22-832a-e5092a42c7db" testId="3c08c190-08d7-dfc9-ae9e-484d70f645bc" testName="Nzr.ToolBox.Core.Tests.BooleanUtilsTests.IsFalse_WithTrueValue_ShouldReturnFalse" computerName="BLMG01DE-NTB014" duration="00:00:00.0010000" startTime="2020-01-13T17:41:54.8555208-03:00" endTime="2020-01-13T17:41:54.8555208-03:00" testType="13cdc9d9-ddb5-4fa4-a97d-d965ccfc6d4b" outcome="Passed" testListId="8c84fa94-04c1-424b-9868-57a2d4851a1d" relativeResultsDirectory="e35a6589-fe26-4d22-832a-e5092a42c7db" />
    <UnitTestResult executionId="f2be3a72-bc84-4474-8058-f1507a68218a" testId="4d537f97-5a8f-3fc0-24c7-b07e074344e7" testName="Nzr.ToolBox.Core.Tests.BooleanUtilsTests.ToBool_WithPositiveString_ShouldReturnTrue(value: &quot;Yes&quot;)" computerName="BLMG01DE-NTB014" duration="00:00:00.0010000" startTime="2020-01-13T17:41:54.8463311-03:00" endTime="2020-01-13T17:41:54.8463311-03:00" testType="13cdc9d9-ddb5-4fa4-a97d-d965ccfc6d4b" outcome="Passed" testListId="8c84fa94-04c1-424b-9868-57a2d4851a1d" relativeResultsDirectory="f2be3a72-bc84-4474-8058-f1507a68218a" />
    <UnitTestResult executionId="baa74693-1876-4c01-bee6-625eb362da67" testId="f037f0e5-645a-5ce7-bffe-ad45531b131d" testName="Nzr.ToolBox.Core.Tests.StringUtilsTest.IsBlank_WithNullString_ShouldReturnTrue" computerName="BLMG01DE-NTB014" duration="00:00:00.0090000" startTime="2020-01-13T17:41:54.7788957-03:00" endTime="2020-01-13T17:41:54.7788993-03:00" testType="13cdc9d9-ddb5-4fa4-a97d-d965ccfc6d4b" outcome="Passed" testListId="8c84fa94-04c1-424b-9868-57a2d4851a1d" relativeResultsDirectory="baa74693-1876-4c01-bee6-625eb362da67" />
    <UnitTestResult executionId="9fd02ee6-e9ea-4fe1-a4fa-7d7d16e37396" testId="3d424701-5226-50f9-524c-4e51fbb2a07f" testName="Nzr.ToolBox.Core.Tests.CollectionUtilsTests.GetKey_WithNullDictionary_ShouldReturnDefault" computerName="BLMG01DE-NTB014" duration="00:00:00.0010000" startTime="2020-01-13T17:41:54.8652255-03:00" endTime="2020-01-13T17:41:54.8652258-03:00" testType="13cdc9d9-ddb5-4fa4-a97d-d965ccfc6d4b" outcome="Passed" testListId="8c84fa94-04c1-424b-9868-57a2d4851a1d" relativeResultsDirectory="9fd02ee6-e9ea-4fe1-a4fa-7d7d16e37396" />
    <UnitTestResult executionId="52c27e8b-ffcf-4748-aacc-93efd0092c21" testId="4e7127f8-744d-1e07-a920-a821e9fe9f93" testName="Nzr.ToolBox.Core.Tests.CollectionUtilsTests.ContainsAll_WithEnumerableAndSameElements_ShouldReturnTrue" computerName="BLMG01DE-NTB014" duration="00:00:00.0010000" startTime="2020-01-13T17:41:54.8730693-03:00" endTime="2020-01-13T17:41:54.8730693-03:00" testType="13cdc9d9-ddb5-4fa4-a97d-d965ccfc6d4b" outcome="Passed" testListId="8c84fa94-04c1-424b-9868-57a2d4851a1d" relativeResultsDirectory="52c27e8b-ffcf-4748-aacc-93efd0092c21" />
    <UnitTestResult executionId="8c1f11ec-8e86-4a98-a358-0b3c2327671e" testId="bed34e53-72a5-3fd2-6674-42d2c22e4e8b" testName="Nzr.ToolBox.Core.Tests.CollectionUtilsTests.ContainsAll_WithGenericEnumerableAndDiffElements_ShouldReturnFalse" computerName="BLMG01DE-NTB014" duration="00:00:00.0010000" startTime="2020-01-13T17:41:54.8721463-03:00" endTime="2020-01-13T17:41:54.8721463-03:00" testType="13cdc9d9-ddb5-4fa4-a97d-d965ccfc6d4b" outcome="Passed" testListId="8c84fa94-04c1-424b-9868-57a2d4851a1d" relativeResultsDirectory="8c1f11ec-8e86-4a98-a358-0b3c2327671e" />
    <UnitTestResult executionId="2c3f6b0e-0486-4b72-a2b9-f5639dbebca6" testId="40b5fac7-b71c-8e77-a229-0b6dd2bc7930" testName="Nzr.ToolBox.Core.Tests.CollectionUtilsTests.ContainsAll_WithGenericEnumerableAndDiffSize_ShouldReturnFalse" computerName="BLMG01DE-NTB014" duration="00:00:00.0010000" startTime="2020-01-13T17:41:54.8720860-03:00" endTime="2020-01-13T17:41:54.8720860-03:00" testType="13cdc9d9-ddb5-4fa4-a97d-d965ccfc6d4b" outcome="Passed" testListId="8c84fa94-04c1-424b-9868-57a2d4851a1d" relativeResultsDirectory="2c3f6b0e-0486-4b72-a2b9-f5639dbebca6" />
    <UnitTestResult executionId="323ae125-342e-4a3a-bf7b-6d8939ddd040" testId="7d18c862-cf05-abcb-0928-990c2f1e2fc6" testName="Nzr.ToolBox.Core.Tests.StringUtilsTest.IsAllBlank_WithNullStrings_ShouldReturnTrue" computerName="BLMG01DE-NTB014" duration="00:00:00.0010000" startTime="2020-01-13T17:41:54.8453282-03:00" endTime="2020-01-13T17:41:54.8453282-03:00" testType="13cdc9d9-ddb5-4fa4-a97d-d965ccfc6d4b" outcome="Passed" testListId="8c84fa94-04c1-424b-9868-57a2d4851a1d" relativeResultsDirectory="323ae125-342e-4a3a-bf7b-6d8939ddd040" />
    <UnitTestResult executionId="6ceacb45-93a0-48e0-89d4-843ae7d811aa" testId="222f7168-7e34-cd8e-2834-adc8122c855d" testName="Nzr.ToolBox.Core.Tests.CollectionUtilsTests.IsNotEmpty_WithNonEmpty_ShouldReturnTrue" computerName="BLMG01DE-NTB014" duration="00:00:00.0010000" startTime="2020-01-13T17:41:54.8591176-03:00" endTime="2020-01-13T17:41:54.8591177-03:00" testType="13cdc9d9-ddb5-4fa4-a97d-d965ccfc6d4b" outcome="Passed" testListId="8c84fa94-04c1-424b-9868-57a2d4851a1d" relativeResultsDirectory="6ceacb45-93a0-48e0-89d4-843ae7d811aa" />
    <UnitTestResult executionId="ada1ee89-48e0-4452-a690-091ee927a995" testId="1d7cc1dd-bfaa-4d32-a622-84b65b12bf5d" testName="Nzr.ToolBox.Core.Tests.RandomUtilsTest.RandomBoolean_ShouldReturnUniqueValues(iterations: 10000, seed: null)" computerName="BLMG01DE-NTB014" duration="00:00:00.0240000" startTime="2020-01-13T17:41:54.8777330-03:00" endTime="2020-01-13T17:41:54.8777331-03:00" testType="13cdc9d9-ddb5-4fa4-a97d-d965ccfc6d4b" outcome="Passed" testListId="8c84fa94-04c1-424b-9868-57a2d4851a1d" relativeResultsDirectory="ada1ee89-48e0-4452-a690-091ee927a995" />
    <UnitTestResult executionId="9bb29141-0d3f-453c-9389-1d300ea3b423" testId="7437cae0-313c-688c-b0a7-4e994a4fbb85" testName="Nzr.ToolBox.Core.Tests.BooleanUtilsTests.ToBool_WithPositiveString_ShouldReturnTrue(value: &quot;true&quot;)" computerName="BLMG01DE-NTB014" duration="00:00:00.0010000" startTime="2020-01-13T17:41:54.8462843-03:00" endTime="2020-01-13T17:41:54.8462843-03:00" testType="13cdc9d9-ddb5-4fa4-a97d-d965ccfc6d4b" outcome="Passed" testListId="8c84fa94-04c1-424b-9868-57a2d4851a1d" relativeResultsDirectory="9bb29141-0d3f-453c-9389-1d300ea3b423" />
    <UnitTestResult executionId="357f0c75-3e19-4abc-90b0-d15b280e63e6" testId="55323239-0a74-748e-14c5-c6ce0fbffcf4" testName="Nzr.ToolBox.Core.Tests.RandomUtilsTest.RandomInt_ShouldReturnUniqueValues(iterations: 10000, seed: 1)" computerName="BLMG01DE-NTB014" duration="00:00:00.0210000" startTime="2020-01-13T17:41:55.0730179-03:00" endTime="2020-01-13T17:41:55.0730183-03:00" testType="13cdc9d9-ddb5-4fa4-a97d-d965ccfc6d4b" outcome="Passed" testListId="8c84fa94-04c1-424b-9868-57a2d4851a1d" relativeResultsDirectory="357f0c75-3e19-4abc-90b0-d15b280e63e6" />
    <UnitTestResult executionId="83847a31-118b-41d8-afd5-2059cfebf3cd" testId="4d473892-3743-8866-0d73-fc4fe78c5f0e" testName="Nzr.ToolBox.Core.Tests.BooleanUtilsTests.IsAllTrue_WithOneFalseValue_ShouldReturnFalse" computerName="BLMG01DE-NTB014" duration="00:00:00.0010000" startTime="2020-01-13T17:41:54.8485606-03:00" endTime="2020-01-13T17:41:54.8485608-03:00" testType="13cdc9d9-ddb5-4fa4-a97d-d965ccfc6d4b" outcome="Passed" testListId="8c84fa94-04c1-424b-9868-57a2d4851a1d" relativeResultsDirectory="83847a31-118b-41d8-afd5-2059cfebf3cd" />
    <UnitTestResult executionId="34d96e42-1f01-4afe-a0d0-9c3e18ba49f3" testId="db495440-895e-2929-0413-74f28674d8ff" testName="Nzr.ToolBox.Core.Tests.RandomUtilsTest.RandomFloat_ShouldReturnUniqueValues(iterations: 10000, seed: 1)" computerName="BLMG01DE-NTB014" duration="00:00:00.0200000" startTime="2020-01-13T17:41:55.0235781-03:00" endTime="2020-01-13T17:41:55.0235785-03:00" testType="13cdc9d9-ddb5-4fa4-a97d-d965ccfc6d4b" outcome="Passed" testListId="8c84fa94-04c1-424b-9868-57a2d4851a1d" relativeResultsDirectory="34d96e42-1f01-4afe-a0d0-9c3e18ba49f3" />
    <UnitTestResult executionId="1f83f8a1-f631-466b-8985-9bcee6ce3d72" testId="0f0fd9c4-310b-8f5e-8547-15872b5cb4b0" testName="Nzr.ToolBox.Core.Tests.DateTimeUtilsTest.ToEpoch_WithDateTime_ShouldReturnEpochTime" computerName="BLMG01DE-NTB014" duration="00:00:00.0010000" startTime="2020-01-13T17:41:54.8401486-03:00" endTime="2020-01-13T17:41:54.8401487-03:00" testType="13cdc9d9-ddb5-4fa4-a97d-d965ccfc6d4b" outcome="Passed" testListId="8c84fa94-04c1-424b-9868-57a2d4851a1d" relativeResultsDirectory="1f83f8a1-f631-466b-8985-9bcee6ce3d72" />
    <UnitTestResult executionId="14378762-0617-4f40-aebe-a8cea92f6115" testId="13153add-9bc0-f723-33ce-d424523eb081" testName="Nzr.ToolBox.Core.Tests.NumberUtilsTest.ToHexadecimal_WithNumberWithoutPrefix_ShouldReturnBinaryNumbersOnly" computerName="BLMG01DE-NTB014" duration="00:00:00.0010000" startTime="2020-01-13T17:41:54.8358266-03:00" endTime="2020-01-13T17:41:54.8358267-03:00" testType="13cdc9d9-ddb5-4fa4-a97d-d965ccfc6d4b" outcome="Passed" testListId="8c84fa94-04c1-424b-9868-57a2d4851a1d" relativeResultsDirectory="14378762-0617-4f40-aebe-a8cea92f6115" />
    <UnitTestResult executionId="4490144f-eaf4-4b88-9b47-618b6ced6641" testId="3c7cd3f1-8b9d-e2f0-1112-e56b3c9265c5" testName="Nzr.ToolBox.Core.Tests.DateTimeUtilsTest.Subtract_WithOneHour_ShouldReturnPastHour" computerName="BLMG01DE-NTB014" duration="00:00:00.0010000" startTime="2020-01-13T17:41:54.8444638-03:00" endTime="2020-01-13T17:41:54.8444641-03:00" testType="13cdc9d9-ddb5-4fa4-a97d-d965ccfc6d4b" outcome="Passed" testListId="8c84fa94-04c1-424b-9868-57a2d4851a1d" relativeResultsDirectory="4490144f-eaf4-4b88-9b47-618b6ced6641" />
    <UnitTestResult executionId="c6d3245b-a7af-4380-a4f3-2a5c0acd9a3b" testId="ffdd3661-fbf5-5fd8-8d4d-955844eb2b7f" testName="Nzr.ToolBox.Core.Tests.BooleanUtilsTests.Describe_WihFalseValueAndWitCustomFalseString_ShouldReturnCustomString" computerName="BLMG01DE-NTB014" duration="00:00:00.0010000" startTime="2020-01-13T17:41:54.8518035-03:00" endTime="2020-01-13T17:41:54.8518036-03:00" testType="13cdc9d9-ddb5-4fa4-a97d-d965ccfc6d4b" outcome="Passed" testListId="8c84fa94-04c1-424b-9868-57a2d4851a1d" relativeResultsDirectory="c6d3245b-a7af-4380-a4f3-2a5c0acd9a3b" />
    <UnitTestResult executionId="73265f33-0581-44a5-839b-7d2a97096ebb" testId="6fbbc600-2200-4b3a-d83e-2d0b6029d73a" testName="Nzr.ToolBox.Core.Tests.StringUtilsTest.GetFirstNonEmpty_WithOnlyEmptyString_ShouldReturnNull" computerName="BLMG01DE-NTB014" duration="00:00:00.0010000" startTime="2020-01-13T17:41:54.8731862-03:00" endTime="2020-01-13T17:41:54.8731862-03:00" testType="13cdc9d9-ddb5-4fa4-a97d-d965ccfc6d4b" outcome="Passed" testListId="8c84fa94-04c1-424b-9868-57a2d4851a1d" relativeResultsDirectory="73265f33-0581-44a5-839b-7d2a97096ebb" />
    <UnitTestResult executionId="c94a56bb-e3cc-468a-9846-bbde73392078" testId="ccc6233d-7912-eee3-5bd9-e05a73d46c3c" testName="Nzr.ToolBox.Core.Tests.StringUtilsTest.IsEmpty_WithBlankString_ShouldReturnFalse" computerName="BLMG01DE-NTB014" duration="00:00:00.0010000" startTime="2020-01-13T17:41:54.8689286-03:00" endTime="2020-01-13T17:41:54.8689287-03:00" testType="13cdc9d9-ddb5-4fa4-a97d-d965ccfc6d4b" outcome="Passed" testListId="8c84fa94-04c1-424b-9868-57a2d4851a1d" relativeResultsDirectory="c94a56bb-e3cc-468a-9846-bbde73392078" />
    <UnitTestResult executionId="4a62dcd1-8a52-4286-b5b5-4f05b5f6e8da" testId="b334286c-9c15-1dd5-c77e-1b9fe030040e" testName="Nzr.ToolBox.Core.Tests.StringUtilsTest.IsNotBlank_WithBlankString_ShouldReturnTrue" computerName="BLMG01DE-NTB014" duration="00:00:00.0010000" startTime="2020-01-13T17:41:54.8380606-03:00" endTime="2020-01-13T17:41:54.8380607-03:00" testType="13cdc9d9-ddb5-4fa4-a97d-d965ccfc6d4b" outcome="Passed" testListId="8c84fa94-04c1-424b-9868-57a2d4851a1d" relativeResultsDirectory="4a62dcd1-8a52-4286-b5b5-4f05b5f6e8da" />
    <UnitTestResult executionId="d84fef71-0e2b-4b38-8fb0-a50e98e80951" testId="21d2f5b5-8824-b5dc-5b55-bc862d5c638c" testName="Nzr.ToolBox.Core.Tests.CollectionUtilsTests.ForEach_WithGenericList_ShouldExecuteFunction" computerName="BLMG01DE-NTB014" duration="00:00:00.0010000" startTime="2020-01-13T17:41:54.8627399-03:00" endTime="2020-01-13T17:41:54.8627399-03:00" testType="13cdc9d9-ddb5-4fa4-a97d-d965ccfc6d4b" outcome="Passed" testListId="8c84fa94-04c1-424b-9868-57a2d4851a1d" relativeResultsDirectory="d84fef71-0e2b-4b38-8fb0-a50e98e80951" />
    <UnitTestResult executionId="328aa665-b4c4-459d-b230-a64d741e7285" testId="bd59e0c8-65f6-24f7-250c-df15260ab31a" testName="Nzr.ToolBox.Core.Tests.ObjectUtilsTest.RequireNonNull_WithNullWitCustomMessage_ShouldThrowExcetpionWithCustomMessage" computerName="BLMG01DE-NTB014" duration="00:00:00.0010000" startTime="2020-01-13T17:41:54.9612647-03:00" endTime="2020-01-13T17:41:54.9612648-03:00" testType="13cdc9d9-ddb5-4fa4-a97d-d965ccfc6d4b" outcome="Passed" testListId="8c84fa94-04c1-424b-9868-57a2d4851a1d" relativeResultsDirectory="328aa665-b4c4-459d-b230-a64d741e7285" />
    <UnitTestResult executionId="924db73b-ec90-464f-b11a-de91cc4c6856" testId="10c60c49-fc34-a570-7e27-f72cbc125676" testName="Nzr.ToolBox.Core.Tests.CollectionUtilsTests.GetKey_WithNotMappedInput_ShouldReturnNull" computerName="BLMG01DE-NTB014" duration="00:00:00.0010000" startTime="2020-01-13T17:41:54.8776486-03:00" endTime="2020-01-13T17:41:54.8776487-03:00" testType="13cdc9d9-ddb5-4fa4-a97d-d965ccfc6d4b" outcome="Passed" testListId="8c84fa94-04c1-424b-9868-57a2d4851a1d" relativeResultsDirectory="924db73b-ec90-464f-b11a-de91cc4c6856" />
    <UnitTestResult executionId="2e798006-a9fc-4f29-9d7f-c199a11c5b5f" testId="4e688b3a-c6fa-9e06-b2ea-25f4e79d1af0" testName="Nzr.ToolBox.Core.Tests.StringUtilsTest.Prefix_WithNullString_ShouldReturnPrefix" computerName="BLMG01DE-NTB014" duration="00:00:00.0010000" startTime="2020-01-13T17:41:54.8599911-03:00" endTime="2020-01-13T17:41:54.8599912-03:00" testType="13cdc9d9-ddb5-4fa4-a97d-d965ccfc6d4b" outcome="Passed" testListId="8c84fa94-04c1-424b-9868-57a2d4851a1d" relativeResultsDirectory="2e798006-a9fc-4f29-9d7f-c199a11c5b5f" />
    <UnitTestResult executionId="0b1c13e9-78d3-406c-9f5d-563319b5fd5a" testId="70966e50-d79f-4259-d654-7885bec2e3ae" testName="Nzr.ToolBox.Core.Tests.CollectionUtilsTests.ForEach_WithNullEnumerable_ShouldNotExecuteFunction" computerName="BLMG01DE-NTB014" duration="00:00:00.0010000" startTime="2020-01-13T17:41:54.8573959-03:00" endTime="2020-01-13T17:41:54.8573960-03:00" testType="13cdc9d9-ddb5-4fa4-a97d-d965ccfc6d4b" outcome="Passed" testListId="8c84fa94-04c1-424b-9868-57a2d4851a1d" relativeResultsDirectory="0b1c13e9-78d3-406c-9f5d-563319b5fd5a" />
    <UnitTestResult executionId="a10c11d1-2e99-452f-ac70-8658bca08c09" testId="f97de579-490f-3478-7018-3655f4bebed4" testName="Nzr.ToolBox.Core.Tests.StringUtilsTest.IsNumber_WithAlhphanumeric_ShouldReturnFalse" computerName="BLMG01DE-NTB014" duration="00:00:00.0010000" startTime="2020-01-13T17:41:54.8668256-03:00" endTime="2020-01-13T17:41:54.8668256-03:00" testType="13cdc9d9-ddb5-4fa4-a97d-d965ccfc6d4b" outcome="Passed" testListId="8c84fa94-04c1-424b-9868-57a2d4851a1d" relativeResultsDirectory="a10c11d1-2e99-452f-ac70-8658bca08c09" />
    <UnitTestResult executionId="ba44dd41-9bef-4271-90f8-ead38ed0ae3a" testId="105843c0-8d25-e16e-687e-24c0c02b7966" testName="Nzr.ToolBox.Core.Tests.CollectionUtilsTests.IsNotEmpty_WithEmpty_ShouldReturnFalse" computerName="BLMG01DE-NTB014" duration="00:00:00.0010000" startTime="2020-01-13T17:41:54.8758386-03:00" endTime="2020-01-13T17:41:54.8758386-03:00" testType="13cdc9d9-ddb5-4fa4-a97d-d965ccfc6d4b" outcome="Passed" testListId="8c84fa94-04c1-424b-9868-57a2d4851a1d" relativeResultsDirectory="ba44dd41-9bef-4271-90f8-ead38ed0ae3a" />
    <UnitTestResult executionId="4420a0be-b3f6-4937-b5d3-0c162f744aec" testId="6b51fd93-cfcb-0aea-d26c-8be65f40eb5a" testName="Nzr.ToolBox.Core.Tests.StringUtilsTest.DefaultIfBlank_WitNonBlankString_ShouldReturnString" computerName="BLMG01DE-NTB014" duration="00:00:00.0020000" startTime="2020-01-13T17:41:54.8535417-03:00" endTime="2020-01-13T17:41:54.8535418-03:00" testType="13cdc9d9-ddb5-4fa4-a97d-d965ccfc6d4b" outcome="Passed" testListId="8c84fa94-04c1-424b-9868-57a2d4851a1d" relativeResultsDirectory="4420a0be-b3f6-4937-b5d3-0c162f744aec" />
    <UnitTestResult executionId="8f600f86-4d41-4ec9-b4bf-ef130bbca06f" testId="1c25c6c6-b1fb-4092-255b-2ef33baa6d85" testName="Nzr.ToolBox.Core.Tests.StringUtilsTest.IsAllEmpty_WithOneNonEmpty_ShouldReturnFalse" computerName="BLMG01DE-NTB014" duration="00:00:00.0010000" startTime="2020-01-13T17:41:54.8712460-03:00" endTime="2020-01-13T17:41:54.8712461-03:00" testType="13cdc9d9-ddb5-4fa4-a97d-d965ccfc6d4b" outcome="Passed" testListId="8c84fa94-04c1-424b-9868-57a2d4851a1d" relativeResultsDirectory="8f600f86-4d41-4ec9-b4bf-ef130bbca06f" />
    <UnitTestResult executionId="16ecf7dd-056b-4043-94c4-2502928a7c04" testId="dd50d1ab-aaa8-9c9d-a472-909eef6612ee" testName="Nzr.ToolBox.Core.Tests.StringUtilsTest.Capitalize_WithNonCapitalized_ShouldReturnCapitalized" computerName="BLMG01DE-NTB014" duration="00:00:00.0010000" startTime="2020-01-13T17:41:54.8563084-03:00" endTime="2020-01-13T17:41:54.8563085-03:00" testType="13cdc9d9-ddb5-4fa4-a97d-d965ccfc6d4b" outcome="Passed" testListId="8c84fa94-04c1-424b-9868-57a2d4851a1d" relativeResultsDirectory="16ecf7dd-056b-4043-94c4-2502928a7c04" />
    <UnitTestResult executionId="02127c70-61a8-4a8f-8595-1b33ccc4e372" testId="ddf79c4c-8da7-56b7-7410-d2ba78b09801" testName="Nzr.ToolBox.Core.Tests.BooleanUtilsTests.Describe_WihFalseValueAndWithDefaultFlaseString_ShouldReturnYes" computerName="BLMG01DE-NTB014" duration="00:00:00.0010000" startTime="2020-01-13T17:41:54.8534979-03:00" endTime="2020-01-13T17:41:54.8534980-03:00" testType="13cdc9d9-ddb5-4fa4-a97d-d965ccfc6d4b" outcome="Passed" testListId="8c84fa94-04c1-424b-9868-57a2d4851a1d" relativeResultsDirectory="02127c70-61a8-4a8f-8595-1b33ccc4e372" />
    <UnitTestResult executionId="7f41d517-eb59-4e57-a5a8-2b6020d14341" testId="897538ba-11dc-3a08-eecb-d0948a1cd8fe" testName="Nzr.ToolBox.Core.Tests.CollectionUtilsTests.ContainsAll_WithNullSourceEnumerable_ShouldReturnTrue" computerName="BLMG01DE-NTB014" duration="00:00:00.0010000" startTime="2020-01-13T17:41:54.8590850-03:00" endTime="2020-01-13T17:41:54.8590850-03:00" testType="13cdc9d9-ddb5-4fa4-a97d-d965ccfc6d4b" outcome="Passed" testListId="8c84fa94-04c1-424b-9868-57a2d4851a1d" relativeResultsDirectory="7f41d517-eb59-4e57-a5a8-2b6020d14341" />
    <UnitTestResult executionId="8b20722b-7cc2-431a-9ea4-7187dc9e2949" testId="7d7d533e-c89d-4876-4a56-2ad5335a5504" testName="Nzr.ToolBox.Core.Tests.DateTimeUtilsTest.Subtract_WithOneMilis_ShouldReturnPastMilis" computerName="BLMG01DE-NTB014" duration="00:00:00.0040000" startTime="2020-01-13T17:41:54.8382310-03:00" endTime="2020-01-13T17:41:54.8382311-03:00" testType="13cdc9d9-ddb5-4fa4-a97d-d965ccfc6d4b" outcome="Passed" testListId="8c84fa94-04c1-424b-9868-57a2d4851a1d" relativeResultsDirectory="8b20722b-7cc2-431a-9ea4-7187dc9e2949" />
    <UnitTestResult executionId="6aed64e6-3cb2-4d2c-bd06-751345599a9c" testId="e4ef8062-0dbe-6974-71e4-0c8dfc386479" testName="Nzr.ToolBox.Core.Tests.StringUtilsTest.DefaultIfEmpty_WithNullString_ShouldReturnDefault" computerName="BLMG01DE-NTB014" duration="00:00:00.0010000" startTime="2020-01-13T17:41:54.8626669-03:00" endTime="2020-01-13T17:41:54.8626671-03:00" testType="13cdc9d9-ddb5-4fa4-a97d-d965ccfc6d4b" outcome="Passed" testListId="8c84fa94-04c1-424b-9868-57a2d4851a1d" relativeResultsDirectory="6aed64e6-3cb2-4d2c-bd06-751345599a9c" />
    <UnitTestResult executionId="a708994f-d080-45ff-9d90-0d56d08f1b57" testId="a17b2044-60f5-4812-5bc4-2de8d6ca5463" testName="Nzr.ToolBox.Core.Tests.RandomUtilsTest.RandomDecimal_ShouldReturnUniqueValues(iterations: 10000, seed: null)" computerName="BLMG01DE-NTB014" duration="00:00:00.0110000" startTime="2020-01-13T17:41:54.9470766-03:00" endTime="2020-01-13T17:41:54.9470770-03:00" testType="13cdc9d9-ddb5-4fa4-a97d-d965ccfc6d4b" outcome="Passed" testListId="8c84fa94-04c1-424b-9868-57a2d4851a1d" relativeResultsDirectory="a708994f-d080-45ff-9d90-0d56d08f1b57" />
    <UnitTestResult executionId="3d23cfa0-7b06-4cbc-866e-8b18b1391dce" testId="11236b60-ddaa-8517-7929-26428de182b4" testName="Nzr.ToolBox.Core.Tests.StringUtilsTest.IsEmpty_WithEmptyString_ShouldReturnTrue" computerName="BLMG01DE-NTB014" duration="00:00:00.0010000" startTime="2020-01-13T17:41:54.8722026-03:00" endTime="2020-01-13T17:41:54.8722027-03:00" testType="13cdc9d9-ddb5-4fa4-a97d-d965ccfc6d4b" outcome="Passed" testListId="8c84fa94-04c1-424b-9868-57a2d4851a1d" relativeResultsDirectory="3d23cfa0-7b06-4cbc-866e-8b18b1391dce" />
    <UnitTestResult executionId="c8d1449e-37a2-459b-b85e-9241d12404bc" testId="f2f029e7-8888-f5a1-ddde-656322b453e5" testName="Nzr.ToolBox.Core.Tests.ObjectUtilsTest.IsAnyNull_WithOneNull_ShouldReturnTrue" computerName="BLMG01DE-NTB014" duration="00:00:00.0010000" startTime="2020-01-13T17:41:54.9621185-03:00" endTime="2020-01-13T17:41:54.9621185-03:00" testType="13cdc9d9-ddb5-4fa4-a97d-d965ccfc6d4b" outcome="Passed" testListId="8c84fa94-04c1-424b-9868-57a2d4851a1d" relativeResultsDirectory="c8d1449e-37a2-459b-b85e-9241d12404bc" />
    <UnitTestResult executionId="ef06c3b4-dbbb-42b1-ac77-bbe0f7311c07" testId="3ab1d9fd-ee54-2c49-9b7b-7e9dfe78dfc4" testName="Nzr.ToolBox.Core.Tests.StringUtilsTest.IsAnyEmpty_WithNullOrEmptyStrings_ShouldReturnTrue" computerName="BLMG01DE-NTB014" duration="00:00:00.0010000" startTime="2020-01-13T17:41:54.8678110-03:00" endTime="2020-01-13T17:41:54.8678110-03:00" testType="13cdc9d9-ddb5-4fa4-a97d-d965ccfc6d4b" outcome="Passed" testListId="8c84fa94-04c1-424b-9868-57a2d4851a1d" relativeResultsDirectory="ef06c3b4-dbbb-42b1-ac77-bbe0f7311c07" />
    <UnitTestResult executionId="21fca80e-bdfe-41d3-a2a1-db81a2cdfd08" testId="c068e1c4-6913-d79e-f58c-fd0cdae20144" testName="Nzr.ToolBox.Core.Tests.StringUtilsTest.ContainsAny_WithStringNotContainingOneOfSubstring_ShouldReturnFalse" computerName="BLMG01DE-NTB014" duration="00:00:00.0010000" startTime="2020-01-13T17:41:54.8553732-03:00" endTime="2020-01-13T17:41:54.8553734-03:00" testType="13cdc9d9-ddb5-4fa4-a97d-d965ccfc6d4b" outcome="Passed" testListId="8c84fa94-04c1-424b-9868-57a2d4851a1d" relativeResultsDirectory="21fca80e-bdfe-41d3-a2a1-db81a2cdfd08" />
    <UnitTestResult executionId="08d44afe-252e-40db-8f92-54e6e45fd74d" testId="f87c411f-32d8-e0c9-1a61-7c5c01be8af6" testName="Nzr.ToolBox.Core.Tests.RandomUtilsTest.RandomShort_ShouldReturnUniqueValues(iterations: 10000, seed: 1)" computerName="BLMG01DE-NTB014" duration="00:00:00.0270000" startTime="2020-01-13T17:41:54.9741515-03:00" endTime="2020-01-13T17:41:54.9741521-03:00" testType="13cdc9d9-ddb5-4fa4-a97d-d965ccfc6d4b" outcome="Passed" testListId="8c84fa94-04c1-424b-9868-57a2d4851a1d" relativeResultsDirectory="08d44afe-252e-40db-8f92-54e6e45fd74d" />
    <UnitTestResult executionId="ee615d4c-6c12-4d14-80fd-310f9077d7eb" testId="df88d8b1-a81b-086c-6c41-e23fcac9c165" testName="Nzr.ToolBox.Core.Tests.StringUtilsTest.RemoveStart_WithExistingStrings_ShouldReturnCleanedString" computerName="BLMG01DE-NTB014" duration="00:00:00.0010000" startTime="2020-01-13T17:41:54.8690178-03:00" endTime="2020-01-13T17:41:54.8690179-03:00" testType="13cdc9d9-ddb5-4fa4-a97d-d965ccfc6d4b" outcome="Passed" testListId="8c84fa94-04c1-424b-9868-57a2d4851a1d" relativeResultsDirectory="ee615d4c-6c12-4d14-80fd-310f9077d7eb" />
    <UnitTestResult executionId="1e157ae5-7d08-45e0-8f68-1ef825e06ddc" testId="6bf46c1e-b943-b7c7-5a0c-85c17aef903c" testName="Nzr.ToolBox.Core.Tests.ReflectionUtilsTest.GetValue_WithPropertyPathToList_ShouldThrowException" computerName="BLMG01DE-NTB014" duration="00:00:00.0020000" startTime="2020-01-13T17:41:54.8403410-03:00" endTime="2020-01-13T17:41:54.8403411-03:00" testType="13cdc9d9-ddb5-4fa4-a97d-d965ccfc6d4b" outcome="Passed" testListId="8c84fa94-04c1-424b-9868-57a2d4851a1d" relativeResultsDirectory="1e157ae5-7d08-45e0-8f68-1ef825e06ddc" />
    <UnitTestResult executionId="b47bed60-fff9-4d36-a798-4fe8fd382b95" testId="106f3149-f3a2-e989-a79b-94d21768a60f" testName="Nzr.ToolBox.Core.Tests.StringUtilsTest.Equal_WithIgnoreDiacriticsOptionsAndWithNullValues_ShouldReturnTrue" computerName="BLMG01DE-NTB014" duration="00:00:00.0010000" startTime="2020-01-13T17:41:54.8669095-03:00" endTime="2020-01-13T17:41:54.8669095-03:00" testType="13cdc9d9-ddb5-4fa4-a97d-d965ccfc6d4b" outcome="Passed" testListId="8c84fa94-04c1-424b-9868-57a2d4851a1d" relativeResultsDirectory="b47bed60-fff9-4d36-a798-4fe8fd382b95" />
    <UnitTestResult executionId="10686b01-1321-425e-9f7d-e7ef91bb8089" testId="efc2d993-18be-3c80-9e27-1d4e6cfd44ac" testName="Nzr.ToolBox.Core.Tests.StringUtilsTest.IsAnyBlank_WithOneBlank_ShouldReturnTrue" computerName="BLMG01DE-NTB014" duration="00:00:00.0010000" startTime="2020-01-13T17:41:54.8730996-03:00" endTime="2020-01-13T17:41:54.8730996-03:00" testType="13cdc9d9-ddb5-4fa4-a97d-d965ccfc6d4b" outcome="Passed" testListId="8c84fa94-04c1-424b-9868-57a2d4851a1d" relativeResultsDirectory="10686b01-1321-425e-9f7d-e7ef91bb8089" />
    <UnitTestResult executionId="d839f667-211e-44e4-9a62-5946afa458ff" testId="78387f85-e5e6-fa65-b4de-446c8486e80c" testName="Nzr.ToolBox.Core.Tests.StringUtilsTest.RemoveEnd_WithNull_ShouldReturnNull" computerName="BLMG01DE-NTB014" duration="00:00:00.0010000" startTime="2020-01-13T17:41:54.8381641-03:00" endTime="2020-01-13T17:41:54.8381642-03:00" testType="13cdc9d9-ddb5-4fa4-a97d-d965ccfc6d4b" outcome="Passed" testListId="8c84fa94-04c1-424b-9868-57a2d4851a1d" relativeResultsDirectory="d839f667-211e-44e4-9a62-5946afa458ff" />
    <UnitTestResult executionId="3b014742-33ee-4719-944f-7099ba5202a7" testId="09d5c966-f53d-e4e1-2d68-1fc4cd5c9934" testName="Nzr.ToolBox.Core.Tests.CollectionUtilsTests.Contains_WithExistingItem_ShouldReturnTrue" computerName="BLMG01DE-NTB014" duration="00:00:00.0010000" startTime="2020-01-13T17:41:54.8772825-03:00" endTime="2020-01-13T17:41:54.8772828-03:00" testType="13cdc9d9-ddb5-4fa4-a97d-d965ccfc6d4b" outcome="Passed" testListId="8c84fa94-04c1-424b-9868-57a2d4851a1d" relativeResultsDirectory="3b014742-33ee-4719-944f-7099ba5202a7" />
    <UnitTestResult executionId="6a1598f8-6e5c-4156-bb31-0c1762c24e40" testId="8851b8ca-4481-2bea-be87-f6ae65909b6d" testName="Nzr.ToolBox.Core.Tests.CollectionUtilsTests.Get_WithEnumerableWithExistingIndex_ShouldReturnValue" computerName="BLMG01DE-NTB014" duration="00:00:00.0010000" startTime="2020-01-13T17:41:54.8757370-03:00" endTime="2020-01-13T17:41:54.8757371-03:00" testType="13cdc9d9-ddb5-4fa4-a97d-d965ccfc6d4b" outcome="Passed" testListId="8c84fa94-04c1-424b-9868-57a2d4851a1d" relativeResultsDirectory="6a1598f8-6e5c-4156-bb31-0c1762c24e40" />
    <UnitTestResult executionId="8ebd4192-e7aa-41ee-9d4c-b1d4025fb635" testId="3481e80b-1f65-cc03-2307-099b3c1f0f7c" testName="Nzr.ToolBox.Core.Tests.DateTimeUtilsTest.IsSameDay_WithCurrentDayAndNull_ShouldReturnTrue" computerName="BLMG01DE-NTB014" duration="00:00:00.0010000" startTime="2020-01-13T17:41:54.8402760-03:00" endTime="2020-01-13T17:41:54.8402760-03:00" testType="13cdc9d9-ddb5-4fa4-a97d-d965ccfc6d4b" outcome="Passed" testListId="8c84fa94-04c1-424b-9868-57a2d4851a1d" relativeResultsDirectory="8ebd4192-e7aa-41ee-9d4c-b1d4025fb635" />
    <UnitTestResult executionId="2d058e07-022b-49e6-989d-4e01c89678c4" testId="788f487b-05b6-16ab-9322-20aff8af5551" testName="Nzr.ToolBox.Core.Tests.DateTimeUtilsTest.Subtract_WithOneSecond_ShouldReturnPastSecond" computerName="BLMG01DE-NTB014" duration="00:00:00.0010000" startTime="2020-01-13T17:41:54.8453592-03:00" endTime="2020-01-13T17:41:54.8453593-03:00" testType="13cdc9d9-ddb5-4fa4-a97d-d965ccfc6d4b" outcome="Passed" testListId="8c84fa94-04c1-424b-9868-57a2d4851a1d" relativeResultsDirectory="2d058e07-022b-49e6-989d-4e01c89678c4" />
    <UnitTestResult executionId="596c6f28-27ad-4206-a6c1-077f0ffc6ad7" testId="6f76a51f-b8cd-e6f5-cb70-61af9779673e" testName="Nzr.ToolBox.Core.Tests.CollectionUtilsTests.ContainsAny_WithEnumerableAndDiffSize_ShouldReturnFalse" computerName="BLMG01DE-NTB014" duration="00:00:00.0010000" startTime="2020-01-13T17:41:54.8628290-03:00" endTime="2020-01-13T17:41:54.8628290-03:00" testType="13cdc9d9-ddb5-4fa4-a97d-d965ccfc6d4b" outcome="Passed" testListId="8c84fa94-04c1-424b-9868-57a2d4851a1d" relativeResultsDirectory="596c6f28-27ad-4206-a6c1-077f0ffc6ad7" />
    <UnitTestResult executionId="dabb3c35-a24b-4902-a7b4-bc5627e31ee4" testId="456e732c-388b-f135-86e0-02f4f82041c1" testName="Nzr.ToolBox.Core.Tests.StringUtilsTest.ContainsNone_WithOrdinalIgnoreCaseStringNotContainingOneOfSubstring_ShouldReturnTrue" computerName="BLMG01DE-NTB014" duration="00:00:00.0010000" startTime="2020-01-13T17:41:54.8668810-03:00" endTime="2020-01-13T17:41:54.8668810-03:00" testType="13cdc9d9-ddb5-4fa4-a97d-d965ccfc6d4b" outcome="Passed" testListId="8c84fa94-04c1-424b-9868-57a2d4851a1d" relativeResultsDirectory="dabb3c35-a24b-4902-a7b4-bc5627e31ee4" />
    <UnitTestResult executionId="459b7240-d39f-4528-aab0-de98e407feb1" testId="e7c5d70f-845a-794e-5db5-61ecf0bcf4a3" testName="Nzr.ToolBox.Core.Tests.StringUtilsTest.IsAllEmpty_WithNullStrings_ShouldReturnTrue" computerName="BLMG01DE-NTB014" duration="00:00:00.0010000" startTime="2020-01-13T17:41:54.8667402-03:00" endTime="2020-01-13T17:41:54.8667403-03:00" testType="13cdc9d9-ddb5-4fa4-a97d-d965ccfc6d4b" outcome="Passed" testListId="8c84fa94-04c1-424b-9868-57a2d4851a1d" relativeResultsDirectory="459b7240-d39f-4528-aab0-de98e407feb1" />
    <UnitTestResult executionId="c640e604-1c84-416c-9703-e0955f2e4797" testId="a34cc59c-504f-45fa-746c-15b1a11e5627" testName="Nzr.ToolBox.Core.Tests.BooleanUtilsTests.IsAnyFalse_WithOneFalseValue_ShouldReturnTrue" computerName="BLMG01DE-NTB014" duration="00:00:00.0010000" startTime="2020-01-13T17:41:54.8554052-03:00" endTime="2020-01-13T17:41:54.8554052-03:00" testType="13cdc9d9-ddb5-4fa4-a97d-d965ccfc6d4b" outcome="Passed" testListId="8c84fa94-04c1-424b-9868-57a2d4851a1d" relativeResultsDirectory="c640e604-1c84-416c-9703-e0955f2e4797" />
    <UnitTestResult executionId="7d16af72-9ba4-4c54-8127-3e4e58a1bfdf" testId="f5642f76-0883-ad8b-d556-29e3eb347cee" testName="Nzr.ToolBox.Core.Tests.ObjectUtilsTest.IsAllNull_WithOneNonNull_ShouldReturnFalse" computerName="BLMG01DE-NTB014" duration="00:00:00.0010000" startTime="2020-01-13T17:41:55.0435761-03:00" endTime="2020-01-13T17:41:55.0435763-03:00" testType="13cdc9d9-ddb5-4fa4-a97d-d965ccfc6d4b" outcome="Passed" testListId="8c84fa94-04c1-424b-9868-57a2d4851a1d" relativeResultsDirectory="7d16af72-9ba4-4c54-8127-3e4e58a1bfdf" />
    <UnitTestResult executionId="b32b9180-4880-4ef6-bd6a-7707279c29ad" testId="3c6ff78b-37a5-1893-6545-c9982c97f098" testName="Nzr.ToolBox.Core.Tests.RandomUtilsTest.RandomString_WithLetterOnly_ShouldReturnAlphaString" computerName="BLMG01DE-NTB014" duration="00:00:00.0070000" startTime="2020-01-13T17:41:54.8452979-03:00" endTime="2020-01-13T17:41:54.8452979-03:00" testType="13cdc9d9-ddb5-4fa4-a97d-d965ccfc6d4b" outcome="Passed" testListId="8c84fa94-04c1-424b-9868-57a2d4851a1d" relativeResultsDirectory="b32b9180-4880-4ef6-bd6a-7707279c29ad" />
    <UnitTestResult executionId="86a0e993-83a9-40f6-954c-9d2266a79f0b" testId="5242f9b9-ee1f-923c-f0c3-d5fb3e0359c6" testName="Nzr.ToolBox.Core.Tests.StringUtilsTest.IsNumber_WithNumeric_ShouldReturnTrue" computerName="BLMG01DE-NTB014" duration="00:00:00.0010000" startTime="2020-01-13T17:41:54.8637474-03:00" endTime="2020-01-13T17:41:54.8637474-03:00" testType="13cdc9d9-ddb5-4fa4-a97d-d965ccfc6d4b" outcome="Passed" testListId="8c84fa94-04c1-424b-9868-57a2d4851a1d" relativeResultsDirectory="86a0e993-83a9-40f6-954c-9d2266a79f0b" />
    <UnitTestResult executionId="e464edd1-8d48-4996-a47c-3816965b742b" testId="e8ec249d-dc87-2471-df22-5e2bd5f5cfd6" testName="Nzr.ToolBox.Core.Tests.ObjectUtilsTest.RequireNonNull_WithNonNull_ShouldNotThrowExcetpion" computerName="BLMG01DE-NTB014" duration="00:00:00.0010000" startTime="2020-01-13T17:41:54.9611356-03:00" endTime="2020-01-13T17:41:54.9611359-03:00" testType="13cdc9d9-ddb5-4fa4-a97d-d965ccfc6d4b" outcome="Passed" testListId="8c84fa94-04c1-424b-9868-57a2d4851a1d" relativeResultsDirectory="e464edd1-8d48-4996-a47c-3816965b742b" />
    <UnitTestResult executionId="a56f0209-d46d-44b8-9667-510b488d178b" testId="5c211a1b-af5c-0baa-3971-de7e6e4f1565" testName="Nzr.ToolBox.Core.Tests.StringUtilsTest.IsIsBlank_WithBlankString_ShouldReturnTrue" computerName="BLMG01DE-NTB014" duration="00:00:00.0010000" startTime="2020-01-13T17:41:54.8638369-03:00" endTime="2020-01-13T17:41:54.8638370-03:00" testType="13cdc9d9-ddb5-4fa4-a97d-d965ccfc6d4b" outcome="Passed" testListId="8c84fa94-04c1-424b-9868-57a2d4851a1d" relativeResultsDirectory="a56f0209-d46d-44b8-9667-510b488d178b" />
    <UnitTestResult executionId="6efefece-4cc7-4268-bd80-0246a22dea19" testId="bd159b72-9284-1885-d99e-8e5744e9e126" testName="Nzr.ToolBox.Core.Tests.CollectionUtilsTests.ForEach_WithNull_ShouldNotExecuteFunction" computerName="BLMG01DE-NTB014" duration="00:00:00.0010000" startTime="2020-01-13T17:41:54.8775995-03:00" endTime="2020-01-13T17:41:54.8775996-03:00" testType="13cdc9d9-ddb5-4fa4-a97d-d965ccfc6d4b" outcome="Passed" testListId="8c84fa94-04c1-424b-9868-57a2d4851a1d" relativeResultsDirectory="6efefece-4cc7-4268-bd80-0246a22dea19" />
    <UnitTestResult executionId="cc3355fc-182f-433d-bc73-b5f526ce1df5" testId="b47dec7c-cd3e-d808-5520-23095e3155d7" testName="Nzr.ToolBox.Core.Tests.DateTimeUtilsTest.Subtract_WithOneMonth_ShouldReturnLastMonth" computerName="BLMG01DE-NTB014" duration="00:00:00.0010000" startTime="2020-01-13T17:41:54.8357907-03:00" endTime="2020-01-13T17:41:54.8357910-03:00" testType="13cdc9d9-ddb5-4fa4-a97d-d965ccfc6d4b" outcome="Passed" testListId="8c84fa94-04c1-424b-9868-57a2d4851a1d" relativeResultsDirectory="cc3355fc-182f-433d-bc73-b5f526ce1df5" />
    <UnitTestResult executionId="72dcc2d6-82ef-48e7-aabe-b21bf4ef2403" testId="67ba80d0-ee46-5ac8-0538-37c6daf3607e" testName="Nzr.ToolBox.Core.Tests.BooleanUtilsTests.ToBool_WithNonPositiveString_ShouldReturnFalse(value: &quot;0&quot;)" computerName="BLMG01DE-NTB014" duration="00:00:00.0010000" startTime="2020-01-13T17:41:54.8501529-03:00" endTime="2020-01-13T17:41:54.8501530-03:00" testType="13cdc9d9-ddb5-4fa4-a97d-d965ccfc6d4b" outcome="Passed" testListId="8c84fa94-04c1-424b-9868-57a2d4851a1d" relativeResultsDirectory="72dcc2d6-82ef-48e7-aabe-b21bf4ef2403" />
    <UnitTestResult executionId="bf1bbe38-4eb7-40d6-95ab-ac5324d160a6" testId="f3c32f73-938b-755c-965c-616e71f330bf" testName="Nzr.ToolBox.Core.Tests.ObjectUtilsTest.IsAnyNonNull_WithAllNull_ShouldReturnFalse" computerName="BLMG01DE-NTB014" duration="00:00:00.0010000" startTime="2020-01-13T17:41:54.9599807-03:00" endTime="2020-01-13T17:41:54.9599807-03:00" testType="13cdc9d9-ddb5-4fa4-a97d-d965ccfc6d4b" outcome="Passed" testListId="8c84fa94-04c1-424b-9868-57a2d4851a1d" relativeResultsDirectory="bf1bbe38-4eb7-40d6-95ab-ac5324d160a6" />
    <UnitTestResult executionId="b0299198-cc14-42c8-915a-49c914b2f4b4" testId="357dbec3-6c88-60fc-92df-88a3a0d59998" testName="Nzr.ToolBox.Core.Tests.CollectionUtilsTests.ContainsAll_WithNullRefEnumerable_ShouldReturnFalse" computerName="BLMG01DE-NTB014" duration="00:00:00.0010000" startTime="2020-01-13T17:41:54.8731286-03:00" endTime="2020-01-13T17:41:54.8731287-03:00" testType="13cdc9d9-ddb5-4fa4-a97d-d965ccfc6d4b" outcome="Passed" testListId="8c84fa94-04c1-424b-9868-57a2d4851a1d" relativeResultsDirectory="b0299198-cc14-42c8-915a-49c914b2f4b4" />
    <UnitTestResult executionId="4dd31b33-b0f6-415b-84dd-ef232a7ca103" testId="ac4d6dc8-ac9c-ed69-2ea1-c142e3a580cd" testName="Nzr.ToolBox.Core.Tests.StringUtilsTest.ContainsNone_WithStringNotContainingOneOfSubstring_ShouldReturnTrue" computerName="BLMG01DE-NTB014" duration="00:00:00.0010000" startTime="2020-01-13T17:41:54.8627058-03:00" endTime="2020-01-13T17:41:54.8627059-03:00" testType="13cdc9d9-ddb5-4fa4-a97d-d965ccfc6d4b" outcome="Passed" testListId="8c84fa94-04c1-424b-9868-57a2d4851a1d" relativeResultsDirectory="4dd31b33-b0f6-415b-84dd-ef232a7ca103" />
    <UnitTestResult executionId="8bfec04f-2215-40db-acae-7d1982fb9b40" testId="d6c3c325-4119-8dd1-476b-5d0386c6cccf" testName="Nzr.ToolBox.Core.Tests.StringUtilsTest.DescribeIfNone_WithRegularString_ShouldReturnString" computerName="BLMG01DE-NTB014" duration="00:00:00.0010000" startTime="2020-01-13T17:41:54.8516526-03:00" endTime="2020-01-13T17:41:54.8516527-03:00" testType="13cdc9d9-ddb5-4fa4-a97d-d965ccfc6d4b" outcome="Passed" testListId="8c84fa94-04c1-424b-9868-57a2d4851a1d" relativeResultsDirectory="8bfec04f-2215-40db-acae-7d1982fb9b40" />
    <UnitTestResult executionId="f1a591a2-eb59-4ada-821f-4244c2a7cf57" testId="cfdd33be-da19-c14d-63fe-484c25830585" testName="Nzr.ToolBox.Core.Tests.CollectionUtilsTests.ForEach_WithGenericList_ShouldExecuteAction" computerName="BLMG01DE-NTB014" duration="00:00:00.0010000" startTime="2020-01-13T17:41:54.8757859-03:00" endTime="2020-01-13T17:41:54.8757859-03:00" testType="13cdc9d9-ddb5-4fa4-a97d-d965ccfc6d4b" outcome="Passed" testListId="8c84fa94-04c1-424b-9868-57a2d4851a1d" relativeResultsDirectory="f1a591a2-eb59-4ada-821f-4244c2a7cf57" />
    <UnitTestResult executionId="56834ff5-8c53-422c-8beb-546e43ff4e03" testId="2e9607cd-69cc-03d9-52da-bac666581b57" testName="Nzr.ToolBox.Core.Tests.DateTimeUtilsTest.Subtract_WithOneDay_ShouldReturnYesterday" computerName="BLMG01DE-NTB014" duration="00:00:00.0010000" startTime="2020-01-13T17:41:54.8445633-03:00" endTime="2020-01-13T17:41:54.8445634-03:00" testType="13cdc9d9-ddb5-4fa4-a97d-d965ccfc6d4b" outcome="Passed" testListId="8c84fa94-04c1-424b-9868-57a2d4851a1d" relativeResultsDirectory="56834ff5-8c53-422c-8beb-546e43ff4e03" />
    <UnitTestResult executionId="d700f378-06a9-422f-b5e1-8191c8ddfe6e" testId="d1e50dfe-89f9-2e1e-ee5f-3ce8755a7d24" testName="Nzr.ToolBox.Core.Tests.RandomUtilsTest.RandomInt_ShouldReturnUniqueValues(iterations: 10000, seed: null)" computerName="BLMG01DE-NTB014" duration="00:00:00.0100000" startTime="2020-01-13T17:41:55.0825850-03:00" endTime="2020-01-13T17:41:55.0825854-03:00" testType="13cdc9d9-ddb5-4fa4-a97d-d965ccfc6d4b" outcome="Passed" testListId="8c84fa94-04c1-424b-9868-57a2d4851a1d" relativeResultsDirectory="d700f378-06a9-422f-b5e1-8191c8ddfe6e" />
    <UnitTestResult executionId="db462434-543f-4468-8d9c-c228867f8ea4" testId="467648af-fb2a-b6b9-e76e-8f94779eb7f6" testName="Nzr.ToolBox.Core.Tests.StringUtilsTest.Prefix_WithNonExistingPrefix_ShouldAddPrefix" computerName="BLMG01DE-NTB014" duration="00:00:00.0010000" startTime="2020-01-13T17:41:54.8573103-03:00" endTime="2020-01-13T17:41:54.8573103-03:00" testType="13cdc9d9-ddb5-4fa4-a97d-d965ccfc6d4b" outcome="Passed" testListId="8c84fa94-04c1-424b-9868-57a2d4851a1d" relativeResultsDirectory="db462434-543f-4468-8d9c-c228867f8ea4" />
    <UnitTestResult executionId="db8c2f2c-8462-4af8-a996-0e0737f80116" testId="1dfcddc7-2376-1f70-3151-1b7cb4b3c7c1" testName="Nzr.ToolBox.Core.Tests.StringUtilsTest.RemoveStart_WithExistingStringsUsingOrdinalCase_ShouldNotRemoveStarts" computerName="BLMG01DE-NTB014" duration="00:00:00.0010000" startTime="2020-01-13T17:41:54.8445966-03:00" endTime="2020-01-13T17:41:54.8445967-03:00" testType="13cdc9d9-ddb5-4fa4-a97d-d965ccfc6d4b" outcome="Passed" testListId="8c84fa94-04c1-424b-9868-57a2d4851a1d" relativeResultsDirectory="db8c2f2c-8462-4af8-a996-0e0737f80116" />
    <UnitTestResult executionId="4bf813f6-c82b-4e84-b7f7-08d6468ec891" testId="8b06dbf8-2d8a-5226-9011-d08c484cab2f" testName="Nzr.ToolBox.Core.Tests.CollectionUtilsTests.IsEmpty_WithEmpty_ShouldReturnTrue" computerName="BLMG01DE-NTB014" duration="00:00:00.0010000" startTime="2020-01-13T17:41:54.8600551-03:00" endTime="2020-01-13T17:41:54.8600552-03:00" testType="13cdc9d9-ddb5-4fa4-a97d-d965ccfc6d4b" outcome="Passed" testListId="8c84fa94-04c1-424b-9868-57a2d4851a1d" relativeResultsDirectory="4bf813f6-c82b-4e84-b7f7-08d6468ec891" />
    <UnitTestResult executionId="bb3c877c-9911-4260-8a53-35f07dfda8fa" testId="7bbc11f3-00e0-acc2-4df2-e8e0d97bb209" testName="Nzr.ToolBox.Core.Tests.CollectionUtilsTests.Get_WithGenericEnumerableWithExistingIndex_ShouldReturnValue" computerName="BLMG01DE-NTB014" duration="00:00:00.0010000" startTime="2020-01-13T17:41:54.8756515-03:00" endTime="2020-01-13T17:41:54.8756516-03:00" testType="13cdc9d9-ddb5-4fa4-a97d-d965ccfc6d4b" outcome="Passed" testListId="8c84fa94-04c1-424b-9868-57a2d4851a1d" relativeResultsDirectory="bb3c877c-9911-4260-8a53-35f07dfda8fa" />
    <UnitTestResult executionId="3636871d-0993-4cea-b330-33c7f4077736" testId="d6c18a40-784b-6849-0320-923e0a1eba0e" testName="Nzr.ToolBox.Core.Tests.CollectionUtilsTests.IsEmpty_WithNull_ShouldReturnTrue" computerName="BLMG01DE-NTB014" duration="00:00:00.0010000" startTime="2020-01-13T17:41:54.8517549-03:00" endTime="2020-01-13T17:41:54.8517550-03:00" testType="13cdc9d9-ddb5-4fa4-a97d-d965ccfc6d4b" outcome="Passed" testListId="8c84fa94-04c1-424b-9868-57a2d4851a1d" relativeResultsDirectory="3636871d-0993-4cea-b330-33c7f4077736" />
    <UnitTestResult executionId="df5db5b5-0c18-4bdd-99bf-0fd0ec6d1702" testId="e8d09c68-4f4a-59e8-3c44-66cd53ed8164" testName="Nzr.ToolBox.Core.Tests.CollectionUtilsTests.ContainsAll_WithNullSourceAndRefGenericEnumerable_ShouldReturnTrue" computerName="BLMG01DE-NTB014" duration="00:00:00.0010000" startTime="2020-01-13T17:41:54.8636626-03:00" endTime="2020-01-13T17:41:54.8636626-03:00" testType="13cdc9d9-ddb5-4fa4-a97d-d965ccfc6d4b" outcome="Passed" testListId="8c84fa94-04c1-424b-9868-57a2d4851a1d" relativeResultsDirectory="df5db5b5-0c18-4bdd-99bf-0fd0ec6d1702" />
    <UnitTestResult executionId="1beef5a4-00ca-4f40-95cb-48619c387d59" testId="da642cc4-82fe-b6d1-55ca-0b6105cd1909" testName="Nzr.ToolBox.Core.Tests.StringUtilsTest.Replace_WithNullString_ShouldReturnDefault" computerName="BLMG01DE-NTB014" duration="00:00:00.0010000" startTime="2020-01-13T17:41:54.8679165-03:00" endTime="2020-01-13T17:41:54.8679166-03:00" testType="13cdc9d9-ddb5-4fa4-a97d-d965ccfc6d4b" outcome="Passed" testListId="8c84fa94-04c1-424b-9868-57a2d4851a1d" relativeResultsDirectory="1beef5a4-00ca-4f40-95cb-48619c387d59" />
    <UnitTestResult executionId="db1e828b-49e6-4e7c-b7d9-b207aac6dd27" testId="df159263-51bd-d891-b020-758bba5e657f" testName="Nzr.ToolBox.Core.Tests.StringUtilsTest.IsAllBlank_WithOneEmpty_ShouldReturnTrue" computerName="BLMG01DE-NTB014" duration="00:00:00.0010000" startTime="2020-01-13T17:41:54.8722591-03:00" endTime="2020-01-13T17:41:54.8722591-03:00" testType="13cdc9d9-ddb5-4fa4-a97d-d965ccfc6d4b" outcome="Passed" testListId="8c84fa94-04c1-424b-9868-57a2d4851a1d" relativeResultsDirectory="db1e828b-49e6-4e7c-b7d9-b207aac6dd27" />
    <UnitTestResult executionId="3e102c15-50d6-4360-87d4-ec958e3eb638" testId="dac9dc92-a823-6cea-bf4c-1b3253c3dca3" testName="Nzr.ToolBox.Core.Tests.StringUtilsTest.Remove_WithNullString_ShouldReturnNull" computerName="BLMG01DE-NTB014" duration="00:00:00.0010000" startTime="2020-01-13T17:41:54.8454370-03:00" endTime="2020-01-13T17:41:54.8454370-03:00" testType="13cdc9d9-ddb5-4fa4-a97d-d965ccfc6d4b" outcome="Passed" testListId="8c84fa94-04c1-424b-9868-57a2d4851a1d" relativeResultsDirectory="3e102c15-50d6-4360-87d4-ec958e3eb638" />
    <UnitTestResult executionId="784fbdce-b058-40d3-829e-039e1b49b190" testId="847d8ff3-d803-cf60-f02c-496786a7423f" testName="Nzr.ToolBox.Core.Tests.CollectionUtilsTests.ContainsAny_WithNullRefGenericEnumerable_ShouldReturnFalse" computerName="BLMG01DE-NTB014" duration="00:00:00.0010000" startTime="2020-01-13T17:41:54.8776975-03:00" endTime="2020-01-13T17:41:54.8776975-03:00" testType="13cdc9d9-ddb5-4fa4-a97d-d965ccfc6d4b" outcome="Passed" testListId="8c84fa94-04c1-424b-9868-57a2d4851a1d" relativeResultsDirectory="784fbdce-b058-40d3-829e-039e1b49b190" />
    <UnitTestResult executionId="b273e8d2-6204-4909-bd5f-d17cd20db718" testId="f4fbfb1c-5ed6-31b9-32df-2fb927eec7fc" testName="Nzr.ToolBox.Core.Tests.StringUtilsTest.Capitalize_WithNull_ShouldReturnNull" computerName="BLMG01DE-NTB014" duration="00:00:00.0010000" startTime="2020-01-13T17:41:54.8483255-03:00" endTime="2020-01-13T17:41:54.8483258-03:00" testType="13cdc9d9-ddb5-4fa4-a97d-d965ccfc6d4b" outcome="Passed" testListId="8c84fa94-04c1-424b-9868-57a2d4851a1d" relativeResultsDirectory="b273e8d2-6204-4909-bd5f-d17cd20db718" />
    <UnitTestResult executionId="d48433ef-47ae-4c32-8797-0d890c1994cb" testId="8735994f-5f9e-38e3-dd8d-e45cd5a00faf" testName="Nzr.ToolBox.Core.Tests.CollectionUtilsTests.IsEmpty_WithNonEmpty_ShouldReturnFalse" computerName="BLMG01DE-NTB014" duration="00:00:00.0010000" startTime="2020-01-13T17:41:54.8517053-03:00" endTime="2020-01-13T17:41:54.8517055-03:00" testType="13cdc9d9-ddb5-4fa4-a97d-d965ccfc6d4b" outcome="Passed" testListId="8c84fa94-04c1-424b-9868-57a2d4851a1d" relativeResultsDirectory="d48433ef-47ae-4c32-8797-0d890c1994cb" />
    <UnitTestResult executionId="9aeb11f3-0832-4630-aa4d-c59b0e0d1dd8" testId="f602c426-afbb-f056-d9cc-983f060e4157" testName="Nzr.ToolBox.Core.Tests.DateTimeUtilsTest.Subtract_WithOneMinute_ShouldReturnPastMinute" computerName="BLMG01DE-NTB014" duration="00:00:00.0010000" startTime="2020-01-13T17:41:54.8445341-03:00" endTime="2020-01-13T17:41:54.8445341-03:00" testType="13cdc9d9-ddb5-4fa4-a97d-d965ccfc6d4b" outcome="Passed" testListId="8c84fa94-04c1-424b-9868-57a2d4851a1d" relativeResultsDirectory="9aeb11f3-0832-4630-aa4d-c59b0e0d1dd8" />
    <UnitTestResult executionId="40a25d1c-769c-4640-accd-c337bf5528a6" testId="bd7fbd33-c44c-e435-efc2-06a8c4bb49ef" testName="Nzr.ToolBox.Core.Tests.DateTimeUtilsTest.Equals_WithMillisOfDiffAndWithTolerance_ShouldReturnTrue" computerName="BLMG01DE-NTB014" duration="00:00:00.0010000" startTime="2020-01-13T17:41:54.8353960-03:00" endTime="2020-01-13T17:41:54.8353964-03:00" testType="13cdc9d9-ddb5-4fa4-a97d-d965ccfc6d4b" outcome="Passed" testListId="8c84fa94-04c1-424b-9868-57a2d4851a1d" relativeResultsDirectory="40a25d1c-769c-4640-accd-c337bf5528a6" />
    <UnitTestResult executionId="115a7732-a588-4fe2-a652-8396701da175" testId="e47e56e9-5385-922b-8aae-4a5f9fc8708e" testName="Nzr.ToolBox.Core.Tests.ObjectUtilsTest.IsAnyNonNull_WithOneNonNull_ShouldReturnTrue" computerName="BLMG01DE-NTB014" duration="00:00:00.0010000" startTime="2020-01-13T17:41:54.9536065-03:00" endTime="2020-01-13T17:41:54.9536066-03:00" testType="13cdc9d9-ddb5-4fa4-a97d-d965ccfc6d4b" outcome="Passed" testListId="8c84fa94-04c1-424b-9868-57a2d4851a1d" relativeResultsDirectory="115a7732-a588-4fe2-a652-8396701da175" />
  </Results>
  <TestDefinitions>
    <UnitTest name="Nzr.ToolBox.Core.Tests.StringUtilsTest.IsAllEmpty_WithNullStrings_ShouldReturnTrue" storage="d:\mario.santos\workspaces\personal\nzr.toolbox\dotnet\nzr.toolbox.core.tests\bin\debug\netcoreapp2.2\nzr.toolbox.core.tests.dll" id="e7c5d70f-845a-794e-5db5-61ecf0bcf4a3">
      <Execution id="459b7240-d39f-4528-aab0-de98e407feb1" />
      <TestMethod codeBase="D:\mario.santos\workspaces\personal\Nzr.ToolBox\dotnet\Nzr.ToolBox.Core.Tests\bin\Debug\netcoreapp2.2\Nzr.ToolBox.Core.Tests.dll" adapterTypeName="executor://xunit/VsTestRunner2/netcoreapp" className="Nzr.ToolBox.Core.Tests.StringUtilsTest" name="Nzr.ToolBox.Core.Tests.StringUtilsTest.IsAllEmpty_WithNullStrings_ShouldReturnTrue" />
    </UnitTest>
    <UnitTest name="Nzr.ToolBox.Core.Tests.StringUtilsTest.Reverse_WithString_ShouldReturnReversedString" storage="d:\mario.santos\workspaces\personal\nzr.toolbox\dotnet\nzr.toolbox.core.tests\bin\debug\netcoreapp2.2\nzr.toolbox.core.tests.dll" id="e4949cfa-e33d-2fd1-5bcc-b5f6b9db1ce9">
      <Execution id="d0c27ab1-7da5-44cd-9d0a-c0b3d86ab36a" />
      <TestMethod codeBase="D:\mario.santos\workspaces\personal\Nzr.ToolBox\dotnet\Nzr.ToolBox.Core.Tests\bin\Debug\netcoreapp2.2\Nzr.ToolBox.Core.Tests.dll" adapterTypeName="executor://xunit/VsTestRunner2/netcoreapp" className="Nzr.ToolBox.Core.Tests.StringUtilsTest" name="Nzr.ToolBox.Core.Tests.StringUtilsTest.Reverse_WithString_ShouldReturnReversedString" />
    </UnitTest>
    <UnitTest name="Nzr.ToolBox.Core.Tests.StringUtilsTest.ContainsAny_WithOrdinalIgnoreCaseStringContainingOneOfSubstring_ShouldReturnTrue" storage="d:\mario.santos\workspaces\personal\nzr.toolbox\dotnet\nzr.toolbox.core.tests\bin\debug\netcoreapp2.2\nzr.toolbox.core.tests.dll" id="ef8414b8-93fc-9937-7131-0c62836c71c1">
      <Execution id="21c917d4-45e1-4948-a8a5-41896a473705" />
      <TestMethod codeBase="D:\mario.santos\workspaces\personal\Nzr.ToolBox\dotnet\Nzr.ToolBox.Core.Tests\bin\Debug\netcoreapp2.2\Nzr.ToolBox.Core.Tests.dll" adapterTypeName="executor://xunit/VsTestRunner2/netcoreapp" className="Nzr.ToolBox.Core.Tests.StringUtilsTest" name="Nzr.ToolBox.Core.Tests.StringUtilsTest.ContainsAny_WithOrdinalIgnoreCaseStringContainingOneOfSubstring_ShouldReturnTrue" />
    </UnitTest>
    <UnitTest name="Nzr.ToolBox.Core.Tests.RandomUtilsTest.RandomBoolean_ShouldReturnUniqueValues(iterations: 10000, seed: null)" storage="d:\mario.santos\workspaces\personal\nzr.toolbox\dotnet\nzr.toolbox.core.tests\bin\debug\netcoreapp2.2\nzr.toolbox.core.tests.dll" id="1d7cc1dd-bfaa-4d32-a622-84b65b12bf5d">
      <Execution id="ada1ee89-48e0-4452-a690-091ee927a995" />
      <TestMethod codeBase="D:\mario.santos\workspaces\personal\Nzr.ToolBox\dotnet\Nzr.ToolBox.Core.Tests\bin\Debug\netcoreapp2.2\Nzr.ToolBox.Core.Tests.dll" adapterTypeName="executor://xunit/VsTestRunner2/netcoreapp" className="Nzr.ToolBox.Core.Tests.RandomUtilsTest" name="Nzr.ToolBox.Core.Tests.RandomUtilsTest.RandomBoolean_ShouldReturnUniqueValues(iterations: 10000, seed: null)" />
    </UnitTest>
    <UnitTest name="Nzr.ToolBox.Core.Tests.BooleanUtilsTests.IsFalse_WithTrueValue_ShouldReturnFalse" storage="d:\mario.santos\workspaces\personal\nzr.toolbox\dotnet\nzr.toolbox.core.tests\bin\debug\netcoreapp2.2\nzr.toolbox.core.tests.dll" id="3c08c190-08d7-dfc9-ae9e-484d70f645bc">
      <Execution id="e35a6589-fe26-4d22-832a-e5092a42c7db" />
      <TestMethod codeBase="D:\mario.santos\workspaces\personal\Nzr.ToolBox\dotnet\Nzr.ToolBox.Core.Tests\bin\Debug\netcoreapp2.2\Nzr.ToolBox.Core.Tests.dll" adapterTypeName="executor://xunit/VsTestRunner2/netcoreapp" className="Nzr.ToolBox.Core.Tests.BooleanUtilsTests" name="Nzr.ToolBox.Core.Tests.BooleanUtilsTests.IsFalse_WithTrueValue_ShouldReturnFalse" />
    </UnitTest>
    <UnitTest name="Nzr.ToolBox.Core.Tests.BooleanUtilsTests.IsAnyFalse_WithOneFalseValue_ShouldReturnTrue" storage="d:\mario.santos\workspaces\personal\nzr.toolbox\dotnet\nzr.toolbox.core.tests\bin\debug\netcoreapp2.2\nzr.toolbox.core.tests.dll" id="a34cc59c-504f-45fa-746c-15b1a11e5627">
      <Execution id="c640e604-1c84-416c-9703-e0955f2e4797" />
      <TestMethod codeBase="D:\mario.santos\workspaces\personal\Nzr.ToolBox\dotnet\Nzr.ToolBox.Core.Tests\bin\Debug\netcoreapp2.2\Nzr.ToolBox.Core.Tests.dll" adapterTypeName="executor://xunit/VsTestRunner2/netcoreapp" className="Nzr.ToolBox.Core.Tests.BooleanUtilsTests" name="Nzr.ToolBox.Core.Tests.BooleanUtilsTests.IsAnyFalse_WithOneFalseValue_ShouldReturnTrue" />
    </UnitTest>
    <UnitTest name="Nzr.ToolBox.Core.Tests.StringUtilsTest.RemoveEnd_WithExistingStringsUsingOrdinalCase_ShouldNotRemoveEnds" storage="d:\mario.santos\workspaces\personal\nzr.toolbox\dotnet\nzr.toolbox.core.tests\bin\debug\netcoreapp2.2\nzr.toolbox.core.tests.dll" id="49936fc4-4825-29e4-106c-2b5397c160c6">
      <Execution id="4e6ab475-bb20-4d5b-9eb6-c2181273c2e2" />
      <TestMethod codeBase="D:\mario.santos\workspaces\personal\Nzr.ToolBox\dotnet\Nzr.ToolBox.Core.Tests\bin\Debug\netcoreapp2.2\Nzr.ToolBox.Core.Tests.dll" adapterTypeName="executor://xunit/VsTestRunner2/netcoreapp" className="Nzr.ToolBox.Core.Tests.StringUtilsTest" name="Nzr.ToolBox.Core.Tests.StringUtilsTest.RemoveEnd_WithExistingStringsUsingOrdinalCase_ShouldNotRemoveEnds" />
    </UnitTest>
    <UnitTest name="Nzr.ToolBox.Core.Tests.CollectionUtilsTests.GetKey_WithMappedInput_ShouldReturnKey" storage="d:\mario.santos\workspaces\personal\nzr.toolbox\dotnet\nzr.toolbox.core.tests\bin\debug\netcoreapp2.2\nzr.toolbox.core.tests.dll" id="605b98ce-b18c-dba8-4c19-a7179b0b35c6">
      <Execution id="32dae7df-7674-4f50-a2d8-d8bc04b7205c" />
      <TestMethod codeBase="D:\mario.santos\workspaces\personal\Nzr.ToolBox\dotnet\Nzr.ToolBox.Core.Tests\bin\Debug\netcoreapp2.2\Nzr.ToolBox.Core.Tests.dll" adapterTypeName="executor://xunit/VsTestRunner2/netcoreapp" className="Nzr.ToolBox.Core.Tests.CollectionUtilsTests" name="Nzr.ToolBox.Core.Tests.CollectionUtilsTests.GetKey_WithMappedInput_ShouldReturnKey" />
    </UnitTest>
    <UnitTest name="Nzr.ToolBox.Core.Tests.CollectionUtilsTests.Get_WithEnumerableWithExistingIndex_ShouldReturnValue" storage="d:\mario.santos\workspaces\personal\nzr.toolbox\dotnet\nzr.toolbox.core.tests\bin\debug\netcoreapp2.2\nzr.toolbox.core.tests.dll" id="8851b8ca-4481-2bea-be87-f6ae65909b6d">
      <Execution id="6a1598f8-6e5c-4156-bb31-0c1762c24e40" />
      <TestMethod codeBase="D:\mario.santos\workspaces\personal\Nzr.ToolBox\dotnet\Nzr.ToolBox.Core.Tests\bin\Debug\netcoreapp2.2\Nzr.ToolBox.Core.Tests.dll" adapterTypeName="executor://xunit/VsTestRunner2/netcoreapp" className="Nzr.ToolBox.Core.Tests.CollectionUtilsTests" name="Nzr.ToolBox.Core.Tests.CollectionUtilsTests.Get_WithEnumerableWithExistingIndex_ShouldReturnValue" />
    </UnitTest>
    <UnitTest name="Nzr.ToolBox.Core.Tests.StringUtilsTest.RemoveStart_WithExistingStrings_ShouldReturnCleanedString" storage="d:\mario.santos\workspaces\personal\nzr.toolbox\dotnet\nzr.toolbox.core.tests\bin\debug\netcoreapp2.2\nzr.toolbox.core.tests.dll" id="df88d8b1-a81b-086c-6c41-e23fcac9c165">
      <Execution id="ee615d4c-6c12-4d14-80fd-310f9077d7eb" />
      <TestMethod codeBase="D:\mario.santos\workspaces\personal\Nzr.ToolBox\dotnet\Nzr.ToolBox.Core.Tests\bin\Debug\netcoreapp2.2\Nzr.ToolBox.Core.Tests.dll" adapterTypeName="executor://xunit/VsTestRunner2/netcoreapp" className="Nzr.ToolBox.Core.Tests.StringUtilsTest" name="Nzr.ToolBox.Core.Tests.StringUtilsTest.RemoveStart_WithExistingStrings_ShouldReturnCleanedString" />
    </UnitTest>
    <UnitTest name="Nzr.ToolBox.Core.Tests.BooleanUtilsTests.IsAnyTrue_WithAllFalseValues_ShouldReturnFalse" storage="d:\mario.santos\workspaces\personal\nzr.toolbox\dotnet\nzr.toolbox.core.tests\bin\debug\netcoreapp2.2\nzr.toolbox.core.tests.dll" id="3f13a7b6-337e-e068-e2f4-569bb1afc599">
      <Execution id="0f0e383c-9d51-4140-9be2-fb14b089cb76" />
      <TestMethod codeBase="D:\mario.santos\workspaces\personal\Nzr.ToolBox\dotnet\Nzr.ToolBox.Core.Tests\bin\Debug\netcoreapp2.2\Nzr.ToolBox.Core.Tests.dll" adapterTypeName="executor://xunit/VsTestRunner2/netcoreapp" className="Nzr.ToolBox.Core.Tests.BooleanUtilsTests" name="Nzr.ToolBox.Core.Tests.BooleanUtilsTests.IsAnyTrue_WithAllFalseValues_ShouldReturnFalse" />
    </UnitTest>
    <UnitTest name="Nzr.ToolBox.Core.Tests.StringUtilsTest.Append_WithNullString_ShouldReturnNull" storage="d:\mario.santos\workspaces\personal\nzr.toolbox\dotnet\nzr.toolbox.core.tests\bin\debug\netcoreapp2.2\nzr.toolbox.core.tests.dll" id="fbdaa9da-fa50-bdbe-26ce-99c244b40305">
      <Execution id="ebf5d85f-620e-4a3c-bdec-f38d5bdc99fc" />
      <TestMethod codeBase="D:\mario.santos\workspaces\personal\Nzr.ToolBox\dotnet\Nzr.ToolBox.Core.Tests\bin\Debug\netcoreapp2.2\Nzr.ToolBox.Core.Tests.dll" adapterTypeName="executor://xunit/VsTestRunner2/netcoreapp" className="Nzr.ToolBox.Core.Tests.StringUtilsTest" name="Nzr.ToolBox.Core.Tests.StringUtilsTest.Append_WithNullString_ShouldReturnNull" />
    </UnitTest>
    <UnitTest name="Nzr.ToolBox.Core.Tests.ObjectUtilsTest.IsAnyNonNull_WithAllNull_ShouldReturnFalse" storage="d:\mario.santos\workspaces\personal\nzr.toolbox\dotnet\nzr.toolbox.core.tests\bin\debug\netcoreapp2.2\nzr.toolbox.core.tests.dll" id="f3c32f73-938b-755c-965c-616e71f330bf">
      <Execution id="bf1bbe38-4eb7-40d6-95ab-ac5324d160a6" />
      <TestMethod codeBase="D:\mario.santos\workspaces\personal\Nzr.ToolBox\dotnet\Nzr.ToolBox.Core.Tests\bin\Debug\netcoreapp2.2\Nzr.ToolBox.Core.Tests.dll" adapterTypeName="executor://xunit/VsTestRunner2/netcoreapp" className="Nzr.ToolBox.Core.Tests.ObjectUtilsTest" name="Nzr.ToolBox.Core.Tests.ObjectUtilsTest.IsAnyNonNull_WithAllNull_ShouldReturnFalse" />
    </UnitTest>
    <UnitTest name="Nzr.ToolBox.Core.Tests.CollectionUtilsTests.Get_WithNullEnumerabl_ShouldReturnNull" storage="d:\mario.santos\workspaces\personal\nzr.toolbox\dotnet\nzr.toolbox.core.tests\bin\debug\netcoreapp2.2\nzr.toolbox.core.tests.dll" id="75d1fee2-de8d-1cd6-eaa6-403797b3cf12">
      <Execution id="6bcced72-d1f9-4715-bfaa-214fb744dbf5" />
      <TestMethod codeBase="D:\mario.santos\workspaces\personal\Nzr.ToolBox\dotnet\Nzr.ToolBox.Core.Tests\bin\Debug\netcoreapp2.2\Nzr.ToolBox.Core.Tests.dll" adapterTypeName="executor://xunit/VsTestRunner2/netcoreapp" className="Nzr.ToolBox.Core.Tests.CollectionUtilsTests" name="Nzr.ToolBox.Core.Tests.CollectionUtilsTests.Get_WithNullEnumerabl_ShouldReturnNull" />
    </UnitTest>
    <UnitTest name="Nzr.ToolBox.Core.Tests.RandomUtilsTest.RandomShort_ShouldReturnUniqueValues(iterations: 10000, seed: 1)" storage="d:\mario.santos\workspaces\personal\nzr.toolbox\dotnet\nzr.toolbox.core.tests\bin\debug\netcoreapp2.2\nzr.toolbox.core.tests.dll" id="f87c411f-32d8-e0c9-1a61-7c5c01be8af6">
      <Execution id="08d44afe-252e-40db-8f92-54e6e45fd74d" />
      <TestMethod codeBase="D:\mario.santos\workspaces\personal\Nzr.ToolBox\dotnet\Nzr.ToolBox.Core.Tests\bin\Debug\netcoreapp2.2\Nzr.ToolBox.Core.Tests.dll" adapterTypeName="executor://xunit/VsTestRunner2/netcoreapp" className="Nzr.ToolBox.Core.Tests.RandomUtilsTest" name="Nzr.ToolBox.Core.Tests.RandomUtilsTest.RandomShort_ShouldReturnUniqueValues(iterations: 10000, seed: 1)" />
    </UnitTest>
    <UnitTest name="Nzr.ToolBox.Core.Tests.BooleanUtilsTests.ToBool_WithPositiveNonZero_ShouldReturnTrue(b: 1, s: 1, i: 1, l: 1, f: 1, d: 1, m: 1)" storage="d:\mario.santos\workspaces\personal\nzr.toolbox\dotnet\nzr.toolbox.core.tests\bin\debug\netcoreapp2.2\nzr.toolbox.core.tests.dll" id="f681d49e-3f25-06a7-6205-1c8f2398b635">
      <Execution id="62c2e290-fced-471e-9a76-cd47e41d0f29" />
      <TestMethod codeBase="D:\mario.santos\workspaces\personal\Nzr.ToolBox\dotnet\Nzr.ToolBox.Core.Tests\bin\Debug\netcoreapp2.2\Nzr.ToolBox.Core.Tests.dll" adapterTypeName="executor://xunit/VsTestRunner2/netcoreapp" className="Nzr.ToolBox.Core.Tests.BooleanUtilsTests" name="Nzr.ToolBox.Core.Tests.BooleanUtilsTests.ToBool_WithPositiveNonZero_ShouldReturnTrue(b: 1, s: 1, i: 1, l: 1, f: 1, d: 1, m: 1)" />
    </UnitTest>
    <UnitTest name="Nzr.ToolBox.Core.Tests.StringUtilsTest.ContainsNone_WithOrdinalIgnoreCaseStringNotContainingOneOfSubstring_ShouldReturnTrue" storage="d:\mario.santos\workspaces\personal\nzr.toolbox\dotnet\nzr.toolbox.core.tests\bin\debug\netcoreapp2.2\nzr.toolbox.core.tests.dll" id="456e732c-388b-f135-86e0-02f4f82041c1">
      <Execution id="dabb3c35-a24b-4902-a7b4-bc5627e31ee4" />
      <TestMethod codeBase="D:\mario.santos\workspaces\personal\Nzr.ToolBox\dotnet\Nzr.ToolBox.Core.Tests\bin\Debug\netcoreapp2.2\Nzr.ToolBox.Core.Tests.dll" adapterTypeName="executor://xunit/VsTestRunner2/netcoreapp" className="Nzr.ToolBox.Core.Tests.StringUtilsTest" name="Nzr.ToolBox.Core.Tests.StringUtilsTest.ContainsNone_WithOrdinalIgnoreCaseStringNotContainingOneOfSubstring_ShouldReturnTrue" />
    </UnitTest>
    <UnitTest name="Nzr.ToolBox.Core.Tests.StringUtilsTest.IsNotBlank_WithNullString_ShouldReturnFalse" storage="d:\mario.santos\workspaces\personal\nzr.toolbox\dotnet\nzr.toolbox.core.tests\bin\debug\netcoreapp2.2\nzr.toolbox.core.tests.dll" id="dec4b2e5-eff9-2a89-8e71-4aef758046da">
      <Execution id="f081c8dc-7dcf-4ab5-97cc-a7410630add0" />
      <TestMethod codeBase="D:\mario.santos\workspaces\personal\Nzr.ToolBox\dotnet\Nzr.ToolBox.Core.Tests\bin\Debug\netcoreapp2.2\Nzr.ToolBox.Core.Tests.dll" adapterTypeName="executor://xunit/VsTestRunner2/netcoreapp" className="Nzr.ToolBox.Core.Tests.StringUtilsTest" name="Nzr.ToolBox.Core.Tests.StringUtilsTest.IsNotBlank_WithNullString_ShouldReturnFalse" />
    </UnitTest>
    <UnitTest name="Nzr.ToolBox.Core.Tests.DateTimeUtilsTest.IsSameDay_WithDatesWithSameDay_ShouldReturnTrue" storage="d:\mario.santos\workspaces\personal\nzr.toolbox\dotnet\nzr.toolbox.core.tests\bin\debug\netcoreapp2.2\nzr.toolbox.core.tests.dll" id="14b6413c-e1eb-0334-1dc2-58a621540c17">
      <Execution id="c8ab1dc2-8068-4fc5-84a3-48d636988ae9" />
      <TestMethod codeBase="D:\mario.santos\workspaces\personal\Nzr.ToolBox\dotnet\Nzr.ToolBox.Core.Tests\bin\Debug\netcoreapp2.2\Nzr.ToolBox.Core.Tests.dll" adapterTypeName="executor://xunit/VsTestRunner2/netcoreapp" className="Nzr.ToolBox.Core.Tests.DateTimeUtilsTest" name="Nzr.ToolBox.Core.Tests.DateTimeUtilsTest.IsSameDay_WithDatesWithSameDay_ShouldReturnTrue" />
    </UnitTest>
    <UnitTest name="Nzr.ToolBox.Core.Tests.ObjectUtilsTest.IsAnyNull_WithAllNonNull_ShouldReturnFalse" storage="d:\mario.santos\workspaces\personal\nzr.toolbox\dotnet\nzr.toolbox.core.tests\bin\debug\netcoreapp2.2\nzr.toolbox.core.tests.dll" id="c6c7d0b1-8655-bb37-7b06-f95f79a47486">
      <Execution id="68593e2b-bb3e-4f64-a689-82291fea5d1b" />
      <TestMethod codeBase="D:\mario.santos\workspaces\personal\Nzr.ToolBox\dotnet\Nzr.ToolBox.Core.Tests\bin\Debug\netcoreapp2.2\Nzr.ToolBox.Core.Tests.dll" adapterTypeName="executor://xunit/VsTestRunner2/netcoreapp" className="Nzr.ToolBox.Core.Tests.ObjectUtilsTest" name="Nzr.ToolBox.Core.Tests.ObjectUtilsTest.IsAnyNull_WithAllNonNull_ShouldReturnFalse" />
    </UnitTest>
    <UnitTest name="Nzr.ToolBox.Core.Tests.DateTimeUtilsTest.IsSameDay_WithCurrentDayAndNull_ShouldReturnTrue" storage="d:\mario.santos\workspaces\personal\nzr.toolbox\dotnet\nzr.toolbox.core.tests\bin\debug\netcoreapp2.2\nzr.toolbox.core.tests.dll" id="3481e80b-1f65-cc03-2307-099b3c1f0f7c">
      <Execution id="8ebd4192-e7aa-41ee-9d4c-b1d4025fb635" />
      <TestMethod codeBase="D:\mario.santos\workspaces\personal\Nzr.ToolBox\dotnet\Nzr.ToolBox.Core.Tests\bin\Debug\netcoreapp2.2\Nzr.ToolBox.Core.Tests.dll" adapterTypeName="executor://xunit/VsTestRunner2/netcoreapp" className="Nzr.ToolBox.Core.Tests.DateTimeUtilsTest" name="Nzr.ToolBox.Core.Tests.DateTimeUtilsTest.IsSameDay_WithCurrentDayAndNull_ShouldReturnTrue" />
    </UnitTest>
    <UnitTest name="Nzr.ToolBox.Core.Tests.DateTimeUtilsTest.FromEpoch_WithEpoch_ShouldReturnDateTime" storage="d:\mario.santos\workspaces\personal\nzr.toolbox\dotnet\nzr.toolbox.core.tests\bin\debug\netcoreapp2.2\nzr.toolbox.core.tests.dll" id="9cb43f95-30da-e6bd-d3fb-74053a6f7143">
      <Execution id="75ec1201-1388-4e1f-8ee6-6d6284e53dc3" />
      <TestMethod codeBase="D:\mario.santos\workspaces\personal\Nzr.ToolBox\dotnet\Nzr.ToolBox.Core.Tests\bin\Debug\netcoreapp2.2\Nzr.ToolBox.Core.Tests.dll" adapterTypeName="executor://xunit/VsTestRunner2/netcoreapp" className="Nzr.ToolBox.Core.Tests.DateTimeUtilsTest" name="Nzr.ToolBox.Core.Tests.DateTimeUtilsTest.FromEpoch_WithEpoch_ShouldReturnDateTime" />
    </UnitTest>
    <UnitTest name="Nzr.ToolBox.Core.Tests.CollectionUtilsTests.EmptyIfNull_WithNullGenericEnumerable_ShouldNewEnumerable" storage="d:\mario.santos\workspaces\personal\nzr.toolbox\dotnet\nzr.toolbox.core.tests\bin\debug\netcoreapp2.2\nzr.toolbox.core.tests.dll" id="244ddabb-e392-9319-5f0f-5351f15a9ac9">
      <Execution id="9846fac0-1d2c-42d1-933f-657b8e4821f0" />
      <TestMethod codeBase="D:\mario.santos\workspaces\personal\Nzr.ToolBox\dotnet\Nzr.ToolBox.Core.Tests\bin\Debug\netcoreapp2.2\Nzr.ToolBox.Core.Tests.dll" adapterTypeName="executor://xunit/VsTestRunner2/netcoreapp" className="Nzr.ToolBox.Core.Tests.CollectionUtilsTests" name="Nzr.ToolBox.Core.Tests.CollectionUtilsTests.EmptyIfNull_WithNullGenericEnumerable_ShouldNewEnumerable" />
    </UnitTest>
    <UnitTest name="Nzr.ToolBox.Core.Tests.StringUtilsTest.IsAnyBlank_WithOneBlank_ShouldReturnTrue" storage="d:\mario.santos\workspaces\personal\nzr.toolbox\dotnet\nzr.toolbox.core.tests\bin\debug\netcoreapp2.2\nzr.toolbox.core.tests.dll" id="efc2d993-18be-3c80-9e27-1d4e6cfd44ac">
      <Execution id="10686b01-1321-425e-9f7d-e7ef91bb8089" />
      <TestMethod codeBase="D:\mario.santos\workspaces\personal\Nzr.ToolBox\dotnet\Nzr.ToolBox.Core.Tests\bin\Debug\netcoreapp2.2\Nzr.ToolBox.Core.Tests.dll" adapterTypeName="executor://xunit/VsTestRunner2/netcoreapp" className="Nzr.ToolBox.Core.Tests.StringUtilsTest" name="Nzr.ToolBox.Core.Tests.StringUtilsTest.IsAnyBlank_WithOneBlank_ShouldReturnTrue" />
    </UnitTest>
    <UnitTest name="Nzr.ToolBox.Core.Tests.BooleanUtilsTests.IsAnyFalse_WithAllTrueValues_ShouldReturnFalse" storage="d:\mario.santos\workspaces\personal\nzr.toolbox\dotnet\nzr.toolbox.core.tests\bin\debug\netcoreapp2.2\nzr.toolbox.core.tests.dll" id="28ef9235-5d17-493e-f387-17901bee93d7">
      <Execution id="6ac53e94-0028-41ee-91f9-0cc12395627f" />
      <TestMethod codeBase="D:\mario.santos\workspaces\personal\Nzr.ToolBox\dotnet\Nzr.ToolBox.Core.Tests\bin\Debug\netcoreapp2.2\Nzr.ToolBox.Core.Tests.dll" adapterTypeName="executor://xunit/VsTestRunner2/netcoreapp" className="Nzr.ToolBox.Core.Tests.BooleanUtilsTests" name="Nzr.ToolBox.Core.Tests.BooleanUtilsTests.IsAnyFalse_WithAllTrueValues_ShouldReturnFalse" />
    </UnitTest>
    <UnitTest name="Nzr.ToolBox.Core.Tests.StringUtilsTest.Format_WithNullString_ShouldReturnNull" storage="d:\mario.santos\workspaces\personal\nzr.toolbox\dotnet\nzr.toolbox.core.tests\bin\debug\netcoreapp2.2\nzr.toolbox.core.tests.dll" id="39dfd282-5fe4-ceef-3391-cce4f58db31f">
      <Execution id="64e3d4ab-7b45-4233-8c59-3794b68e50e0" />
      <TestMethod codeBase="D:\mario.santos\workspaces\personal\Nzr.ToolBox\dotnet\Nzr.ToolBox.Core.Tests\bin\Debug\netcoreapp2.2\Nzr.ToolBox.Core.Tests.dll" adapterTypeName="executor://xunit/VsTestRunner2/netcoreapp" className="Nzr.ToolBox.Core.Tests.StringUtilsTest" name="Nzr.ToolBox.Core.Tests.StringUtilsTest.Format_WithNullString_ShouldReturnNull" />
    </UnitTest>
    <UnitTest name="Nzr.ToolBox.Core.Tests.CollectionUtilsTests.ContainsAll_WithNullRefEnumerable_ShouldReturnFalse" storage="d:\mario.santos\workspaces\personal\nzr.toolbox\dotnet\nzr.toolbox.core.tests\bin\debug\netcoreapp2.2\nzr.toolbox.core.tests.dll" id="357dbec3-6c88-60fc-92df-88a3a0d59998">
      <Execution id="b0299198-cc14-42c8-915a-49c914b2f4b4" />
      <TestMethod codeBase="D:\mario.santos\workspaces\personal\Nzr.ToolBox\dotnet\Nzr.ToolBox.Core.Tests\bin\Debug\netcoreapp2.2\Nzr.ToolBox.Core.Tests.dll" adapterTypeName="executor://xunit/VsTestRunner2/netcoreapp" className="Nzr.ToolBox.Core.Tests.CollectionUtilsTests" name="Nzr.ToolBox.Core.Tests.CollectionUtilsTests.ContainsAll_WithNullRefEnumerable_ShouldReturnFalse" />
    </UnitTest>
    <UnitTest name="Nzr.ToolBox.Core.Tests.StringUtilsTest.IsAnyEmpty_WithNullOrEmptyStrings_ShouldReturnTrue" storage="d:\mario.santos\workspaces\personal\nzr.toolbox\dotnet\nzr.toolbox.core.tests\bin\debug\netcoreapp2.2\nzr.toolbox.core.tests.dll" id="3ab1d9fd-ee54-2c49-9b7b-7e9dfe78dfc4">
      <Execution id="ef06c3b4-dbbb-42b1-ac77-bbe0f7311c07" />
      <TestMethod codeBase="D:\mario.santos\workspaces\personal\Nzr.ToolBox\dotnet\Nzr.ToolBox.Core.Tests\bin\Debug\netcoreapp2.2\Nzr.ToolBox.Core.Tests.dll" adapterTypeName="executor://xunit/VsTestRunner2/netcoreapp" className="Nzr.ToolBox.Core.Tests.StringUtilsTest" name="Nzr.ToolBox.Core.Tests.StringUtilsTest.IsAnyEmpty_WithNullOrEmptyStrings_ShouldReturnTrue" />
    </UnitTest>
    <UnitTest name="Nzr.ToolBox.Core.Tests.DateTimeUtilsTest.Equals_WithMillisOfDiffAndNoTolerance_ShouldReturnFalse" storage="d:\mario.santos\workspaces\personal\nzr.toolbox\dotnet\nzr.toolbox.core.tests\bin\debug\netcoreapp2.2\nzr.toolbox.core.tests.dll" id="5696e255-6884-a5ec-7659-9a5e21d95d2f">
      <Execution id="0cc2c407-6d8a-4c67-a690-f8aa4ca4328a" />
      <TestMethod codeBase="D:\mario.santos\workspaces\personal\Nzr.ToolBox\dotnet\Nzr.ToolBox.Core.Tests\bin\Debug\netcoreapp2.2\Nzr.ToolBox.Core.Tests.dll" adapterTypeName="executor://xunit/VsTestRunner2/netcoreapp" className="Nzr.ToolBox.Core.Tests.DateTimeUtilsTest" name="Nzr.ToolBox.Core.Tests.DateTimeUtilsTest.Equals_WithMillisOfDiffAndNoTolerance_ShouldReturnFalse" />
    </UnitTest>
    <UnitTest name="Nzr.ToolBox.Core.Tests.StringUtilsTest.IsAnyEmpty_WithOneNonEmpty_ShouldReturnTrue" storage="d:\mario.santos\workspaces\personal\nzr.toolbox\dotnet\nzr.toolbox.core.tests\bin\debug\netcoreapp2.2\nzr.toolbox.core.tests.dll" id="8d4c2e72-586a-f338-d7f5-e113d3234b28">
      <Execution id="b6f8aa62-4144-4452-9991-df6a615ecf7d" />
      <TestMethod codeBase="D:\mario.santos\workspaces\personal\Nzr.ToolBox\dotnet\Nzr.ToolBox.Core.Tests\bin\Debug\netcoreapp2.2\Nzr.ToolBox.Core.Tests.dll" adapterTypeName="executor://xunit/VsTestRunner2/netcoreapp" className="Nzr.ToolBox.Core.Tests.StringUtilsTest" name="Nzr.ToolBox.Core.Tests.StringUtilsTest.IsAnyEmpty_WithOneNonEmpty_ShouldReturnTrue" />
    </UnitTest>
    <UnitTest name="Nzr.ToolBox.Core.Tests.CollectionUtilsTests.ContainsAll_WithNullSourceAndRefGenericEnumerable_ShouldReturnTrue" storage="d:\mario.santos\workspaces\personal\nzr.toolbox\dotnet\nzr.toolbox.core.tests\bin\debug\netcoreapp2.2\nzr.toolbox.core.tests.dll" id="e8d09c68-4f4a-59e8-3c44-66cd53ed8164">
      <Execution id="df5db5b5-0c18-4bdd-99bf-0fd0ec6d1702" />
      <TestMethod codeBase="D:\mario.santos\workspaces\personal\Nzr.ToolBox\dotnet\Nzr.ToolBox.Core.Tests\bin\Debug\netcoreapp2.2\Nzr.ToolBox.Core.Tests.dll" adapterTypeName="executor://xunit/VsTestRunner2/netcoreapp" className="Nzr.ToolBox.Core.Tests.CollectionUtilsTests" name="Nzr.ToolBox.Core.Tests.CollectionUtilsTests.ContainsAll_WithNullSourceAndRefGenericEnumerable_ShouldReturnTrue" />
    </UnitTest>
    <UnitTest name="Nzr.ToolBox.Core.Tests.DateTimeUtilsTest.IsSameDay_WithDatesWithoutSameDay_ShouldReturnFalse" storage="d:\mario.santos\workspaces\personal\nzr.toolbox\dotnet\nzr.toolbox.core.tests\bin\debug\netcoreapp2.2\nzr.toolbox.core.tests.dll" id="fea88c74-eaa4-e751-b2f0-898db2073835">
      <Execution id="8f9901b5-44f7-4d0d-a2c0-79c6141c1e53" />
      <TestMethod codeBase="D:\mario.santos\workspaces\personal\Nzr.ToolBox\dotnet\Nzr.ToolBox.Core.Tests\bin\Debug\netcoreapp2.2\Nzr.ToolBox.Core.Tests.dll" adapterTypeName="executor://xunit/VsTestRunner2/netcoreapp" className="Nzr.ToolBox.Core.Tests.DateTimeUtilsTest" name="Nzr.ToolBox.Core.Tests.DateTimeUtilsTest.IsSameDay_WithDatesWithoutSameDay_ShouldReturnFalse" />
    </UnitTest>
    <UnitTest name="Nzr.ToolBox.Core.Tests.BooleanUtilsTests.ToBool_WithNonPositiveString_ShouldReturnFalse(value: &quot;Não&quot;)" storage="d:\mario.santos\workspaces\personal\nzr.toolbox\dotnet\nzr.toolbox.core.tests\bin\debug\netcoreapp2.2\nzr.toolbox.core.tests.dll" id="61955263-2d18-b04f-1074-d886d947e055">
      <Execution id="9f9b3c48-e289-41d2-9fa9-3fa9d5e6b367" />
      <TestMethod codeBase="D:\mario.santos\workspaces\personal\Nzr.ToolBox\dotnet\Nzr.ToolBox.Core.Tests\bin\Debug\netcoreapp2.2\Nzr.ToolBox.Core.Tests.dll" adapterTypeName="executor://xunit/VsTestRunner2/netcoreapp" className="Nzr.ToolBox.Core.Tests.BooleanUtilsTests" name="Nzr.ToolBox.Core.Tests.BooleanUtilsTests.ToBool_WithNonPositiveString_ShouldReturnFalse(value: &quot;Não&quot;)" />
    </UnitTest>
    <UnitTest name="Nzr.ToolBox.Core.Tests.DateTimeUtilsTest.Equals_WithMillisOfDiffAndWithTolerance_ShouldReturnTrue" storage="d:\mario.santos\workspaces\personal\nzr.toolbox\dotnet\nzr.toolbox.core.tests\bin\debug\netcoreapp2.2\nzr.toolbox.core.tests.dll" id="bd7fbd33-c44c-e435-efc2-06a8c4bb49ef">
      <Execution id="40a25d1c-769c-4640-accd-c337bf5528a6" />
      <TestMethod codeBase="D:\mario.santos\workspaces\personal\Nzr.ToolBox\dotnet\Nzr.ToolBox.Core.Tests\bin\Debug\netcoreapp2.2\Nzr.ToolBox.Core.Tests.dll" adapterTypeName="executor://xunit/VsTestRunner2/netcoreapp" className="Nzr.ToolBox.Core.Tests.DateTimeUtilsTest" name="Nzr.ToolBox.Core.Tests.DateTimeUtilsTest.Equals_WithMillisOfDiffAndWithTolerance_ShouldReturnTrue" />
    </UnitTest>
    <UnitTest name="Nzr.ToolBox.Core.Tests.ObjectUtilsTest.FirstNonNull_WithAllNull_ShouldReturnNull" storage="d:\mario.santos\workspaces\personal\nzr.toolbox\dotnet\nzr.toolbox.core.tests\bin\debug\netcoreapp2.2\nzr.toolbox.core.tests.dll" id="22bfdebd-96a0-0b21-9eb3-2ebda1d58ee2">
      <Execution id="1ef12ea2-2b6c-4204-8529-dabd904f9577" />
      <TestMethod codeBase="D:\mario.santos\workspaces\personal\Nzr.ToolBox\dotnet\Nzr.ToolBox.Core.Tests\bin\Debug\netcoreapp2.2\Nzr.ToolBox.Core.Tests.dll" adapterTypeName="executor://xunit/VsTestRunner2/netcoreapp" className="Nzr.ToolBox.Core.Tests.ObjectUtilsTest" name="Nzr.ToolBox.Core.Tests.ObjectUtilsTest.FirstNonNull_WithAllNull_ShouldReturnNull" />
    </UnitTest>
    <UnitTest name="Nzr.ToolBox.Core.Tests.StringUtilsTest.ContainsAny_WithStringNotContainingOneOfSubstring_ShouldReturnFalse" storage="d:\mario.santos\workspaces\personal\nzr.toolbox\dotnet\nzr.toolbox.core.tests\bin\debug\netcoreapp2.2\nzr.toolbox.core.tests.dll" id="c068e1c4-6913-d79e-f58c-fd0cdae20144">
      <Execution id="21fca80e-bdfe-41d3-a2a1-db81a2cdfd08" />
      <TestMethod codeBase="D:\mario.santos\workspaces\personal\Nzr.ToolBox\dotnet\Nzr.ToolBox.Core.Tests\bin\Debug\netcoreapp2.2\Nzr.ToolBox.Core.Tests.dll" adapterTypeName="executor://xunit/VsTestRunner2/netcoreapp" className="Nzr.ToolBox.Core.Tests.StringUtilsTest" name="Nzr.ToolBox.Core.Tests.StringUtilsTest.ContainsAny_WithStringNotContainingOneOfSubstring_ShouldReturnFalse" />
    </UnitTest>
    <UnitTest name="Nzr.ToolBox.Core.Tests.StringUtilsTest.DefaultIfEmpty_WitEmptyString_ShouldReturnDefault" storage="d:\mario.santos\workspaces\personal\nzr.toolbox\dotnet\nzr.toolbox.core.tests\bin\debug\netcoreapp2.2\nzr.toolbox.core.tests.dll" id="d40c6e0c-b4ac-c82e-a0d9-6e696ff5e301">
      <Execution id="fe5230d0-4d35-4c28-9830-eaa8a0a7fb96" />
      <TestMethod codeBase="D:\mario.santos\workspaces\personal\Nzr.ToolBox\dotnet\Nzr.ToolBox.Core.Tests\bin\Debug\netcoreapp2.2\Nzr.ToolBox.Core.Tests.dll" adapterTypeName="executor://xunit/VsTestRunner2/netcoreapp" className="Nzr.ToolBox.Core.Tests.StringUtilsTest" name="Nzr.ToolBox.Core.Tests.StringUtilsTest.DefaultIfEmpty_WitEmptyString_ShouldReturnDefault" />
    </UnitTest>
    <UnitTest name="Nzr.ToolBox.Core.Tests.CollectionUtilsTests.Contains_WithNonExistingItem_ShouldReturnFalse" storage="d:\mario.santos\workspaces\personal\nzr.toolbox\dotnet\nzr.toolbox.core.tests\bin\debug\netcoreapp2.2\nzr.toolbox.core.tests.dll" id="4efab8f9-2009-4299-fc70-4c6c544935fe">
      <Execution id="d8d9b8b3-d5a3-44f9-bb83-8fb14b627be8" />
      <TestMethod codeBase="D:\mario.santos\workspaces\personal\Nzr.ToolBox\dotnet\Nzr.ToolBox.Core.Tests\bin\Debug\netcoreapp2.2\Nzr.ToolBox.Core.Tests.dll" adapterTypeName="executor://xunit/VsTestRunner2/netcoreapp" className="Nzr.ToolBox.Core.Tests.CollectionUtilsTests" name="Nzr.ToolBox.Core.Tests.CollectionUtilsTests.Contains_WithNonExistingItem_ShouldReturnFalse" />
    </UnitTest>
    <UnitTest name="Nzr.ToolBox.Core.Tests.StringUtilsTest.Capitalize_WithNonCapitalized_ShouldReturnCapitalized" storage="d:\mario.santos\workspaces\personal\nzr.toolbox\dotnet\nzr.toolbox.core.tests\bin\debug\netcoreapp2.2\nzr.toolbox.core.tests.dll" id="dd50d1ab-aaa8-9c9d-a472-909eef6612ee">
      <Execution id="16ecf7dd-056b-4043-94c4-2502928a7c04" />
      <TestMethod codeBase="D:\mario.santos\workspaces\personal\Nzr.ToolBox\dotnet\Nzr.ToolBox.Core.Tests\bin\Debug\netcoreapp2.2\Nzr.ToolBox.Core.Tests.dll" adapterTypeName="executor://xunit/VsTestRunner2/netcoreapp" className="Nzr.ToolBox.Core.Tests.StringUtilsTest" name="Nzr.ToolBox.Core.Tests.StringUtilsTest.Capitalize_WithNonCapitalized_ShouldReturnCapitalized" />
    </UnitTest>
    <UnitTest name="Nzr.ToolBox.Core.Tests.StringUtilsTest.IsAllBlank_WithOneEmpty_ShouldReturnTrue" storage="d:\mario.santos\workspaces\personal\nzr.toolbox\dotnet\nzr.toolbox.core.tests\bin\debug\netcoreapp2.2\nzr.toolbox.core.tests.dll" id="df159263-51bd-d891-b020-758bba5e657f">
      <Execution id="db1e828b-49e6-4e7c-b7d9-b207aac6dd27" />
      <TestMethod codeBase="D:\mario.santos\workspaces\personal\Nzr.ToolBox\dotnet\Nzr.ToolBox.Core.Tests\bin\Debug\netcoreapp2.2\Nzr.ToolBox.Core.Tests.dll" adapterTypeName="executor://xunit/VsTestRunner2/netcoreapp" className="Nzr.ToolBox.Core.Tests.StringUtilsTest" name="Nzr.ToolBox.Core.Tests.StringUtilsTest.IsAllBlank_WithOneEmpty_ShouldReturnTrue" />
    </UnitTest>
    <UnitTest name="Nzr.ToolBox.Core.Tests.StringUtilsTest.GetFirstNonEmpty_WithOnlyEmptyString_ShouldReturnNull" storage="d:\mario.santos\workspaces\personal\nzr.toolbox\dotnet\nzr.toolbox.core.tests\bin\debug\netcoreapp2.2\nzr.toolbox.core.tests.dll" id="6fbbc600-2200-4b3a-d83e-2d0b6029d73a">
      <Execution id="73265f33-0581-44a5-839b-7d2a97096ebb" />
      <TestMethod codeBase="D:\mario.santos\workspaces\personal\Nzr.ToolBox\dotnet\Nzr.ToolBox.Core.Tests\bin\Debug\netcoreapp2.2\Nzr.ToolBox.Core.Tests.dll" adapterTypeName="executor://xunit/VsTestRunner2/netcoreapp" className="Nzr.ToolBox.Core.Tests.StringUtilsTest" name="Nzr.ToolBox.Core.Tests.StringUtilsTest.GetFirstNonEmpty_WithOnlyEmptyString_ShouldReturnNull" />
    </UnitTest>
    <UnitTest name="Nzr.ToolBox.Core.Tests.StringUtilsTest.IsNotNumber_WithNumeric_ShouldReturnFalse" storage="d:\mario.santos\workspaces\personal\nzr.toolbox\dotnet\nzr.toolbox.core.tests\bin\debug\netcoreapp2.2\nzr.toolbox.core.tests.dll" id="11a672c1-3304-329d-6cef-40a099ed2b03">
      <Execution id="cad69eff-994d-4e0d-a07e-3b3527babe73" />
      <TestMethod codeBase="D:\mario.santos\workspaces\personal\Nzr.ToolBox\dotnet\Nzr.ToolBox.Core.Tests\bin\Debug\netcoreapp2.2\Nzr.ToolBox.Core.Tests.dll" adapterTypeName="executor://xunit/VsTestRunner2/netcoreapp" className="Nzr.ToolBox.Core.Tests.StringUtilsTest" name="Nzr.ToolBox.Core.Tests.StringUtilsTest.IsNotNumber_WithNumeric_ShouldReturnFalse" />
    </UnitTest>
    <UnitTest name="Nzr.ToolBox.Core.Tests.BooleanUtilsTests.ToBool_WithPositiveString_ShouldReturnTrue(value: &quot;1&quot;)" storage="d:\mario.santos\workspaces\personal\nzr.toolbox\dotnet\nzr.toolbox.core.tests\bin\debug\netcoreapp2.2\nzr.toolbox.core.tests.dll" id="db3b74da-9390-9353-7e36-7ce7be8597b2">
      <Execution id="4b6a3f83-d598-43b3-940e-662ac9d9e07c" />
      <TestMethod codeBase="D:\mario.santos\workspaces\personal\Nzr.ToolBox\dotnet\Nzr.ToolBox.Core.Tests\bin\Debug\netcoreapp2.2\Nzr.ToolBox.Core.Tests.dll" adapterTypeName="executor://xunit/VsTestRunner2/netcoreapp" className="Nzr.ToolBox.Core.Tests.BooleanUtilsTests" name="Nzr.ToolBox.Core.Tests.BooleanUtilsTests.ToBool_WithPositiveString_ShouldReturnTrue(value: &quot;1&quot;)" />
    </UnitTest>
    <UnitTest name="Nzr.ToolBox.Core.Tests.BooleanUtilsTests.IsAllFalse_WithAllFalseValues_ShouldReturnTrue" storage="d:\mario.santos\workspaces\personal\nzr.toolbox\dotnet\nzr.toolbox.core.tests\bin\debug\netcoreapp2.2\nzr.toolbox.core.tests.dll" id="0ff73cd5-37ec-83b6-cca6-080e829305d1">
      <Execution id="d1816240-d83e-4406-a64f-6f353bb7e091" />
      <TestMethod codeBase="D:\mario.santos\workspaces\personal\Nzr.ToolBox\dotnet\Nzr.ToolBox.Core.Tests\bin\Debug\netcoreapp2.2\Nzr.ToolBox.Core.Tests.dll" adapterTypeName="executor://xunit/VsTestRunner2/netcoreapp" className="Nzr.ToolBox.Core.Tests.BooleanUtilsTests" name="Nzr.ToolBox.Core.Tests.BooleanUtilsTests.IsAllFalse_WithAllFalseValues_ShouldReturnTrue" />
    </UnitTest>
    <UnitTest name="Nzr.ToolBox.Core.Tests.StringUtilsTest.Truncate_WithNull_ShouldReturnNull" storage="d:\mario.santos\workspaces\personal\nzr.toolbox\dotnet\nzr.toolbox.core.tests\bin\debug\netcoreapp2.2\nzr.toolbox.core.tests.dll" id="045fcd17-dfed-1627-66be-e391ac5023f4">
      <Execution id="9f3f7f6e-c424-4135-8909-c90b99ac09d3" />
      <TestMethod codeBase="D:\mario.santos\workspaces\personal\Nzr.ToolBox\dotnet\Nzr.ToolBox.Core.Tests\bin\Debug\netcoreapp2.2\Nzr.ToolBox.Core.Tests.dll" adapterTypeName="executor://xunit/VsTestRunner2/netcoreapp" className="Nzr.ToolBox.Core.Tests.StringUtilsTest" name="Nzr.ToolBox.Core.Tests.StringUtilsTest.Truncate_WithNull_ShouldReturnNull" />
    </UnitTest>
    <UnitTest name="Nzr.ToolBox.Core.Tests.CollectionUtilsTests.EmptyIfNull_WithNullEnumerable_ShouldNewEnumerable" storage="d:\mario.santos\workspaces\personal\nzr.toolbox\dotnet\nzr.toolbox.core.tests\bin\debug\netcoreapp2.2\nzr.toolbox.core.tests.dll" id="86f11f10-11c9-c8c1-f01b-fcc3e3965aaf">
      <Execution id="96e1bcc7-04c7-4254-8d7e-f6599db5c3cc" />
      <TestMethod codeBase="D:\mario.santos\workspaces\personal\Nzr.ToolBox\dotnet\Nzr.ToolBox.Core.Tests\bin\Debug\netcoreapp2.2\Nzr.ToolBox.Core.Tests.dll" adapterTypeName="executor://xunit/VsTestRunner2/netcoreapp" className="Nzr.ToolBox.Core.Tests.CollectionUtilsTests" name="Nzr.ToolBox.Core.Tests.CollectionUtilsTests.EmptyIfNull_WithNullEnumerable_ShouldNewEnumerable" />
    </UnitTest>
    <UnitTest name="Nzr.ToolBox.Core.Tests.ObjectUtilsTest.FirstNonNull_WithAnyNonNull_ShouldReturnFirstNonNull" storage="d:\mario.santos\workspaces\personal\nzr.toolbox\dotnet\nzr.toolbox.core.tests\bin\debug\netcoreapp2.2\nzr.toolbox.core.tests.dll" id="ef3db43b-1e0a-f198-9720-31d80f533fc8">
      <Execution id="5b22808f-6214-488d-b3a0-235b1a8cbeea" />
      <TestMethod codeBase="D:\mario.santos\workspaces\personal\Nzr.ToolBox\dotnet\Nzr.ToolBox.Core.Tests\bin\Debug\netcoreapp2.2\Nzr.ToolBox.Core.Tests.dll" adapterTypeName="executor://xunit/VsTestRunner2/netcoreapp" className="Nzr.ToolBox.Core.Tests.ObjectUtilsTest" name="Nzr.ToolBox.Core.Tests.ObjectUtilsTest.FirstNonNull_WithAnyNonNull_ShouldReturnFirstNonNull" />
    </UnitTest>
    <UnitTest name="Nzr.ToolBox.Core.Tests.ObjectUtilsTest.IsAllNonNull_WithOneNull_ShouldReturnFalse" storage="d:\mario.santos\workspaces\personal\nzr.toolbox\dotnet\nzr.toolbox.core.tests\bin\debug\netcoreapp2.2\nzr.toolbox.core.tests.dll" id="31b0f7a4-7814-de1a-ba42-99fccbedaf77">
      <Execution id="2bb7c86e-fc1e-43b6-ad74-17401e03fdaa" />
      <TestMethod codeBase="D:\mario.santos\workspaces\personal\Nzr.ToolBox\dotnet\Nzr.ToolBox.Core.Tests\bin\Debug\netcoreapp2.2\Nzr.ToolBox.Core.Tests.dll" adapterTypeName="executor://xunit/VsTestRunner2/netcoreapp" className="Nzr.ToolBox.Core.Tests.ObjectUtilsTest" name="Nzr.ToolBox.Core.Tests.ObjectUtilsTest.IsAllNonNull_WithOneNull_ShouldReturnFalse" />
    </UnitTest>
    <UnitTest name="Nzr.ToolBox.Core.Tests.BooleanUtilsTests.ToBool_WithNonPositiveString_ShouldReturnFalse(value: &quot;No&quot;)" storage="d:\mario.santos\workspaces\personal\nzr.toolbox\dotnet\nzr.toolbox.core.tests\bin\debug\netcoreapp2.2\nzr.toolbox.core.tests.dll" id="54aad836-ba4f-5dbf-bad2-7c309c3d8a21">
      <Execution id="4e04b787-af82-47af-9008-a276b9a53f4f" />
      <TestMethod codeBase="D:\mario.santos\workspaces\personal\Nzr.ToolBox\dotnet\Nzr.ToolBox.Core.Tests\bin\Debug\netcoreapp2.2\Nzr.ToolBox.Core.Tests.dll" adapterTypeName="executor://xunit/VsTestRunner2/netcoreapp" className="Nzr.ToolBox.Core.Tests.BooleanUtilsTests" name="Nzr.ToolBox.Core.Tests.BooleanUtilsTests.ToBool_WithNonPositiveString_ShouldReturnFalse(value: &quot;No&quot;)" />
    </UnitTest>
    <UnitTest name="Nzr.ToolBox.Core.Tests.BooleanUtilsTests.Describe_WihFalseValueAndWithDefaultFlaseString_ShouldReturnYes" storage="d:\mario.santos\workspaces\personal\nzr.toolbox\dotnet\nzr.toolbox.core.tests\bin\debug\netcoreapp2.2\nzr.toolbox.core.tests.dll" id="ddf79c4c-8da7-56b7-7410-d2ba78b09801">
      <Execution id="02127c70-61a8-4a8f-8595-1b33ccc4e372" />
      <TestMethod codeBase="D:\mario.santos\workspaces\personal\Nzr.ToolBox\dotnet\Nzr.ToolBox.Core.Tests\bin\Debug\netcoreapp2.2\Nzr.ToolBox.Core.Tests.dll" adapterTypeName="executor://xunit/VsTestRunner2/netcoreapp" className="Nzr.ToolBox.Core.Tests.BooleanUtilsTests" name="Nzr.ToolBox.Core.Tests.BooleanUtilsTests.Describe_WihFalseValueAndWithDefaultFlaseString_ShouldReturnYes" />
    </UnitTest>
    <UnitTest name="Nzr.ToolBox.Core.Tests.RandomUtilsTest.RandomString_WithDefaultOptions_ShouldReturnString" storage="d:\mario.santos\workspaces\personal\nzr.toolbox\dotnet\nzr.toolbox.core.tests\bin\debug\netcoreapp2.2\nzr.toolbox.core.tests.dll" id="f92e77b4-ee0e-9f1a-2342-b94f560f0dac">
      <Execution id="086f2477-9e94-4908-a89e-ce38a07f59ff" />
      <TestMethod codeBase="D:\mario.santos\workspaces\personal\Nzr.ToolBox\dotnet\Nzr.ToolBox.Core.Tests\bin\Debug\netcoreapp2.2\Nzr.ToolBox.Core.Tests.dll" adapterTypeName="executor://xunit/VsTestRunner2/netcoreapp" className="Nzr.ToolBox.Core.Tests.RandomUtilsTest" name="Nzr.ToolBox.Core.Tests.RandomUtilsTest.RandomString_WithDefaultOptions_ShouldReturnString" />
    </UnitTest>
    <UnitTest name="Nzr.ToolBox.Core.Tests.StringUtilsTest.Suffix_WithNullString_ShouldReturnSuffix" storage="d:\mario.santos\workspaces\personal\nzr.toolbox\dotnet\nzr.toolbox.core.tests\bin\debug\netcoreapp2.2\nzr.toolbox.core.tests.dll" id="79e2a514-0ea2-3daf-f0aa-1fc63dbc9aa2">
      <Execution id="37cd98ce-956f-46a5-90cd-ad8f8ad758c6" />
      <TestMethod codeBase="D:\mario.santos\workspaces\personal\Nzr.ToolBox\dotnet\Nzr.ToolBox.Core.Tests\bin\Debug\netcoreapp2.2\Nzr.ToolBox.Core.Tests.dll" adapterTypeName="executor://xunit/VsTestRunner2/netcoreapp" className="Nzr.ToolBox.Core.Tests.StringUtilsTest" name="Nzr.ToolBox.Core.Tests.StringUtilsTest.Suffix_WithNullString_ShouldReturnSuffix" />
    </UnitTest>
    <UnitTest name="Nzr.ToolBox.Core.Tests.ReflectionUtilsTest.GetValue_WithPropertyPath_ShouldReturnNestedValues" storage="d:\mario.santos\workspaces\personal\nzr.toolbox\dotnet\nzr.toolbox.core.tests\bin\debug\netcoreapp2.2\nzr.toolbox.core.tests.dll" id="bf218aab-52af-cc9e-72e7-0a8ba644e891">
      <Execution id="773dc91d-f8bb-424c-871c-80a9d9f0a436" />
      <TestMethod codeBase="D:\mario.santos\workspaces\personal\Nzr.ToolBox\dotnet\Nzr.ToolBox.Core.Tests\bin\Debug\netcoreapp2.2\Nzr.ToolBox.Core.Tests.dll" adapterTypeName="executor://xunit/VsTestRunner2/netcoreapp" className="Nzr.ToolBox.Core.Tests.ReflectionUtilsTest" name="Nzr.ToolBox.Core.Tests.ReflectionUtilsTest.GetValue_WithPropertyPath_ShouldReturnNestedValues" />
    </UnitTest>
    <UnitTest name="Nzr.ToolBox.Core.Tests.BooleanUtilsTests.ToBool_WithNonPositiveString_ShouldReturnFalse(value: &quot;0&quot;)" storage="d:\mario.santos\workspaces\personal\nzr.toolbox\dotnet\nzr.toolbox.core.tests\bin\debug\netcoreapp2.2\nzr.toolbox.core.tests.dll" id="67ba80d0-ee46-5ac8-0538-37c6daf3607e">
      <Execution id="72dcc2d6-82ef-48e7-aabe-b21bf4ef2403" />
      <TestMethod codeBase="D:\mario.santos\workspaces\personal\Nzr.ToolBox\dotnet\Nzr.ToolBox.Core.Tests\bin\Debug\netcoreapp2.2\Nzr.ToolBox.Core.Tests.dll" adapterTypeName="executor://xunit/VsTestRunner2/netcoreapp" className="Nzr.ToolBox.Core.Tests.BooleanUtilsTests" name="Nzr.ToolBox.Core.Tests.BooleanUtilsTests.ToBool_WithNonPositiveString_ShouldReturnFalse(value: &quot;0&quot;)" />
    </UnitTest>
    <UnitTest name="Nzr.ToolBox.Core.Tests.BooleanUtilsTests.IsAllTrue_WithAllTrueValues_ShouldReturnTrue" storage="d:\mario.santos\workspaces\personal\nzr.toolbox\dotnet\nzr.toolbox.core.tests\bin\debug\netcoreapp2.2\nzr.toolbox.core.tests.dll" id="7b7495d8-e0d9-d205-be09-e167ea98fa50">
      <Execution id="32474352-1233-48dd-a494-855b53154f26" />
      <TestMethod codeBase="D:\mario.santos\workspaces\personal\Nzr.ToolBox\dotnet\Nzr.ToolBox.Core.Tests\bin\Debug\netcoreapp2.2\Nzr.ToolBox.Core.Tests.dll" adapterTypeName="executor://xunit/VsTestRunner2/netcoreapp" className="Nzr.ToolBox.Core.Tests.BooleanUtilsTests" name="Nzr.ToolBox.Core.Tests.BooleanUtilsTests.IsAllTrue_WithAllTrueValues_ShouldReturnTrue" />
    </UnitTest>
    <UnitTest name="Nzr.ToolBox.Core.Tests.RandomUtilsTest.RandomInt_ShouldReturnUniqueValues(iterations: 10000, seed: 1)" storage="d:\mario.santos\workspaces\personal\nzr.toolbox\dotnet\nzr.toolbox.core.tests\bin\debug\netcoreapp2.2\nzr.toolbox.core.tests.dll" id="55323239-0a74-748e-14c5-c6ce0fbffcf4">
      <Execution id="357f0c75-3e19-4abc-90b0-d15b280e63e6" />
      <TestMethod codeBase="D:\mario.santos\workspaces\personal\Nzr.ToolBox\dotnet\Nzr.ToolBox.Core.Tests\bin\Debug\netcoreapp2.2\Nzr.ToolBox.Core.Tests.dll" adapterTypeName="executor://xunit/VsTestRunner2/netcoreapp" className="Nzr.ToolBox.Core.Tests.RandomUtilsTest" name="Nzr.ToolBox.Core.Tests.RandomUtilsTest.RandomInt_ShouldReturnUniqueValues(iterations: 10000, seed: 1)" />
    </UnitTest>
    <UnitTest name="Nzr.ToolBox.Core.Tests.StringUtilsTest.Suffix_WithExistingSuffix_ShouldNotAddSuffix" storage="d:\mario.santos\workspaces\personal\nzr.toolbox\dotnet\nzr.toolbox.core.tests\bin\debug\netcoreapp2.2\nzr.toolbox.core.tests.dll" id="50b7ff87-3945-9d72-59f5-8be54b69e4af">
      <Execution id="c57d1e92-a9e5-4485-bed1-3187da0a2ab1" />
      <TestMethod codeBase="D:\mario.santos\workspaces\personal\Nzr.ToolBox\dotnet\Nzr.ToolBox.Core.Tests\bin\Debug\netcoreapp2.2\Nzr.ToolBox.Core.Tests.dll" adapterTypeName="executor://xunit/VsTestRunner2/netcoreapp" className="Nzr.ToolBox.Core.Tests.StringUtilsTest" name="Nzr.ToolBox.Core.Tests.StringUtilsTest.Suffix_WithExistingSuffix_ShouldNotAddSuffix" />
    </UnitTest>
    <UnitTest name="Nzr.ToolBox.Core.Tests.CollectionUtilsTests.GetKey_WithNullInput_ShouldReturnNull" storage="d:\mario.santos\workspaces\personal\nzr.toolbox\dotnet\nzr.toolbox.core.tests\bin\debug\netcoreapp2.2\nzr.toolbox.core.tests.dll" id="ef1cb9b1-5ade-bdda-d597-f65de556664c">
      <Execution id="a55d7344-55c3-4758-b65e-04ed13456d43" />
      <TestMethod codeBase="D:\mario.santos\workspaces\personal\Nzr.ToolBox\dotnet\Nzr.ToolBox.Core.Tests\bin\Debug\netcoreapp2.2\Nzr.ToolBox.Core.Tests.dll" adapterTypeName="executor://xunit/VsTestRunner2/netcoreapp" className="Nzr.ToolBox.Core.Tests.CollectionUtilsTests" name="Nzr.ToolBox.Core.Tests.CollectionUtilsTests.GetKey_WithNullInput_ShouldReturnNull" />
    </UnitTest>
    <UnitTest name="Nzr.ToolBox.Core.Tests.CollectionUtilsTests.ForEach_WithNullList_ShouldNotExecuteAction" storage="d:\mario.santos\workspaces\personal\nzr.toolbox\dotnet\nzr.toolbox.core.tests\bin\debug\netcoreapp2.2\nzr.toolbox.core.tests.dll" id="472f486e-769d-9d63-2be1-4ee1c9a10ec8">
      <Execution id="16351f8d-5b98-4183-84c7-01483643728c" />
      <TestMethod codeBase="D:\mario.santos\workspaces\personal\Nzr.ToolBox\dotnet\Nzr.ToolBox.Core.Tests\bin\Debug\netcoreapp2.2\Nzr.ToolBox.Core.Tests.dll" adapterTypeName="executor://xunit/VsTestRunner2/netcoreapp" className="Nzr.ToolBox.Core.Tests.CollectionUtilsTests" name="Nzr.ToolBox.Core.Tests.CollectionUtilsTests.ForEach_WithNullList_ShouldNotExecuteAction" />
    </UnitTest>
    <UnitTest name="Nzr.ToolBox.Core.Tests.BooleanUtilsTests.ToBool_WithPositiveString_ShouldReturnTrue(value: &quot;Oui&quot;)" storage="d:\mario.santos\workspaces\personal\nzr.toolbox\dotnet\nzr.toolbox.core.tests\bin\debug\netcoreapp2.2\nzr.toolbox.core.tests.dll" id="19186bcb-3af3-b5ce-1c9e-381f7e643b61">
      <Execution id="4f521cda-27f0-4fff-bff0-3ceb1369b26e" />
      <TestMethod codeBase="D:\mario.santos\workspaces\personal\Nzr.ToolBox\dotnet\Nzr.ToolBox.Core.Tests\bin\Debug\netcoreapp2.2\Nzr.ToolBox.Core.Tests.dll" adapterTypeName="executor://xunit/VsTestRunner2/netcoreapp" className="Nzr.ToolBox.Core.Tests.BooleanUtilsTests" name="Nzr.ToolBox.Core.Tests.BooleanUtilsTests.ToBool_WithPositiveString_ShouldReturnTrue(value: &quot;Oui&quot;)" />
    </UnitTest>
    <UnitTest name="Nzr.ToolBox.Core.Tests.StringUtilsTest.RemoveStart_WithExistingStringsUsingOrdinalCase_ShouldNotRemoveStarts" storage="d:\mario.santos\workspaces\personal\nzr.toolbox\dotnet\nzr.toolbox.core.tests\bin\debug\netcoreapp2.2\nzr.toolbox.core.tests.dll" id="1dfcddc7-2376-1f70-3151-1b7cb4b3c7c1">
      <Execution id="db8c2f2c-8462-4af8-a996-0e0737f80116" />
      <TestMethod codeBase="D:\mario.santos\workspaces\personal\Nzr.ToolBox\dotnet\Nzr.ToolBox.Core.Tests\bin\Debug\netcoreapp2.2\Nzr.ToolBox.Core.Tests.dll" adapterTypeName="executor://xunit/VsTestRunner2/netcoreapp" className="Nzr.ToolBox.Core.Tests.StringUtilsTest" name="Nzr.ToolBox.Core.Tests.StringUtilsTest.RemoveStart_WithExistingStringsUsingOrdinalCase_ShouldNotRemoveStarts" />
    </UnitTest>
    <UnitTest name="Nzr.ToolBox.Core.Tests.ObjectUtilsTest.ToDynamic_WithEntity_ShouldReturnDynamic" storage="d:\mario.santos\workspaces\personal\nzr.toolbox\dotnet\nzr.toolbox.core.tests\bin\debug\netcoreapp2.2\nzr.toolbox.core.tests.dll" id="2c201a1d-9f85-d5be-eef4-f589b3eee5e9">
      <Execution id="af5c4f05-7111-4a21-8196-5067d40f4a48" />
      <TestMethod codeBase="D:\mario.santos\workspaces\personal\Nzr.ToolBox\dotnet\Nzr.ToolBox.Core.Tests\bin\Debug\netcoreapp2.2\Nzr.ToolBox.Core.Tests.dll" adapterTypeName="executor://xunit/VsTestRunner2/netcoreapp" className="Nzr.ToolBox.Core.Tests.ObjectUtilsTest" name="Nzr.ToolBox.Core.Tests.ObjectUtilsTest.ToDynamic_WithEntity_ShouldReturnDynamic" />
    </UnitTest>
    <UnitTest name="Nzr.ToolBox.Core.Tests.DateTimeUtilsTest.Subtract_WithOneHour_ShouldReturnPastHour" storage="d:\mario.santos\workspaces\personal\nzr.toolbox\dotnet\nzr.toolbox.core.tests\bin\debug\netcoreapp2.2\nzr.toolbox.core.tests.dll" id="3c7cd3f1-8b9d-e2f0-1112-e56b3c9265c5">
      <Execution id="4490144f-eaf4-4b88-9b47-618b6ced6641" />
      <TestMethod codeBase="D:\mario.santos\workspaces\personal\Nzr.ToolBox\dotnet\Nzr.ToolBox.Core.Tests\bin\Debug\netcoreapp2.2\Nzr.ToolBox.Core.Tests.dll" adapterTypeName="executor://xunit/VsTestRunner2/netcoreapp" className="Nzr.ToolBox.Core.Tests.DateTimeUtilsTest" name="Nzr.ToolBox.Core.Tests.DateTimeUtilsTest.Subtract_WithOneHour_ShouldReturnPastHour" />
    </UnitTest>
    <UnitTest name="Nzr.ToolBox.Core.Tests.BooleanUtilsTests.Describe_WihNullValueAndWitCustomNullString_ShouldReturnCustomString" storage="d:\mario.santos\workspaces\personal\nzr.toolbox\dotnet\nzr.toolbox.core.tests\bin\debug\netcoreapp2.2\nzr.toolbox.core.tests.dll" id="742450a8-e573-0feb-532b-212dbe3a2108">
      <Execution id="5929ab59-f3fc-40bf-b720-abad9542f4d2" />
      <TestMethod codeBase="D:\mario.santos\workspaces\personal\Nzr.ToolBox\dotnet\Nzr.ToolBox.Core.Tests\bin\Debug\netcoreapp2.2\Nzr.ToolBox.Core.Tests.dll" adapterTypeName="executor://xunit/VsTestRunner2/netcoreapp" className="Nzr.ToolBox.Core.Tests.BooleanUtilsTests" name="Nzr.ToolBox.Core.Tests.BooleanUtilsTests.Describe_WihNullValueAndWitCustomNullString_ShouldReturnCustomString" />
    </UnitTest>
    <UnitTest name="Nzr.ToolBox.Core.Tests.BooleanUtilsTests.ToBool_WithNonPositiveString_ShouldReturnFalse(value: &quot;N&quot;)" storage="d:\mario.santos\workspaces\personal\nzr.toolbox\dotnet\nzr.toolbox.core.tests\bin\debug\netcoreapp2.2\nzr.toolbox.core.tests.dll" id="74f87d91-26ae-d1ee-e1f8-2525d41bbd83">
      <Execution id="c2821a82-a500-4d66-97b6-3ce779ec17c2" />
      <TestMethod codeBase="D:\mario.santos\workspaces\personal\Nzr.ToolBox\dotnet\Nzr.ToolBox.Core.Tests\bin\Debug\netcoreapp2.2\Nzr.ToolBox.Core.Tests.dll" adapterTypeName="executor://xunit/VsTestRunner2/netcoreapp" className="Nzr.ToolBox.Core.Tests.BooleanUtilsTests" name="Nzr.ToolBox.Core.Tests.BooleanUtilsTests.ToBool_WithNonPositiveString_ShouldReturnFalse(value: &quot;N&quot;)" />
    </UnitTest>
    <UnitTest name="Nzr.ToolBox.Core.Tests.StringUtilsTest.ContainsAll_WithNullStringNotContainigAllSubstrings_ShouldReturnFalse" storage="d:\mario.santos\workspaces\personal\nzr.toolbox\dotnet\nzr.toolbox.core.tests\bin\debug\netcoreapp2.2\nzr.toolbox.core.tests.dll" id="87b56d62-9af1-eead-6483-716ab3bb23e0">
      <Execution id="01cf4420-a63d-4b16-940a-d4b5588445df" />
      <TestMethod codeBase="D:\mario.santos\workspaces\personal\Nzr.ToolBox\dotnet\Nzr.ToolBox.Core.Tests\bin\Debug\netcoreapp2.2\Nzr.ToolBox.Core.Tests.dll" adapterTypeName="executor://xunit/VsTestRunner2/netcoreapp" className="Nzr.ToolBox.Core.Tests.StringUtilsTest" name="Nzr.ToolBox.Core.Tests.StringUtilsTest.ContainsAll_WithNullStringNotContainigAllSubstrings_ShouldReturnFalse" />
    </UnitTest>
    <UnitTest name="Nzr.ToolBox.Core.Tests.BooleanUtilsTests.Describe_WihTrueValueAndWitCustomYesString_ShouldReturnCustomString" storage="d:\mario.santos\workspaces\personal\nzr.toolbox\dotnet\nzr.toolbox.core.tests\bin\debug\netcoreapp2.2\nzr.toolbox.core.tests.dll" id="c27f5798-ba92-8771-15a7-731f0a36872c">
      <Execution id="c9ca4437-e4ec-4be4-953b-ac12c3aa6896" />
      <TestMethod codeBase="D:\mario.santos\workspaces\personal\Nzr.ToolBox\dotnet\Nzr.ToolBox.Core.Tests\bin\Debug\netcoreapp2.2\Nzr.ToolBox.Core.Tests.dll" adapterTypeName="executor://xunit/VsTestRunner2/netcoreapp" className="Nzr.ToolBox.Core.Tests.BooleanUtilsTests" name="Nzr.ToolBox.Core.Tests.BooleanUtilsTests.Describe_WihTrueValueAndWitCustomYesString_ShouldReturnCustomString" />
    </UnitTest>
    <UnitTest name="Nzr.ToolBox.Core.Tests.NumberUtilsTest.Min_ShouldReturnMinValues" storage="d:\mario.santos\workspaces\personal\nzr.toolbox\dotnet\nzr.toolbox.core.tests\bin\debug\netcoreapp2.2\nzr.toolbox.core.tests.dll" id="abaeb843-e95d-5629-dacd-9477aefd8dd6">
      <Execution id="99035d95-a151-410f-b229-09cf97c8cbf5" />
      <TestMethod codeBase="D:\mario.santos\workspaces\personal\Nzr.ToolBox\dotnet\Nzr.ToolBox.Core.Tests\bin\Debug\netcoreapp2.2\Nzr.ToolBox.Core.Tests.dll" adapterTypeName="executor://xunit/VsTestRunner2/netcoreapp" className="Nzr.ToolBox.Core.Tests.NumberUtilsTest" name="Nzr.ToolBox.Core.Tests.NumberUtilsTest.Min_ShouldReturnMinValues" />
    </UnitTest>
    <UnitTest name="Nzr.ToolBox.Core.Tests.CollectionUtilsTests.ContainsAny_WithNullRefGenericEnumerable_ShouldReturnFalse" storage="d:\mario.santos\workspaces\personal\nzr.toolbox\dotnet\nzr.toolbox.core.tests\bin\debug\netcoreapp2.2\nzr.toolbox.core.tests.dll" id="847d8ff3-d803-cf60-f02c-496786a7423f">
      <Execution id="784fbdce-b058-40d3-829e-039e1b49b190" />
      <TestMethod codeBase="D:\mario.santos\workspaces\personal\Nzr.ToolBox\dotnet\Nzr.ToolBox.Core.Tests\bin\Debug\netcoreapp2.2\Nzr.ToolBox.Core.Tests.dll" adapterTypeName="executor://xunit/VsTestRunner2/netcoreapp" className="Nzr.ToolBox.Core.Tests.CollectionUtilsTests" name="Nzr.ToolBox.Core.Tests.CollectionUtilsTests.ContainsAny_WithNullRefGenericEnumerable_ShouldReturnFalse" />
    </UnitTest>
    <UnitTest name="Nzr.ToolBox.Core.Tests.StringUtilsTest.Replace_WithNonNullString_ShouldReplaceOldValueWithNewOne" storage="d:\mario.santos\workspaces\personal\nzr.toolbox\dotnet\nzr.toolbox.core.tests\bin\debug\netcoreapp2.2\nzr.toolbox.core.tests.dll" id="512ec98d-2185-5ebc-b040-4a9df6c7ed1a">
      <Execution id="eb98c4e2-5805-4c2c-bf24-aec015de11ee" />
      <TestMethod codeBase="D:\mario.santos\workspaces\personal\Nzr.ToolBox\dotnet\Nzr.ToolBox.Core.Tests\bin\Debug\netcoreapp2.2\Nzr.ToolBox.Core.Tests.dll" adapterTypeName="executor://xunit/VsTestRunner2/netcoreapp" className="Nzr.ToolBox.Core.Tests.StringUtilsTest" name="Nzr.ToolBox.Core.Tests.StringUtilsTest.Replace_WithNonNullString_ShouldReplaceOldValueWithNewOne" />
    </UnitTest>
    <UnitTest name="Nzr.ToolBox.Core.Tests.CollectionUtilsTests.ForEach_WithNull_ShouldNotExecuteAction" storage="d:\mario.santos\workspaces\personal\nzr.toolbox\dotnet\nzr.toolbox.core.tests\bin\debug\netcoreapp2.2\nzr.toolbox.core.tests.dll" id="474289fd-78a2-44f4-466e-fab96cf061fe">
      <Execution id="2c731c59-4fe0-4c5c-8526-6f5f4b44d0dc" />
      <TestMethod codeBase="D:\mario.santos\workspaces\personal\Nzr.ToolBox\dotnet\Nzr.ToolBox.Core.Tests\bin\Debug\netcoreapp2.2\Nzr.ToolBox.Core.Tests.dll" adapterTypeName="executor://xunit/VsTestRunner2/netcoreapp" className="Nzr.ToolBox.Core.Tests.CollectionUtilsTests" name="Nzr.ToolBox.Core.Tests.CollectionUtilsTests.ForEach_WithNull_ShouldNotExecuteAction" />
    </UnitTest>
    <UnitTest name="Nzr.ToolBox.Core.Tests.StringUtilsTest.ContainsAll_WithStringContainigAllSubstrings_ShouldReturnTrue" storage="d:\mario.santos\workspaces\personal\nzr.toolbox\dotnet\nzr.toolbox.core.tests\bin\debug\netcoreapp2.2\nzr.toolbox.core.tests.dll" id="4d8283f4-8639-27d1-44ac-751f4d8f3078">
      <Execution id="eb61c0ea-aa73-4625-afa8-94abc96eb4b1" />
      <TestMethod codeBase="D:\mario.santos\workspaces\personal\Nzr.ToolBox\dotnet\Nzr.ToolBox.Core.Tests\bin\Debug\netcoreapp2.2\Nzr.ToolBox.Core.Tests.dll" adapterTypeName="executor://xunit/VsTestRunner2/netcoreapp" className="Nzr.ToolBox.Core.Tests.StringUtilsTest" name="Nzr.ToolBox.Core.Tests.StringUtilsTest.ContainsAll_WithStringContainigAllSubstrings_ShouldReturnTrue" />
    </UnitTest>
    <UnitTest name="Nzr.ToolBox.Core.Tests.StringUtilsTest.IsEmpty_WithNullString_ShouldReturnTrue" storage="d:\mario.santos\workspaces\personal\nzr.toolbox\dotnet\nzr.toolbox.core.tests\bin\debug\netcoreapp2.2\nzr.toolbox.core.tests.dll" id="b34056e1-a0f1-b9c6-4cf9-a385bfe323c6">
      <Execution id="72ca9175-cb03-4c71-a750-4799992a8d77" />
      <TestMethod codeBase="D:\mario.santos\workspaces\personal\Nzr.ToolBox\dotnet\Nzr.ToolBox.Core.Tests\bin\Debug\netcoreapp2.2\Nzr.ToolBox.Core.Tests.dll" adapterTypeName="executor://xunit/VsTestRunner2/netcoreapp" className="Nzr.ToolBox.Core.Tests.StringUtilsTest" name="Nzr.ToolBox.Core.Tests.StringUtilsTest.IsEmpty_WithNullString_ShouldReturnTrue" />
    </UnitTest>
    <UnitTest name="Nzr.ToolBox.Core.Tests.StringUtilsTest.Prefix_WithNonExistingPrefix_ShouldAddPrefix" storage="d:\mario.santos\workspaces\personal\nzr.toolbox\dotnet\nzr.toolbox.core.tests\bin\debug\netcoreapp2.2\nzr.toolbox.core.tests.dll" id="467648af-fb2a-b6b9-e76e-8f94779eb7f6">
      <Execution id="db462434-543f-4468-8d9c-c228867f8ea4" />
      <TestMethod codeBase="D:\mario.santos\workspaces\personal\Nzr.ToolBox\dotnet\Nzr.ToolBox.Core.Tests\bin\Debug\netcoreapp2.2\Nzr.ToolBox.Core.Tests.dll" adapterTypeName="executor://xunit/VsTestRunner2/netcoreapp" className="Nzr.ToolBox.Core.Tests.StringUtilsTest" name="Nzr.ToolBox.Core.Tests.StringUtilsTest.Prefix_WithNonExistingPrefix_ShouldAddPrefix" />
    </UnitTest>
    <UnitTest name="Nzr.ToolBox.Core.Tests.RandomUtilsTest.RandomString_WithNumbersOnly_ShouldReturnNumericString" storage="d:\mario.santos\workspaces\personal\nzr.toolbox\dotnet\nzr.toolbox.core.tests\bin\debug\netcoreapp2.2\nzr.toolbox.core.tests.dll" id="82b6aab1-e835-8e28-1aa8-e6764ddd6ce8">
      <Execution id="82b65803-2828-4289-a90e-9f5defeb9d40" />
      <TestMethod codeBase="D:\mario.santos\workspaces\personal\Nzr.ToolBox\dotnet\Nzr.ToolBox.Core.Tests\bin\Debug\netcoreapp2.2\Nzr.ToolBox.Core.Tests.dll" adapterTypeName="executor://xunit/VsTestRunner2/netcoreapp" className="Nzr.ToolBox.Core.Tests.RandomUtilsTest" name="Nzr.ToolBox.Core.Tests.RandomUtilsTest.RandomString_WithNumbersOnly_ShouldReturnNumericString" />
    </UnitTest>
    <UnitTest name="Nzr.ToolBox.Core.Tests.RandomUtilsTest.RandomString_WithoutAnyChar_ShouldThrowException" storage="d:\mario.santos\workspaces\personal\nzr.toolbox\dotnet\nzr.toolbox.core.tests\bin\debug\netcoreapp2.2\nzr.toolbox.core.tests.dll" id="1f8d595f-ee42-36d5-5d96-e0c86c183647">
      <Execution id="079603d6-d052-4a8a-9232-37543486cca7" />
      <TestMethod codeBase="D:\mario.santos\workspaces\personal\Nzr.ToolBox\dotnet\Nzr.ToolBox.Core.Tests\bin\Debug\netcoreapp2.2\Nzr.ToolBox.Core.Tests.dll" adapterTypeName="executor://xunit/VsTestRunner2/netcoreapp" className="Nzr.ToolBox.Core.Tests.RandomUtilsTest" name="Nzr.ToolBox.Core.Tests.RandomUtilsTest.RandomString_WithoutAnyChar_ShouldThrowException" />
    </UnitTest>
    <UnitTest name="Nzr.ToolBox.Core.Tests.BooleanUtilsTests.ToBool_WithPositiveString_ShouldReturnTrue(value: &quot;Yes&quot;)" storage="d:\mario.santos\workspaces\personal\nzr.toolbox\dotnet\nzr.toolbox.core.tests\bin\debug\netcoreapp2.2\nzr.toolbox.core.tests.dll" id="4d537f97-5a8f-3fc0-24c7-b07e074344e7">
      <Execution id="f2be3a72-bc84-4474-8058-f1507a68218a" />
      <TestMethod codeBase="D:\mario.santos\workspaces\personal\Nzr.ToolBox\dotnet\Nzr.ToolBox.Core.Tests\bin\Debug\netcoreapp2.2\Nzr.ToolBox.Core.Tests.dll" adapterTypeName="executor://xunit/VsTestRunner2/netcoreapp" className="Nzr.ToolBox.Core.Tests.BooleanUtilsTests" name="Nzr.ToolBox.Core.Tests.BooleanUtilsTests.ToBool_WithPositiveString_ShouldReturnTrue(value: &quot;Yes&quot;)" />
    </UnitTest>
    <UnitTest name="Nzr.ToolBox.Core.Tests.StringUtilsTest.ContainsAny_WithStringContainingOneOfSubstring_ShouldReturnTrue" storage="d:\mario.santos\workspaces\personal\nzr.toolbox\dotnet\nzr.toolbox.core.tests\bin\debug\netcoreapp2.2\nzr.toolbox.core.tests.dll" id="aa3a386d-4e0e-5a63-1b9c-2e9bdb13caac">
      <Execution id="5840df56-984c-4e44-bdcc-71da50dde764" />
      <TestMethod codeBase="D:\mario.santos\workspaces\personal\Nzr.ToolBox\dotnet\Nzr.ToolBox.Core.Tests\bin\Debug\netcoreapp2.2\Nzr.ToolBox.Core.Tests.dll" adapterTypeName="executor://xunit/VsTestRunner2/netcoreapp" className="Nzr.ToolBox.Core.Tests.StringUtilsTest" name="Nzr.ToolBox.Core.Tests.StringUtilsTest.ContainsAny_WithStringContainingOneOfSubstring_ShouldReturnTrue" />
    </UnitTest>
    <UnitTest name="Nzr.ToolBox.Core.Tests.CollectionUtilsTests.ForEach_WithEnumerable_ShouldExecuteFunction" storage="d:\mario.santos\workspaces\personal\nzr.toolbox\dotnet\nzr.toolbox.core.tests\bin\debug\netcoreapp2.2\nzr.toolbox.core.tests.dll" id="363f802a-8301-cdba-d629-1b88c66660e3">
      <Execution id="17123a65-66d8-44ea-9b6a-dcba005067eb" />
      <TestMethod codeBase="D:\mario.santos\workspaces\personal\Nzr.ToolBox\dotnet\Nzr.ToolBox.Core.Tests\bin\Debug\netcoreapp2.2\Nzr.ToolBox.Core.Tests.dll" adapterTypeName="executor://xunit/VsTestRunner2/netcoreapp" className="Nzr.ToolBox.Core.Tests.CollectionUtilsTests" name="Nzr.ToolBox.Core.Tests.CollectionUtilsTests.ForEach_WithEnumerable_ShouldExecuteFunction" />
    </UnitTest>
    <UnitTest name="Nzr.ToolBox.Core.Tests.StringUtilsTest.IsNotNumber_WithAlhphanumeric_ShouldReturnTrue" storage="d:\mario.santos\workspaces\personal\nzr.toolbox\dotnet\nzr.toolbox.core.tests\bin\debug\netcoreapp2.2\nzr.toolbox.core.tests.dll" id="4727a2e5-b0ef-54dd-d5b7-4bdc9cbfa65b">
      <Execution id="874d874a-bcba-435b-9d2a-7f9eae29716f" />
      <TestMethod codeBase="D:\mario.santos\workspaces\personal\Nzr.ToolBox\dotnet\Nzr.ToolBox.Core.Tests\bin\Debug\netcoreapp2.2\Nzr.ToolBox.Core.Tests.dll" adapterTypeName="executor://xunit/VsTestRunner2/netcoreapp" className="Nzr.ToolBox.Core.Tests.StringUtilsTest" name="Nzr.ToolBox.Core.Tests.StringUtilsTest.IsNotNumber_WithAlhphanumeric_ShouldReturnTrue" />
    </UnitTest>
    <UnitTest name="Nzr.ToolBox.Core.Tests.CollectionUtilsTests.ContainsAll_WithNullRefEnumerable_ShouldReturnTrue" storage="d:\mario.santos\workspaces\personal\nzr.toolbox\dotnet\nzr.toolbox.core.tests\bin\debug\netcoreapp2.2\nzr.toolbox.core.tests.dll" id="98b1c38a-5944-2142-0122-daf0761a7b67">
      <Execution id="a4cd90d5-38b5-47a6-951e-beb8890ec7a8" />
      <TestMethod codeBase="D:\mario.santos\workspaces\personal\Nzr.ToolBox\dotnet\Nzr.ToolBox.Core.Tests\bin\Debug\netcoreapp2.2\Nzr.ToolBox.Core.Tests.dll" adapterTypeName="executor://xunit/VsTestRunner2/netcoreapp" className="Nzr.ToolBox.Core.Tests.CollectionUtilsTests" name="Nzr.ToolBox.Core.Tests.CollectionUtilsTests.ContainsAll_WithNullRefEnumerable_ShouldReturnTrue" />
    </UnitTest>
    <UnitTest name="Nzr.ToolBox.Core.Tests.CollectionUtilsTests.Get_WithGenericEnumerableWithExistingIndex_ShouldReturnValue" storage="d:\mario.santos\workspaces\personal\nzr.toolbox\dotnet\nzr.toolbox.core.tests\bin\debug\netcoreapp2.2\nzr.toolbox.core.tests.dll" id="7bbc11f3-00e0-acc2-4df2-e8e0d97bb209">
      <Execution id="bb3c877c-9911-4260-8a53-35f07dfda8fa" />
      <TestMethod codeBase="D:\mario.santos\workspaces\personal\Nzr.ToolBox\dotnet\Nzr.ToolBox.Core.Tests\bin\Debug\netcoreapp2.2\Nzr.ToolBox.Core.Tests.dll" adapterTypeName="executor://xunit/VsTestRunner2/netcoreapp" className="Nzr.ToolBox.Core.Tests.CollectionUtilsTests" name="Nzr.ToolBox.Core.Tests.CollectionUtilsTests.Get_WithGenericEnumerableWithExistingIndex_ShouldReturnValue" />
    </UnitTest>
    <UnitTest name="Nzr.ToolBox.Core.Tests.StringUtilsTest.GetFirstNonBlank_WithNonBlankString_ShouldReturnNonBlankString" storage="d:\mario.santos\workspaces\personal\nzr.toolbox\dotnet\nzr.toolbox.core.tests\bin\debug\netcoreapp2.2\nzr.toolbox.core.tests.dll" id="85b4abf3-134f-3845-e5fb-2d701e34abae">
      <Execution id="ec3c94f8-dce6-4d98-b5b3-2f012bcf64c4" />
      <TestMethod codeBase="D:\mario.santos\workspaces\personal\Nzr.ToolBox\dotnet\Nzr.ToolBox.Core.Tests\bin\Debug\netcoreapp2.2\Nzr.ToolBox.Core.Tests.dll" adapterTypeName="executor://xunit/VsTestRunner2/netcoreapp" className="Nzr.ToolBox.Core.Tests.StringUtilsTest" name="Nzr.ToolBox.Core.Tests.StringUtilsTest.GetFirstNonBlank_WithNonBlankString_ShouldReturnNonBlankString" />
    </UnitTest>
    <UnitTest name="Nzr.ToolBox.Core.Tests.StringUtilsTest.IsAnyBlank_WithNullOrEmptyStrings_ShouldReturnTrue" storage="d:\mario.santos\workspaces\personal\nzr.toolbox\dotnet\nzr.toolbox.core.tests\bin\debug\netcoreapp2.2\nzr.toolbox.core.tests.dll" id="fcc50950-38b5-c695-4000-d6bf47ed8831">
      <Execution id="e6665928-68d9-4f79-bcec-beb55388cc2f" />
      <TestMethod codeBase="D:\mario.santos\workspaces\personal\Nzr.ToolBox\dotnet\Nzr.ToolBox.Core.Tests\bin\Debug\netcoreapp2.2\Nzr.ToolBox.Core.Tests.dll" adapterTypeName="executor://xunit/VsTestRunner2/netcoreapp" className="Nzr.ToolBox.Core.Tests.StringUtilsTest" name="Nzr.ToolBox.Core.Tests.StringUtilsTest.IsAnyBlank_WithNullOrEmptyStrings_ShouldReturnTrue" />
    </UnitTest>
    <UnitTest name="Nzr.ToolBox.Core.Tests.DateTimeUtilsTest.Subtract_WithOneMinute_ShouldReturnPastMinute" storage="d:\mario.santos\workspaces\personal\nzr.toolbox\dotnet\nzr.toolbox.core.tests\bin\debug\netcoreapp2.2\nzr.toolbox.core.tests.dll" id="f602c426-afbb-f056-d9cc-983f060e4157">
      <Execution id="9aeb11f3-0832-4630-aa4d-c59b0e0d1dd8" />
      <TestMethod codeBase="D:\mario.santos\workspaces\personal\Nzr.ToolBox\dotnet\Nzr.ToolBox.Core.Tests\bin\Debug\netcoreapp2.2\Nzr.ToolBox.Core.Tests.dll" adapterTypeName="executor://xunit/VsTestRunner2/netcoreapp" className="Nzr.ToolBox.Core.Tests.DateTimeUtilsTest" name="Nzr.ToolBox.Core.Tests.DateTimeUtilsTest.Subtract_WithOneMinute_ShouldReturnPastMinute" />
    </UnitTest>
    <UnitTest name="Nzr.ToolBox.Core.Tests.CollectionUtilsTests.Add_ShouldAddAllElements" storage="d:\mario.santos\workspaces\personal\nzr.toolbox\dotnet\nzr.toolbox.core.tests\bin\debug\netcoreapp2.2\nzr.toolbox.core.tests.dll" id="a8873542-1747-c963-22ae-667f3818d7ed">
      <Execution id="34f136bf-1f22-4be7-8a2e-d0b88104a71a" />
      <TestMethod codeBase="D:\mario.santos\workspaces\personal\Nzr.ToolBox\dotnet\Nzr.ToolBox.Core.Tests\bin\Debug\netcoreapp2.2\Nzr.ToolBox.Core.Tests.dll" adapterTypeName="executor://xunit/VsTestRunner2/netcoreapp" className="Nzr.ToolBox.Core.Tests.CollectionUtilsTests" name="Nzr.ToolBox.Core.Tests.CollectionUtilsTests.Add_ShouldAddAllElements" />
    </UnitTest>
    <UnitTest name="Nzr.ToolBox.Core.Tests.BooleanUtilsTests.ToBool_WithPositiveString_ShouldReturnTrue(value: &quot;Y&quot;)" storage="d:\mario.santos\workspaces\personal\nzr.toolbox\dotnet\nzr.toolbox.core.tests\bin\debug\netcoreapp2.2\nzr.toolbox.core.tests.dll" id="098b15f3-4cbc-4c40-9ad2-8835c9d6e501">
      <Execution id="0d09c22f-2829-4029-905d-d35cbcccfb0f" />
      <TestMethod codeBase="D:\mario.santos\workspaces\personal\Nzr.ToolBox\dotnet\Nzr.ToolBox.Core.Tests\bin\Debug\netcoreapp2.2\Nzr.ToolBox.Core.Tests.dll" adapterTypeName="executor://xunit/VsTestRunner2/netcoreapp" className="Nzr.ToolBox.Core.Tests.BooleanUtilsTests" name="Nzr.ToolBox.Core.Tests.BooleanUtilsTests.ToBool_WithPositiveString_ShouldReturnTrue(value: &quot;Y&quot;)" />
    </UnitTest>
    <UnitTest name="Nzr.ToolBox.Core.Tests.CollectionUtilsTests.Add_WithListAsArgument_ShouldAddAllElements" storage="d:\mario.santos\workspaces\personal\nzr.toolbox\dotnet\nzr.toolbox.core.tests\bin\debug\netcoreapp2.2\nzr.toolbox.core.tests.dll" id="0895ad80-dce9-06a7-5602-3c72da5f8da6">
      <Execution id="8e6d0d45-4651-40a3-a15f-aeb372116c94" />
      <TestMethod codeBase="D:\mario.santos\workspaces\personal\Nzr.ToolBox\dotnet\Nzr.ToolBox.Core.Tests\bin\Debug\netcoreapp2.2\Nzr.ToolBox.Core.Tests.dll" adapterTypeName="executor://xunit/VsTestRunner2/netcoreapp" className="Nzr.ToolBox.Core.Tests.CollectionUtilsTests" name="Nzr.ToolBox.Core.Tests.CollectionUtilsTests.Add_WithListAsArgument_ShouldAddAllElements" />
    </UnitTest>
    <UnitTest name="Nzr.ToolBox.Core.Tests.CollectionUtilsTests.Add_WithNullCollectionSourceAndListAsArgument_ShouldNotAddAllElements" storage="d:\mario.santos\workspaces\personal\nzr.toolbox\dotnet\nzr.toolbox.core.tests\bin\debug\netcoreapp2.2\nzr.toolbox.core.tests.dll" id="2e474251-5f54-ef3f-b13d-35076f43dc38">
      <Execution id="e373a56e-c01c-405c-b0c3-5152994bc0ee" />
      <TestMethod codeBase="D:\mario.santos\workspaces\personal\Nzr.ToolBox\dotnet\Nzr.ToolBox.Core.Tests\bin\Debug\netcoreapp2.2\Nzr.ToolBox.Core.Tests.dll" adapterTypeName="executor://xunit/VsTestRunner2/netcoreapp" className="Nzr.ToolBox.Core.Tests.CollectionUtilsTests" name="Nzr.ToolBox.Core.Tests.CollectionUtilsTests.Add_WithNullCollectionSourceAndListAsArgument_ShouldNotAddAllElements" />
    </UnitTest>
    <UnitTest name="Nzr.ToolBox.Core.Tests.StringUtilsTest.Capitalize_WithNull_ShouldReturnNull" storage="d:\mario.santos\workspaces\personal\nzr.toolbox\dotnet\nzr.toolbox.core.tests\bin\debug\netcoreapp2.2\nzr.toolbox.core.tests.dll" id="f4fbfb1c-5ed6-31b9-32df-2fb927eec7fc">
      <Execution id="b273e8d2-6204-4909-bd5f-d17cd20db718" />
      <TestMethod codeBase="D:\mario.santos\workspaces\personal\Nzr.ToolBox\dotnet\Nzr.ToolBox.Core.Tests\bin\Debug\netcoreapp2.2\Nzr.ToolBox.Core.Tests.dll" adapterTypeName="executor://xunit/VsTestRunner2/netcoreapp" className="Nzr.ToolBox.Core.Tests.StringUtilsTest" name="Nzr.ToolBox.Core.Tests.StringUtilsTest.Capitalize_WithNull_ShouldReturnNull" />
    </UnitTest>
    <UnitTest name="Nzr.ToolBox.Core.Tests.BooleanUtilsTests.IsTrue_WithTrueValue_ShouldReturnTrue" storage="d:\mario.santos\workspaces\personal\nzr.toolbox\dotnet\nzr.toolbox.core.tests\bin\debug\netcoreapp2.2\nzr.toolbox.core.tests.dll" id="4a5c20cb-2c1d-4475-6cd5-7c6e3e33b758">
      <Execution id="7084fdec-da5f-4ea8-9378-302be8ffd361" />
      <TestMethod codeBase="D:\mario.santos\workspaces\personal\Nzr.ToolBox\dotnet\Nzr.ToolBox.Core.Tests\bin\Debug\netcoreapp2.2\Nzr.ToolBox.Core.Tests.dll" adapterTypeName="executor://xunit/VsTestRunner2/netcoreapp" className="Nzr.ToolBox.Core.Tests.BooleanUtilsTests" name="Nzr.ToolBox.Core.Tests.BooleanUtilsTests.IsTrue_WithTrueValue_ShouldReturnTrue" />
    </UnitTest>
    <UnitTest name="Nzr.ToolBox.Core.Tests.ObjectUtilsTest.IfNull_WithNotNullValue_ShouldExecuteNotNullAction" storage="d:\mario.santos\workspaces\personal\nzr.toolbox\dotnet\nzr.toolbox.core.tests\bin\debug\netcoreapp2.2\nzr.toolbox.core.tests.dll" id="349b454a-4a6b-82e1-71a0-9c64f08b3642">
      <Execution id="bbd6e85e-eafc-4060-8fe9-ae0d56cd2d6c" />
      <TestMethod codeBase="D:\mario.santos\workspaces\personal\Nzr.ToolBox\dotnet\Nzr.ToolBox.Core.Tests\bin\Debug\netcoreapp2.2\Nzr.ToolBox.Core.Tests.dll" adapterTypeName="executor://xunit/VsTestRunner2/netcoreapp" className="Nzr.ToolBox.Core.Tests.ObjectUtilsTest" name="Nzr.ToolBox.Core.Tests.ObjectUtilsTest.IfNull_WithNotNullValue_ShouldExecuteNotNullAction" />
    </UnitTest>
    <UnitTest name="Nzr.ToolBox.Core.Tests.DateTimeUtilsTest.Subtract_WithOneDay_ShouldReturnYesterday" storage="d:\mario.santos\workspaces\personal\nzr.toolbox\dotnet\nzr.toolbox.core.tests\bin\debug\netcoreapp2.2\nzr.toolbox.core.tests.dll" id="2e9607cd-69cc-03d9-52da-bac666581b57">
      <Execution id="56834ff5-8c53-422c-8beb-546e43ff4e03" />
      <TestMethod codeBase="D:\mario.santos\workspaces\personal\Nzr.ToolBox\dotnet\Nzr.ToolBox.Core.Tests\bin\Debug\netcoreapp2.2\Nzr.ToolBox.Core.Tests.dll" adapterTypeName="executor://xunit/VsTestRunner2/netcoreapp" className="Nzr.ToolBox.Core.Tests.DateTimeUtilsTest" name="Nzr.ToolBox.Core.Tests.DateTimeUtilsTest.Subtract_WithOneDay_ShouldReturnYesterday" />
    </UnitTest>
    <UnitTest name="Nzr.ToolBox.Core.Tests.ObjectUtilsTest.LastNonNull_WithAllNull_ShouldReturnNull" storage="d:\mario.santos\workspaces\personal\nzr.toolbox\dotnet\nzr.toolbox.core.tests\bin\debug\netcoreapp2.2\nzr.toolbox.core.tests.dll" id="2deffabc-0f2a-cf1f-0473-12f60ef9456b">
      <Execution id="bc834c5a-cf06-4543-ba58-09ea1325010d" />
      <TestMethod codeBase="D:\mario.santos\workspaces\personal\Nzr.ToolBox\dotnet\Nzr.ToolBox.Core.Tests\bin\Debug\netcoreapp2.2\Nzr.ToolBox.Core.Tests.dll" adapterTypeName="executor://xunit/VsTestRunner2/netcoreapp" className="Nzr.ToolBox.Core.Tests.ObjectUtilsTest" name="Nzr.ToolBox.Core.Tests.ObjectUtilsTest.LastNonNull_WithAllNull_ShouldReturnNull" />
    </UnitTest>
    <UnitTest name="Nzr.ToolBox.Core.Tests.ObjectUtilsTest.IfNull_WithNullValue_ShouldExecuteNullAction" storage="d:\mario.santos\workspaces\personal\nzr.toolbox\dotnet\nzr.toolbox.core.tests\bin\debug\netcoreapp2.2\nzr.toolbox.core.tests.dll" id="ef1d6b74-13c8-dcd2-26ac-7f5ae1d5273c">
      <Execution id="c587ed43-1b9f-4526-bc98-9c36236eda82" />
      <TestMethod codeBase="D:\mario.santos\workspaces\personal\Nzr.ToolBox\dotnet\Nzr.ToolBox.Core.Tests\bin\Debug\netcoreapp2.2\Nzr.ToolBox.Core.Tests.dll" adapterTypeName="executor://xunit/VsTestRunner2/netcoreapp" className="Nzr.ToolBox.Core.Tests.ObjectUtilsTest" name="Nzr.ToolBox.Core.Tests.ObjectUtilsTest.IfNull_WithNullValue_ShouldExecuteNullAction" />
    </UnitTest>
    <UnitTest name="Nzr.ToolBox.Core.Tests.CollectionUtilsTests.IndexOf_WithExistingItem_ShouldReturnIndex" storage="d:\mario.santos\workspaces\personal\nzr.toolbox\dotnet\nzr.toolbox.core.tests\bin\debug\netcoreapp2.2\nzr.toolbox.core.tests.dll" id="82fbae66-d014-68f8-a29c-7a33350f0be4">
      <Execution id="7ef39a0a-4b1e-41ac-9936-5579ff0c1adc" />
      <TestMethod codeBase="D:\mario.santos\workspaces\personal\Nzr.ToolBox\dotnet\Nzr.ToolBox.Core.Tests\bin\Debug\netcoreapp2.2\Nzr.ToolBox.Core.Tests.dll" adapterTypeName="executor://xunit/VsTestRunner2/netcoreapp" className="Nzr.ToolBox.Core.Tests.CollectionUtilsTests" name="Nzr.ToolBox.Core.Tests.CollectionUtilsTests.IndexOf_WithExistingItem_ShouldReturnIndex" />
    </UnitTest>
    <UnitTest name="Nzr.ToolBox.Core.Tests.RandomUtilsTest.RandomDecimal_ShouldReturnUniqueValues(iterations: 10000, seed: 1)" storage="d:\mario.santos\workspaces\personal\nzr.toolbox\dotnet\nzr.toolbox.core.tests\bin\debug\netcoreapp2.2\nzr.toolbox.core.tests.dll" id="af6775fd-d269-907e-4174-20941ea53792">
      <Execution id="ecba37d0-b707-449e-b0e9-284ad0046c97" />
      <TestMethod codeBase="D:\mario.santos\workspaces\personal\Nzr.ToolBox\dotnet\Nzr.ToolBox.Core.Tests\bin\Debug\netcoreapp2.2\Nzr.ToolBox.Core.Tests.dll" adapterTypeName="executor://xunit/VsTestRunner2/netcoreapp" className="Nzr.ToolBox.Core.Tests.RandomUtilsTest" name="Nzr.ToolBox.Core.Tests.RandomUtilsTest.RandomDecimal_ShouldReturnUniqueValues(iterations: 10000, seed: 1)" />
    </UnitTest>
    <UnitTest name="Nzr.ToolBox.Core.Tests.CollectionUtilsTests.Contains_WithExistingItem_ShouldReturnTrue" storage="d:\mario.santos\workspaces\personal\nzr.toolbox\dotnet\nzr.toolbox.core.tests\bin\debug\netcoreapp2.2\nzr.toolbox.core.tests.dll" id="09d5c966-f53d-e4e1-2d68-1fc4cd5c9934">
      <Execution id="3b014742-33ee-4719-944f-7099ba5202a7" />
      <TestMethod codeBase="D:\mario.santos\workspaces\personal\Nzr.ToolBox\dotnet\Nzr.ToolBox.Core.Tests\bin\Debug\netcoreapp2.2\Nzr.ToolBox.Core.Tests.dll" adapterTypeName="executor://xunit/VsTestRunner2/netcoreapp" className="Nzr.ToolBox.Core.Tests.CollectionUtilsTests" name="Nzr.ToolBox.Core.Tests.CollectionUtilsTests.Contains_WithExistingItem_ShouldReturnTrue" />
    </UnitTest>
    <UnitTest name="Nzr.ToolBox.Core.Tests.CollectionUtilsTests.ContainsAll_WithEnumerableAndSameElements_ShouldReturnTrue" storage="d:\mario.santos\workspaces\personal\nzr.toolbox\dotnet\nzr.toolbox.core.tests\bin\debug\netcoreapp2.2\nzr.toolbox.core.tests.dll" id="4e7127f8-744d-1e07-a920-a821e9fe9f93">
      <Execution id="52c27e8b-ffcf-4748-aacc-93efd0092c21" />
      <TestMethod codeBase="D:\mario.santos\workspaces\personal\Nzr.ToolBox\dotnet\Nzr.ToolBox.Core.Tests\bin\Debug\netcoreapp2.2\Nzr.ToolBox.Core.Tests.dll" adapterTypeName="executor://xunit/VsTestRunner2/netcoreapp" className="Nzr.ToolBox.Core.Tests.CollectionUtilsTests" name="Nzr.ToolBox.Core.Tests.CollectionUtilsTests.ContainsAll_WithEnumerableAndSameElements_ShouldReturnTrue" />
    </UnitTest>
    <UnitTest name="Nzr.ToolBox.Core.Tests.StringUtilsTest.Format_WithFormatString_ShouldReturnFormatedString" storage="d:\mario.santos\workspaces\personal\nzr.toolbox\dotnet\nzr.toolbox.core.tests\bin\debug\netcoreapp2.2\nzr.toolbox.core.tests.dll" id="9847e038-8e7e-bbcd-0cca-216082d13779">
      <Execution id="dde3bd63-1734-4f6c-b6a9-4feddaf1ace8" />
      <TestMethod codeBase="D:\mario.santos\workspaces\personal\Nzr.ToolBox\dotnet\Nzr.ToolBox.Core.Tests\bin\Debug\netcoreapp2.2\Nzr.ToolBox.Core.Tests.dll" adapterTypeName="executor://xunit/VsTestRunner2/netcoreapp" className="Nzr.ToolBox.Core.Tests.StringUtilsTest" name="Nzr.ToolBox.Core.Tests.StringUtilsTest.Format_WithFormatString_ShouldReturnFormatedString" />
    </UnitTest>
    <UnitTest name="Nzr.ToolBox.Core.Tests.BooleanUtilsTests.IsAnyTrue_WithOneTrueValue_ShouldReturnTrue" storage="d:\mario.santos\workspaces\personal\nzr.toolbox\dotnet\nzr.toolbox.core.tests\bin\debug\netcoreapp2.2\nzr.toolbox.core.tests.dll" id="c503249d-5537-fc1c-c402-620be402a09c">
      <Execution id="b5369cfb-e1db-4c65-9ccb-4a809a1222d5" />
      <TestMethod codeBase="D:\mario.santos\workspaces\personal\Nzr.ToolBox\dotnet\Nzr.ToolBox.Core.Tests\bin\Debug\netcoreapp2.2\Nzr.ToolBox.Core.Tests.dll" adapterTypeName="executor://xunit/VsTestRunner2/netcoreapp" className="Nzr.ToolBox.Core.Tests.BooleanUtilsTests" name="Nzr.ToolBox.Core.Tests.BooleanUtilsTests.IsAnyTrue_WithOneTrueValue_ShouldReturnTrue" />
    </UnitTest>
    <UnitTest name="Nzr.ToolBox.Core.Tests.BooleanUtilsTests.ToBool_WithPositiveNonZero_ShouldReturnTrue(b: 2, s: 3, i: 4, l: 5, f: 6, d: 7, m: 8)" storage="d:\mario.santos\workspaces\personal\nzr.toolbox\dotnet\nzr.toolbox.core.tests\bin\debug\netcoreapp2.2\nzr.toolbox.core.tests.dll" id="c5f701a1-fcd5-1f87-4fee-cd5b137b31a8">
      <Execution id="a5a99c32-2e97-40ca-a7eb-b3685be915b5" />
      <TestMethod codeBase="D:\mario.santos\workspaces\personal\Nzr.ToolBox\dotnet\Nzr.ToolBox.Core.Tests\bin\Debug\netcoreapp2.2\Nzr.ToolBox.Core.Tests.dll" adapterTypeName="executor://xunit/VsTestRunner2/netcoreapp" className="Nzr.ToolBox.Core.Tests.BooleanUtilsTests" name="Nzr.ToolBox.Core.Tests.BooleanUtilsTests.ToBool_WithPositiveNonZero_ShouldReturnTrue(b: 2, s: 3, i: 4, l: 5, f: 6, d: 7, m: 8)" />
    </UnitTest>
    <UnitTest name="Nzr.ToolBox.Core.Tests.ObjectUtilsTest.IfNotNull_WithNullValue_ShouldExecuteNullAction" storage="d:\mario.santos\workspaces\personal\nzr.toolbox\dotnet\nzr.toolbox.core.tests\bin\debug\netcoreapp2.2\nzr.toolbox.core.tests.dll" id="60b85a90-aaf8-7e93-2f6c-9526d81382d3">
      <Execution id="7b4de174-34af-4622-a526-c47cdbb80d2b" />
      <TestMethod codeBase="D:\mario.santos\workspaces\personal\Nzr.ToolBox\dotnet\Nzr.ToolBox.Core.Tests\bin\Debug\netcoreapp2.2\Nzr.ToolBox.Core.Tests.dll" adapterTypeName="executor://xunit/VsTestRunner2/netcoreapp" className="Nzr.ToolBox.Core.Tests.ObjectUtilsTest" name="Nzr.ToolBox.Core.Tests.ObjectUtilsTest.IfNotNull_WithNullValue_ShouldExecuteNullAction" />
    </UnitTest>
    <UnitTest name="Nzr.ToolBox.Core.Tests.CollectionUtilsTests.EmptyIfNull_WithNonNullGenericEnumerable_ShouldTheEnumerable" storage="d:\mario.santos\workspaces\personal\nzr.toolbox\dotnet\nzr.toolbox.core.tests\bin\debug\netcoreapp2.2\nzr.toolbox.core.tests.dll" id="3b3f03b2-7036-9975-1ea0-fbee6b6a40d0">
      <Execution id="a24a58d5-88a2-4539-95e1-b66b7999c92a" />
      <TestMethod codeBase="D:\mario.santos\workspaces\personal\Nzr.ToolBox\dotnet\Nzr.ToolBox.Core.Tests\bin\Debug\netcoreapp2.2\Nzr.ToolBox.Core.Tests.dll" adapterTypeName="executor://xunit/VsTestRunner2/netcoreapp" className="Nzr.ToolBox.Core.Tests.CollectionUtilsTests" name="Nzr.ToolBox.Core.Tests.CollectionUtilsTests.EmptyIfNull_WithNonNullGenericEnumerable_ShouldTheEnumerable" />
    </UnitTest>
    <UnitTest name="Nzr.ToolBox.Core.Tests.StringUtilsTest.RemoveEnd_WithExistingStrings_ShouldReturnCleanedString" storage="d:\mario.santos\workspaces\personal\nzr.toolbox\dotnet\nzr.toolbox.core.tests\bin\debug\netcoreapp2.2\nzr.toolbox.core.tests.dll" id="625b6eef-9fde-b5ef-1db7-16257d35bad4">
      <Execution id="b4dfee48-5048-4ccc-8f7a-97ce7e617a08" />
      <TestMethod codeBase="D:\mario.santos\workspaces\personal\Nzr.ToolBox\dotnet\Nzr.ToolBox.Core.Tests\bin\Debug\netcoreapp2.2\Nzr.ToolBox.Core.Tests.dll" adapterTypeName="executor://xunit/VsTestRunner2/netcoreapp" className="Nzr.ToolBox.Core.Tests.StringUtilsTest" name="Nzr.ToolBox.Core.Tests.StringUtilsTest.RemoveEnd_WithExistingStrings_ShouldReturnCleanedString" />
    </UnitTest>
    <UnitTest name="Nzr.ToolBox.Core.Tests.StringUtilsTest.ContainsAny_WithOrdinalIgnoreCaseNullString_ShouldReturnFalse" storage="d:\mario.santos\workspaces\personal\nzr.toolbox\dotnet\nzr.toolbox.core.tests\bin\debug\netcoreapp2.2\nzr.toolbox.core.tests.dll" id="9fb46542-0618-28a9-23e6-da1922161605">
      <Execution id="e0ea6022-3b6f-4ecd-9cab-4f5468e84c75" />
      <TestMethod codeBase="D:\mario.santos\workspaces\personal\Nzr.ToolBox\dotnet\Nzr.ToolBox.Core.Tests\bin\Debug\netcoreapp2.2\Nzr.ToolBox.Core.Tests.dll" adapterTypeName="executor://xunit/VsTestRunner2/netcoreapp" className="Nzr.ToolBox.Core.Tests.StringUtilsTest" name="Nzr.ToolBox.Core.Tests.StringUtilsTest.ContainsAny_WithOrdinalIgnoreCaseNullString_ShouldReturnFalse" />
    </UnitTest>
    <UnitTest name="Nzr.ToolBox.Core.Tests.CollectionUtilsTests.GetKey_WithNullValueForKvpAndInput_ShouldReturnKey" storage="d:\mario.santos\workspaces\personal\nzr.toolbox\dotnet\nzr.toolbox.core.tests\bin\debug\netcoreapp2.2\nzr.toolbox.core.tests.dll" id="2084ff50-0c57-008d-1c5e-051f3c6d2a19">
      <Execution id="ed0b1b7c-4dff-45c6-9164-7abe3e4fa1df" />
      <TestMethod codeBase="D:\mario.santos\workspaces\personal\Nzr.ToolBox\dotnet\Nzr.ToolBox.Core.Tests\bin\Debug\netcoreapp2.2\Nzr.ToolBox.Core.Tests.dll" adapterTypeName="executor://xunit/VsTestRunner2/netcoreapp" className="Nzr.ToolBox.Core.Tests.CollectionUtilsTests" name="Nzr.ToolBox.Core.Tests.CollectionUtilsTests.GetKey_WithNullValueForKvpAndInput_ShouldReturnKey" />
    </UnitTest>
    <UnitTest name="Nzr.ToolBox.Core.Tests.StringUtilsTest.RemoveDiacritics_WithString_ShouldReturnStringWihtouDiacritics" storage="d:\mario.santos\workspaces\personal\nzr.toolbox\dotnet\nzr.toolbox.core.tests\bin\debug\netcoreapp2.2\nzr.toolbox.core.tests.dll" id="8668c16e-2e8c-3717-0d40-dca4b94235b7">
      <Execution id="3d6aa053-2143-42f3-bd32-019431782129" />
      <TestMethod codeBase="D:\mario.santos\workspaces\personal\Nzr.ToolBox\dotnet\Nzr.ToolBox.Core.Tests\bin\Debug\netcoreapp2.2\Nzr.ToolBox.Core.Tests.dll" adapterTypeName="executor://xunit/VsTestRunner2/netcoreapp" className="Nzr.ToolBox.Core.Tests.StringUtilsTest" name="Nzr.ToolBox.Core.Tests.StringUtilsTest.RemoveDiacritics_WithString_ShouldReturnStringWihtouDiacritics" />
    </UnitTest>
    <UnitTest name="Nzr.ToolBox.Core.Tests.BooleanUtilsTests.IsTrue_WithNullOrFalseValue_ShouldReturnFalse(value: False)" storage="d:\mario.santos\workspaces\personal\nzr.toolbox\dotnet\nzr.toolbox.core.tests\bin\debug\netcoreapp2.2\nzr.toolbox.core.tests.dll" id="cdc95a43-d3d9-ea09-2bf0-c5d1cc0a2f68">
      <Execution id="a43f567f-3ec3-4e9e-91f2-713b760c2dbb" />
      <TestMethod codeBase="D:\mario.santos\workspaces\personal\Nzr.ToolBox\dotnet\Nzr.ToolBox.Core.Tests\bin\Debug\netcoreapp2.2\Nzr.ToolBox.Core.Tests.dll" adapterTypeName="executor://xunit/VsTestRunner2/netcoreapp" className="Nzr.ToolBox.Core.Tests.BooleanUtilsTests" name="Nzr.ToolBox.Core.Tests.BooleanUtilsTests.IsTrue_WithNullOrFalseValue_ShouldReturnFalse(value: False)" />
    </UnitTest>
    <UnitTest name="Nzr.ToolBox.Core.Tests.CollectionUtilsTests.IsNotEmpty_WithNull_ShouldReturnFalse" storage="d:\mario.santos\workspaces\personal\nzr.toolbox\dotnet\nzr.toolbox.core.tests\bin\debug\netcoreapp2.2\nzr.toolbox.core.tests.dll" id="c86af186-3a97-3d11-9fd7-06dc90451dd3">
      <Execution id="3aac3daa-a0ea-4978-85a1-02c9af45631d" />
      <TestMethod codeBase="D:\mario.santos\workspaces\personal\Nzr.ToolBox\dotnet\Nzr.ToolBox.Core.Tests\bin\Debug\netcoreapp2.2\Nzr.ToolBox.Core.Tests.dll" adapterTypeName="executor://xunit/VsTestRunner2/netcoreapp" className="Nzr.ToolBox.Core.Tests.CollectionUtilsTests" name="Nzr.ToolBox.Core.Tests.CollectionUtilsTests.IsNotEmpty_WithNull_ShouldReturnFalse" />
    </UnitTest>
    <UnitTest name="Nzr.ToolBox.Core.Tests.ReflectionUtilsTest.GetValue_WithPropertyPathToList_ShouldThrowException" storage="d:\mario.santos\workspaces\personal\nzr.toolbox\dotnet\nzr.toolbox.core.tests\bin\debug\netcoreapp2.2\nzr.toolbox.core.tests.dll" id="6bf46c1e-b943-b7c7-5a0c-85c17aef903c">
      <Execution id="1e157ae5-7d08-45e0-8f68-1ef825e06ddc" />
      <TestMethod codeBase="D:\mario.santos\workspaces\personal\Nzr.ToolBox\dotnet\Nzr.ToolBox.Core.Tests\bin\Debug\netcoreapp2.2\Nzr.ToolBox.Core.Tests.dll" adapterTypeName="executor://xunit/VsTestRunner2/netcoreapp" className="Nzr.ToolBox.Core.Tests.ReflectionUtilsTest" name="Nzr.ToolBox.Core.Tests.ReflectionUtilsTest.GetValue_WithPropertyPathToList_ShouldThrowException" />
    </UnitTest>
    <UnitTest name="Nzr.ToolBox.Core.Tests.NumberUtilsTest.PadLeft_WithNumersOFLowerLength_ShouldAppendChars" storage="d:\mario.santos\workspaces\personal\nzr.toolbox\dotnet\nzr.toolbox.core.tests\bin\debug\netcoreapp2.2\nzr.toolbox.core.tests.dll" id="a4e247c1-e033-133c-2021-0a91453ae408">
      <Execution id="3f3e27cf-5930-40b7-8af2-0a7c45622752" />
      <TestMethod codeBase="D:\mario.santos\workspaces\personal\Nzr.ToolBox\dotnet\Nzr.ToolBox.Core.Tests\bin\Debug\netcoreapp2.2\Nzr.ToolBox.Core.Tests.dll" adapterTypeName="executor://xunit/VsTestRunner2/netcoreapp" className="Nzr.ToolBox.Core.Tests.NumberUtilsTest" name="Nzr.ToolBox.Core.Tests.NumberUtilsTest.PadLeft_WithNumersOFLowerLength_ShouldAppendChars" />
    </UnitTest>
    <UnitTest name="Nzr.ToolBox.Core.Tests.ObjectUtilsTest.LastNonNull_WithAnyNonNull_ShouldReturnLastNonNull" storage="d:\mario.santos\workspaces\personal\nzr.toolbox\dotnet\nzr.toolbox.core.tests\bin\debug\netcoreapp2.2\nzr.toolbox.core.tests.dll" id="164b891a-cd2a-f888-7f37-eb0e28476c0f">
      <Execution id="bdd15c25-ea98-4f37-9a9e-3d132a6686fd" />
      <TestMethod codeBase="D:\mario.santos\workspaces\personal\Nzr.ToolBox\dotnet\Nzr.ToolBox.Core.Tests\bin\Debug\netcoreapp2.2\Nzr.ToolBox.Core.Tests.dll" adapterTypeName="executor://xunit/VsTestRunner2/netcoreapp" className="Nzr.ToolBox.Core.Tests.ObjectUtilsTest" name="Nzr.ToolBox.Core.Tests.ObjectUtilsTest.LastNonNull_WithAnyNonNull_ShouldReturnLastNonNull" />
    </UnitTest>
    <UnitTest name="Nzr.ToolBox.Core.Tests.StringUtilsTest.ContainsAll_WithNullStringContainigAllNullSubstrings_ShouldReturnTrue" storage="d:\mario.santos\workspaces\personal\nzr.toolbox\dotnet\nzr.toolbox.core.tests\bin\debug\netcoreapp2.2\nzr.toolbox.core.tests.dll" id="b5c65171-5bde-d993-6882-e95aac21805c">
      <Execution id="7f5ebaf0-b6fc-4a7d-9af1-b59941d56b69" />
      <TestMethod codeBase="D:\mario.santos\workspaces\personal\Nzr.ToolBox\dotnet\Nzr.ToolBox.Core.Tests\bin\Debug\netcoreapp2.2\Nzr.ToolBox.Core.Tests.dll" adapterTypeName="executor://xunit/VsTestRunner2/netcoreapp" className="Nzr.ToolBox.Core.Tests.StringUtilsTest" name="Nzr.ToolBox.Core.Tests.StringUtilsTest.ContainsAll_WithNullStringContainigAllNullSubstrings_ShouldReturnTrue" />
    </UnitTest>
    <UnitTest name="Nzr.ToolBox.Core.Tests.CollectionUtilsTests.ContainsAny_WithEnumerableAndDiffSize_ShouldReturnFalse" storage="d:\mario.santos\workspaces\personal\nzr.toolbox\dotnet\nzr.toolbox.core.tests\bin\debug\netcoreapp2.2\nzr.toolbox.core.tests.dll" id="6f76a51f-b8cd-e6f5-cb70-61af9779673e">
      <Execution id="596c6f28-27ad-4206-a6c1-077f0ffc6ad7" />
      <TestMethod codeBase="D:\mario.santos\workspaces\personal\Nzr.ToolBox\dotnet\Nzr.ToolBox.Core.Tests\bin\Debug\netcoreapp2.2\Nzr.ToolBox.Core.Tests.dll" adapterTypeName="executor://xunit/VsTestRunner2/netcoreapp" className="Nzr.ToolBox.Core.Tests.CollectionUtilsTests" name="Nzr.ToolBox.Core.Tests.CollectionUtilsTests.ContainsAny_WithEnumerableAndDiffSize_ShouldReturnFalse" />
    </UnitTest>
    <UnitTest name="Nzr.ToolBox.Core.Tests.StringUtilsTest.DefaultIfBlank_WithNullString_ShouldReturnDefault" storage="d:\mario.santos\workspaces\personal\nzr.toolbox\dotnet\nzr.toolbox.core.tests\bin\debug\netcoreapp2.2\nzr.toolbox.core.tests.dll" id="b389fce4-9131-dbd6-6cb1-9add0a76b08c">
      <Execution id="666832f1-c725-4ce8-8af7-a750670d7b8c" />
      <TestMethod codeBase="D:\mario.santos\workspaces\personal\Nzr.ToolBox\dotnet\Nzr.ToolBox.Core.Tests\bin\Debug\netcoreapp2.2\Nzr.ToolBox.Core.Tests.dll" adapterTypeName="executor://xunit/VsTestRunner2/netcoreapp" className="Nzr.ToolBox.Core.Tests.StringUtilsTest" name="Nzr.ToolBox.Core.Tests.StringUtilsTest.DefaultIfBlank_WithNullString_ShouldReturnDefault" />
    </UnitTest>
    <UnitTest name="Nzr.ToolBox.Core.Tests.StringUtilsTest.DefaultIfEmpty_WithNullString_ShouldReturnDefault" storage="d:\mario.santos\workspaces\personal\nzr.toolbox\dotnet\nzr.toolbox.core.tests\bin\debug\netcoreapp2.2\nzr.toolbox.core.tests.dll" id="e4ef8062-0dbe-6974-71e4-0c8dfc386479">
      <Execution id="6aed64e6-3cb2-4d2c-bd06-751345599a9c" />
      <TestMethod codeBase="D:\mario.santos\workspaces\personal\Nzr.ToolBox\dotnet\Nzr.ToolBox.Core.Tests\bin\Debug\netcoreapp2.2\Nzr.ToolBox.Core.Tests.dll" adapterTypeName="executor://xunit/VsTestRunner2/netcoreapp" className="Nzr.ToolBox.Core.Tests.StringUtilsTest" name="Nzr.ToolBox.Core.Tests.StringUtilsTest.DefaultIfEmpty_WithNullString_ShouldReturnDefault" />
    </UnitTest>
    <UnitTest name="Nzr.ToolBox.Core.Tests.StringUtilsTest.Repeat_WithNonNull_ShouldReturnValuesTimesGiven" storage="d:\mario.santos\workspaces\personal\nzr.toolbox\dotnet\nzr.toolbox.core.tests\bin\debug\netcoreapp2.2\nzr.toolbox.core.tests.dll" id="8cfb34fe-4adc-92b2-4e95-dd104149bccb">
      <Execution id="0e5ba21b-ee79-49eb-886c-c8a72423340e" />
      <TestMethod codeBase="D:\mario.santos\workspaces\personal\Nzr.ToolBox\dotnet\Nzr.ToolBox.Core.Tests\bin\Debug\netcoreapp2.2\Nzr.ToolBox.Core.Tests.dll" adapterTypeName="executor://xunit/VsTestRunner2/netcoreapp" className="Nzr.ToolBox.Core.Tests.StringUtilsTest" name="Nzr.ToolBox.Core.Tests.StringUtilsTest.Repeat_WithNonNull_ShouldReturnValuesTimesGiven" />
    </UnitTest>
    <UnitTest name="Nzr.ToolBox.Core.Tests.StringUtilsTest.Remove_WithNullString_ShouldReturnNull" storage="d:\mario.santos\workspaces\personal\nzr.toolbox\dotnet\nzr.toolbox.core.tests\bin\debug\netcoreapp2.2\nzr.toolbox.core.tests.dll" id="dac9dc92-a823-6cea-bf4c-1b3253c3dca3">
      <Execution id="3e102c15-50d6-4360-87d4-ec958e3eb638" />
      <TestMethod codeBase="D:\mario.santos\workspaces\personal\Nzr.ToolBox\dotnet\Nzr.ToolBox.Core.Tests\bin\Debug\netcoreapp2.2\Nzr.ToolBox.Core.Tests.dll" adapterTypeName="executor://xunit/VsTestRunner2/netcoreapp" className="Nzr.ToolBox.Core.Tests.StringUtilsTest" name="Nzr.ToolBox.Core.Tests.StringUtilsTest.Remove_WithNullString_ShouldReturnNull" />
    </UnitTest>
    <UnitTest name="Nzr.ToolBox.Core.Tests.BooleanUtilsTests.ToBool_WithPositiveString_ShouldReturnTrue(value: &quot;Sim&quot;)" storage="d:\mario.santos\workspaces\personal\nzr.toolbox\dotnet\nzr.toolbox.core.tests\bin\debug\netcoreapp2.2\nzr.toolbox.core.tests.dll" id="7f60703b-ccac-d67a-af2c-d0f5218965ff">
      <Execution id="686408a3-3f26-494d-9671-4b9f94906de2" />
      <TestMethod codeBase="D:\mario.santos\workspaces\personal\Nzr.ToolBox\dotnet\Nzr.ToolBox.Core.Tests\bin\Debug\netcoreapp2.2\Nzr.ToolBox.Core.Tests.dll" adapterTypeName="executor://xunit/VsTestRunner2/netcoreapp" className="Nzr.ToolBox.Core.Tests.BooleanUtilsTests" name="Nzr.ToolBox.Core.Tests.BooleanUtilsTests.ToBool_WithPositiveString_ShouldReturnTrue(value: &quot;Sim&quot;)" />
    </UnitTest>
    <UnitTest name="Nzr.ToolBox.Core.Tests.BooleanUtilsTests.IsAllFalse_WithOneTrueValue_ShouldReturnFalse" storage="d:\mario.santos\workspaces\personal\nzr.toolbox\dotnet\nzr.toolbox.core.tests\bin\debug\netcoreapp2.2\nzr.toolbox.core.tests.dll" id="f69da90d-10ac-e902-c8cf-752cc6502d57">
      <Execution id="5bd20802-1154-4042-b61d-95f998677e65" />
      <TestMethod codeBase="D:\mario.santos\workspaces\personal\Nzr.ToolBox\dotnet\Nzr.ToolBox.Core.Tests\bin\Debug\netcoreapp2.2\Nzr.ToolBox.Core.Tests.dll" adapterTypeName="executor://xunit/VsTestRunner2/netcoreapp" className="Nzr.ToolBox.Core.Tests.BooleanUtilsTests" name="Nzr.ToolBox.Core.Tests.BooleanUtilsTests.IsAllFalse_WithOneTrueValue_ShouldReturnFalse" />
    </UnitTest>
    <UnitTest name="Nzr.ToolBox.Core.Tests.StringUtilsTest.IsNotBlank_WithEmptyString_ShouldReturnFalse" storage="d:\mario.santos\workspaces\personal\nzr.toolbox\dotnet\nzr.toolbox.core.tests\bin\debug\netcoreapp2.2\nzr.toolbox.core.tests.dll" id="b292ce2e-5824-fb2a-2909-216dafdf7687">
      <Execution id="a1451a63-6b0a-40a8-b5d9-ff9e79572b81" />
      <TestMethod codeBase="D:\mario.santos\workspaces\personal\Nzr.ToolBox\dotnet\Nzr.ToolBox.Core.Tests\bin\Debug\netcoreapp2.2\Nzr.ToolBox.Core.Tests.dll" adapterTypeName="executor://xunit/VsTestRunner2/netcoreapp" className="Nzr.ToolBox.Core.Tests.StringUtilsTest" name="Nzr.ToolBox.Core.Tests.StringUtilsTest.IsNotBlank_WithEmptyString_ShouldReturnFalse" />
    </UnitTest>
    <UnitTest name="Nzr.ToolBox.Core.Tests.ObjectUtilsTest.IfNotNull_WithNonNullValue_ShouldNotThrowException" storage="d:\mario.santos\workspaces\personal\nzr.toolbox\dotnet\nzr.toolbox.core.tests\bin\debug\netcoreapp2.2\nzr.toolbox.core.tests.dll" id="a9c9a902-559f-8aa4-faab-16816a4be232">
      <Execution id="b643b0e3-dc90-4830-8d8b-1a0d30ab23fc" />
      <TestMethod codeBase="D:\mario.santos\workspaces\personal\Nzr.ToolBox\dotnet\Nzr.ToolBox.Core.Tests\bin\Debug\netcoreapp2.2\Nzr.ToolBox.Core.Tests.dll" adapterTypeName="executor://xunit/VsTestRunner2/netcoreapp" className="Nzr.ToolBox.Core.Tests.ObjectUtilsTest" name="Nzr.ToolBox.Core.Tests.ObjectUtilsTest.IfNotNull_WithNonNullValue_ShouldNotThrowException" />
    </UnitTest>
    <UnitTest name="Nzr.ToolBox.Core.Tests.CollectionUtilsTests.ContainsAny_WithNullSourceEnumerable_ShouldReturnFalse" storage="d:\mario.santos\workspaces\personal\nzr.toolbox\dotnet\nzr.toolbox.core.tests\bin\debug\netcoreapp2.2\nzr.toolbox.core.tests.dll" id="ef6ada67-330a-0b9a-effa-9092d4393f41">
      <Execution id="788e14a2-1e72-4240-b905-858b0ea2e702" />
      <TestMethod codeBase="D:\mario.santos\workspaces\personal\Nzr.ToolBox\dotnet\Nzr.ToolBox.Core.Tests\bin\Debug\netcoreapp2.2\Nzr.ToolBox.Core.Tests.dll" adapterTypeName="executor://xunit/VsTestRunner2/netcoreapp" className="Nzr.ToolBox.Core.Tests.CollectionUtilsTests" name="Nzr.ToolBox.Core.Tests.CollectionUtilsTests.ContainsAny_WithNullSourceEnumerable_ShouldReturnFalse" />
    </UnitTest>
    <UnitTest name="Nzr.ToolBox.Core.Tests.BooleanUtilsTests.Describe_WihFalseValueAndWitCustomFalseString_ShouldReturnCustomString" storage="d:\mario.santos\workspaces\personal\nzr.toolbox\dotnet\nzr.toolbox.core.tests\bin\debug\netcoreapp2.2\nzr.toolbox.core.tests.dll" id="ffdd3661-fbf5-5fd8-8d4d-955844eb2b7f">
      <Execution id="c6d3245b-a7af-4380-a4f3-2a5c0acd9a3b" />
      <TestMethod codeBase="D:\mario.santos\workspaces\personal\Nzr.ToolBox\dotnet\Nzr.ToolBox.Core.Tests\bin\Debug\netcoreapp2.2\Nzr.ToolBox.Core.Tests.dll" adapterTypeName="executor://xunit/VsTestRunner2/netcoreapp" className="Nzr.ToolBox.Core.Tests.BooleanUtilsTests" name="Nzr.ToolBox.Core.Tests.BooleanUtilsTests.Describe_WihFalseValueAndWitCustomFalseString_ShouldReturnCustomString" />
    </UnitTest>
    <UnitTest name="Nzr.ToolBox.Core.Tests.StringUtilsTest.GetFirstNonEmpty_WithNonEmptyString_ShouldReturnNonEmptyString" storage="d:\mario.santos\workspaces\personal\nzr.toolbox\dotnet\nzr.toolbox.core.tests\bin\debug\netcoreapp2.2\nzr.toolbox.core.tests.dll" id="e397fe5c-dda2-b97d-97d4-6dd12c3d68a3">
      <Execution id="57dd82d4-48ac-4d10-997a-8f52523319a2" />
      <TestMethod codeBase="D:\mario.santos\workspaces\personal\Nzr.ToolBox\dotnet\Nzr.ToolBox.Core.Tests\bin\Debug\netcoreapp2.2\Nzr.ToolBox.Core.Tests.dll" adapterTypeName="executor://xunit/VsTestRunner2/netcoreapp" className="Nzr.ToolBox.Core.Tests.StringUtilsTest" name="Nzr.ToolBox.Core.Tests.StringUtilsTest.GetFirstNonEmpty_WithNonEmptyString_ShouldReturnNonEmptyString" />
    </UnitTest>
    <UnitTest name="Nzr.ToolBox.Core.Tests.StringUtilsTest.IsNotEmpty_WithEmptyString_ShouldReturnFalse" storage="d:\mario.santos\workspaces\personal\nzr.toolbox\dotnet\nzr.toolbox.core.tests\bin\debug\netcoreapp2.2\nzr.toolbox.core.tests.dll" id="0d7388ec-535d-bdbd-7333-2708e1a2ca4e">
      <Execution id="12c2cd45-d857-49ce-86ac-7be3b83c55af" />
      <TestMethod codeBase="D:\mario.santos\workspaces\personal\Nzr.ToolBox\dotnet\Nzr.ToolBox.Core.Tests\bin\Debug\netcoreapp2.2\Nzr.ToolBox.Core.Tests.dll" adapterTypeName="executor://xunit/VsTestRunner2/netcoreapp" className="Nzr.ToolBox.Core.Tests.StringUtilsTest" name="Nzr.ToolBox.Core.Tests.StringUtilsTest.IsNotEmpty_WithEmptyString_ShouldReturnFalse" />
    </UnitTest>
    <UnitTest name="Nzr.ToolBox.Core.Tests.RandomUtilsTest.RandomBoolean_ShouldReturnUniqueValues(iterations: 10000, seed: 1)" storage="d:\mario.santos\workspaces\personal\nzr.toolbox\dotnet\nzr.toolbox.core.tests\bin\debug\netcoreapp2.2\nzr.toolbox.core.tests.dll" id="16b669e8-8590-1a4a-5e26-b385242802e4">
      <Execution id="eb07ad4e-01bb-455f-8389-15769b6c194e" />
      <TestMethod codeBase="D:\mario.santos\workspaces\personal\Nzr.ToolBox\dotnet\Nzr.ToolBox.Core.Tests\bin\Debug\netcoreapp2.2\Nzr.ToolBox.Core.Tests.dll" adapterTypeName="executor://xunit/VsTestRunner2/netcoreapp" className="Nzr.ToolBox.Core.Tests.RandomUtilsTest" name="Nzr.ToolBox.Core.Tests.RandomUtilsTest.RandomBoolean_ShouldReturnUniqueValues(iterations: 10000, seed: 1)" />
    </UnitTest>
    <UnitTest name="Nzr.ToolBox.Core.Tests.NumberUtilsTest.PadLeft_WithNumersOfSameSize_ShouldNotAppendChars" storage="d:\mario.santos\workspaces\personal\nzr.toolbox\dotnet\nzr.toolbox.core.tests\bin\debug\netcoreapp2.2\nzr.toolbox.core.tests.dll" id="35a949bc-25b1-b507-0940-c12b7933499b">
      <Execution id="a8c77705-0ad6-4013-a1f4-8f1223d5cfb3" />
      <TestMethod codeBase="D:\mario.santos\workspaces\personal\Nzr.ToolBox\dotnet\Nzr.ToolBox.Core.Tests\bin\Debug\netcoreapp2.2\Nzr.ToolBox.Core.Tests.dll" adapterTypeName="executor://xunit/VsTestRunner2/netcoreapp" className="Nzr.ToolBox.Core.Tests.NumberUtilsTest" name="Nzr.ToolBox.Core.Tests.NumberUtilsTest.PadLeft_WithNumersOfSameSize_ShouldNotAppendChars" />
    </UnitTest>
    <UnitTest name="Nzr.ToolBox.Core.Tests.ObjectUtilsTest.RequireNonNull_WithNonNull_ShouldNotThrowExcetpion" storage="d:\mario.santos\workspaces\personal\nzr.toolbox\dotnet\nzr.toolbox.core.tests\bin\debug\netcoreapp2.2\nzr.toolbox.core.tests.dll" id="e8ec249d-dc87-2471-df22-5e2bd5f5cfd6">
      <Execution id="e464edd1-8d48-4996-a47c-3816965b742b" />
      <TestMethod codeBase="D:\mario.santos\workspaces\personal\Nzr.ToolBox\dotnet\Nzr.ToolBox.Core.Tests\bin\Debug\netcoreapp2.2\Nzr.ToolBox.Core.Tests.dll" adapterTypeName="executor://xunit/VsTestRunner2/netcoreapp" className="Nzr.ToolBox.Core.Tests.ObjectUtilsTest" name="Nzr.ToolBox.Core.Tests.ObjectUtilsTest.RequireNonNull_WithNonNull_ShouldNotThrowExcetpion" />
    </UnitTest>
    <UnitTest name="Nzr.ToolBox.Core.Tests.StringUtilsTest.DescribeIfNone_WithRegularString_ShouldReturnString" storage="d:\mario.santos\workspaces\personal\nzr.toolbox\dotnet\nzr.toolbox.core.tests\bin\debug\netcoreapp2.2\nzr.toolbox.core.tests.dll" id="d6c3c325-4119-8dd1-476b-5d0386c6cccf">
      <Execution id="8bfec04f-2215-40db-acae-7d1982fb9b40" />
      <TestMethod codeBase="D:\mario.santos\workspaces\personal\Nzr.ToolBox\dotnet\Nzr.ToolBox.Core.Tests\bin\Debug\netcoreapp2.2\Nzr.ToolBox.Core.Tests.dll" adapterTypeName="executor://xunit/VsTestRunner2/netcoreapp" className="Nzr.ToolBox.Core.Tests.StringUtilsTest" name="Nzr.ToolBox.Core.Tests.StringUtilsTest.DescribeIfNone_WithRegularString_ShouldReturnString" />
    </UnitTest>
    <UnitTest name="Nzr.ToolBox.Core.Tests.StringUtilsTest.IsIsBlank_WithBlankString_ShouldReturnTrue" storage="d:\mario.santos\workspaces\personal\nzr.toolbox\dotnet\nzr.toolbox.core.tests\bin\debug\netcoreapp2.2\nzr.toolbox.core.tests.dll" id="5c211a1b-af5c-0baa-3971-de7e6e4f1565">
      <Execution id="a56f0209-d46d-44b8-9667-510b488d178b" />
      <TestMethod codeBase="D:\mario.santos\workspaces\personal\Nzr.ToolBox\dotnet\Nzr.ToolBox.Core.Tests\bin\Debug\netcoreapp2.2\Nzr.ToolBox.Core.Tests.dll" adapterTypeName="executor://xunit/VsTestRunner2/netcoreapp" className="Nzr.ToolBox.Core.Tests.StringUtilsTest" name="Nzr.ToolBox.Core.Tests.StringUtilsTest.IsIsBlank_WithBlankString_ShouldReturnTrue" />
    </UnitTest>
    <UnitTest name="Nzr.ToolBox.Core.Tests.CollectionUtilsTests.ContainsAll_WithGenericEnumerableAndDiffElements_ShouldReturnFalse" storage="d:\mario.santos\workspaces\personal\nzr.toolbox\dotnet\nzr.toolbox.core.tests\bin\debug\netcoreapp2.2\nzr.toolbox.core.tests.dll" id="bed34e53-72a5-3fd2-6674-42d2c22e4e8b">
      <Execution id="8c1f11ec-8e86-4a98-a358-0b3c2327671e" />
      <TestMethod codeBase="D:\mario.santos\workspaces\personal\Nzr.ToolBox\dotnet\Nzr.ToolBox.Core.Tests\bin\Debug\netcoreapp2.2\Nzr.ToolBox.Core.Tests.dll" adapterTypeName="executor://xunit/VsTestRunner2/netcoreapp" className="Nzr.ToolBox.Core.Tests.CollectionUtilsTests" name="Nzr.ToolBox.Core.Tests.CollectionUtilsTests.ContainsAll_WithGenericEnumerableAndDiffElements_ShouldReturnFalse" />
    </UnitTest>
    <UnitTest name="Nzr.ToolBox.Core.Tests.StringUtilsTest.DescribeIfNone_WithNull_ShouldReturnNullString" storage="d:\mario.santos\workspaces\personal\nzr.toolbox\dotnet\nzr.toolbox.core.tests\bin\debug\netcoreapp2.2\nzr.toolbox.core.tests.dll" id="b89dea80-2b79-97b6-0fdd-76dc58be24ef">
      <Execution id="661d6e25-ce90-4f21-886f-a9e9baf23332" />
      <TestMethod codeBase="D:\mario.santos\workspaces\personal\Nzr.ToolBox\dotnet\Nzr.ToolBox.Core.Tests\bin\Debug\netcoreapp2.2\Nzr.ToolBox.Core.Tests.dll" adapterTypeName="executor://xunit/VsTestRunner2/netcoreapp" className="Nzr.ToolBox.Core.Tests.StringUtilsTest" name="Nzr.ToolBox.Core.Tests.StringUtilsTest.DescribeIfNone_WithNull_ShouldReturnNullString" />
    </UnitTest>
    <UnitTest name="Nzr.ToolBox.Core.Tests.StringUtilsTest.ContainsAny_WithOrdinalIgnoreCaseNullStringWithNullAsSubstrings_ShouldReturnTrue" storage="d:\mario.santos\workspaces\personal\nzr.toolbox\dotnet\nzr.toolbox.core.tests\bin\debug\netcoreapp2.2\nzr.toolbox.core.tests.dll" id="a8aeaf6c-55aa-4255-8afb-adec0e7c74a8">
      <Execution id="3c400738-ae1d-4f89-aa9b-cd2f6a414f3f" />
      <TestMethod codeBase="D:\mario.santos\workspaces\personal\Nzr.ToolBox\dotnet\Nzr.ToolBox.Core.Tests\bin\Debug\netcoreapp2.2\Nzr.ToolBox.Core.Tests.dll" adapterTypeName="executor://xunit/VsTestRunner2/netcoreapp" className="Nzr.ToolBox.Core.Tests.StringUtilsTest" name="Nzr.ToolBox.Core.Tests.StringUtilsTest.ContainsAny_WithOrdinalIgnoreCaseNullStringWithNullAsSubstrings_ShouldReturnTrue" />
    </UnitTest>
    <UnitTest name="Nzr.ToolBox.Core.Tests.RandomUtilsTest.RandomShort_ShouldReturnUniqueValues(iterations: 10000, seed: null)" storage="d:\mario.santos\workspaces\personal\nzr.toolbox\dotnet\nzr.toolbox.core.tests\bin\debug\netcoreapp2.2\nzr.toolbox.core.tests.dll" id="621f5184-bf98-2fcc-5c3b-580eeb41f3a6">
      <Execution id="596ae031-e3fc-454d-896e-efdf03668b8e" />
      <TestMethod codeBase="D:\mario.santos\workspaces\personal\Nzr.ToolBox\dotnet\Nzr.ToolBox.Core.Tests\bin\Debug\netcoreapp2.2\Nzr.ToolBox.Core.Tests.dll" adapterTypeName="executor://xunit/VsTestRunner2/netcoreapp" className="Nzr.ToolBox.Core.Tests.RandomUtilsTest" name="Nzr.ToolBox.Core.Tests.RandomUtilsTest.RandomShort_ShouldReturnUniqueValues(iterations: 10000, seed: null)" />
    </UnitTest>
    <UnitTest name="Nzr.ToolBox.Core.Tests.StringUtilsTest.IsAnyEmpty_WithOneNullStrings_ShouldReturnTrue" storage="d:\mario.santos\workspaces\personal\nzr.toolbox\dotnet\nzr.toolbox.core.tests\bin\debug\netcoreapp2.2\nzr.toolbox.core.tests.dll" id="f17c6f13-62c6-75d6-4586-0ee5d254add5">
      <Execution id="9ccddfd9-584b-4509-839b-036c49f23c0a" />
      <TestMethod codeBase="D:\mario.santos\workspaces\personal\Nzr.ToolBox\dotnet\Nzr.ToolBox.Core.Tests\bin\Debug\netcoreapp2.2\Nzr.ToolBox.Core.Tests.dll" adapterTypeName="executor://xunit/VsTestRunner2/netcoreapp" className="Nzr.ToolBox.Core.Tests.StringUtilsTest" name="Nzr.ToolBox.Core.Tests.StringUtilsTest.IsAnyEmpty_WithOneNullStrings_ShouldReturnTrue" />
    </UnitTest>
    <UnitTest name="Nzr.ToolBox.Core.Tests.CollectionUtilsTests.GetKey_WithNotMappedInput_ShouldReturnNull" storage="d:\mario.santos\workspaces\personal\nzr.toolbox\dotnet\nzr.toolbox.core.tests\bin\debug\netcoreapp2.2\nzr.toolbox.core.tests.dll" id="10c60c49-fc34-a570-7e27-f72cbc125676">
      <Execution id="924db73b-ec90-464f-b11a-de91cc4c6856" />
      <TestMethod codeBase="D:\mario.santos\workspaces\personal\Nzr.ToolBox\dotnet\Nzr.ToolBox.Core.Tests\bin\Debug\netcoreapp2.2\Nzr.ToolBox.Core.Tests.dll" adapterTypeName="executor://xunit/VsTestRunner2/netcoreapp" className="Nzr.ToolBox.Core.Tests.CollectionUtilsTests" name="Nzr.ToolBox.Core.Tests.CollectionUtilsTests.GetKey_WithNotMappedInput_ShouldReturnNull" />
    </UnitTest>
    <UnitTest name="Nzr.ToolBox.Core.Tests.StringUtilsTest.ContainsNone_WithStringNotContainingOneOfSubstring_ShouldReturnTrue" storage="d:\mario.santos\workspaces\personal\nzr.toolbox\dotnet\nzr.toolbox.core.tests\bin\debug\netcoreapp2.2\nzr.toolbox.core.tests.dll" id="ac4d6dc8-ac9c-ed69-2ea1-c142e3a580cd">
      <Execution id="4dd31b33-b0f6-415b-84dd-ef232a7ca103" />
      <TestMethod codeBase="D:\mario.santos\workspaces\personal\Nzr.ToolBox\dotnet\Nzr.ToolBox.Core.Tests\bin\Debug\netcoreapp2.2\Nzr.ToolBox.Core.Tests.dll" adapterTypeName="executor://xunit/VsTestRunner2/netcoreapp" className="Nzr.ToolBox.Core.Tests.StringUtilsTest" name="Nzr.ToolBox.Core.Tests.StringUtilsTest.ContainsNone_WithStringNotContainingOneOfSubstring_ShouldReturnTrue" />
    </UnitTest>
    <UnitTest name="Nzr.ToolBox.Core.Tests.ObjectUtilsTest.IsAllNull_WithOneNonNull_ShouldReturnFalse" storage="d:\mario.santos\workspaces\personal\nzr.toolbox\dotnet\nzr.toolbox.core.tests\bin\debug\netcoreapp2.2\nzr.toolbox.core.tests.dll" id="f5642f76-0883-ad8b-d556-29e3eb347cee">
      <Execution id="7d16af72-9ba4-4c54-8127-3e4e58a1bfdf" />
      <TestMethod codeBase="D:\mario.santos\workspaces\personal\Nzr.ToolBox\dotnet\Nzr.ToolBox.Core.Tests\bin\Debug\netcoreapp2.2\Nzr.ToolBox.Core.Tests.dll" adapterTypeName="executor://xunit/VsTestRunner2/netcoreapp" className="Nzr.ToolBox.Core.Tests.ObjectUtilsTest" name="Nzr.ToolBox.Core.Tests.ObjectUtilsTest.IsAllNull_WithOneNonNull_ShouldReturnFalse" />
    </UnitTest>
    <UnitTest name="Nzr.ToolBox.Core.Tests.StringUtilsTest.ReplaceNonNumeric_WithAlphanumeric_ShouldReturnNumericString" storage="d:\mario.santos\workspaces\personal\nzr.toolbox\dotnet\nzr.toolbox.core.tests\bin\debug\netcoreapp2.2\nzr.toolbox.core.tests.dll" id="236a92cf-3924-1f9e-9e0c-dac1bdd2fdae">
      <Execution id="1dc52550-cdde-40af-9af0-474c8a5dc39a" />
      <TestMethod codeBase="D:\mario.santos\workspaces\personal\Nzr.ToolBox\dotnet\Nzr.ToolBox.Core.Tests\bin\Debug\netcoreapp2.2\Nzr.ToolBox.Core.Tests.dll" adapterTypeName="executor://xunit/VsTestRunner2/netcoreapp" className="Nzr.ToolBox.Core.Tests.StringUtilsTest" name="Nzr.ToolBox.Core.Tests.StringUtilsTest.ReplaceNonNumeric_WithAlphanumeric_ShouldReturnNumericString" />
    </UnitTest>
    <UnitTest name="Nzr.ToolBox.Core.Tests.StringUtilsTest.DefaultIfBlank_WitBlankString_ShouldReturnDefault" storage="d:\mario.santos\workspaces\personal\nzr.toolbox\dotnet\nzr.toolbox.core.tests\bin\debug\netcoreapp2.2\nzr.toolbox.core.tests.dll" id="57a7a709-5f41-6a40-bb89-55bb8181b369">
      <Execution id="0baeb73a-11f4-4b51-b934-c79904e34fbe" />
      <TestMethod codeBase="D:\mario.santos\workspaces\personal\Nzr.ToolBox\dotnet\Nzr.ToolBox.Core.Tests\bin\Debug\netcoreapp2.2\Nzr.ToolBox.Core.Tests.dll" adapterTypeName="executor://xunit/VsTestRunner2/netcoreapp" className="Nzr.ToolBox.Core.Tests.StringUtilsTest" name="Nzr.ToolBox.Core.Tests.StringUtilsTest.DefaultIfBlank_WitBlankString_ShouldReturnDefault" />
    </UnitTest>
    <UnitTest name="Nzr.ToolBox.Core.Tests.BooleanUtilsTests.Describe_WihNullValueAndWithDefaultNullString_ShouldReturnYes" storage="d:\mario.santos\workspaces\personal\nzr.toolbox\dotnet\nzr.toolbox.core.tests\bin\debug\netcoreapp2.2\nzr.toolbox.core.tests.dll" id="9395d62a-bb73-ed55-16b7-2f3d5b4afa0d">
      <Execution id="8cddf217-195d-4fcc-896e-685116be35aa" />
      <TestMethod codeBase="D:\mario.santos\workspaces\personal\Nzr.ToolBox\dotnet\Nzr.ToolBox.Core.Tests\bin\Debug\netcoreapp2.2\Nzr.ToolBox.Core.Tests.dll" adapterTypeName="executor://xunit/VsTestRunner2/netcoreapp" className="Nzr.ToolBox.Core.Tests.BooleanUtilsTests" name="Nzr.ToolBox.Core.Tests.BooleanUtilsTests.Describe_WihNullValueAndWithDefaultNullString_ShouldReturnYes" />
    </UnitTest>
    <UnitTest name="Nzr.ToolBox.Core.Tests.ObjectUtilsTest.IfNotNull_WithNonNullValue_ShouldExecuteNotNullAction" storage="d:\mario.santos\workspaces\personal\nzr.toolbox\dotnet\nzr.toolbox.core.tests\bin\debug\netcoreapp2.2\nzr.toolbox.core.tests.dll" id="a7cd429d-9ea9-105f-832c-f5c0d894de31">
      <Execution id="2586d1ae-c14a-459e-84de-133407be2118" />
      <TestMethod codeBase="D:\mario.santos\workspaces\personal\Nzr.ToolBox\dotnet\Nzr.ToolBox.Core.Tests\bin\Debug\netcoreapp2.2\Nzr.ToolBox.Core.Tests.dll" adapterTypeName="executor://xunit/VsTestRunner2/netcoreapp" className="Nzr.ToolBox.Core.Tests.ObjectUtilsTest" name="Nzr.ToolBox.Core.Tests.ObjectUtilsTest.IfNotNull_WithNonNullValue_ShouldExecuteNotNullAction" />
    </UnitTest>
    <UnitTest name="Nzr.ToolBox.Core.Tests.BooleanUtilsTests.IsFalse_WithNullOrFalseValue_ShouldReturnTrue(value: null)" storage="d:\mario.santos\workspaces\personal\nzr.toolbox\dotnet\nzr.toolbox.core.tests\bin\debug\netcoreapp2.2\nzr.toolbox.core.tests.dll" id="e621f990-2ff4-53a1-1046-2de89a2122fa">
      <Execution id="f5c698ec-dfa3-4780-9c8e-53db2bc5d784" />
      <TestMethod codeBase="D:\mario.santos\workspaces\personal\Nzr.ToolBox\dotnet\Nzr.ToolBox.Core.Tests\bin\Debug\netcoreapp2.2\Nzr.ToolBox.Core.Tests.dll" adapterTypeName="executor://xunit/VsTestRunner2/netcoreapp" className="Nzr.ToolBox.Core.Tests.BooleanUtilsTests" name="Nzr.ToolBox.Core.Tests.BooleanUtilsTests.IsFalse_WithNullOrFalseValue_ShouldReturnTrue(value: null)" />
    </UnitTest>
    <UnitTest name="Nzr.ToolBox.Core.Tests.CollectionUtilsTests.IndexOf_WithNullArray_ShouldReturnMinusOne" storage="d:\mario.santos\workspaces\personal\nzr.toolbox\dotnet\nzr.toolbox.core.tests\bin\debug\netcoreapp2.2\nzr.toolbox.core.tests.dll" id="d28a0297-760c-4cec-387e-c15f0b69f3a0">
      <Execution id="a01b8087-6500-4a21-bb79-28922825c078" />
      <TestMethod codeBase="D:\mario.santos\workspaces\personal\Nzr.ToolBox\dotnet\Nzr.ToolBox.Core.Tests\bin\Debug\netcoreapp2.2\Nzr.ToolBox.Core.Tests.dll" adapterTypeName="executor://xunit/VsTestRunner2/netcoreapp" className="Nzr.ToolBox.Core.Tests.CollectionUtilsTests" name="Nzr.ToolBox.Core.Tests.CollectionUtilsTests.IndexOf_WithNullArray_ShouldReturnMinusOne" />
    </UnitTest>
    <UnitTest name="Nzr.ToolBox.Core.Tests.StringUtilsTest.RemoveEnd_WithNull_ShouldReturnNull" storage="d:\mario.santos\workspaces\personal\nzr.toolbox\dotnet\nzr.toolbox.core.tests\bin\debug\netcoreapp2.2\nzr.toolbox.core.tests.dll" id="78387f85-e5e6-fa65-b4de-446c8486e80c">
      <Execution id="d839f667-211e-44e4-9a62-5946afa458ff" />
      <TestMethod codeBase="D:\mario.santos\workspaces\personal\Nzr.ToolBox\dotnet\Nzr.ToolBox.Core.Tests\bin\Debug\netcoreapp2.2\Nzr.ToolBox.Core.Tests.dll" adapterTypeName="executor://xunit/VsTestRunner2/netcoreapp" className="Nzr.ToolBox.Core.Tests.StringUtilsTest" name="Nzr.ToolBox.Core.Tests.StringUtilsTest.RemoveEnd_WithNull_ShouldReturnNull" />
    </UnitTest>
    <UnitTest name="Nzr.ToolBox.Core.Tests.StringUtilsTest.Prefix_WithExistingPrefixAndOverride_ShouldAddPrefix" storage="d:\mario.santos\workspaces\personal\nzr.toolbox\dotnet\nzr.toolbox.core.tests\bin\debug\netcoreapp2.2\nzr.toolbox.core.tests.dll" id="7105bf79-1b8a-62bc-ff30-e967b860c8fb">
      <Execution id="b7d94915-d989-482c-8893-8be1631f7bc7" />
      <TestMethod codeBase="D:\mario.santos\workspaces\personal\Nzr.ToolBox\dotnet\Nzr.ToolBox.Core.Tests\bin\Debug\netcoreapp2.2\Nzr.ToolBox.Core.Tests.dll" adapterTypeName="executor://xunit/VsTestRunner2/netcoreapp" className="Nzr.ToolBox.Core.Tests.StringUtilsTest" name="Nzr.ToolBox.Core.Tests.StringUtilsTest.Prefix_WithExistingPrefixAndOverride_ShouldAddPrefix" />
    </UnitTest>
    <UnitTest name="Nzr.ToolBox.Core.Tests.StringUtilsTest.IsNotEmpty_WithNullString_ShouldReturnFalse" storage="d:\mario.santos\workspaces\personal\nzr.toolbox\dotnet\nzr.toolbox.core.tests\bin\debug\netcoreapp2.2\nzr.toolbox.core.tests.dll" id="39856355-a5fb-aec1-b06d-ff7431c95990">
      <Execution id="996fe911-b016-48d6-962f-91a011bfe105" />
      <TestMethod codeBase="D:\mario.santos\workspaces\personal\Nzr.ToolBox\dotnet\Nzr.ToolBox.Core.Tests\bin\Debug\netcoreapp2.2\Nzr.ToolBox.Core.Tests.dll" adapterTypeName="executor://xunit/VsTestRunner2/netcoreapp" className="Nzr.ToolBox.Core.Tests.StringUtilsTest" name="Nzr.ToolBox.Core.Tests.StringUtilsTest.IsNotEmpty_WithNullString_ShouldReturnFalse" />
    </UnitTest>
    <UnitTest name="Nzr.ToolBox.Core.Tests.StringUtilsTest.Prefix_WithNullString_ShouldReturnPrefix" storage="d:\mario.santos\workspaces\personal\nzr.toolbox\dotnet\nzr.toolbox.core.tests\bin\debug\netcoreapp2.2\nzr.toolbox.core.tests.dll" id="4e688b3a-c6fa-9e06-b2ea-25f4e79d1af0">
      <Execution id="2e798006-a9fc-4f29-9d7f-c199a11c5b5f" />
      <TestMethod codeBase="D:\mario.santos\workspaces\personal\Nzr.ToolBox\dotnet\Nzr.ToolBox.Core.Tests\bin\Debug\netcoreapp2.2\Nzr.ToolBox.Core.Tests.dll" adapterTypeName="executor://xunit/VsTestRunner2/netcoreapp" className="Nzr.ToolBox.Core.Tests.StringUtilsTest" name="Nzr.ToolBox.Core.Tests.StringUtilsTest.Prefix_WithNullString_ShouldReturnPrefix" />
    </UnitTest>
    <UnitTest name="Nzr.ToolBox.Core.Tests.RandomUtilsTest.RandomString_WithLetterOnly_ShouldReturnAlphaString" storage="d:\mario.santos\workspaces\personal\nzr.toolbox\dotnet\nzr.toolbox.core.tests\bin\debug\netcoreapp2.2\nzr.toolbox.core.tests.dll" id="3c6ff78b-37a5-1893-6545-c9982c97f098">
      <Execution id="b32b9180-4880-4ef6-bd6a-7707279c29ad" />
      <TestMethod codeBase="D:\mario.santos\workspaces\personal\Nzr.ToolBox\dotnet\Nzr.ToolBox.Core.Tests\bin\Debug\netcoreapp2.2\Nzr.ToolBox.Core.Tests.dll" adapterTypeName="executor://xunit/VsTestRunner2/netcoreapp" className="Nzr.ToolBox.Core.Tests.RandomUtilsTest" name="Nzr.ToolBox.Core.Tests.RandomUtilsTest.RandomString_WithLetterOnly_ShouldReturnAlphaString" />
    </UnitTest>
    <UnitTest name="Nzr.ToolBox.Core.Tests.CollectionUtilsTests.ContainsAny_WithNullSourceGenericEnumerable_ShouldReturnFalse" storage="d:\mario.santos\workspaces\personal\nzr.toolbox\dotnet\nzr.toolbox.core.tests\bin\debug\netcoreapp2.2\nzr.toolbox.core.tests.dll" id="17e8d1af-7513-6e4a-a197-e678fcd6fbf1">
      <Execution id="e8b41a0c-edb0-4268-a5f2-daabe86062a8" />
      <TestMethod codeBase="D:\mario.santos\workspaces\personal\Nzr.ToolBox\dotnet\Nzr.ToolBox.Core.Tests\bin\Debug\netcoreapp2.2\Nzr.ToolBox.Core.Tests.dll" adapterTypeName="executor://xunit/VsTestRunner2/netcoreapp" className="Nzr.ToolBox.Core.Tests.CollectionUtilsTests" name="Nzr.ToolBox.Core.Tests.CollectionUtilsTests.ContainsAny_WithNullSourceGenericEnumerable_ShouldReturnFalse" />
    </UnitTest>
    <UnitTest name="Nzr.ToolBox.Core.Tests.ReflectionUtilsTest.GetPropertyNames_WithEntity_ShouldReturnPropertyNames" storage="d:\mario.santos\workspaces\personal\nzr.toolbox\dotnet\nzr.toolbox.core.tests\bin\debug\netcoreapp2.2\nzr.toolbox.core.tests.dll" id="d96c4133-05ac-c52a-39ad-da9730d7d1d4">
      <Execution id="b209d5f1-3ce4-4713-867d-0e6172e62268" />
      <TestMethod codeBase="D:\mario.santos\workspaces\personal\Nzr.ToolBox\dotnet\Nzr.ToolBox.Core.Tests\bin\Debug\netcoreapp2.2\Nzr.ToolBox.Core.Tests.dll" adapterTypeName="executor://xunit/VsTestRunner2/netcoreapp" className="Nzr.ToolBox.Core.Tests.ReflectionUtilsTest" name="Nzr.ToolBox.Core.Tests.ReflectionUtilsTest.GetPropertyNames_WithEntity_ShouldReturnPropertyNames" />
    </UnitTest>
    <UnitTest name="Nzr.ToolBox.Core.Tests.StringUtilsTest.Append_WithString_ShouldReturnStringWithAppendedValues" storage="d:\mario.santos\workspaces\personal\nzr.toolbox\dotnet\nzr.toolbox.core.tests\bin\debug\netcoreapp2.2\nzr.toolbox.core.tests.dll" id="de25e89d-7e39-180e-63d8-8a6c03a05fc0">
      <Execution id="5cd8c107-eae1-41ee-81e1-51dd0e67a232" />
      <TestMethod codeBase="D:\mario.santos\workspaces\personal\Nzr.ToolBox\dotnet\Nzr.ToolBox.Core.Tests\bin\Debug\netcoreapp2.2\Nzr.ToolBox.Core.Tests.dll" adapterTypeName="executor://xunit/VsTestRunner2/netcoreapp" className="Nzr.ToolBox.Core.Tests.StringUtilsTest" name="Nzr.ToolBox.Core.Tests.StringUtilsTest.Append_WithString_ShouldReturnStringWithAppendedValues" />
    </UnitTest>
    <UnitTest name="Nzr.ToolBox.Core.Tests.StringUtilsTest.IsNotBlank_WithBlankString_ShouldReturnFalse" storage="d:\mario.santos\workspaces\personal\nzr.toolbox\dotnet\nzr.toolbox.core.tests\bin\debug\netcoreapp2.2\nzr.toolbox.core.tests.dll" id="dbff4c7a-b8c7-3550-f81a-813f19773541">
      <Execution id="ee046112-6bb5-424c-bd30-240a0ead18bb" />
      <TestMethod codeBase="D:\mario.santos\workspaces\personal\Nzr.ToolBox\dotnet\Nzr.ToolBox.Core.Tests\bin\Debug\netcoreapp2.2\Nzr.ToolBox.Core.Tests.dll" adapterTypeName="executor://xunit/VsTestRunner2/netcoreapp" className="Nzr.ToolBox.Core.Tests.StringUtilsTest" name="Nzr.ToolBox.Core.Tests.StringUtilsTest.IsNotBlank_WithBlankString_ShouldReturnFalse" />
    </UnitTest>
    <UnitTest name="Nzr.ToolBox.Core.Tests.StringUtilsTest.Truncate_WithStringLargerThanLimit_ShouldReturnTruncatedString" storage="d:\mario.santos\workspaces\personal\nzr.toolbox\dotnet\nzr.toolbox.core.tests\bin\debug\netcoreapp2.2\nzr.toolbox.core.tests.dll" id="ccffac2f-6628-9393-88cb-889ebe715882">
      <Execution id="75e74f4c-06c3-408f-8f71-15c0cc9446e6" />
      <TestMethod codeBase="D:\mario.santos\workspaces\personal\Nzr.ToolBox\dotnet\Nzr.ToolBox.Core.Tests\bin\Debug\netcoreapp2.2\Nzr.ToolBox.Core.Tests.dll" adapterTypeName="executor://xunit/VsTestRunner2/netcoreapp" className="Nzr.ToolBox.Core.Tests.StringUtilsTest" name="Nzr.ToolBox.Core.Tests.StringUtilsTest.Truncate_WithStringLargerThanLimit_ShouldReturnTruncatedString" />
    </UnitTest>
    <UnitTest name="Nzr.ToolBox.Core.Tests.BooleanUtilsTests.IsFalse_WithNullOrFalseValue_ShouldReturnTrue(value: False)" storage="d:\mario.santos\workspaces\personal\nzr.toolbox\dotnet\nzr.toolbox.core.tests\bin\debug\netcoreapp2.2\nzr.toolbox.core.tests.dll" id="28e678a0-2d75-ba44-cf85-f12a6e015f2f">
      <Execution id="3216e502-7c51-4240-b26e-351cda6bf040" />
      <TestMethod codeBase="D:\mario.santos\workspaces\personal\Nzr.ToolBox\dotnet\Nzr.ToolBox.Core.Tests\bin\Debug\netcoreapp2.2\Nzr.ToolBox.Core.Tests.dll" adapterTypeName="executor://xunit/VsTestRunner2/netcoreapp" className="Nzr.ToolBox.Core.Tests.BooleanUtilsTests" name="Nzr.ToolBox.Core.Tests.BooleanUtilsTests.IsFalse_WithNullOrFalseValue_ShouldReturnTrue(value: False)" />
    </UnitTest>
    <UnitTest name="Nzr.ToolBox.Core.Tests.NumberUtilsTest.Abst_ShouldReturnAbsoluteValues" storage="d:\mario.santos\workspaces\personal\nzr.toolbox\dotnet\nzr.toolbox.core.tests\bin\debug\netcoreapp2.2\nzr.toolbox.core.tests.dll" id="e8533fcc-bc29-5fe3-a5ee-e79f5f2b1440">
      <Execution id="2ece8453-1182-4bad-b564-d3d63f781e68" />
      <TestMethod codeBase="D:\mario.santos\workspaces\personal\Nzr.ToolBox\dotnet\Nzr.ToolBox.Core.Tests\bin\Debug\netcoreapp2.2\Nzr.ToolBox.Core.Tests.dll" adapterTypeName="executor://xunit/VsTestRunner2/netcoreapp" className="Nzr.ToolBox.Core.Tests.NumberUtilsTest" name="Nzr.ToolBox.Core.Tests.NumberUtilsTest.Abst_ShouldReturnAbsoluteValues" />
    </UnitTest>
    <UnitTest name="Nzr.ToolBox.Core.Tests.StringUtilsTest.RemoveStart_WithNull_ShouldReturnNull" storage="d:\mario.santos\workspaces\personal\nzr.toolbox\dotnet\nzr.toolbox.core.tests\bin\debug\netcoreapp2.2\nzr.toolbox.core.tests.dll" id="265af543-0d1a-56da-e209-7d56a3acc7da">
      <Execution id="116b7dc4-c0da-4be2-ada0-d62760561f85" />
      <TestMethod codeBase="D:\mario.santos\workspaces\personal\Nzr.ToolBox\dotnet\Nzr.ToolBox.Core.Tests\bin\Debug\netcoreapp2.2\Nzr.ToolBox.Core.Tests.dll" adapterTypeName="executor://xunit/VsTestRunner2/netcoreapp" className="Nzr.ToolBox.Core.Tests.StringUtilsTest" name="Nzr.ToolBox.Core.Tests.StringUtilsTest.RemoveStart_WithNull_ShouldReturnNull" />
    </UnitTest>
    <UnitTest name="Nzr.ToolBox.Core.Tests.StringUtilsTest.Replace_WithNullString_ShouldReturnDefault" storage="d:\mario.santos\workspaces\personal\nzr.toolbox\dotnet\nzr.toolbox.core.tests\bin\debug\netcoreapp2.2\nzr.toolbox.core.tests.dll" id="da642cc4-82fe-b6d1-55ca-0b6105cd1909">
      <Execution id="1beef5a4-00ca-4f40-95cb-48619c387d59" />
      <TestMethod codeBase="D:\mario.santos\workspaces\personal\Nzr.ToolBox\dotnet\Nzr.ToolBox.Core.Tests\bin\Debug\netcoreapp2.2\Nzr.ToolBox.Core.Tests.dll" adapterTypeName="executor://xunit/VsTestRunner2/netcoreapp" className="Nzr.ToolBox.Core.Tests.StringUtilsTest" name="Nzr.ToolBox.Core.Tests.StringUtilsTest.Replace_WithNullString_ShouldReturnDefault" />
    </UnitTest>
    <UnitTest name="Nzr.ToolBox.Core.Tests.NumberUtilsTest.ToHexadecimal_WithNumberWithoutPrefix_ShouldReturnBinaryNumbersOnly" storage="d:\mario.santos\workspaces\personal\nzr.toolbox\dotnet\nzr.toolbox.core.tests\bin\debug\netcoreapp2.2\nzr.toolbox.core.tests.dll" id="13153add-9bc0-f723-33ce-d424523eb081">
      <Execution id="14378762-0617-4f40-aebe-a8cea92f6115" />
      <TestMethod codeBase="D:\mario.santos\workspaces\personal\Nzr.ToolBox\dotnet\Nzr.ToolBox.Core.Tests\bin\Debug\netcoreapp2.2\Nzr.ToolBox.Core.Tests.dll" adapterTypeName="executor://xunit/VsTestRunner2/netcoreapp" className="Nzr.ToolBox.Core.Tests.NumberUtilsTest" name="Nzr.ToolBox.Core.Tests.NumberUtilsTest.ToHexadecimal_WithNumberWithoutPrefix_ShouldReturnBinaryNumbersOnly" />
    </UnitTest>
    <UnitTest name="Nzr.ToolBox.Core.Tests.StringUtilsTest.ReplaceNonNumeric_WithNull_ShouldReturnNull" storage="d:\mario.santos\workspaces\personal\nzr.toolbox\dotnet\nzr.toolbox.core.tests\bin\debug\netcoreapp2.2\nzr.toolbox.core.tests.dll" id="9a91ff0d-5561-cbe9-f49d-60edb014a514">
      <Execution id="d7992643-d234-4737-b3ac-cb36c5ae7ca2" />
      <TestMethod codeBase="D:\mario.santos\workspaces\personal\Nzr.ToolBox\dotnet\Nzr.ToolBox.Core.Tests\bin\Debug\netcoreapp2.2\Nzr.ToolBox.Core.Tests.dll" adapterTypeName="executor://xunit/VsTestRunner2/netcoreapp" className="Nzr.ToolBox.Core.Tests.StringUtilsTest" name="Nzr.ToolBox.Core.Tests.StringUtilsTest.ReplaceNonNumeric_WithNull_ShouldReturnNull" />
    </UnitTest>
    <UnitTest name="Nzr.ToolBox.Core.Tests.DateTimeUtilsTest.Subtract_WithOneMonth_ShouldReturnLastMonth" storage="d:\mario.santos\workspaces\personal\nzr.toolbox\dotnet\nzr.toolbox.core.tests\bin\debug\netcoreapp2.2\nzr.toolbox.core.tests.dll" id="b47dec7c-cd3e-d808-5520-23095e3155d7">
      <Execution id="cc3355fc-182f-433d-bc73-b5f526ce1df5" />
      <TestMethod codeBase="D:\mario.santos\workspaces\personal\Nzr.ToolBox\dotnet\Nzr.ToolBox.Core.Tests\bin\Debug\netcoreapp2.2\Nzr.ToolBox.Core.Tests.dll" adapterTypeName="executor://xunit/VsTestRunner2/netcoreapp" className="Nzr.ToolBox.Core.Tests.DateTimeUtilsTest" name="Nzr.ToolBox.Core.Tests.DateTimeUtilsTest.Subtract_WithOneMonth_ShouldReturnLastMonth" />
    </UnitTest>
    <UnitTest name="Nzr.ToolBox.Core.Tests.StringUtilsTest.Remove_WithNonNullString_ShouldRemoveGiveStrings" storage="d:\mario.santos\workspaces\personal\nzr.toolbox\dotnet\nzr.toolbox.core.tests\bin\debug\netcoreapp2.2\nzr.toolbox.core.tests.dll" id="131c3a52-0a16-0ae5-0512-93dbda72ea85">
      <Execution id="5ad6835f-6845-4af8-97f5-9558131d9fa3" />
      <TestMethod codeBase="D:\mario.santos\workspaces\personal\Nzr.ToolBox\dotnet\Nzr.ToolBox.Core.Tests\bin\Debug\netcoreapp2.2\Nzr.ToolBox.Core.Tests.dll" adapterTypeName="executor://xunit/VsTestRunner2/netcoreapp" className="Nzr.ToolBox.Core.Tests.StringUtilsTest" name="Nzr.ToolBox.Core.Tests.StringUtilsTest.Remove_WithNonNullString_ShouldRemoveGiveStrings" />
    </UnitTest>
    <UnitTest name="Nzr.ToolBox.Core.Tests.StringUtilsTest.IsNotEmpty_WithBlankString_ShouldReturnTrue" storage="d:\mario.santos\workspaces\personal\nzr.toolbox\dotnet\nzr.toolbox.core.tests\bin\debug\netcoreapp2.2\nzr.toolbox.core.tests.dll" id="9d68ecd9-7bbb-710d-bc5c-7fb6bcf70625">
      <Execution id="011802ce-c5da-49e2-a52b-4f4f75a1734b" />
      <TestMethod codeBase="D:\mario.santos\workspaces\personal\Nzr.ToolBox\dotnet\Nzr.ToolBox.Core.Tests\bin\Debug\netcoreapp2.2\Nzr.ToolBox.Core.Tests.dll" adapterTypeName="executor://xunit/VsTestRunner2/netcoreapp" className="Nzr.ToolBox.Core.Tests.StringUtilsTest" name="Nzr.ToolBox.Core.Tests.StringUtilsTest.IsNotEmpty_WithBlankString_ShouldReturnTrue" />
    </UnitTest>
    <UnitTest name="Nzr.ToolBox.Core.Tests.BooleanUtilsTests.ToBool_WithNonPositiveString_ShouldReturnFalse(value: &quot;X&quot;)" storage="d:\mario.santos\workspaces\personal\nzr.toolbox\dotnet\nzr.toolbox.core.tests\bin\debug\netcoreapp2.2\nzr.toolbox.core.tests.dll" id="9d1fdad2-86cb-58a0-0255-a31c1f4f628b">
      <Execution id="4985051b-bf72-402b-9d92-8ebdbc9bda4e" />
      <TestMethod codeBase="D:\mario.santos\workspaces\personal\Nzr.ToolBox\dotnet\Nzr.ToolBox.Core.Tests\bin\Debug\netcoreapp2.2\Nzr.ToolBox.Core.Tests.dll" adapterTypeName="executor://xunit/VsTestRunner2/netcoreapp" className="Nzr.ToolBox.Core.Tests.BooleanUtilsTests" name="Nzr.ToolBox.Core.Tests.BooleanUtilsTests.ToBool_WithNonPositiveString_ShouldReturnFalse(value: &quot;X&quot;)" />
    </UnitTest>
    <UnitTest name="Nzr.ToolBox.Core.Tests.CollectionUtilsTests.ForEach_WithNullEnumerable_ShouldNotExecuteFunction" storage="d:\mario.santos\workspaces\personal\nzr.toolbox\dotnet\nzr.toolbox.core.tests\bin\debug\netcoreapp2.2\nzr.toolbox.core.tests.dll" id="70966e50-d79f-4259-d654-7885bec2e3ae">
      <Execution id="0b1c13e9-78d3-406c-9f5d-563319b5fd5a" />
      <TestMethod codeBase="D:\mario.santos\workspaces\personal\Nzr.ToolBox\dotnet\Nzr.ToolBox.Core.Tests\bin\Debug\netcoreapp2.2\Nzr.ToolBox.Core.Tests.dll" adapterTypeName="executor://xunit/VsTestRunner2/netcoreapp" className="Nzr.ToolBox.Core.Tests.CollectionUtilsTests" name="Nzr.ToolBox.Core.Tests.CollectionUtilsTests.ForEach_WithNullEnumerable_ShouldNotExecuteFunction" />
    </UnitTest>
    <UnitTest name="Nzr.ToolBox.Core.Tests.DateTimeUtilsTest.Subtract_WithOneYear_ShouldReturnLastYear" storage="d:\mario.santos\workspaces\personal\nzr.toolbox\dotnet\nzr.toolbox.core.tests\bin\debug\netcoreapp2.2\nzr.toolbox.core.tests.dll" id="d6b5d745-8540-7046-4377-0f1373a8f399">
      <Execution id="ca3885d5-ba5e-4c68-a0a5-1ec271a009a2" />
      <TestMethod codeBase="D:\mario.santos\workspaces\personal\Nzr.ToolBox\dotnet\Nzr.ToolBox.Core.Tests\bin\Debug\netcoreapp2.2\Nzr.ToolBox.Core.Tests.dll" adapterTypeName="executor://xunit/VsTestRunner2/netcoreapp" className="Nzr.ToolBox.Core.Tests.DateTimeUtilsTest" name="Nzr.ToolBox.Core.Tests.DateTimeUtilsTest.Subtract_WithOneYear_ShouldReturnLastYear" />
    </UnitTest>
    <UnitTest name="Nzr.ToolBox.Core.Tests.StringUtilsTest.Format_WithFormatStringWithCulture_ShouldReturnFormatedString" storage="d:\mario.santos\workspaces\personal\nzr.toolbox\dotnet\nzr.toolbox.core.tests\bin\debug\netcoreapp2.2\nzr.toolbox.core.tests.dll" id="45a98e74-dccd-011e-e0c0-d734f1cc5ec4">
      <Execution id="7234ec20-e73c-4cb5-ae32-8956a54be44c" />
      <TestMethod codeBase="D:\mario.santos\workspaces\personal\Nzr.ToolBox\dotnet\Nzr.ToolBox.Core.Tests\bin\Debug\netcoreapp2.2\Nzr.ToolBox.Core.Tests.dll" adapterTypeName="executor://xunit/VsTestRunner2/netcoreapp" className="Nzr.ToolBox.Core.Tests.StringUtilsTest" name="Nzr.ToolBox.Core.Tests.StringUtilsTest.Format_WithFormatStringWithCulture_ShouldReturnFormatedString" />
    </UnitTest>
    <UnitTest name="Nzr.ToolBox.Core.Tests.CollectionUtilsTests.Add_WithNullCollection_ShouldNotAddAllElements" storage="d:\mario.santos\workspaces\personal\nzr.toolbox\dotnet\nzr.toolbox.core.tests\bin\debug\netcoreapp2.2\nzr.toolbox.core.tests.dll" id="48363db6-7d73-92e2-7a0b-07d8a9dcb62e">
      <Execution id="f33df048-99b4-433f-b84e-e971da6f7b22" />
      <TestMethod codeBase="D:\mario.santos\workspaces\personal\Nzr.ToolBox\dotnet\Nzr.ToolBox.Core.Tests\bin\Debug\netcoreapp2.2\Nzr.ToolBox.Core.Tests.dll" adapterTypeName="executor://xunit/VsTestRunner2/netcoreapp" className="Nzr.ToolBox.Core.Tests.CollectionUtilsTests" name="Nzr.ToolBox.Core.Tests.CollectionUtilsTests.Add_WithNullCollection_ShouldNotAddAllElements" />
    </UnitTest>
    <UnitTest name="Nzr.ToolBox.Core.Tests.EnumUtilsTest.GetEnumNames_ShouldReturnEnumNamesAsList" storage="d:\mario.santos\workspaces\personal\nzr.toolbox\dotnet\nzr.toolbox.core.tests\bin\debug\netcoreapp2.2\nzr.toolbox.core.tests.dll" id="47f688d2-7bfa-d12d-71a0-9be24af61148">
      <Execution id="6e588d29-ad22-4e8f-aade-7cc3d26f02ba" />
      <TestMethod codeBase="D:\mario.santos\workspaces\personal\Nzr.ToolBox\dotnet\Nzr.ToolBox.Core.Tests\bin\Debug\netcoreapp2.2\Nzr.ToolBox.Core.Tests.dll" adapterTypeName="executor://xunit/VsTestRunner2/netcoreapp" className="Nzr.ToolBox.Core.Tests.EnumUtilsTest" name="Nzr.ToolBox.Core.Tests.EnumUtilsTest.GetEnumNames_ShouldReturnEnumNamesAsList" />
    </UnitTest>
    <UnitTest name="Nzr.ToolBox.Core.Tests.BooleanUtilsTests.ToBool_WithPositiveString_ShouldReturnTrue(value: &quot;Si&quot;)" storage="d:\mario.santos\workspaces\personal\nzr.toolbox\dotnet\nzr.toolbox.core.tests\bin\debug\netcoreapp2.2\nzr.toolbox.core.tests.dll" id="266b6884-84e9-585c-ee2b-eff743317cdb">
      <Execution id="7e9248db-76d6-482f-bf9d-fd7d457ca8c1" />
      <TestMethod codeBase="D:\mario.santos\workspaces\personal\Nzr.ToolBox\dotnet\Nzr.ToolBox.Core.Tests\bin\Debug\netcoreapp2.2\Nzr.ToolBox.Core.Tests.dll" adapterTypeName="executor://xunit/VsTestRunner2/netcoreapp" className="Nzr.ToolBox.Core.Tests.BooleanUtilsTests" name="Nzr.ToolBox.Core.Tests.BooleanUtilsTests.ToBool_WithPositiveString_ShouldReturnTrue(value: &quot;Si&quot;)" />
    </UnitTest>
    <UnitTest name="Nzr.ToolBox.Core.Tests.NumberUtilsTest.Sum_ShouldReturnSummedValues" storage="d:\mario.santos\workspaces\personal\nzr.toolbox\dotnet\nzr.toolbox.core.tests\bin\debug\netcoreapp2.2\nzr.toolbox.core.tests.dll" id="7afb5e69-89d1-7f64-d310-d8ca755d44a5">
      <Execution id="d152a8d1-0d56-44a9-8d40-1483e76b3740" />
      <TestMethod codeBase="D:\mario.santos\workspaces\personal\Nzr.ToolBox\dotnet\Nzr.ToolBox.Core.Tests\bin\Debug\netcoreapp2.2\Nzr.ToolBox.Core.Tests.dll" adapterTypeName="executor://xunit/VsTestRunner2/netcoreapp" className="Nzr.ToolBox.Core.Tests.NumberUtilsTest" name="Nzr.ToolBox.Core.Tests.NumberUtilsTest.Sum_ShouldReturnSummedValues" />
    </UnitTest>
    <UnitTest name="Nzr.ToolBox.Core.Tests.CollectionUtilsTests.IsEmpty_WithNonEmpty_ShouldReturnFalse" storage="d:\mario.santos\workspaces\personal\nzr.toolbox\dotnet\nzr.toolbox.core.tests\bin\debug\netcoreapp2.2\nzr.toolbox.core.tests.dll" id="8735994f-5f9e-38e3-dd8d-e45cd5a00faf">
      <Execution id="d48433ef-47ae-4c32-8797-0d890c1994cb" />
      <TestMethod codeBase="D:\mario.santos\workspaces\personal\Nzr.ToolBox\dotnet\Nzr.ToolBox.Core.Tests\bin\Debug\netcoreapp2.2\Nzr.ToolBox.Core.Tests.dll" adapterTypeName="executor://xunit/VsTestRunner2/netcoreapp" className="Nzr.ToolBox.Core.Tests.CollectionUtilsTests" name="Nzr.ToolBox.Core.Tests.CollectionUtilsTests.IsEmpty_WithNonEmpty_ShouldReturnFalse" />
    </UnitTest>
    <UnitTest name="Nzr.ToolBox.Core.Tests.BooleanUtilsTests.ToBool_WithZeroOrNegative_ShouldReturnFalse(b: -1, s: -2, i: -3, l: -4, f: -5, d: -6, m: -7)" storage="d:\mario.santos\workspaces\personal\nzr.toolbox\dotnet\nzr.toolbox.core.tests\bin\debug\netcoreapp2.2\nzr.toolbox.core.tests.dll" id="04deb678-c0aa-afd7-f73a-807625f6aa4a">
      <Execution id="8068015c-bea7-4f11-a43f-702ad7b1aa8e" />
      <TestMethod codeBase="D:\mario.santos\workspaces\personal\Nzr.ToolBox\dotnet\Nzr.ToolBox.Core.Tests\bin\Debug\netcoreapp2.2\Nzr.ToolBox.Core.Tests.dll" adapterTypeName="executor://xunit/VsTestRunner2/netcoreapp" className="Nzr.ToolBox.Core.Tests.BooleanUtilsTests" name="Nzr.ToolBox.Core.Tests.BooleanUtilsTests.ToBool_WithZeroOrNegative_ShouldReturnFalse(b: -1, s: -2, i: -3, l: -4, f: -5, d: -6, m: -7)" />
    </UnitTest>
    <UnitTest name="Nzr.ToolBox.Core.Tests.StringUtilsTest.IsBlank_WithEmptyString_ShouldReturnTrue" storage="d:\mario.santos\workspaces\personal\nzr.toolbox\dotnet\nzr.toolbox.core.tests\bin\debug\netcoreapp2.2\nzr.toolbox.core.tests.dll" id="3c116de1-cd29-a2eb-b3ef-190f69cec8ec">
      <Execution id="6faddaae-7023-45d4-9aca-af790762b94b" />
      <TestMethod codeBase="D:\mario.santos\workspaces\personal\Nzr.ToolBox\dotnet\Nzr.ToolBox.Core.Tests\bin\Debug\netcoreapp2.2\Nzr.ToolBox.Core.Tests.dll" adapterTypeName="executor://xunit/VsTestRunner2/netcoreapp" className="Nzr.ToolBox.Core.Tests.StringUtilsTest" name="Nzr.ToolBox.Core.Tests.StringUtilsTest.IsBlank_WithEmptyString_ShouldReturnTrue" />
    </UnitTest>
    <UnitTest name="Nzr.ToolBox.Core.Tests.StringUtilsTest.DescribeIfNone_WithEmpty_ShouldReturnEmptyString" storage="d:\mario.santos\workspaces\personal\nzr.toolbox\dotnet\nzr.toolbox.core.tests\bin\debug\netcoreapp2.2\nzr.toolbox.core.tests.dll" id="13760aec-c151-d4f0-b168-bf9cab7e1792">
      <Execution id="aea6dd38-e4b7-43f0-9f35-1a8e0c697f4b" />
      <TestMethod codeBase="D:\mario.santos\workspaces\personal\Nzr.ToolBox\dotnet\Nzr.ToolBox.Core.Tests\bin\Debug\netcoreapp2.2\Nzr.ToolBox.Core.Tests.dll" adapterTypeName="executor://xunit/VsTestRunner2/netcoreapp" className="Nzr.ToolBox.Core.Tests.StringUtilsTest" name="Nzr.ToolBox.Core.Tests.StringUtilsTest.DescribeIfNone_WithEmpty_ShouldReturnEmptyString" />
    </UnitTest>
    <UnitTest name="Nzr.ToolBox.Core.Tests.DateTimeUtilsTest.Subtract_WithOneMilis_ShouldReturnPastMilis" storage="d:\mario.santos\workspaces\personal\nzr.toolbox\dotnet\nzr.toolbox.core.tests\bin\debug\netcoreapp2.2\nzr.toolbox.core.tests.dll" id="7d7d533e-c89d-4876-4a56-2ad5335a5504">
      <Execution id="8b20722b-7cc2-431a-9ea4-7187dc9e2949" />
      <TestMethod codeBase="D:\mario.santos\workspaces\personal\Nzr.ToolBox\dotnet\Nzr.ToolBox.Core.Tests\bin\Debug\netcoreapp2.2\Nzr.ToolBox.Core.Tests.dll" adapterTypeName="executor://xunit/VsTestRunner2/netcoreapp" className="Nzr.ToolBox.Core.Tests.DateTimeUtilsTest" name="Nzr.ToolBox.Core.Tests.DateTimeUtilsTest.Subtract_WithOneMilis_ShouldReturnPastMilis" />
    </UnitTest>
    <UnitTest name="Nzr.ToolBox.Core.Tests.ReflectionUtilsTest.ExecuteForEachProperty_ShouldExecuteAction" storage="d:\mario.santos\workspaces\personal\nzr.toolbox\dotnet\nzr.toolbox.core.tests\bin\debug\netcoreapp2.2\nzr.toolbox.core.tests.dll" id="b39dab9a-0d55-2e3f-5d47-ce0f5ed831f6">
      <Execution id="bb3eefc2-f34b-46f6-965e-be9e2cfd7526" />
      <TestMethod codeBase="D:\mario.santos\workspaces\personal\Nzr.ToolBox\dotnet\Nzr.ToolBox.Core.Tests\bin\Debug\netcoreapp2.2\Nzr.ToolBox.Core.Tests.dll" adapterTypeName="executor://xunit/VsTestRunner2/netcoreapp" className="Nzr.ToolBox.Core.Tests.ReflectionUtilsTest" name="Nzr.ToolBox.Core.Tests.ReflectionUtilsTest.ExecuteForEachProperty_ShouldExecuteAction" />
    </UnitTest>
    <UnitTest name="Nzr.ToolBox.Core.Tests.RandomUtilsTest.RandomLong_ShouldReturnUniqueValues(iterations: 10000, seed: 1)" storage="d:\mario.santos\workspaces\personal\nzr.toolbox\dotnet\nzr.toolbox.core.tests\bin\debug\netcoreapp2.2\nzr.toolbox.core.tests.dll" id="dab0ade5-f6da-c40f-8aa3-6cf074bc0e23">
      <Execution id="a038cacf-f837-4b07-83ba-2ab84342afac" />
      <TestMethod codeBase="D:\mario.santos\workspaces\personal\Nzr.ToolBox\dotnet\Nzr.ToolBox.Core.Tests\bin\Debug\netcoreapp2.2\Nzr.ToolBox.Core.Tests.dll" adapterTypeName="executor://xunit/VsTestRunner2/netcoreapp" className="Nzr.ToolBox.Core.Tests.RandomUtilsTest" name="Nzr.ToolBox.Core.Tests.RandomUtilsTest.RandomLong_ShouldReturnUniqueValues(iterations: 10000, seed: 1)" />
    </UnitTest>
    <UnitTest name="Nzr.ToolBox.Core.Tests.CollectionUtilsTests.Contains_WithNullArray_ShouldReturnFalse" storage="d:\mario.santos\workspaces\personal\nzr.toolbox\dotnet\nzr.toolbox.core.tests\bin\debug\netcoreapp2.2\nzr.toolbox.core.tests.dll" id="80448ca3-d219-127e-a239-9050478b7a03">
      <Execution id="eef95801-62fe-4f1e-8d9a-9f1e018491f9" />
      <TestMethod codeBase="D:\mario.santos\workspaces\personal\Nzr.ToolBox\dotnet\Nzr.ToolBox.Core.Tests\bin\Debug\netcoreapp2.2\Nzr.ToolBox.Core.Tests.dll" adapterTypeName="executor://xunit/VsTestRunner2/netcoreapp" className="Nzr.ToolBox.Core.Tests.CollectionUtilsTests" name="Nzr.ToolBox.Core.Tests.CollectionUtilsTests.Contains_WithNullArray_ShouldReturnFalse" />
    </UnitTest>
    <UnitTest name="Nzr.ToolBox.Core.Tests.CollectionUtilsTests.GetKey_WithNullDictionary_ShouldReturnDefault" storage="d:\mario.santos\workspaces\personal\nzr.toolbox\dotnet\nzr.toolbox.core.tests\bin\debug\netcoreapp2.2\nzr.toolbox.core.tests.dll" id="3d424701-5226-50f9-524c-4e51fbb2a07f">
      <Execution id="9fd02ee6-e9ea-4fe1-a4fa-7d7d16e37396" />
      <TestMethod codeBase="D:\mario.santos\workspaces\personal\Nzr.ToolBox\dotnet\Nzr.ToolBox.Core.Tests\bin\Debug\netcoreapp2.2\Nzr.ToolBox.Core.Tests.dll" adapterTypeName="executor://xunit/VsTestRunner2/netcoreapp" className="Nzr.ToolBox.Core.Tests.CollectionUtilsTests" name="Nzr.ToolBox.Core.Tests.CollectionUtilsTests.GetKey_WithNullDictionary_ShouldReturnDefault" />
    </UnitTest>
    <UnitTest name="Nzr.ToolBox.Core.Tests.StringUtilsTest.ContainsAny_WithOrdinalIgnoreCaseStringNotContainingOneOfSubstring_ShouldReturnFalse" storage="d:\mario.santos\workspaces\personal\nzr.toolbox\dotnet\nzr.toolbox.core.tests\bin\debug\netcoreapp2.2\nzr.toolbox.core.tests.dll" id="ea5fb2b5-6f99-ce02-6e35-cef974ce163a">
      <Execution id="bb0dec7e-2d4e-45e0-aaf3-837e93f35198" />
      <TestMethod codeBase="D:\mario.santos\workspaces\personal\Nzr.ToolBox\dotnet\Nzr.ToolBox.Core.Tests\bin\Debug\netcoreapp2.2\Nzr.ToolBox.Core.Tests.dll" adapterTypeName="executor://xunit/VsTestRunner2/netcoreapp" className="Nzr.ToolBox.Core.Tests.StringUtilsTest" name="Nzr.ToolBox.Core.Tests.StringUtilsTest.ContainsAny_WithOrdinalIgnoreCaseStringNotContainingOneOfSubstring_ShouldReturnFalse" />
    </UnitTest>
    <UnitTest name="Nzr.ToolBox.Core.Tests.CollectionUtilsTests.ForEach_WithGenericList_ShouldExecuteAction" storage="d:\mario.santos\workspaces\personal\nzr.toolbox\dotnet\nzr.toolbox.core.tests\bin\debug\netcoreapp2.2\nzr.toolbox.core.tests.dll" id="cfdd33be-da19-c14d-63fe-484c25830585">
      <Execution id="f1a591a2-eb59-4ada-821f-4244c2a7cf57" />
      <TestMethod codeBase="D:\mario.santos\workspaces\personal\Nzr.ToolBox\dotnet\Nzr.ToolBox.Core.Tests\bin\Debug\netcoreapp2.2\Nzr.ToolBox.Core.Tests.dll" adapterTypeName="executor://xunit/VsTestRunner2/netcoreapp" className="Nzr.ToolBox.Core.Tests.CollectionUtilsTests" name="Nzr.ToolBox.Core.Tests.CollectionUtilsTests.ForEach_WithGenericList_ShouldExecuteAction" />
    </UnitTest>
    <UnitTest name="Nzr.ToolBox.Core.Tests.StringUtilsTest.IsIsBlank_WithNonBlankString_ShouldReturnTrue" storage="d:\mario.santos\workspaces\personal\nzr.toolbox\dotnet\nzr.toolbox.core.tests\bin\debug\netcoreapp2.2\nzr.toolbox.core.tests.dll" id="b950fa42-ed92-dfa2-1b7a-99f41db426b6">
      <Execution id="f58c32ff-2274-4929-958b-a7f80b8add9c" />
      <TestMethod codeBase="D:\mario.santos\workspaces\personal\Nzr.ToolBox\dotnet\Nzr.ToolBox.Core.Tests\bin\Debug\netcoreapp2.2\Nzr.ToolBox.Core.Tests.dll" adapterTypeName="executor://xunit/VsTestRunner2/netcoreapp" className="Nzr.ToolBox.Core.Tests.StringUtilsTest" name="Nzr.ToolBox.Core.Tests.StringUtilsTest.IsIsBlank_WithNonBlankString_ShouldReturnTrue" />
    </UnitTest>
    <UnitTest name="Nzr.ToolBox.Core.Tests.StringUtilsTest.ContainsAll_WithStringNotContainigAllSubstrings_ShouldReturnFalse" storage="d:\mario.santos\workspaces\personal\nzr.toolbox\dotnet\nzr.toolbox.core.tests\bin\debug\netcoreapp2.2\nzr.toolbox.core.tests.dll" id="eacb19b9-5be6-0659-6867-c371141d3e61">
      <Execution id="0f56c3cc-8a57-4d42-8718-d9a435f99759" />
      <TestMethod codeBase="D:\mario.santos\workspaces\personal\Nzr.ToolBox\dotnet\Nzr.ToolBox.Core.Tests\bin\Debug\netcoreapp2.2\Nzr.ToolBox.Core.Tests.dll" adapterTypeName="executor://xunit/VsTestRunner2/netcoreapp" className="Nzr.ToolBox.Core.Tests.StringUtilsTest" name="Nzr.ToolBox.Core.Tests.StringUtilsTest.ContainsAll_WithStringNotContainigAllSubstrings_ShouldReturnFalse" />
    </UnitTest>
    <UnitTest name="Nzr.ToolBox.Core.Tests.CollectionUtilsTests.IsEmpty_WithNull_ShouldReturnTrue" storage="d:\mario.santos\workspaces\personal\nzr.toolbox\dotnet\nzr.toolbox.core.tests\bin\debug\netcoreapp2.2\nzr.toolbox.core.tests.dll" id="d6c18a40-784b-6849-0320-923e0a1eba0e">
      <Execution id="3636871d-0993-4cea-b330-33c7f4077736" />
      <TestMethod codeBase="D:\mario.santos\workspaces\personal\Nzr.ToolBox\dotnet\Nzr.ToolBox.Core.Tests\bin\Debug\netcoreapp2.2\Nzr.ToolBox.Core.Tests.dll" adapterTypeName="executor://xunit/VsTestRunner2/netcoreapp" className="Nzr.ToolBox.Core.Tests.CollectionUtilsTests" name="Nzr.ToolBox.Core.Tests.CollectionUtilsTests.IsEmpty_WithNull_ShouldReturnTrue" />
    </UnitTest>
    <UnitTest name="Nzr.ToolBox.Core.Tests.StringUtilsTest.IsNumber_WithNull_ShouldReturnFalse" storage="d:\mario.santos\workspaces\personal\nzr.toolbox\dotnet\nzr.toolbox.core.tests\bin\debug\netcoreapp2.2\nzr.toolbox.core.tests.dll" id="16241dba-eaf4-0213-d6e5-c7da05851618">
      <Execution id="50de3a7f-dcc8-4f73-9052-0e1454cbe1e9" />
      <TestMethod codeBase="D:\mario.santos\workspaces\personal\Nzr.ToolBox\dotnet\Nzr.ToolBox.Core.Tests\bin\Debug\netcoreapp2.2\Nzr.ToolBox.Core.Tests.dll" adapterTypeName="executor://xunit/VsTestRunner2/netcoreapp" className="Nzr.ToolBox.Core.Tests.StringUtilsTest" name="Nzr.ToolBox.Core.Tests.StringUtilsTest.IsNumber_WithNull_ShouldReturnFalse" />
    </UnitTest>
    <UnitTest name="Nzr.ToolBox.Core.Tests.RandomUtilsTest.RandomFloat_ShouldReturnUniqueValues(iterations: 10000, seed: 1)" storage="d:\mario.santos\workspaces\personal\nzr.toolbox\dotnet\nzr.toolbox.core.tests\bin\debug\netcoreapp2.2\nzr.toolbox.core.tests.dll" id="db495440-895e-2929-0413-74f28674d8ff">
      <Execution id="34d96e42-1f01-4afe-a0d0-9c3e18ba49f3" />
      <TestMethod codeBase="D:\mario.santos\workspaces\personal\Nzr.ToolBox\dotnet\Nzr.ToolBox.Core.Tests\bin\Debug\netcoreapp2.2\Nzr.ToolBox.Core.Tests.dll" adapterTypeName="executor://xunit/VsTestRunner2/netcoreapp" className="Nzr.ToolBox.Core.Tests.RandomUtilsTest" name="Nzr.ToolBox.Core.Tests.RandomUtilsTest.RandomFloat_ShouldReturnUniqueValues(iterations: 10000, seed: 1)" />
    </UnitTest>
    <UnitTest name="Nzr.ToolBox.Core.Tests.StringUtilsTest.Reverse_WithNull_ShouldReturnNull" storage="d:\mario.santos\workspaces\personal\nzr.toolbox\dotnet\nzr.toolbox.core.tests\bin\debug\netcoreapp2.2\nzr.toolbox.core.tests.dll" id="4dcc4c87-6654-099d-1fa3-33b06e586a9e">
      <Execution id="c72c8071-c739-4ce3-a3f3-db57ec9d020a" />
      <TestMethod codeBase="D:\mario.santos\workspaces\personal\Nzr.ToolBox\dotnet\Nzr.ToolBox.Core.Tests\bin\Debug\netcoreapp2.2\Nzr.ToolBox.Core.Tests.dll" adapterTypeName="executor://xunit/VsTestRunner2/netcoreapp" className="Nzr.ToolBox.Core.Tests.StringUtilsTest" name="Nzr.ToolBox.Core.Tests.StringUtilsTest.Reverse_WithNull_ShouldReturnNull" />
    </UnitTest>
    <UnitTest name="Nzr.ToolBox.Core.Tests.ObjectUtilsTest.IsAllNonNull_WithAllNonNull_ShouldReturnTrue" storage="d:\mario.santos\workspaces\personal\nzr.toolbox\dotnet\nzr.toolbox.core.tests\bin\debug\netcoreapp2.2\nzr.toolbox.core.tests.dll" id="a57e4f15-3c8a-cc65-2059-f1f5f83c9ba5">
      <Execution id="24ff5365-a594-44f7-908e-32a082de876e" />
      <TestMethod codeBase="D:\mario.santos\workspaces\personal\Nzr.ToolBox\dotnet\Nzr.ToolBox.Core.Tests\bin\Debug\netcoreapp2.2\Nzr.ToolBox.Core.Tests.dll" adapterTypeName="executor://xunit/VsTestRunner2/netcoreapp" className="Nzr.ToolBox.Core.Tests.ObjectUtilsTest" name="Nzr.ToolBox.Core.Tests.ObjectUtilsTest.IsAllNonNull_WithAllNonNull_ShouldReturnTrue" />
    </UnitTest>
    <UnitTest name="Nzr.ToolBox.Core.Tests.BooleanUtilsTests.ToBool_WithPositiveString_ShouldReturnTrue(value: &quot;S&quot;)" storage="d:\mario.santos\workspaces\personal\nzr.toolbox\dotnet\nzr.toolbox.core.tests\bin\debug\netcoreapp2.2\nzr.toolbox.core.tests.dll" id="917e9e48-1d67-c1aa-1b6e-9c13215e36a0">
      <Execution id="15538add-33f6-47cc-8e7b-47f6c3926030" />
      <TestMethod codeBase="D:\mario.santos\workspaces\personal\Nzr.ToolBox\dotnet\Nzr.ToolBox.Core.Tests\bin\Debug\netcoreapp2.2\Nzr.ToolBox.Core.Tests.dll" adapterTypeName="executor://xunit/VsTestRunner2/netcoreapp" className="Nzr.ToolBox.Core.Tests.BooleanUtilsTests" name="Nzr.ToolBox.Core.Tests.BooleanUtilsTests.ToBool_WithPositiveString_ShouldReturnTrue(value: &quot;S&quot;)" />
    </UnitTest>
    <UnitTest name="Nzr.ToolBox.Core.Tests.StringUtilsTest.Equal_WithIgnoreDiacriticsOptionsAndWithNullValues_ShouldReturnTrue" storage="d:\mario.santos\workspaces\personal\nzr.toolbox\dotnet\nzr.toolbox.core.tests\bin\debug\netcoreapp2.2\nzr.toolbox.core.tests.dll" id="106f3149-f3a2-e989-a79b-94d21768a60f">
      <Execution id="b47bed60-fff9-4d36-a798-4fe8fd382b95" />
      <TestMethod codeBase="D:\mario.santos\workspaces\personal\Nzr.ToolBox\dotnet\Nzr.ToolBox.Core.Tests\bin\Debug\netcoreapp2.2\Nzr.ToolBox.Core.Tests.dll" adapterTypeName="executor://xunit/VsTestRunner2/netcoreapp" className="Nzr.ToolBox.Core.Tests.StringUtilsTest" name="Nzr.ToolBox.Core.Tests.StringUtilsTest.Equal_WithIgnoreDiacriticsOptionsAndWithNullValues_ShouldReturnTrue" />
    </UnitTest>
    <UnitTest name="Nzr.ToolBox.Core.Tests.NumberUtilsTest.Average_ShouldReturnAverageValues" storage="d:\mario.santos\workspaces\personal\nzr.toolbox\dotnet\nzr.toolbox.core.tests\bin\debug\netcoreapp2.2\nzr.toolbox.core.tests.dll" id="5062168a-47a4-716c-83cf-4566eb406f51">
      <Execution id="4ab069a3-eb94-4fff-b606-7d4561037342" />
      <TestMethod codeBase="D:\mario.santos\workspaces\personal\Nzr.ToolBox\dotnet\Nzr.ToolBox.Core.Tests\bin\Debug\netcoreapp2.2\Nzr.ToolBox.Core.Tests.dll" adapterTypeName="executor://xunit/VsTestRunner2/netcoreapp" className="Nzr.ToolBox.Core.Tests.NumberUtilsTest" name="Nzr.ToolBox.Core.Tests.NumberUtilsTest.Average_ShouldReturnAverageValues" />
    </UnitTest>
    <UnitTest name="Nzr.ToolBox.Core.Tests.RandomUtilsTest.RandomString_WithSymbolsOnly_ShouldReturnSymbolOnlyString" storage="d:\mario.santos\workspaces\personal\nzr.toolbox\dotnet\nzr.toolbox.core.tests\bin\debug\netcoreapp2.2\nzr.toolbox.core.tests.dll" id="0f07da2a-afe3-eb2a-982c-c9250d4e2995">
      <Execution id="39670701-bee2-4324-85d4-7881581ad108" />
      <TestMethod codeBase="D:\mario.santos\workspaces\personal\Nzr.ToolBox\dotnet\Nzr.ToolBox.Core.Tests\bin\Debug\netcoreapp2.2\Nzr.ToolBox.Core.Tests.dll" adapterTypeName="executor://xunit/VsTestRunner2/netcoreapp" className="Nzr.ToolBox.Core.Tests.RandomUtilsTest" name="Nzr.ToolBox.Core.Tests.RandomUtilsTest.RandomString_WithSymbolsOnly_ShouldReturnSymbolOnlyString" />
    </UnitTest>
    <UnitTest name="Nzr.ToolBox.Core.Tests.StringUtilsTest.ContainsNone_WithOrdinalIgnoreCaseStringContainingOneOfSubstring_ShouldReturnFalse" storage="d:\mario.santos\workspaces\personal\nzr.toolbox\dotnet\nzr.toolbox.core.tests\bin\debug\netcoreapp2.2\nzr.toolbox.core.tests.dll" id="81f4be93-f58a-fe7a-4fed-525380a4a47a">
      <Execution id="d3279ce6-f6b5-4dce-b37f-63734301c4e0" />
      <TestMethod codeBase="D:\mario.santos\workspaces\personal\Nzr.ToolBox\dotnet\Nzr.ToolBox.Core.Tests\bin\Debug\netcoreapp2.2\Nzr.ToolBox.Core.Tests.dll" adapterTypeName="executor://xunit/VsTestRunner2/netcoreapp" className="Nzr.ToolBox.Core.Tests.StringUtilsTest" name="Nzr.ToolBox.Core.Tests.StringUtilsTest.ContainsNone_WithOrdinalIgnoreCaseStringContainingOneOfSubstring_ShouldReturnFalse" />
    </UnitTest>
    <UnitTest name="Nzr.ToolBox.Core.Tests.StringUtilsTest.Equal_WithIgnoreDiacriticsOptionAndWithOneNullValues_ShouldReturnFalse" storage="d:\mario.santos\workspaces\personal\nzr.toolbox\dotnet\nzr.toolbox.core.tests\bin\debug\netcoreapp2.2\nzr.toolbox.core.tests.dll" id="52d99a4c-3e0d-3433-cee1-97bb1b8bac8c">
      <Execution id="65d836ce-a774-4002-8b62-aac557437a4d" />
      <TestMethod codeBase="D:\mario.santos\workspaces\personal\Nzr.ToolBox\dotnet\Nzr.ToolBox.Core.Tests\bin\Debug\netcoreapp2.2\Nzr.ToolBox.Core.Tests.dll" adapterTypeName="executor://xunit/VsTestRunner2/netcoreapp" className="Nzr.ToolBox.Core.Tests.StringUtilsTest" name="Nzr.ToolBox.Core.Tests.StringUtilsTest.Equal_WithIgnoreDiacriticsOptionAndWithOneNullValues_ShouldReturnFalse" />
    </UnitTest>
    <UnitTest name="Nzr.ToolBox.Core.Tests.NumberUtilsTest.ToBinary_WithNumberWithPrefix_ShouldReturnBinaryWithPrefix" storage="d:\mario.santos\workspaces\personal\nzr.toolbox\dotnet\nzr.toolbox.core.tests\bin\debug\netcoreapp2.2\nzr.toolbox.core.tests.dll" id="c4344ebc-44df-a5d3-990c-fd3ab1fb80b1">
      <Execution id="b694e79a-f611-4d5b-a494-a123f3a0d73b" />
      <TestMethod codeBase="D:\mario.santos\workspaces\personal\Nzr.ToolBox\dotnet\Nzr.ToolBox.Core.Tests\bin\Debug\netcoreapp2.2\Nzr.ToolBox.Core.Tests.dll" adapterTypeName="executor://xunit/VsTestRunner2/netcoreapp" className="Nzr.ToolBox.Core.Tests.NumberUtilsTest" name="Nzr.ToolBox.Core.Tests.NumberUtilsTest.ToBinary_WithNumberWithPrefix_ShouldReturnBinaryWithPrefix" />
    </UnitTest>
    <UnitTest name="Nzr.ToolBox.Core.Tests.BooleanUtilsTests.Describe_WihTrueValueAndWithDefaultYesString_ShouldReturnYes" storage="d:\mario.santos\workspaces\personal\nzr.toolbox\dotnet\nzr.toolbox.core.tests\bin\debug\netcoreapp2.2\nzr.toolbox.core.tests.dll" id="44eff8ca-e64d-d8d4-6361-cfa3c75ede11">
      <Execution id="d5a17017-6928-4c6b-8ae6-cf11eebffeb7" />
      <TestMethod codeBase="D:\mario.santos\workspaces\personal\Nzr.ToolBox\dotnet\Nzr.ToolBox.Core.Tests\bin\Debug\netcoreapp2.2\Nzr.ToolBox.Core.Tests.dll" adapterTypeName="executor://xunit/VsTestRunner2/netcoreapp" className="Nzr.ToolBox.Core.Tests.BooleanUtilsTests" name="Nzr.ToolBox.Core.Tests.BooleanUtilsTests.Describe_WihTrueValueAndWithDefaultYesString_ShouldReturnYes" />
    </UnitTest>
    <UnitTest name="Nzr.ToolBox.Core.Tests.StringUtilsTest.IsAnyBlank_WithNullStrings_ShouldReturnTrue" storage="d:\mario.santos\workspaces\personal\nzr.toolbox\dotnet\nzr.toolbox.core.tests\bin\debug\netcoreapp2.2\nzr.toolbox.core.tests.dll" id="6b882545-0a6d-aed1-f25f-b5bd7a59a2f3">
      <Execution id="2dd7075f-9c0b-485d-90e4-c50b30b74ee2" />
      <TestMethod codeBase="D:\mario.santos\workspaces\personal\Nzr.ToolBox\dotnet\Nzr.ToolBox.Core.Tests\bin\Debug\netcoreapp2.2\Nzr.ToolBox.Core.Tests.dll" adapterTypeName="executor://xunit/VsTestRunner2/netcoreapp" className="Nzr.ToolBox.Core.Tests.StringUtilsTest" name="Nzr.ToolBox.Core.Tests.StringUtilsTest.IsAnyBlank_WithNullStrings_ShouldReturnTrue" />
    </UnitTest>
    <UnitTest name="Nzr.ToolBox.Core.Tests.CollectionUtilsTests.ContainsAll_WithNullEnumerables_ShouldReturnTrue" storage="d:\mario.santos\workspaces\personal\nzr.toolbox\dotnet\nzr.toolbox.core.tests\bin\debug\netcoreapp2.2\nzr.toolbox.core.tests.dll" id="52dad561-c47f-93be-598b-ab4dd10490eb">
      <Execution id="6028e43b-55e3-410e-8b4e-0979bf61808e" />
      <TestMethod codeBase="D:\mario.santos\workspaces\personal\Nzr.ToolBox\dotnet\Nzr.ToolBox.Core.Tests\bin\Debug\netcoreapp2.2\Nzr.ToolBox.Core.Tests.dll" adapterTypeName="executor://xunit/VsTestRunner2/netcoreapp" className="Nzr.ToolBox.Core.Tests.CollectionUtilsTests" name="Nzr.ToolBox.Core.Tests.CollectionUtilsTests.ContainsAll_WithNullEnumerables_ShouldReturnTrue" />
    </UnitTest>
    <UnitTest name="Nzr.ToolBox.Core.Tests.ObjectUtilsTest.IsAnyNull_WithOneNull_ShouldReturnTrue" storage="d:\mario.santos\workspaces\personal\nzr.toolbox\dotnet\nzr.toolbox.core.tests\bin\debug\netcoreapp2.2\nzr.toolbox.core.tests.dll" id="f2f029e7-8888-f5a1-ddde-656322b453e5">
      <Execution id="c8d1449e-37a2-459b-b85e-9241d12404bc" />
      <TestMethod codeBase="D:\mario.santos\workspaces\personal\Nzr.ToolBox\dotnet\Nzr.ToolBox.Core.Tests\bin\Debug\netcoreapp2.2\Nzr.ToolBox.Core.Tests.dll" adapterTypeName="executor://xunit/VsTestRunner2/netcoreapp" className="Nzr.ToolBox.Core.Tests.ObjectUtilsTest" name="Nzr.ToolBox.Core.Tests.ObjectUtilsTest.IsAnyNull_WithOneNull_ShouldReturnTrue" />
    </UnitTest>
    <UnitTest name="Nzr.ToolBox.Core.Tests.NumberUtilsTest.ToBinary_WithDecimalWithoutPrefix_ShouldReturnBinaryNumbersOnly" storage="d:\mario.santos\workspaces\personal\nzr.toolbox\dotnet\nzr.toolbox.core.tests\bin\debug\netcoreapp2.2\nzr.toolbox.core.tests.dll" id="2fe27f4d-780b-bc6e-57d1-a34e746519d2">
      <Execution id="d8d7ae81-b84b-49ce-b851-77d3e24bf6ed" />
      <TestMethod codeBase="D:\mario.santos\workspaces\personal\Nzr.ToolBox\dotnet\Nzr.ToolBox.Core.Tests\bin\Debug\netcoreapp2.2\Nzr.ToolBox.Core.Tests.dll" adapterTypeName="executor://xunit/VsTestRunner2/netcoreapp" className="Nzr.ToolBox.Core.Tests.NumberUtilsTest" name="Nzr.ToolBox.Core.Tests.NumberUtilsTest.ToBinary_WithDecimalWithoutPrefix_ShouldReturnBinaryNumbersOnly" />
    </UnitTest>
    <UnitTest name="Nzr.ToolBox.Core.Tests.BooleanUtilsTests.IsTrue_WithNullOrFalseValue_ShouldReturnFalse(value: null)" storage="d:\mario.santos\workspaces\personal\nzr.toolbox\dotnet\nzr.toolbox.core.tests\bin\debug\netcoreapp2.2\nzr.toolbox.core.tests.dll" id="f54f88da-7c5b-63a5-454a-c31c248124f8">
      <Execution id="46f47e81-946d-4d55-aea0-dcedc9db07af" />
      <TestMethod codeBase="D:\mario.santos\workspaces\personal\Nzr.ToolBox\dotnet\Nzr.ToolBox.Core.Tests\bin\Debug\netcoreapp2.2\Nzr.ToolBox.Core.Tests.dll" adapterTypeName="executor://xunit/VsTestRunner2/netcoreapp" className="Nzr.ToolBox.Core.Tests.BooleanUtilsTests" name="Nzr.ToolBox.Core.Tests.BooleanUtilsTests.IsTrue_WithNullOrFalseValue_ShouldReturnFalse(value: null)" />
    </UnitTest>
    <UnitTest name="Nzr.ToolBox.Core.Tests.StringUtilsTest.DefaultIfEmpty_WitBlankString_ShouldReturnString" storage="d:\mario.santos\workspaces\personal\nzr.toolbox\dotnet\nzr.toolbox.core.tests\bin\debug\netcoreapp2.2\nzr.toolbox.core.tests.dll" id="e881bc04-2bbf-5c16-1290-362a120099d0">
      <Execution id="b3cbe49a-8aed-4357-97d8-c41b4d20f262" />
      <TestMethod codeBase="D:\mario.santos\workspaces\personal\Nzr.ToolBox\dotnet\Nzr.ToolBox.Core.Tests\bin\Debug\netcoreapp2.2\Nzr.ToolBox.Core.Tests.dll" adapterTypeName="executor://xunit/VsTestRunner2/netcoreapp" className="Nzr.ToolBox.Core.Tests.StringUtilsTest" name="Nzr.ToolBox.Core.Tests.StringUtilsTest.DefaultIfEmpty_WitBlankString_ShouldReturnString" />
    </UnitTest>
    <UnitTest name="Nzr.ToolBox.Core.Tests.CollectionUtilsTests.ContainsAll_WithGenericEnumerableAndDiffSize_ShouldReturnFalse" storage="d:\mario.santos\workspaces\personal\nzr.toolbox\dotnet\nzr.toolbox.core.tests\bin\debug\netcoreapp2.2\nzr.toolbox.core.tests.dll" id="40b5fac7-b71c-8e77-a229-0b6dd2bc7930">
      <Execution id="2c3f6b0e-0486-4b72-a2b9-f5639dbebca6" />
      <TestMethod codeBase="D:\mario.santos\workspaces\personal\Nzr.ToolBox\dotnet\Nzr.ToolBox.Core.Tests\bin\Debug\netcoreapp2.2\Nzr.ToolBox.Core.Tests.dll" adapterTypeName="executor://xunit/VsTestRunner2/netcoreapp" className="Nzr.ToolBox.Core.Tests.CollectionUtilsTests" name="Nzr.ToolBox.Core.Tests.CollectionUtilsTests.ContainsAll_WithGenericEnumerableAndDiffSize_ShouldReturnFalse" />
    </UnitTest>
    <UnitTest name="Nzr.ToolBox.Core.Tests.ObjectUtilsTest.IfNotNull_WithNullValue_ShouldThrowException" storage="d:\mario.santos\workspaces\personal\nzr.toolbox\dotnet\nzr.toolbox.core.tests\bin\debug\netcoreapp2.2\nzr.toolbox.core.tests.dll" id="dc5791cb-7903-211e-65c9-770b2ab7868e">
      <Execution id="ac02805b-4987-4073-850c-775394b5960f" />
      <TestMethod codeBase="D:\mario.santos\workspaces\personal\Nzr.ToolBox\dotnet\Nzr.ToolBox.Core.Tests\bin\Debug\netcoreapp2.2\Nzr.ToolBox.Core.Tests.dll" adapterTypeName="executor://xunit/VsTestRunner2/netcoreapp" className="Nzr.ToolBox.Core.Tests.ObjectUtilsTest" name="Nzr.ToolBox.Core.Tests.ObjectUtilsTest.IfNotNull_WithNullValue_ShouldThrowException" />
    </UnitTest>
    <UnitTest name="Nzr.ToolBox.Core.Tests.RandomUtilsTest.RandomDouble_ShouldReturnUniqueValues(iterations: 10000, seed: 1)" storage="d:\mario.santos\workspaces\personal\nzr.toolbox\dotnet\nzr.toolbox.core.tests\bin\debug\netcoreapp2.2\nzr.toolbox.core.tests.dll" id="0774dc1e-52ca-a68f-3053-17aa689d2f19">
      <Execution id="4fe07aa9-275e-41b5-a41f-3c73c4eefb6e" />
      <TestMethod codeBase="D:\mario.santos\workspaces\personal\Nzr.ToolBox\dotnet\Nzr.ToolBox.Core.Tests\bin\Debug\netcoreapp2.2\Nzr.ToolBox.Core.Tests.dll" adapterTypeName="executor://xunit/VsTestRunner2/netcoreapp" className="Nzr.ToolBox.Core.Tests.RandomUtilsTest" name="Nzr.ToolBox.Core.Tests.RandomUtilsTest.RandomDouble_ShouldReturnUniqueValues(iterations: 10000, seed: 1)" />
    </UnitTest>
    <UnitTest name="Nzr.ToolBox.Core.Tests.StringUtilsTest.IsEmpty_WithEmptyString_ShouldReturnTrue" storage="d:\mario.santos\workspaces\personal\nzr.toolbox\dotnet\nzr.toolbox.core.tests\bin\debug\netcoreapp2.2\nzr.toolbox.core.tests.dll" id="11236b60-ddaa-8517-7929-26428de182b4">
      <Execution id="3d23cfa0-7b06-4cbc-866e-8b18b1391dce" />
      <TestMethod codeBase="D:\mario.santos\workspaces\personal\Nzr.ToolBox\dotnet\Nzr.ToolBox.Core.Tests\bin\Debug\netcoreapp2.2\Nzr.ToolBox.Core.Tests.dll" adapterTypeName="executor://xunit/VsTestRunner2/netcoreapp" className="Nzr.ToolBox.Core.Tests.StringUtilsTest" name="Nzr.ToolBox.Core.Tests.StringUtilsTest.IsEmpty_WithEmptyString_ShouldReturnTrue" />
    </UnitTest>
    <UnitTest name="Nzr.ToolBox.Core.Tests.StringUtilsTest.Truncate_WithStringShorterThanLimit_ShouldReturnString" storage="d:\mario.santos\workspaces\personal\nzr.toolbox\dotnet\nzr.toolbox.core.tests\bin\debug\netcoreapp2.2\nzr.toolbox.core.tests.dll" id="9dc87ca8-7c89-25db-241a-e9ae33f8a42e">
      <Execution id="60e62b05-ed07-4bd2-b571-8c1c2ac945ef" />
      <TestMethod codeBase="D:\mario.santos\workspaces\personal\Nzr.ToolBox\dotnet\Nzr.ToolBox.Core.Tests\bin\Debug\netcoreapp2.2\Nzr.ToolBox.Core.Tests.dll" adapterTypeName="executor://xunit/VsTestRunner2/netcoreapp" className="Nzr.ToolBox.Core.Tests.StringUtilsTest" name="Nzr.ToolBox.Core.Tests.StringUtilsTest.Truncate_WithStringShorterThanLimit_ShouldReturnString" />
    </UnitTest>
    <UnitTest name="Nzr.ToolBox.Core.Tests.CollectionUtilsTests.ContainsAny_WithEnumerableAndNonOfOtherElements_ShouldReturnFalse" storage="d:\mario.santos\workspaces\personal\nzr.toolbox\dotnet\nzr.toolbox.core.tests\bin\debug\netcoreapp2.2\nzr.toolbox.core.tests.dll" id="7846d9ed-3cef-0cbd-2b1f-638be6a96222">
      <Execution id="a1ed6f12-ec36-4f9b-91dc-ecf626e07d57" />
      <TestMethod codeBase="D:\mario.santos\workspaces\personal\Nzr.ToolBox\dotnet\Nzr.ToolBox.Core.Tests\bin\Debug\netcoreapp2.2\Nzr.ToolBox.Core.Tests.dll" adapterTypeName="executor://xunit/VsTestRunner2/netcoreapp" className="Nzr.ToolBox.Core.Tests.CollectionUtilsTests" name="Nzr.ToolBox.Core.Tests.CollectionUtilsTests.ContainsAny_WithEnumerableAndNonOfOtherElements_ShouldReturnFalse" />
    </UnitTest>
    <UnitTest name="Nzr.ToolBox.Core.Tests.StringUtilsTest.IsNumber_WithAlhphanumeric_ShouldReturnFalse" storage="d:\mario.santos\workspaces\personal\nzr.toolbox\dotnet\nzr.toolbox.core.tests\bin\debug\netcoreapp2.2\nzr.toolbox.core.tests.dll" id="f97de579-490f-3478-7018-3655f4bebed4">
      <Execution id="a10c11d1-2e99-452f-ac70-8658bca08c09" />
      <TestMethod codeBase="D:\mario.santos\workspaces\personal\Nzr.ToolBox\dotnet\Nzr.ToolBox.Core.Tests\bin\Debug\netcoreapp2.2\Nzr.ToolBox.Core.Tests.dll" adapterTypeName="executor://xunit/VsTestRunner2/netcoreapp" className="Nzr.ToolBox.Core.Tests.StringUtilsTest" name="Nzr.ToolBox.Core.Tests.StringUtilsTest.IsNumber_WithAlhphanumeric_ShouldReturnFalse" />
    </UnitTest>
    <UnitTest name="Nzr.ToolBox.Core.Tests.CollectionUtilsTests.IndexOf_WithNonExistingItem_ShouldReturnMinusOne" storage="d:\mario.santos\workspaces\personal\nzr.toolbox\dotnet\nzr.toolbox.core.tests\bin\debug\netcoreapp2.2\nzr.toolbox.core.tests.dll" id="39187814-7948-31bd-4290-daef6ab2e603">
      <Execution id="bd5cd5cf-1796-4913-b80b-4b485ebe375d" />
      <TestMethod codeBase="D:\mario.santos\workspaces\personal\Nzr.ToolBox\dotnet\Nzr.ToolBox.Core.Tests\bin\Debug\netcoreapp2.2\Nzr.ToolBox.Core.Tests.dll" adapterTypeName="executor://xunit/VsTestRunner2/netcoreapp" className="Nzr.ToolBox.Core.Tests.CollectionUtilsTests" name="Nzr.ToolBox.Core.Tests.CollectionUtilsTests.IndexOf_WithNonExistingItem_ShouldReturnMinusOne" />
    </UnitTest>
    <UnitTest name="Nzr.ToolBox.Core.Tests.BooleanUtilsTests.ToBool_WithPositiveString_ShouldReturnTrue(value: &quot;true&quot;)" storage="d:\mario.santos\workspaces\personal\nzr.toolbox\dotnet\nzr.toolbox.core.tests\bin\debug\netcoreapp2.2\nzr.toolbox.core.tests.dll" id="7437cae0-313c-688c-b0a7-4e994a4fbb85">
      <Execution id="9bb29141-0d3f-453c-9389-1d300ea3b423" />
      <TestMethod codeBase="D:\mario.santos\workspaces\personal\Nzr.ToolBox\dotnet\Nzr.ToolBox.Core.Tests\bin\Debug\netcoreapp2.2\Nzr.ToolBox.Core.Tests.dll" adapterTypeName="executor://xunit/VsTestRunner2/netcoreapp" className="Nzr.ToolBox.Core.Tests.BooleanUtilsTests" name="Nzr.ToolBox.Core.Tests.BooleanUtilsTests.ToBool_WithPositiveString_ShouldReturnTrue(value: &quot;true&quot;)" />
    </UnitTest>
    <UnitTest name="Nzr.ToolBox.Core.Tests.DateTimeUtilsTest.Subtract_WithOneSecond_ShouldReturnPastSecond" storage="d:\mario.santos\workspaces\personal\nzr.toolbox\dotnet\nzr.toolbox.core.tests\bin\debug\netcoreapp2.2\nzr.toolbox.core.tests.dll" id="788f487b-05b6-16ab-9322-20aff8af5551">
      <Execution id="2d058e07-022b-49e6-989d-4e01c89678c4" />
      <TestMethod codeBase="D:\mario.santos\workspaces\personal\Nzr.ToolBox\dotnet\Nzr.ToolBox.Core.Tests\bin\Debug\netcoreapp2.2\Nzr.ToolBox.Core.Tests.dll" adapterTypeName="executor://xunit/VsTestRunner2/netcoreapp" className="Nzr.ToolBox.Core.Tests.DateTimeUtilsTest" name="Nzr.ToolBox.Core.Tests.DateTimeUtilsTest.Subtract_WithOneSecond_ShouldReturnPastSecond" />
    </UnitTest>
    <UnitTest name="Nzr.ToolBox.Core.Tests.ObjectUtilsTest.RequireNonNull_WithNullWithoutCustomMessage_ShouldThrowExcetpion" storage="d:\mario.santos\workspaces\personal\nzr.toolbox\dotnet\nzr.toolbox.core.tests\bin\debug\netcoreapp2.2\nzr.toolbox.core.tests.dll" id="7e6b2287-0f2b-eed8-29a1-fa6a6b5f85fd">
      <Execution id="3470895b-63c9-4edc-92b2-34e36d2a94a4" />
      <TestMethod codeBase="D:\mario.santos\workspaces\personal\Nzr.ToolBox\dotnet\Nzr.ToolBox.Core.Tests\bin\Debug\netcoreapp2.2\Nzr.ToolBox.Core.Tests.dll" adapterTypeName="executor://xunit/VsTestRunner2/netcoreapp" className="Nzr.ToolBox.Core.Tests.ObjectUtilsTest" name="Nzr.ToolBox.Core.Tests.ObjectUtilsTest.RequireNonNull_WithNullWithoutCustomMessage_ShouldThrowExcetpion" />
    </UnitTest>
    <UnitTest name="Nzr.ToolBox.Core.Tests.BooleanUtilsTests.ToBool_WithPositiveString_ShouldReturnTrue(value: &quot;Ja&quot;)" storage="d:\mario.santos\workspaces\personal\nzr.toolbox\dotnet\nzr.toolbox.core.tests\bin\debug\netcoreapp2.2\nzr.toolbox.core.tests.dll" id="48caecef-a5fa-613e-d718-f1276bb5ba57">
      <Execution id="c62cb66c-eadd-47fa-bcba-c693102762e5" />
      <TestMethod codeBase="D:\mario.santos\workspaces\personal\Nzr.ToolBox\dotnet\Nzr.ToolBox.Core.Tests\bin\Debug\netcoreapp2.2\Nzr.ToolBox.Core.Tests.dll" adapterTypeName="executor://xunit/VsTestRunner2/netcoreapp" className="Nzr.ToolBox.Core.Tests.BooleanUtilsTests" name="Nzr.ToolBox.Core.Tests.BooleanUtilsTests.ToBool_WithPositiveString_ShouldReturnTrue(value: &quot;Ja&quot;)" />
    </UnitTest>
    <UnitTest name="Nzr.ToolBox.Core.Tests.RandomUtilsTest.RandomDouble_ShouldReturnUniqueValues(iterations: 10000, seed: null)" storage="d:\mario.santos\workspaces\personal\nzr.toolbox\dotnet\nzr.toolbox.core.tests\bin\debug\netcoreapp2.2\nzr.toolbox.core.tests.dll" id="cbba7763-672f-ddfc-9a60-f6df272eaad6">
      <Execution id="f9f9b705-53c3-4e71-9e73-794f3993057c" />
      <TestMethod codeBase="D:\mario.santos\workspaces\personal\Nzr.ToolBox\dotnet\Nzr.ToolBox.Core.Tests\bin\Debug\netcoreapp2.2\Nzr.ToolBox.Core.Tests.dll" adapterTypeName="executor://xunit/VsTestRunner2/netcoreapp" className="Nzr.ToolBox.Core.Tests.RandomUtilsTest" name="Nzr.ToolBox.Core.Tests.RandomUtilsTest.RandomDouble_ShouldReturnUniqueValues(iterations: 10000, seed: null)" />
    </UnitTest>
    <UnitTest name="Nzr.ToolBox.Core.Tests.NumberUtilsTest.ToHexadecimal_WithNumberWithPrefix_ShouldReturnBinaryWithPrefix" storage="d:\mario.santos\workspaces\personal\nzr.toolbox\dotnet\nzr.toolbox.core.tests\bin\debug\netcoreapp2.2\nzr.toolbox.core.tests.dll" id="06062712-a9f6-15e0-bf35-38dc901029e7">
      <Execution id="7e5a90f4-1d1c-4f3c-a44f-e555b796f5f2" />
      <TestMethod codeBase="D:\mario.santos\workspaces\personal\Nzr.ToolBox\dotnet\Nzr.ToolBox.Core.Tests\bin\Debug\netcoreapp2.2\Nzr.ToolBox.Core.Tests.dll" adapterTypeName="executor://xunit/VsTestRunner2/netcoreapp" className="Nzr.ToolBox.Core.Tests.NumberUtilsTest" name="Nzr.ToolBox.Core.Tests.NumberUtilsTest.ToHexadecimal_WithNumberWithPrefix_ShouldReturnBinaryWithPrefix" />
    </UnitTest>
    <UnitTest name="Nzr.ToolBox.Core.Tests.CollectionUtilsTests.IsNotEmpty_WithEmpty_ShouldReturnFalse" storage="d:\mario.santos\workspaces\personal\nzr.toolbox\dotnet\nzr.toolbox.core.tests\bin\debug\netcoreapp2.2\nzr.toolbox.core.tests.dll" id="105843c0-8d25-e16e-687e-24c0c02b7966">
      <Execution id="ba44dd41-9bef-4271-90f8-ead38ed0ae3a" />
      <TestMethod codeBase="D:\mario.santos\workspaces\personal\Nzr.ToolBox\dotnet\Nzr.ToolBox.Core.Tests\bin\Debug\netcoreapp2.2\Nzr.ToolBox.Core.Tests.dll" adapterTypeName="executor://xunit/VsTestRunner2/netcoreapp" className="Nzr.ToolBox.Core.Tests.CollectionUtilsTests" name="Nzr.ToolBox.Core.Tests.CollectionUtilsTests.IsNotEmpty_WithEmpty_ShouldReturnFalse" />
    </UnitTest>
    <UnitTest name="Nzr.ToolBox.Core.Tests.CollectionUtilsTests.ContainsAll_WithNullSourceEnumerable_ShouldReturnFalse" storage="d:\mario.santos\workspaces\personal\nzr.toolbox\dotnet\nzr.toolbox.core.tests\bin\debug\netcoreapp2.2\nzr.toolbox.core.tests.dll" id="2fe5b4ab-f3f5-15bc-6481-7df383a0aa00">
      <Execution id="28468357-0222-4572-9d36-0cbc1671012f" />
      <TestMethod codeBase="D:\mario.santos\workspaces\personal\Nzr.ToolBox\dotnet\Nzr.ToolBox.Core.Tests\bin\Debug\netcoreapp2.2\Nzr.ToolBox.Core.Tests.dll" adapterTypeName="executor://xunit/VsTestRunner2/netcoreapp" className="Nzr.ToolBox.Core.Tests.CollectionUtilsTests" name="Nzr.ToolBox.Core.Tests.CollectionUtilsTests.ContainsAll_WithNullSourceEnumerable_ShouldReturnFalse" />
    </UnitTest>
    <UnitTest name="Nzr.ToolBox.Core.Tests.StringUtilsTest.Repeat_WithNull_ShouldReturnNull" storage="d:\mario.santos\workspaces\personal\nzr.toolbox\dotnet\nzr.toolbox.core.tests\bin\debug\netcoreapp2.2\nzr.toolbox.core.tests.dll" id="16e225c7-ff41-4d1e-ea8a-a910d30a164b">
      <Execution id="450697d8-eca9-47fe-9c6b-813399592412" />
      <TestMethod codeBase="D:\mario.santos\workspaces\personal\Nzr.ToolBox\dotnet\Nzr.ToolBox.Core.Tests\bin\Debug\netcoreapp2.2\Nzr.ToolBox.Core.Tests.dll" adapterTypeName="executor://xunit/VsTestRunner2/netcoreapp" className="Nzr.ToolBox.Core.Tests.StringUtilsTest" name="Nzr.ToolBox.Core.Tests.StringUtilsTest.Repeat_WithNull_ShouldReturnNull" />
    </UnitTest>
    <UnitTest name="Nzr.ToolBox.Core.Tests.StringUtilsTest.DefaultIfBlank_WitNonBlankString_ShouldReturnString" storage="d:\mario.santos\workspaces\personal\nzr.toolbox\dotnet\nzr.toolbox.core.tests\bin\debug\netcoreapp2.2\nzr.toolbox.core.tests.dll" id="6b51fd93-cfcb-0aea-d26c-8be65f40eb5a">
      <Execution id="4420a0be-b3f6-4937-b5d3-0c162f744aec" />
      <TestMethod codeBase="D:\mario.santos\workspaces\personal\Nzr.ToolBox\dotnet\Nzr.ToolBox.Core.Tests\bin\Debug\netcoreapp2.2\Nzr.ToolBox.Core.Tests.dll" adapterTypeName="executor://xunit/VsTestRunner2/netcoreapp" className="Nzr.ToolBox.Core.Tests.StringUtilsTest" name="Nzr.ToolBox.Core.Tests.StringUtilsTest.DefaultIfBlank_WitNonBlankString_ShouldReturnString" />
    </UnitTest>
    <UnitTest name="Nzr.ToolBox.Core.Tests.CollectionUtilsTests.ForEach_WithGenericList_ShouldExecuteFunction" storage="d:\mario.santos\workspaces\personal\nzr.toolbox\dotnet\nzr.toolbox.core.tests\bin\debug\netcoreapp2.2\nzr.toolbox.core.tests.dll" id="21d2f5b5-8824-b5dc-5b55-bc862d5c638c">
      <Execution id="d84fef71-0e2b-4b38-8fb0-a50e98e80951" />
      <TestMethod codeBase="D:\mario.santos\workspaces\personal\Nzr.ToolBox\dotnet\Nzr.ToolBox.Core.Tests\bin\Debug\netcoreapp2.2\Nzr.ToolBox.Core.Tests.dll" adapterTypeName="executor://xunit/VsTestRunner2/netcoreapp" className="Nzr.ToolBox.Core.Tests.CollectionUtilsTests" name="Nzr.ToolBox.Core.Tests.CollectionUtilsTests.ForEach_WithGenericList_ShouldExecuteFunction" />
    </UnitTest>
    <UnitTest name="Nzr.ToolBox.Core.Tests.RandomUtilsTest.RandomDecimal_ShouldReturnUniqueValues(iterations: 10000, seed: null)" storage="d:\mario.santos\workspaces\personal\nzr.toolbox\dotnet\nzr.toolbox.core.tests\bin\debug\netcoreapp2.2\nzr.toolbox.core.tests.dll" id="a17b2044-60f5-4812-5bc4-2de8d6ca5463">
      <Execution id="a708994f-d080-45ff-9d90-0d56d08f1b57" />
      <TestMethod codeBase="D:\mario.santos\workspaces\personal\Nzr.ToolBox\dotnet\Nzr.ToolBox.Core.Tests\bin\Debug\netcoreapp2.2\Nzr.ToolBox.Core.Tests.dll" adapterTypeName="executor://xunit/VsTestRunner2/netcoreapp" className="Nzr.ToolBox.Core.Tests.RandomUtilsTest" name="Nzr.ToolBox.Core.Tests.RandomUtilsTest.RandomDecimal_ShouldReturnUniqueValues(iterations: 10000, seed: null)" />
    </UnitTest>
    <UnitTest name="Nzr.ToolBox.Core.Tests.CollectionUtilsTests.IsNotEmpty_WithNonEmpty_ShouldReturnTrue" storage="d:\mario.santos\workspaces\personal\nzr.toolbox\dotnet\nzr.toolbox.core.tests\bin\debug\netcoreapp2.2\nzr.toolbox.core.tests.dll" id="222f7168-7e34-cd8e-2834-adc8122c855d">
      <Execution id="6ceacb45-93a0-48e0-89d4-843ae7d811aa" />
      <TestMethod codeBase="D:\mario.santos\workspaces\personal\Nzr.ToolBox\dotnet\Nzr.ToolBox.Core.Tests\bin\Debug\netcoreapp2.2\Nzr.ToolBox.Core.Tests.dll" adapterTypeName="executor://xunit/VsTestRunner2/netcoreapp" className="Nzr.ToolBox.Core.Tests.CollectionUtilsTests" name="Nzr.ToolBox.Core.Tests.CollectionUtilsTests.IsNotEmpty_WithNonEmpty_ShouldReturnTrue" />
    </UnitTest>
    <UnitTest name="Nzr.ToolBox.Core.Tests.CollectionUtilsTests.EmptyIfNull_WithNonNullEnumerable_ShouldTheEnumerable" storage="d:\mario.santos\workspaces\personal\nzr.toolbox\dotnet\nzr.toolbox.core.tests\bin\debug\netcoreapp2.2\nzr.toolbox.core.tests.dll" id="aa9cc0cb-14c6-ae07-bdfd-bae5f2a9924a">
      <Execution id="42698962-679e-477a-a114-b6bde93f7eed" />
      <TestMethod codeBase="D:\mario.santos\workspaces\personal\Nzr.ToolBox\dotnet\Nzr.ToolBox.Core.Tests\bin\Debug\netcoreapp2.2\Nzr.ToolBox.Core.Tests.dll" adapterTypeName="executor://xunit/VsTestRunner2/netcoreapp" className="Nzr.ToolBox.Core.Tests.CollectionUtilsTests" name="Nzr.ToolBox.Core.Tests.CollectionUtilsTests.EmptyIfNull_WithNonNullEnumerable_ShouldTheEnumerable" />
    </UnitTest>
    <UnitTest name="Nzr.ToolBox.Core.Tests.RandomUtilsTest.RandomByte_ShouldReturnUniqueValues(iterations: 255, seed: 1)" storage="d:\mario.santos\workspaces\personal\nzr.toolbox\dotnet\nzr.toolbox.core.tests\bin\debug\netcoreapp2.2\nzr.toolbox.core.tests.dll" id="bd4840b2-65f4-1738-f51a-39c1c1a95ff4">
      <Execution id="f41d2741-7ce7-4521-96fc-306026c04710" />
      <TestMethod codeBase="D:\mario.santos\workspaces\personal\Nzr.ToolBox\dotnet\Nzr.ToolBox.Core.Tests\bin\Debug\netcoreapp2.2\Nzr.ToolBox.Core.Tests.dll" adapterTypeName="executor://xunit/VsTestRunner2/netcoreapp" className="Nzr.ToolBox.Core.Tests.RandomUtilsTest" name="Nzr.ToolBox.Core.Tests.RandomUtilsTest.RandomByte_ShouldReturnUniqueValues(iterations: 255, seed: 1)" />
    </UnitTest>
    <UnitTest name="Nzr.ToolBox.Core.Tests.RandomUtilsTest.RandomString_WithSpecificChars_ShouldReturnSpecificString" storage="d:\mario.santos\workspaces\personal\nzr.toolbox\dotnet\nzr.toolbox.core.tests\bin\debug\netcoreapp2.2\nzr.toolbox.core.tests.dll" id="4b89d93e-7058-25e8-68ff-2910059c6bc1">
      <Execution id="b2b6cd37-d7a6-4db2-9176-2852691246b8" />
      <TestMethod codeBase="D:\mario.santos\workspaces\personal\Nzr.ToolBox\dotnet\Nzr.ToolBox.Core.Tests\bin\Debug\netcoreapp2.2\Nzr.ToolBox.Core.Tests.dll" adapterTypeName="executor://xunit/VsTestRunner2/netcoreapp" className="Nzr.ToolBox.Core.Tests.RandomUtilsTest" name="Nzr.ToolBox.Core.Tests.RandomUtilsTest.RandomString_WithSpecificChars_ShouldReturnSpecificString" />
    </UnitTest>
    <UnitTest name="Nzr.ToolBox.Core.Tests.BooleanUtilsTests.ToBool_WithZeroOrNegative_ShouldReturnFalse(b: 0, s: 0, i: 0, l: 0, f: 0, d: 0, m: 0)" storage="d:\mario.santos\workspaces\personal\nzr.toolbox\dotnet\nzr.toolbox.core.tests\bin\debug\netcoreapp2.2\nzr.toolbox.core.tests.dll" id="ec3e09c5-8729-567e-bf4a-d5990aad45d6">
      <Execution id="5a67043e-1b2f-4e73-ba5d-e864116de44f" />
      <TestMethod codeBase="D:\mario.santos\workspaces\personal\Nzr.ToolBox\dotnet\Nzr.ToolBox.Core.Tests\bin\Debug\netcoreapp2.2\Nzr.ToolBox.Core.Tests.dll" adapterTypeName="executor://xunit/VsTestRunner2/netcoreapp" className="Nzr.ToolBox.Core.Tests.BooleanUtilsTests" name="Nzr.ToolBox.Core.Tests.BooleanUtilsTests.ToBool_WithZeroOrNegative_ShouldReturnFalse(b: 0, s: 0, i: 0, l: 0, f: 0, d: 0, m: 0)" />
    </UnitTest>
    <UnitTest name="Nzr.ToolBox.Core.Tests.DateTimeUtilsTest.ToEpoch_WithDateTime_ShouldReturnEpochTime" storage="d:\mario.santos\workspaces\personal\nzr.toolbox\dotnet\nzr.toolbox.core.tests\bin\debug\netcoreapp2.2\nzr.toolbox.core.tests.dll" id="0f0fd9c4-310b-8f5e-8547-15872b5cb4b0">
      <Execution id="1f83f8a1-f631-466b-8985-9bcee6ce3d72" />
      <TestMethod codeBase="D:\mario.santos\workspaces\personal\Nzr.ToolBox\dotnet\Nzr.ToolBox.Core.Tests\bin\Debug\netcoreapp2.2\Nzr.ToolBox.Core.Tests.dll" adapterTypeName="executor://xunit/VsTestRunner2/netcoreapp" className="Nzr.ToolBox.Core.Tests.DateTimeUtilsTest" name="Nzr.ToolBox.Core.Tests.DateTimeUtilsTest.ToEpoch_WithDateTime_ShouldReturnEpochTime" />
    </UnitTest>
    <UnitTest name="Nzr.ToolBox.Core.Tests.NumberUtilsTest.Max_ShouldReturnMaxValues" storage="d:\mario.santos\workspaces\personal\nzr.toolbox\dotnet\nzr.toolbox.core.tests\bin\debug\netcoreapp2.2\nzr.toolbox.core.tests.dll" id="d2556f65-3778-bd58-eecd-ae6ccb2c7885">
      <Execution id="139c39c7-9fa6-422c-946b-c16908b818b2" />
      <TestMethod codeBase="D:\mario.santos\workspaces\personal\Nzr.ToolBox\dotnet\Nzr.ToolBox.Core.Tests\bin\Debug\netcoreapp2.2\Nzr.ToolBox.Core.Tests.dll" adapterTypeName="executor://xunit/VsTestRunner2/netcoreapp" className="Nzr.ToolBox.Core.Tests.NumberUtilsTest" name="Nzr.ToolBox.Core.Tests.NumberUtilsTest.Max_ShouldReturnMaxValues" />
    </UnitTest>
    <UnitTest name="Nzr.ToolBox.Core.Tests.ObjectUtilsTest.IsAllNull_WithAllNull_ShouldReturnTrue" storage="d:\mario.santos\workspaces\personal\nzr.toolbox\dotnet\nzr.toolbox.core.tests\bin\debug\netcoreapp2.2\nzr.toolbox.core.tests.dll" id="e624c53d-a1cf-0c98-22e7-54295ab64bfd">
      <Execution id="c6ef9a96-3f35-4a6d-b17b-237afdfc668c" />
      <TestMethod codeBase="D:\mario.santos\workspaces\personal\Nzr.ToolBox\dotnet\Nzr.ToolBox.Core.Tests\bin\Debug\netcoreapp2.2\Nzr.ToolBox.Core.Tests.dll" adapterTypeName="executor://xunit/VsTestRunner2/netcoreapp" className="Nzr.ToolBox.Core.Tests.ObjectUtilsTest" name="Nzr.ToolBox.Core.Tests.ObjectUtilsTest.IsAllNull_WithAllNull_ShouldReturnTrue" />
    </UnitTest>
    <UnitTest name="Nzr.ToolBox.Core.Tests.StringUtilsTest.GetFirstNonBlank_WithOnlyEmptyString_ShouldReturnNull" storage="d:\mario.santos\workspaces\personal\nzr.toolbox\dotnet\nzr.toolbox.core.tests\bin\debug\netcoreapp2.2\nzr.toolbox.core.tests.dll" id="017f2681-1481-dbaa-ea0e-6a10d0c9b02d">
      <Execution id="222a8a53-cd9f-4e3e-88ac-171964fd3177" />
      <TestMethod codeBase="D:\mario.santos\workspaces\personal\Nzr.ToolBox\dotnet\Nzr.ToolBox.Core.Tests\bin\Debug\netcoreapp2.2\Nzr.ToolBox.Core.Tests.dll" adapterTypeName="executor://xunit/VsTestRunner2/netcoreapp" className="Nzr.ToolBox.Core.Tests.StringUtilsTest" name="Nzr.ToolBox.Core.Tests.StringUtilsTest.GetFirstNonBlank_WithOnlyEmptyString_ShouldReturnNull" />
    </UnitTest>
    <UnitTest name="Nzr.ToolBox.Core.Tests.StringUtilsTest.DescribeIfNone_WithBlank_ShouldReturnBlankString" storage="d:\mario.santos\workspaces\personal\nzr.toolbox\dotnet\nzr.toolbox.core.tests\bin\debug\netcoreapp2.2\nzr.toolbox.core.tests.dll" id="38aa400d-53ce-7d63-25db-acb1a6beac35">
      <Execution id="b30867b6-411d-4e65-8da2-45450cde1590" />
      <TestMethod codeBase="D:\mario.santos\workspaces\personal\Nzr.ToolBox\dotnet\Nzr.ToolBox.Core.Tests\bin\Debug\netcoreapp2.2\Nzr.ToolBox.Core.Tests.dll" adapterTypeName="executor://xunit/VsTestRunner2/netcoreapp" className="Nzr.ToolBox.Core.Tests.StringUtilsTest" name="Nzr.ToolBox.Core.Tests.StringUtilsTest.DescribeIfNone_WithBlank_ShouldReturnBlankString" />
    </UnitTest>
    <UnitTest name="Nzr.ToolBox.Core.Tests.CollectionUtilsTests.ForEach_WithList_ShouldExecuteAction" storage="d:\mario.santos\workspaces\personal\nzr.toolbox\dotnet\nzr.toolbox.core.tests\bin\debug\netcoreapp2.2\nzr.toolbox.core.tests.dll" id="fee75939-4381-ef54-486d-351d5845cf43">
      <Execution id="db946c18-2b26-4511-9b0e-1f51acb5757b" />
      <TestMethod codeBase="D:\mario.santos\workspaces\personal\Nzr.ToolBox\dotnet\Nzr.ToolBox.Core.Tests\bin\Debug\netcoreapp2.2\Nzr.ToolBox.Core.Tests.dll" adapterTypeName="executor://xunit/VsTestRunner2/netcoreapp" className="Nzr.ToolBox.Core.Tests.CollectionUtilsTests" name="Nzr.ToolBox.Core.Tests.CollectionUtilsTests.ForEach_WithList_ShouldExecuteAction" />
    </UnitTest>
    <UnitTest name="Nzr.ToolBox.Core.Tests.StringUtilsTest.IsAllBlank_WithNullOrBlankStrings_ShouldReturnTrue" storage="d:\mario.santos\workspaces\personal\nzr.toolbox\dotnet\nzr.toolbox.core.tests\bin\debug\netcoreapp2.2\nzr.toolbox.core.tests.dll" id="f66c2c72-8186-4752-6374-d287cc46a9fe">
      <Execution id="ffbaa43f-dd74-449d-9b9c-abe4fe208e76" />
      <TestMethod codeBase="D:\mario.santos\workspaces\personal\Nzr.ToolBox\dotnet\Nzr.ToolBox.Core.Tests\bin\Debug\netcoreapp2.2\Nzr.ToolBox.Core.Tests.dll" adapterTypeName="executor://xunit/VsTestRunner2/netcoreapp" className="Nzr.ToolBox.Core.Tests.StringUtilsTest" name="Nzr.ToolBox.Core.Tests.StringUtilsTest.IsAllBlank_WithNullOrBlankStrings_ShouldReturnTrue" />
    </UnitTest>
    <UnitTest name="Nzr.ToolBox.Core.Tests.StringUtilsTest.IsAllEmpty_WithNullOrEmptyStrings_ShouldReturnTrue" storage="d:\mario.santos\workspaces\personal\nzr.toolbox\dotnet\nzr.toolbox.core.tests\bin\debug\netcoreapp2.2\nzr.toolbox.core.tests.dll" id="4fc60e12-0185-2c5a-0a5f-4321c6a89099">
      <Execution id="c2b43537-9663-4a5f-8351-c0c5dcf89367" />
      <TestMethod codeBase="D:\mario.santos\workspaces\personal\Nzr.ToolBox\dotnet\Nzr.ToolBox.Core.Tests\bin\Debug\netcoreapp2.2\Nzr.ToolBox.Core.Tests.dll" adapterTypeName="executor://xunit/VsTestRunner2/netcoreapp" className="Nzr.ToolBox.Core.Tests.StringUtilsTest" name="Nzr.ToolBox.Core.Tests.StringUtilsTest.IsAllEmpty_WithNullOrEmptyStrings_ShouldReturnTrue" />
    </UnitTest>
    <UnitTest name="Nzr.ToolBox.Core.Tests.CollectionUtilsTests.ForEach_WithNull_ShouldNotExecuteFunction" storage="d:\mario.santos\workspaces\personal\nzr.toolbox\dotnet\nzr.toolbox.core.tests\bin\debug\netcoreapp2.2\nzr.toolbox.core.tests.dll" id="bd159b72-9284-1885-d99e-8e5744e9e126">
      <Execution id="6efefece-4cc7-4268-bd80-0246a22dea19" />
      <TestMethod codeBase="D:\mario.santos\workspaces\personal\Nzr.ToolBox\dotnet\Nzr.ToolBox.Core.Tests\bin\Debug\netcoreapp2.2\Nzr.ToolBox.Core.Tests.dll" adapterTypeName="executor://xunit/VsTestRunner2/netcoreapp" className="Nzr.ToolBox.Core.Tests.CollectionUtilsTests" name="Nzr.ToolBox.Core.Tests.CollectionUtilsTests.ForEach_WithNull_ShouldNotExecuteFunction" />
    </UnitTest>
    <UnitTest name="Nzr.ToolBox.Core.Tests.StringUtilsTest.IsEmpty_WithBlankString_ShouldReturnFalse" storage="d:\mario.santos\workspaces\personal\nzr.toolbox\dotnet\nzr.toolbox.core.tests\bin\debug\netcoreapp2.2\nzr.toolbox.core.tests.dll" id="ccc6233d-7912-eee3-5bd9-e05a73d46c3c">
      <Execution id="c94a56bb-e3cc-468a-9846-bbde73392078" />
      <TestMethod codeBase="D:\mario.santos\workspaces\personal\Nzr.ToolBox\dotnet\Nzr.ToolBox.Core.Tests\bin\Debug\netcoreapp2.2\Nzr.ToolBox.Core.Tests.dll" adapterTypeName="executor://xunit/VsTestRunner2/netcoreapp" className="Nzr.ToolBox.Core.Tests.StringUtilsTest" name="Nzr.ToolBox.Core.Tests.StringUtilsTest.IsEmpty_WithBlankString_ShouldReturnFalse" />
    </UnitTest>
    <UnitTest name="Nzr.ToolBox.Core.Tests.StringUtilsTest.Prefix_WithExistingPrefix_ShouldNotAddPrefix" storage="d:\mario.santos\workspaces\personal\nzr.toolbox\dotnet\nzr.toolbox.core.tests\bin\debug\netcoreapp2.2\nzr.toolbox.core.tests.dll" id="011a8669-96b9-3bc3-27c4-fe49bafbe5b9">
      <Execution id="88716d46-56f8-4481-b992-3212f50a518d" />
      <TestMethod codeBase="D:\mario.santos\workspaces\personal\Nzr.ToolBox\dotnet\Nzr.ToolBox.Core.Tests\bin\Debug\netcoreapp2.2\Nzr.ToolBox.Core.Tests.dll" adapterTypeName="executor://xunit/VsTestRunner2/netcoreapp" className="Nzr.ToolBox.Core.Tests.StringUtilsTest" name="Nzr.ToolBox.Core.Tests.StringUtilsTest.Prefix_WithExistingPrefix_ShouldNotAddPrefix" />
    </UnitTest>
    <UnitTest name="Nzr.ToolBox.Core.Tests.StringUtilsTest.ContainsNone_WithStringContainingOneOfSubstring_ShouldReturnFalse" storage="d:\mario.santos\workspaces\personal\nzr.toolbox\dotnet\nzr.toolbox.core.tests\bin\debug\netcoreapp2.2\nzr.toolbox.core.tests.dll" id="50f24cab-68bb-0a36-1c30-0ae9a001fb12">
      <Execution id="d173d1a6-c869-4de0-bfc4-695a9fe96712" />
      <TestMethod codeBase="D:\mario.santos\workspaces\personal\Nzr.ToolBox\dotnet\Nzr.ToolBox.Core.Tests\bin\Debug\netcoreapp2.2\Nzr.ToolBox.Core.Tests.dll" adapterTypeName="executor://xunit/VsTestRunner2/netcoreapp" className="Nzr.ToolBox.Core.Tests.StringUtilsTest" name="Nzr.ToolBox.Core.Tests.StringUtilsTest.ContainsNone_WithStringContainingOneOfSubstring_ShouldReturnFalse" />
    </UnitTest>
    <UnitTest name="Nzr.ToolBox.Core.Tests.CollectionUtilsTests.ContainsAll_WithNullSourceEnumerable_ShouldReturnTrue" storage="d:\mario.santos\workspaces\personal\nzr.toolbox\dotnet\nzr.toolbox.core.tests\bin\debug\netcoreapp2.2\nzr.toolbox.core.tests.dll" id="897538ba-11dc-3a08-eecb-d0948a1cd8fe">
      <Execution id="7f41d517-eb59-4e57-a5a8-2b6020d14341" />
      <TestMethod codeBase="D:\mario.santos\workspaces\personal\Nzr.ToolBox\dotnet\Nzr.ToolBox.Core.Tests\bin\Debug\netcoreapp2.2\Nzr.ToolBox.Core.Tests.dll" adapterTypeName="executor://xunit/VsTestRunner2/netcoreapp" className="Nzr.ToolBox.Core.Tests.CollectionUtilsTests" name="Nzr.ToolBox.Core.Tests.CollectionUtilsTests.ContainsAll_WithNullSourceEnumerable_ShouldReturnTrue" />
    </UnitTest>
    <UnitTest name="Nzr.ToolBox.Core.Tests.ObjectUtilsTest.RequireNonNull_WithNullWitCustomMessage_ShouldThrowExcetpionWithCustomMessage" storage="d:\mario.santos\workspaces\personal\nzr.toolbox\dotnet\nzr.toolbox.core.tests\bin\debug\netcoreapp2.2\nzr.toolbox.core.tests.dll" id="bd59e0c8-65f6-24f7-250c-df15260ab31a">
      <Execution id="328aa665-b4c4-459d-b230-a64d741e7285" />
      <TestMethod codeBase="D:\mario.santos\workspaces\personal\Nzr.ToolBox\dotnet\Nzr.ToolBox.Core.Tests\bin\Debug\netcoreapp2.2\Nzr.ToolBox.Core.Tests.dll" adapterTypeName="executor://xunit/VsTestRunner2/netcoreapp" className="Nzr.ToolBox.Core.Tests.ObjectUtilsTest" name="Nzr.ToolBox.Core.Tests.ObjectUtilsTest.RequireNonNull_WithNullWitCustomMessage_ShouldThrowExcetpionWithCustomMessage" />
    </UnitTest>
    <UnitTest name="Nzr.ToolBox.Core.Tests.StringUtilsTest.Equal_WithIgnoreDiacriticsOptionFalseAndSimilarWords_ShouldReturnFalse" storage="d:\mario.santos\workspaces\personal\nzr.toolbox\dotnet\nzr.toolbox.core.tests\bin\debug\netcoreapp2.2\nzr.toolbox.core.tests.dll" id="65dbe27c-6774-84e7-f9f4-c2515b79fdeb">
      <Execution id="4e223467-890b-4d01-b5bf-4a43630c1e93" />
      <TestMethod codeBase="D:\mario.santos\workspaces\personal\Nzr.ToolBox\dotnet\Nzr.ToolBox.Core.Tests\bin\Debug\netcoreapp2.2\Nzr.ToolBox.Core.Tests.dll" adapterTypeName="executor://xunit/VsTestRunner2/netcoreapp" className="Nzr.ToolBox.Core.Tests.StringUtilsTest" name="Nzr.ToolBox.Core.Tests.StringUtilsTest.Equal_WithIgnoreDiacriticsOptionFalseAndSimilarWords_ShouldReturnFalse" />
    </UnitTest>
    <UnitTest name="Nzr.ToolBox.Core.Tests.StringUtilsTest.IsNotNumber_WithNull_ShouldReturnTrue" storage="d:\mario.santos\workspaces\personal\nzr.toolbox\dotnet\nzr.toolbox.core.tests\bin\debug\netcoreapp2.2\nzr.toolbox.core.tests.dll" id="eb0227c1-b25a-b6ec-c3b3-242fa974349b">
      <Execution id="e27758f6-8406-46dd-868a-b1cc3d39ec24" />
      <TestMethod codeBase="D:\mario.santos\workspaces\personal\Nzr.ToolBox\dotnet\Nzr.ToolBox.Core.Tests\bin\Debug\netcoreapp2.2\Nzr.ToolBox.Core.Tests.dll" adapterTypeName="executor://xunit/VsTestRunner2/netcoreapp" className="Nzr.ToolBox.Core.Tests.StringUtilsTest" name="Nzr.ToolBox.Core.Tests.StringUtilsTest.IsNotNumber_WithNull_ShouldReturnTrue" />
    </UnitTest>
    <UnitTest name="Nzr.ToolBox.Core.Tests.RandomUtilsTest.RandomLong_ShouldReturnUniqueValues(iterations: 10000, seed: null)" storage="d:\mario.santos\workspaces\personal\nzr.toolbox\dotnet\nzr.toolbox.core.tests\bin\debug\netcoreapp2.2\nzr.toolbox.core.tests.dll" id="7e9381b8-1011-a83d-71c0-1a4700f44a6a">
      <Execution id="1307d2d1-7517-43a4-9061-2b1f14e27927" />
      <TestMethod codeBase="D:\mario.santos\workspaces\personal\Nzr.ToolBox\dotnet\Nzr.ToolBox.Core.Tests\bin\Debug\netcoreapp2.2\Nzr.ToolBox.Core.Tests.dll" adapterTypeName="executor://xunit/VsTestRunner2/netcoreapp" className="Nzr.ToolBox.Core.Tests.RandomUtilsTest" name="Nzr.ToolBox.Core.Tests.RandomUtilsTest.RandomLong_ShouldReturnUniqueValues(iterations: 10000, seed: null)" />
    </UnitTest>
    <UnitTest name="Nzr.ToolBox.Core.Tests.BooleanUtilsTests.IsAllTrue_WithOneFalseValue_ShouldReturnFalse" storage="d:\mario.santos\workspaces\personal\nzr.toolbox\dotnet\nzr.toolbox.core.tests\bin\debug\netcoreapp2.2\nzr.toolbox.core.tests.dll" id="4d473892-3743-8866-0d73-fc4fe78c5f0e">
      <Execution id="83847a31-118b-41d8-afd5-2059cfebf3cd" />
      <TestMethod codeBase="D:\mario.santos\workspaces\personal\Nzr.ToolBox\dotnet\Nzr.ToolBox.Core.Tests\bin\Debug\netcoreapp2.2\Nzr.ToolBox.Core.Tests.dll" adapterTypeName="executor://xunit/VsTestRunner2/netcoreapp" className="Nzr.ToolBox.Core.Tests.BooleanUtilsTests" name="Nzr.ToolBox.Core.Tests.BooleanUtilsTests.IsAllTrue_WithOneFalseValue_ShouldReturnFalse" />
    </UnitTest>
    <UnitTest name="Nzr.ToolBox.Core.Tests.CollectionUtilsTests.IsEmpty_WithEmpty_ShouldReturnTrue" storage="d:\mario.santos\workspaces\personal\nzr.toolbox\dotnet\nzr.toolbox.core.tests\bin\debug\netcoreapp2.2\nzr.toolbox.core.tests.dll" id="8b06dbf8-2d8a-5226-9011-d08c484cab2f">
      <Execution id="4bf813f6-c82b-4e84-b7f7-08d6468ec891" />
      <TestMethod codeBase="D:\mario.santos\workspaces\personal\Nzr.ToolBox\dotnet\Nzr.ToolBox.Core.Tests\bin\Debug\netcoreapp2.2\Nzr.ToolBox.Core.Tests.dll" adapterTypeName="executor://xunit/VsTestRunner2/netcoreapp" className="Nzr.ToolBox.Core.Tests.CollectionUtilsTests" name="Nzr.ToolBox.Core.Tests.CollectionUtilsTests.IsEmpty_WithEmpty_ShouldReturnTrue" />
    </UnitTest>
    <UnitTest name="Nzr.ToolBox.Core.Tests.StringUtilsTest.RemoveDiacritics_WithNull_ShouldReturnNull" storage="d:\mario.santos\workspaces\personal\nzr.toolbox\dotnet\nzr.toolbox.core.tests\bin\debug\netcoreapp2.2\nzr.toolbox.core.tests.dll" id="23dfed38-6ff8-abe4-082e-3fdb4476dc12">
      <Execution id="c7b7acab-fce9-4caa-b4ff-8c9b2366968c" />
      <TestMethod codeBase="D:\mario.santos\workspaces\personal\Nzr.ToolBox\dotnet\Nzr.ToolBox.Core.Tests\bin\Debug\netcoreapp2.2\Nzr.ToolBox.Core.Tests.dll" adapterTypeName="executor://xunit/VsTestRunner2/netcoreapp" className="Nzr.ToolBox.Core.Tests.StringUtilsTest" name="Nzr.ToolBox.Core.Tests.StringUtilsTest.RemoveDiacritics_WithNull_ShouldReturnNull" />
    </UnitTest>
    <UnitTest name="Nzr.ToolBox.Core.Tests.StringUtilsTest.IsAllEmpty_WithOneNonEmpty_ShouldReturnFalse" storage="d:\mario.santos\workspaces\personal\nzr.toolbox\dotnet\nzr.toolbox.core.tests\bin\debug\netcoreapp2.2\nzr.toolbox.core.tests.dll" id="1c25c6c6-b1fb-4092-255b-2ef33baa6d85">
      <Execution id="8f600f86-4d41-4ec9-b4bf-ef130bbca06f" />
      <TestMethod codeBase="D:\mario.santos\workspaces\personal\Nzr.ToolBox\dotnet\Nzr.ToolBox.Core.Tests\bin\Debug\netcoreapp2.2\Nzr.ToolBox.Core.Tests.dll" adapterTypeName="executor://xunit/VsTestRunner2/netcoreapp" className="Nzr.ToolBox.Core.Tests.StringUtilsTest" name="Nzr.ToolBox.Core.Tests.StringUtilsTest.IsAllEmpty_WithOneNonEmpty_ShouldReturnFalse" />
    </UnitTest>
    <UnitTest name="Nzr.ToolBox.Core.Tests.CollectionUtilsTests.ContainsAny_WithEnumerableAndSomeOfOtherElements_ShouldReturnTrue" storage="d:\mario.santos\workspaces\personal\nzr.toolbox\dotnet\nzr.toolbox.core.tests\bin\debug\netcoreapp2.2\nzr.toolbox.core.tests.dll" id="2821175c-220a-922a-c241-441509e8a4e0">
      <Execution id="1efafa5e-4fea-4fd3-b5a4-925e54403961" />
      <TestMethod codeBase="D:\mario.santos\workspaces\personal\Nzr.ToolBox\dotnet\Nzr.ToolBox.Core.Tests\bin\Debug\netcoreapp2.2\Nzr.ToolBox.Core.Tests.dll" adapterTypeName="executor://xunit/VsTestRunner2/netcoreapp" className="Nzr.ToolBox.Core.Tests.CollectionUtilsTests" name="Nzr.ToolBox.Core.Tests.CollectionUtilsTests.ContainsAny_WithEnumerableAndSomeOfOtherElements_ShouldReturnTrue" />
    </UnitTest>
    <UnitTest name="Nzr.ToolBox.Core.Tests.StringUtilsTest.Suffix_WithExistingSuffixAndOverride_ShouldAddSuffix" storage="d:\mario.santos\workspaces\personal\nzr.toolbox\dotnet\nzr.toolbox.core.tests\bin\debug\netcoreapp2.2\nzr.toolbox.core.tests.dll" id="b634ef42-9b28-3107-af12-f47c9a5062cb">
      <Execution id="001f303c-41d5-4dc1-b652-45dcfc678fd8" />
      <TestMethod codeBase="D:\mario.santos\workspaces\personal\Nzr.ToolBox\dotnet\Nzr.ToolBox.Core.Tests\bin\Debug\netcoreapp2.2\Nzr.ToolBox.Core.Tests.dll" adapterTypeName="executor://xunit/VsTestRunner2/netcoreapp" className="Nzr.ToolBox.Core.Tests.StringUtilsTest" name="Nzr.ToolBox.Core.Tests.StringUtilsTest.Suffix_WithExistingSuffixAndOverride_ShouldAddSuffix" />
    </UnitTest>
    <UnitTest name="Nzr.ToolBox.Core.Tests.RandomUtilsTest.RandomInt_ShouldReturnUniqueValues(iterations: 10000, seed: null)" storage="d:\mario.santos\workspaces\personal\nzr.toolbox\dotnet\nzr.toolbox.core.tests\bin\debug\netcoreapp2.2\nzr.toolbox.core.tests.dll" id="d1e50dfe-89f9-2e1e-ee5f-3ce8755a7d24">
      <Execution id="d700f378-06a9-422f-b5e1-8191c8ddfe6e" />
      <TestMethod codeBase="D:\mario.santos\workspaces\personal\Nzr.ToolBox\dotnet\Nzr.ToolBox.Core.Tests\bin\Debug\netcoreapp2.2\Nzr.ToolBox.Core.Tests.dll" adapterTypeName="executor://xunit/VsTestRunner2/netcoreapp" className="Nzr.ToolBox.Core.Tests.RandomUtilsTest" name="Nzr.ToolBox.Core.Tests.RandomUtilsTest.RandomInt_ShouldReturnUniqueValues(iterations: 10000, seed: null)" />
    </UnitTest>
    <UnitTest name="Nzr.ToolBox.Core.Tests.RandomUtilsTest.RandomFloat_ShouldReturnUniqueValues(iterations: 10000, seed: null)" storage="d:\mario.santos\workspaces\personal\nzr.toolbox\dotnet\nzr.toolbox.core.tests\bin\debug\netcoreapp2.2\nzr.toolbox.core.tests.dll" id="f473e635-7655-edd1-44e6-2fcea27cde20">
      <Execution id="dc2e571f-e949-48c8-acec-12afae9adcf6" />
      <TestMethod codeBase="D:\mario.santos\workspaces\personal\Nzr.ToolBox\dotnet\Nzr.ToolBox.Core.Tests\bin\Debug\netcoreapp2.2\Nzr.ToolBox.Core.Tests.dll" adapterTypeName="executor://xunit/VsTestRunner2/netcoreapp" className="Nzr.ToolBox.Core.Tests.RandomUtilsTest" name="Nzr.ToolBox.Core.Tests.RandomUtilsTest.RandomFloat_ShouldReturnUniqueValues(iterations: 10000, seed: null)" />
    </UnitTest>
    <UnitTest name="Nzr.ToolBox.Core.Tests.StringUtilsTest.IsNotBlank_WithBlankString_ShouldReturnTrue" storage="d:\mario.santos\workspaces\personal\nzr.toolbox\dotnet\nzr.toolbox.core.tests\bin\debug\netcoreapp2.2\nzr.toolbox.core.tests.dll" id="b334286c-9c15-1dd5-c77e-1b9fe030040e">
      <Execution id="4a62dcd1-8a52-4286-b5b5-4f05b5f6e8da" />
      <TestMethod codeBase="D:\mario.santos\workspaces\personal\Nzr.ToolBox\dotnet\Nzr.ToolBox.Core.Tests\bin\Debug\netcoreapp2.2\Nzr.ToolBox.Core.Tests.dll" adapterTypeName="executor://xunit/VsTestRunner2/netcoreapp" className="Nzr.ToolBox.Core.Tests.StringUtilsTest" name="Nzr.ToolBox.Core.Tests.StringUtilsTest.IsNotBlank_WithBlankString_ShouldReturnTrue" />
    </UnitTest>
    <UnitTest name="Nzr.ToolBox.Core.Tests.RandomUtilsTest.RandomByte_ShouldReturnUniqueValues(iterations: 255, seed: null)" storage="d:\mario.santos\workspaces\personal\nzr.toolbox\dotnet\nzr.toolbox.core.tests\bin\debug\netcoreapp2.2\nzr.toolbox.core.tests.dll" id="efac6178-2331-78d0-58dd-df1f5a698301">
      <Execution id="cfd49f21-f634-4ba3-8ab2-d7f6a1ef42e8" />
      <TestMethod codeBase="D:\mario.santos\workspaces\personal\Nzr.ToolBox\dotnet\Nzr.ToolBox.Core.Tests\bin\Debug\netcoreapp2.2\Nzr.ToolBox.Core.Tests.dll" adapterTypeName="executor://xunit/VsTestRunner2/netcoreapp" className="Nzr.ToolBox.Core.Tests.RandomUtilsTest" name="Nzr.ToolBox.Core.Tests.RandomUtilsTest.RandomByte_ShouldReturnUniqueValues(iterations: 255, seed: null)" />
    </UnitTest>
    <UnitTest name="Nzr.ToolBox.Core.Tests.StringUtilsTest.IsBlank_WithNullString_ShouldReturnTrue" storage="d:\mario.santos\workspaces\personal\nzr.toolbox\dotnet\nzr.toolbox.core.tests\bin\debug\netcoreapp2.2\nzr.toolbox.core.tests.dll" id="f037f0e5-645a-5ce7-bffe-ad45531b131d">
      <Execution id="baa74693-1876-4c01-bee6-625eb362da67" />
      <TestMethod codeBase="D:\mario.santos\workspaces\personal\Nzr.ToolBox\dotnet\Nzr.ToolBox.Core.Tests\bin\Debug\netcoreapp2.2\Nzr.ToolBox.Core.Tests.dll" adapterTypeName="executor://xunit/VsTestRunner2/netcoreapp" className="Nzr.ToolBox.Core.Tests.StringUtilsTest" name="Nzr.ToolBox.Core.Tests.StringUtilsTest.IsBlank_WithNullString_ShouldReturnTrue" />
    </UnitTest>
    <UnitTest name="Nzr.ToolBox.Core.Tests.BooleanUtilsTests.ToBool_WithNonPositiveString_ShouldReturnFalse(value: &quot;&quot;)" storage="d:\mario.santos\workspaces\personal\nzr.toolbox\dotnet\nzr.toolbox.core.tests\bin\debug\netcoreapp2.2\nzr.toolbox.core.tests.dll" id="f35f6eae-a2f2-9704-db53-5b689fdd1bea">
      <Execution id="45c0b2bb-c378-4233-b870-18758238c3ce" />
      <TestMethod codeBase="D:\mario.santos\workspaces\personal\Nzr.ToolBox\dotnet\Nzr.ToolBox.Core.Tests\bin\Debug\netcoreapp2.2\Nzr.ToolBox.Core.Tests.dll" adapterTypeName="executor://xunit/VsTestRunner2/netcoreapp" className="Nzr.ToolBox.Core.Tests.BooleanUtilsTests" name="Nzr.ToolBox.Core.Tests.BooleanUtilsTests.ToBool_WithNonPositiveString_ShouldReturnFalse(value: &quot;&quot;)" />
    </UnitTest>
    <UnitTest name="Nzr.ToolBox.Core.Tests.StringUtilsTest.Equal_WithIgnoreDiacriticsOptionTrueAndSimilarWords_ShouldReturnTrue" storage="d:\mario.santos\workspaces\personal\nzr.toolbox\dotnet\nzr.toolbox.core.tests\bin\debug\netcoreapp2.2\nzr.toolbox.core.tests.dll" id="ce609f5d-f2a0-fb82-0615-6999b7950665">
      <Execution id="ffa0afc9-2f6f-4c6b-ae36-183a35af76d6" />
      <TestMethod codeBase="D:\mario.santos\workspaces\personal\Nzr.ToolBox\dotnet\Nzr.ToolBox.Core.Tests\bin\Debug\netcoreapp2.2\Nzr.ToolBox.Core.Tests.dll" adapterTypeName="executor://xunit/VsTestRunner2/netcoreapp" className="Nzr.ToolBox.Core.Tests.StringUtilsTest" name="Nzr.ToolBox.Core.Tests.StringUtilsTest.Equal_WithIgnoreDiacriticsOptionTrueAndSimilarWords_ShouldReturnTrue" />
    </UnitTest>
    <UnitTest name="Nzr.ToolBox.Core.Tests.StringUtilsTest.DefaultIfBlank_WitEmptyString_ShouldReturnDefault" storage="d:\mario.santos\workspaces\personal\nzr.toolbox\dotnet\nzr.toolbox.core.tests\bin\debug\netcoreapp2.2\nzr.toolbox.core.tests.dll" id="a412f5de-b33e-e409-c4ae-50c16bfae988">
      <Execution id="633f03d7-dfd2-46e6-80a2-4e9269a90ade" />
      <TestMethod codeBase="D:\mario.santos\workspaces\personal\Nzr.ToolBox\dotnet\Nzr.ToolBox.Core.Tests\bin\Debug\netcoreapp2.2\Nzr.ToolBox.Core.Tests.dll" adapterTypeName="executor://xunit/VsTestRunner2/netcoreapp" className="Nzr.ToolBox.Core.Tests.StringUtilsTest" name="Nzr.ToolBox.Core.Tests.StringUtilsTest.DefaultIfBlank_WitEmptyString_ShouldReturnDefault" />
    </UnitTest>
    <UnitTest name="Nzr.ToolBox.Core.Tests.StringUtilsTest.IsNumber_WithNumeric_ShouldReturnTrue" storage="d:\mario.santos\workspaces\personal\nzr.toolbox\dotnet\nzr.toolbox.core.tests\bin\debug\netcoreapp2.2\nzr.toolbox.core.tests.dll" id="5242f9b9-ee1f-923c-f0c3-d5fb3e0359c6">
      <Execution id="86a0e993-83a9-40f6-954c-9d2266a79f0b" />
      <TestMethod codeBase="D:\mario.santos\workspaces\personal\Nzr.ToolBox\dotnet\Nzr.ToolBox.Core.Tests\bin\Debug\netcoreapp2.2\Nzr.ToolBox.Core.Tests.dll" adapterTypeName="executor://xunit/VsTestRunner2/netcoreapp" className="Nzr.ToolBox.Core.Tests.StringUtilsTest" name="Nzr.ToolBox.Core.Tests.StringUtilsTest.IsNumber_WithNumeric_ShouldReturnTrue" />
    </UnitTest>
    <UnitTest name="Nzr.ToolBox.Core.Tests.StringUtilsTest.Suffix_WithNonExistingSuffix_ShouldAddSuffix" storage="d:\mario.santos\workspaces\personal\nzr.toolbox\dotnet\nzr.toolbox.core.tests\bin\debug\netcoreapp2.2\nzr.toolbox.core.tests.dll" id="c7cdf179-33e4-784c-82e2-b5da92e111f8">
      <Execution id="d18557eb-30dc-4f44-82a7-90952eed8771" />
      <TestMethod codeBase="D:\mario.santos\workspaces\personal\Nzr.ToolBox\dotnet\Nzr.ToolBox.Core.Tests\bin\Debug\netcoreapp2.2\Nzr.ToolBox.Core.Tests.dll" adapterTypeName="executor://xunit/VsTestRunner2/netcoreapp" className="Nzr.ToolBox.Core.Tests.StringUtilsTest" name="Nzr.ToolBox.Core.Tests.StringUtilsTest.Suffix_WithNonExistingSuffix_ShouldAddSuffix" />
    </UnitTest>
    <UnitTest name="Nzr.ToolBox.Core.Tests.CollectionUtilsTests.ContainsAny_WithNullRefEnumerable_ShouldReturnFalse" storage="d:\mario.santos\workspaces\personal\nzr.toolbox\dotnet\nzr.toolbox.core.tests\bin\debug\netcoreapp2.2\nzr.toolbox.core.tests.dll" id="185eb6a1-d1e2-a7ae-f655-06a68724793c">
      <Execution id="736355c5-2ef7-4fd8-a305-0ab7f5d3fa59" />
      <TestMethod codeBase="D:\mario.santos\workspaces\personal\Nzr.ToolBox\dotnet\Nzr.ToolBox.Core.Tests\bin\Debug\netcoreapp2.2\Nzr.ToolBox.Core.Tests.dll" adapterTypeName="executor://xunit/VsTestRunner2/netcoreapp" className="Nzr.ToolBox.Core.Tests.CollectionUtilsTests" name="Nzr.ToolBox.Core.Tests.CollectionUtilsTests.ContainsAny_WithNullRefEnumerable_ShouldReturnFalse" />
    </UnitTest>
    <UnitTest name="Nzr.ToolBox.Core.Tests.StringUtilsTest.IsAllBlank_WithNullStrings_ShouldReturnTrue" storage="d:\mario.santos\workspaces\personal\nzr.toolbox\dotnet\nzr.toolbox.core.tests\bin\debug\netcoreapp2.2\nzr.toolbox.core.tests.dll" id="7d18c862-cf05-abcb-0928-990c2f1e2fc6">
      <Execution id="323ae125-342e-4a3a-bf7b-6d8939ddd040" />
      <TestMethod codeBase="D:\mario.santos\workspaces\personal\Nzr.ToolBox\dotnet\Nzr.ToolBox.Core.Tests\bin\Debug\netcoreapp2.2\Nzr.ToolBox.Core.Tests.dll" adapterTypeName="executor://xunit/VsTestRunner2/netcoreapp" className="Nzr.ToolBox.Core.Tests.StringUtilsTest" name="Nzr.ToolBox.Core.Tests.StringUtilsTest.IsAllBlank_WithNullStrings_ShouldReturnTrue" />
    </UnitTest>
    <UnitTest name="Nzr.ToolBox.Core.Tests.ObjectUtilsTest.IsAnyNonNull_WithOneNonNull_ShouldReturnTrue" storage="d:\mario.santos\workspaces\personal\nzr.toolbox\dotnet\nzr.toolbox.core.tests\bin\debug\netcoreapp2.2\nzr.toolbox.core.tests.dll" id="e47e56e9-5385-922b-8aae-4a5f9fc8708e">
      <Execution id="115a7732-a588-4fe2-a652-8396701da175" />
      <TestMethod codeBase="D:\mario.santos\workspaces\personal\Nzr.ToolBox\dotnet\Nzr.ToolBox.Core.Tests\bin\Debug\netcoreapp2.2\Nzr.ToolBox.Core.Tests.dll" adapterTypeName="executor://xunit/VsTestRunner2/netcoreapp" className="Nzr.ToolBox.Core.Tests.ObjectUtilsTest" name="Nzr.ToolBox.Core.Tests.ObjectUtilsTest.IsAnyNonNull_WithOneNonNull_ShouldReturnTrue" />
    </UnitTest>
  </TestDefinitions>
  <TestEntries>
    <TestEntry testId="b634ef42-9b28-3107-af12-f47c9a5062cb" executionId="001f303c-41d5-4dc1-b652-45dcfc678fd8" testListId="8c84fa94-04c1-424b-9868-57a2d4851a1d" />
    <TestEntry testId="c27f5798-ba92-8771-15a7-731f0a36872c" executionId="c9ca4437-e4ec-4be4-953b-ac12c3aa6896" testListId="8c84fa94-04c1-424b-9868-57a2d4851a1d" />
    <TestEntry testId="4efab8f9-2009-4299-fc70-4c6c544935fe" executionId="d8d9b8b3-d5a3-44f9-bb83-8fb14b627be8" testListId="8c84fa94-04c1-424b-9868-57a2d4851a1d" />
    <TestEntry testId="9847e038-8e7e-bbcd-0cca-216082d13779" executionId="dde3bd63-1734-4f6c-b6a9-4feddaf1ace8" testListId="8c84fa94-04c1-424b-9868-57a2d4851a1d" />
    <TestEntry testId="c503249d-5537-fc1c-c402-620be402a09c" executionId="b5369cfb-e1db-4c65-9ccb-4a809a1222d5" testListId="8c84fa94-04c1-424b-9868-57a2d4851a1d" />
    <TestEntry testId="265af543-0d1a-56da-e209-7d56a3acc7da" executionId="116b7dc4-c0da-4be2-ada0-d62760561f85" testListId="8c84fa94-04c1-424b-9868-57a2d4851a1d" />
    <TestEntry testId="8668c16e-2e8c-3717-0d40-dca4b94235b7" executionId="3d6aa053-2143-42f3-bd32-019431782129" testListId="8c84fa94-04c1-424b-9868-57a2d4851a1d" />
    <TestEntry testId="52d99a4c-3e0d-3433-cee1-97bb1b8bac8c" executionId="65d836ce-a774-4002-8b62-aac557437a4d" testListId="8c84fa94-04c1-424b-9868-57a2d4851a1d" />
    <TestEntry testId="e397fe5c-dda2-b97d-97d4-6dd12c3d68a3" executionId="57dd82d4-48ac-4d10-997a-8f52523319a2" testListId="8c84fa94-04c1-424b-9868-57a2d4851a1d" />
    <TestEntry testId="b5c65171-5bde-d993-6882-e95aac21805c" executionId="7f5ebaf0-b6fc-4a7d-9af1-b59941d56b69" testListId="8c84fa94-04c1-424b-9868-57a2d4851a1d" />
    <TestEntry testId="164b891a-cd2a-f888-7f37-eb0e28476c0f" executionId="bdd15c25-ea98-4f37-9a9e-3d132a6686fd" testListId="8c84fa94-04c1-424b-9868-57a2d4851a1d" />
    <TestEntry testId="3b3f03b2-7036-9975-1ea0-fbee6b6a40d0" executionId="a24a58d5-88a2-4539-95e1-b66b7999c92a" testListId="8c84fa94-04c1-424b-9868-57a2d4851a1d" />
    <TestEntry testId="87b56d62-9af1-eead-6483-716ab3bb23e0" executionId="01cf4420-a63d-4b16-940a-d4b5588445df" testListId="8c84fa94-04c1-424b-9868-57a2d4851a1d" />
    <TestEntry testId="7afb5e69-89d1-7f64-d310-d8ca755d44a5" executionId="d152a8d1-0d56-44a9-8d40-1483e76b3740" testListId="8c84fa94-04c1-424b-9868-57a2d4851a1d" />
    <TestEntry testId="2fe5b4ab-f3f5-15bc-6481-7df383a0aa00" executionId="28468357-0222-4572-9d36-0cbc1671012f" testListId="8c84fa94-04c1-424b-9868-57a2d4851a1d" />
    <TestEntry testId="13760aec-c151-d4f0-b168-bf9cab7e1792" executionId="aea6dd38-e4b7-43f0-9f35-1a8e0c697f4b" testListId="8c84fa94-04c1-424b-9868-57a2d4851a1d" />
    <TestEntry testId="8cfb34fe-4adc-92b2-4e95-dd104149bccb" executionId="0e5ba21b-ee79-49eb-886c-c8a72423340e" testListId="8c84fa94-04c1-424b-9868-57a2d4851a1d" />
    <TestEntry testId="57a7a709-5f41-6a40-bb89-55bb8181b369" executionId="0baeb73a-11f4-4b51-b934-c79904e34fbe" testListId="8c84fa94-04c1-424b-9868-57a2d4851a1d" />
    <TestEntry testId="48363db6-7d73-92e2-7a0b-07d8a9dcb62e" executionId="f33df048-99b4-433f-b84e-e971da6f7b22" testListId="8c84fa94-04c1-424b-9868-57a2d4851a1d" />
    <TestEntry testId="d96c4133-05ac-c52a-39ad-da9730d7d1d4" executionId="b209d5f1-3ce4-4713-867d-0e6172e62268" testListId="8c84fa94-04c1-424b-9868-57a2d4851a1d" />
    <TestEntry testId="0ff73cd5-37ec-83b6-cca6-080e829305d1" executionId="d1816240-d83e-4406-a64f-6f353bb7e091" testListId="8c84fa94-04c1-424b-9868-57a2d4851a1d" />
    <TestEntry testId="045fcd17-dfed-1627-66be-e391ac5023f4" executionId="9f3f7f6e-c424-4135-8909-c90b99ac09d3" testListId="8c84fa94-04c1-424b-9868-57a2d4851a1d" />
    <TestEntry testId="86f11f10-11c9-c8c1-f01b-fcc3e3965aaf" executionId="96e1bcc7-04c7-4254-8d7e-f6599db5c3cc" testListId="8c84fa94-04c1-424b-9868-57a2d4851a1d" />
    <TestEntry testId="c6c7d0b1-8655-bb37-7b06-f95f79a47486" executionId="68593e2b-bb3e-4f64-a689-82291fea5d1b" testListId="8c84fa94-04c1-424b-9868-57a2d4851a1d" />
    <TestEntry testId="9cb43f95-30da-e6bd-d3fb-74053a6f7143" executionId="75ec1201-1388-4e1f-8ee6-6d6284e53dc3" testListId="8c84fa94-04c1-424b-9868-57a2d4851a1d" />
    <TestEntry testId="b292ce2e-5824-fb2a-2909-216dafdf7687" executionId="a1451a63-6b0a-40a8-b5d9-ff9e79572b81" testListId="8c84fa94-04c1-424b-9868-57a2d4851a1d" />
    <TestEntry testId="85b4abf3-134f-3845-e5fb-2d701e34abae" executionId="ec3c94f8-dce6-4d98-b5b3-2f012bcf64c4" testListId="8c84fa94-04c1-424b-9868-57a2d4851a1d" />
    <TestEntry testId="eacb19b9-5be6-0659-6867-c371141d3e61" executionId="0f56c3cc-8a57-4d42-8718-d9a435f99759" testListId="8c84fa94-04c1-424b-9868-57a2d4851a1d" />
    <TestEntry testId="4b89d93e-7058-25e8-68ff-2910059c6bc1" executionId="b2b6cd37-d7a6-4db2-9176-2852691246b8" testListId="8c84fa94-04c1-424b-9868-57a2d4851a1d" />
    <TestEntry testId="ccffac2f-6628-9393-88cb-889ebe715882" executionId="75e74f4c-06c3-408f-8f71-15c0cc9446e6" testListId="8c84fa94-04c1-424b-9868-57a2d4851a1d" />
    <TestEntry testId="39187814-7948-31bd-4290-daef6ab2e603" executionId="bd5cd5cf-1796-4913-b80b-4b485ebe375d" testListId="8c84fa94-04c1-424b-9868-57a2d4851a1d" />
    <TestEntry testId="6b882545-0a6d-aed1-f25f-b5bd7a59a2f3" executionId="2dd7075f-9c0b-485d-90e4-c50b30b74ee2" testListId="8c84fa94-04c1-424b-9868-57a2d4851a1d" />
    <TestEntry testId="c4344ebc-44df-a5d3-990c-fd3ab1fb80b1" executionId="b694e79a-f611-4d5b-a494-a123f3a0d73b" testListId="8c84fa94-04c1-424b-9868-57a2d4851a1d" />
    <TestEntry testId="dc5791cb-7903-211e-65c9-770b2ab7868e" executionId="ac02805b-4987-4073-850c-775394b5960f" testListId="8c84fa94-04c1-424b-9868-57a2d4851a1d" />
    <TestEntry testId="098b15f3-4cbc-4c40-9ad2-8835c9d6e501" executionId="0d09c22f-2829-4029-905d-d35cbcccfb0f" testListId="8c84fa94-04c1-424b-9868-57a2d4851a1d" />
    <TestEntry testId="19186bcb-3af3-b5ce-1c9e-381f7e643b61" executionId="4f521cda-27f0-4fff-bff0-3ceb1369b26e" testListId="8c84fa94-04c1-424b-9868-57a2d4851a1d" />
    <TestEntry testId="0d7388ec-535d-bdbd-7333-2708e1a2ca4e" executionId="12c2cd45-d857-49ce-86ac-7be3b83c55af" testListId="8c84fa94-04c1-424b-9868-57a2d4851a1d" />
    <TestEntry testId="79e2a514-0ea2-3daf-f0aa-1fc63dbc9aa2" executionId="37cd98ce-956f-46a5-90cd-ad8f8ad758c6" testListId="8c84fa94-04c1-424b-9868-57a2d4851a1d" />
    <TestEntry testId="fbdaa9da-fa50-bdbe-26ce-99c244b40305" executionId="ebf5d85f-620e-4a3c-bdec-f38d5bdc99fc" testListId="8c84fa94-04c1-424b-9868-57a2d4851a1d" />
    <TestEntry testId="349b454a-4a6b-82e1-71a0-9c64f08b3642" executionId="bbd6e85e-eafc-4060-8fe9-ae0d56cd2d6c" testListId="8c84fa94-04c1-424b-9868-57a2d4851a1d" />
    <TestEntry testId="d2556f65-3778-bd58-eecd-ae6ccb2c7885" executionId="139c39c7-9fa6-422c-946b-c16908b818b2" testListId="8c84fa94-04c1-424b-9868-57a2d4851a1d" />
    <TestEntry testId="e4949cfa-e33d-2fd1-5bcc-b5f6b9db1ce9" executionId="d0c27ab1-7da5-44cd-9d0a-c0b3d86ab36a" testListId="8c84fa94-04c1-424b-9868-57a2d4851a1d" />
    <TestEntry testId="aa3a386d-4e0e-5a63-1b9c-2e9bdb13caac" executionId="5840df56-984c-4e44-bdcc-71da50dde764" testListId="8c84fa94-04c1-424b-9868-57a2d4851a1d" />
    <TestEntry testId="472f486e-769d-9d63-2be1-4ee1c9a10ec8" executionId="16351f8d-5b98-4183-84c7-01483643728c" testListId="8c84fa94-04c1-424b-9868-57a2d4851a1d" />
    <TestEntry testId="16b669e8-8590-1a4a-5e26-b385242802e4" executionId="eb07ad4e-01bb-455f-8389-15769b6c194e" testListId="8c84fa94-04c1-424b-9868-57a2d4851a1d" />
    <TestEntry testId="f681d49e-3f25-06a7-6205-1c8f2398b635" executionId="62c2e290-fced-471e-9a76-cd47e41d0f29" testListId="8c84fa94-04c1-424b-9868-57a2d4851a1d" />
    <TestEntry testId="a9c9a902-559f-8aa4-faab-16816a4be232" executionId="b643b0e3-dc90-4830-8d8b-1a0d30ab23fc" testListId="8c84fa94-04c1-424b-9868-57a2d4851a1d" />
    <TestEntry testId="74f87d91-26ae-d1ee-e1f8-2525d41bbd83" executionId="c2821a82-a500-4d66-97b6-3ce779ec17c2" testListId="8c84fa94-04c1-424b-9868-57a2d4851a1d" />
    <TestEntry testId="b950fa42-ed92-dfa2-1b7a-99f41db426b6" executionId="f58c32ff-2274-4929-958b-a7f80b8add9c" testListId="8c84fa94-04c1-424b-9868-57a2d4851a1d" />
    <TestEntry testId="742450a8-e573-0feb-532b-212dbe3a2108" executionId="5929ab59-f3fc-40bf-b720-abad9542f4d2" testListId="8c84fa94-04c1-424b-9868-57a2d4851a1d" />
    <TestEntry testId="49936fc4-4825-29e4-106c-2b5397c160c6" executionId="4e6ab475-bb20-4d5b-9eb6-c2181273c2e2" testListId="8c84fa94-04c1-424b-9868-57a2d4851a1d" />
    <TestEntry testId="eb0227c1-b25a-b6ec-c3b3-242fa974349b" executionId="e27758f6-8406-46dd-868a-b1cc3d39ec24" testListId="8c84fa94-04c1-424b-9868-57a2d4851a1d" />
    <TestEntry testId="48caecef-a5fa-613e-d718-f1276bb5ba57" executionId="c62cb66c-eadd-47fa-bcba-c693102762e5" testListId="8c84fa94-04c1-424b-9868-57a2d4851a1d" />
    <TestEntry testId="4fc60e12-0185-2c5a-0a5f-4321c6a89099" executionId="c2b43537-9663-4a5f-8351-c0c5dcf89367" testListId="8c84fa94-04c1-424b-9868-57a2d4851a1d" />
    <TestEntry testId="e8533fcc-bc29-5fe3-a5ee-e79f5f2b1440" executionId="2ece8453-1182-4bad-b564-d3d63f781e68" testListId="8c84fa94-04c1-424b-9868-57a2d4851a1d" />
    <TestEntry testId="2e474251-5f54-ef3f-b13d-35076f43dc38" executionId="e373a56e-c01c-405c-b0c3-5152994bc0ee" testListId="8c84fa94-04c1-424b-9868-57a2d4851a1d" />
    <TestEntry testId="65dbe27c-6774-84e7-f9f4-c2515b79fdeb" executionId="4e223467-890b-4d01-b5bf-4a43630c1e93" testListId="8c84fa94-04c1-424b-9868-57a2d4851a1d" />
    <TestEntry testId="11a672c1-3304-329d-6cef-40a099ed2b03" executionId="cad69eff-994d-4e0d-a07e-3b3527babe73" testListId="8c84fa94-04c1-424b-9868-57a2d4851a1d" />
    <TestEntry testId="2deffabc-0f2a-cf1f-0473-12f60ef9456b" executionId="bc834c5a-cf06-4543-ba58-09ea1325010d" testListId="8c84fa94-04c1-424b-9868-57a2d4851a1d" />
    <TestEntry testId="9fb46542-0618-28a9-23e6-da1922161605" executionId="e0ea6022-3b6f-4ecd-9cab-4f5468e84c75" testListId="8c84fa94-04c1-424b-9868-57a2d4851a1d" />
    <TestEntry testId="a4e247c1-e033-133c-2021-0a91453ae408" executionId="3f3e27cf-5930-40b7-8af2-0a7c45622752" testListId="8c84fa94-04c1-424b-9868-57a2d4851a1d" />
    <TestEntry testId="db3b74da-9390-9353-7e36-7ce7be8597b2" executionId="4b6a3f83-d598-43b3-940e-662ac9d9e07c" testListId="8c84fa94-04c1-424b-9868-57a2d4851a1d" />
    <TestEntry testId="16241dba-eaf4-0213-d6e5-c7da05851618" executionId="50de3a7f-dcc8-4f73-9052-0e1454cbe1e9" testListId="8c84fa94-04c1-424b-9868-57a2d4851a1d" />
    <TestEntry testId="35a949bc-25b1-b507-0940-c12b7933499b" executionId="a8c77705-0ad6-4013-a1f4-8f1223d5cfb3" testListId="8c84fa94-04c1-424b-9868-57a2d4851a1d" />
    <TestEntry testId="dab0ade5-f6da-c40f-8aa3-6cf074bc0e23" executionId="a038cacf-f837-4b07-83ba-2ab84342afac" testListId="8c84fa94-04c1-424b-9868-57a2d4851a1d" />
    <TestEntry testId="011a8669-96b9-3bc3-27c4-fe49bafbe5b9" executionId="88716d46-56f8-4481-b992-3212f50a518d" testListId="8c84fa94-04c1-424b-9868-57a2d4851a1d" />
    <TestEntry testId="45a98e74-dccd-011e-e0c0-d734f1cc5ec4" executionId="7234ec20-e73c-4cb5-ae32-8956a54be44c" testListId="8c84fa94-04c1-424b-9868-57a2d4851a1d" />
    <TestEntry testId="236a92cf-3924-1f9e-9e0c-dac1bdd2fdae" executionId="1dc52550-cdde-40af-9af0-474c8a5dc39a" testListId="8c84fa94-04c1-424b-9868-57a2d4851a1d" />
    <TestEntry testId="9a91ff0d-5561-cbe9-f49d-60edb014a514" executionId="d7992643-d234-4737-b3ac-cb36c5ae7ca2" testListId="8c84fa94-04c1-424b-9868-57a2d4851a1d" />
    <TestEntry testId="54aad836-ba4f-5dbf-bad2-7c309c3d8a21" executionId="4e04b787-af82-47af-9008-a276b9a53f4f" testListId="8c84fa94-04c1-424b-9868-57a2d4851a1d" />
    <TestEntry testId="b389fce4-9131-dbd6-6cb1-9add0a76b08c" executionId="666832f1-c725-4ce8-8af7-a750670d7b8c" testListId="8c84fa94-04c1-424b-9868-57a2d4851a1d" />
    <TestEntry testId="23dfed38-6ff8-abe4-082e-3fdb4476dc12" executionId="c7b7acab-fce9-4caa-b4ff-8c9b2366968c" testListId="8c84fa94-04c1-424b-9868-57a2d4851a1d" />
    <TestEntry testId="ec3e09c5-8729-567e-bf4a-d5990aad45d6" executionId="5a67043e-1b2f-4e73-ba5d-e864116de44f" testListId="8c84fa94-04c1-424b-9868-57a2d4851a1d" />
    <TestEntry testId="47f688d2-7bfa-d12d-71a0-9be24af61148" executionId="6e588d29-ad22-4e8f-aade-7cc3d26f02ba" testListId="8c84fa94-04c1-424b-9868-57a2d4851a1d" />
    <TestEntry testId="98b1c38a-5944-2142-0122-daf0761a7b67" executionId="a4cd90d5-38b5-47a6-951e-beb8890ec7a8" testListId="8c84fa94-04c1-424b-9868-57a2d4851a1d" />
    <TestEntry testId="a57e4f15-3c8a-cc65-2059-f1f5f83c9ba5" executionId="24ff5365-a594-44f7-908e-32a082de876e" testListId="8c84fa94-04c1-424b-9868-57a2d4851a1d" />
    <TestEntry testId="5696e255-6884-a5ec-7659-9a5e21d95d2f" executionId="0cc2c407-6d8a-4c67-a690-f8aa4ca4328a" testListId="8c84fa94-04c1-424b-9868-57a2d4851a1d" />
    <TestEntry testId="3c116de1-cd29-a2eb-b3ef-190f69cec8ec" executionId="6faddaae-7023-45d4-9aca-af790762b94b" testListId="8c84fa94-04c1-424b-9868-57a2d4851a1d" />
    <TestEntry testId="2821175c-220a-922a-c241-441509e8a4e0" executionId="1efafa5e-4fea-4fd3-b5a4-925e54403961" testListId="8c84fa94-04c1-424b-9868-57a2d4851a1d" />
    <TestEntry testId="b34056e1-a0f1-b9c6-4cf9-a385bfe323c6" executionId="72ca9175-cb03-4c71-a750-4799992a8d77" testListId="8c84fa94-04c1-424b-9868-57a2d4851a1d" />
    <TestEntry testId="9dc87ca8-7c89-25db-241a-e9ae33f8a42e" executionId="60e62b05-ed07-4bd2-b571-8c1c2ac945ef" testListId="8c84fa94-04c1-424b-9868-57a2d4851a1d" />
    <TestEntry testId="22bfdebd-96a0-0b21-9eb3-2ebda1d58ee2" executionId="1ef12ea2-2b6c-4204-8529-dabd904f9577" testListId="8c84fa94-04c1-424b-9868-57a2d4851a1d" />
    <TestEntry testId="7b7495d8-e0d9-d205-be09-e167ea98fa50" executionId="32474352-1233-48dd-a494-855b53154f26" testListId="8c84fa94-04c1-424b-9868-57a2d4851a1d" />
    <TestEntry testId="2084ff50-0c57-008d-1c5e-051f3c6d2a19" executionId="ed0b1b7c-4dff-45c6-9164-7abe3e4fa1df" testListId="8c84fa94-04c1-424b-9868-57a2d4851a1d" />
    <TestEntry testId="82fbae66-d014-68f8-a29c-7a33350f0be4" executionId="7ef39a0a-4b1e-41ac-9936-5579ff0c1adc" testListId="8c84fa94-04c1-424b-9868-57a2d4851a1d" />
    <TestEntry testId="621f5184-bf98-2fcc-5c3b-580eeb41f3a6" executionId="596ae031-e3fc-454d-896e-efdf03668b8e" testListId="8c84fa94-04c1-424b-9868-57a2d4851a1d" />
    <TestEntry testId="c7cdf179-33e4-784c-82e2-b5da92e111f8" executionId="d18557eb-30dc-4f44-82a7-90952eed8771" testListId="8c84fa94-04c1-424b-9868-57a2d4851a1d" />
    <TestEntry testId="244ddabb-e392-9319-5f0f-5351f15a9ac9" executionId="9846fac0-1d2c-42d1-933f-657b8e4821f0" testListId="8c84fa94-04c1-424b-9868-57a2d4851a1d" />
    <TestEntry testId="31b0f7a4-7814-de1a-ba42-99fccbedaf77" executionId="2bb7c86e-fc1e-43b6-ad74-17401e03fdaa" testListId="8c84fa94-04c1-424b-9868-57a2d4851a1d" />
    <TestEntry testId="e881bc04-2bbf-5c16-1290-362a120099d0" executionId="b3cbe49a-8aed-4357-97d8-c41b4d20f262" testListId="8c84fa94-04c1-424b-9868-57a2d4851a1d" />
    <TestEntry testId="a8873542-1747-c963-22ae-667f3818d7ed" executionId="34f136bf-1f22-4be7-8a2e-d0b88104a71a" testListId="8c84fa94-04c1-424b-9868-57a2d4851a1d" />
    <TestEntry testId="512ec98d-2185-5ebc-b040-4a9df6c7ed1a" executionId="eb98c4e2-5805-4c2c-bf24-aec015de11ee" testListId="8c84fa94-04c1-424b-9868-57a2d4851a1d" />
    <TestEntry testId="0774dc1e-52ca-a68f-3053-17aa689d2f19" executionId="4fe07aa9-275e-41b5-a41f-3c73c4eefb6e" testListId="8c84fa94-04c1-424b-9868-57a2d4851a1d" />
    <TestEntry testId="39856355-a5fb-aec1-b06d-ff7431c95990" executionId="996fe911-b016-48d6-962f-91a011bfe105" testListId="8c84fa94-04c1-424b-9868-57a2d4851a1d" />
    <TestEntry testId="28ef9235-5d17-493e-f387-17901bee93d7" executionId="6ac53e94-0028-41ee-91f9-0cc12395627f" testListId="8c84fa94-04c1-424b-9868-57a2d4851a1d" />
    <TestEntry testId="cdc95a43-d3d9-ea09-2bf0-c5d1cc0a2f68" executionId="a43f567f-3ec3-4e9e-91f2-713b760c2dbb" testListId="8c84fa94-04c1-424b-9868-57a2d4851a1d" />
    <TestEntry testId="28e678a0-2d75-ba44-cf85-f12a6e015f2f" executionId="3216e502-7c51-4240-b26e-351cda6bf040" testListId="8c84fa94-04c1-424b-9868-57a2d4851a1d" />
    <TestEntry testId="e621f990-2ff4-53a1-1046-2de89a2122fa" executionId="f5c698ec-dfa3-4780-9c8e-53db2bc5d784" testListId="8c84fa94-04c1-424b-9868-57a2d4851a1d" />
    <TestEntry testId="fcc50950-38b5-c695-4000-d6bf47ed8831" executionId="e6665928-68d9-4f79-bcec-beb55388cc2f" testListId="8c84fa94-04c1-424b-9868-57a2d4851a1d" />
    <TestEntry testId="50b7ff87-3945-9d72-59f5-8be54b69e4af" executionId="c57d1e92-a9e5-4485-bed1-3187da0a2ab1" testListId="8c84fa94-04c1-424b-9868-57a2d4851a1d" />
    <TestEntry testId="bf218aab-52af-cc9e-72e7-0a8ba644e891" executionId="773dc91d-f8bb-424c-871c-80a9d9f0a436" testListId="8c84fa94-04c1-424b-9868-57a2d4851a1d" />
    <TestEntry testId="9395d62a-bb73-ed55-16b7-2f3d5b4afa0d" executionId="8cddf217-195d-4fcc-896e-685116be35aa" testListId="8c84fa94-04c1-424b-9868-57a2d4851a1d" />
    <TestEntry testId="c86af186-3a97-3d11-9fd7-06dc90451dd3" executionId="3aac3daa-a0ea-4978-85a1-02c9af45631d" testListId="8c84fa94-04c1-424b-9868-57a2d4851a1d" />
    <TestEntry testId="04deb678-c0aa-afd7-f73a-807625f6aa4a" executionId="8068015c-bea7-4f11-a43f-702ad7b1aa8e" testListId="8c84fa94-04c1-424b-9868-57a2d4851a1d" />
    <TestEntry testId="52dad561-c47f-93be-598b-ab4dd10490eb" executionId="6028e43b-55e3-410e-8b4e-0979bf61808e" testListId="8c84fa94-04c1-424b-9868-57a2d4851a1d" />
    <TestEntry testId="f473e635-7655-edd1-44e6-2fcea27cde20" executionId="dc2e571f-e949-48c8-acec-12afae9adcf6" testListId="8c84fa94-04c1-424b-9868-57a2d4851a1d" />
    <TestEntry testId="4dcc4c87-6654-099d-1fa3-33b06e586a9e" executionId="c72c8071-c739-4ce3-a3f3-db57ec9d020a" testListId="8c84fa94-04c1-424b-9868-57a2d4851a1d" />
    <TestEntry testId="fee75939-4381-ef54-486d-351d5845cf43" executionId="db946c18-2b26-4511-9b0e-1f51acb5757b" testListId="8c84fa94-04c1-424b-9868-57a2d4851a1d" />
    <TestEntry testId="17e8d1af-7513-6e4a-a197-e678fcd6fbf1" executionId="e8b41a0c-edb0-4268-a5f2-daabe86062a8" testListId="8c84fa94-04c1-424b-9868-57a2d4851a1d" />
    <TestEntry testId="ef1d6b74-13c8-dcd2-26ac-7f5ae1d5273c" executionId="c587ed43-1b9f-4526-bc98-9c36236eda82" testListId="8c84fa94-04c1-424b-9868-57a2d4851a1d" />
    <TestEntry testId="f92e77b4-ee0e-9f1a-2342-b94f560f0dac" executionId="086f2477-9e94-4908-a89e-ce38a07f59ff" testListId="8c84fa94-04c1-424b-9868-57a2d4851a1d" />
    <TestEntry testId="d28a0297-760c-4cec-387e-c15f0b69f3a0" executionId="a01b8087-6500-4a21-bb79-28922825c078" testListId="8c84fa94-04c1-424b-9868-57a2d4851a1d" />
    <TestEntry testId="ea5fb2b5-6f99-ce02-6e35-cef974ce163a" executionId="bb0dec7e-2d4e-45e0-aaf3-837e93f35198" testListId="8c84fa94-04c1-424b-9868-57a2d4851a1d" />
    <TestEntry testId="b39dab9a-0d55-2e3f-5d47-ce0f5ed831f6" executionId="bb3eefc2-f34b-46f6-965e-be9e2cfd7526" testListId="8c84fa94-04c1-424b-9868-57a2d4851a1d" />
    <TestEntry testId="0895ad80-dce9-06a7-5602-3c72da5f8da6" executionId="8e6d0d45-4651-40a3-a15f-aeb372116c94" testListId="8c84fa94-04c1-424b-9868-57a2d4851a1d" />
    <TestEntry testId="474289fd-78a2-44f4-466e-fab96cf061fe" executionId="2c731c59-4fe0-4c5c-8526-6f5f4b44d0dc" testListId="8c84fa94-04c1-424b-9868-57a2d4851a1d" />
    <TestEntry testId="363f802a-8301-cdba-d629-1b88c66660e3" executionId="17123a65-66d8-44ea-9b6a-dcba005067eb" testListId="8c84fa94-04c1-424b-9868-57a2d4851a1d" />
    <TestEntry testId="dbff4c7a-b8c7-3550-f81a-813f19773541" executionId="ee046112-6bb5-424c-bd30-240a0ead18bb" testListId="8c84fa94-04c1-424b-9868-57a2d4851a1d" />
    <TestEntry testId="ce609f5d-f2a0-fb82-0615-6999b7950665" executionId="ffa0afc9-2f6f-4c6b-ae36-183a35af76d6" testListId="8c84fa94-04c1-424b-9868-57a2d4851a1d" />
    <TestEntry testId="f17c6f13-62c6-75d6-4586-0ee5d254add5" executionId="9ccddfd9-584b-4509-839b-036c49f23c0a" testListId="8c84fa94-04c1-424b-9868-57a2d4851a1d" />
    <TestEntry testId="605b98ce-b18c-dba8-4c19-a7179b0b35c6" executionId="32dae7df-7674-4f50-a2d8-d8bc04b7205c" testListId="8c84fa94-04c1-424b-9868-57a2d4851a1d" />
    <TestEntry testId="ef6ada67-330a-0b9a-effa-9092d4393f41" executionId="788e14a2-1e72-4240-b905-858b0ea2e702" testListId="8c84fa94-04c1-424b-9868-57a2d4851a1d" />
    <TestEntry testId="d6b5d745-8540-7046-4377-0f1373a8f399" executionId="ca3885d5-ba5e-4c68-a0a5-1ec271a009a2" testListId="8c84fa94-04c1-424b-9868-57a2d4851a1d" />
    <TestEntry testId="1f8d595f-ee42-36d5-5d96-e0c86c183647" executionId="079603d6-d052-4a8a-9232-37543486cca7" testListId="8c84fa94-04c1-424b-9868-57a2d4851a1d" />
    <TestEntry testId="7105bf79-1b8a-62bc-ff30-e967b860c8fb" executionId="b7d94915-d989-482c-8893-8be1631f7bc7" testListId="8c84fa94-04c1-424b-9868-57a2d4851a1d" />
    <TestEntry testId="de25e89d-7e39-180e-63d8-8a6c03a05fc0" executionId="5cd8c107-eae1-41ee-81e1-51dd0e67a232" testListId="8c84fa94-04c1-424b-9868-57a2d4851a1d" />
    <TestEntry testId="185eb6a1-d1e2-a7ae-f655-06a68724793c" executionId="736355c5-2ef7-4fd8-a305-0ab7f5d3fa59" testListId="8c84fa94-04c1-424b-9868-57a2d4851a1d" />
    <TestEntry testId="017f2681-1481-dbaa-ea0e-6a10d0c9b02d" executionId="222a8a53-cd9f-4e3e-88ac-171964fd3177" testListId="8c84fa94-04c1-424b-9868-57a2d4851a1d" />
    <TestEntry testId="39dfd282-5fe4-ceef-3391-cce4f58db31f" executionId="64e3d4ab-7b45-4233-8c59-3794b68e50e0" testListId="8c84fa94-04c1-424b-9868-57a2d4851a1d" />
    <TestEntry testId="14b6413c-e1eb-0334-1dc2-58a621540c17" executionId="c8ab1dc2-8068-4fc5-84a3-48d636988ae9" testListId="8c84fa94-04c1-424b-9868-57a2d4851a1d" />
    <TestEntry testId="efac6178-2331-78d0-58dd-df1f5a698301" executionId="cfd49f21-f634-4ba3-8ab2-d7f6a1ef42e8" testListId="8c84fa94-04c1-424b-9868-57a2d4851a1d" />
    <TestEntry testId="9d1fdad2-86cb-58a0-0255-a31c1f4f628b" executionId="4985051b-bf72-402b-9d92-8ebdbc9bda4e" testListId="8c84fa94-04c1-424b-9868-57a2d4851a1d" />
    <TestEntry testId="50f24cab-68bb-0a36-1c30-0ae9a001fb12" executionId="d173d1a6-c869-4de0-bfc4-695a9fe96712" testListId="8c84fa94-04c1-424b-9868-57a2d4851a1d" />
    <TestEntry testId="625b6eef-9fde-b5ef-1db7-16257d35bad4" executionId="b4dfee48-5048-4ccc-8f7a-97ce7e617a08" testListId="8c84fa94-04c1-424b-9868-57a2d4851a1d" />
    <TestEntry testId="cbba7763-672f-ddfc-9a60-f6df272eaad6" executionId="f9f9b705-53c3-4e71-9e73-794f3993057c" testListId="8c84fa94-04c1-424b-9868-57a2d4851a1d" />
    <TestEntry testId="f69da90d-10ac-e902-c8cf-752cc6502d57" executionId="5bd20802-1154-4042-b61d-95f998677e65" testListId="8c84fa94-04c1-424b-9868-57a2d4851a1d" />
    <TestEntry testId="44eff8ca-e64d-d8d4-6361-cfa3c75ede11" executionId="d5a17017-6928-4c6b-8ae6-cf11eebffeb7" testListId="8c84fa94-04c1-424b-9868-57a2d4851a1d" />
    <TestEntry testId="61955263-2d18-b04f-1074-d886d947e055" executionId="9f9b3c48-e289-41d2-9fa9-3fa9d5e6b367" testListId="8c84fa94-04c1-424b-9868-57a2d4851a1d" />
    <TestEntry testId="f35f6eae-a2f2-9704-db53-5b689fdd1bea" executionId="45c0b2bb-c378-4233-b870-18758238c3ce" testListId="8c84fa94-04c1-424b-9868-57a2d4851a1d" />
    <TestEntry testId="9d68ecd9-7bbb-710d-bc5c-7fb6bcf70625" executionId="011802ce-c5da-49e2-a52b-4f4f75a1734b" testListId="8c84fa94-04c1-424b-9868-57a2d4851a1d" />
    <TestEntry testId="a8aeaf6c-55aa-4255-8afb-adec0e7c74a8" executionId="3c400738-ae1d-4f89-aa9b-cd2f6a414f3f" testListId="8c84fa94-04c1-424b-9868-57a2d4851a1d" />
    <TestEntry testId="4d8283f4-8639-27d1-44ac-751f4d8f3078" executionId="eb61c0ea-aa73-4625-afa8-94abc96eb4b1" testListId="8c84fa94-04c1-424b-9868-57a2d4851a1d" />
    <TestEntry testId="80448ca3-d219-127e-a239-9050478b7a03" executionId="eef95801-62fe-4f1e-8d9a-9f1e018491f9" testListId="8c84fa94-04c1-424b-9868-57a2d4851a1d" />
    <TestEntry testId="3f13a7b6-337e-e068-e2f4-569bb1afc599" executionId="0f0e383c-9d51-4140-9be2-fb14b089cb76" testListId="8c84fa94-04c1-424b-9868-57a2d4851a1d" />
    <TestEntry testId="e624c53d-a1cf-0c98-22e7-54295ab64bfd" executionId="c6ef9a96-3f35-4a6d-b17b-237afdfc668c" testListId="8c84fa94-04c1-424b-9868-57a2d4851a1d" />
    <TestEntry testId="aa9cc0cb-14c6-ae07-bdfd-bae5f2a9924a" executionId="42698962-679e-477a-a114-b6bde93f7eed" testListId="8c84fa94-04c1-424b-9868-57a2d4851a1d" />
    <TestEntry testId="d40c6e0c-b4ac-c82e-a0d9-6e696ff5e301" executionId="fe5230d0-4d35-4c28-9830-eaa8a0a7fb96" testListId="8c84fa94-04c1-424b-9868-57a2d4851a1d" />
    <TestEntry testId="266b6884-84e9-585c-ee2b-eff743317cdb" executionId="7e9248db-76d6-482f-bf9d-fd7d457ca8c1" testListId="8c84fa94-04c1-424b-9868-57a2d4851a1d" />
    <TestEntry testId="f54f88da-7c5b-63a5-454a-c31c248124f8" executionId="46f47e81-946d-4d55-aea0-dcedc9db07af" testListId="8c84fa94-04c1-424b-9868-57a2d4851a1d" />
    <TestEntry testId="ef1cb9b1-5ade-bdda-d597-f65de556664c" executionId="a55d7344-55c3-4758-b65e-04ed13456d43" testListId="8c84fa94-04c1-424b-9868-57a2d4851a1d" />
    <TestEntry testId="a412f5de-b33e-e409-c4ae-50c16bfae988" executionId="633f03d7-dfd2-46e6-80a2-4e9269a90ade" testListId="8c84fa94-04c1-424b-9868-57a2d4851a1d" />
    <TestEntry testId="7846d9ed-3cef-0cbd-2b1f-638be6a96222" executionId="a1ed6f12-ec36-4f9b-91dc-ecf626e07d57" testListId="8c84fa94-04c1-424b-9868-57a2d4851a1d" />
    <TestEntry testId="ef8414b8-93fc-9937-7131-0c62836c71c1" executionId="21c917d4-45e1-4948-a8a5-41896a473705" testListId="8c84fa94-04c1-424b-9868-57a2d4851a1d" />
    <TestEntry testId="7f60703b-ccac-d67a-af2c-d0f5218965ff" executionId="686408a3-3f26-494d-9671-4b9f94906de2" testListId="8c84fa94-04c1-424b-9868-57a2d4851a1d" />
    <TestEntry testId="4a5c20cb-2c1d-4475-6cd5-7c6e3e33b758" executionId="7084fdec-da5f-4ea8-9378-302be8ffd361" testListId="8c84fa94-04c1-424b-9868-57a2d4851a1d" />
    <TestEntry testId="fea88c74-eaa4-e751-b2f0-898db2073835" executionId="8f9901b5-44f7-4d0d-a2c0-79c6141c1e53" testListId="8c84fa94-04c1-424b-9868-57a2d4851a1d" />
    <TestEntry testId="b89dea80-2b79-97b6-0fdd-76dc58be24ef" executionId="661d6e25-ce90-4f21-886f-a9e9baf23332" testListId="8c84fa94-04c1-424b-9868-57a2d4851a1d" />
    <TestEntry testId="131c3a52-0a16-0ae5-0512-93dbda72ea85" executionId="5ad6835f-6845-4af8-97f5-9558131d9fa3" testListId="8c84fa94-04c1-424b-9868-57a2d4851a1d" />
    <TestEntry testId="0f07da2a-afe3-eb2a-982c-c9250d4e2995" executionId="39670701-bee2-4324-85d4-7881581ad108" testListId="8c84fa94-04c1-424b-9868-57a2d4851a1d" />
    <TestEntry testId="abaeb843-e95d-5629-dacd-9477aefd8dd6" executionId="99035d95-a151-410f-b229-09cf97c8cbf5" testListId="8c84fa94-04c1-424b-9868-57a2d4851a1d" />
    <TestEntry testId="f66c2c72-8186-4752-6374-d287cc46a9fe" executionId="ffbaa43f-dd74-449d-9b9c-abe4fe208e76" testListId="8c84fa94-04c1-424b-9868-57a2d4851a1d" />
    <TestEntry testId="5062168a-47a4-716c-83cf-4566eb406f51" executionId="4ab069a3-eb94-4fff-b606-7d4561037342" testListId="8c84fa94-04c1-424b-9868-57a2d4851a1d" />
    <TestEntry testId="38aa400d-53ce-7d63-25db-acb1a6beac35" executionId="b30867b6-411d-4e65-8da2-45450cde1590" testListId="8c84fa94-04c1-424b-9868-57a2d4851a1d" />
    <TestEntry testId="a7cd429d-9ea9-105f-832c-f5c0d894de31" executionId="2586d1ae-c14a-459e-84de-133407be2118" testListId="8c84fa94-04c1-424b-9868-57a2d4851a1d" />
    <TestEntry testId="82b6aab1-e835-8e28-1aa8-e6764ddd6ce8" executionId="82b65803-2828-4289-a90e-9f5defeb9d40" testListId="8c84fa94-04c1-424b-9868-57a2d4851a1d" />
    <TestEntry testId="2fe27f4d-780b-bc6e-57d1-a34e746519d2" executionId="d8d7ae81-b84b-49ce-b851-77d3e24bf6ed" testListId="8c84fa94-04c1-424b-9868-57a2d4851a1d" />
    <TestEntry testId="81f4be93-f58a-fe7a-4fed-525380a4a47a" executionId="d3279ce6-f6b5-4dce-b37f-63734301c4e0" testListId="8c84fa94-04c1-424b-9868-57a2d4851a1d" />
    <TestEntry testId="c5f701a1-fcd5-1f87-4fee-cd5b137b31a8" executionId="a5a99c32-2e97-40ca-a7eb-b3685be915b5" testListId="8c84fa94-04c1-424b-9868-57a2d4851a1d" />
    <TestEntry testId="06062712-a9f6-15e0-bf35-38dc901029e7" executionId="7e5a90f4-1d1c-4f3c-a44f-e555b796f5f2" testListId="8c84fa94-04c1-424b-9868-57a2d4851a1d" />
    <TestEntry testId="af6775fd-d269-907e-4174-20941ea53792" executionId="ecba37d0-b707-449e-b0e9-284ad0046c97" testListId="8c84fa94-04c1-424b-9868-57a2d4851a1d" />
    <TestEntry testId="7e9381b8-1011-a83d-71c0-1a4700f44a6a" executionId="1307d2d1-7517-43a4-9061-2b1f14e27927" testListId="8c84fa94-04c1-424b-9868-57a2d4851a1d" />
    <TestEntry testId="dec4b2e5-eff9-2a89-8e71-4aef758046da" executionId="f081c8dc-7dcf-4ab5-97cc-a7410630add0" testListId="8c84fa94-04c1-424b-9868-57a2d4851a1d" />
    <TestEntry testId="16e225c7-ff41-4d1e-ea8a-a910d30a164b" executionId="450697d8-eca9-47fe-9c6b-813399592412" testListId="8c84fa94-04c1-424b-9868-57a2d4851a1d" />
    <TestEntry testId="75d1fee2-de8d-1cd6-eaa6-403797b3cf12" executionId="6bcced72-d1f9-4715-bfaa-214fb744dbf5" testListId="8c84fa94-04c1-424b-9868-57a2d4851a1d" />
    <TestEntry testId="ef3db43b-1e0a-f198-9720-31d80f533fc8" executionId="5b22808f-6214-488d-b3a0-235b1a8cbeea" testListId="8c84fa94-04c1-424b-9868-57a2d4851a1d" />
    <TestEntry testId="bd4840b2-65f4-1738-f51a-39c1c1a95ff4" executionId="f41d2741-7ce7-4521-96fc-306026c04710" testListId="8c84fa94-04c1-424b-9868-57a2d4851a1d" />
    <TestEntry testId="7e6b2287-0f2b-eed8-29a1-fa6a6b5f85fd" executionId="3470895b-63c9-4edc-92b2-34e36d2a94a4" testListId="8c84fa94-04c1-424b-9868-57a2d4851a1d" />
    <TestEntry testId="8d4c2e72-586a-f338-d7f5-e113d3234b28" executionId="b6f8aa62-4144-4452-9991-df6a615ecf7d" testListId="8c84fa94-04c1-424b-9868-57a2d4851a1d" />
    <TestEntry testId="4727a2e5-b0ef-54dd-d5b7-4bdc9cbfa65b" executionId="874d874a-bcba-435b-9d2a-7f9eae29716f" testListId="8c84fa94-04c1-424b-9868-57a2d4851a1d" />
    <TestEntry testId="917e9e48-1d67-c1aa-1b6e-9c13215e36a0" executionId="15538add-33f6-47cc-8e7b-47f6c3926030" testListId="8c84fa94-04c1-424b-9868-57a2d4851a1d" />
    <TestEntry testId="2c201a1d-9f85-d5be-eef4-f589b3eee5e9" executionId="af5c4f05-7111-4a21-8196-5067d40f4a48" testListId="8c84fa94-04c1-424b-9868-57a2d4851a1d" />
    <TestEntry testId="60b85a90-aaf8-7e93-2f6c-9526d81382d3" executionId="7b4de174-34af-4622-a526-c47cdbb80d2b" testListId="8c84fa94-04c1-424b-9868-57a2d4851a1d" />
    <TestEntry testId="3c08c190-08d7-dfc9-ae9e-484d70f645bc" executionId="e35a6589-fe26-4d22-832a-e5092a42c7db" testListId="8c84fa94-04c1-424b-9868-57a2d4851a1d" />
    <TestEntry testId="4d537f97-5a8f-3fc0-24c7-b07e074344e7" executionId="f2be3a72-bc84-4474-8058-f1507a68218a" testListId="8c84fa94-04c1-424b-9868-57a2d4851a1d" />
    <TestEntry testId="f037f0e5-645a-5ce7-bffe-ad45531b131d" executionId="baa74693-1876-4c01-bee6-625eb362da67" testListId="8c84fa94-04c1-424b-9868-57a2d4851a1d" />
    <TestEntry testId="3d424701-5226-50f9-524c-4e51fbb2a07f" executionId="9fd02ee6-e9ea-4fe1-a4fa-7d7d16e37396" testListId="8c84fa94-04c1-424b-9868-57a2d4851a1d" />
    <TestEntry testId="4e7127f8-744d-1e07-a920-a821e9fe9f93" executionId="52c27e8b-ffcf-4748-aacc-93efd0092c21" testListId="8c84fa94-04c1-424b-9868-57a2d4851a1d" />
    <TestEntry testId="bed34e53-72a5-3fd2-6674-42d2c22e4e8b" executionId="8c1f11ec-8e86-4a98-a358-0b3c2327671e" testListId="8c84fa94-04c1-424b-9868-57a2d4851a1d" />
    <TestEntry testId="40b5fac7-b71c-8e77-a229-0b6dd2bc7930" executionId="2c3f6b0e-0486-4b72-a2b9-f5639dbebca6" testListId="8c84fa94-04c1-424b-9868-57a2d4851a1d" />
    <TestEntry testId="7d18c862-cf05-abcb-0928-990c2f1e2fc6" executionId="323ae125-342e-4a3a-bf7b-6d8939ddd040" testListId="8c84fa94-04c1-424b-9868-57a2d4851a1d" />
    <TestEntry testId="222f7168-7e34-cd8e-2834-adc8122c855d" executionId="6ceacb45-93a0-48e0-89d4-843ae7d811aa" testListId="8c84fa94-04c1-424b-9868-57a2d4851a1d" />
    <TestEntry testId="1d7cc1dd-bfaa-4d32-a622-84b65b12bf5d" executionId="ada1ee89-48e0-4452-a690-091ee927a995" testListId="8c84fa94-04c1-424b-9868-57a2d4851a1d" />
    <TestEntry testId="7437cae0-313c-688c-b0a7-4e994a4fbb85" executionId="9bb29141-0d3f-453c-9389-1d300ea3b423" testListId="8c84fa94-04c1-424b-9868-57a2d4851a1d" />
    <TestEntry testId="55323239-0a74-748e-14c5-c6ce0fbffcf4" executionId="357f0c75-3e19-4abc-90b0-d15b280e63e6" testListId="8c84fa94-04c1-424b-9868-57a2d4851a1d" />
    <TestEntry testId="4d473892-3743-8866-0d73-fc4fe78c5f0e" executionId="83847a31-118b-41d8-afd5-2059cfebf3cd" testListId="8c84fa94-04c1-424b-9868-57a2d4851a1d" />
    <TestEntry testId="db495440-895e-2929-0413-74f28674d8ff" executionId="34d96e42-1f01-4afe-a0d0-9c3e18ba49f3" testListId="8c84fa94-04c1-424b-9868-57a2d4851a1d" />
    <TestEntry testId="0f0fd9c4-310b-8f5e-8547-15872b5cb4b0" executionId="1f83f8a1-f631-466b-8985-9bcee6ce3d72" testListId="8c84fa94-04c1-424b-9868-57a2d4851a1d" />
    <TestEntry testId="13153add-9bc0-f723-33ce-d424523eb081" executionId="14378762-0617-4f40-aebe-a8cea92f6115" testListId="8c84fa94-04c1-424b-9868-57a2d4851a1d" />
    <TestEntry testId="3c7cd3f1-8b9d-e2f0-1112-e56b3c9265c5" executionId="4490144f-eaf4-4b88-9b47-618b6ced6641" testListId="8c84fa94-04c1-424b-9868-57a2d4851a1d" />
    <TestEntry testId="ffdd3661-fbf5-5fd8-8d4d-955844eb2b7f" executionId="c6d3245b-a7af-4380-a4f3-2a5c0acd9a3b" testListId="8c84fa94-04c1-424b-9868-57a2d4851a1d" />
    <TestEntry testId="6fbbc600-2200-4b3a-d83e-2d0b6029d73a" executionId="73265f33-0581-44a5-839b-7d2a97096ebb" testListId="8c84fa94-04c1-424b-9868-57a2d4851a1d" />
    <TestEntry testId="ccc6233d-7912-eee3-5bd9-e05a73d46c3c" executionId="c94a56bb-e3cc-468a-9846-bbde73392078" testListId="8c84fa94-04c1-424b-9868-57a2d4851a1d" />
    <TestEntry testId="b334286c-9c15-1dd5-c77e-1b9fe030040e" executionId="4a62dcd1-8a52-4286-b5b5-4f05b5f6e8da" testListId="8c84fa94-04c1-424b-9868-57a2d4851a1d" />
    <TestEntry testId="21d2f5b5-8824-b5dc-5b55-bc862d5c638c" executionId="d84fef71-0e2b-4b38-8fb0-a50e98e80951" testListId="8c84fa94-04c1-424b-9868-57a2d4851a1d" />
    <TestEntry testId="bd59e0c8-65f6-24f7-250c-df15260ab31a" executionId="328aa665-b4c4-459d-b230-a64d741e7285" testListId="8c84fa94-04c1-424b-9868-57a2d4851a1d" />
    <TestEntry testId="10c60c49-fc34-a570-7e27-f72cbc125676" executionId="924db73b-ec90-464f-b11a-de91cc4c6856" testListId="8c84fa94-04c1-424b-9868-57a2d4851a1d" />
    <TestEntry testId="4e688b3a-c6fa-9e06-b2ea-25f4e79d1af0" executionId="2e798006-a9fc-4f29-9d7f-c199a11c5b5f" testListId="8c84fa94-04c1-424b-9868-57a2d4851a1d" />
    <TestEntry testId="70966e50-d79f-4259-d654-7885bec2e3ae" executionId="0b1c13e9-78d3-406c-9f5d-563319b5fd5a" testListId="8c84fa94-04c1-424b-9868-57a2d4851a1d" />
    <TestEntry testId="f97de579-490f-3478-7018-3655f4bebed4" executionId="a10c11d1-2e99-452f-ac70-8658bca08c09" testListId="8c84fa94-04c1-424b-9868-57a2d4851a1d" />
    <TestEntry testId="105843c0-8d25-e16e-687e-24c0c02b7966" executionId="ba44dd41-9bef-4271-90f8-ead38ed0ae3a" testListId="8c84fa94-04c1-424b-9868-57a2d4851a1d" />
    <TestEntry testId="6b51fd93-cfcb-0aea-d26c-8be65f40eb5a" executionId="4420a0be-b3f6-4937-b5d3-0c162f744aec" testListId="8c84fa94-04c1-424b-9868-57a2d4851a1d" />
    <TestEntry testId="1c25c6c6-b1fb-4092-255b-2ef33baa6d85" executionId="8f600f86-4d41-4ec9-b4bf-ef130bbca06f" testListId="8c84fa94-04c1-424b-9868-57a2d4851a1d" />
    <TestEntry testId="dd50d1ab-aaa8-9c9d-a472-909eef6612ee" executionId="16ecf7dd-056b-4043-94c4-2502928a7c04" testListId="8c84fa94-04c1-424b-9868-57a2d4851a1d" />
    <TestEntry testId="ddf79c4c-8da7-56b7-7410-d2ba78b09801" executionId="02127c70-61a8-4a8f-8595-1b33ccc4e372" testListId="8c84fa94-04c1-424b-9868-57a2d4851a1d" />
    <TestEntry testId="897538ba-11dc-3a08-eecb-d0948a1cd8fe" executionId="7f41d517-eb59-4e57-a5a8-2b6020d14341" testListId="8c84fa94-04c1-424b-9868-57a2d4851a1d" />
    <TestEntry testId="7d7d533e-c89d-4876-4a56-2ad5335a5504" executionId="8b20722b-7cc2-431a-9ea4-7187dc9e2949" testListId="8c84fa94-04c1-424b-9868-57a2d4851a1d" />
    <TestEntry testId="e4ef8062-0dbe-6974-71e4-0c8dfc386479" executionId="6aed64e6-3cb2-4d2c-bd06-751345599a9c" testListId="8c84fa94-04c1-424b-9868-57a2d4851a1d" />
    <TestEntry testId="a17b2044-60f5-4812-5bc4-2de8d6ca5463" executionId="a708994f-d080-45ff-9d90-0d56d08f1b57" testListId="8c84fa94-04c1-424b-9868-57a2d4851a1d" />
    <TestEntry testId="11236b60-ddaa-8517-7929-26428de182b4" executionId="3d23cfa0-7b06-4cbc-866e-8b18b1391dce" testListId="8c84fa94-04c1-424b-9868-57a2d4851a1d" />
    <TestEntry testId="f2f029e7-8888-f5a1-ddde-656322b453e5" executionId="c8d1449e-37a2-459b-b85e-9241d12404bc" testListId="8c84fa94-04c1-424b-9868-57a2d4851a1d" />
    <TestEntry testId="3ab1d9fd-ee54-2c49-9b7b-7e9dfe78dfc4" executionId="ef06c3b4-dbbb-42b1-ac77-bbe0f7311c07" testListId="8c84fa94-04c1-424b-9868-57a2d4851a1d" />
    <TestEntry testId="c068e1c4-6913-d79e-f58c-fd0cdae20144" executionId="21fca80e-bdfe-41d3-a2a1-db81a2cdfd08" testListId="8c84fa94-04c1-424b-9868-57a2d4851a1d" />
    <TestEntry testId="f87c411f-32d8-e0c9-1a61-7c5c01be8af6" executionId="08d44afe-252e-40db-8f92-54e6e45fd74d" testListId="8c84fa94-04c1-424b-9868-57a2d4851a1d" />
    <TestEntry testId="df88d8b1-a81b-086c-6c41-e23fcac9c165" executionId="ee615d4c-6c12-4d14-80fd-310f9077d7eb" testListId="8c84fa94-04c1-424b-9868-57a2d4851a1d" />
    <TestEntry testId="6bf46c1e-b943-b7c7-5a0c-85c17aef903c" executionId="1e157ae5-7d08-45e0-8f68-1ef825e06ddc" testListId="8c84fa94-04c1-424b-9868-57a2d4851a1d" />
    <TestEntry testId="106f3149-f3a2-e989-a79b-94d21768a60f" executionId="b47bed60-fff9-4d36-a798-4fe8fd382b95" testListId="8c84fa94-04c1-424b-9868-57a2d4851a1d" />
    <TestEntry testId="efc2d993-18be-3c80-9e27-1d4e6cfd44ac" executionId="10686b01-1321-425e-9f7d-e7ef91bb8089" testListId="8c84fa94-04c1-424b-9868-57a2d4851a1d" />
    <TestEntry testId="78387f85-e5e6-fa65-b4de-446c8486e80c" executionId="d839f667-211e-44e4-9a62-5946afa458ff" testListId="8c84fa94-04c1-424b-9868-57a2d4851a1d" />
    <TestEntry testId="09d5c966-f53d-e4e1-2d68-1fc4cd5c9934" executionId="3b014742-33ee-4719-944f-7099ba5202a7" testListId="8c84fa94-04c1-424b-9868-57a2d4851a1d" />
    <TestEntry testId="8851b8ca-4481-2bea-be87-f6ae65909b6d" executionId="6a1598f8-6e5c-4156-bb31-0c1762c24e40" testListId="8c84fa94-04c1-424b-9868-57a2d4851a1d" />
    <TestEntry testId="3481e80b-1f65-cc03-2307-099b3c1f0f7c" executionId="8ebd4192-e7aa-41ee-9d4c-b1d4025fb635" testListId="8c84fa94-04c1-424b-9868-57a2d4851a1d" />
    <TestEntry testId="788f487b-05b6-16ab-9322-20aff8af5551" executionId="2d058e07-022b-49e6-989d-4e01c89678c4" testListId="8c84fa94-04c1-424b-9868-57a2d4851a1d" />
    <TestEntry testId="6f76a51f-b8cd-e6f5-cb70-61af9779673e" executionId="596c6f28-27ad-4206-a6c1-077f0ffc6ad7" testListId="8c84fa94-04c1-424b-9868-57a2d4851a1d" />
    <TestEntry testId="456e732c-388b-f135-86e0-02f4f82041c1" executionId="dabb3c35-a24b-4902-a7b4-bc5627e31ee4" testListId="8c84fa94-04c1-424b-9868-57a2d4851a1d" />
    <TestEntry testId="e7c5d70f-845a-794e-5db5-61ecf0bcf4a3" executionId="459b7240-d39f-4528-aab0-de98e407feb1" testListId="8c84fa94-04c1-424b-9868-57a2d4851a1d" />
    <TestEntry testId="a34cc59c-504f-45fa-746c-15b1a11e5627" executionId="c640e604-1c84-416c-9703-e0955f2e4797" testListId="8c84fa94-04c1-424b-9868-57a2d4851a1d" />
    <TestEntry testId="f5642f76-0883-ad8b-d556-29e3eb347cee" executionId="7d16af72-9ba4-4c54-8127-3e4e58a1bfdf" testListId="8c84fa94-04c1-424b-9868-57a2d4851a1d" />
    <TestEntry testId="3c6ff78b-37a5-1893-6545-c9982c97f098" executionId="b32b9180-4880-4ef6-bd6a-7707279c29ad" testListId="8c84fa94-04c1-424b-9868-57a2d4851a1d" />
    <TestEntry testId="5242f9b9-ee1f-923c-f0c3-d5fb3e0359c6" executionId="86a0e993-83a9-40f6-954c-9d2266a79f0b" testListId="8c84fa94-04c1-424b-9868-57a2d4851a1d" />
    <TestEntry testId="e8ec249d-dc87-2471-df22-5e2bd5f5cfd6" executionId="e464edd1-8d48-4996-a47c-3816965b742b" testListId="8c84fa94-04c1-424b-9868-57a2d4851a1d" />
    <TestEntry testId="5c211a1b-af5c-0baa-3971-de7e6e4f1565" executionId="a56f0209-d46d-44b8-9667-510b488d178b" testListId="8c84fa94-04c1-424b-9868-57a2d4851a1d" />
    <TestEntry testId="bd159b72-9284-1885-d99e-8e5744e9e126" executionId="6efefece-4cc7-4268-bd80-0246a22dea19" testListId="8c84fa94-04c1-424b-9868-57a2d4851a1d" />
    <TestEntry testId="b47dec7c-cd3e-d808-5520-23095e3155d7" executionId="cc3355fc-182f-433d-bc73-b5f526ce1df5" testListId="8c84fa94-04c1-424b-9868-57a2d4851a1d" />
    <TestEntry testId="67ba80d0-ee46-5ac8-0538-37c6daf3607e" executionId="72dcc2d6-82ef-48e7-aabe-b21bf4ef2403" testListId="8c84fa94-04c1-424b-9868-57a2d4851a1d" />
    <TestEntry testId="f3c32f73-938b-755c-965c-616e71f330bf" executionId="bf1bbe38-4eb7-40d6-95ab-ac5324d160a6" testListId="8c84fa94-04c1-424b-9868-57a2d4851a1d" />
    <TestEntry testId="357dbec3-6c88-60fc-92df-88a3a0d59998" executionId="b0299198-cc14-42c8-915a-49c914b2f4b4" testListId="8c84fa94-04c1-424b-9868-57a2d4851a1d" />
    <TestEntry testId="ac4d6dc8-ac9c-ed69-2ea1-c142e3a580cd" executionId="4dd31b33-b0f6-415b-84dd-ef232a7ca103" testListId="8c84fa94-04c1-424b-9868-57a2d4851a1d" />
    <TestEntry testId="d6c3c325-4119-8dd1-476b-5d0386c6cccf" executionId="8bfec04f-2215-40db-acae-7d1982fb9b40" testListId="8c84fa94-04c1-424b-9868-57a2d4851a1d" />
    <TestEntry testId="cfdd33be-da19-c14d-63fe-484c25830585" executionId="f1a591a2-eb59-4ada-821f-4244c2a7cf57" testListId="8c84fa94-04c1-424b-9868-57a2d4851a1d" />
    <TestEntry testId="2e9607cd-69cc-03d9-52da-bac666581b57" executionId="56834ff5-8c53-422c-8beb-546e43ff4e03" testListId="8c84fa94-04c1-424b-9868-57a2d4851a1d" />
    <TestEntry testId="d1e50dfe-89f9-2e1e-ee5f-3ce8755a7d24" executionId="d700f378-06a9-422f-b5e1-8191c8ddfe6e" testListId="8c84fa94-04c1-424b-9868-57a2d4851a1d" />
    <TestEntry testId="467648af-fb2a-b6b9-e76e-8f94779eb7f6" executionId="db462434-543f-4468-8d9c-c228867f8ea4" testListId="8c84fa94-04c1-424b-9868-57a2d4851a1d" />
    <TestEntry testId="1dfcddc7-2376-1f70-3151-1b7cb4b3c7c1" executionId="db8c2f2c-8462-4af8-a996-0e0737f80116" testListId="8c84fa94-04c1-424b-9868-57a2d4851a1d" />
    <TestEntry testId="8b06dbf8-2d8a-5226-9011-d08c484cab2f" executionId="4bf813f6-c82b-4e84-b7f7-08d6468ec891" testListId="8c84fa94-04c1-424b-9868-57a2d4851a1d" />
    <TestEntry testId="7bbc11f3-00e0-acc2-4df2-e8e0d97bb209" executionId="bb3c877c-9911-4260-8a53-35f07dfda8fa" testListId="8c84fa94-04c1-424b-9868-57a2d4851a1d" />
    <TestEntry testId="d6c18a40-784b-6849-0320-923e0a1eba0e" executionId="3636871d-0993-4cea-b330-33c7f4077736" testListId="8c84fa94-04c1-424b-9868-57a2d4851a1d" />
    <TestEntry testId="e8d09c68-4f4a-59e8-3c44-66cd53ed8164" executionId="df5db5b5-0c18-4bdd-99bf-0fd0ec6d1702" testListId="8c84fa94-04c1-424b-9868-57a2d4851a1d" />
    <TestEntry testId="da642cc4-82fe-b6d1-55ca-0b6105cd1909" executionId="1beef5a4-00ca-4f40-95cb-48619c387d59" testListId="8c84fa94-04c1-424b-9868-57a2d4851a1d" />
    <TestEntry testId="df159263-51bd-d891-b020-758bba5e657f" executionId="db1e828b-49e6-4e7c-b7d9-b207aac6dd27" testListId="8c84fa94-04c1-424b-9868-57a2d4851a1d" />
    <TestEntry testId="dac9dc92-a823-6cea-bf4c-1b3253c3dca3" executionId="3e102c15-50d6-4360-87d4-ec958e3eb638" testListId="8c84fa94-04c1-424b-9868-57a2d4851a1d" />
    <TestEntry testId="847d8ff3-d803-cf60-f02c-496786a7423f" executionId="784fbdce-b058-40d3-829e-039e1b49b190" testListId="8c84fa94-04c1-424b-9868-57a2d4851a1d" />
    <TestEntry testId="f4fbfb1c-5ed6-31b9-32df-2fb927eec7fc" executionId="b273e8d2-6204-4909-bd5f-d17cd20db718" testListId="8c84fa94-04c1-424b-9868-57a2d4851a1d" />
    <TestEntry testId="8735994f-5f9e-38e3-dd8d-e45cd5a00faf" executionId="d48433ef-47ae-4c32-8797-0d890c1994cb" testListId="8c84fa94-04c1-424b-9868-57a2d4851a1d" />
    <TestEntry testId="f602c426-afbb-f056-d9cc-983f060e4157" executionId="9aeb11f3-0832-4630-aa4d-c59b0e0d1dd8" testListId="8c84fa94-04c1-424b-9868-57a2d4851a1d" />
    <TestEntry testId="bd7fbd33-c44c-e435-efc2-06a8c4bb49ef" executionId="40a25d1c-769c-4640-accd-c337bf5528a6" testListId="8c84fa94-04c1-424b-9868-57a2d4851a1d" />
    <TestEntry testId="e47e56e9-5385-922b-8aae-4a5f9fc8708e" executionId="115a7732-a588-4fe2-a652-8396701da175" testListId="8c84fa94-04c1-424b-9868-57a2d4851a1d" />
  </TestEntries>
  <TestLists>
    <TestList name="Results Not in a List" id="8c84fa94-04c1-424b-9868-57a2d4851a1d" />
    <TestList name="All Loaded Results" id="19431567-8539-422a-85d7-44ee4e166bda" />
  </TestLists>
  <ResultSummary outcome="Completed">
    <Counters total="266" executed="266" passed="266" failed="0" error="0" timeout="0" aborted="0" inconclusive="0" passedButRunAborted="0" notRunnable="0" notExecuted="0" disconnected="0" warning="0" completed="0" inProgress="0" pending="0" />
    <Output>
      <StdOut>[xUnit.net 00:00:00.00] xUnit.net VSTest Adapter v2.4.1 (64-bit .NET Core 4.6.27817.03)&#xD;
[xUnit.net 00:00:00.36]   Discovering: Nzr.ToolBox.Core.Tests&#xD;
[xUnit.net 00:00:00.44]   Discovered:  Nzr.ToolBox.Core.Tests&#xD;
[xUnit.net 00:00:00.45]   Starting:    Nzr.ToolBox.Core.Tests&#xD;
[xUnit.net 00:00:00.87]   Finished:    Nzr.ToolBox.Core.Tests&#xD;
</StdOut>
    </Output>
  </ResultSummary>
</TestRun>