<?xml version="1.0" encoding="utf-8"?>
<TestRun id="00bcd5ae-da26-400e-a338-361e2866df8c" name="mario.nzr@WORKSTATION 2019-11-05 22:49:29" runUser="WORKSTATION\mario.nzr" xmlns="http://microsoft.com/schemas/VisualStudio/TeamTest/2010">
  <Times creation="2019-11-05T22:49:29.8466106-03:00" queuing="2019-11-05T22:49:29.8466121-03:00" start="2019-11-05T22:49:17.5895850-03:00" finish="2019-11-05T22:49:30.4866947-03:00" />
  <TestSettings name="default" id="79babb12-55fd-43a0-85d9-f90b66989ce4">
    <Deployment runDeploymentRoot="mario.nzr_WORKSTATION_2019-11-05_22_49_29" />
  </TestSettings>
  <Results>
    <UnitTestResult executionId="9a6e8107-7c13-4b87-ba11-805321255e1e" testId="f66c2c72-8186-4752-6374-d287cc46a9fe" testName="Nzr.ToolBox.Core.Tests.StringUtilsTest.IsAllBlank_WithNullOrBlankStrings_ShouldReturnTrue" computerName="WORKSTATION" duration="00:00:00.0010000" startTime="2019-11-05T22:49:29.8130145-03:00" endTime="2019-11-05T22:49:29.8130150-03:00" testType="13cdc9d9-ddb5-4fa4-a97d-d965ccfc6d4b" outcome="Passed" testListId="8c84fa94-04c1-424b-9868-57a2d4851a1d" relativeResultsDirectory="9a6e8107-7c13-4b87-ba11-805321255e1e" />
    <UnitTestResult executionId="32257e80-9a42-4c0c-9eff-599b77ea9103" testId="9d1fdad2-86cb-58a0-0255-a31c1f4f628b" testName="Nzr.ToolBox.Core.Tests.BooleanUtilsTests.ToBool_WithNonPositiveString_ShouldReturnFalse(value: &quot;X&quot;)" computerName="WORKSTATION" duration="00:00:00.0010000" startTime="2019-11-05T22:49:29.7987596-03:00" endTime="2019-11-05T22:49:29.7987601-03:00" testType="13cdc9d9-ddb5-4fa4-a97d-d965ccfc6d4b" outcome="Passed" testListId="8c84fa94-04c1-424b-9868-57a2d4851a1d" relativeResultsDirectory="32257e80-9a42-4c0c-9eff-599b77ea9103" />
    <UnitTestResult executionId="00423fdc-9984-4104-bb32-e98b3ba3b99c" testId="dac9dc92-a823-6cea-bf4c-1b3253c3dca3" testName="Nzr.ToolBox.Core.Tests.StringUtilsTest.Remove_WithNullString_ShouldReturnNull" computerName="WORKSTATION" duration="00:00:00.0010000" startTime="2019-11-05T22:49:29.8247555-03:00" endTime="2019-11-05T22:49:29.8247557-03:00" testType="13cdc9d9-ddb5-4fa4-a97d-d965ccfc6d4b" outcome="Passed" testListId="8c84fa94-04c1-424b-9868-57a2d4851a1d" relativeResultsDirectory="00423fdc-9984-4104-bb32-e98b3ba3b99c" />
    <UnitTestResult executionId="d7143507-4e3a-405c-b5ac-03ba933e2ef1" testId="0895ad80-dce9-06a7-5602-3c72da5f8da6" testName="Nzr.ToolBox.Core.Tests.CollectionUtilsTests.Add_WithListAsArgument_ShouldAddAllElements" computerName="WORKSTATION" duration="00:00:00.0030000" startTime="2019-11-05T22:49:29.8318985-03:00" endTime="2019-11-05T22:49:29.8318988-03:00" testType="13cdc9d9-ddb5-4fa4-a97d-d965ccfc6d4b" outcome="Passed" testListId="8c84fa94-04c1-424b-9868-57a2d4851a1d" relativeResultsDirectory="d7143507-4e3a-405c-b5ac-03ba933e2ef1" />
    <UnitTestResult executionId="13c5e13f-447b-4d96-8b33-d1fa00baf232" testId="0f0fd9c4-310b-8f5e-8547-15872b5cb4b0" testName="Nzr.ToolBox.Core.Tests.DateTimeUtilsTest.ToEpoch_WithDateTime_ShouldReturnEpochTime" computerName="WORKSTATION" duration="00:00:00.0160000" startTime="2019-11-05T22:49:29.8065575-03:00" endTime="2019-11-05T22:49:29.8065578-03:00" testType="13cdc9d9-ddb5-4fa4-a97d-d965ccfc6d4b" outcome="Passed" testListId="8c84fa94-04c1-424b-9868-57a2d4851a1d" relativeResultsDirectory="13c5e13f-447b-4d96-8b33-d1fa00baf232" />
    <UnitTestResult executionId="8bec3549-88fc-4c8f-a2be-077d5a4e0ac0" testId="ef1d6b74-13c8-dcd2-26ac-7f5ae1d5273c" testName="Nzr.ToolBox.Core.Tests.ObjectUtilsTest.IfNull_WithNullValue_ShouldExecuteNullAction" computerName="WORKSTATION" duration="00:00:00.4530000" startTime="2019-11-05T22:49:30.1333918-03:00" endTime="2019-11-05T22:49:30.1333926-03:00" testType="13cdc9d9-ddb5-4fa4-a97d-d965ccfc6d4b" outcome="Passed" testListId="8c84fa94-04c1-424b-9868-57a2d4851a1d" relativeResultsDirectory="8bec3549-88fc-4c8f-a2be-077d5a4e0ac0" />
    <UnitTestResult executionId="262177f6-75ab-4ce3-81aa-eaf8876a663e" testId="266b6884-84e9-585c-ee2b-eff743317cdb" testName="Nzr.ToolBox.Core.Tests.BooleanUtilsTests.ToBool_WithPositiveString_ShouldReturnTrue(value: &quot;Si&quot;)" computerName="WORKSTATION" duration="00:00:00.0330000" startTime="2019-11-05T22:49:29.7290770-03:00" endTime="2019-11-05T22:49:29.7290772-03:00" testType="13cdc9d9-ddb5-4fa4-a97d-d965ccfc6d4b" outcome="Passed" testListId="8c84fa94-04c1-424b-9868-57a2d4851a1d" relativeResultsDirectory="262177f6-75ab-4ce3-81aa-eaf8876a663e" />
    <UnitTestResult executionId="741c4a32-4dd1-4609-b80e-2cbcb10fe8fa" testId="8851b8ca-4481-2bea-be87-f6ae65909b6d" testName="Nzr.ToolBox.Core.Tests.CollectionUtilsTests.Get_WithEnumerableWithExistingIndex_ShouldReturnValue" computerName="WORKSTATION" duration="00:00:00.0020000" startTime="2019-11-05T22:49:29.8481888-03:00" endTime="2019-11-05T22:49:29.8481891-03:00" testType="13cdc9d9-ddb5-4fa4-a97d-d965ccfc6d4b" outcome="Passed" testListId="8c84fa94-04c1-424b-9868-57a2d4851a1d" relativeResultsDirectory="741c4a32-4dd1-4609-b80e-2cbcb10fe8fa" />
    <UnitTestResult executionId="0fc9b21c-97d1-4eb3-b438-e95c12c61596" testId="f69da90d-10ac-e902-c8cf-752cc6502d57" testName="Nzr.ToolBox.Core.Tests.BooleanUtilsTests.IsAllFalse_WithOneTrueValue_ShouldReturnFalse" computerName="WORKSTATION" duration="00:00:00.0130000" startTime="2019-11-05T22:49:29.8134629-03:00" endTime="2019-11-05T22:49:29.8134632-03:00" testType="13cdc9d9-ddb5-4fa4-a97d-d965ccfc6d4b" outcome="Passed" testListId="8c84fa94-04c1-424b-9868-57a2d4851a1d" relativeResultsDirectory="0fc9b21c-97d1-4eb3-b438-e95c12c61596" />
    <UnitTestResult executionId="b539a9ee-ccb4-4dce-a752-ac09c4b09fe6" testId="ccffac2f-6628-9393-88cb-889ebe715882" testName="Nzr.ToolBox.Core.Tests.StringUtilsTest.Truncate_WithStringLargerThanLimit_ShouldReturnTruncatedString" computerName="WORKSTATION" duration="00:00:00.0010000" startTime="2019-11-05T22:49:29.8835477-03:00" endTime="2019-11-05T22:49:29.8835479-03:00" testType="13cdc9d9-ddb5-4fa4-a97d-d965ccfc6d4b" outcome="Passed" testListId="8c84fa94-04c1-424b-9868-57a2d4851a1d" relativeResultsDirectory="b539a9ee-ccb4-4dce-a752-ac09c4b09fe6" />
    <UnitTestResult executionId="32af74a0-ac46-443f-9dce-f01cb56636fd" testId="3b3f03b2-7036-9975-1ea0-fbee6b6a40d0" testName="Nzr.ToolBox.Core.Tests.CollectionUtilsTests.EmptyIfNull_WithNonNullGenericEnumerable_ShouldTheEnumerable" computerName="WORKSTATION" duration="00:00:00.0020000" startTime="2019-11-05T22:49:29.8131340-03:00" endTime="2019-11-05T22:49:29.8131342-03:00" testType="13cdc9d9-ddb5-4fa4-a97d-d965ccfc6d4b" outcome="Passed" testListId="8c84fa94-04c1-424b-9868-57a2d4851a1d" relativeResultsDirectory="32af74a0-ac46-443f-9dce-f01cb56636fd" />
    <UnitTestResult executionId="bdb104a1-17ba-4469-9ad6-0dab91309692" testId="a57e4f15-3c8a-cc65-2059-f1f5f83c9ba5" testName="Nzr.ToolBox.Core.Tests.ObjectUtilsTest.IsAllNonNull_WithAllNonNull_ShouldReturnTrue" computerName="WORKSTATION" duration="00:00:00.0010000" startTime="2019-11-05T22:49:30.2982967-03:00" endTime="2019-11-05T22:49:30.2982971-03:00" testType="13cdc9d9-ddb5-4fa4-a97d-d965ccfc6d4b" outcome="Passed" testListId="8c84fa94-04c1-424b-9868-57a2d4851a1d" relativeResultsDirectory="bdb104a1-17ba-4469-9ad6-0dab91309692" />
    <UnitTestResult executionId="cecb6f5e-c255-4add-9b7a-f017814a733e" testId="af6775fd-d269-907e-4174-20941ea53792" testName="Nzr.ToolBox.Core.Tests.RandomUtilsTest.RandomDecimal_ShouldReturnUniqueValues(iterations: 10000, seed: 1)" computerName="WORKSTATION" duration="00:00:00.0600000" startTime="2019-11-05T22:49:30.0197964-03:00" endTime="2019-11-05T22:49:30.0197971-03:00" testType="13cdc9d9-ddb5-4fa4-a97d-d965ccfc6d4b" outcome="Passed" testListId="8c84fa94-04c1-424b-9868-57a2d4851a1d" relativeResultsDirectory="cecb6f5e-c255-4add-9b7a-f017814a733e" />
    <UnitTestResult executionId="85fbe06b-49e9-4a6d-8a45-19c422574d4b" testId="ef8414b8-93fc-9937-7131-0c62836c71c1" testName="Nzr.ToolBox.Core.Tests.StringUtilsTest.ContainsAny_WithOrdinalIgnoreCaseStringContainingOneOfSubstring_ShouldReturnTrue" computerName="WORKSTATION" duration="00:00:00.0010000" startTime="2019-11-05T22:49:29.8708977-03:00" endTime="2019-11-05T22:49:29.8708979-03:00" testType="13cdc9d9-ddb5-4fa4-a97d-d965ccfc6d4b" outcome="Passed" testListId="8c84fa94-04c1-424b-9868-57a2d4851a1d" relativeResultsDirectory="85fbe06b-49e9-4a6d-8a45-19c422574d4b" />
    <UnitTestResult executionId="a1434d99-8d21-4cbb-a0d5-9d852bc420ea" testId="10c60c49-fc34-a570-7e27-f72cbc125676" testName="Nzr.ToolBox.Core.Tests.CollectionUtilsTests.GetKey_WithNotMappedInput_ShouldReturnNull" computerName="WORKSTATION" duration="00:00:00.0010000" startTime="2019-11-05T22:49:29.8531221-03:00" endTime="2019-11-05T22:49:29.8531223-03:00" testType="13cdc9d9-ddb5-4fa4-a97d-d965ccfc6d4b" outcome="Passed" testListId="8c84fa94-04c1-424b-9868-57a2d4851a1d" relativeResultsDirectory="a1434d99-8d21-4cbb-a0d5-9d852bc420ea" />
    <UnitTestResult executionId="8411cb4a-89fa-471f-be02-88c6f9aa0fb8" testId="19186bcb-3af3-b5ce-1c9e-381f7e643b61" testName="Nzr.ToolBox.Core.Tests.BooleanUtilsTests.ToBool_WithPositiveString_ShouldReturnTrue(value: &quot;Oui&quot;)" computerName="WORKSTATION" duration="00:00:00.0010000" startTime="2019-11-05T22:49:29.7869464-03:00" endTime="2019-11-05T22:49:29.7869467-03:00" testType="13cdc9d9-ddb5-4fa4-a97d-d965ccfc6d4b" outcome="Passed" testListId="8c84fa94-04c1-424b-9868-57a2d4851a1d" relativeResultsDirectory="8411cb4a-89fa-471f-be02-88c6f9aa0fb8" />
    <UnitTestResult executionId="3ef66ee1-8d5e-4732-8d4a-2f3e595b2e3b" testId="b950fa42-ed92-dfa2-1b7a-99f41db426b6" testName="Nzr.ToolBox.Core.Tests.StringUtilsTest.IsIsBlank_WithNonBlankString_ShouldReturnTrue" computerName="WORKSTATION" duration="00:00:00.0010000" startTime="2019-11-05T22:49:29.8171785-03:00" endTime="2019-11-05T22:49:29.8171793-03:00" testType="13cdc9d9-ddb5-4fa4-a97d-d965ccfc6d4b" outcome="Passed" testListId="8c84fa94-04c1-424b-9868-57a2d4851a1d" relativeResultsDirectory="3ef66ee1-8d5e-4732-8d4a-2f3e595b2e3b" />
    <UnitTestResult executionId="4c238f58-5f8c-4eae-bf82-b5d6aa26a5a2" testId="ef1cb9b1-5ade-bdda-d597-f65de556664c" testName="Nzr.ToolBox.Core.Tests.CollectionUtilsTests.GetKey_WithNullInput_ShouldReturnNull" computerName="WORKSTATION" duration="00:00:00.0010000" startTime="2019-11-05T22:49:29.8491226-03:00" endTime="2019-11-05T22:49:29.8491229-03:00" testType="13cdc9d9-ddb5-4fa4-a97d-d965ccfc6d4b" outcome="Passed" testListId="8c84fa94-04c1-424b-9868-57a2d4851a1d" relativeResultsDirectory="4c238f58-5f8c-4eae-bf82-b5d6aa26a5a2" />
    <UnitTestResult executionId="e636bc75-288d-4c7c-b6a6-f603f12b3ea8" testId="06062712-a9f6-15e0-bf35-38dc901029e7" testName="Nzr.ToolBox.Core.Tests.NumberUtilsTest.ToHexadecimal_WithNumberWithPrefix_ShouldReturnBinaryWithPrefix" computerName="WORKSTATION" duration="00:00:00.0010000" startTime="2019-11-05T22:49:29.8672430-03:00" endTime="2019-11-05T22:49:29.8672433-03:00" testType="13cdc9d9-ddb5-4fa4-a97d-d965ccfc6d4b" outcome="Passed" testListId="8c84fa94-04c1-424b-9868-57a2d4851a1d" relativeResultsDirectory="e636bc75-288d-4c7c-b6a6-f603f12b3ea8" />
    <UnitTestResult executionId="19fe0302-4d6b-43e1-882a-613443d9ce60" testId="1d7cc1dd-bfaa-4d32-a622-84b65b12bf5d" testName="Nzr.ToolBox.Core.Tests.RandomUtilsTest.RandomBoolean_ShouldReturnUniqueValues(iterations: 10000, seed: null)" computerName="WORKSTATION" duration="00:00:00.0500000" startTime="2019-11-05T22:49:29.8954200-03:00" endTime="2019-11-05T22:49:29.8954201-03:00" testType="13cdc9d9-ddb5-4fa4-a97d-d965ccfc6d4b" outcome="Passed" testListId="8c84fa94-04c1-424b-9868-57a2d4851a1d" relativeResultsDirectory="19fe0302-4d6b-43e1-882a-613443d9ce60" />
    <UnitTestResult executionId="1fff558f-180e-4b71-bd63-15cb6d1853f6" testId="f35f6eae-a2f2-9704-db53-5b689fdd1bea" testName="Nzr.ToolBox.Core.Tests.BooleanUtilsTests.ToBool_WithNonPositiveString_ShouldReturnFalse(value: &quot;&quot;)" computerName="WORKSTATION" duration="00:00:00.0010000" startTime="2019-11-05T22:49:29.8021277-03:00" endTime="2019-11-05T22:49:29.8021282-03:00" testType="13cdc9d9-ddb5-4fa4-a97d-d965ccfc6d4b" outcome="Passed" testListId="8c84fa94-04c1-424b-9868-57a2d4851a1d" relativeResultsDirectory="1fff558f-180e-4b71-bd63-15cb6d1853f6" />
    <UnitTestResult executionId="e5a4e8da-2241-4a7a-974d-044ec0aef929" testId="bd4840b2-65f4-1738-f51a-39c1c1a95ff4" testName="Nzr.ToolBox.Core.Tests.RandomUtilsTest.RandomByte_ShouldReturnUniqueValues(iterations: 255, seed: 1)" computerName="WORKSTATION" duration="00:00:00.0010000" startTime="2019-11-05T22:49:29.7814103-03:00" endTime="2019-11-05T22:49:29.7814109-03:00" testType="13cdc9d9-ddb5-4fa4-a97d-d965ccfc6d4b" outcome="Passed" testListId="8c84fa94-04c1-424b-9868-57a2d4851a1d" relativeResultsDirectory="e5a4e8da-2241-4a7a-974d-044ec0aef929" />
    <UnitTestResult executionId="818e44d4-9c27-47e1-9400-c6624c80f591" testId="ccc6233d-7912-eee3-5bd9-e05a73d46c3c" testName="Nzr.ToolBox.Core.Tests.StringUtilsTest.IsEmpty_WithBlankString_ShouldReturnFalse" computerName="WORKSTATION" duration="00:00:00.0010000" startTime="2019-11-05T22:49:29.8778517-03:00" endTime="2019-11-05T22:49:29.8778519-03:00" testType="13cdc9d9-ddb5-4fa4-a97d-d965ccfc6d4b" outcome="Passed" testListId="8c84fa94-04c1-424b-9868-57a2d4851a1d" relativeResultsDirectory="818e44d4-9c27-47e1-9400-c6624c80f591" />
    <UnitTestResult executionId="2e658261-0a22-4d51-a6e2-e6a949225974" testId="c5f701a1-fcd5-1f87-4fee-cd5b137b31a8" testName="Nzr.ToolBox.Core.Tests.BooleanUtilsTests.ToBool_WithPositiveNonZero_ShouldReturnTrue(b: 2, s: 3, i: 4, l: 5, f: 6, d: 7, m: 8)" computerName="WORKSTATION" duration="00:00:00.0010000" startTime="2019-11-05T22:49:29.8176448-03:00" endTime="2019-11-05T22:49:29.8176451-03:00" testType="13cdc9d9-ddb5-4fa4-a97d-d965ccfc6d4b" outcome="Passed" testListId="8c84fa94-04c1-424b-9868-57a2d4851a1d" relativeResultsDirectory="2e658261-0a22-4d51-a6e2-e6a949225974" />
    <UnitTestResult executionId="46cd8778-f95b-4c15-a69a-543f4f66f423" testId="917e9e48-1d67-c1aa-1b6e-9c13215e36a0" testName="Nzr.ToolBox.Core.Tests.BooleanUtilsTests.ToBool_WithPositiveString_ShouldReturnTrue(value: &quot;S&quot;)" computerName="WORKSTATION" duration="00:00:00.0010000" startTime="2019-11-05T22:49:29.7867379-03:00" endTime="2019-11-05T22:49:29.7867382-03:00" testType="13cdc9d9-ddb5-4fa4-a97d-d965ccfc6d4b" outcome="Passed" testListId="8c84fa94-04c1-424b-9868-57a2d4851a1d" relativeResultsDirectory="46cd8778-f95b-4c15-a69a-543f4f66f423" />
    <UnitTestResult executionId="f7517359-63be-4354-b75f-7a0a300f3682" testId="dec4b2e5-eff9-2a89-8e71-4aef758046da" testName="Nzr.ToolBox.Core.Tests.StringUtilsTest.IsNotBlank_WithNullString_ShouldReturnFalse" computerName="WORKSTATION" duration="00:00:00.0010000" startTime="2019-11-05T22:49:29.8955029-03:00" endTime="2019-11-05T22:49:29.8955030-03:00" testType="13cdc9d9-ddb5-4fa4-a97d-d965ccfc6d4b" outcome="Passed" testListId="8c84fa94-04c1-424b-9868-57a2d4851a1d" relativeResultsDirectory="f7517359-63be-4354-b75f-7a0a300f3682" />
    <UnitTestResult executionId="4189839b-f908-41dc-aa42-cf76d1ef6deb" testId="4dcc4c87-6654-099d-1fa3-33b06e586a9e" testName="Nzr.ToolBox.Core.Tests.StringUtilsTest.Reverse_WithNull_ShouldReturnNull" computerName="WORKSTATION" duration="00:00:00.0010000" startTime="2019-11-05T22:49:29.8586090-03:00" endTime="2019-11-05T22:49:29.8586092-03:00" testType="13cdc9d9-ddb5-4fa4-a97d-d965ccfc6d4b" outcome="Passed" testListId="8c84fa94-04c1-424b-9868-57a2d4851a1d" relativeResultsDirectory="4189839b-f908-41dc-aa42-cf76d1ef6deb" />
    <UnitTestResult executionId="88651947-3b31-4797-b1b4-52dd69c666cf" testId="60b85a90-aaf8-7e93-2f6c-9526d81382d3" testName="Nzr.ToolBox.Core.Tests.ObjectUtilsTest.IfNotNull_WithNullValue_ShouldExecuteNullAction" computerName="WORKSTATION" duration="00:00:00.0020000" startTime="2019-11-05T22:49:30.1570672-03:00" endTime="2019-11-05T22:49:30.1570677-03:00" testType="13cdc9d9-ddb5-4fa4-a97d-d965ccfc6d4b" outcome="Passed" testListId="8c84fa94-04c1-424b-9868-57a2d4851a1d" relativeResultsDirectory="88651947-3b31-4797-b1b4-52dd69c666cf" />
    <UnitTestResult executionId="c42832b6-4840-4d41-ae4e-e821e3620f86" testId="79e2a514-0ea2-3daf-f0aa-1fc63dbc9aa2" testName="Nzr.ToolBox.Core.Tests.StringUtilsTest.Suffix_WithNullString_ShouldReturnSuffix" computerName="WORKSTATION" duration="00:00:00.0010000" startTime="2019-11-05T22:49:29.8490102-03:00" endTime="2019-11-05T22:49:29.8490104-03:00" testType="13cdc9d9-ddb5-4fa4-a97d-d965ccfc6d4b" outcome="Passed" testListId="8c84fa94-04c1-424b-9868-57a2d4851a1d" relativeResultsDirectory="c42832b6-4840-4d41-ae4e-e821e3620f86" />
    <UnitTestResult executionId="79b82bf7-99e0-45ca-ab34-2694790be6a0" testId="f97de579-490f-3478-7018-3655f4bebed4" testName="Nzr.ToolBox.Core.Tests.StringUtilsTest.IsNumber_WithAlhphanumeric_ShouldReturnFalse" computerName="WORKSTATION" duration="00:00:00.0010000" startTime="2019-11-05T22:49:29.8737075-03:00" endTime="2019-11-05T22:49:29.8737076-03:00" testType="13cdc9d9-ddb5-4fa4-a97d-d965ccfc6d4b" outcome="Passed" testListId="8c84fa94-04c1-424b-9868-57a2d4851a1d" relativeResultsDirectory="79b82bf7-99e0-45ca-ab34-2694790be6a0" />
    <UnitTestResult executionId="7ce7cb7a-f66b-452e-8ce4-8e73e3838357" testId="011a8669-96b9-3bc3-27c4-fe49bafbe5b9" testName="Nzr.ToolBox.Core.Tests.StringUtilsTest.Prefix_WithExistingPrefix_ShouldNotAddPrefix" computerName="WORKSTATION" duration="00:00:00.0010000" startTime="2019-11-05T22:49:29.8872909-03:00" endTime="2019-11-05T22:49:29.8872911-03:00" testType="13cdc9d9-ddb5-4fa4-a97d-d965ccfc6d4b" outcome="Passed" testListId="8c84fa94-04c1-424b-9868-57a2d4851a1d" relativeResultsDirectory="7ce7cb7a-f66b-452e-8ce4-8e73e3838357" />
    <UnitTestResult executionId="56ba2f53-6762-4fa5-8d41-217416c601ab" testId="6f76a51f-b8cd-e6f5-cb70-61af9779673e" testName="Nzr.ToolBox.Core.Tests.CollectionUtilsTests.ContainsAny_WithEnumerableAndDiffSize_ShouldReturnFalse" computerName="WORKSTATION" duration="00:00:00.0010000" startTime="2019-11-05T22:49:29.8289532-03:00" endTime="2019-11-05T22:49:29.8289535-03:00" testType="13cdc9d9-ddb5-4fa4-a97d-d965ccfc6d4b" outcome="Passed" testListId="8c84fa94-04c1-424b-9868-57a2d4851a1d" relativeResultsDirectory="56ba2f53-6762-4fa5-8d41-217416c601ab" />
    <UnitTestResult executionId="d8584d28-b21e-4ca0-8b3f-8c6bd50a8195" testId="aa9cc0cb-14c6-ae07-bdfd-bae5f2a9924a" testName="Nzr.ToolBox.Core.Tests.CollectionUtilsTests.EmptyIfNull_WithNonNullEnumerable_ShouldTheEnumerable" computerName="WORKSTATION" duration="00:00:00.0080000" startTime="2019-11-05T22:49:29.8283784-03:00" endTime="2019-11-05T22:49:29.8283787-03:00" testType="13cdc9d9-ddb5-4fa4-a97d-d965ccfc6d4b" outcome="Passed" testListId="8c84fa94-04c1-424b-9868-57a2d4851a1d" relativeResultsDirectory="d8584d28-b21e-4ca0-8b3f-8c6bd50a8195" />
    <UnitTestResult executionId="72d913af-2216-46fe-9428-c828ae60d6a3" testId="2fe27f4d-780b-bc6e-57d1-a34e746519d2" testName="Nzr.ToolBox.Core.Tests.NumberUtilsTest.ToBinary_WithDecimalWithoutPrefix_ShouldReturnBinaryNumbersOnly" computerName="WORKSTATION" duration="00:00:00.0320000" startTime="2019-11-05T22:49:29.7065824-03:00" endTime="2019-11-05T22:49:29.7065941-03:00" testType="13cdc9d9-ddb5-4fa4-a97d-d965ccfc6d4b" outcome="Passed" testListId="8c84fa94-04c1-424b-9868-57a2d4851a1d" relativeResultsDirectory="72d913af-2216-46fe-9428-c828ae60d6a3" />
    <UnitTestResult executionId="0886d6dd-72f2-499c-bbbd-d8252191b524" testId="28ef9235-5d17-493e-f387-17901bee93d7" testName="Nzr.ToolBox.Core.Tests.BooleanUtilsTests.IsAnyFalse_WithAllTrueValues_ShouldReturnFalse" computerName="WORKSTATION" duration="00:00:00.0010000" startTime="2019-11-05T22:49:29.8060628-03:00" endTime="2019-11-05T22:49:29.8060633-03:00" testType="13cdc9d9-ddb5-4fa4-a97d-d965ccfc6d4b" outcome="Passed" testListId="8c84fa94-04c1-424b-9868-57a2d4851a1d" relativeResultsDirectory="0886d6dd-72f2-499c-bbbd-d8252191b524" />
    <UnitTestResult executionId="d38ffb92-a2e3-499b-a7bb-b7ad6ad63142" testId="04deb678-c0aa-afd7-f73a-807625f6aa4a" testName="Nzr.ToolBox.Core.Tests.BooleanUtilsTests.ToBool_WithZeroOrNegative_ShouldReturnFalse(b: -1, s: -2, i: -3, l: -4, f: -5, d: -6, m: -7)" computerName="WORKSTATION" duration="00:00:00.0020000" startTime="2019-11-05T22:49:29.7979635-03:00" endTime="2019-11-05T22:49:29.7979641-03:00" testType="13cdc9d9-ddb5-4fa4-a97d-d965ccfc6d4b" outcome="Passed" testListId="8c84fa94-04c1-424b-9868-57a2d4851a1d" relativeResultsDirectory="d38ffb92-a2e3-499b-a7bb-b7ad6ad63142" />
    <UnitTestResult executionId="c5311635-787e-429f-825d-7b8b5ce6d978" testId="2084ff50-0c57-008d-1c5e-051f3c6d2a19" testName="Nzr.ToolBox.Core.Tests.CollectionUtilsTests.GetKey_WithNullValueForKvpAndInput_ShouldReturnKey" computerName="WORKSTATION" duration="00:00:00.0040000" startTime="2019-11-05T22:49:29.8023226-03:00" endTime="2019-11-05T22:49:29.8023228-03:00" testType="13cdc9d9-ddb5-4fa4-a97d-d965ccfc6d4b" outcome="Passed" testListId="8c84fa94-04c1-424b-9868-57a2d4851a1d" relativeResultsDirectory="c5311635-787e-429f-825d-7b8b5ce6d978" />
    <UnitTestResult executionId="4ebb82aa-22b1-4135-a19e-091ddbdf9a6c" testId="3ab1d9fd-ee54-2c49-9b7b-7e9dfe78dfc4" testName="Nzr.ToolBox.Core.Tests.StringUtilsTest.IsAnyEmpty_WithNullOrEmptyStrings_ShouldReturnTrue" computerName="WORKSTATION" duration="00:00:00.0010000" startTime="2019-11-05T22:49:29.8766040-03:00" endTime="2019-11-05T22:49:29.8766042-03:00" testType="13cdc9d9-ddb5-4fa4-a97d-d965ccfc6d4b" outcome="Passed" testListId="8c84fa94-04c1-424b-9868-57a2d4851a1d" relativeResultsDirectory="4ebb82aa-22b1-4135-a19e-091ddbdf9a6c" />
    <UnitTestResult executionId="811e5cc2-7162-40d2-b0c9-1915ff5319b7" testId="e621f990-2ff4-53a1-1046-2de89a2122fa" testName="Nzr.ToolBox.Core.Tests.BooleanUtilsTests.IsFalse_WithNullOrFalseValue_ShouldReturnTrue(value: null)" computerName="WORKSTATION" duration="00:00:00.0010000" startTime="2019-11-05T22:49:29.7984443-03:00" endTime="2019-11-05T22:49:29.7984446-03:00" testType="13cdc9d9-ddb5-4fa4-a97d-d965ccfc6d4b" outcome="Passed" testListId="8c84fa94-04c1-424b-9868-57a2d4851a1d" relativeResultsDirectory="811e5cc2-7162-40d2-b0c9-1915ff5319b7" />
    <UnitTestResult executionId="51be720c-7b04-47f9-80ed-e1d8404ebe87" testId="cbba7763-672f-ddfc-9a60-f6df272eaad6" testName="Nzr.ToolBox.Core.Tests.RandomUtilsTest.RandomDouble_ShouldReturnUniqueValues(iterations: 10000, seed: null)" computerName="WORKSTATION" duration="00:00:00.0430000" startTime="2019-11-05T22:49:29.8975323-03:00" endTime="2019-11-05T22:49:29.8975324-03:00" testType="13cdc9d9-ddb5-4fa4-a97d-d965ccfc6d4b" outcome="Passed" testListId="8c84fa94-04c1-424b-9868-57a2d4851a1d" relativeResultsDirectory="51be720c-7b04-47f9-80ed-e1d8404ebe87" />
    <UnitTestResult executionId="dad03025-d050-41fd-8774-66510890f700" testId="c27f5798-ba92-8771-15a7-731f0a36872c" testName="Nzr.ToolBox.Core.Tests.BooleanUtilsTests.Describe_WihTrueValueAndWitCustomYesString_ShouldReturnCustomString" computerName="WORKSTATION" duration="00:00:00.0010000" startTime="2019-11-05T22:49:29.8026228-03:00" endTime="2019-11-05T22:49:29.8026231-03:00" testType="13cdc9d9-ddb5-4fa4-a97d-d965ccfc6d4b" outcome="Passed" testListId="8c84fa94-04c1-424b-9868-57a2d4851a1d" relativeResultsDirectory="dad03025-d050-41fd-8774-66510890f700" />
    <UnitTestResult executionId="1091a3ee-b5ce-4a80-abf7-6b11628760e7" testId="4727a2e5-b0ef-54dd-d5b7-4bdc9cbfa65b" testName="Nzr.ToolBox.Core.Tests.StringUtilsTest.IsNotNumber_WithAlhphanumeric_ShouldReturnTrue" computerName="WORKSTATION" duration="00:00:00.0030000" startTime="2019-11-05T22:49:29.8953766-03:00" endTime="2019-11-05T22:49:29.8953767-03:00" testType="13cdc9d9-ddb5-4fa4-a97d-d965ccfc6d4b" outcome="Passed" testListId="8c84fa94-04c1-424b-9868-57a2d4851a1d" relativeResultsDirectory="1091a3ee-b5ce-4a80-abf7-6b11628760e7" />
    <UnitTestResult executionId="ecefe87c-525d-4648-bb17-538f8c4986c5" testId="e7c5d70f-845a-794e-5db5-61ecf0bcf4a3" testName="Nzr.ToolBox.Core.Tests.StringUtilsTest.IsAllEmpty_WithNullStrings_ShouldReturnTrue" computerName="WORKSTATION" duration="00:00:00.0010000" startTime="2019-11-05T22:49:29.8735407-03:00" endTime="2019-11-05T22:49:29.8735409-03:00" testType="13cdc9d9-ddb5-4fa4-a97d-d965ccfc6d4b" outcome="Passed" testListId="8c84fa94-04c1-424b-9868-57a2d4851a1d" relativeResultsDirectory="ecefe87c-525d-4648-bb17-538f8c4986c5" />
    <UnitTestResult executionId="22d1c4a1-9bed-426e-9537-670e0bc95c6b" testId="d40c6e0c-b4ac-c82e-a0d9-6e696ff5e301" testName="Nzr.ToolBox.Core.Tests.StringUtilsTest.DefaultIfEmpty_WitEmptyString_ShouldReturnDefault" computerName="WORKSTATION" duration="00:00:00.0010000" startTime="2019-11-05T22:49:29.8950319-03:00" endTime="2019-11-05T22:49:29.8950324-03:00" testType="13cdc9d9-ddb5-4fa4-a97d-d965ccfc6d4b" outcome="Passed" testListId="8c84fa94-04c1-424b-9868-57a2d4851a1d" relativeResultsDirectory="22d1c4a1-9bed-426e-9537-670e0bc95c6b" />
    <UnitTestResult executionId="c726e792-bbe7-4935-9bf3-3137921a6a9b" testId="c7cdf179-33e4-784c-82e2-b5da92e111f8" testName="Nzr.ToolBox.Core.Tests.StringUtilsTest.Suffix_WithNonExistingSuffix_ShouldAddSuffix" computerName="WORKSTATION" duration="00:00:00.0010000" startTime="2019-11-05T22:49:29.8101578-03:00" endTime="2019-11-05T22:49:29.8101580-03:00" testType="13cdc9d9-ddb5-4fa4-a97d-d965ccfc6d4b" outcome="Passed" testListId="8c84fa94-04c1-424b-9868-57a2d4851a1d" relativeResultsDirectory="c726e792-bbe7-4935-9bf3-3137921a6a9b" />
    <UnitTestResult executionId="5d1c9075-13ad-4d66-ae0f-68bed6606955" testId="55323239-0a74-748e-14c5-c6ce0fbffcf4" testName="Nzr.ToolBox.Core.Tests.RandomUtilsTest.RandomInt_ShouldReturnUniqueValues(iterations: 10000, seed: 1)" computerName="WORKSTATION" duration="00:00:00.0460000" startTime="2019-11-05T22:49:30.3145905-03:00" endTime="2019-11-05T22:49:30.3145913-03:00" testType="13cdc9d9-ddb5-4fa4-a97d-d965ccfc6d4b" outcome="Passed" testListId="8c84fa94-04c1-424b-9868-57a2d4851a1d" relativeResultsDirectory="5d1c9075-13ad-4d66-ae0f-68bed6606955" />
    <UnitTestResult executionId="1fe69097-f652-4ad3-8867-fcfd5f178d88" testId="265af543-0d1a-56da-e209-7d56a3acc7da" testName="Nzr.ToolBox.Core.Tests.StringUtilsTest.RemoveStart_WithNull_ShouldReturnNull" computerName="WORKSTATION" duration="00:00:00.0010000" startTime="2019-11-05T22:49:29.8714959-03:00" endTime="2019-11-05T22:49:29.8714960-03:00" testType="13cdc9d9-ddb5-4fa4-a97d-d965ccfc6d4b" outcome="Passed" testListId="8c84fa94-04c1-424b-9868-57a2d4851a1d" relativeResultsDirectory="1fe69097-f652-4ad3-8867-fcfd5f178d88" />
    <UnitTestResult executionId="707ee3a6-76a9-4128-aa9a-801c18ed2d94" testId="e624c53d-a1cf-0c98-22e7-54295ab64bfd" testName="Nzr.ToolBox.Core.Tests.ObjectUtilsTest.IsAllNull_WithAllNull_ShouldReturnTrue" computerName="WORKSTATION" duration="00:00:00.0010000" startTime="2019-11-05T22:49:30.3008437-03:00" endTime="2019-11-05T22:49:30.3008439-03:00" testType="13cdc9d9-ddb5-4fa4-a97d-d965ccfc6d4b" outcome="Passed" testListId="8c84fa94-04c1-424b-9868-57a2d4851a1d" relativeResultsDirectory="707ee3a6-76a9-4128-aa9a-801c18ed2d94" />
    <UnitTestResult executionId="29e83fb5-3af8-42be-ae22-cb7d17ad61cf" testId="b334286c-9c15-1dd5-c77e-1b9fe030040e" testName="Nzr.ToolBox.Core.Tests.StringUtilsTest.IsNotBlank_WithBlankString_ShouldReturnTrue" computerName="WORKSTATION" duration="00:00:00.0010000" startTime="2019-11-05T22:49:29.8068876-03:00" endTime="2019-11-05T22:49:29.8068878-03:00" testType="13cdc9d9-ddb5-4fa4-a97d-d965ccfc6d4b" outcome="Passed" testListId="8c84fa94-04c1-424b-9868-57a2d4851a1d" relativeResultsDirectory="29e83fb5-3af8-42be-ae22-cb7d17ad61cf" />
    <UnitTestResult executionId="29c5376d-d4e9-4a29-9954-6643c546389d" testId="9395d62a-bb73-ed55-16b7-2f3d5b4afa0d" testName="Nzr.ToolBox.Core.Tests.BooleanUtilsTests.Describe_WihNullValueAndWithDefaultNullString_ShouldReturnYes" computerName="WORKSTATION" duration="00:00:00.0010000" startTime="2019-11-05T22:49:29.8028321-03:00" endTime="2019-11-05T22:49:29.8028324-03:00" testType="13cdc9d9-ddb5-4fa4-a97d-d965ccfc6d4b" outcome="Passed" testListId="8c84fa94-04c1-424b-9868-57a2d4851a1d" relativeResultsDirectory="29c5376d-d4e9-4a29-9954-6643c546389d" />
    <UnitTestResult executionId="324e07be-e583-4a04-892d-88819b30172d" testId="ad73f531-a70f-2b35-d829-18840eb4161e" testName="Nzr.ToolBox.Core.Tests.CollectionUtilsTests.ForEach_WithListShouldExecuteAction" computerName="WORKSTATION" duration="00:00:00.0080000" startTime="2019-11-05T22:49:29.8097339-03:00" endTime="2019-11-05T22:49:29.8097341-03:00" testType="13cdc9d9-ddb5-4fa4-a97d-d965ccfc6d4b" outcome="Passed" testListId="8c84fa94-04c1-424b-9868-57a2d4851a1d" relativeResultsDirectory="324e07be-e583-4a04-892d-88819b30172d" />
    <UnitTestResult executionId="4887e180-9dcb-4adc-84a6-1c180085012e" testId="a7cd429d-9ea9-105f-832c-f5c0d894de31" testName="Nzr.ToolBox.Core.Tests.ObjectUtilsTest.IfNotNull_WithNonNullValue_ShouldExecuteNotNullAction" computerName="WORKSTATION" duration="00:00:00.0020000" startTime="2019-11-05T22:49:30.1497335-03:00" endTime="2019-11-05T22:49:30.1497341-03:00" testType="13cdc9d9-ddb5-4fa4-a97d-d965ccfc6d4b" outcome="Passed" testListId="8c84fa94-04c1-424b-9868-57a2d4851a1d" relativeResultsDirectory="4887e180-9dcb-4adc-84a6-1c180085012e" />
    <UnitTestResult executionId="4c6b0fb7-ef4d-41ed-8620-537833c855c6" testId="b389fce4-9131-dbd6-6cb1-9add0a76b08c" testName="Nzr.ToolBox.Core.Tests.StringUtilsTest.DefaultIfBlank_WithNullString_ShouldReturnDefault" computerName="WORKSTATION" duration="00:00:00.0010000" startTime="2019-11-05T22:49:29.8777486-03:00" endTime="2019-11-05T22:49:29.8777488-03:00" testType="13cdc9d9-ddb5-4fa4-a97d-d965ccfc6d4b" outcome="Passed" testListId="8c84fa94-04c1-424b-9868-57a2d4851a1d" relativeResultsDirectory="4c6b0fb7-ef4d-41ed-8620-537833c855c6" />
    <UnitTestResult executionId="607e7614-040b-48bf-9fe2-eacd70fa5d28" testId="9cb43f95-30da-e6bd-d3fb-74053a6f7143" testName="Nzr.ToolBox.Core.Tests.DateTimeUtilsTest.FromEpoch_WithEpoch_ShouldReturnDateTime" computerName="WORKSTATION" duration="00:00:00.0340000" startTime="2019-11-05T22:49:29.7289878-03:00" endTime="2019-11-05T22:49:29.7289881-03:00" testType="13cdc9d9-ddb5-4fa4-a97d-d965ccfc6d4b" outcome="Passed" testListId="8c84fa94-04c1-424b-9868-57a2d4851a1d" relativeResultsDirectory="607e7614-040b-48bf-9fe2-eacd70fa5d28" />
    <UnitTestResult executionId="634cf336-6ec6-4568-bd15-f8c084b83533" testId="b634ef42-9b28-3107-af12-f47c9a5062cb" testName="Nzr.ToolBox.Core.Tests.StringUtilsTest.Suffix_WithExistingSuffixAndOverride_ShouldAddSuffix" computerName="WORKSTATION" duration="00:00:00.0010000" startTime="2019-11-05T22:49:29.8582656-03:00" endTime="2019-11-05T22:49:29.8582659-03:00" testType="13cdc9d9-ddb5-4fa4-a97d-d965ccfc6d4b" outcome="Passed" testListId="8c84fa94-04c1-424b-9868-57a2d4851a1d" relativeResultsDirectory="634cf336-6ec6-4568-bd15-f8c084b83533" />
    <UnitTestResult executionId="8bff00a2-dbec-42a3-99ee-78d5f690831b" testId="31b0f7a4-7814-de1a-ba42-99fccbedaf77" testName="Nzr.ToolBox.Core.Tests.ObjectUtilsTest.IsAllNonNull_WithOneNull_ShouldReturnFalse" computerName="WORKSTATION" duration="00:00:00.0010000" startTime="2019-11-05T22:49:30.1513432-03:00" endTime="2019-11-05T22:49:30.1513437-03:00" testType="13cdc9d9-ddb5-4fa4-a97d-d965ccfc6d4b" outcome="Passed" testListId="8c84fa94-04c1-424b-9868-57a2d4851a1d" relativeResultsDirectory="8bff00a2-dbec-42a3-99ee-78d5f690831b" />
    <UnitTestResult executionId="a7b9f2ad-b6de-4cbe-aaec-80e6f4ecb5bb" testId="621f5184-bf98-2fcc-5c3b-580eeb41f3a6" testName="Nzr.ToolBox.Core.Tests.RandomUtilsTest.RandomShort_ShouldReturnUniqueValues(iterations: 10000, seed: null)" computerName="WORKSTATION" duration="00:00:00.0310000" startTime="2019-11-05T22:49:30.1308966-03:00" endTime="2019-11-05T22:49:30.1308974-03:00" testType="13cdc9d9-ddb5-4fa4-a97d-d965ccfc6d4b" outcome="Passed" testListId="8c84fa94-04c1-424b-9868-57a2d4851a1d" relativeResultsDirectory="a7b9f2ad-b6de-4cbe-aaec-80e6f4ecb5bb" />
    <UnitTestResult executionId="fce1533a-a278-4470-96cd-343974331403" testId="c068e1c4-6913-d79e-f58c-fd0cdae20144" testName="Nzr.ToolBox.Core.Tests.StringUtilsTest.ContainsAny_WithStringNotContainingOneOfSubstring_ShouldReturnFalse" computerName="WORKSTATION" duration="00:00:00.0010000" startTime="2019-11-05T22:49:29.8430168-03:00" endTime="2019-11-05T22:49:29.8430177-03:00" testType="13cdc9d9-ddb5-4fa4-a97d-d965ccfc6d4b" outcome="Passed" testListId="8c84fa94-04c1-424b-9868-57a2d4851a1d" relativeResultsDirectory="fce1533a-a278-4470-96cd-343974331403" />
    <UnitTestResult executionId="bc08ac61-3c5c-4255-a26f-9af0f17dd548" testId="a85f6fed-6f24-b910-6c5f-fe970f162f22" testName="Nzr.ToolBox.Core.Tests.CollectionUtilsTests.ForEach_WithGenericListShouldExecuteAction" computerName="WORKSTATION" duration="00:00:00.0020000" startTime="2019-11-05T22:49:29.8098365-03:00" endTime="2019-11-05T22:49:29.8098367-03:00" testType="13cdc9d9-ddb5-4fa4-a97d-d965ccfc6d4b" outcome="Passed" testListId="8c84fa94-04c1-424b-9868-57a2d4851a1d" relativeResultsDirectory="bc08ac61-3c5c-4255-a26f-9af0f17dd548" />
    <UnitTestResult executionId="2a8a6e5b-f841-4917-825d-b7fb25416a31" testId="13153add-9bc0-f723-33ce-d424523eb081" testName="Nzr.ToolBox.Core.Tests.NumberUtilsTest.ToHexadecimal_WithNumberWithoutPrefix_ShouldReturnBinaryNumbersOnly" computerName="WORKSTATION" duration="00:00:00.0010000" startTime="2019-11-05T22:49:29.7815634-03:00" endTime="2019-11-05T22:49:29.7815637-03:00" testType="13cdc9d9-ddb5-4fa4-a97d-d965ccfc6d4b" outcome="Passed" testListId="8c84fa94-04c1-424b-9868-57a2d4851a1d" relativeResultsDirectory="2a8a6e5b-f841-4917-825d-b7fb25416a31" />
    <UnitTestResult executionId="91be6657-ba70-4ab0-a335-fa22773db4f7" testId="cdc95a43-d3d9-ea09-2bf0-c5d1cc0a2f68" testName="Nzr.ToolBox.Core.Tests.BooleanUtilsTests.IsTrue_WithNullOrFalseValue_ShouldReturnFalse(value: False)" computerName="WORKSTATION" duration="00:00:00.0010000" startTime="2019-11-05T22:49:29.8250930-03:00" endTime="2019-11-05T22:49:29.8250933-03:00" testType="13cdc9d9-ddb5-4fa4-a97d-d965ccfc6d4b" outcome="Passed" testListId="8c84fa94-04c1-424b-9868-57a2d4851a1d" relativeResultsDirectory="91be6657-ba70-4ab0-a335-fa22773db4f7" />
    <UnitTestResult executionId="78f891aa-4909-4ef7-ab0b-fc0c94b99739" testId="dab0ade5-f6da-c40f-8aa3-6cf074bc0e23" testName="Nzr.ToolBox.Core.Tests.RandomUtilsTest.RandomLong_ShouldReturnUniqueValues(iterations: 10000, seed: 1)" computerName="WORKSTATION" duration="00:00:00.0390000" startTime="2019-11-05T22:49:29.9594144-03:00" endTime="2019-11-05T22:49:29.9594155-03:00" testType="13cdc9d9-ddb5-4fa4-a97d-d965ccfc6d4b" outcome="Passed" testListId="8c84fa94-04c1-424b-9868-57a2d4851a1d" relativeResultsDirectory="78f891aa-4909-4ef7-ab0b-fc0c94b99739" />
    <UnitTestResult executionId="8f9eb0b3-8b06-47a4-bf2b-56adc5cfa5e5" testId="e397fe5c-dda2-b97d-97d4-6dd12c3d68a3" testName="Nzr.ToolBox.Core.Tests.StringUtilsTest.GetFirstNonEmpty_WithNonEmptyString_ShouldReturnNonEmptyString" computerName="WORKSTATION" duration="00:00:00.0030000" startTime="2019-11-05T22:49:29.8711176-03:00" endTime="2019-11-05T22:49:29.8711179-03:00" testType="13cdc9d9-ddb5-4fa4-a97d-d965ccfc6d4b" outcome="Passed" testListId="8c84fa94-04c1-424b-9868-57a2d4851a1d" relativeResultsDirectory="8f9eb0b3-8b06-47a4-bf2b-56adc5cfa5e5" />
    <UnitTestResult executionId="45776ee1-1536-4d8a-b1d6-d6872df5f3ab" testId="40b5fac7-b71c-8e77-a229-0b6dd2bc7930" testName="Nzr.ToolBox.Core.Tests.CollectionUtilsTests.ContainsAll_WithGenericEnumerableAndDiffSize_ShouldReturnFalse" computerName="WORKSTATION" duration="00:00:00.0020000" startTime="2019-11-05T22:49:29.8355431-03:00" endTime="2019-11-05T22:49:29.8355434-03:00" testType="13cdc9d9-ddb5-4fa4-a97d-d965ccfc6d4b" outcome="Passed" testListId="8c84fa94-04c1-424b-9868-57a2d4851a1d" relativeResultsDirectory="45776ee1-1536-4d8a-b1d6-d6872df5f3ab" />
    <UnitTestResult executionId="17604e90-64fb-4183-9a4a-f783e6e5ace1" testId="9a91ff0d-5561-cbe9-f49d-60edb014a514" testName="Nzr.ToolBox.Core.Tests.StringUtilsTest.ReplaceNonNumeric_WithNull_ShouldReturnNull" computerName="WORKSTATION" duration="00:00:00.0010000" startTime="2019-11-05T22:49:29.8732442-03:00" endTime="2019-11-05T22:49:29.8732448-03:00" testType="13cdc9d9-ddb5-4fa4-a97d-d965ccfc6d4b" outcome="Passed" testListId="8c84fa94-04c1-424b-9868-57a2d4851a1d" relativeResultsDirectory="17604e90-64fb-4183-9a4a-f783e6e5ace1" />
    <UnitTestResult executionId="b0aae8eb-4185-435a-937d-8258537695eb" testId="a8873542-1747-c963-22ae-667f3818d7ed" testName="Nzr.ToolBox.Core.Tests.CollectionUtilsTests.Add_ShouldAddAllElements" computerName="WORKSTATION" duration="00:00:00.0010000" startTime="2019-11-05T22:49:29.8353300-03:00" endTime="2019-11-05T22:49:29.8353306-03:00" testType="13cdc9d9-ddb5-4fa4-a97d-d965ccfc6d4b" outcome="Passed" testListId="8c84fa94-04c1-424b-9868-57a2d4851a1d" relativeResultsDirectory="b0aae8eb-4185-435a-937d-8258537695eb" />
    <UnitTestResult executionId="10dd6499-4cf4-4abb-93bb-397ed32dce44" testId="67ba80d0-ee46-5ac8-0538-37c6daf3607e" testName="Nzr.ToolBox.Core.Tests.BooleanUtilsTests.ToBool_WithNonPositiveString_ShouldReturnFalse(value: &quot;0&quot;)" computerName="WORKSTATION" duration="00:00:00.0010000" startTime="2019-11-05T22:49:29.7985594-03:00" endTime="2019-11-05T22:49:29.7985597-03:00" testType="13cdc9d9-ddb5-4fa4-a97d-d965ccfc6d4b" outcome="Passed" testListId="8c84fa94-04c1-424b-9868-57a2d4851a1d" relativeResultsDirectory="10dd6499-4cf4-4abb-93bb-397ed32dce44" />
    <UnitTestResult executionId="be4cc468-c98f-4030-94cb-b27543527783" testId="121bf750-8420-13ce-91b1-9fde9bf49fc5" testName="Nzr.ToolBox.Core.Tests.ObjectUtilsTest.AnyNull_WithOneNull_ShouldReturnTrue" computerName="WORKSTATION" duration="00:00:00.0040000" startTime="2019-11-05T22:49:29.7871623-03:00" endTime="2019-11-05T22:49:29.7871626-03:00" testType="13cdc9d9-ddb5-4fa4-a97d-d965ccfc6d4b" outcome="Passed" testListId="8c84fa94-04c1-424b-9868-57a2d4851a1d" relativeResultsDirectory="be4cc468-c98f-4030-94cb-b27543527783" />
    <UnitTestResult executionId="badb0dc6-1ae8-4b05-b168-c1788143b077" testId="f87c411f-32d8-e0c9-1a61-7c5c01be8af6" testName="Nzr.ToolBox.Core.Tests.RandomUtilsTest.RandomShort_ShouldReturnUniqueValues(iterations: 10000, seed: 1)" computerName="WORKSTATION" duration="00:00:00.0450000" startTime="2019-11-05T22:49:30.0996533-03:00" endTime="2019-11-05T22:49:30.0996542-03:00" testType="13cdc9d9-ddb5-4fa4-a97d-d965ccfc6d4b" outcome="Passed" testListId="8c84fa94-04c1-424b-9868-57a2d4851a1d" relativeResultsDirectory="badb0dc6-1ae8-4b05-b168-c1788143b077" />
    <UnitTestResult executionId="57202ff7-7f38-4098-94cd-8219b188520b" testId="da642cc4-82fe-b6d1-55ca-0b6105cd1909" testName="Nzr.ToolBox.Core.Tests.StringUtilsTest.Replace_WithNullString_ShouldReturnDefault" computerName="WORKSTATION" duration="00:00:00.0010000" startTime="2019-11-05T22:49:29.8775397-03:00" endTime="2019-11-05T22:49:29.8775399-03:00" testType="13cdc9d9-ddb5-4fa4-a97d-d965ccfc6d4b" outcome="Passed" testListId="8c84fa94-04c1-424b-9868-57a2d4851a1d" relativeResultsDirectory="57202ff7-7f38-4098-94cd-8219b188520b" />
    <UnitTestResult executionId="daec3814-e455-4db5-b6f1-7f19c69b5729" testId="131c3a52-0a16-0ae5-0512-93dbda72ea85" testName="Nzr.ToolBox.Core.Tests.StringUtilsTest.Remove_WithNonNullString_ShouldRemoveGiveStrings" computerName="WORKSTATION" duration="00:00:00.0010000" startTime="2019-11-05T22:49:29.8532392-03:00" endTime="2019-11-05T22:49:29.8532395-03:00" testType="13cdc9d9-ddb5-4fa4-a97d-d965ccfc6d4b" outcome="Passed" testListId="8c84fa94-04c1-424b-9868-57a2d4851a1d" relativeResultsDirectory="daec3814-e455-4db5-b6f1-7f19c69b5729" />
    <UnitTestResult executionId="b7bcf709-7a1e-4cbc-9e45-384ee347143f" testId="d2556f65-3778-bd58-eecd-ae6ccb2c7885" testName="Nzr.ToolBox.Core.Tests.NumberUtilsTest.Max_ShouldReturnMaxValues" computerName="WORKSTATION" duration="00:00:00.0080000" startTime="2019-11-05T22:49:29.8669964-03:00" endTime="2019-11-05T22:49:29.8669970-03:00" testType="13cdc9d9-ddb5-4fa4-a97d-d965ccfc6d4b" outcome="Passed" testListId="8c84fa94-04c1-424b-9868-57a2d4851a1d" relativeResultsDirectory="b7bcf709-7a1e-4cbc-9e45-384ee347143f" />
    <UnitTestResult executionId="b86168d9-06a6-4a37-8f60-b9dfdc9c976b" testId="236a92cf-3924-1f9e-9e0c-dac1bdd2fdae" testName="Nzr.ToolBox.Core.Tests.StringUtilsTest.ReplaceNonNumeric_WithAlphanumeric_ShouldReturnNumericString" computerName="WORKSTATION" duration="00:00:00.0010000" startTime="2019-11-05T22:49:29.8869741-03:00" endTime="2019-11-05T22:49:29.8869742-03:00" testType="13cdc9d9-ddb5-4fa4-a97d-d965ccfc6d4b" outcome="Passed" testListId="8c84fa94-04c1-424b-9868-57a2d4851a1d" relativeResultsDirectory="b86168d9-06a6-4a37-8f60-b9dfdc9c976b" />
    <UnitTestResult executionId="70670710-b34c-4c37-ab16-4730d3e125fe" testId="ec3e09c5-8729-567e-bf4a-d5990aad45d6" testName="Nzr.ToolBox.Core.Tests.BooleanUtilsTests.ToBool_WithZeroOrNegative_ShouldReturnFalse(b: 0, s: 0, i: 0, l: 0, f: 0, d: 0, m: 0)" computerName="WORKSTATION" duration="00:00:00.0010000" startTime="2019-11-05T22:49:29.7980729-03:00" endTime="2019-11-05T22:49:29.7980731-03:00" testType="13cdc9d9-ddb5-4fa4-a97d-d965ccfc6d4b" outcome="Passed" testListId="8c84fa94-04c1-424b-9868-57a2d4851a1d" relativeResultsDirectory="70670710-b34c-4c37-ab16-4730d3e125fe" />
    <UnitTestResult executionId="0c1667d8-6196-4fe9-879c-94f8577c36f3" testId="a412f5de-b33e-e409-c4ae-50c16bfae988" testName="Nzr.ToolBox.Core.Tests.StringUtilsTest.DefaultIfBlank_WitEmptyString_ShouldReturnDefault" computerName="WORKSTATION" duration="00:00:00.0010000" startTime="2019-11-05T22:49:29.8764828-03:00" endTime="2019-11-05T22:49:29.8764832-03:00" testType="13cdc9d9-ddb5-4fa4-a97d-d965ccfc6d4b" outcome="Passed" testListId="8c84fa94-04c1-424b-9868-57a2d4851a1d" relativeResultsDirectory="0c1667d8-6196-4fe9-879c-94f8577c36f3" />
    <UnitTestResult executionId="159b13f0-47a3-4a39-9131-11e7addf58cf" testId="8d4c2e72-586a-f338-d7f5-e113d3234b28" testName="Nzr.ToolBox.Core.Tests.StringUtilsTest.IsAnyEmpty_WithOneNonEmpty_ShouldReturnTrue" computerName="WORKSTATION" duration="00:00:00.0010000" startTime="2019-11-05T22:49:29.8973674-03:00" endTime="2019-11-05T22:49:29.8973675-03:00" testType="13cdc9d9-ddb5-4fa4-a97d-d965ccfc6d4b" outcome="Passed" testListId="8c84fa94-04c1-424b-9868-57a2d4851a1d" relativeResultsDirectory="159b13f0-47a3-4a39-9131-11e7addf58cf" />
    <UnitTestResult executionId="e5f1d777-4efd-4df5-8d18-4bbd14828d42" testId="625b6eef-9fde-b5ef-1db7-16257d35bad4" testName="Nzr.ToolBox.Core.Tests.StringUtilsTest.RemoveEnd_WithExistingStrings_ShouldReturnCleanedString" computerName="WORKSTATION" duration="00:00:00.0010000" startTime="2019-11-05T22:49:29.8322543-03:00" endTime="2019-11-05T22:49:29.8322546-03:00" testType="13cdc9d9-ddb5-4fa4-a97d-d965ccfc6d4b" outcome="Passed" testListId="8c84fa94-04c1-424b-9868-57a2d4851a1d" relativeResultsDirectory="e5f1d777-4efd-4df5-8d18-4bbd14828d42" />
    <UnitTestResult executionId="3be60f53-3ad1-4c6c-a92b-713afef63f9a" testId="6bf46c1e-b943-b7c7-5a0c-85c17aef903c" testName="Nzr.ToolBox.Core.Tests.ReflectionUtilsTest.GetValue_WithPropertyPathToList_ShouldThrowException" computerName="WORKSTATION" duration="00:00:00.0130000" startTime="2019-11-05T22:49:29.8284918-03:00" endTime="2019-11-05T22:49:29.8284920-03:00" testType="13cdc9d9-ddb5-4fa4-a97d-d965ccfc6d4b" outcome="Passed" testListId="8c84fa94-04c1-424b-9868-57a2d4851a1d" relativeResultsDirectory="3be60f53-3ad1-4c6c-a92b-713afef63f9a" />
    <UnitTestResult executionId="d56cd6a8-4d81-4eea-9073-d0047f642914" testId="fea88c74-eaa4-e751-b2f0-898db2073835" testName="Nzr.ToolBox.Core.Tests.DateTimeUtilsTest.IsSameDay_WithDatesWithoutSameDay_ShouldReturnFalse" computerName="WORKSTATION" duration="00:00:00.0010000" startTime="2019-11-05T22:49:29.8095355-03:00" endTime="2019-11-05T22:49:29.8095360-03:00" testType="13cdc9d9-ddb5-4fa4-a97d-d965ccfc6d4b" outcome="Passed" testListId="8c84fa94-04c1-424b-9868-57a2d4851a1d" relativeResultsDirectory="d56cd6a8-4d81-4eea-9073-d0047f642914" />
    <UnitTestResult executionId="8e6d2250-6f75-43ef-afa1-d5e559e630ce" testId="28e678a0-2d75-ba44-cf85-f12a6e015f2f" testName="Nzr.ToolBox.Core.Tests.BooleanUtilsTests.IsFalse_WithNullOrFalseValue_ShouldReturnTrue(value: False)" computerName="WORKSTATION" duration="00:00:00.0010000" startTime="2019-11-05T22:49:29.7983028-03:00" endTime="2019-11-05T22:49:29.7983033-03:00" testType="13cdc9d9-ddb5-4fa4-a97d-d965ccfc6d4b" outcome="Passed" testListId="8c84fa94-04c1-424b-9868-57a2d4851a1d" relativeResultsDirectory="8e6d2250-6f75-43ef-afa1-d5e559e630ce" />
    <UnitTestResult executionId="85355cf6-2db2-4510-b0ba-7c071e865ad0" testId="4d537f97-5a8f-3fc0-24c7-b07e074344e7" testName="Nzr.ToolBox.Core.Tests.BooleanUtilsTests.ToBool_WithPositiveString_ShouldReturnTrue(value: &quot;Yes&quot;)" computerName="WORKSTATION" duration="00:00:00.0010000" startTime="2019-11-05T22:49:29.7868327-03:00" endTime="2019-11-05T22:49:29.7868330-03:00" testType="13cdc9d9-ddb5-4fa4-a97d-d965ccfc6d4b" outcome="Passed" testListId="8c84fa94-04c1-424b-9868-57a2d4851a1d" relativeResultsDirectory="85355cf6-2db2-4510-b0ba-7c071e865ad0" />
    <UnitTestResult executionId="f30587e1-e55a-4177-837b-7df70226c944" testId="d1e50dfe-89f9-2e1e-ee5f-3ce8755a7d24" testName="Nzr.ToolBox.Core.Tests.RandomUtilsTest.RandomInt_ShouldReturnUniqueValues(iterations: 10000, seed: null)" computerName="WORKSTATION" duration="00:00:00.0250000" startTime="2019-11-05T22:49:30.3399820-03:00" endTime="2019-11-05T22:49:30.3399828-03:00" testType="13cdc9d9-ddb5-4fa4-a97d-d965ccfc6d4b" outcome="Passed" testListId="8c84fa94-04c1-424b-9868-57a2d4851a1d" relativeResultsDirectory="f30587e1-e55a-4177-837b-7df70226c944" />
    <UnitTestResult executionId="6fb8d86c-0e38-4372-ae79-3ad6b5a917f8" testId="61955263-2d18-b04f-1074-d886d947e055" testName="Nzr.ToolBox.Core.Tests.BooleanUtilsTests.ToBool_WithNonPositiveString_ShouldReturnFalse(value: &quot;Não&quot;)" computerName="WORKSTATION" duration="00:00:00.0010000" startTime="2019-11-05T22:49:29.7988583-03:00" endTime="2019-11-05T22:49:29.7988586-03:00" testType="13cdc9d9-ddb5-4fa4-a97d-d965ccfc6d4b" outcome="Passed" testListId="8c84fa94-04c1-424b-9868-57a2d4851a1d" relativeResultsDirectory="6fb8d86c-0e38-4372-ae79-3ad6b5a917f8" />
    <UnitTestResult executionId="cd1fce49-b9cd-4daf-a636-87ec0c187310" testId="82fbae66-d014-68f8-a29c-7a33350f0be4" testName="Nzr.ToolBox.Core.Tests.CollectionUtilsTests.IndexOf_WithExistingItem_ShouldReturnIndex" computerName="WORKSTATION" duration="00:00:00.0020000" startTime="2019-11-05T22:49:29.8174883-03:00" endTime="2019-11-05T22:49:29.8174885-03:00" testType="13cdc9d9-ddb5-4fa4-a97d-d965ccfc6d4b" outcome="Passed" testListId="8c84fa94-04c1-424b-9868-57a2d4851a1d" relativeResultsDirectory="cd1fce49-b9cd-4daf-a636-87ec0c187310" />
    <UnitTestResult executionId="8c70ca33-17e6-4385-a2c7-67869f0c16b8" testId="13760aec-c151-d4f0-b168-bf9cab7e1792" testName="Nzr.ToolBox.Core.Tests.StringUtilsTest.DescribeIfNone_WithEmpty_ShouldReturnEmptyString" computerName="WORKSTATION" duration="00:00:00.0010000" startTime="2019-11-05T22:49:29.8678107-03:00" endTime="2019-11-05T22:49:29.8678110-03:00" testType="13cdc9d9-ddb5-4fa4-a97d-d965ccfc6d4b" outcome="Passed" testListId="8c84fa94-04c1-424b-9868-57a2d4851a1d" relativeResultsDirectory="8c70ca33-17e6-4385-a2c7-67869f0c16b8" />
    <UnitTestResult executionId="a59b8f6a-bd4a-476d-a707-4a4e401e839a" testId="4fc60e12-0185-2c5a-0a5f-4321c6a89099" testName="Nzr.ToolBox.Core.Tests.StringUtilsTest.IsAllEmpty_WithNullOrEmptyStrings_ShouldReturnTrue" computerName="WORKSTATION" duration="00:00:00.0010000" startTime="2019-11-05T22:49:29.8779620-03:00" endTime="2019-11-05T22:49:29.8779622-03:00" testType="13cdc9d9-ddb5-4fa4-a97d-d965ccfc6d4b" outcome="Passed" testListId="8c84fa94-04c1-424b-9868-57a2d4851a1d" relativeResultsDirectory="a59b8f6a-bd4a-476d-a707-4a4e401e839a" />
    <UnitTestResult executionId="9c0044a1-c3b5-4388-a608-41f83273d427" testId="349b454a-4a6b-82e1-71a0-9c64f08b3642" testName="Nzr.ToolBox.Core.Tests.ObjectUtilsTest.IfNull_WithNotNullValue_ShouldExecuteNotNullAction" computerName="WORKSTATION" duration="00:00:00.0020000" startTime="2019-11-05T22:49:30.1542010-03:00" endTime="2019-11-05T22:49:30.1542019-03:00" testType="13cdc9d9-ddb5-4fa4-a97d-d965ccfc6d4b" outcome="Passed" testListId="8c84fa94-04c1-424b-9868-57a2d4851a1d" relativeResultsDirectory="9c0044a1-c3b5-4388-a608-41f83273d427" />
    <UnitTestResult executionId="7e52d6b1-cbb5-4ef6-9012-58a47c4696db" testId="efac6178-2331-78d0-58dd-df1f5a698301" testName="Nzr.ToolBox.Core.Tests.RandomUtilsTest.RandomByte_ShouldReturnUniqueValues(iterations: 255, seed: null)" computerName="WORKSTATION" duration="00:00:00.0400000" startTime="2019-11-05T22:49:29.7289209-03:00" endTime="2019-11-05T22:49:29.7289217-03:00" testType="13cdc9d9-ddb5-4fa4-a97d-d965ccfc6d4b" outcome="Passed" testListId="8c84fa94-04c1-424b-9868-57a2d4851a1d" relativeResultsDirectory="7e52d6b1-cbb5-4ef6-9012-58a47c4696db" />
    <UnitTestResult executionId="59ef9b81-68ae-484f-93da-04c34284a0f4" testId="c4344ebc-44df-a5d3-990c-fd3ab1fb80b1" testName="Nzr.ToolBox.Core.Tests.NumberUtilsTest.ToBinary_WithNumberWithPrefix_ShouldReturnBinaryWithPrefix" computerName="WORKSTATION" duration="00:00:00.0010000" startTime="2019-11-05T22:49:29.8538292-03:00" endTime="2019-11-05T22:49:29.8538295-03:00" testType="13cdc9d9-ddb5-4fa4-a97d-d965ccfc6d4b" outcome="Passed" testListId="8c84fa94-04c1-424b-9868-57a2d4851a1d" relativeResultsDirectory="59ef9b81-68ae-484f-93da-04c34284a0f4" />
    <UnitTestResult executionId="6d09d37d-016a-433c-bd31-8739b1e72b55" testId="5696e255-6884-a5ec-7659-9a5e21d95d2f" testName="Nzr.ToolBox.Core.Tests.DateTimeUtilsTest.Equals_WithMillisOfDiffAndNoTolerance_ShouldReturnFalse" computerName="WORKSTATION" duration="00:00:00.0010000" startTime="2019-11-05T22:49:29.8096563-03:00" endTime="2019-11-05T22:49:29.8096565-03:00" testType="13cdc9d9-ddb5-4fa4-a97d-d965ccfc6d4b" outcome="Passed" testListId="8c84fa94-04c1-424b-9868-57a2d4851a1d" relativeResultsDirectory="6d09d37d-016a-433c-bd31-8739b1e72b55" />
    <UnitTestResult executionId="f9c0440d-7188-447d-93ea-da32189c304c" testId="8735994f-5f9e-38e3-dd8d-e45cd5a00faf" testName="Nzr.ToolBox.Core.Tests.CollectionUtilsTests.IsEmpty_WithNonEmpty_ShouldReturnFalse" computerName="WORKSTATION" duration="00:00:00.0010000" startTime="2019-11-05T22:49:29.8025207-03:00" endTime="2019-11-05T22:49:29.8025209-03:00" testType="13cdc9d9-ddb5-4fa4-a97d-d965ccfc6d4b" outcome="Passed" testListId="8c84fa94-04c1-424b-9868-57a2d4851a1d" relativeResultsDirectory="f9c0440d-7188-447d-93ea-da32189c304c" />
    <UnitTestResult executionId="abf3e5a7-eae9-45bf-a2c1-76efc3daff45" testId="8b06dbf8-2d8a-5226-9011-d08c484cab2f" testName="Nzr.ToolBox.Core.Tests.CollectionUtilsTests.IsEmpty_WithEmpty_ShouldReturnTrue" computerName="WORKSTATION" duration="00:00:00.0010000" startTime="2019-11-05T22:49:29.8177558-03:00" endTime="2019-11-05T22:49:29.8177561-03:00" testType="13cdc9d9-ddb5-4fa4-a97d-d965ccfc6d4b" outcome="Passed" testListId="8c84fa94-04c1-424b-9868-57a2d4851a1d" relativeResultsDirectory="abf3e5a7-eae9-45bf-a2c1-76efc3daff45" />
    <UnitTestResult executionId="cd014605-7e67-4801-8837-6dd4a08278db" testId="ef3db43b-1e0a-f198-9720-31d80f533fc8" testName="Nzr.ToolBox.Core.Tests.ObjectUtilsTest.FirstNonNull_WithAnyNonNull_ShouldReturnFirstNonNull" computerName="WORKSTATION" duration="00:00:00.0330000" startTime="2019-11-05T22:49:29.7290474-03:00" endTime="2019-11-05T22:49:29.7290476-03:00" testType="13cdc9d9-ddb5-4fa4-a97d-d965ccfc6d4b" outcome="Passed" testListId="8c84fa94-04c1-424b-9868-57a2d4851a1d" relativeResultsDirectory="cd014605-7e67-4801-8837-6dd4a08278db" />
    <UnitTestResult executionId="7b38ab52-d2a7-4303-b760-e803f1bc4af0" testId="7f60703b-ccac-d67a-af2c-d0f5218965ff" testName="Nzr.ToolBox.Core.Tests.BooleanUtilsTests.ToBool_WithPositiveString_ShouldReturnTrue(value: &quot;Sim&quot;)" computerName="WORKSTATION" duration="00:00:00.0010000" startTime="2019-11-05T22:49:29.7818636-03:00" endTime="2019-11-05T22:49:29.7818639-03:00" testType="13cdc9d9-ddb5-4fa4-a97d-d965ccfc6d4b" outcome="Passed" testListId="8c84fa94-04c1-424b-9868-57a2d4851a1d" relativeResultsDirectory="7b38ab52-d2a7-4303-b760-e803f1bc4af0" />
    <UnitTestResult executionId="674955e8-b2a8-4135-b2eb-0803f02f0e85" testId="6fbbc600-2200-4b3a-d83e-2d0b6029d73a" testName="Nzr.ToolBox.Core.Tests.StringUtilsTest.GetFirstNonEmpty_WithOnlyEmptyString_ShouldReturnNull" computerName="WORKSTATION" duration="00:00:00.0010000" startTime="2019-11-05T22:49:29.8951055-03:00" endTime="2019-11-05T22:49:29.8951056-03:00" testType="13cdc9d9-ddb5-4fa4-a97d-d965ccfc6d4b" outcome="Passed" testListId="8c84fa94-04c1-424b-9868-57a2d4851a1d" relativeResultsDirectory="674955e8-b2a8-4135-b2eb-0803f02f0e85" />
    <UnitTestResult executionId="5e0417ee-d33c-4c71-8df7-d03ce2fa0e1d" testId="16b669e8-8590-1a4a-5e26-b385242802e4" testName="Nzr.ToolBox.Core.Tests.RandomUtilsTest.RandomBoolean_ShouldReturnUniqueValues(iterations: 10000, seed: 1)" computerName="WORKSTATION" duration="00:00:00.0600000" startTime="2019-11-05T22:49:29.8536015-03:00" endTime="2019-11-05T22:49:29.8536018-03:00" testType="13cdc9d9-ddb5-4fa4-a97d-d965ccfc6d4b" outcome="Passed" testListId="8c84fa94-04c1-424b-9868-57a2d4851a1d" relativeResultsDirectory="5e0417ee-d33c-4c71-8df7-d03ce2fa0e1d" />
    <UnitTestResult executionId="13dd1e4b-6b76-4766-9208-f25c5056cde7" testId="21d2f5b5-8824-b5dc-5b55-bc862d5c638c" testName="Nzr.ToolBox.Core.Tests.CollectionUtilsTests.ForEach_WithGenericList_ShouldExecuteFunction" computerName="WORKSTATION" duration="00:00:00.0020000" startTime="2019-11-05T22:49:29.8287241-03:00" endTime="2019-11-05T22:49:29.8287244-03:00" testType="13cdc9d9-ddb5-4fa4-a97d-d965ccfc6d4b" outcome="Passed" testListId="8c84fa94-04c1-424b-9868-57a2d4851a1d" relativeResultsDirectory="13dd1e4b-6b76-4766-9208-f25c5056cde7" />
    <UnitTestResult executionId="d0085ab5-100c-4564-9b66-9d75e91dd91d" testId="3c116de1-cd29-a2eb-b3ef-190f69cec8ec" testName="Nzr.ToolBox.Core.Tests.StringUtilsTest.IsBlank_WithEmptyString_ShouldReturnTrue" computerName="WORKSTATION" duration="00:00:00.0010000" startTime="2019-11-05T22:49:29.8837741-03:00" endTime="2019-11-05T22:49:29.8837743-03:00" testType="13cdc9d9-ddb5-4fa4-a97d-d965ccfc6d4b" outcome="Passed" testListId="8c84fa94-04c1-424b-9868-57a2d4851a1d" relativeResultsDirectory="d0085ab5-100c-4564-9b66-9d75e91dd91d" />
    <UnitTestResult executionId="72d33685-1b3d-4ec4-9ef0-0250555f3779" testId="456e732c-388b-f135-86e0-02f4f82041c1" testName="Nzr.ToolBox.Core.Tests.StringUtilsTest.ContainsNone_WithOrdinalIgnoreCaseStringNotContainingOneOfSubstring_ShouldReturnTrue" computerName="WORKSTATION" duration="00:00:00.0010000" startTime="2019-11-05T22:49:29.8738186-03:00" endTime="2019-11-05T22:49:29.8738186-03:00" testType="13cdc9d9-ddb5-4fa4-a97d-d965ccfc6d4b" outcome="Passed" testListId="8c84fa94-04c1-424b-9868-57a2d4851a1d" relativeResultsDirectory="72d33685-1b3d-4ec4-9ef0-0250555f3779" />
    <UnitTestResult executionId="b038e1d2-4df5-4bcd-801d-560a53480389" testId="86f11f10-11c9-c8c1-f01b-fcc3e3965aaf" testName="Nzr.ToolBox.Core.Tests.CollectionUtilsTests.EmptyIfNull_WithNullEnumerable_ShouldNewEnumerable" computerName="WORKSTATION" duration="00:00:00.0020000" startTime="2019-11-05T22:49:29.8444861-03:00" endTime="2019-11-05T22:49:29.8444866-03:00" testType="13cdc9d9-ddb5-4fa4-a97d-d965ccfc6d4b" outcome="Passed" testListId="8c84fa94-04c1-424b-9868-57a2d4851a1d" relativeResultsDirectory="b038e1d2-4df5-4bcd-801d-560a53480389" />
    <UnitTestResult executionId="69ea2134-8fc6-434f-8f6a-acfa4cf149b1" testId="de25e89d-7e39-180e-63d8-8a6c03a05fc0" testName="Nzr.ToolBox.Core.Tests.StringUtilsTest.Append_WithString_ShouldReturnStringWithAppendedValues" computerName="WORKSTATION" duration="00:00:00.0010000" startTime="2019-11-05T22:49:29.8584900-03:00" endTime="2019-11-05T22:49:29.8584902-03:00" testType="13cdc9d9-ddb5-4fa4-a97d-d965ccfc6d4b" outcome="Passed" testListId="8c84fa94-04c1-424b-9868-57a2d4851a1d" relativeResultsDirectory="69ea2134-8fc6-434f-8f6a-acfa4cf149b1" />
    <UnitTestResult executionId="f0cc9434-ad55-484e-8ba2-0852ca45784e" testId="0f07da2a-afe3-eb2a-982c-c9250d4e2995" testName="Nzr.ToolBox.Core.Tests.RandomUtilsTest.RandomString_WithSymbolsOnly_ShouldReturnSymbolOnlyString" computerName="WORKSTATION" duration="00:00:00.0010000" startTime="2019-11-05T22:49:30.2687222-03:00" endTime="2019-11-05T22:49:30.2687228-03:00" testType="13cdc9d9-ddb5-4fa4-a97d-d965ccfc6d4b" outcome="Passed" testListId="8c84fa94-04c1-424b-9868-57a2d4851a1d" relativeResultsDirectory="f0cc9434-ad55-484e-8ba2-0852ca45784e" />
    <UnitTestResult executionId="ff7561b1-c83d-496e-95ba-37b42c031e18" testId="38aa400d-53ce-7d63-25db-acb1a6beac35" testName="Nzr.ToolBox.Core.Tests.StringUtilsTest.DescribeIfNone_WithBlank_ShouldReturnBlankString" computerName="WORKSTATION" duration="00:00:00.0010000" startTime="2019-11-05T22:49:29.8974920-03:00" endTime="2019-11-05T22:49:29.8974921-03:00" testType="13cdc9d9-ddb5-4fa4-a97d-d965ccfc6d4b" outcome="Passed" testListId="8c84fa94-04c1-424b-9868-57a2d4851a1d" relativeResultsDirectory="ff7561b1-c83d-496e-95ba-37b42c031e18" />
    <UnitTestResult executionId="d8ee2c15-189b-4a7d-a0b1-dfbc8286c761" testId="4e7127f8-744d-1e07-a920-a821e9fe9f93" testName="Nzr.ToolBox.Core.Tests.CollectionUtilsTests.ContainsAll_WithEnumerableAndSameElements_ShouldReturnTrue" computerName="WORKSTATION" duration="00:00:00.0020000" startTime="2019-11-05T22:49:29.8433991-03:00" endTime="2019-11-05T22:49:29.8433995-03:00" testType="13cdc9d9-ddb5-4fa4-a97d-d965ccfc6d4b" outcome="Passed" testListId="8c84fa94-04c1-424b-9868-57a2d4851a1d" relativeResultsDirectory="d8ee2c15-189b-4a7d-a0b1-dfbc8286c761" />
    <UnitTestResult executionId="5fab9690-458f-4ca3-90db-9ac696369989" testId="a9c9a902-559f-8aa4-faab-16816a4be232" testName="Nzr.ToolBox.Core.Tests.ObjectUtilsTest.IfNotNull_WithNonNullValue_ShouldNotThrowException" computerName="WORKSTATION" duration="00:00:00.0080000" startTime="2019-11-05T22:49:30.1414245-03:00" endTime="2019-11-05T22:49:30.1414251-03:00" testType="13cdc9d9-ddb5-4fa4-a97d-d965ccfc6d4b" outcome="Passed" testListId="8c84fa94-04c1-424b-9868-57a2d4851a1d" relativeResultsDirectory="5fab9690-458f-4ca3-90db-9ac696369989" />
    <UnitTestResult executionId="41df78c0-6a61-4e5d-bffa-c96856699b20" testId="85b4abf3-134f-3845-e5fb-2d701e34abae" testName="Nzr.ToolBox.Core.Tests.StringUtilsTest.GetFirstNonBlank_WithNonBlankString_ShouldReturnNonBlankString" computerName="WORKSTATION" duration="00:00:00.0010000" startTime="2019-11-05T22:49:29.8132476-03:00" endTime="2019-11-05T22:49:29.8132478-03:00" testType="13cdc9d9-ddb5-4fa4-a97d-d965ccfc6d4b" outcome="Passed" testListId="8c84fa94-04c1-424b-9868-57a2d4851a1d" relativeResultsDirectory="41df78c0-6a61-4e5d-bffa-c96856699b20" />
    <UnitTestResult executionId="94e472dc-9e8d-43eb-bdae-1af09defb5e1" testId="2c201a1d-9f85-d5be-eef4-f589b3eee5e9" testName="Nzr.ToolBox.Core.Tests.ObjectUtilsTest.ToDynamic_WithEntity_ShouldReturnDynamic" computerName="WORKSTATION" duration="00:00:00.1420000" startTime="2019-11-05T22:49:30.2979629-03:00" endTime="2019-11-05T22:49:30.2979636-03:00" testType="13cdc9d9-ddb5-4fa4-a97d-d965ccfc6d4b" outcome="Passed" testListId="8c84fa94-04c1-424b-9868-57a2d4851a1d" relativeResultsDirectory="94e472dc-9e8d-43eb-bdae-1af09defb5e1" />
    <UnitTestResult executionId="03aa58df-8965-422d-8a01-527538e602b7" testId="222f7168-7e34-cd8e-2834-adc8122c855d" testName="Nzr.ToolBox.Core.Tests.CollectionUtilsTests.IsNotEmpty_WithNonEmpty_ShouldReturnTrue" computerName="WORKSTATION" duration="00:00:00.0010000" startTime="2019-11-05T22:49:29.8133575-03:00" endTime="2019-11-05T22:49:29.8133577-03:00" testType="13cdc9d9-ddb5-4fa4-a97d-d965ccfc6d4b" outcome="Passed" testListId="8c84fa94-04c1-424b-9868-57a2d4851a1d" relativeResultsDirectory="03aa58df-8965-422d-8a01-527538e602b7" />
    <UnitTestResult executionId="d38ca9b6-3f92-4fe0-9af9-b8a2a7af7942" testId="b39dab9a-0d55-2e3f-5d47-ce0f5ed831f6" testName="Nzr.ToolBox.Core.Tests.ReflectionUtilsTest.ExecuteForEachProperty_ShouldExecuteAction" computerName="WORKSTATION" duration="00:00:00.0070000" startTime="2019-11-05T22:49:29.8431531-03:00" endTime="2019-11-05T22:49:29.8431534-03:00" testType="13cdc9d9-ddb5-4fa4-a97d-d965ccfc6d4b" outcome="Passed" testListId="8c84fa94-04c1-424b-9868-57a2d4851a1d" relativeResultsDirectory="d38ca9b6-3f92-4fe0-9af9-b8a2a7af7942" />
    <UnitTestResult executionId="f5b86bd8-3144-46c1-a245-c594185595fc" testId="d6c18a40-784b-6849-0320-923e0a1eba0e" testName="Nzr.ToolBox.Core.Tests.CollectionUtilsTests.IsEmpty_WithNull_ShouldReturnTrue" computerName="WORKSTATION" duration="00:00:00.0010000" startTime="2019-11-05T22:49:29.8027259-03:00" endTime="2019-11-05T22:49:29.8027262-03:00" testType="13cdc9d9-ddb5-4fa4-a97d-d965ccfc6d4b" outcome="Passed" testListId="8c84fa94-04c1-424b-9868-57a2d4851a1d" relativeResultsDirectory="f5b86bd8-3144-46c1-a245-c594185595fc" />
    <UnitTestResult executionId="35af9891-3f3c-4ed8-9baa-9d60629ae76e" testId="5242f9b9-ee1f-923c-f0c3-d5fb3e0359c6" testName="Nzr.ToolBox.Core.Tests.StringUtilsTest.IsNumber_WithNumeric_ShouldReturnTrue" computerName="WORKSTATION" duration="00:00:00.0010000" startTime="2019-11-05T22:49:29.8676908-03:00" endTime="2019-11-05T22:49:29.8676910-03:00" testType="13cdc9d9-ddb5-4fa4-a97d-d965ccfc6d4b" outcome="Passed" testListId="8c84fa94-04c1-424b-9868-57a2d4851a1d" relativeResultsDirectory="35af9891-3f3c-4ed8-9baa-9d60629ae76e" />
    <UnitTestResult executionId="0ca30c84-6d14-4d3a-80f1-68c6b7a18c2b" testId="9dc87ca8-7c89-25db-241a-e9ae33f8a42e" testName="Nzr.ToolBox.Core.Tests.StringUtilsTest.Truncate_WithStringShorterThanLimit_ShouldReturnString" computerName="WORKSTATION" duration="00:00:00.0010000" startTime="2019-11-05T22:49:29.8776447-03:00" endTime="2019-11-05T22:49:29.8776449-03:00" testType="13cdc9d9-ddb5-4fa4-a97d-d965ccfc6d4b" outcome="Passed" testListId="8c84fa94-04c1-424b-9868-57a2d4851a1d" relativeResultsDirectory="0ca30c84-6d14-4d3a-80f1-68c6b7a18c2b" />
    <UnitTestResult executionId="476b9e77-b9bf-4e40-83bc-1e163db668ef" testId="23dfed38-6ff8-abe4-082e-3fdb4476dc12" testName="Nzr.ToolBox.Core.Tests.StringUtilsTest.RemoveDiacritics_WithNull_ShouldReturnNull" computerName="WORKSTATION" duration="00:00:00.0010000" startTime="2019-11-05T22:49:29.8952470-03:00" endTime="2019-11-05T22:49:29.8952472-03:00" testType="13cdc9d9-ddb5-4fa4-a97d-d965ccfc6d4b" outcome="Passed" testListId="8c84fa94-04c1-424b-9868-57a2d4851a1d" relativeResultsDirectory="476b9e77-b9bf-4e40-83bc-1e163db668ef" />
    <UnitTestResult executionId="1bc6f2de-9c05-4af0-b815-dd2019dd37ee" testId="ea5fb2b5-6f99-ce02-6e35-cef974ce163a" testName="Nzr.ToolBox.Core.Tests.StringUtilsTest.ContainsAny_WithOrdinalIgnoreCaseStringNotContainingOneOfSubstring_ShouldReturnFalse" computerName="WORKSTATION" duration="00:00:00.0010000" startTime="2019-11-05T22:49:29.8713645-03:00" endTime="2019-11-05T22:49:29.8713648-03:00" testType="13cdc9d9-ddb5-4fa4-a97d-d965ccfc6d4b" outcome="Passed" testListId="8c84fa94-04c1-424b-9868-57a2d4851a1d" relativeResultsDirectory="1bc6f2de-9c05-4af0-b815-dd2019dd37ee" />
    <UnitTestResult executionId="7bcd206d-9c92-4099-b0e0-7dd42bbb7a56" testId="b292ce2e-5824-fb2a-2909-216dafdf7687" testName="Nzr.ToolBox.Core.Tests.StringUtilsTest.IsNotBlank_WithEmptyString_ShouldReturnFalse" computerName="WORKSTATION" duration="00:00:00.0010000" startTime="2019-11-05T22:49:29.8774242-03:00" endTime="2019-11-05T22:49:29.8774244-03:00" testType="13cdc9d9-ddb5-4fa4-a97d-d965ccfc6d4b" outcome="Passed" testListId="8c84fa94-04c1-424b-9868-57a2d4851a1d" relativeResultsDirectory="7bcd206d-9c92-4099-b0e0-7dd42bbb7a56" />
    <UnitTestResult executionId="fa1f0662-514d-4584-9b62-5c78ccb00f7d" testId="39856355-a5fb-aec1-b06d-ff7431c95990" testName="Nzr.ToolBox.Core.Tests.StringUtilsTest.IsNotEmpty_WithNullString_ShouldReturnFalse" computerName="WORKSTATION" duration="00:00:00.0010000" startTime="2019-11-05T22:49:29.8317724-03:00" endTime="2019-11-05T22:49:29.8317729-03:00" testType="13cdc9d9-ddb5-4fa4-a97d-d965ccfc6d4b" outcome="Passed" testListId="8c84fa94-04c1-424b-9868-57a2d4851a1d" relativeResultsDirectory="fa1f0662-514d-4584-9b62-5c78ccb00f7d" />
    <UnitTestResult executionId="da58bb9f-9030-4db3-b57f-5a846fa09905" testId="dc5791cb-7903-211e-65c9-770b2ab7868e" testName="Nzr.ToolBox.Core.Tests.ObjectUtilsTest.IfNotNull_WithNullValue_ShouldThrowException" computerName="WORKSTATION" duration="00:00:00.0030000" startTime="2019-11-05T22:49:30.1440237-03:00" endTime="2019-11-05T22:49:30.1440242-03:00" testType="13cdc9d9-ddb5-4fa4-a97d-d965ccfc6d4b" outcome="Passed" testListId="8c84fa94-04c1-424b-9868-57a2d4851a1d" relativeResultsDirectory="da58bb9f-9030-4db3-b57f-5a846fa09905" />
    <UnitTestResult executionId="45619734-7371-4b36-ba64-374972fd769c" testId="7e9381b8-1011-a83d-71c0-1a4700f44a6a" testName="Nzr.ToolBox.Core.Tests.RandomUtilsTest.RandomLong_ShouldReturnUniqueValues(iterations: 10000, seed: null)" computerName="WORKSTATION" duration="00:00:00.0360000" startTime="2019-11-05T22:49:29.9201098-03:00" endTime="2019-11-05T22:49:29.9201107-03:00" testType="13cdc9d9-ddb5-4fa4-a97d-d965ccfc6d4b" outcome="Passed" testListId="8c84fa94-04c1-424b-9868-57a2d4851a1d" relativeResultsDirectory="45619734-7371-4b36-ba64-374972fd769c" />
    <UnitTestResult executionId="470edc29-98cc-48a0-ba5a-994fc4701d1b" testId="3c08c190-08d7-dfc9-ae9e-484d70f645bc" testName="Nzr.ToolBox.Core.Tests.BooleanUtilsTests.IsFalse_WithTrueValue_ShouldReturnFalse" computerName="WORKSTATION" duration="00:00:00.0010000" startTime="2019-11-05T22:49:29.8246557-03:00" endTime="2019-11-05T22:49:29.8246559-03:00" testType="13cdc9d9-ddb5-4fa4-a97d-d965ccfc6d4b" outcome="Passed" testListId="8c84fa94-04c1-424b-9868-57a2d4851a1d" relativeResultsDirectory="470edc29-98cc-48a0-ba5a-994fc4701d1b" />
    <UnitTestResult executionId="6238511f-6987-4b41-a736-8f441b9cd2a7" testId="48caecef-a5fa-613e-d718-f1276bb5ba57" testName="Nzr.ToolBox.Core.Tests.BooleanUtilsTests.ToBool_WithPositiveString_ShouldReturnTrue(value: &quot;Ja&quot;)" computerName="WORKSTATION" duration="00:00:00.0010000" startTime="2019-11-05T22:49:29.7861512-03:00" endTime="2019-11-05T22:49:29.7861518-03:00" testType="13cdc9d9-ddb5-4fa4-a97d-d965ccfc6d4b" outcome="Passed" testListId="8c84fa94-04c1-424b-9868-57a2d4851a1d" relativeResultsDirectory="6238511f-6987-4b41-a736-8f441b9cd2a7" />
    <UnitTestResult executionId="7b8bae5c-2079-47d4-992e-cbfcd4ade82b" testId="eacb19b9-5be6-0659-6867-c371141d3e61" testName="Nzr.ToolBox.Core.Tests.StringUtilsTest.ContainsAll_WithStringNotContainigAllSubstrings_ShouldReturnFalse" computerName="WORKSTATION" duration="00:00:00.0060000" startTime="2019-11-05T22:49:29.8581423-03:00" endTime="2019-11-05T22:49:29.8581428-03:00" testType="13cdc9d9-ddb5-4fa4-a97d-d965ccfc6d4b" outcome="Passed" testListId="8c84fa94-04c1-424b-9868-57a2d4851a1d" relativeResultsDirectory="7b8bae5c-2079-47d4-992e-cbfcd4ade82b" />
    <UnitTestResult executionId="df87d08b-7410-4a7d-8b05-b55a43f5c063" testId="5475939c-162d-472f-4c01-bad02aed5235" testName="Nzr.ToolBox.Core.Tests.ObjectUtilsTest.AnyNonNull_WithOneNonNull_ShouldReturnTrue" computerName="WORKSTATION" duration="00:00:00.0010000" startTime="2019-11-05T22:49:29.7873096-03:00" endTime="2019-11-05T22:49:29.7873098-03:00" testType="13cdc9d9-ddb5-4fa4-a97d-d965ccfc6d4b" outcome="Passed" testListId="8c84fa94-04c1-424b-9868-57a2d4851a1d" relativeResultsDirectory="df87d08b-7410-4a7d-8b05-b55a43f5c063" />
    <UnitTestResult executionId="e9dfeafd-93f3-4857-8088-471d3ec011c2" testId="b89dea80-2b79-97b6-0fdd-76dc58be24ef" testName="Nzr.ToolBox.Core.Tests.StringUtilsTest.DescribeIfNone_WithNull_ShouldReturnNullString" computerName="WORKSTATION" duration="00:00:00.0010000" startTime="2019-11-05T22:49:29.8833079-03:00" endTime="2019-11-05T22:49:29.8833081-03:00" testType="13cdc9d9-ddb5-4fa4-a97d-d965ccfc6d4b" outcome="Passed" testListId="8c84fa94-04c1-424b-9868-57a2d4851a1d" relativeResultsDirectory="e9dfeafd-93f3-4857-8088-471d3ec011c2" />
    <UnitTestResult executionId="67abdcb7-794e-4c3a-86fd-6ba376329d9a" testId="045fcd17-dfed-1627-66be-e391ac5023f4" testName="Nzr.ToolBox.Core.Tests.StringUtilsTest.Truncate_WithNull_ShouldReturnNull" computerName="WORKSTATION" duration="00:00:00.0010000" startTime="2019-11-05T22:49:29.8530155-03:00" endTime="2019-11-05T22:49:29.8530161-03:00" testType="13cdc9d9-ddb5-4fa4-a97d-d965ccfc6d4b" outcome="Passed" testListId="8c84fa94-04c1-424b-9868-57a2d4851a1d" relativeResultsDirectory="67abdcb7-794e-4c3a-86fd-6ba376329d9a" />
    <UnitTestResult executionId="a3926bf2-5f05-4cef-b907-53e7000eb4e4" testId="0774dc1e-52ca-a68f-3053-17aa689d2f19" testName="Nzr.ToolBox.Core.Tests.RandomUtilsTest.RandomDouble_ShouldReturnUniqueValues(iterations: 10000, seed: 1)" computerName="WORKSTATION" duration="00:00:00.0470000" startTime="2019-11-05T22:49:29.8975779-03:00" endTime="2019-11-05T22:49:29.8975780-03:00" testType="13cdc9d9-ddb5-4fa4-a97d-d965ccfc6d4b" outcome="Passed" testListId="8c84fa94-04c1-424b-9868-57a2d4851a1d" relativeResultsDirectory="a3926bf2-5f05-4cef-b907-53e7000eb4e4" />
    <UnitTestResult executionId="6a33eba8-3f19-4781-aefc-9ae458d36a0a" testId="aa3a386d-4e0e-5a63-1b9c-2e9bdb13caac" testName="Nzr.ToolBox.Core.Tests.StringUtilsTest.ContainsAny_WithStringContainingOneOfSubstring_ShouldReturnTrue" computerName="WORKSTATION" duration="00:00:00.0040000" startTime="2019-11-05T22:49:29.8356492-03:00" endTime="2019-11-05T22:49:29.8356494-03:00" testType="13cdc9d9-ddb5-4fa4-a97d-d965ccfc6d4b" outcome="Passed" testListId="8c84fa94-04c1-424b-9868-57a2d4851a1d" relativeResultsDirectory="6a33eba8-3f19-4781-aefc-9ae458d36a0a" />
    <UnitTestResult executionId="b4e7960f-8dee-4b70-850e-1d0ca119f8c5" testId="16e225c7-ff41-4d1e-ea8a-a910d30a164b" testName="Nzr.ToolBox.Core.Tests.StringUtilsTest.Repeat_WithNull_ShouldReturnNull" computerName="WORKSTATION" duration="00:00:00.0020000" startTime="2019-11-05T22:49:29.8476559-03:00" endTime="2019-11-05T22:49:29.8476584-03:00" testType="13cdc9d9-ddb5-4fa4-a97d-d965ccfc6d4b" outcome="Passed" testListId="8c84fa94-04c1-424b-9868-57a2d4851a1d" relativeResultsDirectory="b4e7960f-8dee-4b70-850e-1d0ca119f8c5" />
    <UnitTestResult executionId="17f0872b-cfe9-4415-ac09-7aaf535a131d" testId="605b98ce-b18c-dba8-4c19-a7179b0b35c6" testName="Nzr.ToolBox.Core.Tests.CollectionUtilsTests.GetKey_WithMappedInput_ShouldReturnKey" computerName="WORKSTATION" duration="00:00:00.0010000" startTime="2019-11-05T22:49:29.8354411-03:00" endTime="2019-11-05T22:49:29.8354413-03:00" testType="13cdc9d9-ddb5-4fa4-a97d-d965ccfc6d4b" outcome="Passed" testListId="8c84fa94-04c1-424b-9868-57a2d4851a1d" relativeResultsDirectory="17f0872b-cfe9-4415-ac09-7aaf535a131d" />
    <UnitTestResult executionId="257ea471-502c-4fc6-9b68-ca4374a18d4b" testId="8668c16e-2e8c-3717-0d40-dca4b94235b7" testName="Nzr.ToolBox.Core.Tests.StringUtilsTest.RemoveDiacritics_WithString_ShouldReturnStringWihtouDiacritics" computerName="WORKSTATION" duration="00:00:00.0030000" startTime="2019-11-05T22:49:29.8734694-03:00" endTime="2019-11-05T22:49:29.8734696-03:00" testType="13cdc9d9-ddb5-4fa4-a97d-d965ccfc6d4b" outcome="Passed" testListId="8c84fa94-04c1-424b-9868-57a2d4851a1d" relativeResultsDirectory="257ea471-502c-4fc6-9b68-ca4374a18d4b" />
    <UnitTestResult executionId="34a97d99-df21-4c62-89a0-7777f2b4c76c" testId="0ff73cd5-37ec-83b6-cca6-080e829305d1" testName="Nzr.ToolBox.Core.Tests.BooleanUtilsTests.IsAllFalse_WithAllFalseValues_ShouldReturnTrue" computerName="WORKSTATION" duration="00:00:00.0010000" startTime="2019-11-05T22:49:29.8248701-03:00" endTime="2019-11-05T22:49:29.8248703-03:00" testType="13cdc9d9-ddb5-4fa4-a97d-d965ccfc6d4b" outcome="Passed" testListId="8c84fa94-04c1-424b-9868-57a2d4851a1d" relativeResultsDirectory="34a97d99-df21-4c62-89a0-7777f2b4c76c" />
    <UnitTestResult executionId="01b77307-d11c-486b-bd33-9dc14d5046f3" testId="1c25c6c6-b1fb-4092-255b-2ef33baa6d85" testName="Nzr.ToolBox.Core.Tests.StringUtilsTest.IsAllEmpty_WithOneNonEmpty_ShouldReturnFalse" computerName="WORKSTATION" duration="00:00:00.0010000" startTime="2019-11-05T22:49:29.8836724-03:00" endTime="2019-11-05T22:49:29.8836727-03:00" testType="13cdc9d9-ddb5-4fa4-a97d-d965ccfc6d4b" outcome="Passed" testListId="8c84fa94-04c1-424b-9868-57a2d4851a1d" relativeResultsDirectory="01b77307-d11c-486b-bd33-9dc14d5046f3" />
    <UnitTestResult executionId="669e2374-2a69-4fc6-9249-bc36f2a2860b" testId="4d473892-3743-8866-0d73-fc4fe78c5f0e" testName="Nzr.ToolBox.Core.Tests.BooleanUtilsTests.IsAllTrue_WithOneFalseValue_ShouldReturnFalse" computerName="WORKSTATION" duration="00:00:00.0010000" startTime="2019-11-05T22:49:29.7981889-03:00" endTime="2019-11-05T22:49:29.7981893-03:00" testType="13cdc9d9-ddb5-4fa4-a97d-d965ccfc6d4b" outcome="Passed" testListId="8c84fa94-04c1-424b-9868-57a2d4851a1d" relativeResultsDirectory="669e2374-2a69-4fc6-9249-bc36f2a2860b" />
    <UnitTestResult executionId="90a8e6d6-3baa-412e-8821-27b04bfa3727" testId="7e6b2287-0f2b-eed8-29a1-fa6a6b5f85fd" testName="Nzr.ToolBox.Core.Tests.ObjectUtilsTest.RequireNonNull_WithNullWithoutCustomMessage_ShouldThrowExcetpion" computerName="WORKSTATION" duration="00:00:00.0010000" startTime="2019-11-05T22:49:30.1501605-03:00" endTime="2019-11-05T22:49:30.1501609-03:00" testType="13cdc9d9-ddb5-4fa4-a97d-d965ccfc6d4b" outcome="Passed" testListId="8c84fa94-04c1-424b-9868-57a2d4851a1d" relativeResultsDirectory="90a8e6d6-3baa-412e-8821-27b04bfa3727" />
    <UnitTestResult executionId="ffe6b378-55f4-4dce-a2b2-f2f2260184ee" testId="ac4d6dc8-ac9c-ed69-2ea1-c142e3a580cd" testName="Nzr.ToolBox.Core.Tests.StringUtilsTest.ContainsNone_WithStringNotContainingOneOfSubstring_ShouldReturnTrue" computerName="WORKSTATION" duration="00:00:00.0010000" startTime="2019-11-05T22:49:29.8671191-03:00" endTime="2019-11-05T22:49:29.8671194-03:00" testType="13cdc9d9-ddb5-4fa4-a97d-d965ccfc6d4b" outcome="Passed" testListId="8c84fa94-04c1-424b-9868-57a2d4851a1d" relativeResultsDirectory="ffe6b378-55f4-4dce-a2b2-f2f2260184ee" />
    <UnitTestResult executionId="104b82c0-6c47-45a3-aff4-a28840882d01" testId="017f2681-1481-dbaa-ea0e-6a10d0c9b02d" testName="Nzr.ToolBox.Core.Tests.StringUtilsTest.GetFirstNonBlank_WithOnlyEmptyString_ShouldReturnNull" computerName="WORKSTATION" duration="00:00:00.0010000" startTime="2019-11-05T22:49:29.8974359-03:00" endTime="2019-11-05T22:49:29.8974361-03:00" testType="13cdc9d9-ddb5-4fa4-a97d-d965ccfc6d4b" outcome="Passed" testListId="8c84fa94-04c1-424b-9868-57a2d4851a1d" relativeResultsDirectory="104b82c0-6c47-45a3-aff4-a28840882d01" />
    <UnitTestResult executionId="eb2ba758-5541-4cb2-a707-c900292eb1af" testId="45a98e74-dccd-011e-e0c0-d734f1cc5ec4" testName="Nzr.ToolBox.Core.Tests.StringUtilsTest.Format_WithFormatStringWithCulture_ShouldReturnFormatedString" computerName="WORKSTATION" duration="00:00:00.0010000" startTime="2019-11-05T22:49:29.8737624-03:00" endTime="2019-11-05T22:49:29.8737625-03:00" testType="13cdc9d9-ddb5-4fa4-a97d-d965ccfc6d4b" outcome="Passed" testListId="8c84fa94-04c1-424b-9868-57a2d4851a1d" relativeResultsDirectory="eb2ba758-5541-4cb2-a707-c900292eb1af" />
    <UnitTestResult executionId="8fe0ad58-6a1f-4c7b-9291-ef7af20ff12d" testId="f5642f76-0883-ad8b-d556-29e3eb347cee" testName="Nzr.ToolBox.Core.Tests.ObjectUtilsTest.IsAllNull_WithOneNonNull_ShouldReturnFalse" computerName="WORKSTATION" duration="00:00:00.0010000" startTime="2019-11-05T22:49:30.3009839-03:00" endTime="2019-11-05T22:49:30.3009843-03:00" testType="13cdc9d9-ddb5-4fa4-a97d-d965ccfc6d4b" outcome="Passed" testListId="8c84fa94-04c1-424b-9868-57a2d4851a1d" relativeResultsDirectory="8fe0ad58-6a1f-4c7b-9291-ef7af20ff12d" />
    <UnitTestResult executionId="ab1079f2-e6d9-41fa-9546-7de589c7f3b4" testId="11236b60-ddaa-8517-7929-26428de182b4" testName="Nzr.ToolBox.Core.Tests.StringUtilsTest.IsEmpty_WithEmptyString_ShouldReturnTrue" computerName="WORKSTATION" duration="00:00:00.0010000" startTime="2019-11-05T22:49:29.8870876-03:00" endTime="2019-11-05T22:49:29.8870877-03:00" testType="13cdc9d9-ddb5-4fa4-a97d-d965ccfc6d4b" outcome="Passed" testListId="8c84fa94-04c1-424b-9868-57a2d4851a1d" relativeResultsDirectory="ab1079f2-e6d9-41fa-9546-7de589c7f3b4" />
    <UnitTestResult executionId="5a1c9638-279e-4d1d-8835-fc2c7ae1aa3a" testId="5062168a-47a4-716c-83cf-4566eb406f51" testName="Nzr.ToolBox.Core.Tests.NumberUtilsTest.Average_ShouldReturnAverageValues" computerName="WORKSTATION" duration="00:00:00.0060000" startTime="2019-11-05T22:49:29.8733941-03:00" endTime="2019-11-05T22:49:29.8733945-03:00" testType="13cdc9d9-ddb5-4fa4-a97d-d965ccfc6d4b" outcome="Passed" testListId="8c84fa94-04c1-424b-9868-57a2d4851a1d" relativeResultsDirectory="5a1c9638-279e-4d1d-8835-fc2c7ae1aa3a" />
    <UnitTestResult executionId="fe29f3e0-04f3-4d87-975f-59f40ad11e73" testId="f473e635-7655-edd1-44e6-2fcea27cde20" testName="Nzr.ToolBox.Core.Tests.RandomUtilsTest.RandomFloat_ShouldReturnUniqueValues(iterations: 10000, seed: null)" computerName="WORKSTATION" duration="00:00:00.0290000" startTime="2019-11-05T22:49:30.1600806-03:00" endTime="2019-11-05T22:49:30.1600814-03:00" testType="13cdc9d9-ddb5-4fa4-a97d-d965ccfc6d4b" outcome="Passed" testListId="8c84fa94-04c1-424b-9868-57a2d4851a1d" relativeResultsDirectory="fe29f3e0-04f3-4d87-975f-59f40ad11e73" />
    <UnitTestResult executionId="cac7581f-256e-433d-9262-bb4403cef7a7" testId="78387f85-e5e6-fa65-b4de-446c8486e80c" testName="Nzr.ToolBox.Core.Tests.StringUtilsTest.RemoveEnd_WithNull_ShouldReturnNull" computerName="WORKSTATION" duration="00:00:00.0040000" startTime="2019-11-05T22:49:29.8099136-03:00" endTime="2019-11-05T22:49:29.8099138-03:00" testType="13cdc9d9-ddb5-4fa4-a97d-d965ccfc6d4b" outcome="Passed" testListId="8c84fa94-04c1-424b-9868-57a2d4851a1d" relativeResultsDirectory="cac7581f-256e-433d-9262-bb4403cef7a7" />
    <UnitTestResult executionId="ac04f513-3e2c-4456-96b9-83493bed559d" testId="47f688d2-7bfa-d12d-71a0-9be24af61148" testName="Nzr.ToolBox.Core.Tests.EnumUtilsTest.GetEnumNames_ShouldReturnEnumNamesAsList" computerName="WORKSTATION" duration="00:00:00.0380000" startTime="2019-11-05T22:49:29.7290182-03:00" endTime="2019-11-05T22:49:29.7290184-03:00" testType="13cdc9d9-ddb5-4fa4-a97d-d965ccfc6d4b" outcome="Passed" testListId="8c84fa94-04c1-424b-9868-57a2d4851a1d" relativeResultsDirectory="ac04f513-3e2c-4456-96b9-83493bed559d" />
    <UnitTestResult executionId="ba23a160-d4d0-48b0-97b8-8ac3b2eb2ded" testId="87b56d62-9af1-eead-6483-716ab3bb23e0" testName="Nzr.ToolBox.Core.Tests.StringUtilsTest.ContainsAll_WithNullStringNotContainigAllSubstrings_ShouldReturnFalse" computerName="WORKSTATION" duration="00:00:00.0010000" startTime="2019-11-05T22:49:29.8714338-03:00" endTime="2019-11-05T22:49:29.8714340-03:00" testType="13cdc9d9-ddb5-4fa4-a97d-d965ccfc6d4b" outcome="Passed" testListId="8c84fa94-04c1-424b-9868-57a2d4851a1d" relativeResultsDirectory="ba23a160-d4d0-48b0-97b8-8ac3b2eb2ded" />
    <UnitTestResult executionId="a8a4763e-f630-46f5-8dfc-88758254d09d" testId="f54f88da-7c5b-63a5-454a-c31c248124f8" testName="Nzr.ToolBox.Core.Tests.BooleanUtilsTests.IsTrue_WithNullOrFalseValue_ShouldReturnFalse(value: null)" computerName="WORKSTATION" duration="00:00:00.0010000" startTime="2019-11-05T22:49:29.8251840-03:00" endTime="2019-11-05T22:49:29.8251842-03:00" testType="13cdc9d9-ddb5-4fa4-a97d-d965ccfc6d4b" outcome="Passed" testListId="8c84fa94-04c1-424b-9868-57a2d4851a1d" relativeResultsDirectory="a8a4763e-f630-46f5-8dfc-88758254d09d" />
    <UnitTestResult executionId="a6e82b6c-81e1-4164-91a7-17c480471621" testId="4a5c20cb-2c1d-4475-6cd5-7c6e3e33b758" testName="Nzr.ToolBox.Core.Tests.BooleanUtilsTests.IsTrue_WithTrueValue_ShouldReturnTrue" computerName="WORKSTATION" duration="00:00:00.0020000" startTime="2019-11-05T22:49:29.7947615-03:00" endTime="2019-11-05T22:49:29.7947619-03:00" testType="13cdc9d9-ddb5-4fa4-a97d-d965ccfc6d4b" outcome="Passed" testListId="8c84fa94-04c1-424b-9868-57a2d4851a1d" relativeResultsDirectory="a6e82b6c-81e1-4164-91a7-17c480471621" />
    <UnitTestResult executionId="9fe19448-b68a-494a-bc37-1468e5e9e10f" testId="512ec98d-2185-5ebc-b040-4a9df6c7ed1a" testName="Nzr.ToolBox.Core.Tests.StringUtilsTest.Replace_WithNonNullString_ShouldReplaceOldValueWithNewOne" computerName="WORKSTATION" duration="00:00:00.0010000" startTime="2019-11-05T22:49:29.8869004-03:00" endTime="2019-11-05T22:49:29.8869009-03:00" testType="13cdc9d9-ddb5-4fa4-a97d-d965ccfc6d4b" outcome="Passed" testListId="8c84fa94-04c1-424b-9868-57a2d4851a1d" relativeResultsDirectory="9fe19448-b68a-494a-bc37-1468e5e9e10f" />
    <UnitTestResult executionId="46924c42-4c7c-44fe-9c60-782d07ff8ac2" testId="6b51fd93-cfcb-0aea-d26c-8be65f40eb5a" testName="Nzr.ToolBox.Core.Tests.StringUtilsTest.DefaultIfBlank_WitNonBlankString_ShouldReturnString" computerName="WORKSTATION" duration="00:00:00.0010000" startTime="2019-11-05T22:49:29.8360885-03:00" endTime="2019-11-05T22:49:29.8360887-03:00" testType="13cdc9d9-ddb5-4fa4-a97d-d965ccfc6d4b" outcome="Passed" testListId="8c84fa94-04c1-424b-9868-57a2d4851a1d" relativeResultsDirectory="46924c42-4c7c-44fe-9c60-782d07ff8ac2" />
    <UnitTestResult executionId="42d86693-3409-407a-8df2-5f7e0f7608c3" testId="22bfdebd-96a0-0b21-9eb3-2ebda1d58ee2" testName="Nzr.ToolBox.Core.Tests.ObjectUtilsTest.FirstNonNull_WithAllNull_ShouldReturnNull" computerName="WORKSTATION" duration="00:00:00.0010000" startTime="2019-11-05T22:49:30.1517367-03:00" endTime="2019-11-05T22:49:30.1517371-03:00" testType="13cdc9d9-ddb5-4fa4-a97d-d965ccfc6d4b" outcome="Passed" testListId="8c84fa94-04c1-424b-9868-57a2d4851a1d" relativeResultsDirectory="42d86693-3409-407a-8df2-5f7e0f7608c3" />
    <UnitTestResult executionId="a205e34e-97ca-4715-9ce7-d71204cc7f8b" testId="b5c65171-5bde-d993-6882-e95aac21805c" testName="Nzr.ToolBox.Core.Tests.StringUtilsTest.ContainsAll_WithNullStringContainigAllNullSubstrings_ShouldReturnTrue" computerName="WORKSTATION" duration="00:00:00.0010000" startTime="2019-11-05T22:49:29.8953183-03:00" endTime="2019-11-05T22:49:29.8953184-03:00" testType="13cdc9d9-ddb5-4fa4-a97d-d965ccfc6d4b" outcome="Passed" testListId="8c84fa94-04c1-424b-9868-57a2d4851a1d" relativeResultsDirectory="a205e34e-97ca-4715-9ce7-d71204cc7f8b" />
    <UnitTestResult executionId="03dd28f1-9cee-4113-8ae8-488f07e5be92" testId="50b7ff87-3945-9d72-59f5-8be54b69e4af" testName="Nzr.ToolBox.Core.Tests.StringUtilsTest.Suffix_WithExistingSuffix_ShouldNotAddSuffix" computerName="WORKSTATION" duration="00:00:00.0010000" startTime="2019-11-05T22:49:29.8533809-03:00" endTime="2019-11-05T22:49:29.8533812-03:00" testType="13cdc9d9-ddb5-4fa4-a97d-d965ccfc6d4b" outcome="Passed" testListId="8c84fa94-04c1-424b-9868-57a2d4851a1d" relativeResultsDirectory="03dd28f1-9cee-4113-8ae8-488f07e5be92" />
    <UnitTestResult executionId="face84fb-5742-4acf-a785-47d8ee1a8039" testId="244ddabb-e392-9319-5f0f-5351f15a9ac9" testName="Nzr.ToolBox.Core.Tests.CollectionUtilsTests.EmptyIfNull_WithNullGenericEnumerable_ShouldNewEnumerable" computerName="WORKSTATION" duration="00:00:00.0010000" startTime="2019-11-05T22:49:29.8488806-03:00" endTime="2019-11-05T22:49:29.8488809-03:00" testType="13cdc9d9-ddb5-4fa4-a97d-d965ccfc6d4b" outcome="Passed" testListId="8c84fa94-04c1-424b-9868-57a2d4851a1d" relativeResultsDirectory="face84fb-5742-4acf-a785-47d8ee1a8039" />
    <UnitTestResult executionId="36e11aaa-fd6f-47f4-8ba4-53d2102b1b65" testId="bf218aab-52af-cc9e-72e7-0a8ba644e891" testName="Nzr.ToolBox.Core.Tests.ReflectionUtilsTest.GetValue_WithPropertyPath_ShouldReturnNestedValues" computerName="WORKSTATION" duration="00:00:00.0770000" startTime="2019-11-05T22:49:29.8100512-03:00" endTime="2019-11-05T22:49:29.8100514-03:00" testType="13cdc9d9-ddb5-4fa4-a97d-d965ccfc6d4b" outcome="Passed" testListId="8c84fa94-04c1-424b-9868-57a2d4851a1d" relativeResultsDirectory="36e11aaa-fd6f-47f4-8ba4-53d2102b1b65" />
    <UnitTestResult executionId="eb5a370e-5f00-4af5-af42-a4b244d78a7d" testId="7846d9ed-3cef-0cbd-2b1f-638be6a96222" testName="Nzr.ToolBox.Core.Tests.CollectionUtilsTests.ContainsAny_WithEnumerableAndNonOfOtherElements_ShouldReturnFalse" computerName="WORKSTATION" duration="00:00:00.0020000" startTime="2019-11-05T22:49:29.8286096-03:00" endTime="2019-11-05T22:49:29.8286099-03:00" testType="13cdc9d9-ddb5-4fa4-a97d-d965ccfc6d4b" outcome="Passed" testListId="8c84fa94-04c1-424b-9868-57a2d4851a1d" relativeResultsDirectory="eb5a370e-5f00-4af5-af42-a4b244d78a7d" />
    <UnitTestResult executionId="da06e5ba-9f3a-4ba9-a098-c053943f31dc" testId="44eff8ca-e64d-d8d4-6361-cfa3c75ede11" testName="Nzr.ToolBox.Core.Tests.BooleanUtilsTests.Describe_WihTrueValueAndWithDefaultYesString_ShouldReturnYes" computerName="WORKSTATION" duration="00:00:00.0010000" startTime="2019-11-05T22:49:29.8249794-03:00" endTime="2019-11-05T22:49:29.8249797-03:00" testType="13cdc9d9-ddb5-4fa4-a97d-d965ccfc6d4b" outcome="Passed" testListId="8c84fa94-04c1-424b-9868-57a2d4851a1d" relativeResultsDirectory="da06e5ba-9f3a-4ba9-a098-c053943f31dc" />
    <UnitTestResult executionId="1ce3636e-ee6c-4710-a809-8a5b2467f353" testId="e8ec249d-dc87-2471-df22-5e2bd5f5cfd6" testName="Nzr.ToolBox.Core.Tests.ObjectUtilsTest.RequireNonNull_WithNonNull_ShouldNotThrowExcetpion" computerName="WORKSTATION" duration="00:00:00.0010000" startTime="2019-11-05T22:49:30.1504116-03:00" endTime="2019-11-05T22:49:30.1504120-03:00" testType="13cdc9d9-ddb5-4fa4-a97d-d965ccfc6d4b" outcome="Passed" testListId="8c84fa94-04c1-424b-9868-57a2d4851a1d" relativeResultsDirectory="1ce3636e-ee6c-4710-a809-8a5b2467f353" />
    <UnitTestResult executionId="e201f1ee-0729-4492-9122-44984ac9abbd" testId="2deffabc-0f2a-cf1f-0473-12f60ef9456b" testName="Nzr.ToolBox.Core.Tests.ObjectUtilsTest.LastNonNull_WithAllNull_ShouldReturnNull" computerName="WORKSTATION" duration="00:00:00.0010000" startTime="2019-11-05T22:49:30.1499891-03:00" endTime="2019-11-05T22:49:30.1499894-03:00" testType="13cdc9d9-ddb5-4fa4-a97d-d965ccfc6d4b" outcome="Passed" testListId="8c84fa94-04c1-424b-9868-57a2d4851a1d" relativeResultsDirectory="e201f1ee-0729-4492-9122-44984ac9abbd" />
    <UnitTestResult executionId="58a0bc14-2c3e-446f-bbc3-c3b8235b5c13" testId="dd50d1ab-aaa8-9c9d-a472-909eef6612ee" testName="Nzr.ToolBox.Core.Tests.StringUtilsTest.Capitalize_WithNonCapitalized_ShouldReturnCapitalized" computerName="WORKSTATION" duration="00:00:00.0020000" startTime="2019-11-05T22:49:29.8435202-03:00" endTime="2019-11-05T22:49:29.8435205-03:00" testType="13cdc9d9-ddb5-4fa4-a97d-d965ccfc6d4b" outcome="Passed" testListId="8c84fa94-04c1-424b-9868-57a2d4851a1d" relativeResultsDirectory="58a0bc14-2c3e-446f-bbc3-c3b8235b5c13" />
    <UnitTestResult executionId="0f5be058-3ee0-466e-a4b0-84bf7d7acced" testId="49936fc4-4825-29e4-106c-2b5397c160c6" testName="Nzr.ToolBox.Core.Tests.StringUtilsTest.RemoveEnd_WithExistingStringsUsingOrdinalCase_ShouldNotRemoveEnds" computerName="WORKSTATION" duration="00:00:00.0010000" startTime="2019-11-05T22:49:29.8712243-03:00" endTime="2019-11-05T22:49:29.8712245-03:00" testType="13cdc9d9-ddb5-4fa4-a97d-d965ccfc6d4b" outcome="Passed" testListId="8c84fa94-04c1-424b-9868-57a2d4851a1d" relativeResultsDirectory="0f5be058-3ee0-466e-a4b0-84bf7d7acced" />
    <UnitTestResult executionId="75ea0aac-2149-4d62-94e1-40a6e012026c" testId="bd59e0c8-65f6-24f7-250c-df15260ab31a" testName="Nzr.ToolBox.Core.Tests.ObjectUtilsTest.RequireNonNull_WithNullWitCustomMessage_ShouldThrowExcetpionWithCustomMessage" computerName="WORKSTATION" duration="00:00:00.0010000" startTime="2019-11-05T22:49:30.1524570-03:00" endTime="2019-11-05T22:49:30.1524574-03:00" testType="13cdc9d9-ddb5-4fa4-a97d-d965ccfc6d4b" outcome="Passed" testListId="8c84fa94-04c1-424b-9868-57a2d4851a1d" relativeResultsDirectory="75ea0aac-2149-4d62-94e1-40a6e012026c" />
    <UnitTestResult executionId="efe2a9ad-646d-4f25-980d-56003758896c" testId="3481e80b-1f65-cc03-2307-099b3c1f0f7c" testName="Nzr.ToolBox.Core.Tests.DateTimeUtilsTest.IsSameDay_WithCurrentDayAndNull_ShouldReturnTrue" computerName="WORKSTATION" duration="00:00:00.0010000" startTime="2019-11-05T22:49:29.8067801-03:00" endTime="2019-11-05T22:49:29.8067803-03:00" testType="13cdc9d9-ddb5-4fa4-a97d-d965ccfc6d4b" outcome="Passed" testListId="8c84fa94-04c1-424b-9868-57a2d4851a1d" relativeResultsDirectory="efe2a9ad-646d-4f25-980d-56003758896c" />
    <UnitTestResult executionId="9c7dc9ba-9028-4ef7-ae96-0a6c9e722eb1" testId="6b882545-0a6d-aed1-f25f-b5bd7a59a2f3" testName="Nzr.ToolBox.Core.Tests.StringUtilsTest.IsAnyBlank_WithNullStrings_ShouldReturnTrue" computerName="WORKSTATION" duration="00:00:00.0010000" startTime="2019-11-05T22:49:29.8432481-03:00" endTime="2019-11-05T22:49:29.8432484-03:00" testType="13cdc9d9-ddb5-4fa4-a97d-d965ccfc6d4b" outcome="Passed" testListId="8c84fa94-04c1-424b-9868-57a2d4851a1d" relativeResultsDirectory="9c7dc9ba-9028-4ef7-ae96-0a6c9e722eb1" />
    <UnitTestResult executionId="f5489eaa-d0c3-4123-8722-d896b158285b" testId="bed34e53-72a5-3fd2-6674-42d2c22e4e8b" testName="Nzr.ToolBox.Core.Tests.CollectionUtilsTests.ContainsAll_WithGenericEnumerableAndDiffElements_ShouldReturnFalse" computerName="WORKSTATION" duration="00:00:00.0010000" startTime="2019-11-05T22:49:29.8358694-03:00" endTime="2019-11-05T22:49:29.8358697-03:00" testType="13cdc9d9-ddb5-4fa4-a97d-d965ccfc6d4b" outcome="Passed" testListId="8c84fa94-04c1-424b-9868-57a2d4851a1d" relativeResultsDirectory="f5489eaa-d0c3-4123-8722-d896b158285b" />
    <UnitTestResult executionId="b7127bc4-dd8b-4987-808c-119a9aab087f" testId="bd7fbd33-c44c-e435-efc2-06a8c4bb49ef" testName="Nzr.ToolBox.Core.Tests.DateTimeUtilsTest.Equals_WithMillisOfDiffAndWithTolerance_ShouldReturnTrue" computerName="WORKSTATION" duration="00:00:00.0010000" startTime="2019-11-05T22:49:29.7938358-03:00" endTime="2019-11-05T22:49:29.7938364-03:00" testType="13cdc9d9-ddb5-4fa4-a97d-d965ccfc6d4b" outcome="Passed" testListId="8c84fa94-04c1-424b-9868-57a2d4851a1d" relativeResultsDirectory="b7127bc4-dd8b-4987-808c-119a9aab087f" />
    <UnitTestResult executionId="46496f48-e819-4b0d-8d0a-771f751b6f7b" testId="dbff4c7a-b8c7-3550-f81a-813f19773541" testName="Nzr.ToolBox.Core.Tests.StringUtilsTest.IsNotBlank_WithBlankString_ShouldReturnFalse" computerName="WORKSTATION" duration="00:00:00.0010000" startTime="2019-11-05T22:49:29.8872120-03:00" endTime="2019-11-05T22:49:29.8872122-03:00" testType="13cdc9d9-ddb5-4fa4-a97d-d965ccfc6d4b" outcome="Passed" testListId="8c84fa94-04c1-424b-9868-57a2d4851a1d" relativeResultsDirectory="46496f48-e819-4b0d-8d0a-771f751b6f7b" />
    <UnitTestResult executionId="11bb73c2-31dc-4427-8037-2a922bce7124" testId="f681d49e-3f25-06a7-6205-1c8f2398b635" testName="Nzr.ToolBox.Core.Tests.BooleanUtilsTests.ToBool_WithPositiveNonZero_ShouldReturnTrue(b: 1, s: 1, i: 1, l: 1, f: 1, d: 1, m: 1)" computerName="WORKSTATION" duration="00:00:00.0010000" startTime="2019-11-05T22:49:29.8174098-03:00" endTime="2019-11-05T22:49:29.8174100-03:00" testType="13cdc9d9-ddb5-4fa4-a97d-d965ccfc6d4b" outcome="Passed" testListId="8c84fa94-04c1-424b-9868-57a2d4851a1d" relativeResultsDirectory="11bb73c2-31dc-4427-8037-2a922bce7124" />
    <UnitTestResult executionId="10412612-f5a9-4f06-adf3-62a4fbe8ffeb" testId="b2da1943-e11b-507a-dec5-c46cae39eb8d" testName="Nzr.ToolBox.Core.Tests.ObjectUtilsTest.AnyNull_WithAllNonNull_ShouldReturnFalse" computerName="WORKSTATION" duration="00:00:00.0010000" startTime="2019-11-05T22:49:30.1498630-03:00" endTime="2019-11-05T22:49:30.1498633-03:00" testType="13cdc9d9-ddb5-4fa4-a97d-d965ccfc6d4b" outcome="Passed" testListId="8c84fa94-04c1-424b-9868-57a2d4851a1d" relativeResultsDirectory="10412612-f5a9-4f06-adf3-62a4fbe8ffeb" />
    <UnitTestResult executionId="a7e935e0-5379-4155-bbea-494290338b35" testId="df159263-51bd-d891-b020-758bba5e657f" testName="Nzr.ToolBox.Core.Tests.StringUtilsTest.IsAllBlank_WithOneEmpty_ShouldReturnTrue" computerName="WORKSTATION" duration="00:00:00.0010000" startTime="2019-11-05T22:49:29.8871490-03:00" endTime="2019-11-05T22:49:29.8871491-03:00" testType="13cdc9d9-ddb5-4fa4-a97d-d965ccfc6d4b" outcome="Passed" testListId="8c84fa94-04c1-424b-9868-57a2d4851a1d" relativeResultsDirectory="a7e935e0-5379-4155-bbea-494290338b35" />
    <UnitTestResult executionId="b334282b-33c5-43ed-acee-2b6ca5d417fe" testId="14b6413c-e1eb-0334-1dc2-58a621540c17" testName="Nzr.ToolBox.Core.Tests.DateTimeUtilsTest.IsSameDay_WithDatesWithSameDay_ShouldReturnTrue" computerName="WORKSTATION" duration="00:00:00.0010000" startTime="2019-11-05T22:49:29.7939865-03:00" endTime="2019-11-05T22:49:29.7939869-03:00" testType="13cdc9d9-ddb5-4fa4-a97d-d965ccfc6d4b" outcome="Passed" testListId="8c84fa94-04c1-424b-9868-57a2d4851a1d" relativeResultsDirectory="b334282b-33c5-43ed-acee-2b6ca5d417fe" />
    <UnitTestResult executionId="07bae917-a7fc-4364-a364-4071ff4fc3ca" testId="e4ef8062-0dbe-6974-71e4-0c8dfc386479" testName="Nzr.ToolBox.Core.Tests.StringUtilsTest.DefaultIfEmpty_WithNullString_ShouldReturnDefault" computerName="WORKSTATION" duration="00:00:00.0010000" startTime="2019-11-05T22:49:29.8591047-03:00" endTime="2019-11-05T22:49:29.8591049-03:00" testType="13cdc9d9-ddb5-4fa4-a97d-d965ccfc6d4b" outcome="Passed" testListId="8c84fa94-04c1-424b-9868-57a2d4851a1d" relativeResultsDirectory="07bae917-a7fc-4364-a364-4071ff4fc3ca" />
    <UnitTestResult executionId="fbcd911e-c189-43cf-a4b7-1788a37e279e" testId="7bbc11f3-00e0-acc2-4df2-e8e0d97bb209" testName="Nzr.ToolBox.Core.Tests.CollectionUtilsTests.Get_WithGenericEnumerableWithExistingIndex_ShouldReturnValue" computerName="WORKSTATION" duration="00:00:00.0010000" startTime="2019-11-05T22:49:29.8475251-03:00" endTime="2019-11-05T22:49:29.8475256-03:00" testType="13cdc9d9-ddb5-4fa4-a97d-d965ccfc6d4b" outcome="Passed" testListId="8c84fa94-04c1-424b-9868-57a2d4851a1d" relativeResultsDirectory="fbcd911e-c189-43cf-a4b7-1788a37e279e" />
    <UnitTestResult executionId="76e615ea-40f8-4468-9df4-1d3bbcc41c73" testId="16241dba-eaf4-0213-d6e5-c7da05851618" testName="Nzr.ToolBox.Core.Tests.StringUtilsTest.IsNumber_WithNull_ShouldReturnFalse" computerName="WORKSTATION" duration="00:00:00.0010000" startTime="2019-11-05T22:49:29.8243654-03:00" endTime="2019-11-05T22:49:29.8243659-03:00" testType="13cdc9d9-ddb5-4fa4-a97d-d965ccfc6d4b" outcome="Passed" testListId="8c84fa94-04c1-424b-9868-57a2d4851a1d" relativeResultsDirectory="76e615ea-40f8-4468-9df4-1d3bbcc41c73" />
    <UnitTestResult executionId="0b7ff0a2-264d-4f53-9379-20ba131a9780" testId="9d68ecd9-7bbb-710d-bc5c-7fb6bcf70625" testName="Nzr.ToolBox.Core.Tests.StringUtilsTest.IsNotEmpty_WithBlankString_ShouldReturnTrue" computerName="WORKSTATION" duration="00:00:00.0010000" startTime="2019-11-05T22:49:29.8357613-03:00" endTime="2019-11-05T22:49:29.8357615-03:00" testType="13cdc9d9-ddb5-4fa4-a97d-d965ccfc6d4b" outcome="Passed" testListId="8c84fa94-04c1-424b-9868-57a2d4851a1d" relativeResultsDirectory="0b7ff0a2-264d-4f53-9379-20ba131a9780" />
    <UnitTestResult executionId="36f24a70-d0fe-4e69-95bd-07515624e525" testId="a34cc59c-504f-45fa-746c-15b1a11e5627" testName="Nzr.ToolBox.Core.Tests.BooleanUtilsTests.IsAnyFalse_WithOneFalseValue_ShouldReturnTrue" computerName="WORKSTATION" duration="00:00:00.0010000" startTime="2019-11-05T22:49:29.8177838-03:00" endTime="2019-11-05T22:49:29.8177840-03:00" testType="13cdc9d9-ddb5-4fa4-a97d-d965ccfc6d4b" outcome="Passed" testListId="8c84fa94-04c1-424b-9868-57a2d4851a1d" relativeResultsDirectory="36f24a70-d0fe-4e69-95bd-07515624e525" />
    <UnitTestResult executionId="cc961740-c0f8-4df3-8e24-1f9dc5c32525" testId="098b15f3-4cbc-4c40-9ad2-8835c9d6e501" testName="Nzr.ToolBox.Core.Tests.BooleanUtilsTests.ToBool_WithPositiveString_ShouldReturnTrue(value: &quot;Y&quot;)" computerName="WORKSTATION" duration="00:00:00.0010000" startTime="2019-11-05T22:49:29.7870406-03:00" endTime="2019-11-05T22:49:29.7870409-03:00" testType="13cdc9d9-ddb5-4fa4-a97d-d965ccfc6d4b" outcome="Passed" testListId="8c84fa94-04c1-424b-9868-57a2d4851a1d" relativeResultsDirectory="cc961740-c0f8-4df3-8e24-1f9dc5c32525" />
    <UnitTestResult executionId="ff205906-c339-4671-8e3c-ea8e634848f6" testId="11a672c1-3304-329d-6cef-40a099ed2b03" testName="Nzr.ToolBox.Core.Tests.StringUtilsTest.IsNotNumber_WithNumeric_ShouldReturnFalse" computerName="WORKSTATION" duration="00:00:00.0010000" startTime="2019-11-05T22:49:29.8587154-03:00" endTime="2019-11-05T22:49:29.8587156-03:00" testType="13cdc9d9-ddb5-4fa4-a97d-d965ccfc6d4b" outcome="Passed" testListId="8c84fa94-04c1-424b-9868-57a2d4851a1d" relativeResultsDirectory="ff205906-c339-4671-8e3c-ea8e634848f6" />
    <UnitTestResult executionId="833ea623-b7eb-4d47-bb1f-6c775cdb5a78" testId="c86af186-3a97-3d11-9fd7-06dc90451dd3" testName="Nzr.ToolBox.Core.Tests.CollectionUtilsTests.IsNotEmpty_WithNull_ShouldReturnFalse" computerName="WORKSTATION" duration="00:00:00.0010000" startTime="2019-11-05T22:49:29.8320382-03:00" endTime="2019-11-05T22:49:29.8320385-03:00" testType="13cdc9d9-ddb5-4fa4-a97d-d965ccfc6d4b" outcome="Passed" testListId="8c84fa94-04c1-424b-9868-57a2d4851a1d" relativeResultsDirectory="833ea623-b7eb-4d47-bb1f-6c775cdb5a78" />
    <UnitTestResult executionId="657dda90-ef3e-4a7c-bfce-fde7fd20ad13" testId="d6c3c325-4119-8dd1-476b-5d0386c6cccf" testName="Nzr.ToolBox.Core.Tests.StringUtilsTest.DescribeIfNone_WithRegularString_ShouldReturnString" computerName="WORKSTATION" duration="00:00:00.0010000" startTime="2019-11-05T22:49:29.8359786-03:00" endTime="2019-11-05T22:49:29.8359788-03:00" testType="13cdc9d9-ddb5-4fa4-a97d-d965ccfc6d4b" outcome="Passed" testListId="8c84fa94-04c1-424b-9868-57a2d4851a1d" relativeResultsDirectory="657dda90-ef3e-4a7c-bfce-fde7fd20ad13" />
    <UnitTestResult executionId="d88a63f2-32b2-44d7-af0d-8632ff01c044" testId="105843c0-8d25-e16e-687e-24c0c02b7966" testName="Nzr.ToolBox.Core.Tests.CollectionUtilsTests.IsNotEmpty_WithEmpty_ShouldReturnFalse" computerName="WORKSTATION" duration="00:00:00.0010000" startTime="2019-11-05T22:49:29.8483507-03:00" endTime="2019-11-05T22:49:29.8483510-03:00" testType="13cdc9d9-ddb5-4fa4-a97d-d965ccfc6d4b" outcome="Passed" testListId="8c84fa94-04c1-424b-9868-57a2d4851a1d" relativeResultsDirectory="d88a63f2-32b2-44d7-af0d-8632ff01c044" />
    <UnitTestResult executionId="791d47f0-b225-4086-ae78-497113e0e815" testId="39dfd282-5fe4-ceef-3391-cce4f58db31f" testName="Nzr.ToolBox.Core.Tests.StringUtilsTest.Format_WithNullString_ShouldReturnNull" computerName="WORKSTATION" duration="00:00:00.0020000" startTime="2019-11-05T22:49:29.8674712-03:00" endTime="2019-11-05T22:49:29.8674715-03:00" testType="13cdc9d9-ddb5-4fa4-a97d-d965ccfc6d4b" outcome="Passed" testListId="8c84fa94-04c1-424b-9868-57a2d4851a1d" relativeResultsDirectory="791d47f0-b225-4086-ae78-497113e0e815" />
    <UnitTestResult executionId="c5860010-170f-4471-bb94-956db9068062" testId="57a7a709-5f41-6a40-bb89-55bb8181b369" testName="Nzr.ToolBox.Core.Tests.StringUtilsTest.DefaultIfBlank_WitBlankString_ShouldReturnDefault" computerName="WORKSTATION" duration="00:00:00.0010000" startTime="2019-11-05T22:49:29.8066721-03:00" endTime="2019-11-05T22:49:29.8066724-03:00" testType="13cdc9d9-ddb5-4fa4-a97d-d965ccfc6d4b" outcome="Passed" testListId="8c84fa94-04c1-424b-9868-57a2d4851a1d" relativeResultsDirectory="c5860010-170f-4471-bb94-956db9068062" />
    <UnitTestResult executionId="265b51ac-cbc0-4b50-8249-b877947a8ee5" testId="df88d8b1-a81b-086c-6c41-e23fcac9c165" testName="Nzr.ToolBox.Core.Tests.StringUtilsTest.RemoveStart_WithExistingStrings_ShouldReturnCleanedString" computerName="WORKSTATION" duration="00:00:00.0010000" startTime="2019-11-05T22:49:29.8829781-03:00" endTime="2019-11-05T22:49:29.8829784-03:00" testType="13cdc9d9-ddb5-4fa4-a97d-d965ccfc6d4b" outcome="Passed" testListId="8c84fa94-04c1-424b-9868-57a2d4851a1d" relativeResultsDirectory="265b51ac-cbc0-4b50-8249-b877947a8ee5" />
    <UnitTestResult executionId="3d34485d-116d-4d38-8301-b0915d8562b2" testId="5c211a1b-af5c-0baa-3971-de7e6e4f1565" testName="Nzr.ToolBox.Core.Tests.StringUtilsTest.IsIsBlank_WithBlankString_ShouldReturnTrue" computerName="WORKSTATION" duration="00:00:00.0010000" startTime="2019-11-05T22:49:29.8707771-03:00" endTime="2019-11-05T22:49:29.8707779-03:00" testType="13cdc9d9-ddb5-4fa4-a97d-d965ccfc6d4b" outcome="Passed" testListId="8c84fa94-04c1-424b-9868-57a2d4851a1d" relativeResultsDirectory="3d34485d-116d-4d38-8301-b0915d8562b2" />
    <UnitTestResult executionId="10a34635-0e88-4dd3-a966-e6401a94ab07" testId="7437cae0-313c-688c-b0a7-4e994a4fbb85" testName="Nzr.ToolBox.Core.Tests.BooleanUtilsTests.ToBool_WithPositiveString_ShouldReturnTrue(value: &quot;true&quot;)" computerName="WORKSTATION" duration="00:00:00.0010000" startTime="2019-11-05T22:49:29.7866354-03:00" endTime="2019-11-05T22:49:29.7866357-03:00" testType="13cdc9d9-ddb5-4fa4-a97d-d965ccfc6d4b" outcome="Passed" testListId="8c84fa94-04c1-424b-9868-57a2d4851a1d" relativeResultsDirectory="10a34635-0e88-4dd3-a966-e6401a94ab07" />
    <UnitTestResult executionId="ba934b8f-26d9-4881-9c45-431759125cdf" testId="f92e77b4-ee0e-9f1a-2342-b94f560f0dac" testName="Nzr.ToolBox.Core.Tests.RandomUtilsTest.RandomString_WithDefaultOptions_ShouldReturnString" computerName="WORKSTATION" duration="00:00:00.0010000" startTime="2019-11-05T22:49:30.2096740-03:00" endTime="2019-11-05T22:49:30.2096744-03:00" testType="13cdc9d9-ddb5-4fa4-a97d-d965ccfc6d4b" outcome="Passed" testListId="8c84fa94-04c1-424b-9868-57a2d4851a1d" relativeResultsDirectory="ba934b8f-26d9-4881-9c45-431759125cdf" />
    <UnitTestResult executionId="f7398006-bcc3-4b54-87e6-82b678a32b12" testId="e881bc04-2bbf-5c16-1290-362a120099d0" testName="Nzr.ToolBox.Core.Tests.StringUtilsTest.DefaultIfEmpty_WitBlankString_ShouldReturnString" computerName="WORKSTATION" duration="00:00:00.0010000" startTime="2019-11-05T22:49:29.8951761-03:00" endTime="2019-11-05T22:49:29.8951765-03:00" testType="13cdc9d9-ddb5-4fa4-a97d-d965ccfc6d4b" outcome="Passed" testListId="8c84fa94-04c1-424b-9868-57a2d4851a1d" relativeResultsDirectory="f7398006-bcc3-4b54-87e6-82b678a32b12" />
    <UnitTestResult executionId="4bb7e498-bb47-4207-9b1e-40c56464db3e" testId="4e688b3a-c6fa-9e06-b2ea-25f4e79d1af0" testName="Nzr.ToolBox.Core.Tests.StringUtilsTest.Prefix_WithNullString_ShouldReturnPrefix" computerName="WORKSTATION" duration="00:00:00.0010000" startTime="2019-11-05T22:49:29.8583806-03:00" endTime="2019-11-05T22:49:29.8583810-03:00" testType="13cdc9d9-ddb5-4fa4-a97d-d965ccfc6d4b" outcome="Passed" testListId="8c84fa94-04c1-424b-9868-57a2d4851a1d" relativeResultsDirectory="4bb7e498-bb47-4207-9b1e-40c56464db3e" />
    <UnitTestResult executionId="2b005ead-ed2d-464b-b062-d53c6a1a7400" testId="50f24cab-68bb-0a36-1c30-0ae9a001fb12" testName="Nzr.ToolBox.Core.Tests.StringUtilsTest.ContainsNone_WithStringContainingOneOfSubstring_ShouldReturnFalse" computerName="WORKSTATION" duration="00:00:00.0010000" startTime="2019-11-05T22:49:29.8830854-03:00" endTime="2019-11-05T22:49:29.8830857-03:00" testType="13cdc9d9-ddb5-4fa4-a97d-d965ccfc6d4b" outcome="Passed" testListId="8c84fa94-04c1-424b-9868-57a2d4851a1d" relativeResultsDirectory="2b005ead-ed2d-464b-b062-d53c6a1a7400" />
    <UnitTestResult executionId="68ebca5d-21c5-4cdc-ae09-9464a61c6569" testId="54aad836-ba4f-5dbf-bad2-7c309c3d8a21" testName="Nzr.ToolBox.Core.Tests.BooleanUtilsTests.ToBool_WithNonPositiveString_ShouldReturnFalse(value: &quot;No&quot;)" computerName="WORKSTATION" duration="00:00:00.0010000" startTime="2019-11-05T22:49:29.7989504-03:00" endTime="2019-11-05T22:49:29.7989507-03:00" testType="13cdc9d9-ddb5-4fa4-a97d-d965ccfc6d4b" outcome="Passed" testListId="8c84fa94-04c1-424b-9868-57a2d4851a1d" relativeResultsDirectory="68ebca5d-21c5-4cdc-ae09-9464a61c6569" />
    <UnitTestResult executionId="8071d9f7-c2e8-439d-b34a-c1309765a537" testId="3f13a7b6-337e-e068-e2f4-569bb1afc599" testName="Nzr.ToolBox.Core.Tests.BooleanUtilsTests.IsAnyTrue_WithAllFalseValues_ShouldReturnFalse" computerName="WORKSTATION" duration="00:00:00.0040000" startTime="2019-11-05T22:49:29.7940439-03:00" endTime="2019-11-05T22:49:29.7940442-03:00" testType="13cdc9d9-ddb5-4fa4-a97d-d965ccfc6d4b" outcome="Passed" testListId="8c84fa94-04c1-424b-9868-57a2d4851a1d" relativeResultsDirectory="8071d9f7-c2e8-439d-b34a-c1309765a537" />
    <UnitTestResult executionId="9a75cde7-2141-4e1f-9fb8-1fa80f149b33" testId="7b7495d8-e0d9-d205-be09-e167ea98fa50" testName="Nzr.ToolBox.Core.Tests.BooleanUtilsTests.IsAllTrue_WithAllTrueValues_ShouldReturnTrue" computerName="WORKSTATION" duration="00:00:00.0010000" startTime="2019-11-05T22:49:29.8245379-03:00" endTime="2019-11-05T22:49:29.8245381-03:00" testType="13cdc9d9-ddb5-4fa4-a97d-d965ccfc6d4b" outcome="Passed" testListId="8c84fa94-04c1-424b-9868-57a2d4851a1d" relativeResultsDirectory="9a75cde7-2141-4e1f-9fb8-1fa80f149b33" />
    <UnitTestResult executionId="eee1d50b-64c5-4b6d-bf57-70c346386a45" testId="c503249d-5537-fc1c-c402-620be402a09c" testName="Nzr.ToolBox.Core.Tests.BooleanUtilsTests.IsAnyTrue_WithOneTrueValue_ShouldReturnTrue" computerName="WORKSTATION" duration="00:00:00.0010000" startTime="2019-11-05T22:49:29.8282800-03:00" endTime="2019-11-05T22:49:29.8282805-03:00" testType="13cdc9d9-ddb5-4fa4-a97d-d965ccfc6d4b" outcome="Passed" testListId="8c84fa94-04c1-424b-9868-57a2d4851a1d" relativeResultsDirectory="eee1d50b-64c5-4b6d-bf57-70c346386a45" />
    <UnitTestResult executionId="179aaf03-b6c8-4ffb-a6d2-74981bf1bde8" testId="4d8283f4-8639-27d1-44ac-751f4d8f3078" testName="Nzr.ToolBox.Core.Tests.StringUtilsTest.ContainsAll_WithStringContainigAllSubstrings_ShouldReturnTrue" computerName="WORKSTATION" duration="00:00:00.0080000" startTime="2019-11-05T22:49:29.8675812-03:00" endTime="2019-11-05T22:49:29.8675814-03:00" testType="13cdc9d9-ddb5-4fa4-a97d-d965ccfc6d4b" outcome="Passed" testListId="8c84fa94-04c1-424b-9868-57a2d4851a1d" relativeResultsDirectory="179aaf03-b6c8-4ffb-a6d2-74981bf1bde8" />
    <UnitTestResult executionId="87ef3b32-68e3-47f4-8805-193b90896042" testId="f4fbfb1c-5ed6-31b9-32df-2fb927eec7fc" testName="Nzr.ToolBox.Core.Tests.StringUtilsTest.Capitalize_WithNull_ShouldReturnNull" computerName="WORKSTATION" duration="00:00:00.0020000" startTime="2019-11-05T22:49:29.8321462-03:00" endTime="2019-11-05T22:49:29.8321465-03:00" testType="13cdc9d9-ddb5-4fa4-a97d-d965ccfc6d4b" outcome="Passed" testListId="8c84fa94-04c1-424b-9868-57a2d4851a1d" relativeResultsDirectory="87ef3b32-68e3-47f4-8805-193b90896042" />
    <UnitTestResult executionId="4dccb779-e7c1-44a1-a756-9a8c64c6dc2a" testId="e4949cfa-e33d-2fd1-5bcc-b5f6b9db1ce9" testName="Nzr.ToolBox.Core.Tests.StringUtilsTest.Reverse_WithString_ShouldReturnReversedString" computerName="WORKSTATION" duration="00:00:00.0010000" startTime="2019-11-05T22:49:29.8588195-03:00" endTime="2019-11-05T22:49:29.8588197-03:00" testType="13cdc9d9-ddb5-4fa4-a97d-d965ccfc6d4b" outcome="Passed" testListId="8c84fa94-04c1-424b-9868-57a2d4851a1d" relativeResultsDirectory="4dccb779-e7c1-44a1-a756-9a8c64c6dc2a" />
    <UnitTestResult executionId="3cab092f-2c3d-4871-97df-a99bd473badc" testId="1f8d595f-ee42-36d5-5d96-e0c86c183647" testName="Nzr.ToolBox.Core.Tests.RandomUtilsTest.RandomString_WithoutAnyChar_ShouldThrowException" computerName="WORKSTATION" duration="00:00:00.0010000" startTime="2019-11-05T22:49:30.3406356-03:00" endTime="2019-11-05T22:49:30.3406359-03:00" testType="13cdc9d9-ddb5-4fa4-a97d-d965ccfc6d4b" outcome="Passed" testListId="8c84fa94-04c1-424b-9868-57a2d4851a1d" relativeResultsDirectory="3cab092f-2c3d-4871-97df-a99bd473badc" />
    <UnitTestResult executionId="43ba6667-3465-4830-96d3-1f13ea1a7eea" testId="db495440-895e-2929-0413-74f28674d8ff" testName="Nzr.ToolBox.Core.Tests.RandomUtilsTest.RandomFloat_ShouldReturnUniqueValues(iterations: 10000, seed: 1)" computerName="WORKSTATION" duration="00:00:00.0390000" startTime="2019-11-05T22:49:30.2093371-03:00" endTime="2019-11-05T22:49:30.2093385-03:00" testType="13cdc9d9-ddb5-4fa4-a97d-d965ccfc6d4b" outcome="Passed" testListId="8c84fa94-04c1-424b-9868-57a2d4851a1d" relativeResultsDirectory="43ba6667-3465-4830-96d3-1f13ea1a7eea" />
    <UnitTestResult executionId="30e6ff8e-ad64-428b-9682-30fb3708ee7c" testId="ffdd3661-fbf5-5fd8-8d4d-955844eb2b7f" testName="Nzr.ToolBox.Core.Tests.BooleanUtilsTests.Describe_WihFalseValueAndWitCustomFalseString_ShouldReturnCustomString" computerName="WORKSTATION" duration="00:00:00.0010000" startTime="2019-11-05T22:49:29.8024255-03:00" endTime="2019-11-05T22:49:29.8024257-03:00" testType="13cdc9d9-ddb5-4fa4-a97d-d965ccfc6d4b" outcome="Passed" testListId="8c84fa94-04c1-424b-9868-57a2d4851a1d" relativeResultsDirectory="30e6ff8e-ad64-428b-9682-30fb3708ee7c" />
    <UnitTestResult executionId="16331ac7-d17b-4afb-80a8-f6a04d968d39" testId="7d18c862-cf05-abcb-0928-990c2f1e2fc6" testName="Nzr.ToolBox.Core.Tests.StringUtilsTest.IsAllBlank_WithNullStrings_ShouldReturnTrue" computerName="WORKSTATION" duration="00:00:00.0010000" startTime="2019-11-05T22:49:29.8173125-03:00" endTime="2019-11-05T22:49:29.8173127-03:00" testType="13cdc9d9-ddb5-4fa4-a97d-d965ccfc6d4b" outcome="Passed" testListId="8c84fa94-04c1-424b-9868-57a2d4851a1d" relativeResultsDirectory="16331ac7-d17b-4afb-80a8-f6a04d968d39" />
    <UnitTestResult executionId="381447cd-fd6f-4920-a2b9-889496c97ef4" testId="62fa0a1d-6958-0f90-dafb-2a7a7f5c8b77" testName="Nzr.ToolBox.Core.Tests.ObjectUtilsTest.AnyNonNull_WithAllNull_ShouldReturnFalse" computerName="WORKSTATION" duration="00:00:00.0010000" startTime="2019-11-05T22:49:30.3009138-03:00" endTime="2019-11-05T22:49:30.3009139-03:00" testType="13cdc9d9-ddb5-4fa4-a97d-d965ccfc6d4b" outcome="Passed" testListId="8c84fa94-04c1-424b-9868-57a2d4851a1d" relativeResultsDirectory="381447cd-fd6f-4920-a2b9-889496c97ef4" />
    <UnitTestResult executionId="0e869fce-b7a5-4114-8955-8abd80cde801" testId="fcc50950-38b5-c695-4000-d6bf47ed8831" testName="Nzr.ToolBox.Core.Tests.StringUtilsTest.IsAnyBlank_WithNullOrEmptyStrings_ShouldReturnTrue" computerName="WORKSTATION" duration="00:00:00.0010000" startTime="2019-11-05T22:49:29.8735978-03:00" endTime="2019-11-05T22:49:29.8735978-03:00" testType="13cdc9d9-ddb5-4fa4-a97d-d965ccfc6d4b" outcome="Passed" testListId="8c84fa94-04c1-424b-9868-57a2d4851a1d" relativeResultsDirectory="0e869fce-b7a5-4114-8955-8abd80cde801" />
    <UnitTestResult executionId="375e5cd1-a150-4f61-9d25-b755c60aedcb" testId="0d7388ec-535d-bdbd-7333-2708e1a2ca4e" testName="Nzr.ToolBox.Core.Tests.StringUtilsTest.IsNotEmpty_WithEmptyString_ShouldReturnFalse" computerName="WORKSTATION" duration="00:00:00.0010000" startTime="2019-11-05T22:49:29.8828518-03:00" endTime="2019-11-05T22:49:29.8828525-03:00" testType="13cdc9d9-ddb5-4fa4-a97d-d965ccfc6d4b" outcome="Passed" testListId="8c84fa94-04c1-424b-9868-57a2d4851a1d" relativeResultsDirectory="375e5cd1-a150-4f61-9d25-b755c60aedcb" />
    <UnitTestResult executionId="7cf9f495-e4f9-4f1a-aa01-89ae3f4c484b" testId="b34056e1-a0f1-b9c6-4cf9-a385bfe323c6" testName="Nzr.ToolBox.Core.Tests.StringUtilsTest.IsEmpty_WithNullString_ShouldReturnTrue" computerName="WORKSTATION" duration="00:00:00.0010000" startTime="2019-11-05T22:49:29.8834332-03:00" endTime="2019-11-05T22:49:29.8834335-03:00" testType="13cdc9d9-ddb5-4fa4-a97d-d965ccfc6d4b" outcome="Passed" testListId="8c84fa94-04c1-424b-9868-57a2d4851a1d" relativeResultsDirectory="7cf9f495-e4f9-4f1a-aa01-89ae3f4c484b" />
    <UnitTestResult executionId="3d95cda4-fe01-45e3-8edf-db3c688a008b" testId="82b6aab1-e835-8e28-1aa8-e6764ddd6ce8" testName="Nzr.ToolBox.Core.Tests.RandomUtilsTest.RandomString_WithNumbersOnly_ShouldReturnNumericString" computerName="WORKSTATION" duration="00:00:00.0010000" startTime="2019-11-05T22:49:29.8976321-03:00" endTime="2019-11-05T22:49:29.8976322-03:00" testType="13cdc9d9-ddb5-4fa4-a97d-d965ccfc6d4b" outcome="Passed" testListId="8c84fa94-04c1-424b-9868-57a2d4851a1d" relativeResultsDirectory="3d95cda4-fe01-45e3-8edf-db3c688a008b" />
    <UnitTestResult executionId="d251b265-60ee-415d-9fc3-ccaada9bb70c" testId="3c6ff78b-37a5-1893-6545-c9982c97f098" testName="Nzr.ToolBox.Core.Tests.RandomUtilsTest.RandomString_WithLetterOnly_ShouldReturnAlphaString" computerName="WORKSTATION" duration="00:00:00.0080000" startTime="2019-11-05T22:49:29.7942140-03:00" endTime="2019-11-05T22:49:29.7942143-03:00" testType="13cdc9d9-ddb5-4fa4-a97d-d965ccfc6d4b" outcome="Passed" testListId="8c84fa94-04c1-424b-9868-57a2d4851a1d" relativeResultsDirectory="d251b265-60ee-415d-9fc3-ccaada9bb70c" />
    <UnitTestResult executionId="6164905b-1e58-44ff-8e3d-bf77ae294c86" testId="4b89d93e-7058-25e8-68ff-2910059c6bc1" testName="Nzr.ToolBox.Core.Tests.RandomUtilsTest.RandomString_WithSpecificChars_ShouldReturnSpecificString" computerName="WORKSTATION" duration="00:00:00.0570000" startTime="2019-11-05T22:49:30.2673375-03:00" endTime="2019-11-05T22:49:30.2673383-03:00" testType="13cdc9d9-ddb5-4fa4-a97d-d965ccfc6d4b" outcome="Passed" testListId="8c84fa94-04c1-424b-9868-57a2d4851a1d" relativeResultsDirectory="6164905b-1e58-44ff-8e3d-bf77ae294c86" />
    <UnitTestResult executionId="43e4483a-0b8a-47ab-b22a-1c61fa7c8721" testId="74f87d91-26ae-d1ee-e1f8-2525d41bbd83" testName="Nzr.ToolBox.Core.Tests.BooleanUtilsTests.ToBool_WithNonPositiveString_ShouldReturnFalse(value: &quot;N&quot;)" computerName="WORKSTATION" duration="00:00:00.0010000" startTime="2019-11-05T22:49:29.8022219-03:00" endTime="2019-11-05T22:49:29.8022221-03:00" testType="13cdc9d9-ddb5-4fa4-a97d-d965ccfc6d4b" outcome="Passed" testListId="8c84fa94-04c1-424b-9868-57a2d4851a1d" relativeResultsDirectory="43e4483a-0b8a-47ab-b22a-1c61fa7c8721" />
    <UnitTestResult executionId="bb903b68-ecd0-496b-92be-62b105f40b82" testId="db3b74da-9390-9353-7e36-7ce7be8597b2" testName="Nzr.ToolBox.Core.Tests.BooleanUtilsTests.ToBool_WithPositiveString_ShouldReturnTrue(value: &quot;1&quot;)" computerName="WORKSTATION" duration="00:00:00.0010000" startTime="2019-11-05T22:49:29.7817493-03:00" endTime="2019-11-05T22:49:29.7817497-03:00" testType="13cdc9d9-ddb5-4fa4-a97d-d965ccfc6d4b" outcome="Passed" testListId="8c84fa94-04c1-424b-9868-57a2d4851a1d" relativeResultsDirectory="bb903b68-ecd0-496b-92be-62b105f40b82" />
    <UnitTestResult executionId="1e132b14-20ab-4da1-90de-15bc19c6e407" testId="7afb5e69-89d1-7f64-d310-d8ca755d44a5" testName="Nzr.ToolBox.Core.Tests.NumberUtilsTest.Sum_ShouldReturnSummedValues" computerName="WORKSTATION" duration="00:00:00.0080000" startTime="2019-11-05T22:49:29.8537048-03:00" endTime="2019-11-05T22:49:29.8537051-03:00" testType="13cdc9d9-ddb5-4fa4-a97d-d965ccfc6d4b" outcome="Passed" testListId="8c84fa94-04c1-424b-9868-57a2d4851a1d" relativeResultsDirectory="1e132b14-20ab-4da1-90de-15bc19c6e407" />
    <UnitTestResult executionId="83525f86-757d-49f6-be45-4f97ec442d86" testId="467648af-fb2a-b6b9-e76e-8f94779eb7f6" testName="Nzr.ToolBox.Core.Tests.StringUtilsTest.Prefix_WithNonExistingPrefix_ShouldAddPrefix" computerName="WORKSTATION" duration="00:00:00.0010000" startTime="2019-11-05T22:49:29.8487432-03:00" endTime="2019-11-05T22:49:29.8487436-03:00" testType="13cdc9d9-ddb5-4fa4-a97d-d965ccfc6d4b" outcome="Passed" testListId="8c84fa94-04c1-424b-9868-57a2d4851a1d" relativeResultsDirectory="83525f86-757d-49f6-be45-4f97ec442d86" />
    <UnitTestResult executionId="cae67bf4-e4d3-422f-91c7-49d195cdc612" testId="81f4be93-f58a-fe7a-4fed-525380a4a47a" testName="Nzr.ToolBox.Core.Tests.StringUtilsTest.ContainsNone_WithOrdinalIgnoreCaseStringContainingOneOfSubstring_ShouldReturnFalse" computerName="WORKSTATION" duration="00:00:00.0010000" startTime="2019-11-05T22:49:29.8773141-03:00" endTime="2019-11-05T22:49:29.8773144-03:00" testType="13cdc9d9-ddb5-4fa4-a97d-d965ccfc6d4b" outcome="Passed" testListId="8c84fa94-04c1-424b-9868-57a2d4851a1d" relativeResultsDirectory="cae67bf4-e4d3-422f-91c7-49d195cdc612" />
    <UnitTestResult executionId="37d6ea8b-bd73-40dc-ae7a-8e9f861bd171" testId="abaeb843-e95d-5629-dacd-9477aefd8dd6" testName="Nzr.ToolBox.Core.Tests.NumberUtilsTest.Min_ShouldReturnMinValues" computerName="WORKSTATION" duration="00:00:00.0130000" startTime="2019-11-05T22:49:29.8710045-03:00" endTime="2019-11-05T22:49:29.8710047-03:00" testType="13cdc9d9-ddb5-4fa4-a97d-d965ccfc6d4b" outcome="Passed" testListId="8c84fa94-04c1-424b-9868-57a2d4851a1d" relativeResultsDirectory="37d6ea8b-bd73-40dc-ae7a-8e9f861bd171" />
    <UnitTestResult executionId="fe6abea9-c2cf-4518-9775-9dafb9e51c8b" testId="f17c6f13-62c6-75d6-4586-0ee5d254add5" testName="Nzr.ToolBox.Core.Tests.StringUtilsTest.IsAnyEmpty_WithOneNullStrings_ShouldReturnTrue" computerName="WORKSTATION" duration="00:00:00.0010000" startTime="2019-11-05T22:49:29.8870321-03:00" endTime="2019-11-05T22:49:29.8870322-03:00" testType="13cdc9d9-ddb5-4fa4-a97d-d965ccfc6d4b" outcome="Passed" testListId="8c84fa94-04c1-424b-9868-57a2d4851a1d" relativeResultsDirectory="fe6abea9-c2cf-4518-9775-9dafb9e51c8b" />
    <UnitTestResult executionId="3c092c84-e275-48f0-aef2-e42b9da2c415" testId="305d4b60-f535-6695-064c-c7ca50f6aff3" testName="Nzr.ToolBox.Core.Tests.CollectionUtilsTests.ForEach_WithList_ShouldExecuteFunction" computerName="WORKSTATION" duration="00:00:00.0010000" startTime="2019-11-05T22:49:29.8324574-03:00" endTime="2019-11-05T22:49:29.8324577-03:00" testType="13cdc9d9-ddb5-4fa4-a97d-d965ccfc6d4b" outcome="Passed" testListId="8c84fa94-04c1-424b-9868-57a2d4851a1d" relativeResultsDirectory="3c092c84-e275-48f0-aef2-e42b9da2c415" />
    <UnitTestResult executionId="50b155c4-3ba1-45c4-997d-37572f8358d2" testId="fbdaa9da-fa50-bdbe-26ce-99c244b40305" testName="Nzr.ToolBox.Core.Tests.StringUtilsTest.Append_WithNullString_ShouldReturnNull" computerName="WORKSTATION" duration="00:00:00.0010000" startTime="2019-11-05T22:49:29.8589666-03:00" endTime="2019-11-05T22:49:29.8589669-03:00" testType="13cdc9d9-ddb5-4fa4-a97d-d965ccfc6d4b" outcome="Passed" testListId="8c84fa94-04c1-424b-9868-57a2d4851a1d" relativeResultsDirectory="50b155c4-3ba1-45c4-997d-37572f8358d2" />
    <UnitTestResult executionId="278f3656-6518-4341-84a9-4d15a6fb9985" testId="9847e038-8e7e-bbcd-0cca-216082d13779" testName="Nzr.ToolBox.Core.Tests.StringUtilsTest.Format_WithFormatString_ShouldReturnFormatedString" computerName="WORKSTATION" duration="00:00:00.0010000" startTime="2019-11-05T22:49:29.8972996-03:00" endTime="2019-11-05T22:49:29.8972999-03:00" testType="13cdc9d9-ddb5-4fa4-a97d-d965ccfc6d4b" outcome="Passed" testListId="8c84fa94-04c1-424b-9868-57a2d4851a1d" relativeResultsDirectory="278f3656-6518-4341-84a9-4d15a6fb9985" />
    <UnitTestResult executionId="3ec420b0-61aa-4a86-84b9-ed98aacd8e73" testId="ddf79c4c-8da7-56b7-7410-d2ba78b09801" testName="Nzr.ToolBox.Core.Tests.BooleanUtilsTests.Describe_WihFalseValueAndWithDefaultFlaseString_ShouldReturnYes" computerName="WORKSTATION" duration="00:00:00.0010000" startTime="2019-11-05T22:49:29.8136762-03:00" endTime="2019-11-05T22:49:29.8136764-03:00" testType="13cdc9d9-ddb5-4fa4-a97d-d965ccfc6d4b" outcome="Passed" testListId="8c84fa94-04c1-424b-9868-57a2d4851a1d" relativeResultsDirectory="3ec420b0-61aa-4a86-84b9-ed98aacd8e73" />
    <UnitTestResult executionId="a97918ab-4fe4-49b2-9111-5ffe9bb45e0a" testId="a17b2044-60f5-4812-5bc4-2de8d6ca5463" testName="Nzr.ToolBox.Core.Tests.RandomUtilsTest.RandomDecimal_ShouldReturnUniqueValues(iterations: 10000, seed: null)" computerName="WORKSTATION" duration="00:00:00.0350000" startTime="2019-11-05T22:49:30.0547606-03:00" endTime="2019-11-05T22:49:30.0547613-03:00" testType="13cdc9d9-ddb5-4fa4-a97d-d965ccfc6d4b" outcome="Passed" testListId="8c84fa94-04c1-424b-9868-57a2d4851a1d" relativeResultsDirectory="a97918ab-4fe4-49b2-9111-5ffe9bb45e0a" />
    <UnitTestResult executionId="c5a83fe8-d415-4056-9d51-32634d825547" testId="a8aeaf6c-55aa-4255-8afb-adec0e7c74a8" testName="Nzr.ToolBox.Core.Tests.StringUtilsTest.ContainsAny_WithOrdinalIgnoreCaseNullStringWithNullAsSubstrings_ShouldReturnTrue" computerName="WORKSTATION" duration="00:00:00.0130000" startTime="2019-11-05T22:49:29.8288353-03:00" endTime="2019-11-05T22:49:29.8288356-03:00" testType="13cdc9d9-ddb5-4fa4-a97d-d965ccfc6d4b" outcome="Passed" testListId="8c84fa94-04c1-424b-9868-57a2d4851a1d" relativeResultsDirectory="c5a83fe8-d415-4056-9d51-32634d825547" />
    <UnitTestResult executionId="8eee0b7b-d5e7-4cf8-bf38-96a0b0d8437c" testId="e8533fcc-bc29-5fe3-a5ee-e79f5f2b1440" testName="Nzr.ToolBox.Core.Tests.NumberUtilsTest.Abst_ShouldReturnAbsoluteValues" computerName="WORKSTATION" duration="00:00:00.0600000" startTime="2019-11-05T22:49:29.8436355-03:00" endTime="2019-11-05T22:49:29.8436358-03:00" testType="13cdc9d9-ddb5-4fa4-a97d-d965ccfc6d4b" outcome="Passed" testListId="8c84fa94-04c1-424b-9868-57a2d4851a1d" relativeResultsDirectory="8eee0b7b-d5e7-4cf8-bf38-96a0b0d8437c" />
    <UnitTestResult executionId="d9537b4b-4dca-4145-8a64-a03e19a9b8bd" testId="742450a8-e573-0feb-532b-212dbe3a2108" testName="Nzr.ToolBox.Core.Tests.BooleanUtilsTests.Describe_WihNullValueAndWitCustomNullString_ShouldReturnCustomString" computerName="WORKSTATION" duration="00:00:00.0010000" startTime="2019-11-05T22:49:29.8061844-03:00" endTime="2019-11-05T22:49:29.8061847-03:00" testType="13cdc9d9-ddb5-4fa4-a97d-d965ccfc6d4b" outcome="Passed" testListId="8c84fa94-04c1-424b-9868-57a2d4851a1d" relativeResultsDirectory="d9537b4b-4dca-4145-8a64-a03e19a9b8bd" />
    <UnitTestResult executionId="0509dc5a-6ac0-4107-ba18-254db6ae34d8" testId="1dfcddc7-2376-1f70-3151-1b7cb4b3c7c1" testName="Nzr.ToolBox.Core.Tests.StringUtilsTest.RemoveStart_WithExistingStringsUsingOrdinalCase_ShouldNotRemoveStarts" computerName="WORKSTATION" duration="00:00:00.0010000" startTime="2019-11-05T22:49:29.8135719-03:00" endTime="2019-11-05T22:49:29.8135721-03:00" testType="13cdc9d9-ddb5-4fa4-a97d-d965ccfc6d4b" outcome="Passed" testListId="8c84fa94-04c1-424b-9868-57a2d4851a1d" relativeResultsDirectory="0509dc5a-6ac0-4107-ba18-254db6ae34d8" />
    <UnitTestResult executionId="9a1d5221-c05c-4057-8440-2ede82f66c26" testId="7105bf79-1b8a-62bc-ff30-e967b860c8fb" testName="Nzr.ToolBox.Core.Tests.StringUtilsTest.Prefix_WithExistingPrefixAndOverride_ShouldAddPrefix" computerName="WORKSTATION" duration="00:00:00.0010000" startTime="2019-11-05T22:49:29.8873466-03:00" endTime="2019-11-05T22:49:29.8873467-03:00" testType="13cdc9d9-ddb5-4fa4-a97d-d965ccfc6d4b" outcome="Passed" testListId="8c84fa94-04c1-424b-9868-57a2d4851a1d" relativeResultsDirectory="9a1d5221-c05c-4057-8440-2ede82f66c26" />
    <UnitTestResult executionId="cacd0f5f-3288-4375-834f-01381794204b" testId="2821175c-220a-922a-c241-441509e8a4e0" testName="Nzr.ToolBox.Core.Tests.CollectionUtilsTests.ContainsAny_WithEnumerableAndSomeOfOtherElements_ShouldReturnTrue" computerName="WORKSTATION" duration="00:00:00.0320000" startTime="2019-11-05T22:49:29.7291045-03:00" endTime="2019-11-05T22:49:29.7291047-03:00" testType="13cdc9d9-ddb5-4fa4-a97d-d965ccfc6d4b" outcome="Passed" testListId="8c84fa94-04c1-424b-9868-57a2d4851a1d" relativeResultsDirectory="cacd0f5f-3288-4375-834f-01381794204b" />
    <UnitTestResult executionId="c3e15f7b-473f-4fa1-af5b-544eb4b36472" testId="39187814-7948-31bd-4290-daef6ab2e603" testName="Nzr.ToolBox.Core.Tests.CollectionUtilsTests.IndexOf_WithNonExistingItem_ShouldReturnMinusOne" computerName="WORKSTATION" duration="00:00:00.0110000" startTime="2019-11-05T22:49:29.7949431-03:00" endTime="2019-11-05T22:49:29.7949434-03:00" testType="13cdc9d9-ddb5-4fa4-a97d-d965ccfc6d4b" outcome="Passed" testListId="8c84fa94-04c1-424b-9868-57a2d4851a1d" relativeResultsDirectory="c3e15f7b-473f-4fa1-af5b-544eb4b36472" />
    <UnitTestResult executionId="a6d10655-c0ce-4854-b4a9-71dcfad931c5" testId="9fb46542-0618-28a9-23e6-da1922161605" testName="Nzr.ToolBox.Core.Tests.StringUtilsTest.ContainsAny_WithOrdinalIgnoreCaseNullString_ShouldReturnFalse" computerName="WORKSTATION" duration="00:00:00.0010000" startTime="2019-11-05T22:49:29.8673599-03:00" endTime="2019-11-05T22:49:29.8673601-03:00" testType="13cdc9d9-ddb5-4fa4-a97d-d965ccfc6d4b" outcome="Passed" testListId="8c84fa94-04c1-424b-9868-57a2d4851a1d" relativeResultsDirectory="a6d10655-c0ce-4854-b4a9-71dcfad931c5" />
    <UnitTestResult executionId="0f775a1d-179d-4808-a175-10af2430b9d3" testId="d96c4133-05ac-c52a-39ad-da9730d7d1d4" testName="Nzr.ToolBox.Core.Tests.ReflectionUtilsTest.GetPropertyNames_WithEntity_ShouldReturnPropertyNames" computerName="WORKSTATION" duration="00:00:00.0100000" startTime="2019-11-05T22:49:29.8323740-03:00" endTime="2019-11-05T22:49:29.8323742-03:00" testType="13cdc9d9-ddb5-4fa4-a97d-d965ccfc6d4b" outcome="Passed" testListId="8c84fa94-04c1-424b-9868-57a2d4851a1d" relativeResultsDirectory="0f775a1d-179d-4808-a175-10af2430b9d3" />
    <UnitTestResult executionId="be21d837-1b69-406a-b9ad-ab7248256421" testId="eb0227c1-b25a-b6ec-c3b3-242fa974349b" testName="Nzr.ToolBox.Core.Tests.StringUtilsTest.IsNotNumber_WithNull_ShouldReturnTrue" computerName="WORKSTATION" duration="00:00:00.0010000" startTime="2019-11-05T22:49:29.8736532-03:00" endTime="2019-11-05T22:49:29.8736533-03:00" testType="13cdc9d9-ddb5-4fa4-a97d-d965ccfc6d4b" outcome="Passed" testListId="8c84fa94-04c1-424b-9868-57a2d4851a1d" relativeResultsDirectory="be21d837-1b69-406a-b9ad-ab7248256421" />
    <UnitTestResult executionId="6874fe8a-27ba-4175-b93b-ac3dfcbea98e" testId="f037f0e5-645a-5ce7-bffe-ad45531b131d" testName="Nzr.ToolBox.Core.Tests.StringUtilsTest.IsBlank_WithNullString_ShouldReturnTrue" computerName="WORKSTATION" duration="00:00:00.0010000" startTime="2019-11-05T22:49:29.8063611-03:00" endTime="2019-11-05T22:49:29.8063613-03:00" testType="13cdc9d9-ddb5-4fa4-a97d-d965ccfc6d4b" outcome="Passed" testListId="8c84fa94-04c1-424b-9868-57a2d4851a1d" relativeResultsDirectory="6874fe8a-27ba-4175-b93b-ac3dfcbea98e" />
    <UnitTestResult executionId="ade4ccd6-4051-4b2d-ad00-b7d769c0b9e3" testId="efc2d993-18be-3c80-9e27-1d4e6cfd44ac" testName="Nzr.ToolBox.Core.Tests.StringUtilsTest.IsAnyBlank_WithOneBlank_ShouldReturnTrue" computerName="WORKSTATION" duration="00:00:00.0010000" startTime="2019-11-05T22:49:29.8874030-03:00" endTime="2019-11-05T22:49:29.8874032-03:00" testType="13cdc9d9-ddb5-4fa4-a97d-d965ccfc6d4b" outcome="Passed" testListId="8c84fa94-04c1-424b-9868-57a2d4851a1d" relativeResultsDirectory="ade4ccd6-4051-4b2d-ad00-b7d769c0b9e3" />
    <UnitTestResult executionId="0b887c47-7b12-4e6a-a8db-05b3fd3aec36" testId="8cfb34fe-4adc-92b2-4e95-dd104149bccb" testName="Nzr.ToolBox.Core.Tests.StringUtilsTest.Repeat_WithNonNull_ShouldReturnValuesTimesGiven" computerName="WORKSTATION" duration="00:00:00.0010000" startTime="2019-11-05T22:49:29.8831957-03:00" endTime="2019-11-05T22:49:29.8831961-03:00" testType="13cdc9d9-ddb5-4fa4-a97d-d965ccfc6d4b" outcome="Passed" testListId="8c84fa94-04c1-424b-9868-57a2d4851a1d" relativeResultsDirectory="0b887c47-7b12-4e6a-a8db-05b3fd3aec36" />
    <UnitTestResult executionId="681707c9-c31f-4dff-a5c8-49687804bf9c" testId="164b891a-cd2a-f888-7f37-eb0e28476c0f" testName="Nzr.ToolBox.Core.Tests.ObjectUtilsTest.LastNonNull_WithAnyNonNull_ShouldReturnLastNonNull" computerName="WORKSTATION" duration="00:00:00.0020000" startTime="2019-11-05T22:49:30.1463549-03:00" endTime="2019-11-05T22:49:30.1463558-03:00" testType="13cdc9d9-ddb5-4fa4-a97d-d965ccfc6d4b" outcome="Passed" testListId="8c84fa94-04c1-424b-9868-57a2d4851a1d" relativeResultsDirectory="681707c9-c31f-4dff-a5c8-49687804bf9c" />
  </Results>
  <TestDefinitions>
    <UnitTest name="Nzr.ToolBox.Core.Tests.StringUtilsTest.IsAllEmpty_WithNullStrings_ShouldReturnTrue" storage="c:\workspace\personal\nzr.toolbox\dotnet\nzr.toolbox.core.tests\bin\debug\netcoreapp2.2\nzr.toolbox.core.tests.dll" id="e7c5d70f-845a-794e-5db5-61ecf0bcf4a3">
      <Execution id="ecefe87c-525d-4648-bb17-538f8c4986c5" />
      <TestMethod codeBase="C:\workspace\personal\Nzr.ToolBox\dotnet\Nzr.ToolBox.Core.Tests\bin\Debug\netcoreapp2.2\Nzr.ToolBox.Core.Tests.dll" adapterTypeName="executor://xunit/VsTestRunner2/netcoreapp" className="Nzr.ToolBox.Core.Tests.StringUtilsTest" name="Nzr.ToolBox.Core.Tests.StringUtilsTest.IsAllEmpty_WithNullStrings_ShouldReturnTrue" />
    </UnitTest>
    <UnitTest name="Nzr.ToolBox.Core.Tests.StringUtilsTest.Reverse_WithString_ShouldReturnReversedString" storage="c:\workspace\personal\nzr.toolbox\dotnet\nzr.toolbox.core.tests\bin\debug\netcoreapp2.2\nzr.toolbox.core.tests.dll" id="e4949cfa-e33d-2fd1-5bcc-b5f6b9db1ce9">
      <Execution id="4dccb779-e7c1-44a1-a756-9a8c64c6dc2a" />
      <TestMethod codeBase="C:\workspace\personal\Nzr.ToolBox\dotnet\Nzr.ToolBox.Core.Tests\bin\Debug\netcoreapp2.2\Nzr.ToolBox.Core.Tests.dll" adapterTypeName="executor://xunit/VsTestRunner2/netcoreapp" className="Nzr.ToolBox.Core.Tests.StringUtilsTest" name="Nzr.ToolBox.Core.Tests.StringUtilsTest.Reverse_WithString_ShouldReturnReversedString" />
    </UnitTest>
    <UnitTest name="Nzr.ToolBox.Core.Tests.StringUtilsTest.ContainsAny_WithOrdinalIgnoreCaseStringContainingOneOfSubstring_ShouldReturnTrue" storage="c:\workspace\personal\nzr.toolbox\dotnet\nzr.toolbox.core.tests\bin\debug\netcoreapp2.2\nzr.toolbox.core.tests.dll" id="ef8414b8-93fc-9937-7131-0c62836c71c1">
      <Execution id="85fbe06b-49e9-4a6d-8a45-19c422574d4b" />
      <TestMethod codeBase="C:\workspace\personal\Nzr.ToolBox\dotnet\Nzr.ToolBox.Core.Tests\bin\Debug\netcoreapp2.2\Nzr.ToolBox.Core.Tests.dll" adapterTypeName="executor://xunit/VsTestRunner2/netcoreapp" className="Nzr.ToolBox.Core.Tests.StringUtilsTest" name="Nzr.ToolBox.Core.Tests.StringUtilsTest.ContainsAny_WithOrdinalIgnoreCaseStringContainingOneOfSubstring_ShouldReturnTrue" />
    </UnitTest>
    <UnitTest name="Nzr.ToolBox.Core.Tests.RandomUtilsTest.RandomBoolean_ShouldReturnUniqueValues(iterations: 10000, seed: null)" storage="c:\workspace\personal\nzr.toolbox\dotnet\nzr.toolbox.core.tests\bin\debug\netcoreapp2.2\nzr.toolbox.core.tests.dll" id="1d7cc1dd-bfaa-4d32-a622-84b65b12bf5d">
      <Execution id="19fe0302-4d6b-43e1-882a-613443d9ce60" />
      <TestMethod codeBase="C:\workspace\personal\Nzr.ToolBox\dotnet\Nzr.ToolBox.Core.Tests\bin\Debug\netcoreapp2.2\Nzr.ToolBox.Core.Tests.dll" adapterTypeName="executor://xunit/VsTestRunner2/netcoreapp" className="Nzr.ToolBox.Core.Tests.RandomUtilsTest" name="Nzr.ToolBox.Core.Tests.RandomUtilsTest.RandomBoolean_ShouldReturnUniqueValues(iterations: 10000, seed: null)" />
    </UnitTest>
    <UnitTest name="Nzr.ToolBox.Core.Tests.BooleanUtilsTests.IsFalse_WithTrueValue_ShouldReturnFalse" storage="c:\workspace\personal\nzr.toolbox\dotnet\nzr.toolbox.core.tests\bin\debug\netcoreapp2.2\nzr.toolbox.core.tests.dll" id="3c08c190-08d7-dfc9-ae9e-484d70f645bc">
      <Execution id="470edc29-98cc-48a0-ba5a-994fc4701d1b" />
      <TestMethod codeBase="C:\workspace\personal\Nzr.ToolBox\dotnet\Nzr.ToolBox.Core.Tests\bin\Debug\netcoreapp2.2\Nzr.ToolBox.Core.Tests.dll" adapterTypeName="executor://xunit/VsTestRunner2/netcoreapp" className="Nzr.ToolBox.Core.Tests.BooleanUtilsTests" name="Nzr.ToolBox.Core.Tests.BooleanUtilsTests.IsFalse_WithTrueValue_ShouldReturnFalse" />
    </UnitTest>
    <UnitTest name="Nzr.ToolBox.Core.Tests.BooleanUtilsTests.IsAnyFalse_WithOneFalseValue_ShouldReturnTrue" storage="c:\workspace\personal\nzr.toolbox\dotnet\nzr.toolbox.core.tests\bin\debug\netcoreapp2.2\nzr.toolbox.core.tests.dll" id="a34cc59c-504f-45fa-746c-15b1a11e5627">
      <Execution id="36f24a70-d0fe-4e69-95bd-07515624e525" />
      <TestMethod codeBase="C:\workspace\personal\Nzr.ToolBox\dotnet\Nzr.ToolBox.Core.Tests\bin\Debug\netcoreapp2.2\Nzr.ToolBox.Core.Tests.dll" adapterTypeName="executor://xunit/VsTestRunner2/netcoreapp" className="Nzr.ToolBox.Core.Tests.BooleanUtilsTests" name="Nzr.ToolBox.Core.Tests.BooleanUtilsTests.IsAnyFalse_WithOneFalseValue_ShouldReturnTrue" />
    </UnitTest>
    <UnitTest name="Nzr.ToolBox.Core.Tests.StringUtilsTest.RemoveEnd_WithExistingStringsUsingOrdinalCase_ShouldNotRemoveEnds" storage="c:\workspace\personal\nzr.toolbox\dotnet\nzr.toolbox.core.tests\bin\debug\netcoreapp2.2\nzr.toolbox.core.tests.dll" id="49936fc4-4825-29e4-106c-2b5397c160c6">
      <Execution id="0f5be058-3ee0-466e-a4b0-84bf7d7acced" />
      <TestMethod codeBase="C:\workspace\personal\Nzr.ToolBox\dotnet\Nzr.ToolBox.Core.Tests\bin\Debug\netcoreapp2.2\Nzr.ToolBox.Core.Tests.dll" adapterTypeName="executor://xunit/VsTestRunner2/netcoreapp" className="Nzr.ToolBox.Core.Tests.StringUtilsTest" name="Nzr.ToolBox.Core.Tests.StringUtilsTest.RemoveEnd_WithExistingStringsUsingOrdinalCase_ShouldNotRemoveEnds" />
    </UnitTest>
    <UnitTest name="Nzr.ToolBox.Core.Tests.CollectionUtilsTests.GetKey_WithMappedInput_ShouldReturnKey" storage="c:\workspace\personal\nzr.toolbox\dotnet\nzr.toolbox.core.tests\bin\debug\netcoreapp2.2\nzr.toolbox.core.tests.dll" id="605b98ce-b18c-dba8-4c19-a7179b0b35c6">
      <Execution id="17f0872b-cfe9-4415-ac09-7aaf535a131d" />
      <TestMethod codeBase="C:\workspace\personal\Nzr.ToolBox\dotnet\Nzr.ToolBox.Core.Tests\bin\Debug\netcoreapp2.2\Nzr.ToolBox.Core.Tests.dll" adapterTypeName="executor://xunit/VsTestRunner2/netcoreapp" className="Nzr.ToolBox.Core.Tests.CollectionUtilsTests" name="Nzr.ToolBox.Core.Tests.CollectionUtilsTests.GetKey_WithMappedInput_ShouldReturnKey" />
    </UnitTest>
    <UnitTest name="Nzr.ToolBox.Core.Tests.CollectionUtilsTests.Get_WithEnumerableWithExistingIndex_ShouldReturnValue" storage="c:\workspace\personal\nzr.toolbox\dotnet\nzr.toolbox.core.tests\bin\debug\netcoreapp2.2\nzr.toolbox.core.tests.dll" id="8851b8ca-4481-2bea-be87-f6ae65909b6d">
      <Execution id="741c4a32-4dd1-4609-b80e-2cbcb10fe8fa" />
      <TestMethod codeBase="C:\workspace\personal\Nzr.ToolBox\dotnet\Nzr.ToolBox.Core.Tests\bin\Debug\netcoreapp2.2\Nzr.ToolBox.Core.Tests.dll" adapterTypeName="executor://xunit/VsTestRunner2/netcoreapp" className="Nzr.ToolBox.Core.Tests.CollectionUtilsTests" name="Nzr.ToolBox.Core.Tests.CollectionUtilsTests.Get_WithEnumerableWithExistingIndex_ShouldReturnValue" />
    </UnitTest>
    <UnitTest name="Nzr.ToolBox.Core.Tests.StringUtilsTest.RemoveStart_WithExistingStrings_ShouldReturnCleanedString" storage="c:\workspace\personal\nzr.toolbox\dotnet\nzr.toolbox.core.tests\bin\debug\netcoreapp2.2\nzr.toolbox.core.tests.dll" id="df88d8b1-a81b-086c-6c41-e23fcac9c165">
      <Execution id="265b51ac-cbc0-4b50-8249-b877947a8ee5" />
      <TestMethod codeBase="C:\workspace\personal\Nzr.ToolBox\dotnet\Nzr.ToolBox.Core.Tests\bin\Debug\netcoreapp2.2\Nzr.ToolBox.Core.Tests.dll" adapterTypeName="executor://xunit/VsTestRunner2/netcoreapp" className="Nzr.ToolBox.Core.Tests.StringUtilsTest" name="Nzr.ToolBox.Core.Tests.StringUtilsTest.RemoveStart_WithExistingStrings_ShouldReturnCleanedString" />
    </UnitTest>
    <UnitTest name="Nzr.ToolBox.Core.Tests.CollectionUtilsTests.ForEach_WithList_ShouldExecuteFunction" storage="c:\workspace\personal\nzr.toolbox\dotnet\nzr.toolbox.core.tests\bin\debug\netcoreapp2.2\nzr.toolbox.core.tests.dll" id="305d4b60-f535-6695-064c-c7ca50f6aff3">
      <Execution id="3c092c84-e275-48f0-aef2-e42b9da2c415" />
      <TestMethod codeBase="C:\workspace\personal\Nzr.ToolBox\dotnet\Nzr.ToolBox.Core.Tests\bin\Debug\netcoreapp2.2\Nzr.ToolBox.Core.Tests.dll" adapterTypeName="executor://xunit/VsTestRunner2/netcoreapp" className="Nzr.ToolBox.Core.Tests.CollectionUtilsTests" name="Nzr.ToolBox.Core.Tests.CollectionUtilsTests.ForEach_WithList_ShouldExecuteFunction" />
    </UnitTest>
    <UnitTest name="Nzr.ToolBox.Core.Tests.BooleanUtilsTests.IsAnyTrue_WithAllFalseValues_ShouldReturnFalse" storage="c:\workspace\personal\nzr.toolbox\dotnet\nzr.toolbox.core.tests\bin\debug\netcoreapp2.2\nzr.toolbox.core.tests.dll" id="3f13a7b6-337e-e068-e2f4-569bb1afc599">
      <Execution id="8071d9f7-c2e8-439d-b34a-c1309765a537" />
      <TestMethod codeBase="C:\workspace\personal\Nzr.ToolBox\dotnet\Nzr.ToolBox.Core.Tests\bin\Debug\netcoreapp2.2\Nzr.ToolBox.Core.Tests.dll" adapterTypeName="executor://xunit/VsTestRunner2/netcoreapp" className="Nzr.ToolBox.Core.Tests.BooleanUtilsTests" name="Nzr.ToolBox.Core.Tests.BooleanUtilsTests.IsAnyTrue_WithAllFalseValues_ShouldReturnFalse" />
    </UnitTest>
    <UnitTest name="Nzr.ToolBox.Core.Tests.StringUtilsTest.Append_WithNullString_ShouldReturnNull" storage="c:\workspace\personal\nzr.toolbox\dotnet\nzr.toolbox.core.tests\bin\debug\netcoreapp2.2\nzr.toolbox.core.tests.dll" id="fbdaa9da-fa50-bdbe-26ce-99c244b40305">
      <Execution id="50b155c4-3ba1-45c4-997d-37572f8358d2" />
      <TestMethod codeBase="C:\workspace\personal\Nzr.ToolBox\dotnet\Nzr.ToolBox.Core.Tests\bin\Debug\netcoreapp2.2\Nzr.ToolBox.Core.Tests.dll" adapterTypeName="executor://xunit/VsTestRunner2/netcoreapp" className="Nzr.ToolBox.Core.Tests.StringUtilsTest" name="Nzr.ToolBox.Core.Tests.StringUtilsTest.Append_WithNullString_ShouldReturnNull" />
    </UnitTest>
    <UnitTest name="Nzr.ToolBox.Core.Tests.RandomUtilsTest.RandomShort_ShouldReturnUniqueValues(iterations: 10000, seed: 1)" storage="c:\workspace\personal\nzr.toolbox\dotnet\nzr.toolbox.core.tests\bin\debug\netcoreapp2.2\nzr.toolbox.core.tests.dll" id="f87c411f-32d8-e0c9-1a61-7c5c01be8af6">
      <Execution id="badb0dc6-1ae8-4b05-b168-c1788143b077" />
      <TestMethod codeBase="C:\workspace\personal\Nzr.ToolBox\dotnet\Nzr.ToolBox.Core.Tests\bin\Debug\netcoreapp2.2\Nzr.ToolBox.Core.Tests.dll" adapterTypeName="executor://xunit/VsTestRunner2/netcoreapp" className="Nzr.ToolBox.Core.Tests.RandomUtilsTest" name="Nzr.ToolBox.Core.Tests.RandomUtilsTest.RandomShort_ShouldReturnUniqueValues(iterations: 10000, seed: 1)" />
    </UnitTest>
    <UnitTest name="Nzr.ToolBox.Core.Tests.StringUtilsTest.IsNotBlank_WithNullString_ShouldReturnFalse" storage="c:\workspace\personal\nzr.toolbox\dotnet\nzr.toolbox.core.tests\bin\debug\netcoreapp2.2\nzr.toolbox.core.tests.dll" id="dec4b2e5-eff9-2a89-8e71-4aef758046da">
      <Execution id="f7517359-63be-4354-b75f-7a0a300f3682" />
      <TestMethod codeBase="C:\workspace\personal\Nzr.ToolBox\dotnet\Nzr.ToolBox.Core.Tests\bin\Debug\netcoreapp2.2\Nzr.ToolBox.Core.Tests.dll" adapterTypeName="executor://xunit/VsTestRunner2/netcoreapp" className="Nzr.ToolBox.Core.Tests.StringUtilsTest" name="Nzr.ToolBox.Core.Tests.StringUtilsTest.IsNotBlank_WithNullString_ShouldReturnFalse" />
    </UnitTest>
    <UnitTest name="Nzr.ToolBox.Core.Tests.BooleanUtilsTests.ToBool_WithPositiveNonZero_ShouldReturnTrue(b: 1, s: 1, i: 1, l: 1, f: 1, d: 1, m: 1)" storage="c:\workspace\personal\nzr.toolbox\dotnet\nzr.toolbox.core.tests\bin\debug\netcoreapp2.2\nzr.toolbox.core.tests.dll" id="f681d49e-3f25-06a7-6205-1c8f2398b635">
      <Execution id="11bb73c2-31dc-4427-8037-2a922bce7124" />
      <TestMethod codeBase="C:\workspace\personal\Nzr.ToolBox\dotnet\Nzr.ToolBox.Core.Tests\bin\Debug\netcoreapp2.2\Nzr.ToolBox.Core.Tests.dll" adapterTypeName="executor://xunit/VsTestRunner2/netcoreapp" className="Nzr.ToolBox.Core.Tests.BooleanUtilsTests" name="Nzr.ToolBox.Core.Tests.BooleanUtilsTests.ToBool_WithPositiveNonZero_ShouldReturnTrue(b: 1, s: 1, i: 1, l: 1, f: 1, d: 1, m: 1)" />
    </UnitTest>
    <UnitTest name="Nzr.ToolBox.Core.Tests.StringUtilsTest.ContainsNone_WithOrdinalIgnoreCaseStringNotContainingOneOfSubstring_ShouldReturnTrue" storage="c:\workspace\personal\nzr.toolbox\dotnet\nzr.toolbox.core.tests\bin\debug\netcoreapp2.2\nzr.toolbox.core.tests.dll" id="456e732c-388b-f135-86e0-02f4f82041c1">
      <Execution id="72d33685-1b3d-4ec4-9ef0-0250555f3779" />
      <TestMethod codeBase="C:\workspace\personal\Nzr.ToolBox\dotnet\Nzr.ToolBox.Core.Tests\bin\Debug\netcoreapp2.2\Nzr.ToolBox.Core.Tests.dll" adapterTypeName="executor://xunit/VsTestRunner2/netcoreapp" className="Nzr.ToolBox.Core.Tests.StringUtilsTest" name="Nzr.ToolBox.Core.Tests.StringUtilsTest.ContainsNone_WithOrdinalIgnoreCaseStringNotContainingOneOfSubstring_ShouldReturnTrue" />
    </UnitTest>
    <UnitTest name="Nzr.ToolBox.Core.Tests.DateTimeUtilsTest.IsSameDay_WithDatesWithSameDay_ShouldReturnTrue" storage="c:\workspace\personal\nzr.toolbox\dotnet\nzr.toolbox.core.tests\bin\debug\netcoreapp2.2\nzr.toolbox.core.tests.dll" id="14b6413c-e1eb-0334-1dc2-58a621540c17">
      <Execution id="b334282b-33c5-43ed-acee-2b6ca5d417fe" />
      <TestMethod codeBase="C:\workspace\personal\Nzr.ToolBox\dotnet\Nzr.ToolBox.Core.Tests\bin\Debug\netcoreapp2.2\Nzr.ToolBox.Core.Tests.dll" adapterTypeName="executor://xunit/VsTestRunner2/netcoreapp" className="Nzr.ToolBox.Core.Tests.DateTimeUtilsTest" name="Nzr.ToolBox.Core.Tests.DateTimeUtilsTest.IsSameDay_WithDatesWithSameDay_ShouldReturnTrue" />
    </UnitTest>
    <UnitTest name="Nzr.ToolBox.Core.Tests.DateTimeUtilsTest.IsSameDay_WithCurrentDayAndNull_ShouldReturnTrue" storage="c:\workspace\personal\nzr.toolbox\dotnet\nzr.toolbox.core.tests\bin\debug\netcoreapp2.2\nzr.toolbox.core.tests.dll" id="3481e80b-1f65-cc03-2307-099b3c1f0f7c">
      <Execution id="efe2a9ad-646d-4f25-980d-56003758896c" />
      <TestMethod codeBase="C:\workspace\personal\Nzr.ToolBox\dotnet\Nzr.ToolBox.Core.Tests\bin\Debug\netcoreapp2.2\Nzr.ToolBox.Core.Tests.dll" adapterTypeName="executor://xunit/VsTestRunner2/netcoreapp" className="Nzr.ToolBox.Core.Tests.DateTimeUtilsTest" name="Nzr.ToolBox.Core.Tests.DateTimeUtilsTest.IsSameDay_WithCurrentDayAndNull_ShouldReturnTrue" />
    </UnitTest>
    <UnitTest name="Nzr.ToolBox.Core.Tests.DateTimeUtilsTest.FromEpoch_WithEpoch_ShouldReturnDateTime" storage="c:\workspace\personal\nzr.toolbox\dotnet\nzr.toolbox.core.tests\bin\debug\netcoreapp2.2\nzr.toolbox.core.tests.dll" id="9cb43f95-30da-e6bd-d3fb-74053a6f7143">
      <Execution id="607e7614-040b-48bf-9fe2-eacd70fa5d28" />
      <TestMethod codeBase="C:\workspace\personal\Nzr.ToolBox\dotnet\Nzr.ToolBox.Core.Tests\bin\Debug\netcoreapp2.2\Nzr.ToolBox.Core.Tests.dll" adapterTypeName="executor://xunit/VsTestRunner2/netcoreapp" className="Nzr.ToolBox.Core.Tests.DateTimeUtilsTest" name="Nzr.ToolBox.Core.Tests.DateTimeUtilsTest.FromEpoch_WithEpoch_ShouldReturnDateTime" />
    </UnitTest>
    <UnitTest name="Nzr.ToolBox.Core.Tests.CollectionUtilsTests.EmptyIfNull_WithNullGenericEnumerable_ShouldNewEnumerable" storage="c:\workspace\personal\nzr.toolbox\dotnet\nzr.toolbox.core.tests\bin\debug\netcoreapp2.2\nzr.toolbox.core.tests.dll" id="244ddabb-e392-9319-5f0f-5351f15a9ac9">
      <Execution id="face84fb-5742-4acf-a785-47d8ee1a8039" />
      <TestMethod codeBase="C:\workspace\personal\Nzr.ToolBox\dotnet\Nzr.ToolBox.Core.Tests\bin\Debug\netcoreapp2.2\Nzr.ToolBox.Core.Tests.dll" adapterTypeName="executor://xunit/VsTestRunner2/netcoreapp" className="Nzr.ToolBox.Core.Tests.CollectionUtilsTests" name="Nzr.ToolBox.Core.Tests.CollectionUtilsTests.EmptyIfNull_WithNullGenericEnumerable_ShouldNewEnumerable" />
    </UnitTest>
    <UnitTest name="Nzr.ToolBox.Core.Tests.StringUtilsTest.IsAnyBlank_WithOneBlank_ShouldReturnTrue" storage="c:\workspace\personal\nzr.toolbox\dotnet\nzr.toolbox.core.tests\bin\debug\netcoreapp2.2\nzr.toolbox.core.tests.dll" id="efc2d993-18be-3c80-9e27-1d4e6cfd44ac">
      <Execution id="ade4ccd6-4051-4b2d-ad00-b7d769c0b9e3" />
      <TestMethod codeBase="C:\workspace\personal\Nzr.ToolBox\dotnet\Nzr.ToolBox.Core.Tests\bin\Debug\netcoreapp2.2\Nzr.ToolBox.Core.Tests.dll" adapterTypeName="executor://xunit/VsTestRunner2/netcoreapp" className="Nzr.ToolBox.Core.Tests.StringUtilsTest" name="Nzr.ToolBox.Core.Tests.StringUtilsTest.IsAnyBlank_WithOneBlank_ShouldReturnTrue" />
    </UnitTest>
    <UnitTest name="Nzr.ToolBox.Core.Tests.BooleanUtilsTests.IsAnyFalse_WithAllTrueValues_ShouldReturnFalse" storage="c:\workspace\personal\nzr.toolbox\dotnet\nzr.toolbox.core.tests\bin\debug\netcoreapp2.2\nzr.toolbox.core.tests.dll" id="28ef9235-5d17-493e-f387-17901bee93d7">
      <Execution id="0886d6dd-72f2-499c-bbbd-d8252191b524" />
      <TestMethod codeBase="C:\workspace\personal\Nzr.ToolBox\dotnet\Nzr.ToolBox.Core.Tests\bin\Debug\netcoreapp2.2\Nzr.ToolBox.Core.Tests.dll" adapterTypeName="executor://xunit/VsTestRunner2/netcoreapp" className="Nzr.ToolBox.Core.Tests.BooleanUtilsTests" name="Nzr.ToolBox.Core.Tests.BooleanUtilsTests.IsAnyFalse_WithAllTrueValues_ShouldReturnFalse" />
    </UnitTest>
    <UnitTest name="Nzr.ToolBox.Core.Tests.StringUtilsTest.Format_WithNullString_ShouldReturnNull" storage="c:\workspace\personal\nzr.toolbox\dotnet\nzr.toolbox.core.tests\bin\debug\netcoreapp2.2\nzr.toolbox.core.tests.dll" id="39dfd282-5fe4-ceef-3391-cce4f58db31f">
      <Execution id="791d47f0-b225-4086-ae78-497113e0e815" />
      <TestMethod codeBase="C:\workspace\personal\Nzr.ToolBox\dotnet\Nzr.ToolBox.Core.Tests\bin\Debug\netcoreapp2.2\Nzr.ToolBox.Core.Tests.dll" adapterTypeName="executor://xunit/VsTestRunner2/netcoreapp" className="Nzr.ToolBox.Core.Tests.StringUtilsTest" name="Nzr.ToolBox.Core.Tests.StringUtilsTest.Format_WithNullString_ShouldReturnNull" />
    </UnitTest>
    <UnitTest name="Nzr.ToolBox.Core.Tests.StringUtilsTest.IsAnyEmpty_WithNullOrEmptyStrings_ShouldReturnTrue" storage="c:\workspace\personal\nzr.toolbox\dotnet\nzr.toolbox.core.tests\bin\debug\netcoreapp2.2\nzr.toolbox.core.tests.dll" id="3ab1d9fd-ee54-2c49-9b7b-7e9dfe78dfc4">
      <Execution id="4ebb82aa-22b1-4135-a19e-091ddbdf9a6c" />
      <TestMethod codeBase="C:\workspace\personal\Nzr.ToolBox\dotnet\Nzr.ToolBox.Core.Tests\bin\Debug\netcoreapp2.2\Nzr.ToolBox.Core.Tests.dll" adapterTypeName="executor://xunit/VsTestRunner2/netcoreapp" className="Nzr.ToolBox.Core.Tests.StringUtilsTest" name="Nzr.ToolBox.Core.Tests.StringUtilsTest.IsAnyEmpty_WithNullOrEmptyStrings_ShouldReturnTrue" />
    </UnitTest>
    <UnitTest name="Nzr.ToolBox.Core.Tests.DateTimeUtilsTest.Equals_WithMillisOfDiffAndNoTolerance_ShouldReturnFalse" storage="c:\workspace\personal\nzr.toolbox\dotnet\nzr.toolbox.core.tests\bin\debug\netcoreapp2.2\nzr.toolbox.core.tests.dll" id="5696e255-6884-a5ec-7659-9a5e21d95d2f">
      <Execution id="6d09d37d-016a-433c-bd31-8739b1e72b55" />
      <TestMethod codeBase="C:\workspace\personal\Nzr.ToolBox\dotnet\Nzr.ToolBox.Core.Tests\bin\Debug\netcoreapp2.2\Nzr.ToolBox.Core.Tests.dll" adapterTypeName="executor://xunit/VsTestRunner2/netcoreapp" className="Nzr.ToolBox.Core.Tests.DateTimeUtilsTest" name="Nzr.ToolBox.Core.Tests.DateTimeUtilsTest.Equals_WithMillisOfDiffAndNoTolerance_ShouldReturnFalse" />
    </UnitTest>
    <UnitTest name="Nzr.ToolBox.Core.Tests.StringUtilsTest.IsAnyEmpty_WithOneNonEmpty_ShouldReturnTrue" storage="c:\workspace\personal\nzr.toolbox\dotnet\nzr.toolbox.core.tests\bin\debug\netcoreapp2.2\nzr.toolbox.core.tests.dll" id="8d4c2e72-586a-f338-d7f5-e113d3234b28">
      <Execution id="159b13f0-47a3-4a39-9131-11e7addf58cf" />
      <TestMethod codeBase="C:\workspace\personal\Nzr.ToolBox\dotnet\Nzr.ToolBox.Core.Tests\bin\Debug\netcoreapp2.2\Nzr.ToolBox.Core.Tests.dll" adapterTypeName="executor://xunit/VsTestRunner2/netcoreapp" className="Nzr.ToolBox.Core.Tests.StringUtilsTest" name="Nzr.ToolBox.Core.Tests.StringUtilsTest.IsAnyEmpty_WithOneNonEmpty_ShouldReturnTrue" />
    </UnitTest>
    <UnitTest name="Nzr.ToolBox.Core.Tests.DateTimeUtilsTest.IsSameDay_WithDatesWithoutSameDay_ShouldReturnFalse" storage="c:\workspace\personal\nzr.toolbox\dotnet\nzr.toolbox.core.tests\bin\debug\netcoreapp2.2\nzr.toolbox.core.tests.dll" id="fea88c74-eaa4-e751-b2f0-898db2073835">
      <Execution id="d56cd6a8-4d81-4eea-9073-d0047f642914" />
      <TestMethod codeBase="C:\workspace\personal\Nzr.ToolBox\dotnet\Nzr.ToolBox.Core.Tests\bin\Debug\netcoreapp2.2\Nzr.ToolBox.Core.Tests.dll" adapterTypeName="executor://xunit/VsTestRunner2/netcoreapp" className="Nzr.ToolBox.Core.Tests.DateTimeUtilsTest" name="Nzr.ToolBox.Core.Tests.DateTimeUtilsTest.IsSameDay_WithDatesWithoutSameDay_ShouldReturnFalse" />
    </UnitTest>
    <UnitTest name="Nzr.ToolBox.Core.Tests.BooleanUtilsTests.ToBool_WithNonPositiveString_ShouldReturnFalse(value: &quot;Não&quot;)" storage="c:\workspace\personal\nzr.toolbox\dotnet\nzr.toolbox.core.tests\bin\debug\netcoreapp2.2\nzr.toolbox.core.tests.dll" id="61955263-2d18-b04f-1074-d886d947e055">
      <Execution id="6fb8d86c-0e38-4372-ae79-3ad6b5a917f8" />
      <TestMethod codeBase="C:\workspace\personal\Nzr.ToolBox\dotnet\Nzr.ToolBox.Core.Tests\bin\Debug\netcoreapp2.2\Nzr.ToolBox.Core.Tests.dll" adapterTypeName="executor://xunit/VsTestRunner2/netcoreapp" className="Nzr.ToolBox.Core.Tests.BooleanUtilsTests" name="Nzr.ToolBox.Core.Tests.BooleanUtilsTests.ToBool_WithNonPositiveString_ShouldReturnFalse(value: &quot;Não&quot;)" />
    </UnitTest>
    <UnitTest name="Nzr.ToolBox.Core.Tests.DateTimeUtilsTest.Equals_WithMillisOfDiffAndWithTolerance_ShouldReturnTrue" storage="c:\workspace\personal\nzr.toolbox\dotnet\nzr.toolbox.core.tests\bin\debug\netcoreapp2.2\nzr.toolbox.core.tests.dll" id="bd7fbd33-c44c-e435-efc2-06a8c4bb49ef">
      <Execution id="b7127bc4-dd8b-4987-808c-119a9aab087f" />
      <TestMethod codeBase="C:\workspace\personal\Nzr.ToolBox\dotnet\Nzr.ToolBox.Core.Tests\bin\Debug\netcoreapp2.2\Nzr.ToolBox.Core.Tests.dll" adapterTypeName="executor://xunit/VsTestRunner2/netcoreapp" className="Nzr.ToolBox.Core.Tests.DateTimeUtilsTest" name="Nzr.ToolBox.Core.Tests.DateTimeUtilsTest.Equals_WithMillisOfDiffAndWithTolerance_ShouldReturnTrue" />
    </UnitTest>
    <UnitTest name="Nzr.ToolBox.Core.Tests.ObjectUtilsTest.FirstNonNull_WithAllNull_ShouldReturnNull" storage="c:\workspace\personal\nzr.toolbox\dotnet\nzr.toolbox.core.tests\bin\debug\netcoreapp2.2\nzr.toolbox.core.tests.dll" id="22bfdebd-96a0-0b21-9eb3-2ebda1d58ee2">
      <Execution id="42d86693-3409-407a-8df2-5f7e0f7608c3" />
      <TestMethod codeBase="C:\workspace\personal\Nzr.ToolBox\dotnet\Nzr.ToolBox.Core.Tests\bin\Debug\netcoreapp2.2\Nzr.ToolBox.Core.Tests.dll" adapterTypeName="executor://xunit/VsTestRunner2/netcoreapp" className="Nzr.ToolBox.Core.Tests.ObjectUtilsTest" name="Nzr.ToolBox.Core.Tests.ObjectUtilsTest.FirstNonNull_WithAllNull_ShouldReturnNull" />
    </UnitTest>
    <UnitTest name="Nzr.ToolBox.Core.Tests.StringUtilsTest.ContainsAny_WithStringNotContainingOneOfSubstring_ShouldReturnFalse" storage="c:\workspace\personal\nzr.toolbox\dotnet\nzr.toolbox.core.tests\bin\debug\netcoreapp2.2\nzr.toolbox.core.tests.dll" id="c068e1c4-6913-d79e-f58c-fd0cdae20144">
      <Execution id="fce1533a-a278-4470-96cd-343974331403" />
      <TestMethod codeBase="C:\workspace\personal\Nzr.ToolBox\dotnet\Nzr.ToolBox.Core.Tests\bin\Debug\netcoreapp2.2\Nzr.ToolBox.Core.Tests.dll" adapterTypeName="executor://xunit/VsTestRunner2/netcoreapp" className="Nzr.ToolBox.Core.Tests.StringUtilsTest" name="Nzr.ToolBox.Core.Tests.StringUtilsTest.ContainsAny_WithStringNotContainingOneOfSubstring_ShouldReturnFalse" />
    </UnitTest>
    <UnitTest name="Nzr.ToolBox.Core.Tests.StringUtilsTest.DefaultIfEmpty_WitEmptyString_ShouldReturnDefault" storage="c:\workspace\personal\nzr.toolbox\dotnet\nzr.toolbox.core.tests\bin\debug\netcoreapp2.2\nzr.toolbox.core.tests.dll" id="d40c6e0c-b4ac-c82e-a0d9-6e696ff5e301">
      <Execution id="22d1c4a1-9bed-426e-9537-670e0bc95c6b" />
      <TestMethod codeBase="C:\workspace\personal\Nzr.ToolBox\dotnet\Nzr.ToolBox.Core.Tests\bin\Debug\netcoreapp2.2\Nzr.ToolBox.Core.Tests.dll" adapterTypeName="executor://xunit/VsTestRunner2/netcoreapp" className="Nzr.ToolBox.Core.Tests.StringUtilsTest" name="Nzr.ToolBox.Core.Tests.StringUtilsTest.DefaultIfEmpty_WitEmptyString_ShouldReturnDefault" />
    </UnitTest>
    <UnitTest name="Nzr.ToolBox.Core.Tests.StringUtilsTest.Capitalize_WithNonCapitalized_ShouldReturnCapitalized" storage="c:\workspace\personal\nzr.toolbox\dotnet\nzr.toolbox.core.tests\bin\debug\netcoreapp2.2\nzr.toolbox.core.tests.dll" id="dd50d1ab-aaa8-9c9d-a472-909eef6612ee">
      <Execution id="58a0bc14-2c3e-446f-bbc3-c3b8235b5c13" />
      <TestMethod codeBase="C:\workspace\personal\Nzr.ToolBox\dotnet\Nzr.ToolBox.Core.Tests\bin\Debug\netcoreapp2.2\Nzr.ToolBox.Core.Tests.dll" adapterTypeName="executor://xunit/VsTestRunner2/netcoreapp" className="Nzr.ToolBox.Core.Tests.StringUtilsTest" name="Nzr.ToolBox.Core.Tests.StringUtilsTest.Capitalize_WithNonCapitalized_ShouldReturnCapitalized" />
    </UnitTest>
    <UnitTest name="Nzr.ToolBox.Core.Tests.StringUtilsTest.GetFirstNonEmpty_WithOnlyEmptyString_ShouldReturnNull" storage="c:\workspace\personal\nzr.toolbox\dotnet\nzr.toolbox.core.tests\bin\debug\netcoreapp2.2\nzr.toolbox.core.tests.dll" id="6fbbc600-2200-4b3a-d83e-2d0b6029d73a">
      <Execution id="674955e8-b2a8-4135-b2eb-0803f02f0e85" />
      <TestMethod codeBase="C:\workspace\personal\Nzr.ToolBox\dotnet\Nzr.ToolBox.Core.Tests\bin\Debug\netcoreapp2.2\Nzr.ToolBox.Core.Tests.dll" adapterTypeName="executor://xunit/VsTestRunner2/netcoreapp" className="Nzr.ToolBox.Core.Tests.StringUtilsTest" name="Nzr.ToolBox.Core.Tests.StringUtilsTest.GetFirstNonEmpty_WithOnlyEmptyString_ShouldReturnNull" />
    </UnitTest>
    <UnitTest name="Nzr.ToolBox.Core.Tests.StringUtilsTest.IsAllBlank_WithOneEmpty_ShouldReturnTrue" storage="c:\workspace\personal\nzr.toolbox\dotnet\nzr.toolbox.core.tests\bin\debug\netcoreapp2.2\nzr.toolbox.core.tests.dll" id="df159263-51bd-d891-b020-758bba5e657f">
      <Execution id="a7e935e0-5379-4155-bbea-494290338b35" />
      <TestMethod codeBase="C:\workspace\personal\Nzr.ToolBox\dotnet\Nzr.ToolBox.Core.Tests\bin\Debug\netcoreapp2.2\Nzr.ToolBox.Core.Tests.dll" adapterTypeName="executor://xunit/VsTestRunner2/netcoreapp" className="Nzr.ToolBox.Core.Tests.StringUtilsTest" name="Nzr.ToolBox.Core.Tests.StringUtilsTest.IsAllBlank_WithOneEmpty_ShouldReturnTrue" />
    </UnitTest>
    <UnitTest name="Nzr.ToolBox.Core.Tests.StringUtilsTest.IsNotNumber_WithNumeric_ShouldReturnFalse" storage="c:\workspace\personal\nzr.toolbox\dotnet\nzr.toolbox.core.tests\bin\debug\netcoreapp2.2\nzr.toolbox.core.tests.dll" id="11a672c1-3304-329d-6cef-40a099ed2b03">
      <Execution id="ff205906-c339-4671-8e3c-ea8e634848f6" />
      <TestMethod codeBase="C:\workspace\personal\Nzr.ToolBox\dotnet\Nzr.ToolBox.Core.Tests\bin\Debug\netcoreapp2.2\Nzr.ToolBox.Core.Tests.dll" adapterTypeName="executor://xunit/VsTestRunner2/netcoreapp" className="Nzr.ToolBox.Core.Tests.StringUtilsTest" name="Nzr.ToolBox.Core.Tests.StringUtilsTest.IsNotNumber_WithNumeric_ShouldReturnFalse" />
    </UnitTest>
    <UnitTest name="Nzr.ToolBox.Core.Tests.BooleanUtilsTests.ToBool_WithPositiveString_ShouldReturnTrue(value: &quot;1&quot;)" storage="c:\workspace\personal\nzr.toolbox\dotnet\nzr.toolbox.core.tests\bin\debug\netcoreapp2.2\nzr.toolbox.core.tests.dll" id="db3b74da-9390-9353-7e36-7ce7be8597b2">
      <Execution id="bb903b68-ecd0-496b-92be-62b105f40b82" />
      <TestMethod codeBase="C:\workspace\personal\Nzr.ToolBox\dotnet\Nzr.ToolBox.Core.Tests\bin\Debug\netcoreapp2.2\Nzr.ToolBox.Core.Tests.dll" adapterTypeName="executor://xunit/VsTestRunner2/netcoreapp" className="Nzr.ToolBox.Core.Tests.BooleanUtilsTests" name="Nzr.ToolBox.Core.Tests.BooleanUtilsTests.ToBool_WithPositiveString_ShouldReturnTrue(value: &quot;1&quot;)" />
    </UnitTest>
    <UnitTest name="Nzr.ToolBox.Core.Tests.BooleanUtilsTests.IsAllFalse_WithAllFalseValues_ShouldReturnTrue" storage="c:\workspace\personal\nzr.toolbox\dotnet\nzr.toolbox.core.tests\bin\debug\netcoreapp2.2\nzr.toolbox.core.tests.dll" id="0ff73cd5-37ec-83b6-cca6-080e829305d1">
      <Execution id="34a97d99-df21-4c62-89a0-7777f2b4c76c" />
      <TestMethod codeBase="C:\workspace\personal\Nzr.ToolBox\dotnet\Nzr.ToolBox.Core.Tests\bin\Debug\netcoreapp2.2\Nzr.ToolBox.Core.Tests.dll" adapterTypeName="executor://xunit/VsTestRunner2/netcoreapp" className="Nzr.ToolBox.Core.Tests.BooleanUtilsTests" name="Nzr.ToolBox.Core.Tests.BooleanUtilsTests.IsAllFalse_WithAllFalseValues_ShouldReturnTrue" />
    </UnitTest>
    <UnitTest name="Nzr.ToolBox.Core.Tests.StringUtilsTest.Truncate_WithNull_ShouldReturnNull" storage="c:\workspace\personal\nzr.toolbox\dotnet\nzr.toolbox.core.tests\bin\debug\netcoreapp2.2\nzr.toolbox.core.tests.dll" id="045fcd17-dfed-1627-66be-e391ac5023f4">
      <Execution id="67abdcb7-794e-4c3a-86fd-6ba376329d9a" />
      <TestMethod codeBase="C:\workspace\personal\Nzr.ToolBox\dotnet\Nzr.ToolBox.Core.Tests\bin\Debug\netcoreapp2.2\Nzr.ToolBox.Core.Tests.dll" adapterTypeName="executor://xunit/VsTestRunner2/netcoreapp" className="Nzr.ToolBox.Core.Tests.StringUtilsTest" name="Nzr.ToolBox.Core.Tests.StringUtilsTest.Truncate_WithNull_ShouldReturnNull" />
    </UnitTest>
    <UnitTest name="Nzr.ToolBox.Core.Tests.CollectionUtilsTests.EmptyIfNull_WithNullEnumerable_ShouldNewEnumerable" storage="c:\workspace\personal\nzr.toolbox\dotnet\nzr.toolbox.core.tests\bin\debug\netcoreapp2.2\nzr.toolbox.core.tests.dll" id="86f11f10-11c9-c8c1-f01b-fcc3e3965aaf">
      <Execution id="b038e1d2-4df5-4bcd-801d-560a53480389" />
      <TestMethod codeBase="C:\workspace\personal\Nzr.ToolBox\dotnet\Nzr.ToolBox.Core.Tests\bin\Debug\netcoreapp2.2\Nzr.ToolBox.Core.Tests.dll" adapterTypeName="executor://xunit/VsTestRunner2/netcoreapp" className="Nzr.ToolBox.Core.Tests.CollectionUtilsTests" name="Nzr.ToolBox.Core.Tests.CollectionUtilsTests.EmptyIfNull_WithNullEnumerable_ShouldNewEnumerable" />
    </UnitTest>
    <UnitTest name="Nzr.ToolBox.Core.Tests.ObjectUtilsTest.FirstNonNull_WithAnyNonNull_ShouldReturnFirstNonNull" storage="c:\workspace\personal\nzr.toolbox\dotnet\nzr.toolbox.core.tests\bin\debug\netcoreapp2.2\nzr.toolbox.core.tests.dll" id="ef3db43b-1e0a-f198-9720-31d80f533fc8">
      <Execution id="cd014605-7e67-4801-8837-6dd4a08278db" />
      <TestMethod codeBase="C:\workspace\personal\Nzr.ToolBox\dotnet\Nzr.ToolBox.Core.Tests\bin\Debug\netcoreapp2.2\Nzr.ToolBox.Core.Tests.dll" adapterTypeName="executor://xunit/VsTestRunner2/netcoreapp" className="Nzr.ToolBox.Core.Tests.ObjectUtilsTest" name="Nzr.ToolBox.Core.Tests.ObjectUtilsTest.FirstNonNull_WithAnyNonNull_ShouldReturnFirstNonNull" />
    </UnitTest>
    <UnitTest name="Nzr.ToolBox.Core.Tests.ObjectUtilsTest.IsAllNonNull_WithOneNull_ShouldReturnFalse" storage="c:\workspace\personal\nzr.toolbox\dotnet\nzr.toolbox.core.tests\bin\debug\netcoreapp2.2\nzr.toolbox.core.tests.dll" id="31b0f7a4-7814-de1a-ba42-99fccbedaf77">
      <Execution id="8bff00a2-dbec-42a3-99ee-78d5f690831b" />
      <TestMethod codeBase="C:\workspace\personal\Nzr.ToolBox\dotnet\Nzr.ToolBox.Core.Tests\bin\Debug\netcoreapp2.2\Nzr.ToolBox.Core.Tests.dll" adapterTypeName="executor://xunit/VsTestRunner2/netcoreapp" className="Nzr.ToolBox.Core.Tests.ObjectUtilsTest" name="Nzr.ToolBox.Core.Tests.ObjectUtilsTest.IsAllNonNull_WithOneNull_ShouldReturnFalse" />
    </UnitTest>
    <UnitTest name="Nzr.ToolBox.Core.Tests.BooleanUtilsTests.ToBool_WithNonPositiveString_ShouldReturnFalse(value: &quot;No&quot;)" storage="c:\workspace\personal\nzr.toolbox\dotnet\nzr.toolbox.core.tests\bin\debug\netcoreapp2.2\nzr.toolbox.core.tests.dll" id="54aad836-ba4f-5dbf-bad2-7c309c3d8a21">
      <Execution id="68ebca5d-21c5-4cdc-ae09-9464a61c6569" />
      <TestMethod codeBase="C:\workspace\personal\Nzr.ToolBox\dotnet\Nzr.ToolBox.Core.Tests\bin\Debug\netcoreapp2.2\Nzr.ToolBox.Core.Tests.dll" adapterTypeName="executor://xunit/VsTestRunner2/netcoreapp" className="Nzr.ToolBox.Core.Tests.BooleanUtilsTests" name="Nzr.ToolBox.Core.Tests.BooleanUtilsTests.ToBool_WithNonPositiveString_ShouldReturnFalse(value: &quot;No&quot;)" />
    </UnitTest>
    <UnitTest name="Nzr.ToolBox.Core.Tests.BooleanUtilsTests.Describe_WihFalseValueAndWithDefaultFlaseString_ShouldReturnYes" storage="c:\workspace\personal\nzr.toolbox\dotnet\nzr.toolbox.core.tests\bin\debug\netcoreapp2.2\nzr.toolbox.core.tests.dll" id="ddf79c4c-8da7-56b7-7410-d2ba78b09801">
      <Execution id="3ec420b0-61aa-4a86-84b9-ed98aacd8e73" />
      <TestMethod codeBase="C:\workspace\personal\Nzr.ToolBox\dotnet\Nzr.ToolBox.Core.Tests\bin\Debug\netcoreapp2.2\Nzr.ToolBox.Core.Tests.dll" adapterTypeName="executor://xunit/VsTestRunner2/netcoreapp" className="Nzr.ToolBox.Core.Tests.BooleanUtilsTests" name="Nzr.ToolBox.Core.Tests.BooleanUtilsTests.Describe_WihFalseValueAndWithDefaultFlaseString_ShouldReturnYes" />
    </UnitTest>
    <UnitTest name="Nzr.ToolBox.Core.Tests.RandomUtilsTest.RandomString_WithDefaultOptions_ShouldReturnString" storage="c:\workspace\personal\nzr.toolbox\dotnet\nzr.toolbox.core.tests\bin\debug\netcoreapp2.2\nzr.toolbox.core.tests.dll" id="f92e77b4-ee0e-9f1a-2342-b94f560f0dac">
      <Execution id="ba934b8f-26d9-4881-9c45-431759125cdf" />
      <TestMethod codeBase="C:\workspace\personal\Nzr.ToolBox\dotnet\Nzr.ToolBox.Core.Tests\bin\Debug\netcoreapp2.2\Nzr.ToolBox.Core.Tests.dll" adapterTypeName="executor://xunit/VsTestRunner2/netcoreapp" className="Nzr.ToolBox.Core.Tests.RandomUtilsTest" name="Nzr.ToolBox.Core.Tests.RandomUtilsTest.RandomString_WithDefaultOptions_ShouldReturnString" />
    </UnitTest>
    <UnitTest name="Nzr.ToolBox.Core.Tests.StringUtilsTest.Suffix_WithNullString_ShouldReturnSuffix" storage="c:\workspace\personal\nzr.toolbox\dotnet\nzr.toolbox.core.tests\bin\debug\netcoreapp2.2\nzr.toolbox.core.tests.dll" id="79e2a514-0ea2-3daf-f0aa-1fc63dbc9aa2">
      <Execution id="c42832b6-4840-4d41-ae4e-e821e3620f86" />
      <TestMethod codeBase="C:\workspace\personal\Nzr.ToolBox\dotnet\Nzr.ToolBox.Core.Tests\bin\Debug\netcoreapp2.2\Nzr.ToolBox.Core.Tests.dll" adapterTypeName="executor://xunit/VsTestRunner2/netcoreapp" className="Nzr.ToolBox.Core.Tests.StringUtilsTest" name="Nzr.ToolBox.Core.Tests.StringUtilsTest.Suffix_WithNullString_ShouldReturnSuffix" />
    </UnitTest>
    <UnitTest name="Nzr.ToolBox.Core.Tests.ReflectionUtilsTest.GetValue_WithPropertyPath_ShouldReturnNestedValues" storage="c:\workspace\personal\nzr.toolbox\dotnet\nzr.toolbox.core.tests\bin\debug\netcoreapp2.2\nzr.toolbox.core.tests.dll" id="bf218aab-52af-cc9e-72e7-0a8ba644e891">
      <Execution id="36e11aaa-fd6f-47f4-8ba4-53d2102b1b65" />
      <TestMethod codeBase="C:\workspace\personal\Nzr.ToolBox\dotnet\Nzr.ToolBox.Core.Tests\bin\Debug\netcoreapp2.2\Nzr.ToolBox.Core.Tests.dll" adapterTypeName="executor://xunit/VsTestRunner2/netcoreapp" className="Nzr.ToolBox.Core.Tests.ReflectionUtilsTest" name="Nzr.ToolBox.Core.Tests.ReflectionUtilsTest.GetValue_WithPropertyPath_ShouldReturnNestedValues" />
    </UnitTest>
    <UnitTest name="Nzr.ToolBox.Core.Tests.BooleanUtilsTests.ToBool_WithNonPositiveString_ShouldReturnFalse(value: &quot;0&quot;)" storage="c:\workspace\personal\nzr.toolbox\dotnet\nzr.toolbox.core.tests\bin\debug\netcoreapp2.2\nzr.toolbox.core.tests.dll" id="67ba80d0-ee46-5ac8-0538-37c6daf3607e">
      <Execution id="10dd6499-4cf4-4abb-93bb-397ed32dce44" />
      <TestMethod codeBase="C:\workspace\personal\Nzr.ToolBox\dotnet\Nzr.ToolBox.Core.Tests\bin\Debug\netcoreapp2.2\Nzr.ToolBox.Core.Tests.dll" adapterTypeName="executor://xunit/VsTestRunner2/netcoreapp" className="Nzr.ToolBox.Core.Tests.BooleanUtilsTests" name="Nzr.ToolBox.Core.Tests.BooleanUtilsTests.ToBool_WithNonPositiveString_ShouldReturnFalse(value: &quot;0&quot;)" />
    </UnitTest>
    <UnitTest name="Nzr.ToolBox.Core.Tests.BooleanUtilsTests.IsAllTrue_WithAllTrueValues_ShouldReturnTrue" storage="c:\workspace\personal\nzr.toolbox\dotnet\nzr.toolbox.core.tests\bin\debug\netcoreapp2.2\nzr.toolbox.core.tests.dll" id="7b7495d8-e0d9-d205-be09-e167ea98fa50">
      <Execution id="9a75cde7-2141-4e1f-9fb8-1fa80f149b33" />
      <TestMethod codeBase="C:\workspace\personal\Nzr.ToolBox\dotnet\Nzr.ToolBox.Core.Tests\bin\Debug\netcoreapp2.2\Nzr.ToolBox.Core.Tests.dll" adapterTypeName="executor://xunit/VsTestRunner2/netcoreapp" className="Nzr.ToolBox.Core.Tests.BooleanUtilsTests" name="Nzr.ToolBox.Core.Tests.BooleanUtilsTests.IsAllTrue_WithAllTrueValues_ShouldReturnTrue" />
    </UnitTest>
    <UnitTest name="Nzr.ToolBox.Core.Tests.RandomUtilsTest.RandomInt_ShouldReturnUniqueValues(iterations: 10000, seed: 1)" storage="c:\workspace\personal\nzr.toolbox\dotnet\nzr.toolbox.core.tests\bin\debug\netcoreapp2.2\nzr.toolbox.core.tests.dll" id="55323239-0a74-748e-14c5-c6ce0fbffcf4">
      <Execution id="5d1c9075-13ad-4d66-ae0f-68bed6606955" />
      <TestMethod codeBase="C:\workspace\personal\Nzr.ToolBox\dotnet\Nzr.ToolBox.Core.Tests\bin\Debug\netcoreapp2.2\Nzr.ToolBox.Core.Tests.dll" adapterTypeName="executor://xunit/VsTestRunner2/netcoreapp" className="Nzr.ToolBox.Core.Tests.RandomUtilsTest" name="Nzr.ToolBox.Core.Tests.RandomUtilsTest.RandomInt_ShouldReturnUniqueValues(iterations: 10000, seed: 1)" />
    </UnitTest>
    <UnitTest name="Nzr.ToolBox.Core.Tests.StringUtilsTest.Suffix_WithExistingSuffix_ShouldNotAddSuffix" storage="c:\workspace\personal\nzr.toolbox\dotnet\nzr.toolbox.core.tests\bin\debug\netcoreapp2.2\nzr.toolbox.core.tests.dll" id="50b7ff87-3945-9d72-59f5-8be54b69e4af">
      <Execution id="03dd28f1-9cee-4113-8ae8-488f07e5be92" />
      <TestMethod codeBase="C:\workspace\personal\Nzr.ToolBox\dotnet\Nzr.ToolBox.Core.Tests\bin\Debug\netcoreapp2.2\Nzr.ToolBox.Core.Tests.dll" adapterTypeName="executor://xunit/VsTestRunner2/netcoreapp" className="Nzr.ToolBox.Core.Tests.StringUtilsTest" name="Nzr.ToolBox.Core.Tests.StringUtilsTest.Suffix_WithExistingSuffix_ShouldNotAddSuffix" />
    </UnitTest>
    <UnitTest name="Nzr.ToolBox.Core.Tests.CollectionUtilsTests.GetKey_WithNullInput_ShouldReturnNull" storage="c:\workspace\personal\nzr.toolbox\dotnet\nzr.toolbox.core.tests\bin\debug\netcoreapp2.2\nzr.toolbox.core.tests.dll" id="ef1cb9b1-5ade-bdda-d597-f65de556664c">
      <Execution id="4c238f58-5f8c-4eae-bf82-b5d6aa26a5a2" />
      <TestMethod codeBase="C:\workspace\personal\Nzr.ToolBox\dotnet\Nzr.ToolBox.Core.Tests\bin\Debug\netcoreapp2.2\Nzr.ToolBox.Core.Tests.dll" adapterTypeName="executor://xunit/VsTestRunner2/netcoreapp" className="Nzr.ToolBox.Core.Tests.CollectionUtilsTests" name="Nzr.ToolBox.Core.Tests.CollectionUtilsTests.GetKey_WithNullInput_ShouldReturnNull" />
    </UnitTest>
    <UnitTest name="Nzr.ToolBox.Core.Tests.BooleanUtilsTests.ToBool_WithPositiveString_ShouldReturnTrue(value: &quot;Oui&quot;)" storage="c:\workspace\personal\nzr.toolbox\dotnet\nzr.toolbox.core.tests\bin\debug\netcoreapp2.2\nzr.toolbox.core.tests.dll" id="19186bcb-3af3-b5ce-1c9e-381f7e643b61">
      <Execution id="8411cb4a-89fa-471f-be02-88c6f9aa0fb8" />
      <TestMethod codeBase="C:\workspace\personal\Nzr.ToolBox\dotnet\Nzr.ToolBox.Core.Tests\bin\Debug\netcoreapp2.2\Nzr.ToolBox.Core.Tests.dll" adapterTypeName="executor://xunit/VsTestRunner2/netcoreapp" className="Nzr.ToolBox.Core.Tests.BooleanUtilsTests" name="Nzr.ToolBox.Core.Tests.BooleanUtilsTests.ToBool_WithPositiveString_ShouldReturnTrue(value: &quot;Oui&quot;)" />
    </UnitTest>
    <UnitTest name="Nzr.ToolBox.Core.Tests.StringUtilsTest.RemoveStart_WithExistingStringsUsingOrdinalCase_ShouldNotRemoveStarts" storage="c:\workspace\personal\nzr.toolbox\dotnet\nzr.toolbox.core.tests\bin\debug\netcoreapp2.2\nzr.toolbox.core.tests.dll" id="1dfcddc7-2376-1f70-3151-1b7cb4b3c7c1">
      <Execution id="0509dc5a-6ac0-4107-ba18-254db6ae34d8" />
      <TestMethod codeBase="C:\workspace\personal\Nzr.ToolBox\dotnet\Nzr.ToolBox.Core.Tests\bin\Debug\netcoreapp2.2\Nzr.ToolBox.Core.Tests.dll" adapterTypeName="executor://xunit/VsTestRunner2/netcoreapp" className="Nzr.ToolBox.Core.Tests.StringUtilsTest" name="Nzr.ToolBox.Core.Tests.StringUtilsTest.RemoveStart_WithExistingStringsUsingOrdinalCase_ShouldNotRemoveStarts" />
    </UnitTest>
    <UnitTest name="Nzr.ToolBox.Core.Tests.ObjectUtilsTest.ToDynamic_WithEntity_ShouldReturnDynamic" storage="c:\workspace\personal\nzr.toolbox\dotnet\nzr.toolbox.core.tests\bin\debug\netcoreapp2.2\nzr.toolbox.core.tests.dll" id="2c201a1d-9f85-d5be-eef4-f589b3eee5e9">
      <Execution id="94e472dc-9e8d-43eb-bdae-1af09defb5e1" />
      <TestMethod codeBase="C:\workspace\personal\Nzr.ToolBox\dotnet\Nzr.ToolBox.Core.Tests\bin\Debug\netcoreapp2.2\Nzr.ToolBox.Core.Tests.dll" adapterTypeName="executor://xunit/VsTestRunner2/netcoreapp" className="Nzr.ToolBox.Core.Tests.ObjectUtilsTest" name="Nzr.ToolBox.Core.Tests.ObjectUtilsTest.ToDynamic_WithEntity_ShouldReturnDynamic" />
    </UnitTest>
    <UnitTest name="Nzr.ToolBox.Core.Tests.BooleanUtilsTests.Describe_WihNullValueAndWitCustomNullString_ShouldReturnCustomString" storage="c:\workspace\personal\nzr.toolbox\dotnet\nzr.toolbox.core.tests\bin\debug\netcoreapp2.2\nzr.toolbox.core.tests.dll" id="742450a8-e573-0feb-532b-212dbe3a2108">
      <Execution id="d9537b4b-4dca-4145-8a64-a03e19a9b8bd" />
      <TestMethod codeBase="C:\workspace\personal\Nzr.ToolBox\dotnet\Nzr.ToolBox.Core.Tests\bin\Debug\netcoreapp2.2\Nzr.ToolBox.Core.Tests.dll" adapterTypeName="executor://xunit/VsTestRunner2/netcoreapp" className="Nzr.ToolBox.Core.Tests.BooleanUtilsTests" name="Nzr.ToolBox.Core.Tests.BooleanUtilsTests.Describe_WihNullValueAndWitCustomNullString_ShouldReturnCustomString" />
    </UnitTest>
    <UnitTest name="Nzr.ToolBox.Core.Tests.BooleanUtilsTests.ToBool_WithNonPositiveString_ShouldReturnFalse(value: &quot;N&quot;)" storage="c:\workspace\personal\nzr.toolbox\dotnet\nzr.toolbox.core.tests\bin\debug\netcoreapp2.2\nzr.toolbox.core.tests.dll" id="74f87d91-26ae-d1ee-e1f8-2525d41bbd83">
      <Execution id="43e4483a-0b8a-47ab-b22a-1c61fa7c8721" />
      <TestMethod codeBase="C:\workspace\personal\Nzr.ToolBox\dotnet\Nzr.ToolBox.Core.Tests\bin\Debug\netcoreapp2.2\Nzr.ToolBox.Core.Tests.dll" adapterTypeName="executor://xunit/VsTestRunner2/netcoreapp" className="Nzr.ToolBox.Core.Tests.BooleanUtilsTests" name="Nzr.ToolBox.Core.Tests.BooleanUtilsTests.ToBool_WithNonPositiveString_ShouldReturnFalse(value: &quot;N&quot;)" />
    </UnitTest>
    <UnitTest name="Nzr.ToolBox.Core.Tests.StringUtilsTest.ContainsAll_WithNullStringNotContainigAllSubstrings_ShouldReturnFalse" storage="c:\workspace\personal\nzr.toolbox\dotnet\nzr.toolbox.core.tests\bin\debug\netcoreapp2.2\nzr.toolbox.core.tests.dll" id="87b56d62-9af1-eead-6483-716ab3bb23e0">
      <Execution id="ba23a160-d4d0-48b0-97b8-8ac3b2eb2ded" />
      <TestMethod codeBase="C:\workspace\personal\Nzr.ToolBox\dotnet\Nzr.ToolBox.Core.Tests\bin\Debug\netcoreapp2.2\Nzr.ToolBox.Core.Tests.dll" adapterTypeName="executor://xunit/VsTestRunner2/netcoreapp" className="Nzr.ToolBox.Core.Tests.StringUtilsTest" name="Nzr.ToolBox.Core.Tests.StringUtilsTest.ContainsAll_WithNullStringNotContainigAllSubstrings_ShouldReturnFalse" />
    </UnitTest>
    <UnitTest name="Nzr.ToolBox.Core.Tests.BooleanUtilsTests.Describe_WihTrueValueAndWitCustomYesString_ShouldReturnCustomString" storage="c:\workspace\personal\nzr.toolbox\dotnet\nzr.toolbox.core.tests\bin\debug\netcoreapp2.2\nzr.toolbox.core.tests.dll" id="c27f5798-ba92-8771-15a7-731f0a36872c">
      <Execution id="dad03025-d050-41fd-8774-66510890f700" />
      <TestMethod codeBase="C:\workspace\personal\Nzr.ToolBox\dotnet\Nzr.ToolBox.Core.Tests\bin\Debug\netcoreapp2.2\Nzr.ToolBox.Core.Tests.dll" adapterTypeName="executor://xunit/VsTestRunner2/netcoreapp" className="Nzr.ToolBox.Core.Tests.BooleanUtilsTests" name="Nzr.ToolBox.Core.Tests.BooleanUtilsTests.Describe_WihTrueValueAndWitCustomYesString_ShouldReturnCustomString" />
    </UnitTest>
    <UnitTest name="Nzr.ToolBox.Core.Tests.NumberUtilsTest.Min_ShouldReturnMinValues" storage="c:\workspace\personal\nzr.toolbox\dotnet\nzr.toolbox.core.tests\bin\debug\netcoreapp2.2\nzr.toolbox.core.tests.dll" id="abaeb843-e95d-5629-dacd-9477aefd8dd6">
      <Execution id="37d6ea8b-bd73-40dc-ae7a-8e9f861bd171" />
      <TestMethod codeBase="C:\workspace\personal\Nzr.ToolBox\dotnet\Nzr.ToolBox.Core.Tests\bin\Debug\netcoreapp2.2\Nzr.ToolBox.Core.Tests.dll" adapterTypeName="executor://xunit/VsTestRunner2/netcoreapp" className="Nzr.ToolBox.Core.Tests.NumberUtilsTest" name="Nzr.ToolBox.Core.Tests.NumberUtilsTest.Min_ShouldReturnMinValues" />
    </UnitTest>
    <UnitTest name="Nzr.ToolBox.Core.Tests.StringUtilsTest.Replace_WithNonNullString_ShouldReplaceOldValueWithNewOne" storage="c:\workspace\personal\nzr.toolbox\dotnet\nzr.toolbox.core.tests\bin\debug\netcoreapp2.2\nzr.toolbox.core.tests.dll" id="512ec98d-2185-5ebc-b040-4a9df6c7ed1a">
      <Execution id="9fe19448-b68a-494a-bc37-1468e5e9e10f" />
      <TestMethod codeBase="C:\workspace\personal\Nzr.ToolBox\dotnet\Nzr.ToolBox.Core.Tests\bin\Debug\netcoreapp2.2\Nzr.ToolBox.Core.Tests.dll" adapterTypeName="executor://xunit/VsTestRunner2/netcoreapp" className="Nzr.ToolBox.Core.Tests.StringUtilsTest" name="Nzr.ToolBox.Core.Tests.StringUtilsTest.Replace_WithNonNullString_ShouldReplaceOldValueWithNewOne" />
    </UnitTest>
    <UnitTest name="Nzr.ToolBox.Core.Tests.StringUtilsTest.ContainsAll_WithStringContainigAllSubstrings_ShouldReturnTrue" storage="c:\workspace\personal\nzr.toolbox\dotnet\nzr.toolbox.core.tests\bin\debug\netcoreapp2.2\nzr.toolbox.core.tests.dll" id="4d8283f4-8639-27d1-44ac-751f4d8f3078">
      <Execution id="179aaf03-b6c8-4ffb-a6d2-74981bf1bde8" />
      <TestMethod codeBase="C:\workspace\personal\Nzr.ToolBox\dotnet\Nzr.ToolBox.Core.Tests\bin\Debug\netcoreapp2.2\Nzr.ToolBox.Core.Tests.dll" adapterTypeName="executor://xunit/VsTestRunner2/netcoreapp" className="Nzr.ToolBox.Core.Tests.StringUtilsTest" name="Nzr.ToolBox.Core.Tests.StringUtilsTest.ContainsAll_WithStringContainigAllSubstrings_ShouldReturnTrue" />
    </UnitTest>
    <UnitTest name="Nzr.ToolBox.Core.Tests.StringUtilsTest.IsEmpty_WithNullString_ShouldReturnTrue" storage="c:\workspace\personal\nzr.toolbox\dotnet\nzr.toolbox.core.tests\bin\debug\netcoreapp2.2\nzr.toolbox.core.tests.dll" id="b34056e1-a0f1-b9c6-4cf9-a385bfe323c6">
      <Execution id="7cf9f495-e4f9-4f1a-aa01-89ae3f4c484b" />
      <TestMethod codeBase="C:\workspace\personal\Nzr.ToolBox\dotnet\Nzr.ToolBox.Core.Tests\bin\Debug\netcoreapp2.2\Nzr.ToolBox.Core.Tests.dll" adapterTypeName="executor://xunit/VsTestRunner2/netcoreapp" className="Nzr.ToolBox.Core.Tests.StringUtilsTest" name="Nzr.ToolBox.Core.Tests.StringUtilsTest.IsEmpty_WithNullString_ShouldReturnTrue" />
    </UnitTest>
    <UnitTest name="Nzr.ToolBox.Core.Tests.StringUtilsTest.Prefix_WithNonExistingPrefix_ShouldAddPrefix" storage="c:\workspace\personal\nzr.toolbox\dotnet\nzr.toolbox.core.tests\bin\debug\netcoreapp2.2\nzr.toolbox.core.tests.dll" id="467648af-fb2a-b6b9-e76e-8f94779eb7f6">
      <Execution id="83525f86-757d-49f6-be45-4f97ec442d86" />
      <TestMethod codeBase="C:\workspace\personal\Nzr.ToolBox\dotnet\Nzr.ToolBox.Core.Tests\bin\Debug\netcoreapp2.2\Nzr.ToolBox.Core.Tests.dll" adapterTypeName="executor://xunit/VsTestRunner2/netcoreapp" className="Nzr.ToolBox.Core.Tests.StringUtilsTest" name="Nzr.ToolBox.Core.Tests.StringUtilsTest.Prefix_WithNonExistingPrefix_ShouldAddPrefix" />
    </UnitTest>
    <UnitTest name="Nzr.ToolBox.Core.Tests.RandomUtilsTest.RandomString_WithNumbersOnly_ShouldReturnNumericString" storage="c:\workspace\personal\nzr.toolbox\dotnet\nzr.toolbox.core.tests\bin\debug\netcoreapp2.2\nzr.toolbox.core.tests.dll" id="82b6aab1-e835-8e28-1aa8-e6764ddd6ce8">
      <Execution id="3d95cda4-fe01-45e3-8edf-db3c688a008b" />
      <TestMethod codeBase="C:\workspace\personal\Nzr.ToolBox\dotnet\Nzr.ToolBox.Core.Tests\bin\Debug\netcoreapp2.2\Nzr.ToolBox.Core.Tests.dll" adapterTypeName="executor://xunit/VsTestRunner2/netcoreapp" className="Nzr.ToolBox.Core.Tests.RandomUtilsTest" name="Nzr.ToolBox.Core.Tests.RandomUtilsTest.RandomString_WithNumbersOnly_ShouldReturnNumericString" />
    </UnitTest>
    <UnitTest name="Nzr.ToolBox.Core.Tests.RandomUtilsTest.RandomString_WithoutAnyChar_ShouldThrowException" storage="c:\workspace\personal\nzr.toolbox\dotnet\nzr.toolbox.core.tests\bin\debug\netcoreapp2.2\nzr.toolbox.core.tests.dll" id="1f8d595f-ee42-36d5-5d96-e0c86c183647">
      <Execution id="3cab092f-2c3d-4871-97df-a99bd473badc" />
      <TestMethod codeBase="C:\workspace\personal\Nzr.ToolBox\dotnet\Nzr.ToolBox.Core.Tests\bin\Debug\netcoreapp2.2\Nzr.ToolBox.Core.Tests.dll" adapterTypeName="executor://xunit/VsTestRunner2/netcoreapp" className="Nzr.ToolBox.Core.Tests.RandomUtilsTest" name="Nzr.ToolBox.Core.Tests.RandomUtilsTest.RandomString_WithoutAnyChar_ShouldThrowException" />
    </UnitTest>
    <UnitTest name="Nzr.ToolBox.Core.Tests.BooleanUtilsTests.ToBool_WithPositiveString_ShouldReturnTrue(value: &quot;Yes&quot;)" storage="c:\workspace\personal\nzr.toolbox\dotnet\nzr.toolbox.core.tests\bin\debug\netcoreapp2.2\nzr.toolbox.core.tests.dll" id="4d537f97-5a8f-3fc0-24c7-b07e074344e7">
      <Execution id="85355cf6-2db2-4510-b0ba-7c071e865ad0" />
      <TestMethod codeBase="C:\workspace\personal\Nzr.ToolBox\dotnet\Nzr.ToolBox.Core.Tests\bin\Debug\netcoreapp2.2\Nzr.ToolBox.Core.Tests.dll" adapterTypeName="executor://xunit/VsTestRunner2/netcoreapp" className="Nzr.ToolBox.Core.Tests.BooleanUtilsTests" name="Nzr.ToolBox.Core.Tests.BooleanUtilsTests.ToBool_WithPositiveString_ShouldReturnTrue(value: &quot;Yes&quot;)" />
    </UnitTest>
    <UnitTest name="Nzr.ToolBox.Core.Tests.StringUtilsTest.ContainsAny_WithStringContainingOneOfSubstring_ShouldReturnTrue" storage="c:\workspace\personal\nzr.toolbox\dotnet\nzr.toolbox.core.tests\bin\debug\netcoreapp2.2\nzr.toolbox.core.tests.dll" id="aa3a386d-4e0e-5a63-1b9c-2e9bdb13caac">
      <Execution id="6a33eba8-3f19-4781-aefc-9ae458d36a0a" />
      <TestMethod codeBase="C:\workspace\personal\Nzr.ToolBox\dotnet\Nzr.ToolBox.Core.Tests\bin\Debug\netcoreapp2.2\Nzr.ToolBox.Core.Tests.dll" adapterTypeName="executor://xunit/VsTestRunner2/netcoreapp" className="Nzr.ToolBox.Core.Tests.StringUtilsTest" name="Nzr.ToolBox.Core.Tests.StringUtilsTest.ContainsAny_WithStringContainingOneOfSubstring_ShouldReturnTrue" />
    </UnitTest>
    <UnitTest name="Nzr.ToolBox.Core.Tests.StringUtilsTest.IsNotNumber_WithAlhphanumeric_ShouldReturnTrue" storage="c:\workspace\personal\nzr.toolbox\dotnet\nzr.toolbox.core.tests\bin\debug\netcoreapp2.2\nzr.toolbox.core.tests.dll" id="4727a2e5-b0ef-54dd-d5b7-4bdc9cbfa65b">
      <Execution id="1091a3ee-b5ce-4a80-abf7-6b11628760e7" />
      <TestMethod codeBase="C:\workspace\personal\Nzr.ToolBox\dotnet\Nzr.ToolBox.Core.Tests\bin\Debug\netcoreapp2.2\Nzr.ToolBox.Core.Tests.dll" adapterTypeName="executor://xunit/VsTestRunner2/netcoreapp" className="Nzr.ToolBox.Core.Tests.StringUtilsTest" name="Nzr.ToolBox.Core.Tests.StringUtilsTest.IsNotNumber_WithAlhphanumeric_ShouldReturnTrue" />
    </UnitTest>
    <UnitTest name="Nzr.ToolBox.Core.Tests.CollectionUtilsTests.Get_WithGenericEnumerableWithExistingIndex_ShouldReturnValue" storage="c:\workspace\personal\nzr.toolbox\dotnet\nzr.toolbox.core.tests\bin\debug\netcoreapp2.2\nzr.toolbox.core.tests.dll" id="7bbc11f3-00e0-acc2-4df2-e8e0d97bb209">
      <Execution id="fbcd911e-c189-43cf-a4b7-1788a37e279e" />
      <TestMethod codeBase="C:\workspace\personal\Nzr.ToolBox\dotnet\Nzr.ToolBox.Core.Tests\bin\Debug\netcoreapp2.2\Nzr.ToolBox.Core.Tests.dll" adapterTypeName="executor://xunit/VsTestRunner2/netcoreapp" className="Nzr.ToolBox.Core.Tests.CollectionUtilsTests" name="Nzr.ToolBox.Core.Tests.CollectionUtilsTests.Get_WithGenericEnumerableWithExistingIndex_ShouldReturnValue" />
    </UnitTest>
    <UnitTest name="Nzr.ToolBox.Core.Tests.StringUtilsTest.GetFirstNonBlank_WithNonBlankString_ShouldReturnNonBlankString" storage="c:\workspace\personal\nzr.toolbox\dotnet\nzr.toolbox.core.tests\bin\debug\netcoreapp2.2\nzr.toolbox.core.tests.dll" id="85b4abf3-134f-3845-e5fb-2d701e34abae">
      <Execution id="41df78c0-6a61-4e5d-bffa-c96856699b20" />
      <TestMethod codeBase="C:\workspace\personal\Nzr.ToolBox\dotnet\Nzr.ToolBox.Core.Tests\bin\Debug\netcoreapp2.2\Nzr.ToolBox.Core.Tests.dll" adapterTypeName="executor://xunit/VsTestRunner2/netcoreapp" className="Nzr.ToolBox.Core.Tests.StringUtilsTest" name="Nzr.ToolBox.Core.Tests.StringUtilsTest.GetFirstNonBlank_WithNonBlankString_ShouldReturnNonBlankString" />
    </UnitTest>
    <UnitTest name="Nzr.ToolBox.Core.Tests.StringUtilsTest.IsAnyBlank_WithNullOrEmptyStrings_ShouldReturnTrue" storage="c:\workspace\personal\nzr.toolbox\dotnet\nzr.toolbox.core.tests\bin\debug\netcoreapp2.2\nzr.toolbox.core.tests.dll" id="fcc50950-38b5-c695-4000-d6bf47ed8831">
      <Execution id="0e869fce-b7a5-4114-8955-8abd80cde801" />
      <TestMethod codeBase="C:\workspace\personal\Nzr.ToolBox\dotnet\Nzr.ToolBox.Core.Tests\bin\Debug\netcoreapp2.2\Nzr.ToolBox.Core.Tests.dll" adapterTypeName="executor://xunit/VsTestRunner2/netcoreapp" className="Nzr.ToolBox.Core.Tests.StringUtilsTest" name="Nzr.ToolBox.Core.Tests.StringUtilsTest.IsAnyBlank_WithNullOrEmptyStrings_ShouldReturnTrue" />
    </UnitTest>
    <UnitTest name="Nzr.ToolBox.Core.Tests.CollectionUtilsTests.Add_ShouldAddAllElements" storage="c:\workspace\personal\nzr.toolbox\dotnet\nzr.toolbox.core.tests\bin\debug\netcoreapp2.2\nzr.toolbox.core.tests.dll" id="a8873542-1747-c963-22ae-667f3818d7ed">
      <Execution id="b0aae8eb-4185-435a-937d-8258537695eb" />
      <TestMethod codeBase="C:\workspace\personal\Nzr.ToolBox\dotnet\Nzr.ToolBox.Core.Tests\bin\Debug\netcoreapp2.2\Nzr.ToolBox.Core.Tests.dll" adapterTypeName="executor://xunit/VsTestRunner2/netcoreapp" className="Nzr.ToolBox.Core.Tests.CollectionUtilsTests" name="Nzr.ToolBox.Core.Tests.CollectionUtilsTests.Add_ShouldAddAllElements" />
    </UnitTest>
    <UnitTest name="Nzr.ToolBox.Core.Tests.BooleanUtilsTests.ToBool_WithPositiveString_ShouldReturnTrue(value: &quot;Y&quot;)" storage="c:\workspace\personal\nzr.toolbox\dotnet\nzr.toolbox.core.tests\bin\debug\netcoreapp2.2\nzr.toolbox.core.tests.dll" id="098b15f3-4cbc-4c40-9ad2-8835c9d6e501">
      <Execution id="cc961740-c0f8-4df3-8e24-1f9dc5c32525" />
      <TestMethod codeBase="C:\workspace\personal\Nzr.ToolBox\dotnet\Nzr.ToolBox.Core.Tests\bin\Debug\netcoreapp2.2\Nzr.ToolBox.Core.Tests.dll" adapterTypeName="executor://xunit/VsTestRunner2/netcoreapp" className="Nzr.ToolBox.Core.Tests.BooleanUtilsTests" name="Nzr.ToolBox.Core.Tests.BooleanUtilsTests.ToBool_WithPositiveString_ShouldReturnTrue(value: &quot;Y&quot;)" />
    </UnitTest>
    <UnitTest name="Nzr.ToolBox.Core.Tests.CollectionUtilsTests.Add_WithListAsArgument_ShouldAddAllElements" storage="c:\workspace\personal\nzr.toolbox\dotnet\nzr.toolbox.core.tests\bin\debug\netcoreapp2.2\nzr.toolbox.core.tests.dll" id="0895ad80-dce9-06a7-5602-3c72da5f8da6">
      <Execution id="d7143507-4e3a-405c-b5ac-03ba933e2ef1" />
      <TestMethod codeBase="C:\workspace\personal\Nzr.ToolBox\dotnet\Nzr.ToolBox.Core.Tests\bin\Debug\netcoreapp2.2\Nzr.ToolBox.Core.Tests.dll" adapterTypeName="executor://xunit/VsTestRunner2/netcoreapp" className="Nzr.ToolBox.Core.Tests.CollectionUtilsTests" name="Nzr.ToolBox.Core.Tests.CollectionUtilsTests.Add_WithListAsArgument_ShouldAddAllElements" />
    </UnitTest>
    <UnitTest name="Nzr.ToolBox.Core.Tests.StringUtilsTest.Capitalize_WithNull_ShouldReturnNull" storage="c:\workspace\personal\nzr.toolbox\dotnet\nzr.toolbox.core.tests\bin\debug\netcoreapp2.2\nzr.toolbox.core.tests.dll" id="f4fbfb1c-5ed6-31b9-32df-2fb927eec7fc">
      <Execution id="87ef3b32-68e3-47f4-8805-193b90896042" />
      <TestMethod codeBase="C:\workspace\personal\Nzr.ToolBox\dotnet\Nzr.ToolBox.Core.Tests\bin\Debug\netcoreapp2.2\Nzr.ToolBox.Core.Tests.dll" adapterTypeName="executor://xunit/VsTestRunner2/netcoreapp" className="Nzr.ToolBox.Core.Tests.StringUtilsTest" name="Nzr.ToolBox.Core.Tests.StringUtilsTest.Capitalize_WithNull_ShouldReturnNull" />
    </UnitTest>
    <UnitTest name="Nzr.ToolBox.Core.Tests.BooleanUtilsTests.IsTrue_WithTrueValue_ShouldReturnTrue" storage="c:\workspace\personal\nzr.toolbox\dotnet\nzr.toolbox.core.tests\bin\debug\netcoreapp2.2\nzr.toolbox.core.tests.dll" id="4a5c20cb-2c1d-4475-6cd5-7c6e3e33b758">
      <Execution id="a6e82b6c-81e1-4164-91a7-17c480471621" />
      <TestMethod codeBase="C:\workspace\personal\Nzr.ToolBox\dotnet\Nzr.ToolBox.Core.Tests\bin\Debug\netcoreapp2.2\Nzr.ToolBox.Core.Tests.dll" adapterTypeName="executor://xunit/VsTestRunner2/netcoreapp" className="Nzr.ToolBox.Core.Tests.BooleanUtilsTests" name="Nzr.ToolBox.Core.Tests.BooleanUtilsTests.IsTrue_WithTrueValue_ShouldReturnTrue" />
    </UnitTest>
    <UnitTest name="Nzr.ToolBox.Core.Tests.ObjectUtilsTest.IfNull_WithNotNullValue_ShouldExecuteNotNullAction" storage="c:\workspace\personal\nzr.toolbox\dotnet\nzr.toolbox.core.tests\bin\debug\netcoreapp2.2\nzr.toolbox.core.tests.dll" id="349b454a-4a6b-82e1-71a0-9c64f08b3642">
      <Execution id="9c0044a1-c3b5-4388-a608-41f83273d427" />
      <TestMethod codeBase="C:\workspace\personal\Nzr.ToolBox\dotnet\Nzr.ToolBox.Core.Tests\bin\Debug\netcoreapp2.2\Nzr.ToolBox.Core.Tests.dll" adapterTypeName="executor://xunit/VsTestRunner2/netcoreapp" className="Nzr.ToolBox.Core.Tests.ObjectUtilsTest" name="Nzr.ToolBox.Core.Tests.ObjectUtilsTest.IfNull_WithNotNullValue_ShouldExecuteNotNullAction" />
    </UnitTest>
    <UnitTest name="Nzr.ToolBox.Core.Tests.ObjectUtilsTest.LastNonNull_WithAllNull_ShouldReturnNull" storage="c:\workspace\personal\nzr.toolbox\dotnet\nzr.toolbox.core.tests\bin\debug\netcoreapp2.2\nzr.toolbox.core.tests.dll" id="2deffabc-0f2a-cf1f-0473-12f60ef9456b">
      <Execution id="e201f1ee-0729-4492-9122-44984ac9abbd" />
      <TestMethod codeBase="C:\workspace\personal\Nzr.ToolBox\dotnet\Nzr.ToolBox.Core.Tests\bin\Debug\netcoreapp2.2\Nzr.ToolBox.Core.Tests.dll" adapterTypeName="executor://xunit/VsTestRunner2/netcoreapp" className="Nzr.ToolBox.Core.Tests.ObjectUtilsTest" name="Nzr.ToolBox.Core.Tests.ObjectUtilsTest.LastNonNull_WithAllNull_ShouldReturnNull" />
    </UnitTest>
    <UnitTest name="Nzr.ToolBox.Core.Tests.ObjectUtilsTest.IfNull_WithNullValue_ShouldExecuteNullAction" storage="c:\workspace\personal\nzr.toolbox\dotnet\nzr.toolbox.core.tests\bin\debug\netcoreapp2.2\nzr.toolbox.core.tests.dll" id="ef1d6b74-13c8-dcd2-26ac-7f5ae1d5273c">
      <Execution id="8bec3549-88fc-4c8f-a2be-077d5a4e0ac0" />
      <TestMethod codeBase="C:\workspace\personal\Nzr.ToolBox\dotnet\Nzr.ToolBox.Core.Tests\bin\Debug\netcoreapp2.2\Nzr.ToolBox.Core.Tests.dll" adapterTypeName="executor://xunit/VsTestRunner2/netcoreapp" className="Nzr.ToolBox.Core.Tests.ObjectUtilsTest" name="Nzr.ToolBox.Core.Tests.ObjectUtilsTest.IfNull_WithNullValue_ShouldExecuteNullAction" />
    </UnitTest>
    <UnitTest name="Nzr.ToolBox.Core.Tests.CollectionUtilsTests.IndexOf_WithExistingItem_ShouldReturnIndex" storage="c:\workspace\personal\nzr.toolbox\dotnet\nzr.toolbox.core.tests\bin\debug\netcoreapp2.2\nzr.toolbox.core.tests.dll" id="82fbae66-d014-68f8-a29c-7a33350f0be4">
      <Execution id="cd1fce49-b9cd-4daf-a636-87ec0c187310" />
      <TestMethod codeBase="C:\workspace\personal\Nzr.ToolBox\dotnet\Nzr.ToolBox.Core.Tests\bin\Debug\netcoreapp2.2\Nzr.ToolBox.Core.Tests.dll" adapterTypeName="executor://xunit/VsTestRunner2/netcoreapp" className="Nzr.ToolBox.Core.Tests.CollectionUtilsTests" name="Nzr.ToolBox.Core.Tests.CollectionUtilsTests.IndexOf_WithExistingItem_ShouldReturnIndex" />
    </UnitTest>
    <UnitTest name="Nzr.ToolBox.Core.Tests.RandomUtilsTest.RandomDecimal_ShouldReturnUniqueValues(iterations: 10000, seed: 1)" storage="c:\workspace\personal\nzr.toolbox\dotnet\nzr.toolbox.core.tests\bin\debug\netcoreapp2.2\nzr.toolbox.core.tests.dll" id="af6775fd-d269-907e-4174-20941ea53792">
      <Execution id="cecb6f5e-c255-4add-9b7a-f017814a733e" />
      <TestMethod codeBase="C:\workspace\personal\Nzr.ToolBox\dotnet\Nzr.ToolBox.Core.Tests\bin\Debug\netcoreapp2.2\Nzr.ToolBox.Core.Tests.dll" adapterTypeName="executor://xunit/VsTestRunner2/netcoreapp" className="Nzr.ToolBox.Core.Tests.RandomUtilsTest" name="Nzr.ToolBox.Core.Tests.RandomUtilsTest.RandomDecimal_ShouldReturnUniqueValues(iterations: 10000, seed: 1)" />
    </UnitTest>
    <UnitTest name="Nzr.ToolBox.Core.Tests.CollectionUtilsTests.ContainsAll_WithEnumerableAndSameElements_ShouldReturnTrue" storage="c:\workspace\personal\nzr.toolbox\dotnet\nzr.toolbox.core.tests\bin\debug\netcoreapp2.2\nzr.toolbox.core.tests.dll" id="4e7127f8-744d-1e07-a920-a821e9fe9f93">
      <Execution id="d8ee2c15-189b-4a7d-a0b1-dfbc8286c761" />
      <TestMethod codeBase="C:\workspace\personal\Nzr.ToolBox\dotnet\Nzr.ToolBox.Core.Tests\bin\Debug\netcoreapp2.2\Nzr.ToolBox.Core.Tests.dll" adapterTypeName="executor://xunit/VsTestRunner2/netcoreapp" className="Nzr.ToolBox.Core.Tests.CollectionUtilsTests" name="Nzr.ToolBox.Core.Tests.CollectionUtilsTests.ContainsAll_WithEnumerableAndSameElements_ShouldReturnTrue" />
    </UnitTest>
    <UnitTest name="Nzr.ToolBox.Core.Tests.StringUtilsTest.Format_WithFormatString_ShouldReturnFormatedString" storage="c:\workspace\personal\nzr.toolbox\dotnet\nzr.toolbox.core.tests\bin\debug\netcoreapp2.2\nzr.toolbox.core.tests.dll" id="9847e038-8e7e-bbcd-0cca-216082d13779">
      <Execution id="278f3656-6518-4341-84a9-4d15a6fb9985" />
      <TestMethod codeBase="C:\workspace\personal\Nzr.ToolBox\dotnet\Nzr.ToolBox.Core.Tests\bin\Debug\netcoreapp2.2\Nzr.ToolBox.Core.Tests.dll" adapterTypeName="executor://xunit/VsTestRunner2/netcoreapp" className="Nzr.ToolBox.Core.Tests.StringUtilsTest" name="Nzr.ToolBox.Core.Tests.StringUtilsTest.Format_WithFormatString_ShouldReturnFormatedString" />
    </UnitTest>
    <UnitTest name="Nzr.ToolBox.Core.Tests.BooleanUtilsTests.IsAnyTrue_WithOneTrueValue_ShouldReturnTrue" storage="c:\workspace\personal\nzr.toolbox\dotnet\nzr.toolbox.core.tests\bin\debug\netcoreapp2.2\nzr.toolbox.core.tests.dll" id="c503249d-5537-fc1c-c402-620be402a09c">
      <Execution id="eee1d50b-64c5-4b6d-bf57-70c346386a45" />
      <TestMethod codeBase="C:\workspace\personal\Nzr.ToolBox\dotnet\Nzr.ToolBox.Core.Tests\bin\Debug\netcoreapp2.2\Nzr.ToolBox.Core.Tests.dll" adapterTypeName="executor://xunit/VsTestRunner2/netcoreapp" className="Nzr.ToolBox.Core.Tests.BooleanUtilsTests" name="Nzr.ToolBox.Core.Tests.BooleanUtilsTests.IsAnyTrue_WithOneTrueValue_ShouldReturnTrue" />
    </UnitTest>
    <UnitTest name="Nzr.ToolBox.Core.Tests.BooleanUtilsTests.ToBool_WithPositiveNonZero_ShouldReturnTrue(b: 2, s: 3, i: 4, l: 5, f: 6, d: 7, m: 8)" storage="c:\workspace\personal\nzr.toolbox\dotnet\nzr.toolbox.core.tests\bin\debug\netcoreapp2.2\nzr.toolbox.core.tests.dll" id="c5f701a1-fcd5-1f87-4fee-cd5b137b31a8">
      <Execution id="2e658261-0a22-4d51-a6e2-e6a949225974" />
      <TestMethod codeBase="C:\workspace\personal\Nzr.ToolBox\dotnet\Nzr.ToolBox.Core.Tests\bin\Debug\netcoreapp2.2\Nzr.ToolBox.Core.Tests.dll" adapterTypeName="executor://xunit/VsTestRunner2/netcoreapp" className="Nzr.ToolBox.Core.Tests.BooleanUtilsTests" name="Nzr.ToolBox.Core.Tests.BooleanUtilsTests.ToBool_WithPositiveNonZero_ShouldReturnTrue(b: 2, s: 3, i: 4, l: 5, f: 6, d: 7, m: 8)" />
    </UnitTest>
    <UnitTest name="Nzr.ToolBox.Core.Tests.ObjectUtilsTest.IfNotNull_WithNullValue_ShouldExecuteNullAction" storage="c:\workspace\personal\nzr.toolbox\dotnet\nzr.toolbox.core.tests\bin\debug\netcoreapp2.2\nzr.toolbox.core.tests.dll" id="60b85a90-aaf8-7e93-2f6c-9526d81382d3">
      <Execution id="88651947-3b31-4797-b1b4-52dd69c666cf" />
      <TestMethod codeBase="C:\workspace\personal\Nzr.ToolBox\dotnet\Nzr.ToolBox.Core.Tests\bin\Debug\netcoreapp2.2\Nzr.ToolBox.Core.Tests.dll" adapterTypeName="executor://xunit/VsTestRunner2/netcoreapp" className="Nzr.ToolBox.Core.Tests.ObjectUtilsTest" name="Nzr.ToolBox.Core.Tests.ObjectUtilsTest.IfNotNull_WithNullValue_ShouldExecuteNullAction" />
    </UnitTest>
    <UnitTest name="Nzr.ToolBox.Core.Tests.CollectionUtilsTests.EmptyIfNull_WithNonNullGenericEnumerable_ShouldTheEnumerable" storage="c:\workspace\personal\nzr.toolbox\dotnet\nzr.toolbox.core.tests\bin\debug\netcoreapp2.2\nzr.toolbox.core.tests.dll" id="3b3f03b2-7036-9975-1ea0-fbee6b6a40d0">
      <Execution id="32af74a0-ac46-443f-9dce-f01cb56636fd" />
      <TestMethod codeBase="C:\workspace\personal\Nzr.ToolBox\dotnet\Nzr.ToolBox.Core.Tests\bin\Debug\netcoreapp2.2\Nzr.ToolBox.Core.Tests.dll" adapterTypeName="executor://xunit/VsTestRunner2/netcoreapp" className="Nzr.ToolBox.Core.Tests.CollectionUtilsTests" name="Nzr.ToolBox.Core.Tests.CollectionUtilsTests.EmptyIfNull_WithNonNullGenericEnumerable_ShouldTheEnumerable" />
    </UnitTest>
    <UnitTest name="Nzr.ToolBox.Core.Tests.StringUtilsTest.RemoveEnd_WithExistingStrings_ShouldReturnCleanedString" storage="c:\workspace\personal\nzr.toolbox\dotnet\nzr.toolbox.core.tests\bin\debug\netcoreapp2.2\nzr.toolbox.core.tests.dll" id="625b6eef-9fde-b5ef-1db7-16257d35bad4">
      <Execution id="e5f1d777-4efd-4df5-8d18-4bbd14828d42" />
      <TestMethod codeBase="C:\workspace\personal\Nzr.ToolBox\dotnet\Nzr.ToolBox.Core.Tests\bin\Debug\netcoreapp2.2\Nzr.ToolBox.Core.Tests.dll" adapterTypeName="executor://xunit/VsTestRunner2/netcoreapp" className="Nzr.ToolBox.Core.Tests.StringUtilsTest" name="Nzr.ToolBox.Core.Tests.StringUtilsTest.RemoveEnd_WithExistingStrings_ShouldReturnCleanedString" />
    </UnitTest>
    <UnitTest name="Nzr.ToolBox.Core.Tests.StringUtilsTest.ContainsAny_WithOrdinalIgnoreCaseNullString_ShouldReturnFalse" storage="c:\workspace\personal\nzr.toolbox\dotnet\nzr.toolbox.core.tests\bin\debug\netcoreapp2.2\nzr.toolbox.core.tests.dll" id="9fb46542-0618-28a9-23e6-da1922161605">
      <Execution id="a6d10655-c0ce-4854-b4a9-71dcfad931c5" />
      <TestMethod codeBase="C:\workspace\personal\Nzr.ToolBox\dotnet\Nzr.ToolBox.Core.Tests\bin\Debug\netcoreapp2.2\Nzr.ToolBox.Core.Tests.dll" adapterTypeName="executor://xunit/VsTestRunner2/netcoreapp" className="Nzr.ToolBox.Core.Tests.StringUtilsTest" name="Nzr.ToolBox.Core.Tests.StringUtilsTest.ContainsAny_WithOrdinalIgnoreCaseNullString_ShouldReturnFalse" />
    </UnitTest>
    <UnitTest name="Nzr.ToolBox.Core.Tests.CollectionUtilsTests.GetKey_WithNullValueForKvpAndInput_ShouldReturnKey" storage="c:\workspace\personal\nzr.toolbox\dotnet\nzr.toolbox.core.tests\bin\debug\netcoreapp2.2\nzr.toolbox.core.tests.dll" id="2084ff50-0c57-008d-1c5e-051f3c6d2a19">
      <Execution id="c5311635-787e-429f-825d-7b8b5ce6d978" />
      <TestMethod codeBase="C:\workspace\personal\Nzr.ToolBox\dotnet\Nzr.ToolBox.Core.Tests\bin\Debug\netcoreapp2.2\Nzr.ToolBox.Core.Tests.dll" adapterTypeName="executor://xunit/VsTestRunner2/netcoreapp" className="Nzr.ToolBox.Core.Tests.CollectionUtilsTests" name="Nzr.ToolBox.Core.Tests.CollectionUtilsTests.GetKey_WithNullValueForKvpAndInput_ShouldReturnKey" />
    </UnitTest>
    <UnitTest name="Nzr.ToolBox.Core.Tests.StringUtilsTest.RemoveDiacritics_WithString_ShouldReturnStringWihtouDiacritics" storage="c:\workspace\personal\nzr.toolbox\dotnet\nzr.toolbox.core.tests\bin\debug\netcoreapp2.2\nzr.toolbox.core.tests.dll" id="8668c16e-2e8c-3717-0d40-dca4b94235b7">
      <Execution id="257ea471-502c-4fc6-9b68-ca4374a18d4b" />
      <TestMethod codeBase="C:\workspace\personal\Nzr.ToolBox\dotnet\Nzr.ToolBox.Core.Tests\bin\Debug\netcoreapp2.2\Nzr.ToolBox.Core.Tests.dll" adapterTypeName="executor://xunit/VsTestRunner2/netcoreapp" className="Nzr.ToolBox.Core.Tests.StringUtilsTest" name="Nzr.ToolBox.Core.Tests.StringUtilsTest.RemoveDiacritics_WithString_ShouldReturnStringWihtouDiacritics" />
    </UnitTest>
    <UnitTest name="Nzr.ToolBox.Core.Tests.BooleanUtilsTests.IsTrue_WithNullOrFalseValue_ShouldReturnFalse(value: False)" storage="c:\workspace\personal\nzr.toolbox\dotnet\nzr.toolbox.core.tests\bin\debug\netcoreapp2.2\nzr.toolbox.core.tests.dll" id="cdc95a43-d3d9-ea09-2bf0-c5d1cc0a2f68">
      <Execution id="91be6657-ba70-4ab0-a335-fa22773db4f7" />
      <TestMethod codeBase="C:\workspace\personal\Nzr.ToolBox\dotnet\Nzr.ToolBox.Core.Tests\bin\Debug\netcoreapp2.2\Nzr.ToolBox.Core.Tests.dll" adapterTypeName="executor://xunit/VsTestRunner2/netcoreapp" className="Nzr.ToolBox.Core.Tests.BooleanUtilsTests" name="Nzr.ToolBox.Core.Tests.BooleanUtilsTests.IsTrue_WithNullOrFalseValue_ShouldReturnFalse(value: False)" />
    </UnitTest>
    <UnitTest name="Nzr.ToolBox.Core.Tests.CollectionUtilsTests.IsNotEmpty_WithNull_ShouldReturnFalse" storage="c:\workspace\personal\nzr.toolbox\dotnet\nzr.toolbox.core.tests\bin\debug\netcoreapp2.2\nzr.toolbox.core.tests.dll" id="c86af186-3a97-3d11-9fd7-06dc90451dd3">
      <Execution id="833ea623-b7eb-4d47-bb1f-6c775cdb5a78" />
      <TestMethod codeBase="C:\workspace\personal\Nzr.ToolBox\dotnet\Nzr.ToolBox.Core.Tests\bin\Debug\netcoreapp2.2\Nzr.ToolBox.Core.Tests.dll" adapterTypeName="executor://xunit/VsTestRunner2/netcoreapp" className="Nzr.ToolBox.Core.Tests.CollectionUtilsTests" name="Nzr.ToolBox.Core.Tests.CollectionUtilsTests.IsNotEmpty_WithNull_ShouldReturnFalse" />
    </UnitTest>
    <UnitTest name="Nzr.ToolBox.Core.Tests.ReflectionUtilsTest.GetValue_WithPropertyPathToList_ShouldThrowException" storage="c:\workspace\personal\nzr.toolbox\dotnet\nzr.toolbox.core.tests\bin\debug\netcoreapp2.2\nzr.toolbox.core.tests.dll" id="6bf46c1e-b943-b7c7-5a0c-85c17aef903c">
      <Execution id="3be60f53-3ad1-4c6c-a92b-713afef63f9a" />
      <TestMethod codeBase="C:\workspace\personal\Nzr.ToolBox\dotnet\Nzr.ToolBox.Core.Tests\bin\Debug\netcoreapp2.2\Nzr.ToolBox.Core.Tests.dll" adapterTypeName="executor://xunit/VsTestRunner2/netcoreapp" className="Nzr.ToolBox.Core.Tests.ReflectionUtilsTest" name="Nzr.ToolBox.Core.Tests.ReflectionUtilsTest.GetValue_WithPropertyPathToList_ShouldThrowException" />
    </UnitTest>
    <UnitTest name="Nzr.ToolBox.Core.Tests.ObjectUtilsTest.LastNonNull_WithAnyNonNull_ShouldReturnLastNonNull" storage="c:\workspace\personal\nzr.toolbox\dotnet\nzr.toolbox.core.tests\bin\debug\netcoreapp2.2\nzr.toolbox.core.tests.dll" id="164b891a-cd2a-f888-7f37-eb0e28476c0f">
      <Execution id="681707c9-c31f-4dff-a5c8-49687804bf9c" />
      <TestMethod codeBase="C:\workspace\personal\Nzr.ToolBox\dotnet\Nzr.ToolBox.Core.Tests\bin\Debug\netcoreapp2.2\Nzr.ToolBox.Core.Tests.dll" adapterTypeName="executor://xunit/VsTestRunner2/netcoreapp" className="Nzr.ToolBox.Core.Tests.ObjectUtilsTest" name="Nzr.ToolBox.Core.Tests.ObjectUtilsTest.LastNonNull_WithAnyNonNull_ShouldReturnLastNonNull" />
    </UnitTest>
    <UnitTest name="Nzr.ToolBox.Core.Tests.StringUtilsTest.ContainsAll_WithNullStringContainigAllNullSubstrings_ShouldReturnTrue" storage="c:\workspace\personal\nzr.toolbox\dotnet\nzr.toolbox.core.tests\bin\debug\netcoreapp2.2\nzr.toolbox.core.tests.dll" id="b5c65171-5bde-d993-6882-e95aac21805c">
      <Execution id="a205e34e-97ca-4715-9ce7-d71204cc7f8b" />
      <TestMethod codeBase="C:\workspace\personal\Nzr.ToolBox\dotnet\Nzr.ToolBox.Core.Tests\bin\Debug\netcoreapp2.2\Nzr.ToolBox.Core.Tests.dll" adapterTypeName="executor://xunit/VsTestRunner2/netcoreapp" className="Nzr.ToolBox.Core.Tests.StringUtilsTest" name="Nzr.ToolBox.Core.Tests.StringUtilsTest.ContainsAll_WithNullStringContainigAllNullSubstrings_ShouldReturnTrue" />
    </UnitTest>
    <UnitTest name="Nzr.ToolBox.Core.Tests.CollectionUtilsTests.ContainsAny_WithEnumerableAndDiffSize_ShouldReturnFalse" storage="c:\workspace\personal\nzr.toolbox\dotnet\nzr.toolbox.core.tests\bin\debug\netcoreapp2.2\nzr.toolbox.core.tests.dll" id="6f76a51f-b8cd-e6f5-cb70-61af9779673e">
      <Execution id="56ba2f53-6762-4fa5-8d41-217416c601ab" />
      <TestMethod codeBase="C:\workspace\personal\Nzr.ToolBox\dotnet\Nzr.ToolBox.Core.Tests\bin\Debug\netcoreapp2.2\Nzr.ToolBox.Core.Tests.dll" adapterTypeName="executor://xunit/VsTestRunner2/netcoreapp" className="Nzr.ToolBox.Core.Tests.CollectionUtilsTests" name="Nzr.ToolBox.Core.Tests.CollectionUtilsTests.ContainsAny_WithEnumerableAndDiffSize_ShouldReturnFalse" />
    </UnitTest>
    <UnitTest name="Nzr.ToolBox.Core.Tests.StringUtilsTest.DefaultIfBlank_WithNullString_ShouldReturnDefault" storage="c:\workspace\personal\nzr.toolbox\dotnet\nzr.toolbox.core.tests\bin\debug\netcoreapp2.2\nzr.toolbox.core.tests.dll" id="b389fce4-9131-dbd6-6cb1-9add0a76b08c">
      <Execution id="4c6b0fb7-ef4d-41ed-8620-537833c855c6" />
      <TestMethod codeBase="C:\workspace\personal\Nzr.ToolBox\dotnet\Nzr.ToolBox.Core.Tests\bin\Debug\netcoreapp2.2\Nzr.ToolBox.Core.Tests.dll" adapterTypeName="executor://xunit/VsTestRunner2/netcoreapp" className="Nzr.ToolBox.Core.Tests.StringUtilsTest" name="Nzr.ToolBox.Core.Tests.StringUtilsTest.DefaultIfBlank_WithNullString_ShouldReturnDefault" />
    </UnitTest>
    <UnitTest name="Nzr.ToolBox.Core.Tests.StringUtilsTest.DefaultIfEmpty_WithNullString_ShouldReturnDefault" storage="c:\workspace\personal\nzr.toolbox\dotnet\nzr.toolbox.core.tests\bin\debug\netcoreapp2.2\nzr.toolbox.core.tests.dll" id="e4ef8062-0dbe-6974-71e4-0c8dfc386479">
      <Execution id="07bae917-a7fc-4364-a364-4071ff4fc3ca" />
      <TestMethod codeBase="C:\workspace\personal\Nzr.ToolBox\dotnet\Nzr.ToolBox.Core.Tests\bin\Debug\netcoreapp2.2\Nzr.ToolBox.Core.Tests.dll" adapterTypeName="executor://xunit/VsTestRunner2/netcoreapp" className="Nzr.ToolBox.Core.Tests.StringUtilsTest" name="Nzr.ToolBox.Core.Tests.StringUtilsTest.DefaultIfEmpty_WithNullString_ShouldReturnDefault" />
    </UnitTest>
    <UnitTest name="Nzr.ToolBox.Core.Tests.StringUtilsTest.Repeat_WithNonNull_ShouldReturnValuesTimesGiven" storage="c:\workspace\personal\nzr.toolbox\dotnet\nzr.toolbox.core.tests\bin\debug\netcoreapp2.2\nzr.toolbox.core.tests.dll" id="8cfb34fe-4adc-92b2-4e95-dd104149bccb">
      <Execution id="0b887c47-7b12-4e6a-a8db-05b3fd3aec36" />
      <TestMethod codeBase="C:\workspace\personal\Nzr.ToolBox\dotnet\Nzr.ToolBox.Core.Tests\bin\Debug\netcoreapp2.2\Nzr.ToolBox.Core.Tests.dll" adapterTypeName="executor://xunit/VsTestRunner2/netcoreapp" className="Nzr.ToolBox.Core.Tests.StringUtilsTest" name="Nzr.ToolBox.Core.Tests.StringUtilsTest.Repeat_WithNonNull_ShouldReturnValuesTimesGiven" />
    </UnitTest>
    <UnitTest name="Nzr.ToolBox.Core.Tests.StringUtilsTest.Remove_WithNullString_ShouldReturnNull" storage="c:\workspace\personal\nzr.toolbox\dotnet\nzr.toolbox.core.tests\bin\debug\netcoreapp2.2\nzr.toolbox.core.tests.dll" id="dac9dc92-a823-6cea-bf4c-1b3253c3dca3">
      <Execution id="00423fdc-9984-4104-bb32-e98b3ba3b99c" />
      <TestMethod codeBase="C:\workspace\personal\Nzr.ToolBox\dotnet\Nzr.ToolBox.Core.Tests\bin\Debug\netcoreapp2.2\Nzr.ToolBox.Core.Tests.dll" adapterTypeName="executor://xunit/VsTestRunner2/netcoreapp" className="Nzr.ToolBox.Core.Tests.StringUtilsTest" name="Nzr.ToolBox.Core.Tests.StringUtilsTest.Remove_WithNullString_ShouldReturnNull" />
    </UnitTest>
    <UnitTest name="Nzr.ToolBox.Core.Tests.BooleanUtilsTests.ToBool_WithPositiveString_ShouldReturnTrue(value: &quot;Sim&quot;)" storage="c:\workspace\personal\nzr.toolbox\dotnet\nzr.toolbox.core.tests\bin\debug\netcoreapp2.2\nzr.toolbox.core.tests.dll" id="7f60703b-ccac-d67a-af2c-d0f5218965ff">
      <Execution id="7b38ab52-d2a7-4303-b760-e803f1bc4af0" />
      <TestMethod codeBase="C:\workspace\personal\Nzr.ToolBox\dotnet\Nzr.ToolBox.Core.Tests\bin\Debug\netcoreapp2.2\Nzr.ToolBox.Core.Tests.dll" adapterTypeName="executor://xunit/VsTestRunner2/netcoreapp" className="Nzr.ToolBox.Core.Tests.BooleanUtilsTests" name="Nzr.ToolBox.Core.Tests.BooleanUtilsTests.ToBool_WithPositiveString_ShouldReturnTrue(value: &quot;Sim&quot;)" />
    </UnitTest>
    <UnitTest name="Nzr.ToolBox.Core.Tests.BooleanUtilsTests.IsAllFalse_WithOneTrueValue_ShouldReturnFalse" storage="c:\workspace\personal\nzr.toolbox\dotnet\nzr.toolbox.core.tests\bin\debug\netcoreapp2.2\nzr.toolbox.core.tests.dll" id="f69da90d-10ac-e902-c8cf-752cc6502d57">
      <Execution id="0fc9b21c-97d1-4eb3-b438-e95c12c61596" />
      <TestMethod codeBase="C:\workspace\personal\Nzr.ToolBox\dotnet\Nzr.ToolBox.Core.Tests\bin\Debug\netcoreapp2.2\Nzr.ToolBox.Core.Tests.dll" adapterTypeName="executor://xunit/VsTestRunner2/netcoreapp" className="Nzr.ToolBox.Core.Tests.BooleanUtilsTests" name="Nzr.ToolBox.Core.Tests.BooleanUtilsTests.IsAllFalse_WithOneTrueValue_ShouldReturnFalse" />
    </UnitTest>
    <UnitTest name="Nzr.ToolBox.Core.Tests.StringUtilsTest.IsNotBlank_WithEmptyString_ShouldReturnFalse" storage="c:\workspace\personal\nzr.toolbox\dotnet\nzr.toolbox.core.tests\bin\debug\netcoreapp2.2\nzr.toolbox.core.tests.dll" id="b292ce2e-5824-fb2a-2909-216dafdf7687">
      <Execution id="7bcd206d-9c92-4099-b0e0-7dd42bbb7a56" />
      <TestMethod codeBase="C:\workspace\personal\Nzr.ToolBox\dotnet\Nzr.ToolBox.Core.Tests\bin\Debug\netcoreapp2.2\Nzr.ToolBox.Core.Tests.dll" adapterTypeName="executor://xunit/VsTestRunner2/netcoreapp" className="Nzr.ToolBox.Core.Tests.StringUtilsTest" name="Nzr.ToolBox.Core.Tests.StringUtilsTest.IsNotBlank_WithEmptyString_ShouldReturnFalse" />
    </UnitTest>
    <UnitTest name="Nzr.ToolBox.Core.Tests.ObjectUtilsTest.IfNotNull_WithNonNullValue_ShouldNotThrowException" storage="c:\workspace\personal\nzr.toolbox\dotnet\nzr.toolbox.core.tests\bin\debug\netcoreapp2.2\nzr.toolbox.core.tests.dll" id="a9c9a902-559f-8aa4-faab-16816a4be232">
      <Execution id="5fab9690-458f-4ca3-90db-9ac696369989" />
      <TestMethod codeBase="C:\workspace\personal\Nzr.ToolBox\dotnet\Nzr.ToolBox.Core.Tests\bin\Debug\netcoreapp2.2\Nzr.ToolBox.Core.Tests.dll" adapterTypeName="executor://xunit/VsTestRunner2/netcoreapp" className="Nzr.ToolBox.Core.Tests.ObjectUtilsTest" name="Nzr.ToolBox.Core.Tests.ObjectUtilsTest.IfNotNull_WithNonNullValue_ShouldNotThrowException" />
    </UnitTest>
    <UnitTest name="Nzr.ToolBox.Core.Tests.BooleanUtilsTests.Describe_WihFalseValueAndWitCustomFalseString_ShouldReturnCustomString" storage="c:\workspace\personal\nzr.toolbox\dotnet\nzr.toolbox.core.tests\bin\debug\netcoreapp2.2\nzr.toolbox.core.tests.dll" id="ffdd3661-fbf5-5fd8-8d4d-955844eb2b7f">
      <Execution id="30e6ff8e-ad64-428b-9682-30fb3708ee7c" />
      <TestMethod codeBase="C:\workspace\personal\Nzr.ToolBox\dotnet\Nzr.ToolBox.Core.Tests\bin\Debug\netcoreapp2.2\Nzr.ToolBox.Core.Tests.dll" adapterTypeName="executor://xunit/VsTestRunner2/netcoreapp" className="Nzr.ToolBox.Core.Tests.BooleanUtilsTests" name="Nzr.ToolBox.Core.Tests.BooleanUtilsTests.Describe_WihFalseValueAndWitCustomFalseString_ShouldReturnCustomString" />
    </UnitTest>
    <UnitTest name="Nzr.ToolBox.Core.Tests.StringUtilsTest.GetFirstNonEmpty_WithNonEmptyString_ShouldReturnNonEmptyString" storage="c:\workspace\personal\nzr.toolbox\dotnet\nzr.toolbox.core.tests\bin\debug\netcoreapp2.2\nzr.toolbox.core.tests.dll" id="e397fe5c-dda2-b97d-97d4-6dd12c3d68a3">
      <Execution id="8f9eb0b3-8b06-47a4-bf2b-56adc5cfa5e5" />
      <TestMethod codeBase="C:\workspace\personal\Nzr.ToolBox\dotnet\Nzr.ToolBox.Core.Tests\bin\Debug\netcoreapp2.2\Nzr.ToolBox.Core.Tests.dll" adapterTypeName="executor://xunit/VsTestRunner2/netcoreapp" className="Nzr.ToolBox.Core.Tests.StringUtilsTest" name="Nzr.ToolBox.Core.Tests.StringUtilsTest.GetFirstNonEmpty_WithNonEmptyString_ShouldReturnNonEmptyString" />
    </UnitTest>
    <UnitTest name="Nzr.ToolBox.Core.Tests.StringUtilsTest.IsNotEmpty_WithEmptyString_ShouldReturnFalse" storage="c:\workspace\personal\nzr.toolbox\dotnet\nzr.toolbox.core.tests\bin\debug\netcoreapp2.2\nzr.toolbox.core.tests.dll" id="0d7388ec-535d-bdbd-7333-2708e1a2ca4e">
      <Execution id="375e5cd1-a150-4f61-9d25-b755c60aedcb" />
      <TestMethod codeBase="C:\workspace\personal\Nzr.ToolBox\dotnet\Nzr.ToolBox.Core.Tests\bin\Debug\netcoreapp2.2\Nzr.ToolBox.Core.Tests.dll" adapterTypeName="executor://xunit/VsTestRunner2/netcoreapp" className="Nzr.ToolBox.Core.Tests.StringUtilsTest" name="Nzr.ToolBox.Core.Tests.StringUtilsTest.IsNotEmpty_WithEmptyString_ShouldReturnFalse" />
    </UnitTest>
    <UnitTest name="Nzr.ToolBox.Core.Tests.RandomUtilsTest.RandomBoolean_ShouldReturnUniqueValues(iterations: 10000, seed: 1)" storage="c:\workspace\personal\nzr.toolbox\dotnet\nzr.toolbox.core.tests\bin\debug\netcoreapp2.2\nzr.toolbox.core.tests.dll" id="16b669e8-8590-1a4a-5e26-b385242802e4">
      <Execution id="5e0417ee-d33c-4c71-8df7-d03ce2fa0e1d" />
      <TestMethod codeBase="C:\workspace\personal\Nzr.ToolBox\dotnet\Nzr.ToolBox.Core.Tests\bin\Debug\netcoreapp2.2\Nzr.ToolBox.Core.Tests.dll" adapterTypeName="executor://xunit/VsTestRunner2/netcoreapp" className="Nzr.ToolBox.Core.Tests.RandomUtilsTest" name="Nzr.ToolBox.Core.Tests.RandomUtilsTest.RandomBoolean_ShouldReturnUniqueValues(iterations: 10000, seed: 1)" />
    </UnitTest>
    <UnitTest name="Nzr.ToolBox.Core.Tests.ObjectUtilsTest.RequireNonNull_WithNonNull_ShouldNotThrowExcetpion" storage="c:\workspace\personal\nzr.toolbox\dotnet\nzr.toolbox.core.tests\bin\debug\netcoreapp2.2\nzr.toolbox.core.tests.dll" id="e8ec249d-dc87-2471-df22-5e2bd5f5cfd6">
      <Execution id="1ce3636e-ee6c-4710-a809-8a5b2467f353" />
      <TestMethod codeBase="C:\workspace\personal\Nzr.ToolBox\dotnet\Nzr.ToolBox.Core.Tests\bin\Debug\netcoreapp2.2\Nzr.ToolBox.Core.Tests.dll" adapterTypeName="executor://xunit/VsTestRunner2/netcoreapp" className="Nzr.ToolBox.Core.Tests.ObjectUtilsTest" name="Nzr.ToolBox.Core.Tests.ObjectUtilsTest.RequireNonNull_WithNonNull_ShouldNotThrowExcetpion" />
    </UnitTest>
    <UnitTest name="Nzr.ToolBox.Core.Tests.StringUtilsTest.DescribeIfNone_WithRegularString_ShouldReturnString" storage="c:\workspace\personal\nzr.toolbox\dotnet\nzr.toolbox.core.tests\bin\debug\netcoreapp2.2\nzr.toolbox.core.tests.dll" id="d6c3c325-4119-8dd1-476b-5d0386c6cccf">
      <Execution id="657dda90-ef3e-4a7c-bfce-fde7fd20ad13" />
      <TestMethod codeBase="C:\workspace\personal\Nzr.ToolBox\dotnet\Nzr.ToolBox.Core.Tests\bin\Debug\netcoreapp2.2\Nzr.ToolBox.Core.Tests.dll" adapterTypeName="executor://xunit/VsTestRunner2/netcoreapp" className="Nzr.ToolBox.Core.Tests.StringUtilsTest" name="Nzr.ToolBox.Core.Tests.StringUtilsTest.DescribeIfNone_WithRegularString_ShouldReturnString" />
    </UnitTest>
    <UnitTest name="Nzr.ToolBox.Core.Tests.StringUtilsTest.IsIsBlank_WithBlankString_ShouldReturnTrue" storage="c:\workspace\personal\nzr.toolbox\dotnet\nzr.toolbox.core.tests\bin\debug\netcoreapp2.2\nzr.toolbox.core.tests.dll" id="5c211a1b-af5c-0baa-3971-de7e6e4f1565">
      <Execution id="3d34485d-116d-4d38-8301-b0915d8562b2" />
      <TestMethod codeBase="C:\workspace\personal\Nzr.ToolBox\dotnet\Nzr.ToolBox.Core.Tests\bin\Debug\netcoreapp2.2\Nzr.ToolBox.Core.Tests.dll" adapterTypeName="executor://xunit/VsTestRunner2/netcoreapp" className="Nzr.ToolBox.Core.Tests.StringUtilsTest" name="Nzr.ToolBox.Core.Tests.StringUtilsTest.IsIsBlank_WithBlankString_ShouldReturnTrue" />
    </UnitTest>
    <UnitTest name="Nzr.ToolBox.Core.Tests.CollectionUtilsTests.ContainsAll_WithGenericEnumerableAndDiffElements_ShouldReturnFalse" storage="c:\workspace\personal\nzr.toolbox\dotnet\nzr.toolbox.core.tests\bin\debug\netcoreapp2.2\nzr.toolbox.core.tests.dll" id="bed34e53-72a5-3fd2-6674-42d2c22e4e8b">
      <Execution id="f5489eaa-d0c3-4123-8722-d896b158285b" />
      <TestMethod codeBase="C:\workspace\personal\Nzr.ToolBox\dotnet\Nzr.ToolBox.Core.Tests\bin\Debug\netcoreapp2.2\Nzr.ToolBox.Core.Tests.dll" adapterTypeName="executor://xunit/VsTestRunner2/netcoreapp" className="Nzr.ToolBox.Core.Tests.CollectionUtilsTests" name="Nzr.ToolBox.Core.Tests.CollectionUtilsTests.ContainsAll_WithGenericEnumerableAndDiffElements_ShouldReturnFalse" />
    </UnitTest>
    <UnitTest name="Nzr.ToolBox.Core.Tests.StringUtilsTest.DescribeIfNone_WithNull_ShouldReturnNullString" storage="c:\workspace\personal\nzr.toolbox\dotnet\nzr.toolbox.core.tests\bin\debug\netcoreapp2.2\nzr.toolbox.core.tests.dll" id="b89dea80-2b79-97b6-0fdd-76dc58be24ef">
      <Execution id="e9dfeafd-93f3-4857-8088-471d3ec011c2" />
      <TestMethod codeBase="C:\workspace\personal\Nzr.ToolBox\dotnet\Nzr.ToolBox.Core.Tests\bin\Debug\netcoreapp2.2\Nzr.ToolBox.Core.Tests.dll" adapterTypeName="executor://xunit/VsTestRunner2/netcoreapp" className="Nzr.ToolBox.Core.Tests.StringUtilsTest" name="Nzr.ToolBox.Core.Tests.StringUtilsTest.DescribeIfNone_WithNull_ShouldReturnNullString" />
    </UnitTest>
    <UnitTest name="Nzr.ToolBox.Core.Tests.StringUtilsTest.ContainsAny_WithOrdinalIgnoreCaseNullStringWithNullAsSubstrings_ShouldReturnTrue" storage="c:\workspace\personal\nzr.toolbox\dotnet\nzr.toolbox.core.tests\bin\debug\netcoreapp2.2\nzr.toolbox.core.tests.dll" id="a8aeaf6c-55aa-4255-8afb-adec0e7c74a8">
      <Execution id="c5a83fe8-d415-4056-9d51-32634d825547" />
      <TestMethod codeBase="C:\workspace\personal\Nzr.ToolBox\dotnet\Nzr.ToolBox.Core.Tests\bin\Debug\netcoreapp2.2\Nzr.ToolBox.Core.Tests.dll" adapterTypeName="executor://xunit/VsTestRunner2/netcoreapp" className="Nzr.ToolBox.Core.Tests.StringUtilsTest" name="Nzr.ToolBox.Core.Tests.StringUtilsTest.ContainsAny_WithOrdinalIgnoreCaseNullStringWithNullAsSubstrings_ShouldReturnTrue" />
    </UnitTest>
    <UnitTest name="Nzr.ToolBox.Core.Tests.RandomUtilsTest.RandomShort_ShouldReturnUniqueValues(iterations: 10000, seed: null)" storage="c:\workspace\personal\nzr.toolbox\dotnet\nzr.toolbox.core.tests\bin\debug\netcoreapp2.2\nzr.toolbox.core.tests.dll" id="621f5184-bf98-2fcc-5c3b-580eeb41f3a6">
      <Execution id="a7b9f2ad-b6de-4cbe-aaec-80e6f4ecb5bb" />
      <TestMethod codeBase="C:\workspace\personal\Nzr.ToolBox\dotnet\Nzr.ToolBox.Core.Tests\bin\Debug\netcoreapp2.2\Nzr.ToolBox.Core.Tests.dll" adapterTypeName="executor://xunit/VsTestRunner2/netcoreapp" className="Nzr.ToolBox.Core.Tests.RandomUtilsTest" name="Nzr.ToolBox.Core.Tests.RandomUtilsTest.RandomShort_ShouldReturnUniqueValues(iterations: 10000, seed: null)" />
    </UnitTest>
    <UnitTest name="Nzr.ToolBox.Core.Tests.StringUtilsTest.IsAnyEmpty_WithOneNullStrings_ShouldReturnTrue" storage="c:\workspace\personal\nzr.toolbox\dotnet\nzr.toolbox.core.tests\bin\debug\netcoreapp2.2\nzr.toolbox.core.tests.dll" id="f17c6f13-62c6-75d6-4586-0ee5d254add5">
      <Execution id="fe6abea9-c2cf-4518-9775-9dafb9e51c8b" />
      <TestMethod codeBase="C:\workspace\personal\Nzr.ToolBox\dotnet\Nzr.ToolBox.Core.Tests\bin\Debug\netcoreapp2.2\Nzr.ToolBox.Core.Tests.dll" adapterTypeName="executor://xunit/VsTestRunner2/netcoreapp" className="Nzr.ToolBox.Core.Tests.StringUtilsTest" name="Nzr.ToolBox.Core.Tests.StringUtilsTest.IsAnyEmpty_WithOneNullStrings_ShouldReturnTrue" />
    </UnitTest>
    <UnitTest name="Nzr.ToolBox.Core.Tests.CollectionUtilsTests.GetKey_WithNotMappedInput_ShouldReturnNull" storage="c:\workspace\personal\nzr.toolbox\dotnet\nzr.toolbox.core.tests\bin\debug\netcoreapp2.2\nzr.toolbox.core.tests.dll" id="10c60c49-fc34-a570-7e27-f72cbc125676">
      <Execution id="a1434d99-8d21-4cbb-a0d5-9d852bc420ea" />
      <TestMethod codeBase="C:\workspace\personal\Nzr.ToolBox\dotnet\Nzr.ToolBox.Core.Tests\bin\Debug\netcoreapp2.2\Nzr.ToolBox.Core.Tests.dll" adapterTypeName="executor://xunit/VsTestRunner2/netcoreapp" className="Nzr.ToolBox.Core.Tests.CollectionUtilsTests" name="Nzr.ToolBox.Core.Tests.CollectionUtilsTests.GetKey_WithNotMappedInput_ShouldReturnNull" />
    </UnitTest>
    <UnitTest name="Nzr.ToolBox.Core.Tests.StringUtilsTest.ContainsNone_WithStringNotContainingOneOfSubstring_ShouldReturnTrue" storage="c:\workspace\personal\nzr.toolbox\dotnet\nzr.toolbox.core.tests\bin\debug\netcoreapp2.2\nzr.toolbox.core.tests.dll" id="ac4d6dc8-ac9c-ed69-2ea1-c142e3a580cd">
      <Execution id="ffe6b378-55f4-4dce-a2b2-f2f2260184ee" />
      <TestMethod codeBase="C:\workspace\personal\Nzr.ToolBox\dotnet\Nzr.ToolBox.Core.Tests\bin\Debug\netcoreapp2.2\Nzr.ToolBox.Core.Tests.dll" adapterTypeName="executor://xunit/VsTestRunner2/netcoreapp" className="Nzr.ToolBox.Core.Tests.StringUtilsTest" name="Nzr.ToolBox.Core.Tests.StringUtilsTest.ContainsNone_WithStringNotContainingOneOfSubstring_ShouldReturnTrue" />
    </UnitTest>
    <UnitTest name="Nzr.ToolBox.Core.Tests.ObjectUtilsTest.IsAllNull_WithOneNonNull_ShouldReturnFalse" storage="c:\workspace\personal\nzr.toolbox\dotnet\nzr.toolbox.core.tests\bin\debug\netcoreapp2.2\nzr.toolbox.core.tests.dll" id="f5642f76-0883-ad8b-d556-29e3eb347cee">
      <Execution id="8fe0ad58-6a1f-4c7b-9291-ef7af20ff12d" />
      <TestMethod codeBase="C:\workspace\personal\Nzr.ToolBox\dotnet\Nzr.ToolBox.Core.Tests\bin\Debug\netcoreapp2.2\Nzr.ToolBox.Core.Tests.dll" adapterTypeName="executor://xunit/VsTestRunner2/netcoreapp" className="Nzr.ToolBox.Core.Tests.ObjectUtilsTest" name="Nzr.ToolBox.Core.Tests.ObjectUtilsTest.IsAllNull_WithOneNonNull_ShouldReturnFalse" />
    </UnitTest>
    <UnitTest name="Nzr.ToolBox.Core.Tests.StringUtilsTest.ReplaceNonNumeric_WithAlphanumeric_ShouldReturnNumericString" storage="c:\workspace\personal\nzr.toolbox\dotnet\nzr.toolbox.core.tests\bin\debug\netcoreapp2.2\nzr.toolbox.core.tests.dll" id="236a92cf-3924-1f9e-9e0c-dac1bdd2fdae">
      <Execution id="b86168d9-06a6-4a37-8f60-b9dfdc9c976b" />
      <TestMethod codeBase="C:\workspace\personal\Nzr.ToolBox\dotnet\Nzr.ToolBox.Core.Tests\bin\Debug\netcoreapp2.2\Nzr.ToolBox.Core.Tests.dll" adapterTypeName="executor://xunit/VsTestRunner2/netcoreapp" className="Nzr.ToolBox.Core.Tests.StringUtilsTest" name="Nzr.ToolBox.Core.Tests.StringUtilsTest.ReplaceNonNumeric_WithAlphanumeric_ShouldReturnNumericString" />
    </UnitTest>
    <UnitTest name="Nzr.ToolBox.Core.Tests.StringUtilsTest.DefaultIfBlank_WitBlankString_ShouldReturnDefault" storage="c:\workspace\personal\nzr.toolbox\dotnet\nzr.toolbox.core.tests\bin\debug\netcoreapp2.2\nzr.toolbox.core.tests.dll" id="57a7a709-5f41-6a40-bb89-55bb8181b369">
      <Execution id="c5860010-170f-4471-bb94-956db9068062" />
      <TestMethod codeBase="C:\workspace\personal\Nzr.ToolBox\dotnet\Nzr.ToolBox.Core.Tests\bin\Debug\netcoreapp2.2\Nzr.ToolBox.Core.Tests.dll" adapterTypeName="executor://xunit/VsTestRunner2/netcoreapp" className="Nzr.ToolBox.Core.Tests.StringUtilsTest" name="Nzr.ToolBox.Core.Tests.StringUtilsTest.DefaultIfBlank_WitBlankString_ShouldReturnDefault" />
    </UnitTest>
    <UnitTest name="Nzr.ToolBox.Core.Tests.BooleanUtilsTests.Describe_WihNullValueAndWithDefaultNullString_ShouldReturnYes" storage="c:\workspace\personal\nzr.toolbox\dotnet\nzr.toolbox.core.tests\bin\debug\netcoreapp2.2\nzr.toolbox.core.tests.dll" id="9395d62a-bb73-ed55-16b7-2f3d5b4afa0d">
      <Execution id="29c5376d-d4e9-4a29-9954-6643c546389d" />
      <TestMethod codeBase="C:\workspace\personal\Nzr.ToolBox\dotnet\Nzr.ToolBox.Core.Tests\bin\Debug\netcoreapp2.2\Nzr.ToolBox.Core.Tests.dll" adapterTypeName="executor://xunit/VsTestRunner2/netcoreapp" className="Nzr.ToolBox.Core.Tests.BooleanUtilsTests" name="Nzr.ToolBox.Core.Tests.BooleanUtilsTests.Describe_WihNullValueAndWithDefaultNullString_ShouldReturnYes" />
    </UnitTest>
    <UnitTest name="Nzr.ToolBox.Core.Tests.ObjectUtilsTest.IfNotNull_WithNonNullValue_ShouldExecuteNotNullAction" storage="c:\workspace\personal\nzr.toolbox\dotnet\nzr.toolbox.core.tests\bin\debug\netcoreapp2.2\nzr.toolbox.core.tests.dll" id="a7cd429d-9ea9-105f-832c-f5c0d894de31">
      <Execution id="4887e180-9dcb-4adc-84a6-1c180085012e" />
      <TestMethod codeBase="C:\workspace\personal\Nzr.ToolBox\dotnet\Nzr.ToolBox.Core.Tests\bin\Debug\netcoreapp2.2\Nzr.ToolBox.Core.Tests.dll" adapterTypeName="executor://xunit/VsTestRunner2/netcoreapp" className="Nzr.ToolBox.Core.Tests.ObjectUtilsTest" name="Nzr.ToolBox.Core.Tests.ObjectUtilsTest.IfNotNull_WithNonNullValue_ShouldExecuteNotNullAction" />
    </UnitTest>
    <UnitTest name="Nzr.ToolBox.Core.Tests.BooleanUtilsTests.IsFalse_WithNullOrFalseValue_ShouldReturnTrue(value: null)" storage="c:\workspace\personal\nzr.toolbox\dotnet\nzr.toolbox.core.tests\bin\debug\netcoreapp2.2\nzr.toolbox.core.tests.dll" id="e621f990-2ff4-53a1-1046-2de89a2122fa">
      <Execution id="811e5cc2-7162-40d2-b0c9-1915ff5319b7" />
      <TestMethod codeBase="C:\workspace\personal\Nzr.ToolBox\dotnet\Nzr.ToolBox.Core.Tests\bin\Debug\netcoreapp2.2\Nzr.ToolBox.Core.Tests.dll" adapterTypeName="executor://xunit/VsTestRunner2/netcoreapp" className="Nzr.ToolBox.Core.Tests.BooleanUtilsTests" name="Nzr.ToolBox.Core.Tests.BooleanUtilsTests.IsFalse_WithNullOrFalseValue_ShouldReturnTrue(value: null)" />
    </UnitTest>
    <UnitTest name="Nzr.ToolBox.Core.Tests.StringUtilsTest.RemoveEnd_WithNull_ShouldReturnNull" storage="c:\workspace\personal\nzr.toolbox\dotnet\nzr.toolbox.core.tests\bin\debug\netcoreapp2.2\nzr.toolbox.core.tests.dll" id="78387f85-e5e6-fa65-b4de-446c8486e80c">
      <Execution id="cac7581f-256e-433d-9262-bb4403cef7a7" />
      <TestMethod codeBase="C:\workspace\personal\Nzr.ToolBox\dotnet\Nzr.ToolBox.Core.Tests\bin\Debug\netcoreapp2.2\Nzr.ToolBox.Core.Tests.dll" adapterTypeName="executor://xunit/VsTestRunner2/netcoreapp" className="Nzr.ToolBox.Core.Tests.StringUtilsTest" name="Nzr.ToolBox.Core.Tests.StringUtilsTest.RemoveEnd_WithNull_ShouldReturnNull" />
    </UnitTest>
    <UnitTest name="Nzr.ToolBox.Core.Tests.StringUtilsTest.Prefix_WithExistingPrefixAndOverride_ShouldAddPrefix" storage="c:\workspace\personal\nzr.toolbox\dotnet\nzr.toolbox.core.tests\bin\debug\netcoreapp2.2\nzr.toolbox.core.tests.dll" id="7105bf79-1b8a-62bc-ff30-e967b860c8fb">
      <Execution id="9a1d5221-c05c-4057-8440-2ede82f66c26" />
      <TestMethod codeBase="C:\workspace\personal\Nzr.ToolBox\dotnet\Nzr.ToolBox.Core.Tests\bin\Debug\netcoreapp2.2\Nzr.ToolBox.Core.Tests.dll" adapterTypeName="executor://xunit/VsTestRunner2/netcoreapp" className="Nzr.ToolBox.Core.Tests.StringUtilsTest" name="Nzr.ToolBox.Core.Tests.StringUtilsTest.Prefix_WithExistingPrefixAndOverride_ShouldAddPrefix" />
    </UnitTest>
    <UnitTest name="Nzr.ToolBox.Core.Tests.StringUtilsTest.IsNotEmpty_WithNullString_ShouldReturnFalse" storage="c:\workspace\personal\nzr.toolbox\dotnet\nzr.toolbox.core.tests\bin\debug\netcoreapp2.2\nzr.toolbox.core.tests.dll" id="39856355-a5fb-aec1-b06d-ff7431c95990">
      <Execution id="fa1f0662-514d-4584-9b62-5c78ccb00f7d" />
      <TestMethod codeBase="C:\workspace\personal\Nzr.ToolBox\dotnet\Nzr.ToolBox.Core.Tests\bin\Debug\netcoreapp2.2\Nzr.ToolBox.Core.Tests.dll" adapterTypeName="executor://xunit/VsTestRunner2/netcoreapp" className="Nzr.ToolBox.Core.Tests.StringUtilsTest" name="Nzr.ToolBox.Core.Tests.StringUtilsTest.IsNotEmpty_WithNullString_ShouldReturnFalse" />
    </UnitTest>
    <UnitTest name="Nzr.ToolBox.Core.Tests.StringUtilsTest.Prefix_WithNullString_ShouldReturnPrefix" storage="c:\workspace\personal\nzr.toolbox\dotnet\nzr.toolbox.core.tests\bin\debug\netcoreapp2.2\nzr.toolbox.core.tests.dll" id="4e688b3a-c6fa-9e06-b2ea-25f4e79d1af0">
      <Execution id="4bb7e498-bb47-4207-9b1e-40c56464db3e" />
      <TestMethod codeBase="C:\workspace\personal\Nzr.ToolBox\dotnet\Nzr.ToolBox.Core.Tests\bin\Debug\netcoreapp2.2\Nzr.ToolBox.Core.Tests.dll" adapterTypeName="executor://xunit/VsTestRunner2/netcoreapp" className="Nzr.ToolBox.Core.Tests.StringUtilsTest" name="Nzr.ToolBox.Core.Tests.StringUtilsTest.Prefix_WithNullString_ShouldReturnPrefix" />
    </UnitTest>
    <UnitTest name="Nzr.ToolBox.Core.Tests.RandomUtilsTest.RandomString_WithLetterOnly_ShouldReturnAlphaString" storage="c:\workspace\personal\nzr.toolbox\dotnet\nzr.toolbox.core.tests\bin\debug\netcoreapp2.2\nzr.toolbox.core.tests.dll" id="3c6ff78b-37a5-1893-6545-c9982c97f098">
      <Execution id="d251b265-60ee-415d-9fc3-ccaada9bb70c" />
      <TestMethod codeBase="C:\workspace\personal\Nzr.ToolBox\dotnet\Nzr.ToolBox.Core.Tests\bin\Debug\netcoreapp2.2\Nzr.ToolBox.Core.Tests.dll" adapterTypeName="executor://xunit/VsTestRunner2/netcoreapp" className="Nzr.ToolBox.Core.Tests.RandomUtilsTest" name="Nzr.ToolBox.Core.Tests.RandomUtilsTest.RandomString_WithLetterOnly_ShouldReturnAlphaString" />
    </UnitTest>
    <UnitTest name="Nzr.ToolBox.Core.Tests.ReflectionUtilsTest.GetPropertyNames_WithEntity_ShouldReturnPropertyNames" storage="c:\workspace\personal\nzr.toolbox\dotnet\nzr.toolbox.core.tests\bin\debug\netcoreapp2.2\nzr.toolbox.core.tests.dll" id="d96c4133-05ac-c52a-39ad-da9730d7d1d4">
      <Execution id="0f775a1d-179d-4808-a175-10af2430b9d3" />
      <TestMethod codeBase="C:\workspace\personal\Nzr.ToolBox\dotnet\Nzr.ToolBox.Core.Tests\bin\Debug\netcoreapp2.2\Nzr.ToolBox.Core.Tests.dll" adapterTypeName="executor://xunit/VsTestRunner2/netcoreapp" className="Nzr.ToolBox.Core.Tests.ReflectionUtilsTest" name="Nzr.ToolBox.Core.Tests.ReflectionUtilsTest.GetPropertyNames_WithEntity_ShouldReturnPropertyNames" />
    </UnitTest>
    <UnitTest name="Nzr.ToolBox.Core.Tests.StringUtilsTest.IsNotBlank_WithBlankString_ShouldReturnFalse" storage="c:\workspace\personal\nzr.toolbox\dotnet\nzr.toolbox.core.tests\bin\debug\netcoreapp2.2\nzr.toolbox.core.tests.dll" id="dbff4c7a-b8c7-3550-f81a-813f19773541">
      <Execution id="46496f48-e819-4b0d-8d0a-771f751b6f7b" />
      <TestMethod codeBase="C:\workspace\personal\Nzr.ToolBox\dotnet\Nzr.ToolBox.Core.Tests\bin\Debug\netcoreapp2.2\Nzr.ToolBox.Core.Tests.dll" adapterTypeName="executor://xunit/VsTestRunner2/netcoreapp" className="Nzr.ToolBox.Core.Tests.StringUtilsTest" name="Nzr.ToolBox.Core.Tests.StringUtilsTest.IsNotBlank_WithBlankString_ShouldReturnFalse" />
    </UnitTest>
    <UnitTest name="Nzr.ToolBox.Core.Tests.StringUtilsTest.Append_WithString_ShouldReturnStringWithAppendedValues" storage="c:\workspace\personal\nzr.toolbox\dotnet\nzr.toolbox.core.tests\bin\debug\netcoreapp2.2\nzr.toolbox.core.tests.dll" id="de25e89d-7e39-180e-63d8-8a6c03a05fc0">
      <Execution id="69ea2134-8fc6-434f-8f6a-acfa4cf149b1" />
      <TestMethod codeBase="C:\workspace\personal\Nzr.ToolBox\dotnet\Nzr.ToolBox.Core.Tests\bin\Debug\netcoreapp2.2\Nzr.ToolBox.Core.Tests.dll" adapterTypeName="executor://xunit/VsTestRunner2/netcoreapp" className="Nzr.ToolBox.Core.Tests.StringUtilsTest" name="Nzr.ToolBox.Core.Tests.StringUtilsTest.Append_WithString_ShouldReturnStringWithAppendedValues" />
    </UnitTest>
    <UnitTest name="Nzr.ToolBox.Core.Tests.StringUtilsTest.Truncate_WithStringLargerThanLimit_ShouldReturnTruncatedString" storage="c:\workspace\personal\nzr.toolbox\dotnet\nzr.toolbox.core.tests\bin\debug\netcoreapp2.2\nzr.toolbox.core.tests.dll" id="ccffac2f-6628-9393-88cb-889ebe715882">
      <Execution id="b539a9ee-ccb4-4dce-a752-ac09c4b09fe6" />
      <TestMethod codeBase="C:\workspace\personal\Nzr.ToolBox\dotnet\Nzr.ToolBox.Core.Tests\bin\Debug\netcoreapp2.2\Nzr.ToolBox.Core.Tests.dll" adapterTypeName="executor://xunit/VsTestRunner2/netcoreapp" className="Nzr.ToolBox.Core.Tests.StringUtilsTest" name="Nzr.ToolBox.Core.Tests.StringUtilsTest.Truncate_WithStringLargerThanLimit_ShouldReturnTruncatedString" />
    </UnitTest>
    <UnitTest name="Nzr.ToolBox.Core.Tests.BooleanUtilsTests.IsFalse_WithNullOrFalseValue_ShouldReturnTrue(value: False)" storage="c:\workspace\personal\nzr.toolbox\dotnet\nzr.toolbox.core.tests\bin\debug\netcoreapp2.2\nzr.toolbox.core.tests.dll" id="28e678a0-2d75-ba44-cf85-f12a6e015f2f">
      <Execution id="8e6d2250-6f75-43ef-afa1-d5e559e630ce" />
      <TestMethod codeBase="C:\workspace\personal\Nzr.ToolBox\dotnet\Nzr.ToolBox.Core.Tests\bin\Debug\netcoreapp2.2\Nzr.ToolBox.Core.Tests.dll" adapterTypeName="executor://xunit/VsTestRunner2/netcoreapp" className="Nzr.ToolBox.Core.Tests.BooleanUtilsTests" name="Nzr.ToolBox.Core.Tests.BooleanUtilsTests.IsFalse_WithNullOrFalseValue_ShouldReturnTrue(value: False)" />
    </UnitTest>
    <UnitTest name="Nzr.ToolBox.Core.Tests.NumberUtilsTest.Abst_ShouldReturnAbsoluteValues" storage="c:\workspace\personal\nzr.toolbox\dotnet\nzr.toolbox.core.tests\bin\debug\netcoreapp2.2\nzr.toolbox.core.tests.dll" id="e8533fcc-bc29-5fe3-a5ee-e79f5f2b1440">
      <Execution id="8eee0b7b-d5e7-4cf8-bf38-96a0b0d8437c" />
      <TestMethod codeBase="C:\workspace\personal\Nzr.ToolBox\dotnet\Nzr.ToolBox.Core.Tests\bin\Debug\netcoreapp2.2\Nzr.ToolBox.Core.Tests.dll" adapterTypeName="executor://xunit/VsTestRunner2/netcoreapp" className="Nzr.ToolBox.Core.Tests.NumberUtilsTest" name="Nzr.ToolBox.Core.Tests.NumberUtilsTest.Abst_ShouldReturnAbsoluteValues" />
    </UnitTest>
    <UnitTest name="Nzr.ToolBox.Core.Tests.StringUtilsTest.Replace_WithNullString_ShouldReturnDefault" storage="c:\workspace\personal\nzr.toolbox\dotnet\nzr.toolbox.core.tests\bin\debug\netcoreapp2.2\nzr.toolbox.core.tests.dll" id="da642cc4-82fe-b6d1-55ca-0b6105cd1909">
      <Execution id="57202ff7-7f38-4098-94cd-8219b188520b" />
      <TestMethod codeBase="C:\workspace\personal\Nzr.ToolBox\dotnet\Nzr.ToolBox.Core.Tests\bin\Debug\netcoreapp2.2\Nzr.ToolBox.Core.Tests.dll" adapterTypeName="executor://xunit/VsTestRunner2/netcoreapp" className="Nzr.ToolBox.Core.Tests.StringUtilsTest" name="Nzr.ToolBox.Core.Tests.StringUtilsTest.Replace_WithNullString_ShouldReturnDefault" />
    </UnitTest>
    <UnitTest name="Nzr.ToolBox.Core.Tests.StringUtilsTest.RemoveStart_WithNull_ShouldReturnNull" storage="c:\workspace\personal\nzr.toolbox\dotnet\nzr.toolbox.core.tests\bin\debug\netcoreapp2.2\nzr.toolbox.core.tests.dll" id="265af543-0d1a-56da-e209-7d56a3acc7da">
      <Execution id="1fe69097-f652-4ad3-8867-fcfd5f178d88" />
      <TestMethod codeBase="C:\workspace\personal\Nzr.ToolBox\dotnet\Nzr.ToolBox.Core.Tests\bin\Debug\netcoreapp2.2\Nzr.ToolBox.Core.Tests.dll" adapterTypeName="executor://xunit/VsTestRunner2/netcoreapp" className="Nzr.ToolBox.Core.Tests.StringUtilsTest" name="Nzr.ToolBox.Core.Tests.StringUtilsTest.RemoveStart_WithNull_ShouldReturnNull" />
    </UnitTest>
    <UnitTest name="Nzr.ToolBox.Core.Tests.NumberUtilsTest.ToHexadecimal_WithNumberWithoutPrefix_ShouldReturnBinaryNumbersOnly" storage="c:\workspace\personal\nzr.toolbox\dotnet\nzr.toolbox.core.tests\bin\debug\netcoreapp2.2\nzr.toolbox.core.tests.dll" id="13153add-9bc0-f723-33ce-d424523eb081">
      <Execution id="2a8a6e5b-f841-4917-825d-b7fb25416a31" />
      <TestMethod codeBase="C:\workspace\personal\Nzr.ToolBox\dotnet\Nzr.ToolBox.Core.Tests\bin\Debug\netcoreapp2.2\Nzr.ToolBox.Core.Tests.dll" adapterTypeName="executor://xunit/VsTestRunner2/netcoreapp" className="Nzr.ToolBox.Core.Tests.NumberUtilsTest" name="Nzr.ToolBox.Core.Tests.NumberUtilsTest.ToHexadecimal_WithNumberWithoutPrefix_ShouldReturnBinaryNumbersOnly" />
    </UnitTest>
    <UnitTest name="Nzr.ToolBox.Core.Tests.StringUtilsTest.ReplaceNonNumeric_WithNull_ShouldReturnNull" storage="c:\workspace\personal\nzr.toolbox\dotnet\nzr.toolbox.core.tests\bin\debug\netcoreapp2.2\nzr.toolbox.core.tests.dll" id="9a91ff0d-5561-cbe9-f49d-60edb014a514">
      <Execution id="17604e90-64fb-4183-9a4a-f783e6e5ace1" />
      <TestMethod codeBase="C:\workspace\personal\Nzr.ToolBox\dotnet\Nzr.ToolBox.Core.Tests\bin\Debug\netcoreapp2.2\Nzr.ToolBox.Core.Tests.dll" adapterTypeName="executor://xunit/VsTestRunner2/netcoreapp" className="Nzr.ToolBox.Core.Tests.StringUtilsTest" name="Nzr.ToolBox.Core.Tests.StringUtilsTest.ReplaceNonNumeric_WithNull_ShouldReturnNull" />
    </UnitTest>
    <UnitTest name="Nzr.ToolBox.Core.Tests.StringUtilsTest.Remove_WithNonNullString_ShouldRemoveGiveStrings" storage="c:\workspace\personal\nzr.toolbox\dotnet\nzr.toolbox.core.tests\bin\debug\netcoreapp2.2\nzr.toolbox.core.tests.dll" id="131c3a52-0a16-0ae5-0512-93dbda72ea85">
      <Execution id="daec3814-e455-4db5-b6f1-7f19c69b5729" />
      <TestMethod codeBase="C:\workspace\personal\Nzr.ToolBox\dotnet\Nzr.ToolBox.Core.Tests\bin\Debug\netcoreapp2.2\Nzr.ToolBox.Core.Tests.dll" adapterTypeName="executor://xunit/VsTestRunner2/netcoreapp" className="Nzr.ToolBox.Core.Tests.StringUtilsTest" name="Nzr.ToolBox.Core.Tests.StringUtilsTest.Remove_WithNonNullString_ShouldRemoveGiveStrings" />
    </UnitTest>
    <UnitTest name="Nzr.ToolBox.Core.Tests.StringUtilsTest.IsNotEmpty_WithBlankString_ShouldReturnTrue" storage="c:\workspace\personal\nzr.toolbox\dotnet\nzr.toolbox.core.tests\bin\debug\netcoreapp2.2\nzr.toolbox.core.tests.dll" id="9d68ecd9-7bbb-710d-bc5c-7fb6bcf70625">
      <Execution id="0b7ff0a2-264d-4f53-9379-20ba131a9780" />
      <TestMethod codeBase="C:\workspace\personal\Nzr.ToolBox\dotnet\Nzr.ToolBox.Core.Tests\bin\Debug\netcoreapp2.2\Nzr.ToolBox.Core.Tests.dll" adapterTypeName="executor://xunit/VsTestRunner2/netcoreapp" className="Nzr.ToolBox.Core.Tests.StringUtilsTest" name="Nzr.ToolBox.Core.Tests.StringUtilsTest.IsNotEmpty_WithBlankString_ShouldReturnTrue" />
    </UnitTest>
    <UnitTest name="Nzr.ToolBox.Core.Tests.BooleanUtilsTests.ToBool_WithNonPositiveString_ShouldReturnFalse(value: &quot;X&quot;)" storage="c:\workspace\personal\nzr.toolbox\dotnet\nzr.toolbox.core.tests\bin\debug\netcoreapp2.2\nzr.toolbox.core.tests.dll" id="9d1fdad2-86cb-58a0-0255-a31c1f4f628b">
      <Execution id="32257e80-9a42-4c0c-9eff-599b77ea9103" />
      <TestMethod codeBase="C:\workspace\personal\Nzr.ToolBox\dotnet\Nzr.ToolBox.Core.Tests\bin\Debug\netcoreapp2.2\Nzr.ToolBox.Core.Tests.dll" adapterTypeName="executor://xunit/VsTestRunner2/netcoreapp" className="Nzr.ToolBox.Core.Tests.BooleanUtilsTests" name="Nzr.ToolBox.Core.Tests.BooleanUtilsTests.ToBool_WithNonPositiveString_ShouldReturnFalse(value: &quot;X&quot;)" />
    </UnitTest>
    <UnitTest name="Nzr.ToolBox.Core.Tests.StringUtilsTest.Format_WithFormatStringWithCulture_ShouldReturnFormatedString" storage="c:\workspace\personal\nzr.toolbox\dotnet\nzr.toolbox.core.tests\bin\debug\netcoreapp2.2\nzr.toolbox.core.tests.dll" id="45a98e74-dccd-011e-e0c0-d734f1cc5ec4">
      <Execution id="eb2ba758-5541-4cb2-a707-c900292eb1af" />
      <TestMethod codeBase="C:\workspace\personal\Nzr.ToolBox\dotnet\Nzr.ToolBox.Core.Tests\bin\Debug\netcoreapp2.2\Nzr.ToolBox.Core.Tests.dll" adapterTypeName="executor://xunit/VsTestRunner2/netcoreapp" className="Nzr.ToolBox.Core.Tests.StringUtilsTest" name="Nzr.ToolBox.Core.Tests.StringUtilsTest.Format_WithFormatStringWithCulture_ShouldReturnFormatedString" />
    </UnitTest>
    <UnitTest name="Nzr.ToolBox.Core.Tests.EnumUtilsTest.GetEnumNames_ShouldReturnEnumNamesAsList" storage="c:\workspace\personal\nzr.toolbox\dotnet\nzr.toolbox.core.tests\bin\debug\netcoreapp2.2\nzr.toolbox.core.tests.dll" id="47f688d2-7bfa-d12d-71a0-9be24af61148">
      <Execution id="ac04f513-3e2c-4456-96b9-83493bed559d" />
      <TestMethod codeBase="C:\workspace\personal\Nzr.ToolBox\dotnet\Nzr.ToolBox.Core.Tests\bin\Debug\netcoreapp2.2\Nzr.ToolBox.Core.Tests.dll" adapterTypeName="executor://xunit/VsTestRunner2/netcoreapp" className="Nzr.ToolBox.Core.Tests.EnumUtilsTest" name="Nzr.ToolBox.Core.Tests.EnumUtilsTest.GetEnumNames_ShouldReturnEnumNamesAsList" />
    </UnitTest>
    <UnitTest name="Nzr.ToolBox.Core.Tests.BooleanUtilsTests.ToBool_WithPositiveString_ShouldReturnTrue(value: &quot;Si&quot;)" storage="c:\workspace\personal\nzr.toolbox\dotnet\nzr.toolbox.core.tests\bin\debug\netcoreapp2.2\nzr.toolbox.core.tests.dll" id="266b6884-84e9-585c-ee2b-eff743317cdb">
      <Execution id="262177f6-75ab-4ce3-81aa-eaf8876a663e" />
      <TestMethod codeBase="C:\workspace\personal\Nzr.ToolBox\dotnet\Nzr.ToolBox.Core.Tests\bin\Debug\netcoreapp2.2\Nzr.ToolBox.Core.Tests.dll" adapterTypeName="executor://xunit/VsTestRunner2/netcoreapp" className="Nzr.ToolBox.Core.Tests.BooleanUtilsTests" name="Nzr.ToolBox.Core.Tests.BooleanUtilsTests.ToBool_WithPositiveString_ShouldReturnTrue(value: &quot;Si&quot;)" />
    </UnitTest>
    <UnitTest name="Nzr.ToolBox.Core.Tests.NumberUtilsTest.Sum_ShouldReturnSummedValues" storage="c:\workspace\personal\nzr.toolbox\dotnet\nzr.toolbox.core.tests\bin\debug\netcoreapp2.2\nzr.toolbox.core.tests.dll" id="7afb5e69-89d1-7f64-d310-d8ca755d44a5">
      <Execution id="1e132b14-20ab-4da1-90de-15bc19c6e407" />
      <TestMethod codeBase="C:\workspace\personal\Nzr.ToolBox\dotnet\Nzr.ToolBox.Core.Tests\bin\Debug\netcoreapp2.2\Nzr.ToolBox.Core.Tests.dll" adapterTypeName="executor://xunit/VsTestRunner2/netcoreapp" className="Nzr.ToolBox.Core.Tests.NumberUtilsTest" name="Nzr.ToolBox.Core.Tests.NumberUtilsTest.Sum_ShouldReturnSummedValues" />
    </UnitTest>
    <UnitTest name="Nzr.ToolBox.Core.Tests.CollectionUtilsTests.IsEmpty_WithNonEmpty_ShouldReturnFalse" storage="c:\workspace\personal\nzr.toolbox\dotnet\nzr.toolbox.core.tests\bin\debug\netcoreapp2.2\nzr.toolbox.core.tests.dll" id="8735994f-5f9e-38e3-dd8d-e45cd5a00faf">
      <Execution id="f9c0440d-7188-447d-93ea-da32189c304c" />
      <TestMethod codeBase="C:\workspace\personal\Nzr.ToolBox\dotnet\Nzr.ToolBox.Core.Tests\bin\Debug\netcoreapp2.2\Nzr.ToolBox.Core.Tests.dll" adapterTypeName="executor://xunit/VsTestRunner2/netcoreapp" className="Nzr.ToolBox.Core.Tests.CollectionUtilsTests" name="Nzr.ToolBox.Core.Tests.CollectionUtilsTests.IsEmpty_WithNonEmpty_ShouldReturnFalse" />
    </UnitTest>
    <UnitTest name="Nzr.ToolBox.Core.Tests.BooleanUtilsTests.ToBool_WithZeroOrNegative_ShouldReturnFalse(b: -1, s: -2, i: -3, l: -4, f: -5, d: -6, m: -7)" storage="c:\workspace\personal\nzr.toolbox\dotnet\nzr.toolbox.core.tests\bin\debug\netcoreapp2.2\nzr.toolbox.core.tests.dll" id="04deb678-c0aa-afd7-f73a-807625f6aa4a">
      <Execution id="d38ffb92-a2e3-499b-a7bb-b7ad6ad63142" />
      <TestMethod codeBase="C:\workspace\personal\Nzr.ToolBox\dotnet\Nzr.ToolBox.Core.Tests\bin\Debug\netcoreapp2.2\Nzr.ToolBox.Core.Tests.dll" adapterTypeName="executor://xunit/VsTestRunner2/netcoreapp" className="Nzr.ToolBox.Core.Tests.BooleanUtilsTests" name="Nzr.ToolBox.Core.Tests.BooleanUtilsTests.ToBool_WithZeroOrNegative_ShouldReturnFalse(b: -1, s: -2, i: -3, l: -4, f: -5, d: -6, m: -7)" />
    </UnitTest>
    <UnitTest name="Nzr.ToolBox.Core.Tests.StringUtilsTest.IsBlank_WithEmptyString_ShouldReturnTrue" storage="c:\workspace\personal\nzr.toolbox\dotnet\nzr.toolbox.core.tests\bin\debug\netcoreapp2.2\nzr.toolbox.core.tests.dll" id="3c116de1-cd29-a2eb-b3ef-190f69cec8ec">
      <Execution id="d0085ab5-100c-4564-9b66-9d75e91dd91d" />
      <TestMethod codeBase="C:\workspace\personal\Nzr.ToolBox\dotnet\Nzr.ToolBox.Core.Tests\bin\Debug\netcoreapp2.2\Nzr.ToolBox.Core.Tests.dll" adapterTypeName="executor://xunit/VsTestRunner2/netcoreapp" className="Nzr.ToolBox.Core.Tests.StringUtilsTest" name="Nzr.ToolBox.Core.Tests.StringUtilsTest.IsBlank_WithEmptyString_ShouldReturnTrue" />
    </UnitTest>
    <UnitTest name="Nzr.ToolBox.Core.Tests.StringUtilsTest.DescribeIfNone_WithEmpty_ShouldReturnEmptyString" storage="c:\workspace\personal\nzr.toolbox\dotnet\nzr.toolbox.core.tests\bin\debug\netcoreapp2.2\nzr.toolbox.core.tests.dll" id="13760aec-c151-d4f0-b168-bf9cab7e1792">
      <Execution id="8c70ca33-17e6-4385-a2c7-67869f0c16b8" />
      <TestMethod codeBase="C:\workspace\personal\Nzr.ToolBox\dotnet\Nzr.ToolBox.Core.Tests\bin\Debug\netcoreapp2.2\Nzr.ToolBox.Core.Tests.dll" adapterTypeName="executor://xunit/VsTestRunner2/netcoreapp" className="Nzr.ToolBox.Core.Tests.StringUtilsTest" name="Nzr.ToolBox.Core.Tests.StringUtilsTest.DescribeIfNone_WithEmpty_ShouldReturnEmptyString" />
    </UnitTest>
    <UnitTest name="Nzr.ToolBox.Core.Tests.ReflectionUtilsTest.ExecuteForEachProperty_ShouldExecuteAction" storage="c:\workspace\personal\nzr.toolbox\dotnet\nzr.toolbox.core.tests\bin\debug\netcoreapp2.2\nzr.toolbox.core.tests.dll" id="b39dab9a-0d55-2e3f-5d47-ce0f5ed831f6">
      <Execution id="d38ca9b6-3f92-4fe0-9af9-b8a2a7af7942" />
      <TestMethod codeBase="C:\workspace\personal\Nzr.ToolBox\dotnet\Nzr.ToolBox.Core.Tests\bin\Debug\netcoreapp2.2\Nzr.ToolBox.Core.Tests.dll" adapterTypeName="executor://xunit/VsTestRunner2/netcoreapp" className="Nzr.ToolBox.Core.Tests.ReflectionUtilsTest" name="Nzr.ToolBox.Core.Tests.ReflectionUtilsTest.ExecuteForEachProperty_ShouldExecuteAction" />
    </UnitTest>
    <UnitTest name="Nzr.ToolBox.Core.Tests.RandomUtilsTest.RandomLong_ShouldReturnUniqueValues(iterations: 10000, seed: 1)" storage="c:\workspace\personal\nzr.toolbox\dotnet\nzr.toolbox.core.tests\bin\debug\netcoreapp2.2\nzr.toolbox.core.tests.dll" id="dab0ade5-f6da-c40f-8aa3-6cf074bc0e23">
      <Execution id="78f891aa-4909-4ef7-ab0b-fc0c94b99739" />
      <TestMethod codeBase="C:\workspace\personal\Nzr.ToolBox\dotnet\Nzr.ToolBox.Core.Tests\bin\Debug\netcoreapp2.2\Nzr.ToolBox.Core.Tests.dll" adapterTypeName="executor://xunit/VsTestRunner2/netcoreapp" className="Nzr.ToolBox.Core.Tests.RandomUtilsTest" name="Nzr.ToolBox.Core.Tests.RandomUtilsTest.RandomLong_ShouldReturnUniqueValues(iterations: 10000, seed: 1)" />
    </UnitTest>
    <UnitTest name="Nzr.ToolBox.Core.Tests.ObjectUtilsTest.AnyNull_WithOneNull_ShouldReturnTrue" storage="c:\workspace\personal\nzr.toolbox\dotnet\nzr.toolbox.core.tests\bin\debug\netcoreapp2.2\nzr.toolbox.core.tests.dll" id="121bf750-8420-13ce-91b1-9fde9bf49fc5">
      <Execution id="be4cc468-c98f-4030-94cb-b27543527783" />
      <TestMethod codeBase="C:\workspace\personal\Nzr.ToolBox\dotnet\Nzr.ToolBox.Core.Tests\bin\Debug\netcoreapp2.2\Nzr.ToolBox.Core.Tests.dll" adapterTypeName="executor://xunit/VsTestRunner2/netcoreapp" className="Nzr.ToolBox.Core.Tests.ObjectUtilsTest" name="Nzr.ToolBox.Core.Tests.ObjectUtilsTest.AnyNull_WithOneNull_ShouldReturnTrue" />
    </UnitTest>
    <UnitTest name="Nzr.ToolBox.Core.Tests.StringUtilsTest.ContainsAny_WithOrdinalIgnoreCaseStringNotContainingOneOfSubstring_ShouldReturnFalse" storage="c:\workspace\personal\nzr.toolbox\dotnet\nzr.toolbox.core.tests\bin\debug\netcoreapp2.2\nzr.toolbox.core.tests.dll" id="ea5fb2b5-6f99-ce02-6e35-cef974ce163a">
      <Execution id="1bc6f2de-9c05-4af0-b815-dd2019dd37ee" />
      <TestMethod codeBase="C:\workspace\personal\Nzr.ToolBox\dotnet\Nzr.ToolBox.Core.Tests\bin\Debug\netcoreapp2.2\Nzr.ToolBox.Core.Tests.dll" adapterTypeName="executor://xunit/VsTestRunner2/netcoreapp" className="Nzr.ToolBox.Core.Tests.StringUtilsTest" name="Nzr.ToolBox.Core.Tests.StringUtilsTest.ContainsAny_WithOrdinalIgnoreCaseStringNotContainingOneOfSubstring_ShouldReturnFalse" />
    </UnitTest>
    <UnitTest name="Nzr.ToolBox.Core.Tests.StringUtilsTest.IsIsBlank_WithNonBlankString_ShouldReturnTrue" storage="c:\workspace\personal\nzr.toolbox\dotnet\nzr.toolbox.core.tests\bin\debug\netcoreapp2.2\nzr.toolbox.core.tests.dll" id="b950fa42-ed92-dfa2-1b7a-99f41db426b6">
      <Execution id="3ef66ee1-8d5e-4732-8d4a-2f3e595b2e3b" />
      <TestMethod codeBase="C:\workspace\personal\Nzr.ToolBox\dotnet\Nzr.ToolBox.Core.Tests\bin\Debug\netcoreapp2.2\Nzr.ToolBox.Core.Tests.dll" adapterTypeName="executor://xunit/VsTestRunner2/netcoreapp" className="Nzr.ToolBox.Core.Tests.StringUtilsTest" name="Nzr.ToolBox.Core.Tests.StringUtilsTest.IsIsBlank_WithNonBlankString_ShouldReturnTrue" />
    </UnitTest>
    <UnitTest name="Nzr.ToolBox.Core.Tests.StringUtilsTest.ContainsAll_WithStringNotContainigAllSubstrings_ShouldReturnFalse" storage="c:\workspace\personal\nzr.toolbox\dotnet\nzr.toolbox.core.tests\bin\debug\netcoreapp2.2\nzr.toolbox.core.tests.dll" id="eacb19b9-5be6-0659-6867-c371141d3e61">
      <Execution id="7b8bae5c-2079-47d4-992e-cbfcd4ade82b" />
      <TestMethod codeBase="C:\workspace\personal\Nzr.ToolBox\dotnet\Nzr.ToolBox.Core.Tests\bin\Debug\netcoreapp2.2\Nzr.ToolBox.Core.Tests.dll" adapterTypeName="executor://xunit/VsTestRunner2/netcoreapp" className="Nzr.ToolBox.Core.Tests.StringUtilsTest" name="Nzr.ToolBox.Core.Tests.StringUtilsTest.ContainsAll_WithStringNotContainigAllSubstrings_ShouldReturnFalse" />
    </UnitTest>
    <UnitTest name="Nzr.ToolBox.Core.Tests.CollectionUtilsTests.IsEmpty_WithNull_ShouldReturnTrue" storage="c:\workspace\personal\nzr.toolbox\dotnet\nzr.toolbox.core.tests\bin\debug\netcoreapp2.2\nzr.toolbox.core.tests.dll" id="d6c18a40-784b-6849-0320-923e0a1eba0e">
      <Execution id="f5b86bd8-3144-46c1-a245-c594185595fc" />
      <TestMethod codeBase="C:\workspace\personal\Nzr.ToolBox\dotnet\Nzr.ToolBox.Core.Tests\bin\Debug\netcoreapp2.2\Nzr.ToolBox.Core.Tests.dll" adapterTypeName="executor://xunit/VsTestRunner2/netcoreapp" className="Nzr.ToolBox.Core.Tests.CollectionUtilsTests" name="Nzr.ToolBox.Core.Tests.CollectionUtilsTests.IsEmpty_WithNull_ShouldReturnTrue" />
    </UnitTest>
    <UnitTest name="Nzr.ToolBox.Core.Tests.StringUtilsTest.IsNumber_WithNull_ShouldReturnFalse" storage="c:\workspace\personal\nzr.toolbox\dotnet\nzr.toolbox.core.tests\bin\debug\netcoreapp2.2\nzr.toolbox.core.tests.dll" id="16241dba-eaf4-0213-d6e5-c7da05851618">
      <Execution id="76e615ea-40f8-4468-9df4-1d3bbcc41c73" />
      <TestMethod codeBase="C:\workspace\personal\Nzr.ToolBox\dotnet\Nzr.ToolBox.Core.Tests\bin\Debug\netcoreapp2.2\Nzr.ToolBox.Core.Tests.dll" adapterTypeName="executor://xunit/VsTestRunner2/netcoreapp" className="Nzr.ToolBox.Core.Tests.StringUtilsTest" name="Nzr.ToolBox.Core.Tests.StringUtilsTest.IsNumber_WithNull_ShouldReturnFalse" />
    </UnitTest>
    <UnitTest name="Nzr.ToolBox.Core.Tests.ObjectUtilsTest.AnyNull_WithAllNonNull_ShouldReturnFalse" storage="c:\workspace\personal\nzr.toolbox\dotnet\nzr.toolbox.core.tests\bin\debug\netcoreapp2.2\nzr.toolbox.core.tests.dll" id="b2da1943-e11b-507a-dec5-c46cae39eb8d">
      <Execution id="10412612-f5a9-4f06-adf3-62a4fbe8ffeb" />
      <TestMethod codeBase="C:\workspace\personal\Nzr.ToolBox\dotnet\Nzr.ToolBox.Core.Tests\bin\Debug\netcoreapp2.2\Nzr.ToolBox.Core.Tests.dll" adapterTypeName="executor://xunit/VsTestRunner2/netcoreapp" className="Nzr.ToolBox.Core.Tests.ObjectUtilsTest" name="Nzr.ToolBox.Core.Tests.ObjectUtilsTest.AnyNull_WithAllNonNull_ShouldReturnFalse" />
    </UnitTest>
    <UnitTest name="Nzr.ToolBox.Core.Tests.RandomUtilsTest.RandomFloat_ShouldReturnUniqueValues(iterations: 10000, seed: 1)" storage="c:\workspace\personal\nzr.toolbox\dotnet\nzr.toolbox.core.tests\bin\debug\netcoreapp2.2\nzr.toolbox.core.tests.dll" id="db495440-895e-2929-0413-74f28674d8ff">
      <Execution id="43ba6667-3465-4830-96d3-1f13ea1a7eea" />
      <TestMethod codeBase="C:\workspace\personal\Nzr.ToolBox\dotnet\Nzr.ToolBox.Core.Tests\bin\Debug\netcoreapp2.2\Nzr.ToolBox.Core.Tests.dll" adapterTypeName="executor://xunit/VsTestRunner2/netcoreapp" className="Nzr.ToolBox.Core.Tests.RandomUtilsTest" name="Nzr.ToolBox.Core.Tests.RandomUtilsTest.RandomFloat_ShouldReturnUniqueValues(iterations: 10000, seed: 1)" />
    </UnitTest>
    <UnitTest name="Nzr.ToolBox.Core.Tests.StringUtilsTest.Reverse_WithNull_ShouldReturnNull" storage="c:\workspace\personal\nzr.toolbox\dotnet\nzr.toolbox.core.tests\bin\debug\netcoreapp2.2\nzr.toolbox.core.tests.dll" id="4dcc4c87-6654-099d-1fa3-33b06e586a9e">
      <Execution id="4189839b-f908-41dc-aa42-cf76d1ef6deb" />
      <TestMethod codeBase="C:\workspace\personal\Nzr.ToolBox\dotnet\Nzr.ToolBox.Core.Tests\bin\Debug\netcoreapp2.2\Nzr.ToolBox.Core.Tests.dll" adapterTypeName="executor://xunit/VsTestRunner2/netcoreapp" className="Nzr.ToolBox.Core.Tests.StringUtilsTest" name="Nzr.ToolBox.Core.Tests.StringUtilsTest.Reverse_WithNull_ShouldReturnNull" />
    </UnitTest>
    <UnitTest name="Nzr.ToolBox.Core.Tests.ObjectUtilsTest.IsAllNonNull_WithAllNonNull_ShouldReturnTrue" storage="c:\workspace\personal\nzr.toolbox\dotnet\nzr.toolbox.core.tests\bin\debug\netcoreapp2.2\nzr.toolbox.core.tests.dll" id="a57e4f15-3c8a-cc65-2059-f1f5f83c9ba5">
      <Execution id="bdb104a1-17ba-4469-9ad6-0dab91309692" />
      <TestMethod codeBase="C:\workspace\personal\Nzr.ToolBox\dotnet\Nzr.ToolBox.Core.Tests\bin\Debug\netcoreapp2.2\Nzr.ToolBox.Core.Tests.dll" adapterTypeName="executor://xunit/VsTestRunner2/netcoreapp" className="Nzr.ToolBox.Core.Tests.ObjectUtilsTest" name="Nzr.ToolBox.Core.Tests.ObjectUtilsTest.IsAllNonNull_WithAllNonNull_ShouldReturnTrue" />
    </UnitTest>
    <UnitTest name="Nzr.ToolBox.Core.Tests.BooleanUtilsTests.ToBool_WithPositiveString_ShouldReturnTrue(value: &quot;S&quot;)" storage="c:\workspace\personal\nzr.toolbox\dotnet\nzr.toolbox.core.tests\bin\debug\netcoreapp2.2\nzr.toolbox.core.tests.dll" id="917e9e48-1d67-c1aa-1b6e-9c13215e36a0">
      <Execution id="46cd8778-f95b-4c15-a69a-543f4f66f423" />
      <TestMethod codeBase="C:\workspace\personal\Nzr.ToolBox\dotnet\Nzr.ToolBox.Core.Tests\bin\Debug\netcoreapp2.2\Nzr.ToolBox.Core.Tests.dll" adapterTypeName="executor://xunit/VsTestRunner2/netcoreapp" className="Nzr.ToolBox.Core.Tests.BooleanUtilsTests" name="Nzr.ToolBox.Core.Tests.BooleanUtilsTests.ToBool_WithPositiveString_ShouldReturnTrue(value: &quot;S&quot;)" />
    </UnitTest>
    <UnitTest name="Nzr.ToolBox.Core.Tests.NumberUtilsTest.Average_ShouldReturnAverageValues" storage="c:\workspace\personal\nzr.toolbox\dotnet\nzr.toolbox.core.tests\bin\debug\netcoreapp2.2\nzr.toolbox.core.tests.dll" id="5062168a-47a4-716c-83cf-4566eb406f51">
      <Execution id="5a1c9638-279e-4d1d-8835-fc2c7ae1aa3a" />
      <TestMethod codeBase="C:\workspace\personal\Nzr.ToolBox\dotnet\Nzr.ToolBox.Core.Tests\bin\Debug\netcoreapp2.2\Nzr.ToolBox.Core.Tests.dll" adapterTypeName="executor://xunit/VsTestRunner2/netcoreapp" className="Nzr.ToolBox.Core.Tests.NumberUtilsTest" name="Nzr.ToolBox.Core.Tests.NumberUtilsTest.Average_ShouldReturnAverageValues" />
    </UnitTest>
    <UnitTest name="Nzr.ToolBox.Core.Tests.RandomUtilsTest.RandomString_WithSymbolsOnly_ShouldReturnSymbolOnlyString" storage="c:\workspace\personal\nzr.toolbox\dotnet\nzr.toolbox.core.tests\bin\debug\netcoreapp2.2\nzr.toolbox.core.tests.dll" id="0f07da2a-afe3-eb2a-982c-c9250d4e2995">
      <Execution id="f0cc9434-ad55-484e-8ba2-0852ca45784e" />
      <TestMethod codeBase="C:\workspace\personal\Nzr.ToolBox\dotnet\Nzr.ToolBox.Core.Tests\bin\Debug\netcoreapp2.2\Nzr.ToolBox.Core.Tests.dll" adapterTypeName="executor://xunit/VsTestRunner2/netcoreapp" className="Nzr.ToolBox.Core.Tests.RandomUtilsTest" name="Nzr.ToolBox.Core.Tests.RandomUtilsTest.RandomString_WithSymbolsOnly_ShouldReturnSymbolOnlyString" />
    </UnitTest>
    <UnitTest name="Nzr.ToolBox.Core.Tests.ObjectUtilsTest.AnyNonNull_WithOneNonNull_ShouldReturnTrue" storage="c:\workspace\personal\nzr.toolbox\dotnet\nzr.toolbox.core.tests\bin\debug\netcoreapp2.2\nzr.toolbox.core.tests.dll" id="5475939c-162d-472f-4c01-bad02aed5235">
      <Execution id="df87d08b-7410-4a7d-8b05-b55a43f5c063" />
      <TestMethod codeBase="C:\workspace\personal\Nzr.ToolBox\dotnet\Nzr.ToolBox.Core.Tests\bin\Debug\netcoreapp2.2\Nzr.ToolBox.Core.Tests.dll" adapterTypeName="executor://xunit/VsTestRunner2/netcoreapp" className="Nzr.ToolBox.Core.Tests.ObjectUtilsTest" name="Nzr.ToolBox.Core.Tests.ObjectUtilsTest.AnyNonNull_WithOneNonNull_ShouldReturnTrue" />
    </UnitTest>
    <UnitTest name="Nzr.ToolBox.Core.Tests.StringUtilsTest.ContainsNone_WithOrdinalIgnoreCaseStringContainingOneOfSubstring_ShouldReturnFalse" storage="c:\workspace\personal\nzr.toolbox\dotnet\nzr.toolbox.core.tests\bin\debug\netcoreapp2.2\nzr.toolbox.core.tests.dll" id="81f4be93-f58a-fe7a-4fed-525380a4a47a">
      <Execution id="cae67bf4-e4d3-422f-91c7-49d195cdc612" />
      <TestMethod codeBase="C:\workspace\personal\Nzr.ToolBox\dotnet\Nzr.ToolBox.Core.Tests\bin\Debug\netcoreapp2.2\Nzr.ToolBox.Core.Tests.dll" adapterTypeName="executor://xunit/VsTestRunner2/netcoreapp" className="Nzr.ToolBox.Core.Tests.StringUtilsTest" name="Nzr.ToolBox.Core.Tests.StringUtilsTest.ContainsNone_WithOrdinalIgnoreCaseStringContainingOneOfSubstring_ShouldReturnFalse" />
    </UnitTest>
    <UnitTest name="Nzr.ToolBox.Core.Tests.NumberUtilsTest.ToBinary_WithNumberWithPrefix_ShouldReturnBinaryWithPrefix" storage="c:\workspace\personal\nzr.toolbox\dotnet\nzr.toolbox.core.tests\bin\debug\netcoreapp2.2\nzr.toolbox.core.tests.dll" id="c4344ebc-44df-a5d3-990c-fd3ab1fb80b1">
      <Execution id="59ef9b81-68ae-484f-93da-04c34284a0f4" />
      <TestMethod codeBase="C:\workspace\personal\Nzr.ToolBox\dotnet\Nzr.ToolBox.Core.Tests\bin\Debug\netcoreapp2.2\Nzr.ToolBox.Core.Tests.dll" adapterTypeName="executor://xunit/VsTestRunner2/netcoreapp" className="Nzr.ToolBox.Core.Tests.NumberUtilsTest" name="Nzr.ToolBox.Core.Tests.NumberUtilsTest.ToBinary_WithNumberWithPrefix_ShouldReturnBinaryWithPrefix" />
    </UnitTest>
    <UnitTest name="Nzr.ToolBox.Core.Tests.BooleanUtilsTests.Describe_WihTrueValueAndWithDefaultYesString_ShouldReturnYes" storage="c:\workspace\personal\nzr.toolbox\dotnet\nzr.toolbox.core.tests\bin\debug\netcoreapp2.2\nzr.toolbox.core.tests.dll" id="44eff8ca-e64d-d8d4-6361-cfa3c75ede11">
      <Execution id="da06e5ba-9f3a-4ba9-a098-c053943f31dc" />
      <TestMethod codeBase="C:\workspace\personal\Nzr.ToolBox\dotnet\Nzr.ToolBox.Core.Tests\bin\Debug\netcoreapp2.2\Nzr.ToolBox.Core.Tests.dll" adapterTypeName="executor://xunit/VsTestRunner2/netcoreapp" className="Nzr.ToolBox.Core.Tests.BooleanUtilsTests" name="Nzr.ToolBox.Core.Tests.BooleanUtilsTests.Describe_WihTrueValueAndWithDefaultYesString_ShouldReturnYes" />
    </UnitTest>
    <UnitTest name="Nzr.ToolBox.Core.Tests.StringUtilsTest.IsAnyBlank_WithNullStrings_ShouldReturnTrue" storage="c:\workspace\personal\nzr.toolbox\dotnet\nzr.toolbox.core.tests\bin\debug\netcoreapp2.2\nzr.toolbox.core.tests.dll" id="6b882545-0a6d-aed1-f25f-b5bd7a59a2f3">
      <Execution id="9c7dc9ba-9028-4ef7-ae96-0a6c9e722eb1" />
      <TestMethod codeBase="C:\workspace\personal\Nzr.ToolBox\dotnet\Nzr.ToolBox.Core.Tests\bin\Debug\netcoreapp2.2\Nzr.ToolBox.Core.Tests.dll" adapterTypeName="executor://xunit/VsTestRunner2/netcoreapp" className="Nzr.ToolBox.Core.Tests.StringUtilsTest" name="Nzr.ToolBox.Core.Tests.StringUtilsTest.IsAnyBlank_WithNullStrings_ShouldReturnTrue" />
    </UnitTest>
    <UnitTest name="Nzr.ToolBox.Core.Tests.NumberUtilsTest.ToBinary_WithDecimalWithoutPrefix_ShouldReturnBinaryNumbersOnly" storage="c:\workspace\personal\nzr.toolbox\dotnet\nzr.toolbox.core.tests\bin\debug\netcoreapp2.2\nzr.toolbox.core.tests.dll" id="2fe27f4d-780b-bc6e-57d1-a34e746519d2">
      <Execution id="72d913af-2216-46fe-9428-c828ae60d6a3" />
      <TestMethod codeBase="C:\workspace\personal\Nzr.ToolBox\dotnet\Nzr.ToolBox.Core.Tests\bin\Debug\netcoreapp2.2\Nzr.ToolBox.Core.Tests.dll" adapterTypeName="executor://xunit/VsTestRunner2/netcoreapp" className="Nzr.ToolBox.Core.Tests.NumberUtilsTest" name="Nzr.ToolBox.Core.Tests.NumberUtilsTest.ToBinary_WithDecimalWithoutPrefix_ShouldReturnBinaryNumbersOnly" />
    </UnitTest>
    <UnitTest name="Nzr.ToolBox.Core.Tests.BooleanUtilsTests.IsTrue_WithNullOrFalseValue_ShouldReturnFalse(value: null)" storage="c:\workspace\personal\nzr.toolbox\dotnet\nzr.toolbox.core.tests\bin\debug\netcoreapp2.2\nzr.toolbox.core.tests.dll" id="f54f88da-7c5b-63a5-454a-c31c248124f8">
      <Execution id="a8a4763e-f630-46f5-8dfc-88758254d09d" />
      <TestMethod codeBase="C:\workspace\personal\Nzr.ToolBox\dotnet\Nzr.ToolBox.Core.Tests\bin\Debug\netcoreapp2.2\Nzr.ToolBox.Core.Tests.dll" adapterTypeName="executor://xunit/VsTestRunner2/netcoreapp" className="Nzr.ToolBox.Core.Tests.BooleanUtilsTests" name="Nzr.ToolBox.Core.Tests.BooleanUtilsTests.IsTrue_WithNullOrFalseValue_ShouldReturnFalse(value: null)" />
    </UnitTest>
    <UnitTest name="Nzr.ToolBox.Core.Tests.StringUtilsTest.DefaultIfEmpty_WitBlankString_ShouldReturnString" storage="c:\workspace\personal\nzr.toolbox\dotnet\nzr.toolbox.core.tests\bin\debug\netcoreapp2.2\nzr.toolbox.core.tests.dll" id="e881bc04-2bbf-5c16-1290-362a120099d0">
      <Execution id="f7398006-bcc3-4b54-87e6-82b678a32b12" />
      <TestMethod codeBase="C:\workspace\personal\Nzr.ToolBox\dotnet\Nzr.ToolBox.Core.Tests\bin\Debug\netcoreapp2.2\Nzr.ToolBox.Core.Tests.dll" adapterTypeName="executor://xunit/VsTestRunner2/netcoreapp" className="Nzr.ToolBox.Core.Tests.StringUtilsTest" name="Nzr.ToolBox.Core.Tests.StringUtilsTest.DefaultIfEmpty_WitBlankString_ShouldReturnString" />
    </UnitTest>
    <UnitTest name="Nzr.ToolBox.Core.Tests.CollectionUtilsTests.ContainsAll_WithGenericEnumerableAndDiffSize_ShouldReturnFalse" storage="c:\workspace\personal\nzr.toolbox\dotnet\nzr.toolbox.core.tests\bin\debug\netcoreapp2.2\nzr.toolbox.core.tests.dll" id="40b5fac7-b71c-8e77-a229-0b6dd2bc7930">
      <Execution id="45776ee1-1536-4d8a-b1d6-d6872df5f3ab" />
      <TestMethod codeBase="C:\workspace\personal\Nzr.ToolBox\dotnet\Nzr.ToolBox.Core.Tests\bin\Debug\netcoreapp2.2\Nzr.ToolBox.Core.Tests.dll" adapterTypeName="executor://xunit/VsTestRunner2/netcoreapp" className="Nzr.ToolBox.Core.Tests.CollectionUtilsTests" name="Nzr.ToolBox.Core.Tests.CollectionUtilsTests.ContainsAll_WithGenericEnumerableAndDiffSize_ShouldReturnFalse" />
    </UnitTest>
    <UnitTest name="Nzr.ToolBox.Core.Tests.ObjectUtilsTest.IfNotNull_WithNullValue_ShouldThrowException" storage="c:\workspace\personal\nzr.toolbox\dotnet\nzr.toolbox.core.tests\bin\debug\netcoreapp2.2\nzr.toolbox.core.tests.dll" id="dc5791cb-7903-211e-65c9-770b2ab7868e">
      <Execution id="da58bb9f-9030-4db3-b57f-5a846fa09905" />
      <TestMethod codeBase="C:\workspace\personal\Nzr.ToolBox\dotnet\Nzr.ToolBox.Core.Tests\bin\Debug\netcoreapp2.2\Nzr.ToolBox.Core.Tests.dll" adapterTypeName="executor://xunit/VsTestRunner2/netcoreapp" className="Nzr.ToolBox.Core.Tests.ObjectUtilsTest" name="Nzr.ToolBox.Core.Tests.ObjectUtilsTest.IfNotNull_WithNullValue_ShouldThrowException" />
    </UnitTest>
    <UnitTest name="Nzr.ToolBox.Core.Tests.RandomUtilsTest.RandomDouble_ShouldReturnUniqueValues(iterations: 10000, seed: 1)" storage="c:\workspace\personal\nzr.toolbox\dotnet\nzr.toolbox.core.tests\bin\debug\netcoreapp2.2\nzr.toolbox.core.tests.dll" id="0774dc1e-52ca-a68f-3053-17aa689d2f19">
      <Execution id="a3926bf2-5f05-4cef-b907-53e7000eb4e4" />
      <TestMethod codeBase="C:\workspace\personal\Nzr.ToolBox\dotnet\Nzr.ToolBox.Core.Tests\bin\Debug\netcoreapp2.2\Nzr.ToolBox.Core.Tests.dll" adapterTypeName="executor://xunit/VsTestRunner2/netcoreapp" className="Nzr.ToolBox.Core.Tests.RandomUtilsTest" name="Nzr.ToolBox.Core.Tests.RandomUtilsTest.RandomDouble_ShouldReturnUniqueValues(iterations: 10000, seed: 1)" />
    </UnitTest>
    <UnitTest name="Nzr.ToolBox.Core.Tests.StringUtilsTest.IsEmpty_WithEmptyString_ShouldReturnTrue" storage="c:\workspace\personal\nzr.toolbox\dotnet\nzr.toolbox.core.tests\bin\debug\netcoreapp2.2\nzr.toolbox.core.tests.dll" id="11236b60-ddaa-8517-7929-26428de182b4">
      <Execution id="ab1079f2-e6d9-41fa-9546-7de589c7f3b4" />
      <TestMethod codeBase="C:\workspace\personal\Nzr.ToolBox\dotnet\Nzr.ToolBox.Core.Tests\bin\Debug\netcoreapp2.2\Nzr.ToolBox.Core.Tests.dll" adapterTypeName="executor://xunit/VsTestRunner2/netcoreapp" className="Nzr.ToolBox.Core.Tests.StringUtilsTest" name="Nzr.ToolBox.Core.Tests.StringUtilsTest.IsEmpty_WithEmptyString_ShouldReturnTrue" />
    </UnitTest>
    <UnitTest name="Nzr.ToolBox.Core.Tests.StringUtilsTest.Truncate_WithStringShorterThanLimit_ShouldReturnString" storage="c:\workspace\personal\nzr.toolbox\dotnet\nzr.toolbox.core.tests\bin\debug\netcoreapp2.2\nzr.toolbox.core.tests.dll" id="9dc87ca8-7c89-25db-241a-e9ae33f8a42e">
      <Execution id="0ca30c84-6d14-4d3a-80f1-68c6b7a18c2b" />
      <TestMethod codeBase="C:\workspace\personal\Nzr.ToolBox\dotnet\Nzr.ToolBox.Core.Tests\bin\Debug\netcoreapp2.2\Nzr.ToolBox.Core.Tests.dll" adapterTypeName="executor://xunit/VsTestRunner2/netcoreapp" className="Nzr.ToolBox.Core.Tests.StringUtilsTest" name="Nzr.ToolBox.Core.Tests.StringUtilsTest.Truncate_WithStringShorterThanLimit_ShouldReturnString" />
    </UnitTest>
    <UnitTest name="Nzr.ToolBox.Core.Tests.CollectionUtilsTests.ContainsAny_WithEnumerableAndNonOfOtherElements_ShouldReturnFalse" storage="c:\workspace\personal\nzr.toolbox\dotnet\nzr.toolbox.core.tests\bin\debug\netcoreapp2.2\nzr.toolbox.core.tests.dll" id="7846d9ed-3cef-0cbd-2b1f-638be6a96222">
      <Execution id="eb5a370e-5f00-4af5-af42-a4b244d78a7d" />
      <TestMethod codeBase="C:\workspace\personal\Nzr.ToolBox\dotnet\Nzr.ToolBox.Core.Tests\bin\Debug\netcoreapp2.2\Nzr.ToolBox.Core.Tests.dll" adapterTypeName="executor://xunit/VsTestRunner2/netcoreapp" className="Nzr.ToolBox.Core.Tests.CollectionUtilsTests" name="Nzr.ToolBox.Core.Tests.CollectionUtilsTests.ContainsAny_WithEnumerableAndNonOfOtherElements_ShouldReturnFalse" />
    </UnitTest>
    <UnitTest name="Nzr.ToolBox.Core.Tests.StringUtilsTest.IsNumber_WithAlhphanumeric_ShouldReturnFalse" storage="c:\workspace\personal\nzr.toolbox\dotnet\nzr.toolbox.core.tests\bin\debug\netcoreapp2.2\nzr.toolbox.core.tests.dll" id="f97de579-490f-3478-7018-3655f4bebed4">
      <Execution id="79b82bf7-99e0-45ca-ab34-2694790be6a0" />
      <TestMethod codeBase="C:\workspace\personal\Nzr.ToolBox\dotnet\Nzr.ToolBox.Core.Tests\bin\Debug\netcoreapp2.2\Nzr.ToolBox.Core.Tests.dll" adapterTypeName="executor://xunit/VsTestRunner2/netcoreapp" className="Nzr.ToolBox.Core.Tests.StringUtilsTest" name="Nzr.ToolBox.Core.Tests.StringUtilsTest.IsNumber_WithAlhphanumeric_ShouldReturnFalse" />
    </UnitTest>
    <UnitTest name="Nzr.ToolBox.Core.Tests.CollectionUtilsTests.IndexOf_WithNonExistingItem_ShouldReturnMinusOne" storage="c:\workspace\personal\nzr.toolbox\dotnet\nzr.toolbox.core.tests\bin\debug\netcoreapp2.2\nzr.toolbox.core.tests.dll" id="39187814-7948-31bd-4290-daef6ab2e603">
      <Execution id="c3e15f7b-473f-4fa1-af5b-544eb4b36472" />
      <TestMethod codeBase="C:\workspace\personal\Nzr.ToolBox\dotnet\Nzr.ToolBox.Core.Tests\bin\Debug\netcoreapp2.2\Nzr.ToolBox.Core.Tests.dll" adapterTypeName="executor://xunit/VsTestRunner2/netcoreapp" className="Nzr.ToolBox.Core.Tests.CollectionUtilsTests" name="Nzr.ToolBox.Core.Tests.CollectionUtilsTests.IndexOf_WithNonExistingItem_ShouldReturnMinusOne" />
    </UnitTest>
    <UnitTest name="Nzr.ToolBox.Core.Tests.BooleanUtilsTests.ToBool_WithPositiveString_ShouldReturnTrue(value: &quot;true&quot;)" storage="c:\workspace\personal\nzr.toolbox\dotnet\nzr.toolbox.core.tests\bin\debug\netcoreapp2.2\nzr.toolbox.core.tests.dll" id="7437cae0-313c-688c-b0a7-4e994a4fbb85">
      <Execution id="10a34635-0e88-4dd3-a966-e6401a94ab07" />
      <TestMethod codeBase="C:\workspace\personal\Nzr.ToolBox\dotnet\Nzr.ToolBox.Core.Tests\bin\Debug\netcoreapp2.2\Nzr.ToolBox.Core.Tests.dll" adapterTypeName="executor://xunit/VsTestRunner2/netcoreapp" className="Nzr.ToolBox.Core.Tests.BooleanUtilsTests" name="Nzr.ToolBox.Core.Tests.BooleanUtilsTests.ToBool_WithPositiveString_ShouldReturnTrue(value: &quot;true&quot;)" />
    </UnitTest>
    <UnitTest name="Nzr.ToolBox.Core.Tests.ObjectUtilsTest.AnyNonNull_WithAllNull_ShouldReturnFalse" storage="c:\workspace\personal\nzr.toolbox\dotnet\nzr.toolbox.core.tests\bin\debug\netcoreapp2.2\nzr.toolbox.core.tests.dll" id="62fa0a1d-6958-0f90-dafb-2a7a7f5c8b77">
      <Execution id="381447cd-fd6f-4920-a2b9-889496c97ef4" />
      <TestMethod codeBase="C:\workspace\personal\Nzr.ToolBox\dotnet\Nzr.ToolBox.Core.Tests\bin\Debug\netcoreapp2.2\Nzr.ToolBox.Core.Tests.dll" adapterTypeName="executor://xunit/VsTestRunner2/netcoreapp" className="Nzr.ToolBox.Core.Tests.ObjectUtilsTest" name="Nzr.ToolBox.Core.Tests.ObjectUtilsTest.AnyNonNull_WithAllNull_ShouldReturnFalse" />
    </UnitTest>
    <UnitTest name="Nzr.ToolBox.Core.Tests.ObjectUtilsTest.RequireNonNull_WithNullWithoutCustomMessage_ShouldThrowExcetpion" storage="c:\workspace\personal\nzr.toolbox\dotnet\nzr.toolbox.core.tests\bin\debug\netcoreapp2.2\nzr.toolbox.core.tests.dll" id="7e6b2287-0f2b-eed8-29a1-fa6a6b5f85fd">
      <Execution id="90a8e6d6-3baa-412e-8821-27b04bfa3727" />
      <TestMethod codeBase="C:\workspace\personal\Nzr.ToolBox\dotnet\Nzr.ToolBox.Core.Tests\bin\Debug\netcoreapp2.2\Nzr.ToolBox.Core.Tests.dll" adapterTypeName="executor://xunit/VsTestRunner2/netcoreapp" className="Nzr.ToolBox.Core.Tests.ObjectUtilsTest" name="Nzr.ToolBox.Core.Tests.ObjectUtilsTest.RequireNonNull_WithNullWithoutCustomMessage_ShouldThrowExcetpion" />
    </UnitTest>
    <UnitTest name="Nzr.ToolBox.Core.Tests.BooleanUtilsTests.ToBool_WithPositiveString_ShouldReturnTrue(value: &quot;Ja&quot;)" storage="c:\workspace\personal\nzr.toolbox\dotnet\nzr.toolbox.core.tests\bin\debug\netcoreapp2.2\nzr.toolbox.core.tests.dll" id="48caecef-a5fa-613e-d718-f1276bb5ba57">
      <Execution id="6238511f-6987-4b41-a736-8f441b9cd2a7" />
      <TestMethod codeBase="C:\workspace\personal\Nzr.ToolBox\dotnet\Nzr.ToolBox.Core.Tests\bin\Debug\netcoreapp2.2\Nzr.ToolBox.Core.Tests.dll" adapterTypeName="executor://xunit/VsTestRunner2/netcoreapp" className="Nzr.ToolBox.Core.Tests.BooleanUtilsTests" name="Nzr.ToolBox.Core.Tests.BooleanUtilsTests.ToBool_WithPositiveString_ShouldReturnTrue(value: &quot;Ja&quot;)" />
    </UnitTest>
    <UnitTest name="Nzr.ToolBox.Core.Tests.RandomUtilsTest.RandomDouble_ShouldReturnUniqueValues(iterations: 10000, seed: null)" storage="c:\workspace\personal\nzr.toolbox\dotnet\nzr.toolbox.core.tests\bin\debug\netcoreapp2.2\nzr.toolbox.core.tests.dll" id="cbba7763-672f-ddfc-9a60-f6df272eaad6">
      <Execution id="51be720c-7b04-47f9-80ed-e1d8404ebe87" />
      <TestMethod codeBase="C:\workspace\personal\Nzr.ToolBox\dotnet\Nzr.ToolBox.Core.Tests\bin\Debug\netcoreapp2.2\Nzr.ToolBox.Core.Tests.dll" adapterTypeName="executor://xunit/VsTestRunner2/netcoreapp" className="Nzr.ToolBox.Core.Tests.RandomUtilsTest" name="Nzr.ToolBox.Core.Tests.RandomUtilsTest.RandomDouble_ShouldReturnUniqueValues(iterations: 10000, seed: null)" />
    </UnitTest>
    <UnitTest name="Nzr.ToolBox.Core.Tests.NumberUtilsTest.ToHexadecimal_WithNumberWithPrefix_ShouldReturnBinaryWithPrefix" storage="c:\workspace\personal\nzr.toolbox\dotnet\nzr.toolbox.core.tests\bin\debug\netcoreapp2.2\nzr.toolbox.core.tests.dll" id="06062712-a9f6-15e0-bf35-38dc901029e7">
      <Execution id="e636bc75-288d-4c7c-b6a6-f603f12b3ea8" />
      <TestMethod codeBase="C:\workspace\personal\Nzr.ToolBox\dotnet\Nzr.ToolBox.Core.Tests\bin\Debug\netcoreapp2.2\Nzr.ToolBox.Core.Tests.dll" adapterTypeName="executor://xunit/VsTestRunner2/netcoreapp" className="Nzr.ToolBox.Core.Tests.NumberUtilsTest" name="Nzr.ToolBox.Core.Tests.NumberUtilsTest.ToHexadecimal_WithNumberWithPrefix_ShouldReturnBinaryWithPrefix" />
    </UnitTest>
    <UnitTest name="Nzr.ToolBox.Core.Tests.CollectionUtilsTests.IsNotEmpty_WithEmpty_ShouldReturnFalse" storage="c:\workspace\personal\nzr.toolbox\dotnet\nzr.toolbox.core.tests\bin\debug\netcoreapp2.2\nzr.toolbox.core.tests.dll" id="105843c0-8d25-e16e-687e-24c0c02b7966">
      <Execution id="d88a63f2-32b2-44d7-af0d-8632ff01c044" />
      <TestMethod codeBase="C:\workspace\personal\Nzr.ToolBox\dotnet\Nzr.ToolBox.Core.Tests\bin\Debug\netcoreapp2.2\Nzr.ToolBox.Core.Tests.dll" adapterTypeName="executor://xunit/VsTestRunner2/netcoreapp" className="Nzr.ToolBox.Core.Tests.CollectionUtilsTests" name="Nzr.ToolBox.Core.Tests.CollectionUtilsTests.IsNotEmpty_WithEmpty_ShouldReturnFalse" />
    </UnitTest>
    <UnitTest name="Nzr.ToolBox.Core.Tests.StringUtilsTest.Repeat_WithNull_ShouldReturnNull" storage="c:\workspace\personal\nzr.toolbox\dotnet\nzr.toolbox.core.tests\bin\debug\netcoreapp2.2\nzr.toolbox.core.tests.dll" id="16e225c7-ff41-4d1e-ea8a-a910d30a164b">
      <Execution id="b4e7960f-8dee-4b70-850e-1d0ca119f8c5" />
      <TestMethod codeBase="C:\workspace\personal\Nzr.ToolBox\dotnet\Nzr.ToolBox.Core.Tests\bin\Debug\netcoreapp2.2\Nzr.ToolBox.Core.Tests.dll" adapterTypeName="executor://xunit/VsTestRunner2/netcoreapp" className="Nzr.ToolBox.Core.Tests.StringUtilsTest" name="Nzr.ToolBox.Core.Tests.StringUtilsTest.Repeat_WithNull_ShouldReturnNull" />
    </UnitTest>
    <UnitTest name="Nzr.ToolBox.Core.Tests.StringUtilsTest.DefaultIfBlank_WitNonBlankString_ShouldReturnString" storage="c:\workspace\personal\nzr.toolbox\dotnet\nzr.toolbox.core.tests\bin\debug\netcoreapp2.2\nzr.toolbox.core.tests.dll" id="6b51fd93-cfcb-0aea-d26c-8be65f40eb5a">
      <Execution id="46924c42-4c7c-44fe-9c60-782d07ff8ac2" />
      <TestMethod codeBase="C:\workspace\personal\Nzr.ToolBox\dotnet\Nzr.ToolBox.Core.Tests\bin\Debug\netcoreapp2.2\Nzr.ToolBox.Core.Tests.dll" adapterTypeName="executor://xunit/VsTestRunner2/netcoreapp" className="Nzr.ToolBox.Core.Tests.StringUtilsTest" name="Nzr.ToolBox.Core.Tests.StringUtilsTest.DefaultIfBlank_WitNonBlankString_ShouldReturnString" />
    </UnitTest>
    <UnitTest name="Nzr.ToolBox.Core.Tests.CollectionUtilsTests.ForEach_WithGenericList_ShouldExecuteFunction" storage="c:\workspace\personal\nzr.toolbox\dotnet\nzr.toolbox.core.tests\bin\debug\netcoreapp2.2\nzr.toolbox.core.tests.dll" id="21d2f5b5-8824-b5dc-5b55-bc862d5c638c">
      <Execution id="13dd1e4b-6b76-4766-9208-f25c5056cde7" />
      <TestMethod codeBase="C:\workspace\personal\Nzr.ToolBox\dotnet\Nzr.ToolBox.Core.Tests\bin\Debug\netcoreapp2.2\Nzr.ToolBox.Core.Tests.dll" adapterTypeName="executor://xunit/VsTestRunner2/netcoreapp" className="Nzr.ToolBox.Core.Tests.CollectionUtilsTests" name="Nzr.ToolBox.Core.Tests.CollectionUtilsTests.ForEach_WithGenericList_ShouldExecuteFunction" />
    </UnitTest>
    <UnitTest name="Nzr.ToolBox.Core.Tests.RandomUtilsTest.RandomDecimal_ShouldReturnUniqueValues(iterations: 10000, seed: null)" storage="c:\workspace\personal\nzr.toolbox\dotnet\nzr.toolbox.core.tests\bin\debug\netcoreapp2.2\nzr.toolbox.core.tests.dll" id="a17b2044-60f5-4812-5bc4-2de8d6ca5463">
      <Execution id="a97918ab-4fe4-49b2-9111-5ffe9bb45e0a" />
      <TestMethod codeBase="C:\workspace\personal\Nzr.ToolBox\dotnet\Nzr.ToolBox.Core.Tests\bin\Debug\netcoreapp2.2\Nzr.ToolBox.Core.Tests.dll" adapterTypeName="executor://xunit/VsTestRunner2/netcoreapp" className="Nzr.ToolBox.Core.Tests.RandomUtilsTest" name="Nzr.ToolBox.Core.Tests.RandomUtilsTest.RandomDecimal_ShouldReturnUniqueValues(iterations: 10000, seed: null)" />
    </UnitTest>
    <UnitTest name="Nzr.ToolBox.Core.Tests.CollectionUtilsTests.IsNotEmpty_WithNonEmpty_ShouldReturnTrue" storage="c:\workspace\personal\nzr.toolbox\dotnet\nzr.toolbox.core.tests\bin\debug\netcoreapp2.2\nzr.toolbox.core.tests.dll" id="222f7168-7e34-cd8e-2834-adc8122c855d">
      <Execution id="03aa58df-8965-422d-8a01-527538e602b7" />
      <TestMethod codeBase="C:\workspace\personal\Nzr.ToolBox\dotnet\Nzr.ToolBox.Core.Tests\bin\Debug\netcoreapp2.2\Nzr.ToolBox.Core.Tests.dll" adapterTypeName="executor://xunit/VsTestRunner2/netcoreapp" className="Nzr.ToolBox.Core.Tests.CollectionUtilsTests" name="Nzr.ToolBox.Core.Tests.CollectionUtilsTests.IsNotEmpty_WithNonEmpty_ShouldReturnTrue" />
    </UnitTest>
    <UnitTest name="Nzr.ToolBox.Core.Tests.CollectionUtilsTests.EmptyIfNull_WithNonNullEnumerable_ShouldTheEnumerable" storage="c:\workspace\personal\nzr.toolbox\dotnet\nzr.toolbox.core.tests\bin\debug\netcoreapp2.2\nzr.toolbox.core.tests.dll" id="aa9cc0cb-14c6-ae07-bdfd-bae5f2a9924a">
      <Execution id="d8584d28-b21e-4ca0-8b3f-8c6bd50a8195" />
      <TestMethod codeBase="C:\workspace\personal\Nzr.ToolBox\dotnet\Nzr.ToolBox.Core.Tests\bin\Debug\netcoreapp2.2\Nzr.ToolBox.Core.Tests.dll" adapterTypeName="executor://xunit/VsTestRunner2/netcoreapp" className="Nzr.ToolBox.Core.Tests.CollectionUtilsTests" name="Nzr.ToolBox.Core.Tests.CollectionUtilsTests.EmptyIfNull_WithNonNullEnumerable_ShouldTheEnumerable" />
    </UnitTest>
    <UnitTest name="Nzr.ToolBox.Core.Tests.RandomUtilsTest.RandomByte_ShouldReturnUniqueValues(iterations: 255, seed: 1)" storage="c:\workspace\personal\nzr.toolbox\dotnet\nzr.toolbox.core.tests\bin\debug\netcoreapp2.2\nzr.toolbox.core.tests.dll" id="bd4840b2-65f4-1738-f51a-39c1c1a95ff4">
      <Execution id="e5a4e8da-2241-4a7a-974d-044ec0aef929" />
      <TestMethod codeBase="C:\workspace\personal\Nzr.ToolBox\dotnet\Nzr.ToolBox.Core.Tests\bin\Debug\netcoreapp2.2\Nzr.ToolBox.Core.Tests.dll" adapterTypeName="executor://xunit/VsTestRunner2/netcoreapp" className="Nzr.ToolBox.Core.Tests.RandomUtilsTest" name="Nzr.ToolBox.Core.Tests.RandomUtilsTest.RandomByte_ShouldReturnUniqueValues(iterations: 255, seed: 1)" />
    </UnitTest>
    <UnitTest name="Nzr.ToolBox.Core.Tests.RandomUtilsTest.RandomString_WithSpecificChars_ShouldReturnSpecificString" storage="c:\workspace\personal\nzr.toolbox\dotnet\nzr.toolbox.core.tests\bin\debug\netcoreapp2.2\nzr.toolbox.core.tests.dll" id="4b89d93e-7058-25e8-68ff-2910059c6bc1">
      <Execution id="6164905b-1e58-44ff-8e3d-bf77ae294c86" />
      <TestMethod codeBase="C:\workspace\personal\Nzr.ToolBox\dotnet\Nzr.ToolBox.Core.Tests\bin\Debug\netcoreapp2.2\Nzr.ToolBox.Core.Tests.dll" adapterTypeName="executor://xunit/VsTestRunner2/netcoreapp" className="Nzr.ToolBox.Core.Tests.RandomUtilsTest" name="Nzr.ToolBox.Core.Tests.RandomUtilsTest.RandomString_WithSpecificChars_ShouldReturnSpecificString" />
    </UnitTest>
    <UnitTest name="Nzr.ToolBox.Core.Tests.BooleanUtilsTests.ToBool_WithZeroOrNegative_ShouldReturnFalse(b: 0, s: 0, i: 0, l: 0, f: 0, d: 0, m: 0)" storage="c:\workspace\personal\nzr.toolbox\dotnet\nzr.toolbox.core.tests\bin\debug\netcoreapp2.2\nzr.toolbox.core.tests.dll" id="ec3e09c5-8729-567e-bf4a-d5990aad45d6">
      <Execution id="70670710-b34c-4c37-ab16-4730d3e125fe" />
      <TestMethod codeBase="C:\workspace\personal\Nzr.ToolBox\dotnet\Nzr.ToolBox.Core.Tests\bin\Debug\netcoreapp2.2\Nzr.ToolBox.Core.Tests.dll" adapterTypeName="executor://xunit/VsTestRunner2/netcoreapp" className="Nzr.ToolBox.Core.Tests.BooleanUtilsTests" name="Nzr.ToolBox.Core.Tests.BooleanUtilsTests.ToBool_WithZeroOrNegative_ShouldReturnFalse(b: 0, s: 0, i: 0, l: 0, f: 0, d: 0, m: 0)" />
    </UnitTest>
    <UnitTest name="Nzr.ToolBox.Core.Tests.DateTimeUtilsTest.ToEpoch_WithDateTime_ShouldReturnEpochTime" storage="c:\workspace\personal\nzr.toolbox\dotnet\nzr.toolbox.core.tests\bin\debug\netcoreapp2.2\nzr.toolbox.core.tests.dll" id="0f0fd9c4-310b-8f5e-8547-15872b5cb4b0">
      <Execution id="13c5e13f-447b-4d96-8b33-d1fa00baf232" />
      <TestMethod codeBase="C:\workspace\personal\Nzr.ToolBox\dotnet\Nzr.ToolBox.Core.Tests\bin\Debug\netcoreapp2.2\Nzr.ToolBox.Core.Tests.dll" adapterTypeName="executor://xunit/VsTestRunner2/netcoreapp" className="Nzr.ToolBox.Core.Tests.DateTimeUtilsTest" name="Nzr.ToolBox.Core.Tests.DateTimeUtilsTest.ToEpoch_WithDateTime_ShouldReturnEpochTime" />
    </UnitTest>
    <UnitTest name="Nzr.ToolBox.Core.Tests.NumberUtilsTest.Max_ShouldReturnMaxValues" storage="c:\workspace\personal\nzr.toolbox\dotnet\nzr.toolbox.core.tests\bin\debug\netcoreapp2.2\nzr.toolbox.core.tests.dll" id="d2556f65-3778-bd58-eecd-ae6ccb2c7885">
      <Execution id="b7bcf709-7a1e-4cbc-9e45-384ee347143f" />
      <TestMethod codeBase="C:\workspace\personal\Nzr.ToolBox\dotnet\Nzr.ToolBox.Core.Tests\bin\Debug\netcoreapp2.2\Nzr.ToolBox.Core.Tests.dll" adapterTypeName="executor://xunit/VsTestRunner2/netcoreapp" className="Nzr.ToolBox.Core.Tests.NumberUtilsTest" name="Nzr.ToolBox.Core.Tests.NumberUtilsTest.Max_ShouldReturnMaxValues" />
    </UnitTest>
    <UnitTest name="Nzr.ToolBox.Core.Tests.ObjectUtilsTest.IsAllNull_WithAllNull_ShouldReturnTrue" storage="c:\workspace\personal\nzr.toolbox\dotnet\nzr.toolbox.core.tests\bin\debug\netcoreapp2.2\nzr.toolbox.core.tests.dll" id="e624c53d-a1cf-0c98-22e7-54295ab64bfd">
      <Execution id="707ee3a6-76a9-4128-aa9a-801c18ed2d94" />
      <TestMethod codeBase="C:\workspace\personal\Nzr.ToolBox\dotnet\Nzr.ToolBox.Core.Tests\bin\Debug\netcoreapp2.2\Nzr.ToolBox.Core.Tests.dll" adapterTypeName="executor://xunit/VsTestRunner2/netcoreapp" className="Nzr.ToolBox.Core.Tests.ObjectUtilsTest" name="Nzr.ToolBox.Core.Tests.ObjectUtilsTest.IsAllNull_WithAllNull_ShouldReturnTrue" />
    </UnitTest>
    <UnitTest name="Nzr.ToolBox.Core.Tests.StringUtilsTest.GetFirstNonBlank_WithOnlyEmptyString_ShouldReturnNull" storage="c:\workspace\personal\nzr.toolbox\dotnet\nzr.toolbox.core.tests\bin\debug\netcoreapp2.2\nzr.toolbox.core.tests.dll" id="017f2681-1481-dbaa-ea0e-6a10d0c9b02d">
      <Execution id="104b82c0-6c47-45a3-aff4-a28840882d01" />
      <TestMethod codeBase="C:\workspace\personal\Nzr.ToolBox\dotnet\Nzr.ToolBox.Core.Tests\bin\Debug\netcoreapp2.2\Nzr.ToolBox.Core.Tests.dll" adapterTypeName="executor://xunit/VsTestRunner2/netcoreapp" className="Nzr.ToolBox.Core.Tests.StringUtilsTest" name="Nzr.ToolBox.Core.Tests.StringUtilsTest.GetFirstNonBlank_WithOnlyEmptyString_ShouldReturnNull" />
    </UnitTest>
    <UnitTest name="Nzr.ToolBox.Core.Tests.StringUtilsTest.DescribeIfNone_WithBlank_ShouldReturnBlankString" storage="c:\workspace\personal\nzr.toolbox\dotnet\nzr.toolbox.core.tests\bin\debug\netcoreapp2.2\nzr.toolbox.core.tests.dll" id="38aa400d-53ce-7d63-25db-acb1a6beac35">
      <Execution id="ff7561b1-c83d-496e-95ba-37b42c031e18" />
      <TestMethod codeBase="C:\workspace\personal\Nzr.ToolBox\dotnet\Nzr.ToolBox.Core.Tests\bin\Debug\netcoreapp2.2\Nzr.ToolBox.Core.Tests.dll" adapterTypeName="executor://xunit/VsTestRunner2/netcoreapp" className="Nzr.ToolBox.Core.Tests.StringUtilsTest" name="Nzr.ToolBox.Core.Tests.StringUtilsTest.DescribeIfNone_WithBlank_ShouldReturnBlankString" />
    </UnitTest>
    <UnitTest name="Nzr.ToolBox.Core.Tests.StringUtilsTest.IsAllBlank_WithNullOrBlankStrings_ShouldReturnTrue" storage="c:\workspace\personal\nzr.toolbox\dotnet\nzr.toolbox.core.tests\bin\debug\netcoreapp2.2\nzr.toolbox.core.tests.dll" id="f66c2c72-8186-4752-6374-d287cc46a9fe">
      <Execution id="9a6e8107-7c13-4b87-ba11-805321255e1e" />
      <TestMethod codeBase="C:\workspace\personal\Nzr.ToolBox\dotnet\Nzr.ToolBox.Core.Tests\bin\Debug\netcoreapp2.2\Nzr.ToolBox.Core.Tests.dll" adapterTypeName="executor://xunit/VsTestRunner2/netcoreapp" className="Nzr.ToolBox.Core.Tests.StringUtilsTest" name="Nzr.ToolBox.Core.Tests.StringUtilsTest.IsAllBlank_WithNullOrBlankStrings_ShouldReturnTrue" />
    </UnitTest>
    <UnitTest name="Nzr.ToolBox.Core.Tests.StringUtilsTest.IsAllEmpty_WithNullOrEmptyStrings_ShouldReturnTrue" storage="c:\workspace\personal\nzr.toolbox\dotnet\nzr.toolbox.core.tests\bin\debug\netcoreapp2.2\nzr.toolbox.core.tests.dll" id="4fc60e12-0185-2c5a-0a5f-4321c6a89099">
      <Execution id="a59b8f6a-bd4a-476d-a707-4a4e401e839a" />
      <TestMethod codeBase="C:\workspace\personal\Nzr.ToolBox\dotnet\Nzr.ToolBox.Core.Tests\bin\Debug\netcoreapp2.2\Nzr.ToolBox.Core.Tests.dll" adapterTypeName="executor://xunit/VsTestRunner2/netcoreapp" className="Nzr.ToolBox.Core.Tests.StringUtilsTest" name="Nzr.ToolBox.Core.Tests.StringUtilsTest.IsAllEmpty_WithNullOrEmptyStrings_ShouldReturnTrue" />
    </UnitTest>
    <UnitTest name="Nzr.ToolBox.Core.Tests.StringUtilsTest.IsEmpty_WithBlankString_ShouldReturnFalse" storage="c:\workspace\personal\nzr.toolbox\dotnet\nzr.toolbox.core.tests\bin\debug\netcoreapp2.2\nzr.toolbox.core.tests.dll" id="ccc6233d-7912-eee3-5bd9-e05a73d46c3c">
      <Execution id="818e44d4-9c27-47e1-9400-c6624c80f591" />
      <TestMethod codeBase="C:\workspace\personal\Nzr.ToolBox\dotnet\Nzr.ToolBox.Core.Tests\bin\Debug\netcoreapp2.2\Nzr.ToolBox.Core.Tests.dll" adapterTypeName="executor://xunit/VsTestRunner2/netcoreapp" className="Nzr.ToolBox.Core.Tests.StringUtilsTest" name="Nzr.ToolBox.Core.Tests.StringUtilsTest.IsEmpty_WithBlankString_ShouldReturnFalse" />
    </UnitTest>
    <UnitTest name="Nzr.ToolBox.Core.Tests.CollectionUtilsTests.ForEach_WithListShouldExecuteAction" storage="c:\workspace\personal\nzr.toolbox\dotnet\nzr.toolbox.core.tests\bin\debug\netcoreapp2.2\nzr.toolbox.core.tests.dll" id="ad73f531-a70f-2b35-d829-18840eb4161e">
      <Execution id="324e07be-e583-4a04-892d-88819b30172d" />
      <TestMethod codeBase="C:\workspace\personal\Nzr.ToolBox\dotnet\Nzr.ToolBox.Core.Tests\bin\Debug\netcoreapp2.2\Nzr.ToolBox.Core.Tests.dll" adapterTypeName="executor://xunit/VsTestRunner2/netcoreapp" className="Nzr.ToolBox.Core.Tests.CollectionUtilsTests" name="Nzr.ToolBox.Core.Tests.CollectionUtilsTests.ForEach_WithListShouldExecuteAction" />
    </UnitTest>
    <UnitTest name="Nzr.ToolBox.Core.Tests.StringUtilsTest.Prefix_WithExistingPrefix_ShouldNotAddPrefix" storage="c:\workspace\personal\nzr.toolbox\dotnet\nzr.toolbox.core.tests\bin\debug\netcoreapp2.2\nzr.toolbox.core.tests.dll" id="011a8669-96b9-3bc3-27c4-fe49bafbe5b9">
      <Execution id="7ce7cb7a-f66b-452e-8ce4-8e73e3838357" />
      <TestMethod codeBase="C:\workspace\personal\Nzr.ToolBox\dotnet\Nzr.ToolBox.Core.Tests\bin\Debug\netcoreapp2.2\Nzr.ToolBox.Core.Tests.dll" adapterTypeName="executor://xunit/VsTestRunner2/netcoreapp" className="Nzr.ToolBox.Core.Tests.StringUtilsTest" name="Nzr.ToolBox.Core.Tests.StringUtilsTest.Prefix_WithExistingPrefix_ShouldNotAddPrefix" />
    </UnitTest>
    <UnitTest name="Nzr.ToolBox.Core.Tests.StringUtilsTest.ContainsNone_WithStringContainingOneOfSubstring_ShouldReturnFalse" storage="c:\workspace\personal\nzr.toolbox\dotnet\nzr.toolbox.core.tests\bin\debug\netcoreapp2.2\nzr.toolbox.core.tests.dll" id="50f24cab-68bb-0a36-1c30-0ae9a001fb12">
      <Execution id="2b005ead-ed2d-464b-b062-d53c6a1a7400" />
      <TestMethod codeBase="C:\workspace\personal\Nzr.ToolBox\dotnet\Nzr.ToolBox.Core.Tests\bin\Debug\netcoreapp2.2\Nzr.ToolBox.Core.Tests.dll" adapterTypeName="executor://xunit/VsTestRunner2/netcoreapp" className="Nzr.ToolBox.Core.Tests.StringUtilsTest" name="Nzr.ToolBox.Core.Tests.StringUtilsTest.ContainsNone_WithStringContainingOneOfSubstring_ShouldReturnFalse" />
    </UnitTest>
    <UnitTest name="Nzr.ToolBox.Core.Tests.ObjectUtilsTest.RequireNonNull_WithNullWitCustomMessage_ShouldThrowExcetpionWithCustomMessage" storage="c:\workspace\personal\nzr.toolbox\dotnet\nzr.toolbox.core.tests\bin\debug\netcoreapp2.2\nzr.toolbox.core.tests.dll" id="bd59e0c8-65f6-24f7-250c-df15260ab31a">
      <Execution id="75ea0aac-2149-4d62-94e1-40a6e012026c" />
      <TestMethod codeBase="C:\workspace\personal\Nzr.ToolBox\dotnet\Nzr.ToolBox.Core.Tests\bin\Debug\netcoreapp2.2\Nzr.ToolBox.Core.Tests.dll" adapterTypeName="executor://xunit/VsTestRunner2/netcoreapp" className="Nzr.ToolBox.Core.Tests.ObjectUtilsTest" name="Nzr.ToolBox.Core.Tests.ObjectUtilsTest.RequireNonNull_WithNullWitCustomMessage_ShouldThrowExcetpionWithCustomMessage" />
    </UnitTest>
    <UnitTest name="Nzr.ToolBox.Core.Tests.StringUtilsTest.IsNotNumber_WithNull_ShouldReturnTrue" storage="c:\workspace\personal\nzr.toolbox\dotnet\nzr.toolbox.core.tests\bin\debug\netcoreapp2.2\nzr.toolbox.core.tests.dll" id="eb0227c1-b25a-b6ec-c3b3-242fa974349b">
      <Execution id="be21d837-1b69-406a-b9ad-ab7248256421" />
      <TestMethod codeBase="C:\workspace\personal\Nzr.ToolBox\dotnet\Nzr.ToolBox.Core.Tests\bin\Debug\netcoreapp2.2\Nzr.ToolBox.Core.Tests.dll" adapterTypeName="executor://xunit/VsTestRunner2/netcoreapp" className="Nzr.ToolBox.Core.Tests.StringUtilsTest" name="Nzr.ToolBox.Core.Tests.StringUtilsTest.IsNotNumber_WithNull_ShouldReturnTrue" />
    </UnitTest>
    <UnitTest name="Nzr.ToolBox.Core.Tests.RandomUtilsTest.RandomLong_ShouldReturnUniqueValues(iterations: 10000, seed: null)" storage="c:\workspace\personal\nzr.toolbox\dotnet\nzr.toolbox.core.tests\bin\debug\netcoreapp2.2\nzr.toolbox.core.tests.dll" id="7e9381b8-1011-a83d-71c0-1a4700f44a6a">
      <Execution id="45619734-7371-4b36-ba64-374972fd769c" />
      <TestMethod codeBase="C:\workspace\personal\Nzr.ToolBox\dotnet\Nzr.ToolBox.Core.Tests\bin\Debug\netcoreapp2.2\Nzr.ToolBox.Core.Tests.dll" adapterTypeName="executor://xunit/VsTestRunner2/netcoreapp" className="Nzr.ToolBox.Core.Tests.RandomUtilsTest" name="Nzr.ToolBox.Core.Tests.RandomUtilsTest.RandomLong_ShouldReturnUniqueValues(iterations: 10000, seed: null)" />
    </UnitTest>
    <UnitTest name="Nzr.ToolBox.Core.Tests.BooleanUtilsTests.IsAllTrue_WithOneFalseValue_ShouldReturnFalse" storage="c:\workspace\personal\nzr.toolbox\dotnet\nzr.toolbox.core.tests\bin\debug\netcoreapp2.2\nzr.toolbox.core.tests.dll" id="4d473892-3743-8866-0d73-fc4fe78c5f0e">
      <Execution id="669e2374-2a69-4fc6-9249-bc36f2a2860b" />
      <TestMethod codeBase="C:\workspace\personal\Nzr.ToolBox\dotnet\Nzr.ToolBox.Core.Tests\bin\Debug\netcoreapp2.2\Nzr.ToolBox.Core.Tests.dll" adapterTypeName="executor://xunit/VsTestRunner2/netcoreapp" className="Nzr.ToolBox.Core.Tests.BooleanUtilsTests" name="Nzr.ToolBox.Core.Tests.BooleanUtilsTests.IsAllTrue_WithOneFalseValue_ShouldReturnFalse" />
    </UnitTest>
    <UnitTest name="Nzr.ToolBox.Core.Tests.CollectionUtilsTests.IsEmpty_WithEmpty_ShouldReturnTrue" storage="c:\workspace\personal\nzr.toolbox\dotnet\nzr.toolbox.core.tests\bin\debug\netcoreapp2.2\nzr.toolbox.core.tests.dll" id="8b06dbf8-2d8a-5226-9011-d08c484cab2f">
      <Execution id="abf3e5a7-eae9-45bf-a2c1-76efc3daff45" />
      <TestMethod codeBase="C:\workspace\personal\Nzr.ToolBox\dotnet\Nzr.ToolBox.Core.Tests\bin\Debug\netcoreapp2.2\Nzr.ToolBox.Core.Tests.dll" adapterTypeName="executor://xunit/VsTestRunner2/netcoreapp" className="Nzr.ToolBox.Core.Tests.CollectionUtilsTests" name="Nzr.ToolBox.Core.Tests.CollectionUtilsTests.IsEmpty_WithEmpty_ShouldReturnTrue" />
    </UnitTest>
    <UnitTest name="Nzr.ToolBox.Core.Tests.StringUtilsTest.RemoveDiacritics_WithNull_ShouldReturnNull" storage="c:\workspace\personal\nzr.toolbox\dotnet\nzr.toolbox.core.tests\bin\debug\netcoreapp2.2\nzr.toolbox.core.tests.dll" id="23dfed38-6ff8-abe4-082e-3fdb4476dc12">
      <Execution id="476b9e77-b9bf-4e40-83bc-1e163db668ef" />
      <TestMethod codeBase="C:\workspace\personal\Nzr.ToolBox\dotnet\Nzr.ToolBox.Core.Tests\bin\Debug\netcoreapp2.2\Nzr.ToolBox.Core.Tests.dll" adapterTypeName="executor://xunit/VsTestRunner2/netcoreapp" className="Nzr.ToolBox.Core.Tests.StringUtilsTest" name="Nzr.ToolBox.Core.Tests.StringUtilsTest.RemoveDiacritics_WithNull_ShouldReturnNull" />
    </UnitTest>
    <UnitTest name="Nzr.ToolBox.Core.Tests.StringUtilsTest.IsAllEmpty_WithOneNonEmpty_ShouldReturnFalse" storage="c:\workspace\personal\nzr.toolbox\dotnet\nzr.toolbox.core.tests\bin\debug\netcoreapp2.2\nzr.toolbox.core.tests.dll" id="1c25c6c6-b1fb-4092-255b-2ef33baa6d85">
      <Execution id="01b77307-d11c-486b-bd33-9dc14d5046f3" />
      <TestMethod codeBase="C:\workspace\personal\Nzr.ToolBox\dotnet\Nzr.ToolBox.Core.Tests\bin\Debug\netcoreapp2.2\Nzr.ToolBox.Core.Tests.dll" adapterTypeName="executor://xunit/VsTestRunner2/netcoreapp" className="Nzr.ToolBox.Core.Tests.StringUtilsTest" name="Nzr.ToolBox.Core.Tests.StringUtilsTest.IsAllEmpty_WithOneNonEmpty_ShouldReturnFalse" />
    </UnitTest>
    <UnitTest name="Nzr.ToolBox.Core.Tests.CollectionUtilsTests.ContainsAny_WithEnumerableAndSomeOfOtherElements_ShouldReturnTrue" storage="c:\workspace\personal\nzr.toolbox\dotnet\nzr.toolbox.core.tests\bin\debug\netcoreapp2.2\nzr.toolbox.core.tests.dll" id="2821175c-220a-922a-c241-441509e8a4e0">
      <Execution id="cacd0f5f-3288-4375-834f-01381794204b" />
      <TestMethod codeBase="C:\workspace\personal\Nzr.ToolBox\dotnet\Nzr.ToolBox.Core.Tests\bin\Debug\netcoreapp2.2\Nzr.ToolBox.Core.Tests.dll" adapterTypeName="executor://xunit/VsTestRunner2/netcoreapp" className="Nzr.ToolBox.Core.Tests.CollectionUtilsTests" name="Nzr.ToolBox.Core.Tests.CollectionUtilsTests.ContainsAny_WithEnumerableAndSomeOfOtherElements_ShouldReturnTrue" />
    </UnitTest>
    <UnitTest name="Nzr.ToolBox.Core.Tests.StringUtilsTest.Suffix_WithExistingSuffixAndOverride_ShouldAddSuffix" storage="c:\workspace\personal\nzr.toolbox\dotnet\nzr.toolbox.core.tests\bin\debug\netcoreapp2.2\nzr.toolbox.core.tests.dll" id="b634ef42-9b28-3107-af12-f47c9a5062cb">
      <Execution id="634cf336-6ec6-4568-bd15-f8c084b83533" />
      <TestMethod codeBase="C:\workspace\personal\Nzr.ToolBox\dotnet\Nzr.ToolBox.Core.Tests\bin\Debug\netcoreapp2.2\Nzr.ToolBox.Core.Tests.dll" adapterTypeName="executor://xunit/VsTestRunner2/netcoreapp" className="Nzr.ToolBox.Core.Tests.StringUtilsTest" name="Nzr.ToolBox.Core.Tests.StringUtilsTest.Suffix_WithExistingSuffixAndOverride_ShouldAddSuffix" />
    </UnitTest>
    <UnitTest name="Nzr.ToolBox.Core.Tests.RandomUtilsTest.RandomInt_ShouldReturnUniqueValues(iterations: 10000, seed: null)" storage="c:\workspace\personal\nzr.toolbox\dotnet\nzr.toolbox.core.tests\bin\debug\netcoreapp2.2\nzr.toolbox.core.tests.dll" id="d1e50dfe-89f9-2e1e-ee5f-3ce8755a7d24">
      <Execution id="f30587e1-e55a-4177-837b-7df70226c944" />
      <TestMethod codeBase="C:\workspace\personal\Nzr.ToolBox\dotnet\Nzr.ToolBox.Core.Tests\bin\Debug\netcoreapp2.2\Nzr.ToolBox.Core.Tests.dll" adapterTypeName="executor://xunit/VsTestRunner2/netcoreapp" className="Nzr.ToolBox.Core.Tests.RandomUtilsTest" name="Nzr.ToolBox.Core.Tests.RandomUtilsTest.RandomInt_ShouldReturnUniqueValues(iterations: 10000, seed: null)" />
    </UnitTest>
    <UnitTest name="Nzr.ToolBox.Core.Tests.RandomUtilsTest.RandomFloat_ShouldReturnUniqueValues(iterations: 10000, seed: null)" storage="c:\workspace\personal\nzr.toolbox\dotnet\nzr.toolbox.core.tests\bin\debug\netcoreapp2.2\nzr.toolbox.core.tests.dll" id="f473e635-7655-edd1-44e6-2fcea27cde20">
      <Execution id="fe29f3e0-04f3-4d87-975f-59f40ad11e73" />
      <TestMethod codeBase="C:\workspace\personal\Nzr.ToolBox\dotnet\Nzr.ToolBox.Core.Tests\bin\Debug\netcoreapp2.2\Nzr.ToolBox.Core.Tests.dll" adapterTypeName="executor://xunit/VsTestRunner2/netcoreapp" className="Nzr.ToolBox.Core.Tests.RandomUtilsTest" name="Nzr.ToolBox.Core.Tests.RandomUtilsTest.RandomFloat_ShouldReturnUniqueValues(iterations: 10000, seed: null)" />
    </UnitTest>
    <UnitTest name="Nzr.ToolBox.Core.Tests.StringUtilsTest.IsNotBlank_WithBlankString_ShouldReturnTrue" storage="c:\workspace\personal\nzr.toolbox\dotnet\nzr.toolbox.core.tests\bin\debug\netcoreapp2.2\nzr.toolbox.core.tests.dll" id="b334286c-9c15-1dd5-c77e-1b9fe030040e">
      <Execution id="29e83fb5-3af8-42be-ae22-cb7d17ad61cf" />
      <TestMethod codeBase="C:\workspace\personal\Nzr.ToolBox\dotnet\Nzr.ToolBox.Core.Tests\bin\Debug\netcoreapp2.2\Nzr.ToolBox.Core.Tests.dll" adapterTypeName="executor://xunit/VsTestRunner2/netcoreapp" className="Nzr.ToolBox.Core.Tests.StringUtilsTest" name="Nzr.ToolBox.Core.Tests.StringUtilsTest.IsNotBlank_WithBlankString_ShouldReturnTrue" />
    </UnitTest>
    <UnitTest name="Nzr.ToolBox.Core.Tests.RandomUtilsTest.RandomByte_ShouldReturnUniqueValues(iterations: 255, seed: null)" storage="c:\workspace\personal\nzr.toolbox\dotnet\nzr.toolbox.core.tests\bin\debug\netcoreapp2.2\nzr.toolbox.core.tests.dll" id="efac6178-2331-78d0-58dd-df1f5a698301">
      <Execution id="7e52d6b1-cbb5-4ef6-9012-58a47c4696db" />
      <TestMethod codeBase="C:\workspace\personal\Nzr.ToolBox\dotnet\Nzr.ToolBox.Core.Tests\bin\Debug\netcoreapp2.2\Nzr.ToolBox.Core.Tests.dll" adapterTypeName="executor://xunit/VsTestRunner2/netcoreapp" className="Nzr.ToolBox.Core.Tests.RandomUtilsTest" name="Nzr.ToolBox.Core.Tests.RandomUtilsTest.RandomByte_ShouldReturnUniqueValues(iterations: 255, seed: null)" />
    </UnitTest>
    <UnitTest name="Nzr.ToolBox.Core.Tests.StringUtilsTest.IsBlank_WithNullString_ShouldReturnTrue" storage="c:\workspace\personal\nzr.toolbox\dotnet\nzr.toolbox.core.tests\bin\debug\netcoreapp2.2\nzr.toolbox.core.tests.dll" id="f037f0e5-645a-5ce7-bffe-ad45531b131d">
      <Execution id="6874fe8a-27ba-4175-b93b-ac3dfcbea98e" />
      <TestMethod codeBase="C:\workspace\personal\Nzr.ToolBox\dotnet\Nzr.ToolBox.Core.Tests\bin\Debug\netcoreapp2.2\Nzr.ToolBox.Core.Tests.dll" adapterTypeName="executor://xunit/VsTestRunner2/netcoreapp" className="Nzr.ToolBox.Core.Tests.StringUtilsTest" name="Nzr.ToolBox.Core.Tests.StringUtilsTest.IsBlank_WithNullString_ShouldReturnTrue" />
    </UnitTest>
    <UnitTest name="Nzr.ToolBox.Core.Tests.BooleanUtilsTests.ToBool_WithNonPositiveString_ShouldReturnFalse(value: &quot;&quot;)" storage="c:\workspace\personal\nzr.toolbox\dotnet\nzr.toolbox.core.tests\bin\debug\netcoreapp2.2\nzr.toolbox.core.tests.dll" id="f35f6eae-a2f2-9704-db53-5b689fdd1bea">
      <Execution id="1fff558f-180e-4b71-bd63-15cb6d1853f6" />
      <TestMethod codeBase="C:\workspace\personal\Nzr.ToolBox\dotnet\Nzr.ToolBox.Core.Tests\bin\Debug\netcoreapp2.2\Nzr.ToolBox.Core.Tests.dll" adapterTypeName="executor://xunit/VsTestRunner2/netcoreapp" className="Nzr.ToolBox.Core.Tests.BooleanUtilsTests" name="Nzr.ToolBox.Core.Tests.BooleanUtilsTests.ToBool_WithNonPositiveString_ShouldReturnFalse(value: &quot;&quot;)" />
    </UnitTest>
    <UnitTest name="Nzr.ToolBox.Core.Tests.StringUtilsTest.DefaultIfBlank_WitEmptyString_ShouldReturnDefault" storage="c:\workspace\personal\nzr.toolbox\dotnet\nzr.toolbox.core.tests\bin\debug\netcoreapp2.2\nzr.toolbox.core.tests.dll" id="a412f5de-b33e-e409-c4ae-50c16bfae988">
      <Execution id="0c1667d8-6196-4fe9-879c-94f8577c36f3" />
      <TestMethod codeBase="C:\workspace\personal\Nzr.ToolBox\dotnet\Nzr.ToolBox.Core.Tests\bin\Debug\netcoreapp2.2\Nzr.ToolBox.Core.Tests.dll" adapterTypeName="executor://xunit/VsTestRunner2/netcoreapp" className="Nzr.ToolBox.Core.Tests.StringUtilsTest" name="Nzr.ToolBox.Core.Tests.StringUtilsTest.DefaultIfBlank_WitEmptyString_ShouldReturnDefault" />
    </UnitTest>
    <UnitTest name="Nzr.ToolBox.Core.Tests.CollectionUtilsTests.ForEach_WithGenericListShouldExecuteAction" storage="c:\workspace\personal\nzr.toolbox\dotnet\nzr.toolbox.core.tests\bin\debug\netcoreapp2.2\nzr.toolbox.core.tests.dll" id="a85f6fed-6f24-b910-6c5f-fe970f162f22">
      <Execution id="bc08ac61-3c5c-4255-a26f-9af0f17dd548" />
      <TestMethod codeBase="C:\workspace\personal\Nzr.ToolBox\dotnet\Nzr.ToolBox.Core.Tests\bin\Debug\netcoreapp2.2\Nzr.ToolBox.Core.Tests.dll" adapterTypeName="executor://xunit/VsTestRunner2/netcoreapp" className="Nzr.ToolBox.Core.Tests.CollectionUtilsTests" name="Nzr.ToolBox.Core.Tests.CollectionUtilsTests.ForEach_WithGenericListShouldExecuteAction" />
    </UnitTest>
    <UnitTest name="Nzr.ToolBox.Core.Tests.StringUtilsTest.IsNumber_WithNumeric_ShouldReturnTrue" storage="c:\workspace\personal\nzr.toolbox\dotnet\nzr.toolbox.core.tests\bin\debug\netcoreapp2.2\nzr.toolbox.core.tests.dll" id="5242f9b9-ee1f-923c-f0c3-d5fb3e0359c6">
      <Execution id="35af9891-3f3c-4ed8-9baa-9d60629ae76e" />
      <TestMethod codeBase="C:\workspace\personal\Nzr.ToolBox\dotnet\Nzr.ToolBox.Core.Tests\bin\Debug\netcoreapp2.2\Nzr.ToolBox.Core.Tests.dll" adapterTypeName="executor://xunit/VsTestRunner2/netcoreapp" className="Nzr.ToolBox.Core.Tests.StringUtilsTest" name="Nzr.ToolBox.Core.Tests.StringUtilsTest.IsNumber_WithNumeric_ShouldReturnTrue" />
    </UnitTest>
    <UnitTest name="Nzr.ToolBox.Core.Tests.StringUtilsTest.Suffix_WithNonExistingSuffix_ShouldAddSuffix" storage="c:\workspace\personal\nzr.toolbox\dotnet\nzr.toolbox.core.tests\bin\debug\netcoreapp2.2\nzr.toolbox.core.tests.dll" id="c7cdf179-33e4-784c-82e2-b5da92e111f8">
      <Execution id="c726e792-bbe7-4935-9bf3-3137921a6a9b" />
      <TestMethod codeBase="C:\workspace\personal\Nzr.ToolBox\dotnet\Nzr.ToolBox.Core.Tests\bin\Debug\netcoreapp2.2\Nzr.ToolBox.Core.Tests.dll" adapterTypeName="executor://xunit/VsTestRunner2/netcoreapp" className="Nzr.ToolBox.Core.Tests.StringUtilsTest" name="Nzr.ToolBox.Core.Tests.StringUtilsTest.Suffix_WithNonExistingSuffix_ShouldAddSuffix" />
    </UnitTest>
    <UnitTest name="Nzr.ToolBox.Core.Tests.StringUtilsTest.IsAllBlank_WithNullStrings_ShouldReturnTrue" storage="c:\workspace\personal\nzr.toolbox\dotnet\nzr.toolbox.core.tests\bin\debug\netcoreapp2.2\nzr.toolbox.core.tests.dll" id="7d18c862-cf05-abcb-0928-990c2f1e2fc6">
      <Execution id="16331ac7-d17b-4afb-80a8-f6a04d968d39" />
      <TestMethod codeBase="C:\workspace\personal\Nzr.ToolBox\dotnet\Nzr.ToolBox.Core.Tests\bin\Debug\netcoreapp2.2\Nzr.ToolBox.Core.Tests.dll" adapterTypeName="executor://xunit/VsTestRunner2/netcoreapp" className="Nzr.ToolBox.Core.Tests.StringUtilsTest" name="Nzr.ToolBox.Core.Tests.StringUtilsTest.IsAllBlank_WithNullStrings_ShouldReturnTrue" />
    </UnitTest>
  </TestDefinitions>
  <TestEntries>
    <TestEntry testId="f66c2c72-8186-4752-6374-d287cc46a9fe" executionId="9a6e8107-7c13-4b87-ba11-805321255e1e" testListId="8c84fa94-04c1-424b-9868-57a2d4851a1d" />
    <TestEntry testId="9d1fdad2-86cb-58a0-0255-a31c1f4f628b" executionId="32257e80-9a42-4c0c-9eff-599b77ea9103" testListId="8c84fa94-04c1-424b-9868-57a2d4851a1d" />
    <TestEntry testId="dac9dc92-a823-6cea-bf4c-1b3253c3dca3" executionId="00423fdc-9984-4104-bb32-e98b3ba3b99c" testListId="8c84fa94-04c1-424b-9868-57a2d4851a1d" />
    <TestEntry testId="0895ad80-dce9-06a7-5602-3c72da5f8da6" executionId="d7143507-4e3a-405c-b5ac-03ba933e2ef1" testListId="8c84fa94-04c1-424b-9868-57a2d4851a1d" />
    <TestEntry testId="0f0fd9c4-310b-8f5e-8547-15872b5cb4b0" executionId="13c5e13f-447b-4d96-8b33-d1fa00baf232" testListId="8c84fa94-04c1-424b-9868-57a2d4851a1d" />
    <TestEntry testId="ef1d6b74-13c8-dcd2-26ac-7f5ae1d5273c" executionId="8bec3549-88fc-4c8f-a2be-077d5a4e0ac0" testListId="8c84fa94-04c1-424b-9868-57a2d4851a1d" />
    <TestEntry testId="266b6884-84e9-585c-ee2b-eff743317cdb" executionId="262177f6-75ab-4ce3-81aa-eaf8876a663e" testListId="8c84fa94-04c1-424b-9868-57a2d4851a1d" />
    <TestEntry testId="8851b8ca-4481-2bea-be87-f6ae65909b6d" executionId="741c4a32-4dd1-4609-b80e-2cbcb10fe8fa" testListId="8c84fa94-04c1-424b-9868-57a2d4851a1d" />
    <TestEntry testId="f69da90d-10ac-e902-c8cf-752cc6502d57" executionId="0fc9b21c-97d1-4eb3-b438-e95c12c61596" testListId="8c84fa94-04c1-424b-9868-57a2d4851a1d" />
    <TestEntry testId="ccffac2f-6628-9393-88cb-889ebe715882" executionId="b539a9ee-ccb4-4dce-a752-ac09c4b09fe6" testListId="8c84fa94-04c1-424b-9868-57a2d4851a1d" />
    <TestEntry testId="3b3f03b2-7036-9975-1ea0-fbee6b6a40d0" executionId="32af74a0-ac46-443f-9dce-f01cb56636fd" testListId="8c84fa94-04c1-424b-9868-57a2d4851a1d" />
    <TestEntry testId="a57e4f15-3c8a-cc65-2059-f1f5f83c9ba5" executionId="bdb104a1-17ba-4469-9ad6-0dab91309692" testListId="8c84fa94-04c1-424b-9868-57a2d4851a1d" />
    <TestEntry testId="af6775fd-d269-907e-4174-20941ea53792" executionId="cecb6f5e-c255-4add-9b7a-f017814a733e" testListId="8c84fa94-04c1-424b-9868-57a2d4851a1d" />
    <TestEntry testId="ef8414b8-93fc-9937-7131-0c62836c71c1" executionId="85fbe06b-49e9-4a6d-8a45-19c422574d4b" testListId="8c84fa94-04c1-424b-9868-57a2d4851a1d" />
    <TestEntry testId="10c60c49-fc34-a570-7e27-f72cbc125676" executionId="a1434d99-8d21-4cbb-a0d5-9d852bc420ea" testListId="8c84fa94-04c1-424b-9868-57a2d4851a1d" />
    <TestEntry testId="19186bcb-3af3-b5ce-1c9e-381f7e643b61" executionId="8411cb4a-89fa-471f-be02-88c6f9aa0fb8" testListId="8c84fa94-04c1-424b-9868-57a2d4851a1d" />
    <TestEntry testId="b950fa42-ed92-dfa2-1b7a-99f41db426b6" executionId="3ef66ee1-8d5e-4732-8d4a-2f3e595b2e3b" testListId="8c84fa94-04c1-424b-9868-57a2d4851a1d" />
    <TestEntry testId="ef1cb9b1-5ade-bdda-d597-f65de556664c" executionId="4c238f58-5f8c-4eae-bf82-b5d6aa26a5a2" testListId="8c84fa94-04c1-424b-9868-57a2d4851a1d" />
    <TestEntry testId="06062712-a9f6-15e0-bf35-38dc901029e7" executionId="e636bc75-288d-4c7c-b6a6-f603f12b3ea8" testListId="8c84fa94-04c1-424b-9868-57a2d4851a1d" />
    <TestEntry testId="1d7cc1dd-bfaa-4d32-a622-84b65b12bf5d" executionId="19fe0302-4d6b-43e1-882a-613443d9ce60" testListId="8c84fa94-04c1-424b-9868-57a2d4851a1d" />
    <TestEntry testId="f35f6eae-a2f2-9704-db53-5b689fdd1bea" executionId="1fff558f-180e-4b71-bd63-15cb6d1853f6" testListId="8c84fa94-04c1-424b-9868-57a2d4851a1d" />
    <TestEntry testId="bd4840b2-65f4-1738-f51a-39c1c1a95ff4" executionId="e5a4e8da-2241-4a7a-974d-044ec0aef929" testListId="8c84fa94-04c1-424b-9868-57a2d4851a1d" />
    <TestEntry testId="ccc6233d-7912-eee3-5bd9-e05a73d46c3c" executionId="818e44d4-9c27-47e1-9400-c6624c80f591" testListId="8c84fa94-04c1-424b-9868-57a2d4851a1d" />
    <TestEntry testId="c5f701a1-fcd5-1f87-4fee-cd5b137b31a8" executionId="2e658261-0a22-4d51-a6e2-e6a949225974" testListId="8c84fa94-04c1-424b-9868-57a2d4851a1d" />
    <TestEntry testId="917e9e48-1d67-c1aa-1b6e-9c13215e36a0" executionId="46cd8778-f95b-4c15-a69a-543f4f66f423" testListId="8c84fa94-04c1-424b-9868-57a2d4851a1d" />
    <TestEntry testId="dec4b2e5-eff9-2a89-8e71-4aef758046da" executionId="f7517359-63be-4354-b75f-7a0a300f3682" testListId="8c84fa94-04c1-424b-9868-57a2d4851a1d" />
    <TestEntry testId="4dcc4c87-6654-099d-1fa3-33b06e586a9e" executionId="4189839b-f908-41dc-aa42-cf76d1ef6deb" testListId="8c84fa94-04c1-424b-9868-57a2d4851a1d" />
    <TestEntry testId="60b85a90-aaf8-7e93-2f6c-9526d81382d3" executionId="88651947-3b31-4797-b1b4-52dd69c666cf" testListId="8c84fa94-04c1-424b-9868-57a2d4851a1d" />
    <TestEntry testId="79e2a514-0ea2-3daf-f0aa-1fc63dbc9aa2" executionId="c42832b6-4840-4d41-ae4e-e821e3620f86" testListId="8c84fa94-04c1-424b-9868-57a2d4851a1d" />
    <TestEntry testId="f97de579-490f-3478-7018-3655f4bebed4" executionId="79b82bf7-99e0-45ca-ab34-2694790be6a0" testListId="8c84fa94-04c1-424b-9868-57a2d4851a1d" />
    <TestEntry testId="011a8669-96b9-3bc3-27c4-fe49bafbe5b9" executionId="7ce7cb7a-f66b-452e-8ce4-8e73e3838357" testListId="8c84fa94-04c1-424b-9868-57a2d4851a1d" />
    <TestEntry testId="6f76a51f-b8cd-e6f5-cb70-61af9779673e" executionId="56ba2f53-6762-4fa5-8d41-217416c601ab" testListId="8c84fa94-04c1-424b-9868-57a2d4851a1d" />
    <TestEntry testId="aa9cc0cb-14c6-ae07-bdfd-bae5f2a9924a" executionId="d8584d28-b21e-4ca0-8b3f-8c6bd50a8195" testListId="8c84fa94-04c1-424b-9868-57a2d4851a1d" />
    <TestEntry testId="2fe27f4d-780b-bc6e-57d1-a34e746519d2" executionId="72d913af-2216-46fe-9428-c828ae60d6a3" testListId="8c84fa94-04c1-424b-9868-57a2d4851a1d" />
    <TestEntry testId="28ef9235-5d17-493e-f387-17901bee93d7" executionId="0886d6dd-72f2-499c-bbbd-d8252191b524" testListId="8c84fa94-04c1-424b-9868-57a2d4851a1d" />
    <TestEntry testId="04deb678-c0aa-afd7-f73a-807625f6aa4a" executionId="d38ffb92-a2e3-499b-a7bb-b7ad6ad63142" testListId="8c84fa94-04c1-424b-9868-57a2d4851a1d" />
    <TestEntry testId="2084ff50-0c57-008d-1c5e-051f3c6d2a19" executionId="c5311635-787e-429f-825d-7b8b5ce6d978" testListId="8c84fa94-04c1-424b-9868-57a2d4851a1d" />
    <TestEntry testId="3ab1d9fd-ee54-2c49-9b7b-7e9dfe78dfc4" executionId="4ebb82aa-22b1-4135-a19e-091ddbdf9a6c" testListId="8c84fa94-04c1-424b-9868-57a2d4851a1d" />
    <TestEntry testId="e621f990-2ff4-53a1-1046-2de89a2122fa" executionId="811e5cc2-7162-40d2-b0c9-1915ff5319b7" testListId="8c84fa94-04c1-424b-9868-57a2d4851a1d" />
    <TestEntry testId="cbba7763-672f-ddfc-9a60-f6df272eaad6" executionId="51be720c-7b04-47f9-80ed-e1d8404ebe87" testListId="8c84fa94-04c1-424b-9868-57a2d4851a1d" />
    <TestEntry testId="c27f5798-ba92-8771-15a7-731f0a36872c" executionId="dad03025-d050-41fd-8774-66510890f700" testListId="8c84fa94-04c1-424b-9868-57a2d4851a1d" />
    <TestEntry testId="4727a2e5-b0ef-54dd-d5b7-4bdc9cbfa65b" executionId="1091a3ee-b5ce-4a80-abf7-6b11628760e7" testListId="8c84fa94-04c1-424b-9868-57a2d4851a1d" />
    <TestEntry testId="e7c5d70f-845a-794e-5db5-61ecf0bcf4a3" executionId="ecefe87c-525d-4648-bb17-538f8c4986c5" testListId="8c84fa94-04c1-424b-9868-57a2d4851a1d" />
    <TestEntry testId="d40c6e0c-b4ac-c82e-a0d9-6e696ff5e301" executionId="22d1c4a1-9bed-426e-9537-670e0bc95c6b" testListId="8c84fa94-04c1-424b-9868-57a2d4851a1d" />
    <TestEntry testId="c7cdf179-33e4-784c-82e2-b5da92e111f8" executionId="c726e792-bbe7-4935-9bf3-3137921a6a9b" testListId="8c84fa94-04c1-424b-9868-57a2d4851a1d" />
    <TestEntry testId="55323239-0a74-748e-14c5-c6ce0fbffcf4" executionId="5d1c9075-13ad-4d66-ae0f-68bed6606955" testListId="8c84fa94-04c1-424b-9868-57a2d4851a1d" />
    <TestEntry testId="265af543-0d1a-56da-e209-7d56a3acc7da" executionId="1fe69097-f652-4ad3-8867-fcfd5f178d88" testListId="8c84fa94-04c1-424b-9868-57a2d4851a1d" />
    <TestEntry testId="e624c53d-a1cf-0c98-22e7-54295ab64bfd" executionId="707ee3a6-76a9-4128-aa9a-801c18ed2d94" testListId="8c84fa94-04c1-424b-9868-57a2d4851a1d" />
    <TestEntry testId="b334286c-9c15-1dd5-c77e-1b9fe030040e" executionId="29e83fb5-3af8-42be-ae22-cb7d17ad61cf" testListId="8c84fa94-04c1-424b-9868-57a2d4851a1d" />
    <TestEntry testId="9395d62a-bb73-ed55-16b7-2f3d5b4afa0d" executionId="29c5376d-d4e9-4a29-9954-6643c546389d" testListId="8c84fa94-04c1-424b-9868-57a2d4851a1d" />
    <TestEntry testId="ad73f531-a70f-2b35-d829-18840eb4161e" executionId="324e07be-e583-4a04-892d-88819b30172d" testListId="8c84fa94-04c1-424b-9868-57a2d4851a1d" />
    <TestEntry testId="a7cd429d-9ea9-105f-832c-f5c0d894de31" executionId="4887e180-9dcb-4adc-84a6-1c180085012e" testListId="8c84fa94-04c1-424b-9868-57a2d4851a1d" />
    <TestEntry testId="b389fce4-9131-dbd6-6cb1-9add0a76b08c" executionId="4c6b0fb7-ef4d-41ed-8620-537833c855c6" testListId="8c84fa94-04c1-424b-9868-57a2d4851a1d" />
    <TestEntry testId="9cb43f95-30da-e6bd-d3fb-74053a6f7143" executionId="607e7614-040b-48bf-9fe2-eacd70fa5d28" testListId="8c84fa94-04c1-424b-9868-57a2d4851a1d" />
    <TestEntry testId="b634ef42-9b28-3107-af12-f47c9a5062cb" executionId="634cf336-6ec6-4568-bd15-f8c084b83533" testListId="8c84fa94-04c1-424b-9868-57a2d4851a1d" />
    <TestEntry testId="31b0f7a4-7814-de1a-ba42-99fccbedaf77" executionId="8bff00a2-dbec-42a3-99ee-78d5f690831b" testListId="8c84fa94-04c1-424b-9868-57a2d4851a1d" />
    <TestEntry testId="621f5184-bf98-2fcc-5c3b-580eeb41f3a6" executionId="a7b9f2ad-b6de-4cbe-aaec-80e6f4ecb5bb" testListId="8c84fa94-04c1-424b-9868-57a2d4851a1d" />
    <TestEntry testId="c068e1c4-6913-d79e-f58c-fd0cdae20144" executionId="fce1533a-a278-4470-96cd-343974331403" testListId="8c84fa94-04c1-424b-9868-57a2d4851a1d" />
    <TestEntry testId="a85f6fed-6f24-b910-6c5f-fe970f162f22" executionId="bc08ac61-3c5c-4255-a26f-9af0f17dd548" testListId="8c84fa94-04c1-424b-9868-57a2d4851a1d" />
    <TestEntry testId="13153add-9bc0-f723-33ce-d424523eb081" executionId="2a8a6e5b-f841-4917-825d-b7fb25416a31" testListId="8c84fa94-04c1-424b-9868-57a2d4851a1d" />
    <TestEntry testId="cdc95a43-d3d9-ea09-2bf0-c5d1cc0a2f68" executionId="91be6657-ba70-4ab0-a335-fa22773db4f7" testListId="8c84fa94-04c1-424b-9868-57a2d4851a1d" />
    <TestEntry testId="dab0ade5-f6da-c40f-8aa3-6cf074bc0e23" executionId="78f891aa-4909-4ef7-ab0b-fc0c94b99739" testListId="8c84fa94-04c1-424b-9868-57a2d4851a1d" />
    <TestEntry testId="e397fe5c-dda2-b97d-97d4-6dd12c3d68a3" executionId="8f9eb0b3-8b06-47a4-bf2b-56adc5cfa5e5" testListId="8c84fa94-04c1-424b-9868-57a2d4851a1d" />
    <TestEntry testId="40b5fac7-b71c-8e77-a229-0b6dd2bc7930" executionId="45776ee1-1536-4d8a-b1d6-d6872df5f3ab" testListId="8c84fa94-04c1-424b-9868-57a2d4851a1d" />
    <TestEntry testId="9a91ff0d-5561-cbe9-f49d-60edb014a514" executionId="17604e90-64fb-4183-9a4a-f783e6e5ace1" testListId="8c84fa94-04c1-424b-9868-57a2d4851a1d" />
    <TestEntry testId="a8873542-1747-c963-22ae-667f3818d7ed" executionId="b0aae8eb-4185-435a-937d-8258537695eb" testListId="8c84fa94-04c1-424b-9868-57a2d4851a1d" />
    <TestEntry testId="67ba80d0-ee46-5ac8-0538-37c6daf3607e" executionId="10dd6499-4cf4-4abb-93bb-397ed32dce44" testListId="8c84fa94-04c1-424b-9868-57a2d4851a1d" />
    <TestEntry testId="121bf750-8420-13ce-91b1-9fde9bf49fc5" executionId="be4cc468-c98f-4030-94cb-b27543527783" testListId="8c84fa94-04c1-424b-9868-57a2d4851a1d" />
    <TestEntry testId="f87c411f-32d8-e0c9-1a61-7c5c01be8af6" executionId="badb0dc6-1ae8-4b05-b168-c1788143b077" testListId="8c84fa94-04c1-424b-9868-57a2d4851a1d" />
    <TestEntry testId="da642cc4-82fe-b6d1-55ca-0b6105cd1909" executionId="57202ff7-7f38-4098-94cd-8219b188520b" testListId="8c84fa94-04c1-424b-9868-57a2d4851a1d" />
    <TestEntry testId="131c3a52-0a16-0ae5-0512-93dbda72ea85" executionId="daec3814-e455-4db5-b6f1-7f19c69b5729" testListId="8c84fa94-04c1-424b-9868-57a2d4851a1d" />
    <TestEntry testId="d2556f65-3778-bd58-eecd-ae6ccb2c7885" executionId="b7bcf709-7a1e-4cbc-9e45-384ee347143f" testListId="8c84fa94-04c1-424b-9868-57a2d4851a1d" />
    <TestEntry testId="236a92cf-3924-1f9e-9e0c-dac1bdd2fdae" executionId="b86168d9-06a6-4a37-8f60-b9dfdc9c976b" testListId="8c84fa94-04c1-424b-9868-57a2d4851a1d" />
    <TestEntry testId="ec3e09c5-8729-567e-bf4a-d5990aad45d6" executionId="70670710-b34c-4c37-ab16-4730d3e125fe" testListId="8c84fa94-04c1-424b-9868-57a2d4851a1d" />
    <TestEntry testId="a412f5de-b33e-e409-c4ae-50c16bfae988" executionId="0c1667d8-6196-4fe9-879c-94f8577c36f3" testListId="8c84fa94-04c1-424b-9868-57a2d4851a1d" />
    <TestEntry testId="8d4c2e72-586a-f338-d7f5-e113d3234b28" executionId="159b13f0-47a3-4a39-9131-11e7addf58cf" testListId="8c84fa94-04c1-424b-9868-57a2d4851a1d" />
    <TestEntry testId="625b6eef-9fde-b5ef-1db7-16257d35bad4" executionId="e5f1d777-4efd-4df5-8d18-4bbd14828d42" testListId="8c84fa94-04c1-424b-9868-57a2d4851a1d" />
    <TestEntry testId="6bf46c1e-b943-b7c7-5a0c-85c17aef903c" executionId="3be60f53-3ad1-4c6c-a92b-713afef63f9a" testListId="8c84fa94-04c1-424b-9868-57a2d4851a1d" />
    <TestEntry testId="fea88c74-eaa4-e751-b2f0-898db2073835" executionId="d56cd6a8-4d81-4eea-9073-d0047f642914" testListId="8c84fa94-04c1-424b-9868-57a2d4851a1d" />
    <TestEntry testId="28e678a0-2d75-ba44-cf85-f12a6e015f2f" executionId="8e6d2250-6f75-43ef-afa1-d5e559e630ce" testListId="8c84fa94-04c1-424b-9868-57a2d4851a1d" />
    <TestEntry testId="4d537f97-5a8f-3fc0-24c7-b07e074344e7" executionId="85355cf6-2db2-4510-b0ba-7c071e865ad0" testListId="8c84fa94-04c1-424b-9868-57a2d4851a1d" />
    <TestEntry testId="d1e50dfe-89f9-2e1e-ee5f-3ce8755a7d24" executionId="f30587e1-e55a-4177-837b-7df70226c944" testListId="8c84fa94-04c1-424b-9868-57a2d4851a1d" />
    <TestEntry testId="61955263-2d18-b04f-1074-d886d947e055" executionId="6fb8d86c-0e38-4372-ae79-3ad6b5a917f8" testListId="8c84fa94-04c1-424b-9868-57a2d4851a1d" />
    <TestEntry testId="82fbae66-d014-68f8-a29c-7a33350f0be4" executionId="cd1fce49-b9cd-4daf-a636-87ec0c187310" testListId="8c84fa94-04c1-424b-9868-57a2d4851a1d" />
    <TestEntry testId="13760aec-c151-d4f0-b168-bf9cab7e1792" executionId="8c70ca33-17e6-4385-a2c7-67869f0c16b8" testListId="8c84fa94-04c1-424b-9868-57a2d4851a1d" />
    <TestEntry testId="4fc60e12-0185-2c5a-0a5f-4321c6a89099" executionId="a59b8f6a-bd4a-476d-a707-4a4e401e839a" testListId="8c84fa94-04c1-424b-9868-57a2d4851a1d" />
    <TestEntry testId="349b454a-4a6b-82e1-71a0-9c64f08b3642" executionId="9c0044a1-c3b5-4388-a608-41f83273d427" testListId="8c84fa94-04c1-424b-9868-57a2d4851a1d" />
    <TestEntry testId="efac6178-2331-78d0-58dd-df1f5a698301" executionId="7e52d6b1-cbb5-4ef6-9012-58a47c4696db" testListId="8c84fa94-04c1-424b-9868-57a2d4851a1d" />
    <TestEntry testId="c4344ebc-44df-a5d3-990c-fd3ab1fb80b1" executionId="59ef9b81-68ae-484f-93da-04c34284a0f4" testListId="8c84fa94-04c1-424b-9868-57a2d4851a1d" />
    <TestEntry testId="5696e255-6884-a5ec-7659-9a5e21d95d2f" executionId="6d09d37d-016a-433c-bd31-8739b1e72b55" testListId="8c84fa94-04c1-424b-9868-57a2d4851a1d" />
    <TestEntry testId="8735994f-5f9e-38e3-dd8d-e45cd5a00faf" executionId="f9c0440d-7188-447d-93ea-da32189c304c" testListId="8c84fa94-04c1-424b-9868-57a2d4851a1d" />
    <TestEntry testId="8b06dbf8-2d8a-5226-9011-d08c484cab2f" executionId="abf3e5a7-eae9-45bf-a2c1-76efc3daff45" testListId="8c84fa94-04c1-424b-9868-57a2d4851a1d" />
    <TestEntry testId="ef3db43b-1e0a-f198-9720-31d80f533fc8" executionId="cd014605-7e67-4801-8837-6dd4a08278db" testListId="8c84fa94-04c1-424b-9868-57a2d4851a1d" />
    <TestEntry testId="7f60703b-ccac-d67a-af2c-d0f5218965ff" executionId="7b38ab52-d2a7-4303-b760-e803f1bc4af0" testListId="8c84fa94-04c1-424b-9868-57a2d4851a1d" />
    <TestEntry testId="6fbbc600-2200-4b3a-d83e-2d0b6029d73a" executionId="674955e8-b2a8-4135-b2eb-0803f02f0e85" testListId="8c84fa94-04c1-424b-9868-57a2d4851a1d" />
    <TestEntry testId="16b669e8-8590-1a4a-5e26-b385242802e4" executionId="5e0417ee-d33c-4c71-8df7-d03ce2fa0e1d" testListId="8c84fa94-04c1-424b-9868-57a2d4851a1d" />
    <TestEntry testId="21d2f5b5-8824-b5dc-5b55-bc862d5c638c" executionId="13dd1e4b-6b76-4766-9208-f25c5056cde7" testListId="8c84fa94-04c1-424b-9868-57a2d4851a1d" />
    <TestEntry testId="3c116de1-cd29-a2eb-b3ef-190f69cec8ec" executionId="d0085ab5-100c-4564-9b66-9d75e91dd91d" testListId="8c84fa94-04c1-424b-9868-57a2d4851a1d" />
    <TestEntry testId="456e732c-388b-f135-86e0-02f4f82041c1" executionId="72d33685-1b3d-4ec4-9ef0-0250555f3779" testListId="8c84fa94-04c1-424b-9868-57a2d4851a1d" />
    <TestEntry testId="86f11f10-11c9-c8c1-f01b-fcc3e3965aaf" executionId="b038e1d2-4df5-4bcd-801d-560a53480389" testListId="8c84fa94-04c1-424b-9868-57a2d4851a1d" />
    <TestEntry testId="de25e89d-7e39-180e-63d8-8a6c03a05fc0" executionId="69ea2134-8fc6-434f-8f6a-acfa4cf149b1" testListId="8c84fa94-04c1-424b-9868-57a2d4851a1d" />
    <TestEntry testId="0f07da2a-afe3-eb2a-982c-c9250d4e2995" executionId="f0cc9434-ad55-484e-8ba2-0852ca45784e" testListId="8c84fa94-04c1-424b-9868-57a2d4851a1d" />
    <TestEntry testId="38aa400d-53ce-7d63-25db-acb1a6beac35" executionId="ff7561b1-c83d-496e-95ba-37b42c031e18" testListId="8c84fa94-04c1-424b-9868-57a2d4851a1d" />
    <TestEntry testId="4e7127f8-744d-1e07-a920-a821e9fe9f93" executionId="d8ee2c15-189b-4a7d-a0b1-dfbc8286c761" testListId="8c84fa94-04c1-424b-9868-57a2d4851a1d" />
    <TestEntry testId="a9c9a902-559f-8aa4-faab-16816a4be232" executionId="5fab9690-458f-4ca3-90db-9ac696369989" testListId="8c84fa94-04c1-424b-9868-57a2d4851a1d" />
    <TestEntry testId="85b4abf3-134f-3845-e5fb-2d701e34abae" executionId="41df78c0-6a61-4e5d-bffa-c96856699b20" testListId="8c84fa94-04c1-424b-9868-57a2d4851a1d" />
    <TestEntry testId="2c201a1d-9f85-d5be-eef4-f589b3eee5e9" executionId="94e472dc-9e8d-43eb-bdae-1af09defb5e1" testListId="8c84fa94-04c1-424b-9868-57a2d4851a1d" />
    <TestEntry testId="222f7168-7e34-cd8e-2834-adc8122c855d" executionId="03aa58df-8965-422d-8a01-527538e602b7" testListId="8c84fa94-04c1-424b-9868-57a2d4851a1d" />
    <TestEntry testId="b39dab9a-0d55-2e3f-5d47-ce0f5ed831f6" executionId="d38ca9b6-3f92-4fe0-9af9-b8a2a7af7942" testListId="8c84fa94-04c1-424b-9868-57a2d4851a1d" />
    <TestEntry testId="d6c18a40-784b-6849-0320-923e0a1eba0e" executionId="f5b86bd8-3144-46c1-a245-c594185595fc" testListId="8c84fa94-04c1-424b-9868-57a2d4851a1d" />
    <TestEntry testId="5242f9b9-ee1f-923c-f0c3-d5fb3e0359c6" executionId="35af9891-3f3c-4ed8-9baa-9d60629ae76e" testListId="8c84fa94-04c1-424b-9868-57a2d4851a1d" />
    <TestEntry testId="9dc87ca8-7c89-25db-241a-e9ae33f8a42e" executionId="0ca30c84-6d14-4d3a-80f1-68c6b7a18c2b" testListId="8c84fa94-04c1-424b-9868-57a2d4851a1d" />
    <TestEntry testId="23dfed38-6ff8-abe4-082e-3fdb4476dc12" executionId="476b9e77-b9bf-4e40-83bc-1e163db668ef" testListId="8c84fa94-04c1-424b-9868-57a2d4851a1d" />
    <TestEntry testId="ea5fb2b5-6f99-ce02-6e35-cef974ce163a" executionId="1bc6f2de-9c05-4af0-b815-dd2019dd37ee" testListId="8c84fa94-04c1-424b-9868-57a2d4851a1d" />
    <TestEntry testId="b292ce2e-5824-fb2a-2909-216dafdf7687" executionId="7bcd206d-9c92-4099-b0e0-7dd42bbb7a56" testListId="8c84fa94-04c1-424b-9868-57a2d4851a1d" />
    <TestEntry testId="39856355-a5fb-aec1-b06d-ff7431c95990" executionId="fa1f0662-514d-4584-9b62-5c78ccb00f7d" testListId="8c84fa94-04c1-424b-9868-57a2d4851a1d" />
    <TestEntry testId="dc5791cb-7903-211e-65c9-770b2ab7868e" executionId="da58bb9f-9030-4db3-b57f-5a846fa09905" testListId="8c84fa94-04c1-424b-9868-57a2d4851a1d" />
    <TestEntry testId="7e9381b8-1011-a83d-71c0-1a4700f44a6a" executionId="45619734-7371-4b36-ba64-374972fd769c" testListId="8c84fa94-04c1-424b-9868-57a2d4851a1d" />
    <TestEntry testId="3c08c190-08d7-dfc9-ae9e-484d70f645bc" executionId="470edc29-98cc-48a0-ba5a-994fc4701d1b" testListId="8c84fa94-04c1-424b-9868-57a2d4851a1d" />
    <TestEntry testId="48caecef-a5fa-613e-d718-f1276bb5ba57" executionId="6238511f-6987-4b41-a736-8f441b9cd2a7" testListId="8c84fa94-04c1-424b-9868-57a2d4851a1d" />
    <TestEntry testId="eacb19b9-5be6-0659-6867-c371141d3e61" executionId="7b8bae5c-2079-47d4-992e-cbfcd4ade82b" testListId="8c84fa94-04c1-424b-9868-57a2d4851a1d" />
    <TestEntry testId="5475939c-162d-472f-4c01-bad02aed5235" executionId="df87d08b-7410-4a7d-8b05-b55a43f5c063" testListId="8c84fa94-04c1-424b-9868-57a2d4851a1d" />
    <TestEntry testId="b89dea80-2b79-97b6-0fdd-76dc58be24ef" executionId="e9dfeafd-93f3-4857-8088-471d3ec011c2" testListId="8c84fa94-04c1-424b-9868-57a2d4851a1d" />
    <TestEntry testId="045fcd17-dfed-1627-66be-e391ac5023f4" executionId="67abdcb7-794e-4c3a-86fd-6ba376329d9a" testListId="8c84fa94-04c1-424b-9868-57a2d4851a1d" />
    <TestEntry testId="0774dc1e-52ca-a68f-3053-17aa689d2f19" executionId="a3926bf2-5f05-4cef-b907-53e7000eb4e4" testListId="8c84fa94-04c1-424b-9868-57a2d4851a1d" />
    <TestEntry testId="aa3a386d-4e0e-5a63-1b9c-2e9bdb13caac" executionId="6a33eba8-3f19-4781-aefc-9ae458d36a0a" testListId="8c84fa94-04c1-424b-9868-57a2d4851a1d" />
    <TestEntry testId="16e225c7-ff41-4d1e-ea8a-a910d30a164b" executionId="b4e7960f-8dee-4b70-850e-1d0ca119f8c5" testListId="8c84fa94-04c1-424b-9868-57a2d4851a1d" />
    <TestEntry testId="605b98ce-b18c-dba8-4c19-a7179b0b35c6" executionId="17f0872b-cfe9-4415-ac09-7aaf535a131d" testListId="8c84fa94-04c1-424b-9868-57a2d4851a1d" />
    <TestEntry testId="8668c16e-2e8c-3717-0d40-dca4b94235b7" executionId="257ea471-502c-4fc6-9b68-ca4374a18d4b" testListId="8c84fa94-04c1-424b-9868-57a2d4851a1d" />
    <TestEntry testId="0ff73cd5-37ec-83b6-cca6-080e829305d1" executionId="34a97d99-df21-4c62-89a0-7777f2b4c76c" testListId="8c84fa94-04c1-424b-9868-57a2d4851a1d" />
    <TestEntry testId="1c25c6c6-b1fb-4092-255b-2ef33baa6d85" executionId="01b77307-d11c-486b-bd33-9dc14d5046f3" testListId="8c84fa94-04c1-424b-9868-57a2d4851a1d" />
    <TestEntry testId="4d473892-3743-8866-0d73-fc4fe78c5f0e" executionId="669e2374-2a69-4fc6-9249-bc36f2a2860b" testListId="8c84fa94-04c1-424b-9868-57a2d4851a1d" />
    <TestEntry testId="7e6b2287-0f2b-eed8-29a1-fa6a6b5f85fd" executionId="90a8e6d6-3baa-412e-8821-27b04bfa3727" testListId="8c84fa94-04c1-424b-9868-57a2d4851a1d" />
    <TestEntry testId="ac4d6dc8-ac9c-ed69-2ea1-c142e3a580cd" executionId="ffe6b378-55f4-4dce-a2b2-f2f2260184ee" testListId="8c84fa94-04c1-424b-9868-57a2d4851a1d" />
    <TestEntry testId="017f2681-1481-dbaa-ea0e-6a10d0c9b02d" executionId="104b82c0-6c47-45a3-aff4-a28840882d01" testListId="8c84fa94-04c1-424b-9868-57a2d4851a1d" />
    <TestEntry testId="45a98e74-dccd-011e-e0c0-d734f1cc5ec4" executionId="eb2ba758-5541-4cb2-a707-c900292eb1af" testListId="8c84fa94-04c1-424b-9868-57a2d4851a1d" />
    <TestEntry testId="f5642f76-0883-ad8b-d556-29e3eb347cee" executionId="8fe0ad58-6a1f-4c7b-9291-ef7af20ff12d" testListId="8c84fa94-04c1-424b-9868-57a2d4851a1d" />
    <TestEntry testId="11236b60-ddaa-8517-7929-26428de182b4" executionId="ab1079f2-e6d9-41fa-9546-7de589c7f3b4" testListId="8c84fa94-04c1-424b-9868-57a2d4851a1d" />
    <TestEntry testId="5062168a-47a4-716c-83cf-4566eb406f51" executionId="5a1c9638-279e-4d1d-8835-fc2c7ae1aa3a" testListId="8c84fa94-04c1-424b-9868-57a2d4851a1d" />
    <TestEntry testId="f473e635-7655-edd1-44e6-2fcea27cde20" executionId="fe29f3e0-04f3-4d87-975f-59f40ad11e73" testListId="8c84fa94-04c1-424b-9868-57a2d4851a1d" />
    <TestEntry testId="78387f85-e5e6-fa65-b4de-446c8486e80c" executionId="cac7581f-256e-433d-9262-bb4403cef7a7" testListId="8c84fa94-04c1-424b-9868-57a2d4851a1d" />
    <TestEntry testId="47f688d2-7bfa-d12d-71a0-9be24af61148" executionId="ac04f513-3e2c-4456-96b9-83493bed559d" testListId="8c84fa94-04c1-424b-9868-57a2d4851a1d" />
    <TestEntry testId="87b56d62-9af1-eead-6483-716ab3bb23e0" executionId="ba23a160-d4d0-48b0-97b8-8ac3b2eb2ded" testListId="8c84fa94-04c1-424b-9868-57a2d4851a1d" />
    <TestEntry testId="f54f88da-7c5b-63a5-454a-c31c248124f8" executionId="a8a4763e-f630-46f5-8dfc-88758254d09d" testListId="8c84fa94-04c1-424b-9868-57a2d4851a1d" />
    <TestEntry testId="4a5c20cb-2c1d-4475-6cd5-7c6e3e33b758" executionId="a6e82b6c-81e1-4164-91a7-17c480471621" testListId="8c84fa94-04c1-424b-9868-57a2d4851a1d" />
    <TestEntry testId="512ec98d-2185-5ebc-b040-4a9df6c7ed1a" executionId="9fe19448-b68a-494a-bc37-1468e5e9e10f" testListId="8c84fa94-04c1-424b-9868-57a2d4851a1d" />
    <TestEntry testId="6b51fd93-cfcb-0aea-d26c-8be65f40eb5a" executionId="46924c42-4c7c-44fe-9c60-782d07ff8ac2" testListId="8c84fa94-04c1-424b-9868-57a2d4851a1d" />
    <TestEntry testId="22bfdebd-96a0-0b21-9eb3-2ebda1d58ee2" executionId="42d86693-3409-407a-8df2-5f7e0f7608c3" testListId="8c84fa94-04c1-424b-9868-57a2d4851a1d" />
    <TestEntry testId="b5c65171-5bde-d993-6882-e95aac21805c" executionId="a205e34e-97ca-4715-9ce7-d71204cc7f8b" testListId="8c84fa94-04c1-424b-9868-57a2d4851a1d" />
    <TestEntry testId="50b7ff87-3945-9d72-59f5-8be54b69e4af" executionId="03dd28f1-9cee-4113-8ae8-488f07e5be92" testListId="8c84fa94-04c1-424b-9868-57a2d4851a1d" />
    <TestEntry testId="244ddabb-e392-9319-5f0f-5351f15a9ac9" executionId="face84fb-5742-4acf-a785-47d8ee1a8039" testListId="8c84fa94-04c1-424b-9868-57a2d4851a1d" />
    <TestEntry testId="bf218aab-52af-cc9e-72e7-0a8ba644e891" executionId="36e11aaa-fd6f-47f4-8ba4-53d2102b1b65" testListId="8c84fa94-04c1-424b-9868-57a2d4851a1d" />
    <TestEntry testId="7846d9ed-3cef-0cbd-2b1f-638be6a96222" executionId="eb5a370e-5f00-4af5-af42-a4b244d78a7d" testListId="8c84fa94-04c1-424b-9868-57a2d4851a1d" />
    <TestEntry testId="44eff8ca-e64d-d8d4-6361-cfa3c75ede11" executionId="da06e5ba-9f3a-4ba9-a098-c053943f31dc" testListId="8c84fa94-04c1-424b-9868-57a2d4851a1d" />
    <TestEntry testId="e8ec249d-dc87-2471-df22-5e2bd5f5cfd6" executionId="1ce3636e-ee6c-4710-a809-8a5b2467f353" testListId="8c84fa94-04c1-424b-9868-57a2d4851a1d" />
    <TestEntry testId="2deffabc-0f2a-cf1f-0473-12f60ef9456b" executionId="e201f1ee-0729-4492-9122-44984ac9abbd" testListId="8c84fa94-04c1-424b-9868-57a2d4851a1d" />
    <TestEntry testId="dd50d1ab-aaa8-9c9d-a472-909eef6612ee" executionId="58a0bc14-2c3e-446f-bbc3-c3b8235b5c13" testListId="8c84fa94-04c1-424b-9868-57a2d4851a1d" />
    <TestEntry testId="49936fc4-4825-29e4-106c-2b5397c160c6" executionId="0f5be058-3ee0-466e-a4b0-84bf7d7acced" testListId="8c84fa94-04c1-424b-9868-57a2d4851a1d" />
    <TestEntry testId="bd59e0c8-65f6-24f7-250c-df15260ab31a" executionId="75ea0aac-2149-4d62-94e1-40a6e012026c" testListId="8c84fa94-04c1-424b-9868-57a2d4851a1d" />
    <TestEntry testId="3481e80b-1f65-cc03-2307-099b3c1f0f7c" executionId="efe2a9ad-646d-4f25-980d-56003758896c" testListId="8c84fa94-04c1-424b-9868-57a2d4851a1d" />
    <TestEntry testId="6b882545-0a6d-aed1-f25f-b5bd7a59a2f3" executionId="9c7dc9ba-9028-4ef7-ae96-0a6c9e722eb1" testListId="8c84fa94-04c1-424b-9868-57a2d4851a1d" />
    <TestEntry testId="bed34e53-72a5-3fd2-6674-42d2c22e4e8b" executionId="f5489eaa-d0c3-4123-8722-d896b158285b" testListId="8c84fa94-04c1-424b-9868-57a2d4851a1d" />
    <TestEntry testId="bd7fbd33-c44c-e435-efc2-06a8c4bb49ef" executionId="b7127bc4-dd8b-4987-808c-119a9aab087f" testListId="8c84fa94-04c1-424b-9868-57a2d4851a1d" />
    <TestEntry testId="dbff4c7a-b8c7-3550-f81a-813f19773541" executionId="46496f48-e819-4b0d-8d0a-771f751b6f7b" testListId="8c84fa94-04c1-424b-9868-57a2d4851a1d" />
    <TestEntry testId="f681d49e-3f25-06a7-6205-1c8f2398b635" executionId="11bb73c2-31dc-4427-8037-2a922bce7124" testListId="8c84fa94-04c1-424b-9868-57a2d4851a1d" />
    <TestEntry testId="b2da1943-e11b-507a-dec5-c46cae39eb8d" executionId="10412612-f5a9-4f06-adf3-62a4fbe8ffeb" testListId="8c84fa94-04c1-424b-9868-57a2d4851a1d" />
    <TestEntry testId="df159263-51bd-d891-b020-758bba5e657f" executionId="a7e935e0-5379-4155-bbea-494290338b35" testListId="8c84fa94-04c1-424b-9868-57a2d4851a1d" />
    <TestEntry testId="14b6413c-e1eb-0334-1dc2-58a621540c17" executionId="b334282b-33c5-43ed-acee-2b6ca5d417fe" testListId="8c84fa94-04c1-424b-9868-57a2d4851a1d" />
    <TestEntry testId="e4ef8062-0dbe-6974-71e4-0c8dfc386479" executionId="07bae917-a7fc-4364-a364-4071ff4fc3ca" testListId="8c84fa94-04c1-424b-9868-57a2d4851a1d" />
    <TestEntry testId="7bbc11f3-00e0-acc2-4df2-e8e0d97bb209" executionId="fbcd911e-c189-43cf-a4b7-1788a37e279e" testListId="8c84fa94-04c1-424b-9868-57a2d4851a1d" />
    <TestEntry testId="16241dba-eaf4-0213-d6e5-c7da05851618" executionId="76e615ea-40f8-4468-9df4-1d3bbcc41c73" testListId="8c84fa94-04c1-424b-9868-57a2d4851a1d" />
    <TestEntry testId="9d68ecd9-7bbb-710d-bc5c-7fb6bcf70625" executionId="0b7ff0a2-264d-4f53-9379-20ba131a9780" testListId="8c84fa94-04c1-424b-9868-57a2d4851a1d" />
    <TestEntry testId="a34cc59c-504f-45fa-746c-15b1a11e5627" executionId="36f24a70-d0fe-4e69-95bd-07515624e525" testListId="8c84fa94-04c1-424b-9868-57a2d4851a1d" />
    <TestEntry testId="098b15f3-4cbc-4c40-9ad2-8835c9d6e501" executionId="cc961740-c0f8-4df3-8e24-1f9dc5c32525" testListId="8c84fa94-04c1-424b-9868-57a2d4851a1d" />
    <TestEntry testId="11a672c1-3304-329d-6cef-40a099ed2b03" executionId="ff205906-c339-4671-8e3c-ea8e634848f6" testListId="8c84fa94-04c1-424b-9868-57a2d4851a1d" />
    <TestEntry testId="c86af186-3a97-3d11-9fd7-06dc90451dd3" executionId="833ea623-b7eb-4d47-bb1f-6c775cdb5a78" testListId="8c84fa94-04c1-424b-9868-57a2d4851a1d" />
    <TestEntry testId="d6c3c325-4119-8dd1-476b-5d0386c6cccf" executionId="657dda90-ef3e-4a7c-bfce-fde7fd20ad13" testListId="8c84fa94-04c1-424b-9868-57a2d4851a1d" />
    <TestEntry testId="105843c0-8d25-e16e-687e-24c0c02b7966" executionId="d88a63f2-32b2-44d7-af0d-8632ff01c044" testListId="8c84fa94-04c1-424b-9868-57a2d4851a1d" />
    <TestEntry testId="39dfd282-5fe4-ceef-3391-cce4f58db31f" executionId="791d47f0-b225-4086-ae78-497113e0e815" testListId="8c84fa94-04c1-424b-9868-57a2d4851a1d" />
    <TestEntry testId="57a7a709-5f41-6a40-bb89-55bb8181b369" executionId="c5860010-170f-4471-bb94-956db9068062" testListId="8c84fa94-04c1-424b-9868-57a2d4851a1d" />
    <TestEntry testId="df88d8b1-a81b-086c-6c41-e23fcac9c165" executionId="265b51ac-cbc0-4b50-8249-b877947a8ee5" testListId="8c84fa94-04c1-424b-9868-57a2d4851a1d" />
    <TestEntry testId="5c211a1b-af5c-0baa-3971-de7e6e4f1565" executionId="3d34485d-116d-4d38-8301-b0915d8562b2" testListId="8c84fa94-04c1-424b-9868-57a2d4851a1d" />
    <TestEntry testId="7437cae0-313c-688c-b0a7-4e994a4fbb85" executionId="10a34635-0e88-4dd3-a966-e6401a94ab07" testListId="8c84fa94-04c1-424b-9868-57a2d4851a1d" />
    <TestEntry testId="f92e77b4-ee0e-9f1a-2342-b94f560f0dac" executionId="ba934b8f-26d9-4881-9c45-431759125cdf" testListId="8c84fa94-04c1-424b-9868-57a2d4851a1d" />
    <TestEntry testId="e881bc04-2bbf-5c16-1290-362a120099d0" executionId="f7398006-bcc3-4b54-87e6-82b678a32b12" testListId="8c84fa94-04c1-424b-9868-57a2d4851a1d" />
    <TestEntry testId="4e688b3a-c6fa-9e06-b2ea-25f4e79d1af0" executionId="4bb7e498-bb47-4207-9b1e-40c56464db3e" testListId="8c84fa94-04c1-424b-9868-57a2d4851a1d" />
    <TestEntry testId="50f24cab-68bb-0a36-1c30-0ae9a001fb12" executionId="2b005ead-ed2d-464b-b062-d53c6a1a7400" testListId="8c84fa94-04c1-424b-9868-57a2d4851a1d" />
    <TestEntry testId="54aad836-ba4f-5dbf-bad2-7c309c3d8a21" executionId="68ebca5d-21c5-4cdc-ae09-9464a61c6569" testListId="8c84fa94-04c1-424b-9868-57a2d4851a1d" />
    <TestEntry testId="3f13a7b6-337e-e068-e2f4-569bb1afc599" executionId="8071d9f7-c2e8-439d-b34a-c1309765a537" testListId="8c84fa94-04c1-424b-9868-57a2d4851a1d" />
    <TestEntry testId="7b7495d8-e0d9-d205-be09-e167ea98fa50" executionId="9a75cde7-2141-4e1f-9fb8-1fa80f149b33" testListId="8c84fa94-04c1-424b-9868-57a2d4851a1d" />
    <TestEntry testId="c503249d-5537-fc1c-c402-620be402a09c" executionId="eee1d50b-64c5-4b6d-bf57-70c346386a45" testListId="8c84fa94-04c1-424b-9868-57a2d4851a1d" />
    <TestEntry testId="4d8283f4-8639-27d1-44ac-751f4d8f3078" executionId="179aaf03-b6c8-4ffb-a6d2-74981bf1bde8" testListId="8c84fa94-04c1-424b-9868-57a2d4851a1d" />
    <TestEntry testId="f4fbfb1c-5ed6-31b9-32df-2fb927eec7fc" executionId="87ef3b32-68e3-47f4-8805-193b90896042" testListId="8c84fa94-04c1-424b-9868-57a2d4851a1d" />
    <TestEntry testId="e4949cfa-e33d-2fd1-5bcc-b5f6b9db1ce9" executionId="4dccb779-e7c1-44a1-a756-9a8c64c6dc2a" testListId="8c84fa94-04c1-424b-9868-57a2d4851a1d" />
    <TestEntry testId="1f8d595f-ee42-36d5-5d96-e0c86c183647" executionId="3cab092f-2c3d-4871-97df-a99bd473badc" testListId="8c84fa94-04c1-424b-9868-57a2d4851a1d" />
    <TestEntry testId="db495440-895e-2929-0413-74f28674d8ff" executionId="43ba6667-3465-4830-96d3-1f13ea1a7eea" testListId="8c84fa94-04c1-424b-9868-57a2d4851a1d" />
    <TestEntry testId="ffdd3661-fbf5-5fd8-8d4d-955844eb2b7f" executionId="30e6ff8e-ad64-428b-9682-30fb3708ee7c" testListId="8c84fa94-04c1-424b-9868-57a2d4851a1d" />
    <TestEntry testId="7d18c862-cf05-abcb-0928-990c2f1e2fc6" executionId="16331ac7-d17b-4afb-80a8-f6a04d968d39" testListId="8c84fa94-04c1-424b-9868-57a2d4851a1d" />
    <TestEntry testId="62fa0a1d-6958-0f90-dafb-2a7a7f5c8b77" executionId="381447cd-fd6f-4920-a2b9-889496c97ef4" testListId="8c84fa94-04c1-424b-9868-57a2d4851a1d" />
    <TestEntry testId="fcc50950-38b5-c695-4000-d6bf47ed8831" executionId="0e869fce-b7a5-4114-8955-8abd80cde801" testListId="8c84fa94-04c1-424b-9868-57a2d4851a1d" />
    <TestEntry testId="0d7388ec-535d-bdbd-7333-2708e1a2ca4e" executionId="375e5cd1-a150-4f61-9d25-b755c60aedcb" testListId="8c84fa94-04c1-424b-9868-57a2d4851a1d" />
    <TestEntry testId="b34056e1-a0f1-b9c6-4cf9-a385bfe323c6" executionId="7cf9f495-e4f9-4f1a-aa01-89ae3f4c484b" testListId="8c84fa94-04c1-424b-9868-57a2d4851a1d" />
    <TestEntry testId="82b6aab1-e835-8e28-1aa8-e6764ddd6ce8" executionId="3d95cda4-fe01-45e3-8edf-db3c688a008b" testListId="8c84fa94-04c1-424b-9868-57a2d4851a1d" />
    <TestEntry testId="3c6ff78b-37a5-1893-6545-c9982c97f098" executionId="d251b265-60ee-415d-9fc3-ccaada9bb70c" testListId="8c84fa94-04c1-424b-9868-57a2d4851a1d" />
    <TestEntry testId="4b89d93e-7058-25e8-68ff-2910059c6bc1" executionId="6164905b-1e58-44ff-8e3d-bf77ae294c86" testListId="8c84fa94-04c1-424b-9868-57a2d4851a1d" />
    <TestEntry testId="74f87d91-26ae-d1ee-e1f8-2525d41bbd83" executionId="43e4483a-0b8a-47ab-b22a-1c61fa7c8721" testListId="8c84fa94-04c1-424b-9868-57a2d4851a1d" />
    <TestEntry testId="db3b74da-9390-9353-7e36-7ce7be8597b2" executionId="bb903b68-ecd0-496b-92be-62b105f40b82" testListId="8c84fa94-04c1-424b-9868-57a2d4851a1d" />
    <TestEntry testId="7afb5e69-89d1-7f64-d310-d8ca755d44a5" executionId="1e132b14-20ab-4da1-90de-15bc19c6e407" testListId="8c84fa94-04c1-424b-9868-57a2d4851a1d" />
    <TestEntry testId="467648af-fb2a-b6b9-e76e-8f94779eb7f6" executionId="83525f86-757d-49f6-be45-4f97ec442d86" testListId="8c84fa94-04c1-424b-9868-57a2d4851a1d" />
    <TestEntry testId="81f4be93-f58a-fe7a-4fed-525380a4a47a" executionId="cae67bf4-e4d3-422f-91c7-49d195cdc612" testListId="8c84fa94-04c1-424b-9868-57a2d4851a1d" />
    <TestEntry testId="abaeb843-e95d-5629-dacd-9477aefd8dd6" executionId="37d6ea8b-bd73-40dc-ae7a-8e9f861bd171" testListId="8c84fa94-04c1-424b-9868-57a2d4851a1d" />
    <TestEntry testId="f17c6f13-62c6-75d6-4586-0ee5d254add5" executionId="fe6abea9-c2cf-4518-9775-9dafb9e51c8b" testListId="8c84fa94-04c1-424b-9868-57a2d4851a1d" />
    <TestEntry testId="305d4b60-f535-6695-064c-c7ca50f6aff3" executionId="3c092c84-e275-48f0-aef2-e42b9da2c415" testListId="8c84fa94-04c1-424b-9868-57a2d4851a1d" />
    <TestEntry testId="fbdaa9da-fa50-bdbe-26ce-99c244b40305" executionId="50b155c4-3ba1-45c4-997d-37572f8358d2" testListId="8c84fa94-04c1-424b-9868-57a2d4851a1d" />
    <TestEntry testId="9847e038-8e7e-bbcd-0cca-216082d13779" executionId="278f3656-6518-4341-84a9-4d15a6fb9985" testListId="8c84fa94-04c1-424b-9868-57a2d4851a1d" />
    <TestEntry testId="ddf79c4c-8da7-56b7-7410-d2ba78b09801" executionId="3ec420b0-61aa-4a86-84b9-ed98aacd8e73" testListId="8c84fa94-04c1-424b-9868-57a2d4851a1d" />
    <TestEntry testId="a17b2044-60f5-4812-5bc4-2de8d6ca5463" executionId="a97918ab-4fe4-49b2-9111-5ffe9bb45e0a" testListId="8c84fa94-04c1-424b-9868-57a2d4851a1d" />
    <TestEntry testId="a8aeaf6c-55aa-4255-8afb-adec0e7c74a8" executionId="c5a83fe8-d415-4056-9d51-32634d825547" testListId="8c84fa94-04c1-424b-9868-57a2d4851a1d" />
    <TestEntry testId="e8533fcc-bc29-5fe3-a5ee-e79f5f2b1440" executionId="8eee0b7b-d5e7-4cf8-bf38-96a0b0d8437c" testListId="8c84fa94-04c1-424b-9868-57a2d4851a1d" />
    <TestEntry testId="742450a8-e573-0feb-532b-212dbe3a2108" executionId="d9537b4b-4dca-4145-8a64-a03e19a9b8bd" testListId="8c84fa94-04c1-424b-9868-57a2d4851a1d" />
    <TestEntry testId="1dfcddc7-2376-1f70-3151-1b7cb4b3c7c1" executionId="0509dc5a-6ac0-4107-ba18-254db6ae34d8" testListId="8c84fa94-04c1-424b-9868-57a2d4851a1d" />
    <TestEntry testId="7105bf79-1b8a-62bc-ff30-e967b860c8fb" executionId="9a1d5221-c05c-4057-8440-2ede82f66c26" testListId="8c84fa94-04c1-424b-9868-57a2d4851a1d" />
    <TestEntry testId="2821175c-220a-922a-c241-441509e8a4e0" executionId="cacd0f5f-3288-4375-834f-01381794204b" testListId="8c84fa94-04c1-424b-9868-57a2d4851a1d" />
    <TestEntry testId="39187814-7948-31bd-4290-daef6ab2e603" executionId="c3e15f7b-473f-4fa1-af5b-544eb4b36472" testListId="8c84fa94-04c1-424b-9868-57a2d4851a1d" />
    <TestEntry testId="9fb46542-0618-28a9-23e6-da1922161605" executionId="a6d10655-c0ce-4854-b4a9-71dcfad931c5" testListId="8c84fa94-04c1-424b-9868-57a2d4851a1d" />
    <TestEntry testId="d96c4133-05ac-c52a-39ad-da9730d7d1d4" executionId="0f775a1d-179d-4808-a175-10af2430b9d3" testListId="8c84fa94-04c1-424b-9868-57a2d4851a1d" />
    <TestEntry testId="eb0227c1-b25a-b6ec-c3b3-242fa974349b" executionId="be21d837-1b69-406a-b9ad-ab7248256421" testListId="8c84fa94-04c1-424b-9868-57a2d4851a1d" />
    <TestEntry testId="f037f0e5-645a-5ce7-bffe-ad45531b131d" executionId="6874fe8a-27ba-4175-b93b-ac3dfcbea98e" testListId="8c84fa94-04c1-424b-9868-57a2d4851a1d" />
    <TestEntry testId="efc2d993-18be-3c80-9e27-1d4e6cfd44ac" executionId="ade4ccd6-4051-4b2d-ad00-b7d769c0b9e3" testListId="8c84fa94-04c1-424b-9868-57a2d4851a1d" />
    <TestEntry testId="8cfb34fe-4adc-92b2-4e95-dd104149bccb" executionId="0b887c47-7b12-4e6a-a8db-05b3fd3aec36" testListId="8c84fa94-04c1-424b-9868-57a2d4851a1d" />
    <TestEntry testId="164b891a-cd2a-f888-7f37-eb0e28476c0f" executionId="681707c9-c31f-4dff-a5c8-49687804bf9c" testListId="8c84fa94-04c1-424b-9868-57a2d4851a1d" />
  </TestEntries>
  <TestLists>
    <TestList name="Results Not in a List" id="8c84fa94-04c1-424b-9868-57a2d4851a1d" />
    <TestList name="All Loaded Results" id="19431567-8539-422a-85d7-44ee4e166bda" />
  </TestLists>
  <ResultSummary outcome="Completed">
    <Counters total="231" executed="231" passed="231" failed="0" error="0" timeout="0" aborted="0" inconclusive="0" passedButRunAborted="0" notRunnable="0" notExecuted="0" disconnected="0" warning="0" completed="0" inProgress="0" pending="0" />
    <Output>
      <StdOut>[xUnit.net 00:00:00.00] xUnit.net VSTest Adapter v2.4.1 (64-bit .NET Core 4.6.27817.03)&#xD;
[xUnit.net 00:00:10.57]   Discovering: Nzr.ToolBox.Core.Tests&#xD;
[xUnit.net 00:00:10.75]   Discovered:  Nzr.ToolBox.Core.Tests&#xD;
[xUnit.net 00:00:10.76]   Starting:    Nzr.ToolBox.Core.Tests&#xD;
[xUnit.net 00:00:11.73]   Finished:    Nzr.ToolBox.Core.Tests&#xD;
</StdOut>
    </Output>
  </ResultSummary>
</TestRun>